[2025-09-16T14:07:48.857+0000] {processor.py:161} INFO - Started process (PID=120) to work on /opt/airflow/dags/hazardous_waste_etl_dag.py
[2025-09-16T14:07:48.860+0000] {processor.py:830} INFO - Processing file /opt/airflow/dags/hazardous_waste_etl_dag.py for tasks to queue
[2025-09-16T14:07:48.863+0000] {logging_mixin.py:188} INFO - [2025-09-16T14:07:48.863+0000] {dagbag.py:545} INFO - Filling up the DagBag from /opt/airflow/dags/hazardous_waste_etl_dag.py
[2025-09-16T14:07:51.750+0000] {processor.py:840} INFO - DAG(s) 'nakhonpathom_waste_csv_etl_dag' retrieved from /opt/airflow/dags/hazardous_waste_etl_dag.py
[2025-09-16T14:07:52.795+0000] {logging_mixin.py:188} INFO - [2025-09-16T14:07:52.793+0000] {override.py:1829} INFO - Created Permission View: can edit on DAG:nakhonpathom_waste_csv_etl_dag
[2025-09-16T14:07:52.816+0000] {logging_mixin.py:188} INFO - [2025-09-16T14:07:52.815+0000] {override.py:1829} INFO - Created Permission View: can read on DAG:nakhonpathom_waste_csv_etl_dag
[2025-09-16T14:07:52.826+0000] {logging_mixin.py:188} INFO - [2025-09-16T14:07:52.826+0000] {override.py:1829} INFO - Created Permission View: can delete on DAG:nakhonpathom_waste_csv_etl_dag
[2025-09-16T14:07:52.828+0000] {logging_mixin.py:188} INFO - [2025-09-16T14:07:52.827+0000] {dag.py:3096} INFO - Sync 1 DAGs
[2025-09-16T14:07:52.854+0000] {logging_mixin.py:188} INFO - [2025-09-16T14:07:52.853+0000] {dag.py:3118} INFO - Creating ORM DAG for nakhonpathom_waste_csv_etl_dag
[2025-09-16T14:07:52.857+0000] {logging_mixin.py:188} INFO - [2025-09-16T14:07:52.857+0000] {dag.py:3954} INFO - Setting next_dagrun for nakhonpathom_waste_csv_etl_dag to None, run_after=None
[2025-09-16T14:07:52.915+0000] {processor.py:183} INFO - Processing /opt/airflow/dags/hazardous_waste_etl_dag.py took 4.068 seconds
[2025-09-16T14:08:23.004+0000] {processor.py:161} INFO - Started process (PID=194) to work on /opt/airflow/dags/hazardous_waste_etl_dag.py
[2025-09-16T14:08:23.006+0000] {processor.py:830} INFO - Processing file /opt/airflow/dags/hazardous_waste_etl_dag.py for tasks to queue
[2025-09-16T14:08:23.009+0000] {logging_mixin.py:188} INFO - [2025-09-16T14:08:23.009+0000] {dagbag.py:545} INFO - Filling up the DagBag from /opt/airflow/dags/hazardous_waste_etl_dag.py
[2025-09-16T14:08:23.852+0000] {processor.py:840} INFO - DAG(s) 'nakhonpathom_waste_csv_etl_dag' retrieved from /opt/airflow/dags/hazardous_waste_etl_dag.py
[2025-09-16T14:08:23.883+0000] {logging_mixin.py:188} INFO - [2025-09-16T14:08:23.883+0000] {dag.py:3096} INFO - Sync 1 DAGs
[2025-09-16T14:08:23.899+0000] {logging_mixin.py:188} INFO - [2025-09-16T14:08:23.898+0000] {dag.py:3954} INFO - Setting next_dagrun for nakhonpathom_waste_csv_etl_dag to None, run_after=None
[2025-09-16T14:08:23.928+0000] {processor.py:183} INFO - Processing /opt/airflow/dags/hazardous_waste_etl_dag.py took 0.934 seconds
[2025-09-16T14:08:54.723+0000] {processor.py:161} INFO - Started process (PID=255) to work on /opt/airflow/dags/hazardous_waste_etl_dag.py
[2025-09-16T14:08:54.725+0000] {processor.py:830} INFO - Processing file /opt/airflow/dags/hazardous_waste_etl_dag.py for tasks to queue
[2025-09-16T14:08:54.728+0000] {logging_mixin.py:188} INFO - [2025-09-16T14:08:54.728+0000] {dagbag.py:545} INFO - Filling up the DagBag from /opt/airflow/dags/hazardous_waste_etl_dag.py
[2025-09-16T14:08:55.552+0000] {processor.py:840} INFO - DAG(s) 'nakhonpathom_waste_csv_etl_dag' retrieved from /opt/airflow/dags/hazardous_waste_etl_dag.py
[2025-09-16T14:08:55.580+0000] {logging_mixin.py:188} INFO - [2025-09-16T14:08:55.579+0000] {dag.py:3096} INFO - Sync 1 DAGs
[2025-09-16T14:08:55.595+0000] {logging_mixin.py:188} INFO - [2025-09-16T14:08:55.595+0000] {dag.py:3954} INFO - Setting next_dagrun for nakhonpathom_waste_csv_etl_dag to None, run_after=None
[2025-09-16T14:08:55.621+0000] {processor.py:183} INFO - Processing /opt/airflow/dags/hazardous_waste_etl_dag.py took 0.905 seconds
[2025-09-16T14:09:25.720+0000] {processor.py:161} INFO - Started process (PID=315) to work on /opt/airflow/dags/hazardous_waste_etl_dag.py
[2025-09-16T14:09:25.722+0000] {processor.py:830} INFO - Processing file /opt/airflow/dags/hazardous_waste_etl_dag.py for tasks to queue
[2025-09-16T14:09:25.725+0000] {logging_mixin.py:188} INFO - [2025-09-16T14:09:25.725+0000] {dagbag.py:545} INFO - Filling up the DagBag from /opt/airflow/dags/hazardous_waste_etl_dag.py
[2025-09-16T14:09:26.582+0000] {processor.py:840} INFO - DAG(s) 'nakhonpathom_waste_csv_etl_dag' retrieved from /opt/airflow/dags/hazardous_waste_etl_dag.py
[2025-09-16T14:09:26.633+0000] {logging_mixin.py:188} INFO - [2025-09-16T14:09:26.632+0000] {dag.py:3096} INFO - Sync 1 DAGs
[2025-09-16T14:09:26.664+0000] {logging_mixin.py:188} INFO - [2025-09-16T14:09:26.664+0000] {dag.py:3954} INFO - Setting next_dagrun for nakhonpathom_waste_csv_etl_dag to None, run_after=None
[2025-09-16T14:09:26.704+0000] {processor.py:183} INFO - Processing /opt/airflow/dags/hazardous_waste_etl_dag.py took 0.994 seconds
[2025-09-16T14:09:57.635+0000] {processor.py:161} INFO - Started process (PID=378) to work on /opt/airflow/dags/hazardous_waste_etl_dag.py
[2025-09-16T14:09:57.636+0000] {processor.py:830} INFO - Processing file /opt/airflow/dags/hazardous_waste_etl_dag.py for tasks to queue
[2025-09-16T14:09:57.639+0000] {logging_mixin.py:188} INFO - [2025-09-16T14:09:57.638+0000] {dagbag.py:545} INFO - Filling up the DagBag from /opt/airflow/dags/hazardous_waste_etl_dag.py
[2025-09-16T14:09:58.291+0000] {processor.py:840} INFO - DAG(s) 'nakhonpathom_waste_csv_etl_dag' retrieved from /opt/airflow/dags/hazardous_waste_etl_dag.py
[2025-09-16T14:09:58.332+0000] {logging_mixin.py:188} INFO - [2025-09-16T14:09:58.331+0000] {dag.py:3096} INFO - Sync 1 DAGs
[2025-09-16T14:09:58.356+0000] {logging_mixin.py:188} INFO - [2025-09-16T14:09:58.355+0000] {dag.py:3954} INFO - Setting next_dagrun for nakhonpathom_waste_csv_etl_dag to None, run_after=None
[2025-09-16T14:09:58.413+0000] {processor.py:183} INFO - Processing /opt/airflow/dags/hazardous_waste_etl_dag.py took 0.784 seconds
[2025-09-16T14:10:28.611+0000] {processor.py:161} INFO - Started process (PID=441) to work on /opt/airflow/dags/hazardous_waste_etl_dag.py
[2025-09-16T14:10:28.612+0000] {processor.py:830} INFO - Processing file /opt/airflow/dags/hazardous_waste_etl_dag.py for tasks to queue
[2025-09-16T14:10:28.616+0000] {logging_mixin.py:188} INFO - [2025-09-16T14:10:28.615+0000] {dagbag.py:545} INFO - Filling up the DagBag from /opt/airflow/dags/hazardous_waste_etl_dag.py
[2025-09-16T14:10:29.668+0000] {processor.py:840} INFO - DAG(s) 'nakhonpathom_waste_csv_etl_dag' retrieved from /opt/airflow/dags/hazardous_waste_etl_dag.py
[2025-09-16T14:10:29.703+0000] {logging_mixin.py:188} INFO - [2025-09-16T14:10:29.702+0000] {dag.py:3096} INFO - Sync 1 DAGs
[2025-09-16T14:10:29.724+0000] {logging_mixin.py:188} INFO - [2025-09-16T14:10:29.723+0000] {dag.py:3954} INFO - Setting next_dagrun for nakhonpathom_waste_csv_etl_dag to None, run_after=None
[2025-09-16T14:10:29.776+0000] {processor.py:183} INFO - Processing /opt/airflow/dags/hazardous_waste_etl_dag.py took 1.175 seconds
[2025-09-16T14:11:00.005+0000] {processor.py:161} INFO - Started process (PID=502) to work on /opt/airflow/dags/hazardous_waste_etl_dag.py
[2025-09-16T14:11:00.007+0000] {processor.py:830} INFO - Processing file /opt/airflow/dags/hazardous_waste_etl_dag.py for tasks to queue
[2025-09-16T14:11:00.010+0000] {logging_mixin.py:188} INFO - [2025-09-16T14:11:00.010+0000] {dagbag.py:545} INFO - Filling up the DagBag from /opt/airflow/dags/hazardous_waste_etl_dag.py
[2025-09-16T14:11:00.747+0000] {processor.py:840} INFO - DAG(s) 'nakhonpathom_waste_csv_etl_dag' retrieved from /opt/airflow/dags/hazardous_waste_etl_dag.py
[2025-09-16T14:11:00.773+0000] {logging_mixin.py:188} INFO - [2025-09-16T14:11:00.773+0000] {dag.py:3096} INFO - Sync 1 DAGs
[2025-09-16T14:11:00.789+0000] {logging_mixin.py:188} INFO - [2025-09-16T14:11:00.788+0000] {dag.py:3954} INFO - Setting next_dagrun for nakhonpathom_waste_csv_etl_dag to None, run_after=None
[2025-09-16T14:11:00.813+0000] {processor.py:183} INFO - Processing /opt/airflow/dags/hazardous_waste_etl_dag.py took 0.813 seconds
[2025-09-16T14:11:30.937+0000] {processor.py:161} INFO - Started process (PID=566) to work on /opt/airflow/dags/hazardous_waste_etl_dag.py
[2025-09-16T14:11:30.939+0000] {processor.py:830} INFO - Processing file /opt/airflow/dags/hazardous_waste_etl_dag.py for tasks to queue
[2025-09-16T14:11:30.942+0000] {logging_mixin.py:188} INFO - [2025-09-16T14:11:30.941+0000] {dagbag.py:545} INFO - Filling up the DagBag from /opt/airflow/dags/hazardous_waste_etl_dag.py
[2025-09-16T14:11:31.586+0000] {processor.py:840} INFO - DAG(s) 'nakhonpathom_waste_csv_etl_dag' retrieved from /opt/airflow/dags/hazardous_waste_etl_dag.py
[2025-09-16T14:11:31.611+0000] {logging_mixin.py:188} INFO - [2025-09-16T14:11:31.610+0000] {dag.py:3096} INFO - Sync 1 DAGs
[2025-09-16T14:11:31.624+0000] {logging_mixin.py:188} INFO - [2025-09-16T14:11:31.624+0000] {dag.py:3954} INFO - Setting next_dagrun for nakhonpathom_waste_csv_etl_dag to None, run_after=None
[2025-09-16T14:11:31.650+0000] {processor.py:183} INFO - Processing /opt/airflow/dags/hazardous_waste_etl_dag.py took 0.723 seconds
[2025-09-16T14:12:02.208+0000] {processor.py:161} INFO - Started process (PID=629) to work on /opt/airflow/dags/hazardous_waste_etl_dag.py
[2025-09-16T14:12:02.210+0000] {processor.py:830} INFO - Processing file /opt/airflow/dags/hazardous_waste_etl_dag.py for tasks to queue
[2025-09-16T14:12:02.213+0000] {logging_mixin.py:188} INFO - [2025-09-16T14:12:02.212+0000] {dagbag.py:545} INFO - Filling up the DagBag from /opt/airflow/dags/hazardous_waste_etl_dag.py
[2025-09-16T14:12:03.314+0000] {processor.py:840} INFO - DAG(s) 'nakhonpathom_waste_csv_etl_dag' retrieved from /opt/airflow/dags/hazardous_waste_etl_dag.py
[2025-09-16T14:12:03.356+0000] {logging_mixin.py:188} INFO - [2025-09-16T14:12:03.355+0000] {dag.py:3096} INFO - Sync 1 DAGs
[2025-09-16T14:12:03.377+0000] {logging_mixin.py:188} INFO - [2025-09-16T14:12:03.377+0000] {dag.py:3954} INFO - Setting next_dagrun for nakhonpathom_waste_csv_etl_dag to None, run_after=None
[2025-09-16T14:12:03.409+0000] {processor.py:183} INFO - Processing /opt/airflow/dags/hazardous_waste_etl_dag.py took 1.212 seconds
[2025-09-16T14:12:33.708+0000] {processor.py:161} INFO - Started process (PID=689) to work on /opt/airflow/dags/hazardous_waste_etl_dag.py
[2025-09-16T14:12:33.710+0000] {processor.py:830} INFO - Processing file /opt/airflow/dags/hazardous_waste_etl_dag.py for tasks to queue
[2025-09-16T14:12:33.712+0000] {logging_mixin.py:188} INFO - [2025-09-16T14:12:33.712+0000] {dagbag.py:545} INFO - Filling up the DagBag from /opt/airflow/dags/hazardous_waste_etl_dag.py
[2025-09-16T14:12:34.307+0000] {processor.py:840} INFO - DAG(s) 'nakhonpathom_waste_csv_etl_dag' retrieved from /opt/airflow/dags/hazardous_waste_etl_dag.py
[2025-09-16T14:12:34.338+0000] {logging_mixin.py:188} INFO - [2025-09-16T14:12:34.337+0000] {dag.py:3096} INFO - Sync 1 DAGs
[2025-09-16T14:12:34.352+0000] {logging_mixin.py:188} INFO - [2025-09-16T14:12:34.352+0000] {dag.py:3954} INFO - Setting next_dagrun for nakhonpathom_waste_csv_etl_dag to None, run_after=None
[2025-09-16T14:12:34.381+0000] {processor.py:183} INFO - Processing /opt/airflow/dags/hazardous_waste_etl_dag.py took 0.679 seconds
[2025-09-16T14:13:04.578+0000] {processor.py:161} INFO - Started process (PID=752) to work on /opt/airflow/dags/hazardous_waste_etl_dag.py
[2025-09-16T14:13:04.579+0000] {processor.py:830} INFO - Processing file /opt/airflow/dags/hazardous_waste_etl_dag.py for tasks to queue
[2025-09-16T14:13:04.583+0000] {logging_mixin.py:188} INFO - [2025-09-16T14:13:04.582+0000] {dagbag.py:545} INFO - Filling up the DagBag from /opt/airflow/dags/hazardous_waste_etl_dag.py
[2025-09-16T14:13:05.237+0000] {processor.py:840} INFO - DAG(s) 'nakhonpathom_waste_csv_etl_dag' retrieved from /opt/airflow/dags/hazardous_waste_etl_dag.py
[2025-09-16T14:13:05.265+0000] {logging_mixin.py:188} INFO - [2025-09-16T14:13:05.264+0000] {dag.py:3096} INFO - Sync 1 DAGs
[2025-09-16T14:13:05.278+0000] {logging_mixin.py:188} INFO - [2025-09-16T14:13:05.278+0000] {dag.py:3954} INFO - Setting next_dagrun for nakhonpathom_waste_csv_etl_dag to None, run_after=None
[2025-09-16T14:13:05.315+0000] {processor.py:183} INFO - Processing /opt/airflow/dags/hazardous_waste_etl_dag.py took 0.745 seconds
[2025-09-16T14:13:35.681+0000] {processor.py:161} INFO - Started process (PID=815) to work on /opt/airflow/dags/hazardous_waste_etl_dag.py
[2025-09-16T14:13:35.683+0000] {processor.py:830} INFO - Processing file /opt/airflow/dags/hazardous_waste_etl_dag.py for tasks to queue
[2025-09-16T14:13:35.689+0000] {logging_mixin.py:188} INFO - [2025-09-16T14:13:35.687+0000] {dagbag.py:545} INFO - Filling up the DagBag from /opt/airflow/dags/hazardous_waste_etl_dag.py
[2025-09-16T14:13:36.462+0000] {processor.py:840} INFO - DAG(s) 'nakhonpathom_waste_csv_etl_dag' retrieved from /opt/airflow/dags/hazardous_waste_etl_dag.py
[2025-09-16T14:13:36.539+0000] {logging_mixin.py:188} INFO - [2025-09-16T14:13:36.537+0000] {dag.py:3096} INFO - Sync 1 DAGs
[2025-09-16T14:13:36.592+0000] {logging_mixin.py:188} INFO - [2025-09-16T14:13:36.592+0000] {dag.py:3954} INFO - Setting next_dagrun for nakhonpathom_waste_csv_etl_dag to None, run_after=None
[2025-09-16T14:13:36.652+0000] {processor.py:183} INFO - Processing /opt/airflow/dags/hazardous_waste_etl_dag.py took 0.981 seconds
[2025-09-16T14:13:50.373+0000] {processor.py:161} INFO - Started process (PID=846) to work on /opt/airflow/dags/hazardous_waste_etl_dag.py
[2025-09-16T14:13:50.375+0000] {processor.py:830} INFO - Processing file /opt/airflow/dags/hazardous_waste_etl_dag.py for tasks to queue
[2025-09-16T14:13:50.381+0000] {logging_mixin.py:188} INFO - [2025-09-16T14:13:50.380+0000] {dagbag.py:545} INFO - Filling up the DagBag from /opt/airflow/dags/hazardous_waste_etl_dag.py
[2025-09-16T14:13:51.128+0000] {processor.py:840} INFO - DAG(s) 'nakhonpathom_waste_csv_etl_dag' retrieved from /opt/airflow/dags/hazardous_waste_etl_dag.py
[2025-09-16T14:13:51.261+0000] {logging_mixin.py:188} INFO - [2025-09-16T14:13:51.260+0000] {dag.py:3096} INFO - Sync 1 DAGs
[2025-09-16T14:13:51.276+0000] {logging_mixin.py:188} INFO - [2025-09-16T14:13:51.276+0000] {dag.py:3954} INFO - Setting next_dagrun for nakhonpathom_waste_csv_etl_dag to None, run_after=None
[2025-09-16T14:13:51.330+0000] {processor.py:183} INFO - Processing /opt/airflow/dags/hazardous_waste_etl_dag.py took 0.974 seconds
[2025-09-16T14:13:54.446+0000] {processor.py:161} INFO - Started process (PID=848) to work on /opt/airflow/dags/hazardous_waste_etl_dag.py
[2025-09-16T14:13:54.448+0000] {processor.py:830} INFO - Processing file /opt/airflow/dags/hazardous_waste_etl_dag.py for tasks to queue
[2025-09-16T14:13:54.450+0000] {logging_mixin.py:188} INFO - [2025-09-16T14:13:54.450+0000] {dagbag.py:545} INFO - Filling up the DagBag from /opt/airflow/dags/hazardous_waste_etl_dag.py
[2025-09-16T14:13:55.182+0000] {processor.py:840} INFO - DAG(s) 'nakhonpathom_waste_csv_etl_dag' retrieved from /opt/airflow/dags/hazardous_waste_etl_dag.py
[2025-09-16T14:13:55.199+0000] {logging_mixin.py:188} INFO - [2025-09-16T14:13:55.198+0000] {dag.py:3096} INFO - Sync 1 DAGs
[2025-09-16T14:13:55.217+0000] {logging_mixin.py:188} INFO - [2025-09-16T14:13:55.216+0000] {dag.py:3954} INFO - Setting next_dagrun for nakhonpathom_waste_csv_etl_dag to None, run_after=None
[2025-09-16T14:13:55.262+0000] {processor.py:183} INFO - Processing /opt/airflow/dags/hazardous_waste_etl_dag.py took 0.823 seconds
[2025-09-16T14:13:56.521+0000] {processor.py:161} INFO - Started process (PID=852) to work on /opt/airflow/dags/hazardous_waste_etl_dag.py
[2025-09-16T14:13:56.523+0000] {processor.py:830} INFO - Processing file /opt/airflow/dags/hazardous_waste_etl_dag.py for tasks to queue
[2025-09-16T14:13:56.526+0000] {logging_mixin.py:188} INFO - [2025-09-16T14:13:56.525+0000] {dagbag.py:545} INFO - Filling up the DagBag from /opt/airflow/dags/hazardous_waste_etl_dag.py
[2025-09-16T14:13:57.274+0000] {processor.py:840} INFO - DAG(s) 'nakhonpathom_waste_csv_etl_dag' retrieved from /opt/airflow/dags/hazardous_waste_etl_dag.py
[2025-09-16T14:13:57.291+0000] {logging_mixin.py:188} INFO - [2025-09-16T14:13:57.290+0000] {dag.py:3096} INFO - Sync 1 DAGs
[2025-09-16T14:13:57.309+0000] {logging_mixin.py:188} INFO - [2025-09-16T14:13:57.308+0000] {dag.py:3954} INFO - Setting next_dagrun for nakhonpathom_waste_csv_etl_dag to None, run_after=None
[2025-09-16T14:13:57.355+0000] {processor.py:183} INFO - Processing /opt/airflow/dags/hazardous_waste_etl_dag.py took 0.841 seconds
[2025-09-16T14:14:08.971+0000] {processor.py:161} INFO - Started process (PID=884) to work on /opt/airflow/dags/hazardous_waste_etl_dag.py
[2025-09-16T14:14:08.973+0000] {processor.py:830} INFO - Processing file /opt/airflow/dags/hazardous_waste_etl_dag.py for tasks to queue
[2025-09-16T14:14:08.976+0000] {logging_mixin.py:188} INFO - [2025-09-16T14:14:08.976+0000] {dagbag.py:545} INFO - Filling up the DagBag from /opt/airflow/dags/hazardous_waste_etl_dag.py
[2025-09-16T14:14:09.651+0000] {processor.py:840} INFO - DAG(s) 'nakhonpathom_waste_csv_etl_dag' retrieved from /opt/airflow/dags/hazardous_waste_etl_dag.py
[2025-09-16T14:14:09.667+0000] {logging_mixin.py:188} INFO - [2025-09-16T14:14:09.666+0000] {dag.py:3096} INFO - Sync 1 DAGs
[2025-09-16T14:14:09.681+0000] {logging_mixin.py:188} INFO - [2025-09-16T14:14:09.681+0000] {dag.py:3954} INFO - Setting next_dagrun for nakhonpathom_waste_csv_etl_dag to None, run_after=None
[2025-09-16T14:14:09.746+0000] {processor.py:183} INFO - Processing /opt/airflow/dags/hazardous_waste_etl_dag.py took 0.785 seconds
[2025-09-16T14:14:13.074+0000] {processor.py:161} INFO - Started process (PID=904) to work on /opt/airflow/dags/hazardous_waste_etl_dag.py
[2025-09-16T14:14:13.076+0000] {processor.py:830} INFO - Processing file /opt/airflow/dags/hazardous_waste_etl_dag.py for tasks to queue
[2025-09-16T14:14:13.080+0000] {logging_mixin.py:188} INFO - [2025-09-16T14:14:13.079+0000] {dagbag.py:545} INFO - Filling up the DagBag from /opt/airflow/dags/hazardous_waste_etl_dag.py
[2025-09-16T14:14:13.844+0000] {processor.py:840} INFO - DAG(s) 'nakhonpathom_waste_csv_etl_dag' retrieved from /opt/airflow/dags/hazardous_waste_etl_dag.py
[2025-09-16T14:14:13.880+0000] {logging_mixin.py:188} INFO - [2025-09-16T14:14:13.879+0000] {dag.py:3096} INFO - Sync 1 DAGs
[2025-09-16T14:14:13.923+0000] {logging_mixin.py:188} INFO - [2025-09-16T14:14:13.923+0000] {dag.py:3954} INFO - Setting next_dagrun for nakhonpathom_waste_csv_etl_dag to None, run_after=None
[2025-09-16T14:14:14.012+0000] {processor.py:183} INFO - Processing /opt/airflow/dags/hazardous_waste_etl_dag.py took 0.947 seconds
[2025-09-16T14:14:25.917+0000] {processor.py:161} INFO - Started process (PID=914) to work on /opt/airflow/dags/hazardous_waste_etl_dag.py
[2025-09-16T14:14:25.919+0000] {processor.py:830} INFO - Processing file /opt/airflow/dags/hazardous_waste_etl_dag.py for tasks to queue
[2025-09-16T14:14:25.923+0000] {logging_mixin.py:188} INFO - [2025-09-16T14:14:25.922+0000] {dagbag.py:545} INFO - Filling up the DagBag from /opt/airflow/dags/hazardous_waste_etl_dag.py
[2025-09-16T14:14:26.682+0000] {processor.py:840} INFO - DAG(s) 'nakhonpathom_waste_csv_etl_dag' retrieved from /opt/airflow/dags/hazardous_waste_etl_dag.py
[2025-09-16T14:14:26.822+0000] {logging_mixin.py:188} INFO - [2025-09-16T14:14:26.821+0000] {dag.py:3096} INFO - Sync 1 DAGs
[2025-09-16T14:14:26.837+0000] {logging_mixin.py:188} INFO - [2025-09-16T14:14:26.837+0000] {dag.py:3954} INFO - Setting next_dagrun for nakhonpathom_waste_csv_etl_dag to None, run_after=None
[2025-09-16T14:14:26.878+0000] {processor.py:183} INFO - Processing /opt/airflow/dags/hazardous_waste_etl_dag.py took 0.972 seconds
[2025-09-16T14:14:57.481+0000] {processor.py:161} INFO - Started process (PID=976) to work on /opt/airflow/dags/hazardous_waste_etl_dag.py
[2025-09-16T14:14:57.483+0000] {processor.py:830} INFO - Processing file /opt/airflow/dags/hazardous_waste_etl_dag.py for tasks to queue
[2025-09-16T14:14:57.486+0000] {logging_mixin.py:188} INFO - [2025-09-16T14:14:57.485+0000] {dagbag.py:545} INFO - Filling up the DagBag from /opt/airflow/dags/hazardous_waste_etl_dag.py
[2025-09-16T14:14:58.120+0000] {processor.py:840} INFO - DAG(s) 'nakhonpathom_waste_csv_etl_dag' retrieved from /opt/airflow/dags/hazardous_waste_etl_dag.py
[2025-09-16T14:14:58.151+0000] {logging_mixin.py:188} INFO - [2025-09-16T14:14:58.150+0000] {dag.py:3096} INFO - Sync 1 DAGs
[2025-09-16T14:14:58.168+0000] {logging_mixin.py:188} INFO - [2025-09-16T14:14:58.168+0000] {dag.py:3954} INFO - Setting next_dagrun for nakhonpathom_waste_csv_etl_dag to None, run_after=None
[2025-09-16T14:14:58.210+0000] {processor.py:183} INFO - Processing /opt/airflow/dags/hazardous_waste_etl_dag.py took 0.737 seconds
[2025-09-16T14:16:39.470+0000] {processor.py:161} INFO - Started process (PID=79) to work on /opt/airflow/dags/hazardous_waste_etl_dag.py
[2025-09-16T14:16:39.476+0000] {processor.py:830} INFO - Processing file /opt/airflow/dags/hazardous_waste_etl_dag.py for tasks to queue
[2025-09-16T14:16:39.487+0000] {logging_mixin.py:188} INFO - [2025-09-16T14:16:39.485+0000] {dagbag.py:545} INFO - Filling up the DagBag from /opt/airflow/dags/hazardous_waste_etl_dag.py
[2025-09-16T14:16:41.950+0000] {processor.py:840} INFO - DAG(s) 'nakhonpathom_waste_csv_etl_dag' retrieved from /opt/airflow/dags/hazardous_waste_etl_dag.py
[2025-09-16T14:16:42.391+0000] {logging_mixin.py:188} INFO - [2025-09-16T14:16:42.390+0000] {dag.py:3096} INFO - Sync 1 DAGs
[2025-09-16T14:16:42.411+0000] {logging_mixin.py:188} INFO - [2025-09-16T14:16:42.411+0000] {dag.py:3954} INFO - Setting next_dagrun for nakhonpathom_waste_csv_etl_dag to None, run_after=None
[2025-09-16T14:16:42.450+0000] {processor.py:183} INFO - Processing /opt/airflow/dags/hazardous_waste_etl_dag.py took 2.999 seconds
[2025-09-16T14:17:12.686+0000] {processor.py:161} INFO - Started process (PID=144) to work on /opt/airflow/dags/hazardous_waste_etl_dag.py
[2025-09-16T14:17:12.689+0000] {processor.py:830} INFO - Processing file /opt/airflow/dags/hazardous_waste_etl_dag.py for tasks to queue
[2025-09-16T14:17:12.692+0000] {logging_mixin.py:188} INFO - [2025-09-16T14:17:12.691+0000] {dagbag.py:545} INFO - Filling up the DagBag from /opt/airflow/dags/hazardous_waste_etl_dag.py
[2025-09-16T14:17:13.443+0000] {processor.py:840} INFO - DAG(s) 'nakhonpathom_waste_csv_etl_dag' retrieved from /opt/airflow/dags/hazardous_waste_etl_dag.py
[2025-09-16T14:17:13.481+0000] {logging_mixin.py:188} INFO - [2025-09-16T14:17:13.480+0000] {dag.py:3096} INFO - Sync 1 DAGs
[2025-09-16T14:17:13.500+0000] {logging_mixin.py:188} INFO - [2025-09-16T14:17:13.500+0000] {dag.py:3954} INFO - Setting next_dagrun for nakhonpathom_waste_csv_etl_dag to None, run_after=None
[2025-09-16T14:17:13.527+0000] {processor.py:183} INFO - Processing /opt/airflow/dags/hazardous_waste_etl_dag.py took 0.849 seconds
[2025-09-16T14:17:43.932+0000] {processor.py:161} INFO - Started process (PID=204) to work on /opt/airflow/dags/hazardous_waste_etl_dag.py
[2025-09-16T14:17:43.937+0000] {processor.py:830} INFO - Processing file /opt/airflow/dags/hazardous_waste_etl_dag.py for tasks to queue
[2025-09-16T14:17:43.949+0000] {logging_mixin.py:188} INFO - [2025-09-16T14:17:43.948+0000] {dagbag.py:545} INFO - Filling up the DagBag from /opt/airflow/dags/hazardous_waste_etl_dag.py
[2025-09-16T14:17:45.638+0000] {processor.py:840} INFO - DAG(s) 'nakhonpathom_waste_csv_etl_dag' retrieved from /opt/airflow/dags/hazardous_waste_etl_dag.py
[2025-09-16T14:17:45.720+0000] {logging_mixin.py:188} INFO - [2025-09-16T14:17:45.719+0000] {dag.py:3096} INFO - Sync 1 DAGs
[2025-09-16T14:17:45.746+0000] {logging_mixin.py:188} INFO - [2025-09-16T14:17:45.745+0000] {dag.py:3954} INFO - Setting next_dagrun for nakhonpathom_waste_csv_etl_dag to None, run_after=None
[2025-09-16T14:17:45.786+0000] {processor.py:183} INFO - Processing /opt/airflow/dags/hazardous_waste_etl_dag.py took 1.896 seconds
[2025-09-16T14:18:15.914+0000] {processor.py:161} INFO - Started process (PID=267) to work on /opt/airflow/dags/hazardous_waste_etl_dag.py
[2025-09-16T14:18:15.915+0000] {processor.py:830} INFO - Processing file /opt/airflow/dags/hazardous_waste_etl_dag.py for tasks to queue
[2025-09-16T14:18:15.918+0000] {logging_mixin.py:188} INFO - [2025-09-16T14:18:15.918+0000] {dagbag.py:545} INFO - Filling up the DagBag from /opt/airflow/dags/hazardous_waste_etl_dag.py
[2025-09-16T14:18:16.563+0000] {processor.py:840} INFO - DAG(s) 'nakhonpathom_waste_csv_etl_dag' retrieved from /opt/airflow/dags/hazardous_waste_etl_dag.py
[2025-09-16T14:18:16.599+0000] {logging_mixin.py:188} INFO - [2025-09-16T14:18:16.598+0000] {dag.py:3096} INFO - Sync 1 DAGs
[2025-09-16T14:18:16.616+0000] {logging_mixin.py:188} INFO - [2025-09-16T14:18:16.616+0000] {dag.py:3954} INFO - Setting next_dagrun for nakhonpathom_waste_csv_etl_dag to None, run_after=None
[2025-09-16T14:18:16.646+0000] {processor.py:183} INFO - Processing /opt/airflow/dags/hazardous_waste_etl_dag.py took 0.740 seconds
[2025-09-16T14:18:47.220+0000] {processor.py:161} INFO - Started process (PID=327) to work on /opt/airflow/dags/hazardous_waste_etl_dag.py
[2025-09-16T14:18:47.222+0000] {processor.py:830} INFO - Processing file /opt/airflow/dags/hazardous_waste_etl_dag.py for tasks to queue
[2025-09-16T14:18:47.224+0000] {logging_mixin.py:188} INFO - [2025-09-16T14:18:47.224+0000] {dagbag.py:545} INFO - Filling up the DagBag from /opt/airflow/dags/hazardous_waste_etl_dag.py
[2025-09-16T14:18:47.832+0000] {processor.py:840} INFO - DAG(s) 'nakhonpathom_waste_csv_etl_dag' retrieved from /opt/airflow/dags/hazardous_waste_etl_dag.py
[2025-09-16T14:18:47.859+0000] {logging_mixin.py:188} INFO - [2025-09-16T14:18:47.859+0000] {dag.py:3096} INFO - Sync 1 DAGs
[2025-09-16T14:18:47.872+0000] {logging_mixin.py:188} INFO - [2025-09-16T14:18:47.872+0000] {dag.py:3954} INFO - Setting next_dagrun for nakhonpathom_waste_csv_etl_dag to None, run_after=None
[2025-09-16T14:18:47.902+0000] {processor.py:183} INFO - Processing /opt/airflow/dags/hazardous_waste_etl_dag.py took 0.693 seconds
[2025-09-16T14:18:55.968+0000] {processor.py:161} INFO - Started process (PID=372) to work on /opt/airflow/dags/hazardous_waste_etl_dag.py
[2025-09-16T14:18:55.970+0000] {processor.py:830} INFO - Processing file /opt/airflow/dags/hazardous_waste_etl_dag.py for tasks to queue
[2025-09-16T14:18:55.972+0000] {logging_mixin.py:188} INFO - [2025-09-16T14:18:55.972+0000] {dagbag.py:545} INFO - Filling up the DagBag from /opt/airflow/dags/hazardous_waste_etl_dag.py
[2025-09-16T14:18:56.588+0000] {processor.py:840} INFO - DAG(s) 'nakhonpathom_waste_csv_etl_dag' retrieved from /opt/airflow/dags/hazardous_waste_etl_dag.py
[2025-09-16T14:18:56.704+0000] {logging_mixin.py:188} INFO - [2025-09-16T14:18:56.703+0000] {dag.py:3096} INFO - Sync 1 DAGs
[2025-09-16T14:18:56.715+0000] {logging_mixin.py:188} INFO - [2025-09-16T14:18:56.715+0000] {dag.py:3954} INFO - Setting next_dagrun for nakhonpathom_waste_csv_etl_dag to None, run_after=None
[2025-09-16T14:18:56.746+0000] {processor.py:183} INFO - Processing /opt/airflow/dags/hazardous_waste_etl_dag.py took 0.785 seconds
[2025-09-16T14:19:26.983+0000] {processor.py:161} INFO - Started process (PID=431) to work on /opt/airflow/dags/hazardous_waste_etl_dag.py
[2025-09-16T14:19:26.984+0000] {processor.py:830} INFO - Processing file /opt/airflow/dags/hazardous_waste_etl_dag.py for tasks to queue
[2025-09-16T14:19:26.988+0000] {logging_mixin.py:188} INFO - [2025-09-16T14:19:26.987+0000] {dagbag.py:545} INFO - Filling up the DagBag from /opt/airflow/dags/hazardous_waste_etl_dag.py
[2025-09-16T14:19:27.864+0000] {processor.py:840} INFO - DAG(s) 'nakhonpathom_waste_csv_etl_dag' retrieved from /opt/airflow/dags/hazardous_waste_etl_dag.py
[2025-09-16T14:19:27.910+0000] {logging_mixin.py:188} INFO - [2025-09-16T14:19:27.910+0000] {dag.py:3096} INFO - Sync 1 DAGs
[2025-09-16T14:19:27.929+0000] {logging_mixin.py:188} INFO - [2025-09-16T14:19:27.929+0000] {dag.py:3954} INFO - Setting next_dagrun for nakhonpathom_waste_csv_etl_dag to None, run_after=None
[2025-09-16T14:19:27.967+0000] {processor.py:183} INFO - Processing /opt/airflow/dags/hazardous_waste_etl_dag.py took 0.993 seconds
[2025-09-16T14:19:58.610+0000] {processor.py:161} INFO - Started process (PID=491) to work on /opt/airflow/dags/hazardous_waste_etl_dag.py
[2025-09-16T14:19:58.612+0000] {processor.py:830} INFO - Processing file /opt/airflow/dags/hazardous_waste_etl_dag.py for tasks to queue
[2025-09-16T14:19:58.615+0000] {logging_mixin.py:188} INFO - [2025-09-16T14:19:58.615+0000] {dagbag.py:545} INFO - Filling up the DagBag from /opt/airflow/dags/hazardous_waste_etl_dag.py
[2025-09-16T14:19:59.289+0000] {processor.py:840} INFO - DAG(s) 'nakhonpathom_waste_csv_etl_dag' retrieved from /opt/airflow/dags/hazardous_waste_etl_dag.py
[2025-09-16T14:19:59.315+0000] {logging_mixin.py:188} INFO - [2025-09-16T14:19:59.314+0000] {dag.py:3096} INFO - Sync 1 DAGs
[2025-09-16T14:19:59.328+0000] {logging_mixin.py:188} INFO - [2025-09-16T14:19:59.328+0000] {dag.py:3954} INFO - Setting next_dagrun for nakhonpathom_waste_csv_etl_dag to None, run_after=None
[2025-09-16T14:19:59.359+0000] {processor.py:183} INFO - Processing /opt/airflow/dags/hazardous_waste_etl_dag.py took 0.759 seconds
[2025-09-16T14:20:30.039+0000] {processor.py:161} INFO - Started process (PID=557) to work on /opt/airflow/dags/hazardous_waste_etl_dag.py
[2025-09-16T14:20:30.041+0000] {processor.py:830} INFO - Processing file /opt/airflow/dags/hazardous_waste_etl_dag.py for tasks to queue
[2025-09-16T14:20:30.044+0000] {logging_mixin.py:188} INFO - [2025-09-16T14:20:30.043+0000] {dagbag.py:545} INFO - Filling up the DagBag from /opt/airflow/dags/hazardous_waste_etl_dag.py
[2025-09-16T14:20:30.701+0000] {processor.py:840} INFO - DAG(s) 'nakhonpathom_waste_csv_etl_dag' retrieved from /opt/airflow/dags/hazardous_waste_etl_dag.py
[2025-09-16T14:20:30.732+0000] {logging_mixin.py:188} INFO - [2025-09-16T14:20:30.731+0000] {dag.py:3096} INFO - Sync 1 DAGs
[2025-09-16T14:20:30.748+0000] {logging_mixin.py:188} INFO - [2025-09-16T14:20:30.748+0000] {dag.py:3954} INFO - Setting next_dagrun for nakhonpathom_waste_csv_etl_dag to None, run_after=None
[2025-09-16T14:20:30.788+0000] {processor.py:183} INFO - Processing /opt/airflow/dags/hazardous_waste_etl_dag.py took 0.758 seconds
[2025-09-16T14:20:52.036+0000] {processor.py:161} INFO - Started process (PID=583) to work on /opt/airflow/dags/hazardous_waste_etl_dag.py
[2025-09-16T14:20:52.038+0000] {processor.py:830} INFO - Processing file /opt/airflow/dags/hazardous_waste_etl_dag.py for tasks to queue
[2025-09-16T14:20:52.041+0000] {logging_mixin.py:188} INFO - [2025-09-16T14:20:52.040+0000] {dagbag.py:545} INFO - Filling up the DagBag from /opt/airflow/dags/hazardous_waste_etl_dag.py
[2025-09-16T14:20:52.703+0000] {processor.py:840} INFO - DAG(s) 'nakhonpathom_waste_csv_etl_dag' retrieved from /opt/airflow/dags/hazardous_waste_etl_dag.py
[2025-09-16T14:20:52.820+0000] {logging_mixin.py:188} INFO - [2025-09-16T14:20:52.819+0000] {dag.py:3096} INFO - Sync 1 DAGs
[2025-09-16T14:20:52.831+0000] {logging_mixin.py:188} INFO - [2025-09-16T14:20:52.831+0000] {dag.py:3954} INFO - Setting next_dagrun for nakhonpathom_waste_csv_etl_dag to None, run_after=None
[2025-09-16T14:20:52.876+0000] {processor.py:183} INFO - Processing /opt/airflow/dags/hazardous_waste_etl_dag.py took 0.848 seconds
[2025-09-16T14:20:57.979+0000] {processor.py:161} INFO - Started process (PID=613) to work on /opt/airflow/dags/hazardous_waste_etl_dag.py
[2025-09-16T14:20:57.982+0000] {processor.py:830} INFO - Processing file /opt/airflow/dags/hazardous_waste_etl_dag.py for tasks to queue
[2025-09-16T14:20:57.984+0000] {logging_mixin.py:188} INFO - [2025-09-16T14:20:57.984+0000] {dagbag.py:545} INFO - Filling up the DagBag from /opt/airflow/dags/hazardous_waste_etl_dag.py
[2025-09-16T14:20:58.632+0000] {processor.py:840} INFO - DAG(s) 'nakhonpathom_waste_csv_etl_dag' retrieved from /opt/airflow/dags/hazardous_waste_etl_dag.py
[2025-09-16T14:20:58.649+0000] {logging_mixin.py:188} INFO - [2025-09-16T14:20:58.648+0000] {dag.py:3096} INFO - Sync 1 DAGs
[2025-09-16T14:20:58.665+0000] {logging_mixin.py:188} INFO - [2025-09-16T14:20:58.664+0000] {dag.py:3954} INFO - Setting next_dagrun for nakhonpathom_waste_csv_etl_dag to None, run_after=None
[2025-09-16T14:20:58.724+0000] {processor.py:183} INFO - Processing /opt/airflow/dags/hazardous_waste_etl_dag.py took 0.753 seconds
[2025-09-16T14:54:04.955+0000] {processor.py:161} INFO - Started process (PID=78) to work on /opt/airflow/dags/hazardous_waste_etl_dag.py
[2025-09-16T14:54:04.957+0000] {processor.py:830} INFO - Processing file /opt/airflow/dags/hazardous_waste_etl_dag.py for tasks to queue
[2025-09-16T14:54:04.964+0000] {logging_mixin.py:188} INFO - [2025-09-16T14:54:04.963+0000] {dagbag.py:545} INFO - Filling up the DagBag from /opt/airflow/dags/hazardous_waste_etl_dag.py
[2025-09-16T14:54:07.261+0000] {processor.py:840} INFO - DAG(s) 'nakhonpathom_waste_csv_etl_dag' retrieved from /opt/airflow/dags/hazardous_waste_etl_dag.py
[2025-09-16T14:54:07.793+0000] {logging_mixin.py:188} INFO - [2025-09-16T14:54:07.792+0000] {dag.py:3096} INFO - Sync 1 DAGs
[2025-09-16T14:54:07.809+0000] {logging_mixin.py:188} INFO - [2025-09-16T14:54:07.809+0000] {dag.py:3954} INFO - Setting next_dagrun for nakhonpathom_waste_csv_etl_dag to None, run_after=None
[2025-09-16T14:54:07.859+0000] {processor.py:183} INFO - Processing /opt/airflow/dags/hazardous_waste_etl_dag.py took 2.918 seconds
[2025-09-16T14:54:38.811+0000] {processor.py:161} INFO - Started process (PID=142) to work on /opt/airflow/dags/hazardous_waste_etl_dag.py
[2025-09-16T14:54:38.812+0000] {processor.py:830} INFO - Processing file /opt/airflow/dags/hazardous_waste_etl_dag.py for tasks to queue
[2025-09-16T14:54:38.816+0000] {logging_mixin.py:188} INFO - [2025-09-16T14:54:38.815+0000] {dagbag.py:545} INFO - Filling up the DagBag from /opt/airflow/dags/hazardous_waste_etl_dag.py
[2025-09-16T14:54:39.437+0000] {processor.py:840} INFO - DAG(s) 'nakhonpathom_waste_csv_etl_dag' retrieved from /opt/airflow/dags/hazardous_waste_etl_dag.py
[2025-09-16T14:54:39.473+0000] {logging_mixin.py:188} INFO - [2025-09-16T14:54:39.472+0000] {dag.py:3096} INFO - Sync 1 DAGs
[2025-09-16T14:54:39.493+0000] {logging_mixin.py:188} INFO - [2025-09-16T14:54:39.492+0000] {dag.py:3954} INFO - Setting next_dagrun for nakhonpathom_waste_csv_etl_dag to None, run_after=None
[2025-09-16T14:54:39.526+0000] {processor.py:183} INFO - Processing /opt/airflow/dags/hazardous_waste_etl_dag.py took 0.725 seconds
[2025-09-16T14:55:10.056+0000] {processor.py:161} INFO - Started process (PID=203) to work on /opt/airflow/dags/hazardous_waste_etl_dag.py
[2025-09-16T14:55:10.057+0000] {processor.py:830} INFO - Processing file /opt/airflow/dags/hazardous_waste_etl_dag.py for tasks to queue
[2025-09-16T14:55:10.060+0000] {logging_mixin.py:188} INFO - [2025-09-16T14:55:10.059+0000] {dagbag.py:545} INFO - Filling up the DagBag from /opt/airflow/dags/hazardous_waste_etl_dag.py
[2025-09-16T14:55:10.750+0000] {processor.py:840} INFO - DAG(s) 'nakhonpathom_waste_csv_etl_dag' retrieved from /opt/airflow/dags/hazardous_waste_etl_dag.py
[2025-09-16T14:55:10.780+0000] {logging_mixin.py:188} INFO - [2025-09-16T14:55:10.779+0000] {dag.py:3096} INFO - Sync 1 DAGs
[2025-09-16T14:55:10.794+0000] {logging_mixin.py:188} INFO - [2025-09-16T14:55:10.793+0000] {dag.py:3954} INFO - Setting next_dagrun for nakhonpathom_waste_csv_etl_dag to None, run_after=None
[2025-09-16T14:55:10.823+0000] {processor.py:183} INFO - Processing /opt/airflow/dags/hazardous_waste_etl_dag.py took 0.774 seconds
[2025-09-16T14:55:41.271+0000] {processor.py:161} INFO - Started process (PID=266) to work on /opt/airflow/dags/hazardous_waste_etl_dag.py
[2025-09-16T14:55:41.272+0000] {processor.py:830} INFO - Processing file /opt/airflow/dags/hazardous_waste_etl_dag.py for tasks to queue
[2025-09-16T14:55:41.275+0000] {logging_mixin.py:188} INFO - [2025-09-16T14:55:41.275+0000] {dagbag.py:545} INFO - Filling up the DagBag from /opt/airflow/dags/hazardous_waste_etl_dag.py
[2025-09-16T14:55:41.855+0000] {processor.py:840} INFO - DAG(s) 'nakhonpathom_waste_csv_etl_dag' retrieved from /opt/airflow/dags/hazardous_waste_etl_dag.py
[2025-09-16T14:55:41.885+0000] {logging_mixin.py:188} INFO - [2025-09-16T14:55:41.885+0000] {dag.py:3096} INFO - Sync 1 DAGs
[2025-09-16T14:55:41.899+0000] {logging_mixin.py:188} INFO - [2025-09-16T14:55:41.899+0000] {dag.py:3954} INFO - Setting next_dagrun for nakhonpathom_waste_csv_etl_dag to None, run_after=None
[2025-09-16T14:55:41.935+0000] {processor.py:183} INFO - Processing /opt/airflow/dags/hazardous_waste_etl_dag.py took 0.672 seconds
[2025-09-16T14:56:12.684+0000] {processor.py:161} INFO - Started process (PID=326) to work on /opt/airflow/dags/hazardous_waste_etl_dag.py
[2025-09-16T14:56:12.686+0000] {processor.py:830} INFO - Processing file /opt/airflow/dags/hazardous_waste_etl_dag.py for tasks to queue
[2025-09-16T14:56:12.689+0000] {logging_mixin.py:188} INFO - [2025-09-16T14:56:12.689+0000] {dagbag.py:545} INFO - Filling up the DagBag from /opt/airflow/dags/hazardous_waste_etl_dag.py
[2025-09-16T14:56:13.359+0000] {processor.py:840} INFO - DAG(s) 'nakhonpathom_waste_csv_etl_dag' retrieved from /opt/airflow/dags/hazardous_waste_etl_dag.py
[2025-09-16T14:56:13.392+0000] {logging_mixin.py:188} INFO - [2025-09-16T14:56:13.391+0000] {dag.py:3096} INFO - Sync 1 DAGs
[2025-09-16T14:56:13.408+0000] {logging_mixin.py:188} INFO - [2025-09-16T14:56:13.407+0000] {dag.py:3954} INFO - Setting next_dagrun for nakhonpathom_waste_csv_etl_dag to None, run_after=None
[2025-09-16T14:56:13.434+0000] {processor.py:183} INFO - Processing /opt/airflow/dags/hazardous_waste_etl_dag.py took 0.760 seconds
[2025-09-16T14:56:43.602+0000] {processor.py:161} INFO - Started process (PID=389) to work on /opt/airflow/dags/hazardous_waste_etl_dag.py
[2025-09-16T14:56:43.604+0000] {processor.py:830} INFO - Processing file /opt/airflow/dags/hazardous_waste_etl_dag.py for tasks to queue
[2025-09-16T14:56:43.607+0000] {logging_mixin.py:188} INFO - [2025-09-16T14:56:43.606+0000] {dagbag.py:545} INFO - Filling up the DagBag from /opt/airflow/dags/hazardous_waste_etl_dag.py
[2025-09-16T14:56:44.435+0000] {processor.py:840} INFO - DAG(s) 'nakhonpathom_waste_csv_etl_dag' retrieved from /opt/airflow/dags/hazardous_waste_etl_dag.py
[2025-09-16T14:56:44.469+0000] {logging_mixin.py:188} INFO - [2025-09-16T14:56:44.468+0000] {dag.py:3096} INFO - Sync 1 DAGs
[2025-09-16T14:56:44.485+0000] {logging_mixin.py:188} INFO - [2025-09-16T14:56:44.484+0000] {dag.py:3954} INFO - Setting next_dagrun for nakhonpathom_waste_csv_etl_dag to None, run_after=None
[2025-09-16T14:56:44.514+0000] {processor.py:183} INFO - Processing /opt/airflow/dags/hazardous_waste_etl_dag.py took 0.920 seconds
[2025-09-16T14:57:15.126+0000] {processor.py:161} INFO - Started process (PID=451) to work on /opt/airflow/dags/hazardous_waste_etl_dag.py
[2025-09-16T14:57:15.128+0000] {processor.py:830} INFO - Processing file /opt/airflow/dags/hazardous_waste_etl_dag.py for tasks to queue
[2025-09-16T14:57:15.130+0000] {logging_mixin.py:188} INFO - [2025-09-16T14:57:15.130+0000] {dagbag.py:545} INFO - Filling up the DagBag from /opt/airflow/dags/hazardous_waste_etl_dag.py
[2025-09-16T14:57:15.822+0000] {processor.py:840} INFO - DAG(s) 'nakhonpathom_waste_csv_etl_dag' retrieved from /opt/airflow/dags/hazardous_waste_etl_dag.py
[2025-09-16T14:57:15.857+0000] {logging_mixin.py:188} INFO - [2025-09-16T14:57:15.856+0000] {dag.py:3096} INFO - Sync 1 DAGs
[2025-09-16T14:57:15.873+0000] {logging_mixin.py:188} INFO - [2025-09-16T14:57:15.873+0000] {dag.py:3954} INFO - Setting next_dagrun for nakhonpathom_waste_csv_etl_dag to None, run_after=None
[2025-09-16T14:57:15.898+0000] {processor.py:183} INFO - Processing /opt/airflow/dags/hazardous_waste_etl_dag.py took 0.778 seconds
[2025-09-16T14:57:46.616+0000] {processor.py:161} INFO - Started process (PID=513) to work on /opt/airflow/dags/hazardous_waste_etl_dag.py
[2025-09-16T14:57:46.617+0000] {processor.py:830} INFO - Processing file /opt/airflow/dags/hazardous_waste_etl_dag.py for tasks to queue
[2025-09-16T14:57:46.620+0000] {logging_mixin.py:188} INFO - [2025-09-16T14:57:46.619+0000] {dagbag.py:545} INFO - Filling up the DagBag from /opt/airflow/dags/hazardous_waste_etl_dag.py
[2025-09-16T14:57:47.294+0000] {processor.py:840} INFO - DAG(s) 'nakhonpathom_waste_csv_etl_dag' retrieved from /opt/airflow/dags/hazardous_waste_etl_dag.py
[2025-09-16T14:57:47.344+0000] {logging_mixin.py:188} INFO - [2025-09-16T14:57:47.343+0000] {dag.py:3096} INFO - Sync 1 DAGs
[2025-09-16T14:57:47.365+0000] {logging_mixin.py:188} INFO - [2025-09-16T14:57:47.365+0000] {dag.py:3954} INFO - Setting next_dagrun for nakhonpathom_waste_csv_etl_dag to None, run_after=None
[2025-09-16T14:57:47.401+0000] {processor.py:183} INFO - Processing /opt/airflow/dags/hazardous_waste_etl_dag.py took 0.794 seconds
[2025-09-16T14:58:11.396+0000] {processor.py:161} INFO - Started process (PID=563) to work on /opt/airflow/dags/hazardous_waste_etl_dag.py
[2025-09-16T14:58:11.397+0000] {processor.py:830} INFO - Processing file /opt/airflow/dags/hazardous_waste_etl_dag.py for tasks to queue
[2025-09-16T14:58:11.400+0000] {logging_mixin.py:188} INFO - [2025-09-16T14:58:11.399+0000] {dagbag.py:545} INFO - Filling up the DagBag from /opt/airflow/dags/hazardous_waste_etl_dag.py
[2025-09-16T14:58:12.130+0000] {processor.py:840} INFO - DAG(s) 'nakhonpathom_waste_csv_etl_dag' retrieved from /opt/airflow/dags/hazardous_waste_etl_dag.py
[2025-09-16T14:58:12.254+0000] {logging_mixin.py:188} INFO - [2025-09-16T14:58:12.253+0000] {dag.py:3096} INFO - Sync 1 DAGs
[2025-09-16T14:58:12.270+0000] {logging_mixin.py:188} INFO - [2025-09-16T14:58:12.270+0000] {dag.py:3954} INFO - Setting next_dagrun for nakhonpathom_waste_csv_etl_dag to None, run_after=None
[2025-09-16T14:58:12.305+0000] {processor.py:183} INFO - Processing /opt/airflow/dags/hazardous_waste_etl_dag.py took 0.917 seconds
[2025-09-16T14:58:42.663+0000] {processor.py:161} INFO - Started process (PID=622) to work on /opt/airflow/dags/hazardous_waste_etl_dag.py
[2025-09-16T14:58:42.665+0000] {processor.py:830} INFO - Processing file /opt/airflow/dags/hazardous_waste_etl_dag.py for tasks to queue
[2025-09-16T14:58:42.667+0000] {logging_mixin.py:188} INFO - [2025-09-16T14:58:42.667+0000] {dagbag.py:545} INFO - Filling up the DagBag from /opt/airflow/dags/hazardous_waste_etl_dag.py
[2025-09-16T14:58:43.326+0000] {processor.py:840} INFO - DAG(s) 'nakhonpathom_waste_csv_etl_dag' retrieved from /opt/airflow/dags/hazardous_waste_etl_dag.py
[2025-09-16T14:58:43.354+0000] {logging_mixin.py:188} INFO - [2025-09-16T14:58:43.353+0000] {dag.py:3096} INFO - Sync 1 DAGs
[2025-09-16T14:58:43.370+0000] {logging_mixin.py:188} INFO - [2025-09-16T14:58:43.370+0000] {dag.py:3954} INFO - Setting next_dagrun for nakhonpathom_waste_csv_etl_dag to None, run_after=None
[2025-09-16T14:58:43.396+0000] {processor.py:183} INFO - Processing /opt/airflow/dags/hazardous_waste_etl_dag.py took 0.739 seconds
[2025-09-16T14:59:14.292+0000] {processor.py:161} INFO - Started process (PID=682) to work on /opt/airflow/dags/hazardous_waste_etl_dag.py
[2025-09-16T14:59:14.293+0000] {processor.py:830} INFO - Processing file /opt/airflow/dags/hazardous_waste_etl_dag.py for tasks to queue
[2025-09-16T14:59:14.296+0000] {logging_mixin.py:188} INFO - [2025-09-16T14:59:14.295+0000] {dagbag.py:545} INFO - Filling up the DagBag from /opt/airflow/dags/hazardous_waste_etl_dag.py
[2025-09-16T14:59:15.074+0000] {processor.py:840} INFO - DAG(s) 'nakhonpathom_waste_csv_etl_dag' retrieved from /opt/airflow/dags/hazardous_waste_etl_dag.py
[2025-09-16T14:59:15.102+0000] {logging_mixin.py:188} INFO - [2025-09-16T14:59:15.102+0000] {dag.py:3096} INFO - Sync 1 DAGs
[2025-09-16T14:59:15.117+0000] {logging_mixin.py:188} INFO - [2025-09-16T14:59:15.117+0000] {dag.py:3954} INFO - Setting next_dagrun for nakhonpathom_waste_csv_etl_dag to None, run_after=None
[2025-09-16T14:59:15.143+0000] {processor.py:183} INFO - Processing /opt/airflow/dags/hazardous_waste_etl_dag.py took 0.857 seconds
[2025-09-16T14:59:45.775+0000] {processor.py:161} INFO - Started process (PID=744) to work on /opt/airflow/dags/hazardous_waste_etl_dag.py
[2025-09-16T14:59:45.776+0000] {processor.py:830} INFO - Processing file /opt/airflow/dags/hazardous_waste_etl_dag.py for tasks to queue
[2025-09-16T14:59:45.778+0000] {logging_mixin.py:188} INFO - [2025-09-16T14:59:45.778+0000] {dagbag.py:545} INFO - Filling up the DagBag from /opt/airflow/dags/hazardous_waste_etl_dag.py
[2025-09-16T14:59:46.392+0000] {processor.py:840} INFO - DAG(s) 'nakhonpathom_waste_csv_etl_dag' retrieved from /opt/airflow/dags/hazardous_waste_etl_dag.py
[2025-09-16T14:59:46.427+0000] {logging_mixin.py:188} INFO - [2025-09-16T14:59:46.427+0000] {dag.py:3096} INFO - Sync 1 DAGs
[2025-09-16T14:59:46.445+0000] {logging_mixin.py:188} INFO - [2025-09-16T14:59:46.445+0000] {dag.py:3954} INFO - Setting next_dagrun for nakhonpathom_waste_csv_etl_dag to None, run_after=None
[2025-09-16T14:59:46.472+0000] {processor.py:183} INFO - Processing /opt/airflow/dags/hazardous_waste_etl_dag.py took 0.701 seconds
[2025-09-16T15:00:16.947+0000] {processor.py:161} INFO - Started process (PID=804) to work on /opt/airflow/dags/hazardous_waste_etl_dag.py
[2025-09-16T15:00:16.948+0000] {processor.py:830} INFO - Processing file /opt/airflow/dags/hazardous_waste_etl_dag.py for tasks to queue
[2025-09-16T15:00:16.951+0000] {logging_mixin.py:188} INFO - [2025-09-16T15:00:16.950+0000] {dagbag.py:545} INFO - Filling up the DagBag from /opt/airflow/dags/hazardous_waste_etl_dag.py
[2025-09-16T15:00:17.606+0000] {processor.py:840} INFO - DAG(s) 'nakhonpathom_waste_csv_etl_dag' retrieved from /opt/airflow/dags/hazardous_waste_etl_dag.py
[2025-09-16T15:00:17.632+0000] {logging_mixin.py:188} INFO - [2025-09-16T15:00:17.632+0000] {dag.py:3096} INFO - Sync 1 DAGs
[2025-09-16T15:00:17.649+0000] {logging_mixin.py:188} INFO - [2025-09-16T15:00:17.649+0000] {dag.py:3954} INFO - Setting next_dagrun for nakhonpathom_waste_csv_etl_dag to None, run_after=None
[2025-09-16T15:00:17.674+0000] {processor.py:183} INFO - Processing /opt/airflow/dags/hazardous_waste_etl_dag.py took 0.735 seconds
[2025-09-16T15:01:46.679+0000] {processor.py:161} INFO - Started process (PID=73) to work on /opt/airflow/dags/hazardous_waste_etl_dag.py
[2025-09-16T15:01:46.685+0000] {processor.py:830} INFO - Processing file /opt/airflow/dags/hazardous_waste_etl_dag.py for tasks to queue
[2025-09-16T15:01:46.691+0000] {logging_mixin.py:188} INFO - [2025-09-16T15:01:46.690+0000] {dagbag.py:545} INFO - Filling up the DagBag from /opt/airflow/dags/hazardous_waste_etl_dag.py
[2025-09-16T15:01:47.898+0000] {processor.py:840} INFO - DAG(s) 'nakhonpathom_waste_csv_etl_dag' retrieved from /opt/airflow/dags/hazardous_waste_etl_dag.py
[2025-09-16T15:01:48.643+0000] {logging_mixin.py:188} INFO - [2025-09-16T15:01:48.641+0000] {dag.py:3096} INFO - Sync 1 DAGs
[2025-09-16T15:01:48.672+0000] {logging_mixin.py:188} INFO - [2025-09-16T15:01:48.671+0000] {dag.py:3954} INFO - Setting next_dagrun for nakhonpathom_waste_csv_etl_dag to None, run_after=None
[2025-09-16T15:01:48.723+0000] {processor.py:183} INFO - Processing /opt/airflow/dags/hazardous_waste_etl_dag.py took 2.065 seconds
[2025-09-16T15:02:18.865+0000] {processor.py:161} INFO - Started process (PID=135) to work on /opt/airflow/dags/hazardous_waste_etl_dag.py
[2025-09-16T15:02:18.867+0000] {processor.py:830} INFO - Processing file /opt/airflow/dags/hazardous_waste_etl_dag.py for tasks to queue
[2025-09-16T15:02:18.870+0000] {logging_mixin.py:188} INFO - [2025-09-16T15:02:18.870+0000] {dagbag.py:545} INFO - Filling up the DagBag from /opt/airflow/dags/hazardous_waste_etl_dag.py
[2025-09-16T15:02:19.678+0000] {processor.py:840} INFO - DAG(s) 'nakhonpathom_waste_csv_etl_dag' retrieved from /opt/airflow/dags/hazardous_waste_etl_dag.py
[2025-09-16T15:02:19.880+0000] {logging_mixin.py:188} INFO - [2025-09-16T15:02:19.879+0000] {dag.py:3096} INFO - Sync 1 DAGs
[2025-09-16T15:02:19.901+0000] {logging_mixin.py:188} INFO - [2025-09-16T15:02:19.900+0000] {dag.py:3954} INFO - Setting next_dagrun for nakhonpathom_waste_csv_etl_dag to None, run_after=None
[2025-09-16T15:02:19.941+0000] {processor.py:183} INFO - Processing /opt/airflow/dags/hazardous_waste_etl_dag.py took 1.087 seconds
[2025-09-16T15:02:50.775+0000] {processor.py:161} INFO - Started process (PID=201) to work on /opt/airflow/dags/hazardous_waste_etl_dag.py
[2025-09-16T15:02:50.776+0000] {processor.py:830} INFO - Processing file /opt/airflow/dags/hazardous_waste_etl_dag.py for tasks to queue
[2025-09-16T15:02:50.779+0000] {logging_mixin.py:188} INFO - [2025-09-16T15:02:50.778+0000] {dagbag.py:545} INFO - Filling up the DagBag from /opt/airflow/dags/hazardous_waste_etl_dag.py
[2025-09-16T15:02:51.398+0000] {processor.py:840} INFO - DAG(s) 'nakhonpathom_waste_csv_etl_dag' retrieved from /opt/airflow/dags/hazardous_waste_etl_dag.py
[2025-09-16T15:02:51.425+0000] {logging_mixin.py:188} INFO - [2025-09-16T15:02:51.425+0000] {dag.py:3096} INFO - Sync 1 DAGs
[2025-09-16T15:02:51.442+0000] {logging_mixin.py:188} INFO - [2025-09-16T15:02:51.441+0000] {dag.py:3954} INFO - Setting next_dagrun for nakhonpathom_waste_csv_etl_dag to None, run_after=None
[2025-09-16T15:02:51.469+0000] {processor.py:183} INFO - Processing /opt/airflow/dags/hazardous_waste_etl_dag.py took 0.701 seconds
[2025-09-16T15:03:22.284+0000] {processor.py:161} INFO - Started process (PID=262) to work on /opt/airflow/dags/hazardous_waste_etl_dag.py
[2025-09-16T15:03:22.286+0000] {processor.py:830} INFO - Processing file /opt/airflow/dags/hazardous_waste_etl_dag.py for tasks to queue
[2025-09-16T15:03:22.292+0000] {logging_mixin.py:188} INFO - [2025-09-16T15:03:22.291+0000] {dagbag.py:545} INFO - Filling up the DagBag from /opt/airflow/dags/hazardous_waste_etl_dag.py
[2025-09-16T15:03:23.112+0000] {processor.py:840} INFO - DAG(s) 'nakhonpathom_waste_csv_etl_dag' retrieved from /opt/airflow/dags/hazardous_waste_etl_dag.py
[2025-09-16T15:03:23.144+0000] {logging_mixin.py:188} INFO - [2025-09-16T15:03:23.143+0000] {dag.py:3096} INFO - Sync 1 DAGs
[2025-09-16T15:03:23.161+0000] {logging_mixin.py:188} INFO - [2025-09-16T15:03:23.161+0000] {dag.py:3954} INFO - Setting next_dagrun for nakhonpathom_waste_csv_etl_dag to None, run_after=None
[2025-09-16T15:03:23.191+0000] {processor.py:183} INFO - Processing /opt/airflow/dags/hazardous_waste_etl_dag.py took 0.924 seconds
[2025-09-16T15:03:53.655+0000] {processor.py:161} INFO - Started process (PID=323) to work on /opt/airflow/dags/hazardous_waste_etl_dag.py
[2025-09-16T15:03:53.657+0000] {processor.py:830} INFO - Processing file /opt/airflow/dags/hazardous_waste_etl_dag.py for tasks to queue
[2025-09-16T15:03:53.662+0000] {logging_mixin.py:188} INFO - [2025-09-16T15:03:53.661+0000] {dagbag.py:545} INFO - Filling up the DagBag from /opt/airflow/dags/hazardous_waste_etl_dag.py
[2025-09-16T15:03:54.519+0000] {processor.py:840} INFO - DAG(s) 'nakhonpathom_waste_csv_etl_dag' retrieved from /opt/airflow/dags/hazardous_waste_etl_dag.py
[2025-09-16T15:03:54.546+0000] {logging_mixin.py:188} INFO - [2025-09-16T15:03:54.545+0000] {dag.py:3096} INFO - Sync 1 DAGs
[2025-09-16T15:03:54.562+0000] {logging_mixin.py:188} INFO - [2025-09-16T15:03:54.562+0000] {dag.py:3954} INFO - Setting next_dagrun for nakhonpathom_waste_csv_etl_dag to None, run_after=None
[2025-09-16T15:03:54.590+0000] {processor.py:183} INFO - Processing /opt/airflow/dags/hazardous_waste_etl_dag.py took 0.946 seconds
[2025-09-16T15:04:24.777+0000] {processor.py:161} INFO - Started process (PID=386) to work on /opt/airflow/dags/hazardous_waste_etl_dag.py
[2025-09-16T15:04:24.779+0000] {processor.py:830} INFO - Processing file /opt/airflow/dags/hazardous_waste_etl_dag.py for tasks to queue
[2025-09-16T15:04:24.782+0000] {logging_mixin.py:188} INFO - [2025-09-16T15:04:24.782+0000] {dagbag.py:545} INFO - Filling up the DagBag from /opt/airflow/dags/hazardous_waste_etl_dag.py
[2025-09-16T15:04:25.404+0000] {processor.py:840} INFO - DAG(s) 'nakhonpathom_waste_csv_etl_dag' retrieved from /opt/airflow/dags/hazardous_waste_etl_dag.py
[2025-09-16T15:04:25.437+0000] {logging_mixin.py:188} INFO - [2025-09-16T15:04:25.436+0000] {dag.py:3096} INFO - Sync 1 DAGs
[2025-09-16T15:04:25.453+0000] {logging_mixin.py:188} INFO - [2025-09-16T15:04:25.453+0000] {dag.py:3954} INFO - Setting next_dagrun for nakhonpathom_waste_csv_etl_dag to None, run_after=None
[2025-09-16T15:04:25.483+0000] {processor.py:183} INFO - Processing /opt/airflow/dags/hazardous_waste_etl_dag.py took 0.715 seconds
[2025-09-16T15:04:56.231+0000] {processor.py:161} INFO - Started process (PID=446) to work on /opt/airflow/dags/hazardous_waste_etl_dag.py
[2025-09-16T15:04:56.236+0000] {processor.py:830} INFO - Processing file /opt/airflow/dags/hazardous_waste_etl_dag.py for tasks to queue
[2025-09-16T15:04:56.238+0000] {logging_mixin.py:188} INFO - [2025-09-16T15:04:56.237+0000] {dagbag.py:545} INFO - Filling up the DagBag from /opt/airflow/dags/hazardous_waste_etl_dag.py
[2025-09-16T15:04:56.821+0000] {processor.py:840} INFO - DAG(s) 'nakhonpathom_waste_csv_etl_dag' retrieved from /opt/airflow/dags/hazardous_waste_etl_dag.py
[2025-09-16T15:04:56.846+0000] {logging_mixin.py:188} INFO - [2025-09-16T15:04:56.846+0000] {dag.py:3096} INFO - Sync 1 DAGs
[2025-09-16T15:04:56.862+0000] {logging_mixin.py:188} INFO - [2025-09-16T15:04:56.862+0000] {dag.py:3954} INFO - Setting next_dagrun for nakhonpathom_waste_csv_etl_dag to None, run_after=None
[2025-09-16T15:04:56.886+0000] {processor.py:183} INFO - Processing /opt/airflow/dags/hazardous_waste_etl_dag.py took 0.660 seconds
[2025-09-16T15:05:27.154+0000] {processor.py:161} INFO - Started process (PID=508) to work on /opt/airflow/dags/hazardous_waste_etl_dag.py
[2025-09-16T15:05:27.155+0000] {processor.py:830} INFO - Processing file /opt/airflow/dags/hazardous_waste_etl_dag.py for tasks to queue
[2025-09-16T15:05:27.158+0000] {logging_mixin.py:188} INFO - [2025-09-16T15:05:27.157+0000] {dagbag.py:545} INFO - Filling up the DagBag from /opt/airflow/dags/hazardous_waste_etl_dag.py
[2025-09-16T15:05:27.773+0000] {processor.py:840} INFO - DAG(s) 'nakhonpathom_waste_csv_etl_dag' retrieved from /opt/airflow/dags/hazardous_waste_etl_dag.py
[2025-09-16T15:05:27.807+0000] {logging_mixin.py:188} INFO - [2025-09-16T15:05:27.806+0000] {dag.py:3096} INFO - Sync 1 DAGs
[2025-09-16T15:05:27.822+0000] {logging_mixin.py:188} INFO - [2025-09-16T15:05:27.822+0000] {dag.py:3954} INFO - Setting next_dagrun for nakhonpathom_waste_csv_etl_dag to None, run_after=None
[2025-09-16T15:05:27.848+0000] {processor.py:183} INFO - Processing /opt/airflow/dags/hazardous_waste_etl_dag.py took 0.701 seconds
[2025-09-16T15:05:58.005+0000] {processor.py:161} INFO - Started process (PID=571) to work on /opt/airflow/dags/hazardous_waste_etl_dag.py
[2025-09-16T15:05:58.008+0000] {processor.py:830} INFO - Processing file /opt/airflow/dags/hazardous_waste_etl_dag.py for tasks to queue
[2025-09-16T15:05:58.011+0000] {logging_mixin.py:188} INFO - [2025-09-16T15:05:58.010+0000] {dagbag.py:545} INFO - Filling up the DagBag from /opt/airflow/dags/hazardous_waste_etl_dag.py
[2025-09-16T15:05:58.559+0000] {processor.py:840} INFO - DAG(s) 'nakhonpathom_waste_csv_etl_dag' retrieved from /opt/airflow/dags/hazardous_waste_etl_dag.py
[2025-09-16T15:05:58.584+0000] {logging_mixin.py:188} INFO - [2025-09-16T15:05:58.583+0000] {dag.py:3096} INFO - Sync 1 DAGs
[2025-09-16T15:05:58.596+0000] {logging_mixin.py:188} INFO - [2025-09-16T15:05:58.596+0000] {dag.py:3954} INFO - Setting next_dagrun for nakhonpathom_waste_csv_etl_dag to None, run_after=None
[2025-09-16T15:05:58.628+0000] {processor.py:183} INFO - Processing /opt/airflow/dags/hazardous_waste_etl_dag.py took 0.629 seconds
[2025-09-16T15:06:28.723+0000] {processor.py:161} INFO - Started process (PID=631) to work on /opt/airflow/dags/hazardous_waste_etl_dag.py
[2025-09-16T15:06:28.724+0000] {processor.py:830} INFO - Processing file /opt/airflow/dags/hazardous_waste_etl_dag.py for tasks to queue
[2025-09-16T15:06:28.726+0000] {logging_mixin.py:188} INFO - [2025-09-16T15:06:28.726+0000] {dagbag.py:545} INFO - Filling up the DagBag from /opt/airflow/dags/hazardous_waste_etl_dag.py
[2025-09-16T15:06:29.298+0000] {processor.py:840} INFO - DAG(s) 'nakhonpathom_waste_csv_etl_dag' retrieved from /opt/airflow/dags/hazardous_waste_etl_dag.py
[2025-09-16T15:06:29.328+0000] {logging_mixin.py:188} INFO - [2025-09-16T15:06:29.328+0000] {dag.py:3096} INFO - Sync 1 DAGs
[2025-09-16T15:06:29.344+0000] {logging_mixin.py:188} INFO - [2025-09-16T15:06:29.344+0000] {dag.py:3954} INFO - Setting next_dagrun for nakhonpathom_waste_csv_etl_dag to None, run_after=None
[2025-09-16T15:06:29.370+0000] {processor.py:183} INFO - Processing /opt/airflow/dags/hazardous_waste_etl_dag.py took 0.653 seconds
[2025-09-16T15:06:59.495+0000] {processor.py:161} INFO - Started process (PID=693) to work on /opt/airflow/dags/hazardous_waste_etl_dag.py
[2025-09-16T15:06:59.497+0000] {processor.py:830} INFO - Processing file /opt/airflow/dags/hazardous_waste_etl_dag.py for tasks to queue
[2025-09-16T15:06:59.499+0000] {logging_mixin.py:188} INFO - [2025-09-16T15:06:59.499+0000] {dagbag.py:545} INFO - Filling up the DagBag from /opt/airflow/dags/hazardous_waste_etl_dag.py
[2025-09-16T15:07:00.051+0000] {processor.py:840} INFO - DAG(s) 'nakhonpathom_waste_csv_etl_dag' retrieved from /opt/airflow/dags/hazardous_waste_etl_dag.py
[2025-09-16T15:07:00.079+0000] {logging_mixin.py:188} INFO - [2025-09-16T15:07:00.079+0000] {dag.py:3096} INFO - Sync 1 DAGs
[2025-09-16T15:07:00.093+0000] {logging_mixin.py:188} INFO - [2025-09-16T15:07:00.093+0000] {dag.py:3954} INFO - Setting next_dagrun for nakhonpathom_waste_csv_etl_dag to None, run_after=None
[2025-09-16T15:07:00.119+0000] {processor.py:183} INFO - Processing /opt/airflow/dags/hazardous_waste_etl_dag.py took 0.630 seconds
[2025-09-16T15:07:30.639+0000] {processor.py:161} INFO - Started process (PID=753) to work on /opt/airflow/dags/hazardous_waste_etl_dag.py
[2025-09-16T15:07:30.641+0000] {processor.py:830} INFO - Processing file /opt/airflow/dags/hazardous_waste_etl_dag.py for tasks to queue
[2025-09-16T15:07:30.643+0000] {logging_mixin.py:188} INFO - [2025-09-16T15:07:30.642+0000] {dagbag.py:545} INFO - Filling up the DagBag from /opt/airflow/dags/hazardous_waste_etl_dag.py
[2025-09-16T15:07:31.250+0000] {processor.py:840} INFO - DAG(s) 'nakhonpathom_waste_csv_etl_dag' retrieved from /opt/airflow/dags/hazardous_waste_etl_dag.py
[2025-09-16T15:07:31.276+0000] {logging_mixin.py:188} INFO - [2025-09-16T15:07:31.275+0000] {dag.py:3096} INFO - Sync 1 DAGs
[2025-09-16T15:07:31.291+0000] {logging_mixin.py:188} INFO - [2025-09-16T15:07:31.290+0000] {dag.py:3954} INFO - Setting next_dagrun for nakhonpathom_waste_csv_etl_dag to None, run_after=None
[2025-09-16T15:07:31.314+0000] {processor.py:183} INFO - Processing /opt/airflow/dags/hazardous_waste_etl_dag.py took 0.680 seconds
[2025-09-16T15:08:01.545+0000] {processor.py:161} INFO - Started process (PID=816) to work on /opt/airflow/dags/hazardous_waste_etl_dag.py
[2025-09-16T15:08:01.547+0000] {processor.py:830} INFO - Processing file /opt/airflow/dags/hazardous_waste_etl_dag.py for tasks to queue
[2025-09-16T15:08:01.551+0000] {logging_mixin.py:188} INFO - [2025-09-16T15:08:01.551+0000] {dagbag.py:545} INFO - Filling up the DagBag from /opt/airflow/dags/hazardous_waste_etl_dag.py
[2025-09-16T15:08:02.228+0000] {processor.py:840} INFO - DAG(s) 'nakhonpathom_waste_csv_etl_dag' retrieved from /opt/airflow/dags/hazardous_waste_etl_dag.py
[2025-09-16T15:08:02.260+0000] {logging_mixin.py:188} INFO - [2025-09-16T15:08:02.260+0000] {dag.py:3096} INFO - Sync 1 DAGs
[2025-09-16T15:08:02.277+0000] {logging_mixin.py:188} INFO - [2025-09-16T15:08:02.276+0000] {dag.py:3954} INFO - Setting next_dagrun for nakhonpathom_waste_csv_etl_dag to None, run_after=None
[2025-09-16T15:08:02.307+0000] {processor.py:183} INFO - Processing /opt/airflow/dags/hazardous_waste_etl_dag.py took 0.768 seconds
[2025-09-16T15:08:32.763+0000] {processor.py:161} INFO - Started process (PID=877) to work on /opt/airflow/dags/hazardous_waste_etl_dag.py
[2025-09-16T15:08:32.765+0000] {processor.py:830} INFO - Processing file /opt/airflow/dags/hazardous_waste_etl_dag.py for tasks to queue
[2025-09-16T15:08:32.767+0000] {logging_mixin.py:188} INFO - [2025-09-16T15:08:32.767+0000] {dagbag.py:545} INFO - Filling up the DagBag from /opt/airflow/dags/hazardous_waste_etl_dag.py
[2025-09-16T15:08:33.371+0000] {processor.py:840} INFO - DAG(s) 'nakhonpathom_waste_csv_etl_dag' retrieved from /opt/airflow/dags/hazardous_waste_etl_dag.py
[2025-09-16T15:08:33.404+0000] {logging_mixin.py:188} INFO - [2025-09-16T15:08:33.403+0000] {dag.py:3096} INFO - Sync 1 DAGs
[2025-09-16T15:08:33.421+0000] {logging_mixin.py:188} INFO - [2025-09-16T15:08:33.420+0000] {dag.py:3954} INFO - Setting next_dagrun for nakhonpathom_waste_csv_etl_dag to None, run_after=None
[2025-09-16T15:08:33.449+0000] {processor.py:183} INFO - Processing /opt/airflow/dags/hazardous_waste_etl_dag.py took 0.692 seconds
[2025-09-16T15:09:03.585+0000] {processor.py:161} INFO - Started process (PID=939) to work on /opt/airflow/dags/hazardous_waste_etl_dag.py
[2025-09-16T15:09:03.587+0000] {processor.py:830} INFO - Processing file /opt/airflow/dags/hazardous_waste_etl_dag.py for tasks to queue
[2025-09-16T15:09:03.590+0000] {logging_mixin.py:188} INFO - [2025-09-16T15:09:03.589+0000] {dagbag.py:545} INFO - Filling up the DagBag from /opt/airflow/dags/hazardous_waste_etl_dag.py
[2025-09-16T15:09:04.372+0000] {processor.py:840} INFO - DAG(s) 'nakhonpathom_waste_csv_etl_dag' retrieved from /opt/airflow/dags/hazardous_waste_etl_dag.py
[2025-09-16T15:09:04.399+0000] {logging_mixin.py:188} INFO - [2025-09-16T15:09:04.398+0000] {dag.py:3096} INFO - Sync 1 DAGs
[2025-09-16T15:09:04.413+0000] {logging_mixin.py:188} INFO - [2025-09-16T15:09:04.413+0000] {dag.py:3954} INFO - Setting next_dagrun for nakhonpathom_waste_csv_etl_dag to None, run_after=None
[2025-09-16T15:09:04.463+0000] {processor.py:183} INFO - Processing /opt/airflow/dags/hazardous_waste_etl_dag.py took 0.885 seconds
[2025-09-16T15:09:34.593+0000] {processor.py:161} INFO - Started process (PID=1001) to work on /opt/airflow/dags/hazardous_waste_etl_dag.py
[2025-09-16T15:09:34.596+0000] {processor.py:830} INFO - Processing file /opt/airflow/dags/hazardous_waste_etl_dag.py for tasks to queue
[2025-09-16T15:09:34.599+0000] {logging_mixin.py:188} INFO - [2025-09-16T15:09:34.598+0000] {dagbag.py:545} INFO - Filling up the DagBag from /opt/airflow/dags/hazardous_waste_etl_dag.py
[2025-09-16T15:09:35.239+0000] {processor.py:840} INFO - DAG(s) 'nakhonpathom_waste_csv_etl_dag' retrieved from /opt/airflow/dags/hazardous_waste_etl_dag.py
[2025-09-16T15:09:35.271+0000] {logging_mixin.py:188} INFO - [2025-09-16T15:09:35.270+0000] {dag.py:3096} INFO - Sync 1 DAGs
[2025-09-16T15:09:35.286+0000] {logging_mixin.py:188} INFO - [2025-09-16T15:09:35.286+0000] {dag.py:3954} INFO - Setting next_dagrun for nakhonpathom_waste_csv_etl_dag to None, run_after=None
[2025-09-16T15:09:35.319+0000] {processor.py:183} INFO - Processing /opt/airflow/dags/hazardous_waste_etl_dag.py took 0.734 seconds
[2025-09-16T15:10:06.171+0000] {processor.py:161} INFO - Started process (PID=1064) to work on /opt/airflow/dags/hazardous_waste_etl_dag.py
[2025-09-16T15:10:06.172+0000] {processor.py:830} INFO - Processing file /opt/airflow/dags/hazardous_waste_etl_dag.py for tasks to queue
[2025-09-16T15:10:06.175+0000] {logging_mixin.py:188} INFO - [2025-09-16T15:10:06.175+0000] {dagbag.py:545} INFO - Filling up the DagBag from /opt/airflow/dags/hazardous_waste_etl_dag.py
[2025-09-16T15:10:06.798+0000] {processor.py:840} INFO - DAG(s) 'nakhonpathom_waste_csv_etl_dag' retrieved from /opt/airflow/dags/hazardous_waste_etl_dag.py
[2025-09-16T15:10:06.829+0000] {logging_mixin.py:188} INFO - [2025-09-16T15:10:06.828+0000] {dag.py:3096} INFO - Sync 1 DAGs
[2025-09-16T15:10:06.845+0000] {logging_mixin.py:188} INFO - [2025-09-16T15:10:06.845+0000] {dag.py:3954} INFO - Setting next_dagrun for nakhonpathom_waste_csv_etl_dag to None, run_after=None
[2025-09-16T15:10:06.876+0000] {processor.py:183} INFO - Processing /opt/airflow/dags/hazardous_waste_etl_dag.py took 0.710 seconds
[2025-09-16T15:10:37.023+0000] {processor.py:161} INFO - Started process (PID=1127) to work on /opt/airflow/dags/hazardous_waste_etl_dag.py
[2025-09-16T15:10:37.025+0000] {processor.py:830} INFO - Processing file /opt/airflow/dags/hazardous_waste_etl_dag.py for tasks to queue
[2025-09-16T15:10:37.028+0000] {logging_mixin.py:188} INFO - [2025-09-16T15:10:37.027+0000] {dagbag.py:545} INFO - Filling up the DagBag from /opt/airflow/dags/hazardous_waste_etl_dag.py
[2025-09-16T15:10:37.719+0000] {processor.py:840} INFO - DAG(s) 'nakhonpathom_waste_csv_etl_dag' retrieved from /opt/airflow/dags/hazardous_waste_etl_dag.py
[2025-09-16T15:10:37.750+0000] {logging_mixin.py:188} INFO - [2025-09-16T15:10:37.749+0000] {dag.py:3096} INFO - Sync 1 DAGs
[2025-09-16T15:10:37.768+0000] {logging_mixin.py:188} INFO - [2025-09-16T15:10:37.767+0000] {dag.py:3954} INFO - Setting next_dagrun for nakhonpathom_waste_csv_etl_dag to None, run_after=None
[2025-09-16T15:10:37.794+0000] {processor.py:183} INFO - Processing /opt/airflow/dags/hazardous_waste_etl_dag.py took 0.781 seconds
[2025-09-16T15:11:07.921+0000] {processor.py:161} INFO - Started process (PID=1190) to work on /opt/airflow/dags/hazardous_waste_etl_dag.py
[2025-09-16T15:11:07.923+0000] {processor.py:830} INFO - Processing file /opt/airflow/dags/hazardous_waste_etl_dag.py for tasks to queue
[2025-09-16T15:11:07.925+0000] {logging_mixin.py:188} INFO - [2025-09-16T15:11:07.925+0000] {dagbag.py:545} INFO - Filling up the DagBag from /opt/airflow/dags/hazardous_waste_etl_dag.py
[2025-09-16T15:11:08.611+0000] {processor.py:840} INFO - DAG(s) 'nakhonpathom_waste_csv_etl_dag' retrieved from /opt/airflow/dags/hazardous_waste_etl_dag.py
[2025-09-16T15:11:08.638+0000] {logging_mixin.py:188} INFO - [2025-09-16T15:11:08.637+0000] {dag.py:3096} INFO - Sync 1 DAGs
[2025-09-16T15:11:08.651+0000] {logging_mixin.py:188} INFO - [2025-09-16T15:11:08.651+0000] {dag.py:3954} INFO - Setting next_dagrun for nakhonpathom_waste_csv_etl_dag to None, run_after=None
[2025-09-16T15:11:08.675+0000] {processor.py:183} INFO - Processing /opt/airflow/dags/hazardous_waste_etl_dag.py took 0.762 seconds
[2025-09-16T15:11:39.593+0000] {processor.py:161} INFO - Started process (PID=1252) to work on /opt/airflow/dags/hazardous_waste_etl_dag.py
[2025-09-16T15:11:39.595+0000] {processor.py:830} INFO - Processing file /opt/airflow/dags/hazardous_waste_etl_dag.py for tasks to queue
[2025-09-16T15:11:39.598+0000] {logging_mixin.py:188} INFO - [2025-09-16T15:11:39.598+0000] {dagbag.py:545} INFO - Filling up the DagBag from /opt/airflow/dags/hazardous_waste_etl_dag.py
[2025-09-16T15:11:40.308+0000] {processor.py:840} INFO - DAG(s) 'nakhonpathom_waste_csv_etl_dag' retrieved from /opt/airflow/dags/hazardous_waste_etl_dag.py
[2025-09-16T15:11:40.338+0000] {logging_mixin.py:188} INFO - [2025-09-16T15:11:40.337+0000] {dag.py:3096} INFO - Sync 1 DAGs
[2025-09-16T15:11:40.352+0000] {logging_mixin.py:188} INFO - [2025-09-16T15:11:40.352+0000] {dag.py:3954} INFO - Setting next_dagrun for nakhonpathom_waste_csv_etl_dag to None, run_after=None
[2025-09-16T15:11:40.384+0000] {processor.py:183} INFO - Processing /opt/airflow/dags/hazardous_waste_etl_dag.py took 0.798 seconds
[2025-09-16T15:12:10.575+0000] {processor.py:161} INFO - Started process (PID=1315) to work on /opt/airflow/dags/hazardous_waste_etl_dag.py
[2025-09-16T15:12:10.577+0000] {processor.py:830} INFO - Processing file /opt/airflow/dags/hazardous_waste_etl_dag.py for tasks to queue
[2025-09-16T15:12:10.581+0000] {logging_mixin.py:188} INFO - [2025-09-16T15:12:10.580+0000] {dagbag.py:545} INFO - Filling up the DagBag from /opt/airflow/dags/hazardous_waste_etl_dag.py
[2025-09-16T15:12:11.278+0000] {processor.py:840} INFO - DAG(s) 'nakhonpathom_waste_csv_etl_dag' retrieved from /opt/airflow/dags/hazardous_waste_etl_dag.py
[2025-09-16T15:12:11.310+0000] {logging_mixin.py:188} INFO - [2025-09-16T15:12:11.309+0000] {dag.py:3096} INFO - Sync 1 DAGs
[2025-09-16T15:12:11.324+0000] {logging_mixin.py:188} INFO - [2025-09-16T15:12:11.324+0000] {dag.py:3954} INFO - Setting next_dagrun for nakhonpathom_waste_csv_etl_dag to None, run_after=None
[2025-09-16T15:12:11.348+0000] {processor.py:183} INFO - Processing /opt/airflow/dags/hazardous_waste_etl_dag.py took 0.785 seconds
[2025-09-16T15:12:41.703+0000] {processor.py:161} INFO - Started process (PID=1375) to work on /opt/airflow/dags/hazardous_waste_etl_dag.py
[2025-09-16T15:12:41.705+0000] {processor.py:830} INFO - Processing file /opt/airflow/dags/hazardous_waste_etl_dag.py for tasks to queue
[2025-09-16T15:12:41.708+0000] {logging_mixin.py:188} INFO - [2025-09-16T15:12:41.707+0000] {dagbag.py:545} INFO - Filling up the DagBag from /opt/airflow/dags/hazardous_waste_etl_dag.py
[2025-09-16T15:12:42.312+0000] {processor.py:840} INFO - DAG(s) 'nakhonpathom_waste_csv_etl_dag' retrieved from /opt/airflow/dags/hazardous_waste_etl_dag.py
[2025-09-16T15:12:42.342+0000] {logging_mixin.py:188} INFO - [2025-09-16T15:12:42.342+0000] {dag.py:3096} INFO - Sync 1 DAGs
[2025-09-16T15:12:42.359+0000] {logging_mixin.py:188} INFO - [2025-09-16T15:12:42.358+0000] {dag.py:3954} INFO - Setting next_dagrun for nakhonpathom_waste_csv_etl_dag to None, run_after=None
[2025-09-16T15:12:42.389+0000] {processor.py:183} INFO - Processing /opt/airflow/dags/hazardous_waste_etl_dag.py took 0.693 seconds
[2025-09-16T15:13:12.602+0000] {processor.py:161} INFO - Started process (PID=1439) to work on /opt/airflow/dags/hazardous_waste_etl_dag.py
[2025-09-16T15:13:12.604+0000] {processor.py:830} INFO - Processing file /opt/airflow/dags/hazardous_waste_etl_dag.py for tasks to queue
[2025-09-16T15:13:12.609+0000] {logging_mixin.py:188} INFO - [2025-09-16T15:13:12.608+0000] {dagbag.py:545} INFO - Filling up the DagBag from /opt/airflow/dags/hazardous_waste_etl_dag.py
[2025-09-16T15:13:13.162+0000] {processor.py:840} INFO - DAG(s) 'nakhonpathom_waste_csv_etl_dag' retrieved from /opt/airflow/dags/hazardous_waste_etl_dag.py
[2025-09-16T15:13:13.186+0000] {logging_mixin.py:188} INFO - [2025-09-16T15:13:13.186+0000] {dag.py:3096} INFO - Sync 1 DAGs
[2025-09-16T15:13:13.198+0000] {logging_mixin.py:188} INFO - [2025-09-16T15:13:13.198+0000] {dag.py:3954} INFO - Setting next_dagrun for nakhonpathom_waste_csv_etl_dag to None, run_after=None
[2025-09-16T15:13:13.227+0000] {processor.py:183} INFO - Processing /opt/airflow/dags/hazardous_waste_etl_dag.py took 0.637 seconds
[2025-09-16T15:13:43.812+0000] {processor.py:161} INFO - Started process (PID=1499) to work on /opt/airflow/dags/hazardous_waste_etl_dag.py
[2025-09-16T15:13:43.813+0000] {processor.py:830} INFO - Processing file /opt/airflow/dags/hazardous_waste_etl_dag.py for tasks to queue
[2025-09-16T15:13:43.817+0000] {logging_mixin.py:188} INFO - [2025-09-16T15:13:43.816+0000] {dagbag.py:545} INFO - Filling up the DagBag from /opt/airflow/dags/hazardous_waste_etl_dag.py
[2025-09-16T15:13:44.513+0000] {processor.py:840} INFO - DAG(s) 'nakhonpathom_waste_csv_etl_dag' retrieved from /opt/airflow/dags/hazardous_waste_etl_dag.py
[2025-09-16T15:13:44.544+0000] {logging_mixin.py:188} INFO - [2025-09-16T15:13:44.543+0000] {dag.py:3096} INFO - Sync 1 DAGs
[2025-09-16T15:13:44.561+0000] {logging_mixin.py:188} INFO - [2025-09-16T15:13:44.560+0000] {dag.py:3954} INFO - Setting next_dagrun for nakhonpathom_waste_csv_etl_dag to None, run_after=None
[2025-09-16T15:13:44.593+0000] {processor.py:183} INFO - Processing /opt/airflow/dags/hazardous_waste_etl_dag.py took 0.789 seconds
