[2025-09-24T18:06:16.680+0000] {processor.py:161} INFO - Started process (PID=66) to work on /opt/airflow/dags/hazardous_waste_etl_dag.py
[2025-09-24T18:06:16.682+0000] {processor.py:830} INFO - Processing file /opt/airflow/dags/hazardous_waste_etl_dag.py for tasks to queue
[2025-09-24T18:06:16.685+0000] {logging_mixin.py:188} INFO - [2025-09-24T18:06:16.684+0000] {dagbag.py:545} INFO - Filling up the DagBag from /opt/airflow/dags/hazardous_waste_etl_dag.py
[2025-09-24T18:06:18.400+0000] {processor.py:840} INFO - DAG(s) 'nakhonpathom_waste_csv_etl_dag' retrieved from /opt/airflow/dags/hazardous_waste_etl_dag.py
[2025-09-24T18:06:18.939+0000] {logging_mixin.py:188} INFO - [2025-09-24T18:06:18.938+0000] {dag.py:3096} INFO - Sync 1 DAGs
[2025-09-24T18:06:18.951+0000] {logging_mixin.py:188} INFO - [2025-09-24T18:06:18.951+0000] {dag.py:3954} INFO - Setting next_dagrun for nakhonpathom_waste_csv_etl_dag to None, run_after=None
[2025-09-24T18:06:18.983+0000] {processor.py:183} INFO - Processing /opt/airflow/dags/hazardous_waste_etl_dag.py took 2.313 seconds
[2025-09-24T18:06:49.093+0000] {processor.py:161} INFO - Started process (PID=134) to work on /opt/airflow/dags/hazardous_waste_etl_dag.py
[2025-09-24T18:06:49.094+0000] {processor.py:830} INFO - Processing file /opt/airflow/dags/hazardous_waste_etl_dag.py for tasks to queue
[2025-09-24T18:06:49.096+0000] {logging_mixin.py:188} INFO - [2025-09-24T18:06:49.096+0000] {dagbag.py:545} INFO - Filling up the DagBag from /opt/airflow/dags/hazardous_waste_etl_dag.py
[2025-09-24T18:06:49.511+0000] {processor.py:840} INFO - DAG(s) 'nakhonpathom_waste_csv_etl_dag' retrieved from /opt/airflow/dags/hazardous_waste_etl_dag.py
[2025-09-24T18:06:49.527+0000] {logging_mixin.py:188} INFO - [2025-09-24T18:06:49.527+0000] {dag.py:3096} INFO - Sync 1 DAGs
[2025-09-24T18:06:49.535+0000] {logging_mixin.py:188} INFO - [2025-09-24T18:06:49.535+0000] {dag.py:3954} INFO - Setting next_dagrun for nakhonpathom_waste_csv_etl_dag to None, run_after=None
[2025-09-24T18:06:49.550+0000] {processor.py:183} INFO - Processing /opt/airflow/dags/hazardous_waste_etl_dag.py took 0.462 seconds
[2025-09-24T18:07:19.636+0000] {processor.py:161} INFO - Started process (PID=195) to work on /opt/airflow/dags/hazardous_waste_etl_dag.py
[2025-09-24T18:07:19.637+0000] {processor.py:830} INFO - Processing file /opt/airflow/dags/hazardous_waste_etl_dag.py for tasks to queue
[2025-09-24T18:07:19.641+0000] {logging_mixin.py:188} INFO - [2025-09-24T18:07:19.640+0000] {dagbag.py:545} INFO - Filling up the DagBag from /opt/airflow/dags/hazardous_waste_etl_dag.py
[2025-09-24T18:07:20.034+0000] {processor.py:840} INFO - DAG(s) 'nakhonpathom_waste_csv_etl_dag' retrieved from /opt/airflow/dags/hazardous_waste_etl_dag.py
[2025-09-24T18:07:20.049+0000] {logging_mixin.py:188} INFO - [2025-09-24T18:07:20.049+0000] {dag.py:3096} INFO - Sync 1 DAGs
[2025-09-24T18:07:20.058+0000] {logging_mixin.py:188} INFO - [2025-09-24T18:07:20.057+0000] {dag.py:3954} INFO - Setting next_dagrun for nakhonpathom_waste_csv_etl_dag to None, run_after=None
[2025-09-24T18:07:20.071+0000] {processor.py:183} INFO - Processing /opt/airflow/dags/hazardous_waste_etl_dag.py took 0.440 seconds
[2025-09-24T18:07:50.691+0000] {processor.py:161} INFO - Started process (PID=257) to work on /opt/airflow/dags/hazardous_waste_etl_dag.py
[2025-09-24T18:07:50.693+0000] {processor.py:830} INFO - Processing file /opt/airflow/dags/hazardous_waste_etl_dag.py for tasks to queue
[2025-09-24T18:07:50.695+0000] {logging_mixin.py:188} INFO - [2025-09-24T18:07:50.695+0000] {dagbag.py:545} INFO - Filling up the DagBag from /opt/airflow/dags/hazardous_waste_etl_dag.py
[2025-09-24T18:07:51.054+0000] {processor.py:840} INFO - DAG(s) 'nakhonpathom_waste_csv_etl_dag' retrieved from /opt/airflow/dags/hazardous_waste_etl_dag.py
[2025-09-24T18:07:51.069+0000] {logging_mixin.py:188} INFO - [2025-09-24T18:07:51.069+0000] {dag.py:3096} INFO - Sync 1 DAGs
[2025-09-24T18:07:51.086+0000] {logging_mixin.py:188} INFO - [2025-09-24T18:07:51.085+0000] {dag.py:3954} INFO - Setting next_dagrun for nakhonpathom_waste_csv_etl_dag to None, run_after=None
[2025-09-24T18:07:51.111+0000] {processor.py:183} INFO - Processing /opt/airflow/dags/hazardous_waste_etl_dag.py took 0.425 seconds
[2025-09-24T18:08:22.153+0000] {processor.py:161} INFO - Started process (PID=323) to work on /opt/airflow/dags/hazardous_waste_etl_dag.py
[2025-09-24T18:08:22.154+0000] {processor.py:830} INFO - Processing file /opt/airflow/dags/hazardous_waste_etl_dag.py for tasks to queue
[2025-09-24T18:08:22.157+0000] {logging_mixin.py:188} INFO - [2025-09-24T18:08:22.156+0000] {dagbag.py:545} INFO - Filling up the DagBag from /opt/airflow/dags/hazardous_waste_etl_dag.py
[2025-09-24T18:08:22.675+0000] {processor.py:840} INFO - DAG(s) 'nakhonpathom_waste_csv_etl_dag' retrieved from /opt/airflow/dags/hazardous_waste_etl_dag.py
[2025-09-24T18:08:22.696+0000] {logging_mixin.py:188} INFO - [2025-09-24T18:08:22.695+0000] {dag.py:3096} INFO - Sync 1 DAGs
[2025-09-24T18:08:22.704+0000] {logging_mixin.py:188} INFO - [2025-09-24T18:08:22.704+0000] {dag.py:3954} INFO - Setting next_dagrun for nakhonpathom_waste_csv_etl_dag to None, run_after=None
[2025-09-24T18:08:22.719+0000] {processor.py:183} INFO - Processing /opt/airflow/dags/hazardous_waste_etl_dag.py took 0.573 seconds
[2025-09-24T18:08:52.822+0000] {processor.py:161} INFO - Started process (PID=387) to work on /opt/airflow/dags/hazardous_waste_etl_dag.py
[2025-09-24T18:08:52.823+0000] {processor.py:830} INFO - Processing file /opt/airflow/dags/hazardous_waste_etl_dag.py for tasks to queue
[2025-09-24T18:08:52.825+0000] {logging_mixin.py:188} INFO - [2025-09-24T18:08:52.825+0000] {dagbag.py:545} INFO - Filling up the DagBag from /opt/airflow/dags/hazardous_waste_etl_dag.py
[2025-09-24T18:08:53.257+0000] {processor.py:840} INFO - DAG(s) 'nakhonpathom_waste_csv_etl_dag' retrieved from /opt/airflow/dags/hazardous_waste_etl_dag.py
[2025-09-24T18:08:53.277+0000] {logging_mixin.py:188} INFO - [2025-09-24T18:08:53.277+0000] {dag.py:3096} INFO - Sync 1 DAGs
[2025-09-24T18:08:53.287+0000] {logging_mixin.py:188} INFO - [2025-09-24T18:08:53.287+0000] {dag.py:3954} INFO - Setting next_dagrun for nakhonpathom_waste_csv_etl_dag to None, run_after=None
[2025-09-24T18:08:53.303+0000] {processor.py:183} INFO - Processing /opt/airflow/dags/hazardous_waste_etl_dag.py took 0.488 seconds
[2025-09-24T18:09:23.419+0000] {processor.py:161} INFO - Started process (PID=448) to work on /opt/airflow/dags/hazardous_waste_etl_dag.py
[2025-09-24T18:09:23.420+0000] {processor.py:830} INFO - Processing file /opt/airflow/dags/hazardous_waste_etl_dag.py for tasks to queue
[2025-09-24T18:09:23.422+0000] {logging_mixin.py:188} INFO - [2025-09-24T18:09:23.422+0000] {dagbag.py:545} INFO - Filling up the DagBag from /opt/airflow/dags/hazardous_waste_etl_dag.py
[2025-09-24T18:09:23.798+0000] {processor.py:840} INFO - DAG(s) 'nakhonpathom_waste_csv_etl_dag' retrieved from /opt/airflow/dags/hazardous_waste_etl_dag.py
[2025-09-24T18:09:23.816+0000] {logging_mixin.py:188} INFO - [2025-09-24T18:09:23.816+0000] {dag.py:3096} INFO - Sync 1 DAGs
[2025-09-24T18:09:23.824+0000] {logging_mixin.py:188} INFO - [2025-09-24T18:09:23.824+0000] {dag.py:3954} INFO - Setting next_dagrun for nakhonpathom_waste_csv_etl_dag to None, run_after=None
[2025-09-24T18:09:23.839+0000] {processor.py:183} INFO - Processing /opt/airflow/dags/hazardous_waste_etl_dag.py took 0.424 seconds
[2025-09-24T18:09:53.933+0000] {processor.py:161} INFO - Started process (PID=510) to work on /opt/airflow/dags/hazardous_waste_etl_dag.py
[2025-09-24T18:09:53.935+0000] {processor.py:830} INFO - Processing file /opt/airflow/dags/hazardous_waste_etl_dag.py for tasks to queue
[2025-09-24T18:09:53.937+0000] {logging_mixin.py:188} INFO - [2025-09-24T18:09:53.937+0000] {dagbag.py:545} INFO - Filling up the DagBag from /opt/airflow/dags/hazardous_waste_etl_dag.py
[2025-09-24T18:09:54.398+0000] {processor.py:840} INFO - DAG(s) 'nakhonpathom_waste_csv_etl_dag' retrieved from /opt/airflow/dags/hazardous_waste_etl_dag.py
[2025-09-24T18:09:54.419+0000] {logging_mixin.py:188} INFO - [2025-09-24T18:09:54.418+0000] {dag.py:3096} INFO - Sync 1 DAGs
[2025-09-24T18:09:54.429+0000] {logging_mixin.py:188} INFO - [2025-09-24T18:09:54.429+0000] {dag.py:3954} INFO - Setting next_dagrun for nakhonpathom_waste_csv_etl_dag to None, run_after=None
[2025-09-24T18:09:54.455+0000] {processor.py:183} INFO - Processing /opt/airflow/dags/hazardous_waste_etl_dag.py took 0.526 seconds
[2025-09-24T18:10:24.529+0000] {processor.py:161} INFO - Started process (PID=574) to work on /opt/airflow/dags/hazardous_waste_etl_dag.py
[2025-09-24T18:10:24.530+0000] {processor.py:830} INFO - Processing file /opt/airflow/dags/hazardous_waste_etl_dag.py for tasks to queue
[2025-09-24T18:10:24.532+0000] {logging_mixin.py:188} INFO - [2025-09-24T18:10:24.531+0000] {dagbag.py:545} INFO - Filling up the DagBag from /opt/airflow/dags/hazardous_waste_etl_dag.py
[2025-09-24T18:10:24.872+0000] {processor.py:840} INFO - DAG(s) 'nakhonpathom_waste_csv_etl_dag' retrieved from /opt/airflow/dags/hazardous_waste_etl_dag.py
[2025-09-24T18:10:24.891+0000] {logging_mixin.py:188} INFO - [2025-09-24T18:10:24.890+0000] {dag.py:3096} INFO - Sync 1 DAGs
[2025-09-24T18:10:24.906+0000] {logging_mixin.py:188} INFO - [2025-09-24T18:10:24.906+0000] {dag.py:3954} INFO - Setting next_dagrun for nakhonpathom_waste_csv_etl_dag to None, run_after=None
[2025-09-24T18:10:24.934+0000] {processor.py:183} INFO - Processing /opt/airflow/dags/hazardous_waste_etl_dag.py took 0.409 seconds
[2025-09-24T18:10:55.400+0000] {processor.py:161} INFO - Started process (PID=637) to work on /opt/airflow/dags/hazardous_waste_etl_dag.py
[2025-09-24T18:10:55.401+0000] {processor.py:830} INFO - Processing file /opt/airflow/dags/hazardous_waste_etl_dag.py for tasks to queue
[2025-09-24T18:10:55.403+0000] {logging_mixin.py:188} INFO - [2025-09-24T18:10:55.402+0000] {dagbag.py:545} INFO - Filling up the DagBag from /opt/airflow/dags/hazardous_waste_etl_dag.py
[2025-09-24T18:10:55.808+0000] {processor.py:840} INFO - DAG(s) 'nakhonpathom_waste_csv_etl_dag' retrieved from /opt/airflow/dags/hazardous_waste_etl_dag.py
[2025-09-24T18:10:55.825+0000] {logging_mixin.py:188} INFO - [2025-09-24T18:10:55.825+0000] {dag.py:3096} INFO - Sync 1 DAGs
[2025-09-24T18:10:55.833+0000] {logging_mixin.py:188} INFO - [2025-09-24T18:10:55.833+0000] {dag.py:3954} INFO - Setting next_dagrun for nakhonpathom_waste_csv_etl_dag to None, run_after=None
[2025-09-24T18:10:55.854+0000] {processor.py:183} INFO - Processing /opt/airflow/dags/hazardous_waste_etl_dag.py took 0.458 seconds
[2025-09-24T18:11:26.111+0000] {processor.py:161} INFO - Started process (PID=700) to work on /opt/airflow/dags/hazardous_waste_etl_dag.py
[2025-09-24T18:11:26.116+0000] {processor.py:830} INFO - Processing file /opt/airflow/dags/hazardous_waste_etl_dag.py for tasks to queue
[2025-09-24T18:11:26.133+0000] {logging_mixin.py:188} INFO - [2025-09-24T18:11:26.132+0000] {dagbag.py:545} INFO - Filling up the DagBag from /opt/airflow/dags/hazardous_waste_etl_dag.py
[2025-09-24T18:11:26.559+0000] {processor.py:840} INFO - DAG(s) 'nakhonpathom_waste_csv_etl_dag' retrieved from /opt/airflow/dags/hazardous_waste_etl_dag.py
[2025-09-24T18:11:26.576+0000] {logging_mixin.py:188} INFO - [2025-09-24T18:11:26.576+0000] {dag.py:3096} INFO - Sync 1 DAGs
[2025-09-24T18:11:26.585+0000] {logging_mixin.py:188} INFO - [2025-09-24T18:11:26.585+0000] {dag.py:3954} INFO - Setting next_dagrun for nakhonpathom_waste_csv_etl_dag to None, run_after=None
[2025-09-24T18:11:26.602+0000] {processor.py:183} INFO - Processing /opt/airflow/dags/hazardous_waste_etl_dag.py took 0.496 seconds
[2025-09-24T18:11:56.753+0000] {processor.py:161} INFO - Started process (PID=760) to work on /opt/airflow/dags/hazardous_waste_etl_dag.py
[2025-09-24T18:11:56.754+0000] {processor.py:830} INFO - Processing file /opt/airflow/dags/hazardous_waste_etl_dag.py for tasks to queue
[2025-09-24T18:11:56.756+0000] {logging_mixin.py:188} INFO - [2025-09-24T18:11:56.756+0000] {dagbag.py:545} INFO - Filling up the DagBag from /opt/airflow/dags/hazardous_waste_etl_dag.py
[2025-09-24T18:11:57.120+0000] {processor.py:840} INFO - DAG(s) 'nakhonpathom_waste_csv_etl_dag' retrieved from /opt/airflow/dags/hazardous_waste_etl_dag.py
[2025-09-24T18:11:57.135+0000] {logging_mixin.py:188} INFO - [2025-09-24T18:11:57.134+0000] {dag.py:3096} INFO - Sync 1 DAGs
[2025-09-24T18:11:57.142+0000] {logging_mixin.py:188} INFO - [2025-09-24T18:11:57.142+0000] {dag.py:3954} INFO - Setting next_dagrun for nakhonpathom_waste_csv_etl_dag to None, run_after=None
[2025-09-24T18:11:57.169+0000] {processor.py:183} INFO - Processing /opt/airflow/dags/hazardous_waste_etl_dag.py took 0.420 seconds
[2025-09-24T18:12:27.383+0000] {processor.py:161} INFO - Started process (PID=820) to work on /opt/airflow/dags/hazardous_waste_etl_dag.py
[2025-09-24T18:12:27.384+0000] {processor.py:830} INFO - Processing file /opt/airflow/dags/hazardous_waste_etl_dag.py for tasks to queue
[2025-09-24T18:12:27.386+0000] {logging_mixin.py:188} INFO - [2025-09-24T18:12:27.386+0000] {dagbag.py:545} INFO - Filling up the DagBag from /opt/airflow/dags/hazardous_waste_etl_dag.py
[2025-09-24T18:12:27.732+0000] {processor.py:840} INFO - DAG(s) 'nakhonpathom_waste_csv_etl_dag' retrieved from /opt/airflow/dags/hazardous_waste_etl_dag.py
[2025-09-24T18:12:27.758+0000] {logging_mixin.py:188} INFO - [2025-09-24T18:12:27.757+0000] {dag.py:3096} INFO - Sync 1 DAGs
[2025-09-24T18:12:27.768+0000] {logging_mixin.py:188} INFO - [2025-09-24T18:12:27.767+0000] {dag.py:3954} INFO - Setting next_dagrun for nakhonpathom_waste_csv_etl_dag to None, run_after=None
[2025-09-24T18:12:27.831+0000] {processor.py:183} INFO - Processing /opt/airflow/dags/hazardous_waste_etl_dag.py took 0.452 seconds
[2025-09-24T18:12:58.154+0000] {processor.py:161} INFO - Started process (PID=882) to work on /opt/airflow/dags/hazardous_waste_etl_dag.py
[2025-09-24T18:12:58.155+0000] {processor.py:830} INFO - Processing file /opt/airflow/dags/hazardous_waste_etl_dag.py for tasks to queue
[2025-09-24T18:12:58.157+0000] {logging_mixin.py:188} INFO - [2025-09-24T18:12:58.157+0000] {dagbag.py:545} INFO - Filling up the DagBag from /opt/airflow/dags/hazardous_waste_etl_dag.py
[2025-09-24T18:12:58.562+0000] {processor.py:840} INFO - DAG(s) 'nakhonpathom_waste_csv_etl_dag' retrieved from /opt/airflow/dags/hazardous_waste_etl_dag.py
[2025-09-24T18:12:58.580+0000] {logging_mixin.py:188} INFO - [2025-09-24T18:12:58.579+0000] {dag.py:3096} INFO - Sync 1 DAGs
[2025-09-24T18:12:58.589+0000] {logging_mixin.py:188} INFO - [2025-09-24T18:12:58.588+0000] {dag.py:3954} INFO - Setting next_dagrun for nakhonpathom_waste_csv_etl_dag to None, run_after=None
[2025-09-24T18:12:58.610+0000] {processor.py:183} INFO - Processing /opt/airflow/dags/hazardous_waste_etl_dag.py took 0.460 seconds
[2025-09-24T18:13:28.788+0000] {processor.py:161} INFO - Started process (PID=942) to work on /opt/airflow/dags/hazardous_waste_etl_dag.py
[2025-09-24T18:13:28.789+0000] {processor.py:830} INFO - Processing file /opt/airflow/dags/hazardous_waste_etl_dag.py for tasks to queue
[2025-09-24T18:13:28.791+0000] {logging_mixin.py:188} INFO - [2025-09-24T18:13:28.791+0000] {dagbag.py:545} INFO - Filling up the DagBag from /opt/airflow/dags/hazardous_waste_etl_dag.py
[2025-09-24T18:13:29.202+0000] {processor.py:840} INFO - DAG(s) 'nakhonpathom_waste_csv_etl_dag' retrieved from /opt/airflow/dags/hazardous_waste_etl_dag.py
[2025-09-24T18:13:29.219+0000] {logging_mixin.py:188} INFO - [2025-09-24T18:13:29.219+0000] {dag.py:3096} INFO - Sync 1 DAGs
[2025-09-24T18:13:29.227+0000] {logging_mixin.py:188} INFO - [2025-09-24T18:13:29.227+0000] {dag.py:3954} INFO - Setting next_dagrun for nakhonpathom_waste_csv_etl_dag to None, run_after=None
[2025-09-24T18:13:29.283+0000] {processor.py:183} INFO - Processing /opt/airflow/dags/hazardous_waste_etl_dag.py took 0.500 seconds
