[2025-09-24T18:06:18.879+0000] {processor.py:161} INFO - Started process (PID=77) to work on /home/airflow/.local/lib/python3.12/site-packages/airflow/example_dags/example_branch_datetime_operator.py
[2025-09-24T18:06:18.881+0000] {processor.py:830} INFO - Processing file /home/airflow/.local/lib/python3.12/site-packages/airflow/example_dags/example_branch_datetime_operator.py for tasks to queue
[2025-09-24T18:06:18.886+0000] {logging_mixin.py:188} INFO - [2025-09-24T18:06:18.886+0000] {dagbag.py:545} INFO - Filling up the DagBag from /home/airflow/.local/lib/python3.12/site-packages/airflow/example_dags/example_branch_datetime_operator.py
[2025-09-24T18:06:18.913+0000] {processor.py:840} INFO - DAG(s) 'example_branch_datetime_operator_2', 'example_branch_datetime_operator', 'example_branch_datetime_operator_3' retrieved from /home/airflow/.local/lib/python3.12/site-packages/airflow/example_dags/example_branch_datetime_operator.py
[2025-09-24T18:06:19.125+0000] {logging_mixin.py:188} INFO - [2025-09-24T18:06:19.124+0000] {dag.py:3096} INFO - Sync 3 DAGs
[2025-09-24T18:06:19.158+0000] {logging_mixin.py:188} INFO - [2025-09-24T18:06:19.158+0000] {dag.py:3954} INFO - Setting next_dagrun for example_branch_datetime_operator to 2025-09-23 00:00:00+00:00, run_after=2025-09-24 00:00:00+00:00
[2025-09-24T18:06:19.166+0000] {logging_mixin.py:188} INFO - [2025-09-24T18:06:19.166+0000] {dag.py:3954} INFO - Setting next_dagrun for example_branch_datetime_operator_2 to 2025-09-23 00:00:00+00:00, run_after=2025-09-24 00:00:00+00:00
[2025-09-24T18:06:19.171+0000] {logging_mixin.py:188} INFO - [2025-09-24T18:06:19.171+0000] {dag.py:3954} INFO - Setting next_dagrun for example_branch_datetime_operator_3 to 2025-09-23 00:00:00+00:00, run_after=2025-09-24 00:00:00+00:00
[2025-09-24T18:06:19.200+0000] {processor.py:183} INFO - Processing /home/airflow/.local/lib/python3.12/site-packages/airflow/example_dags/example_branch_datetime_operator.py took 0.333 seconds
[2025-09-24T18:06:49.324+0000] {processor.py:161} INFO - Started process (PID=137) to work on /home/airflow/.local/lib/python3.12/site-packages/airflow/example_dags/example_branch_datetime_operator.py
[2025-09-24T18:06:49.326+0000] {processor.py:830} INFO - Processing file /home/airflow/.local/lib/python3.12/site-packages/airflow/example_dags/example_branch_datetime_operator.py for tasks to queue
[2025-09-24T18:06:49.328+0000] {logging_mixin.py:188} INFO - [2025-09-24T18:06:49.327+0000] {dagbag.py:545} INFO - Filling up the DagBag from /home/airflow/.local/lib/python3.12/site-packages/airflow/example_dags/example_branch_datetime_operator.py
[2025-09-24T18:06:49.340+0000] {processor.py:840} INFO - DAG(s) 'example_branch_datetime_operator_3', 'example_branch_datetime_operator', 'example_branch_datetime_operator_2' retrieved from /home/airflow/.local/lib/python3.12/site-packages/airflow/example_dags/example_branch_datetime_operator.py
[2025-09-24T18:06:49.370+0000] {logging_mixin.py:188} INFO - [2025-09-24T18:06:49.370+0000] {dag.py:3096} INFO - Sync 3 DAGs
[2025-09-24T18:06:49.404+0000] {logging_mixin.py:188} INFO - [2025-09-24T18:06:49.404+0000] {dag.py:3954} INFO - Setting next_dagrun for example_branch_datetime_operator to 2025-09-23 00:00:00+00:00, run_after=2025-09-24 00:00:00+00:00
[2025-09-24T18:06:49.409+0000] {logging_mixin.py:188} INFO - [2025-09-24T18:06:49.409+0000] {dag.py:3954} INFO - Setting next_dagrun for example_branch_datetime_operator_2 to 2025-09-23 00:00:00+00:00, run_after=2025-09-24 00:00:00+00:00
[2025-09-24T18:06:49.411+0000] {logging_mixin.py:188} INFO - [2025-09-24T18:06:49.411+0000] {dag.py:3954} INFO - Setting next_dagrun for example_branch_datetime_operator_3 to 2025-09-23 00:00:00+00:00, run_after=2025-09-24 00:00:00+00:00
[2025-09-24T18:06:49.428+0000] {processor.py:183} INFO - Processing /home/airflow/.local/lib/python3.12/site-packages/airflow/example_dags/example_branch_datetime_operator.py took 0.108 seconds
[2025-09-24T18:07:19.677+0000] {processor.py:161} INFO - Started process (PID=196) to work on /home/airflow/.local/lib/python3.12/site-packages/airflow/example_dags/example_branch_datetime_operator.py
[2025-09-24T18:07:19.678+0000] {processor.py:830} INFO - Processing file /home/airflow/.local/lib/python3.12/site-packages/airflow/example_dags/example_branch_datetime_operator.py for tasks to queue
[2025-09-24T18:07:19.679+0000] {logging_mixin.py:188} INFO - [2025-09-24T18:07:19.679+0000] {dagbag.py:545} INFO - Filling up the DagBag from /home/airflow/.local/lib/python3.12/site-packages/airflow/example_dags/example_branch_datetime_operator.py
[2025-09-24T18:07:19.687+0000] {processor.py:840} INFO - DAG(s) 'example_branch_datetime_operator', 'example_branch_datetime_operator_2', 'example_branch_datetime_operator_3' retrieved from /home/airflow/.local/lib/python3.12/site-packages/airflow/example_dags/example_branch_datetime_operator.py
[2025-09-24T18:07:19.708+0000] {logging_mixin.py:188} INFO - [2025-09-24T18:07:19.708+0000] {dag.py:3096} INFO - Sync 3 DAGs
[2025-09-24T18:07:19.726+0000] {logging_mixin.py:188} INFO - [2025-09-24T18:07:19.726+0000] {dag.py:3954} INFO - Setting next_dagrun for example_branch_datetime_operator to 2025-09-23 00:00:00+00:00, run_after=2025-09-24 00:00:00+00:00
[2025-09-24T18:07:19.729+0000] {logging_mixin.py:188} INFO - [2025-09-24T18:07:19.729+0000] {dag.py:3954} INFO - Setting next_dagrun for example_branch_datetime_operator_2 to 2025-09-23 00:00:00+00:00, run_after=2025-09-24 00:00:00+00:00
[2025-09-24T18:07:19.732+0000] {logging_mixin.py:188} INFO - [2025-09-24T18:07:19.732+0000] {dag.py:3954} INFO - Setting next_dagrun for example_branch_datetime_operator_3 to 2025-09-23 00:00:00+00:00, run_after=2025-09-24 00:00:00+00:00
[2025-09-24T18:07:19.749+0000] {processor.py:183} INFO - Processing /home/airflow/.local/lib/python3.12/site-packages/airflow/example_dags/example_branch_datetime_operator.py took 0.077 seconds
[2025-09-24T18:07:50.539+0000] {processor.py:161} INFO - Started process (PID=255) to work on /home/airflow/.local/lib/python3.12/site-packages/airflow/example_dags/example_branch_datetime_operator.py
[2025-09-24T18:07:50.540+0000] {processor.py:830} INFO - Processing file /home/airflow/.local/lib/python3.12/site-packages/airflow/example_dags/example_branch_datetime_operator.py for tasks to queue
[2025-09-24T18:07:50.542+0000] {logging_mixin.py:188} INFO - [2025-09-24T18:07:50.542+0000] {dagbag.py:545} INFO - Filling up the DagBag from /home/airflow/.local/lib/python3.12/site-packages/airflow/example_dags/example_branch_datetime_operator.py
[2025-09-24T18:07:50.550+0000] {processor.py:840} INFO - DAG(s) 'example_branch_datetime_operator', 'example_branch_datetime_operator_3', 'example_branch_datetime_operator_2' retrieved from /home/airflow/.local/lib/python3.12/site-packages/airflow/example_dags/example_branch_datetime_operator.py
[2025-09-24T18:07:50.570+0000] {logging_mixin.py:188} INFO - [2025-09-24T18:07:50.570+0000] {dag.py:3096} INFO - Sync 3 DAGs
[2025-09-24T18:07:50.586+0000] {logging_mixin.py:188} INFO - [2025-09-24T18:07:50.586+0000] {dag.py:3954} INFO - Setting next_dagrun for example_branch_datetime_operator to 2025-09-23 00:00:00+00:00, run_after=2025-09-24 00:00:00+00:00
[2025-09-24T18:07:50.590+0000] {logging_mixin.py:188} INFO - [2025-09-24T18:07:50.590+0000] {dag.py:3954} INFO - Setting next_dagrun for example_branch_datetime_operator_2 to 2025-09-23 00:00:00+00:00, run_after=2025-09-24 00:00:00+00:00
[2025-09-24T18:07:50.593+0000] {logging_mixin.py:188} INFO - [2025-09-24T18:07:50.592+0000] {dag.py:3954} INFO - Setting next_dagrun for example_branch_datetime_operator_3 to 2025-09-23 00:00:00+00:00, run_after=2025-09-24 00:00:00+00:00
[2025-09-24T18:07:50.605+0000] {processor.py:183} INFO - Processing /home/airflow/.local/lib/python3.12/site-packages/airflow/example_dags/example_branch_datetime_operator.py took 0.071 seconds
[2025-09-24T18:08:21.013+0000] {processor.py:161} INFO - Started process (PID=315) to work on /home/airflow/.local/lib/python3.12/site-packages/airflow/example_dags/example_branch_datetime_operator.py
[2025-09-24T18:08:21.015+0000] {processor.py:830} INFO - Processing file /home/airflow/.local/lib/python3.12/site-packages/airflow/example_dags/example_branch_datetime_operator.py for tasks to queue
[2025-09-24T18:08:21.017+0000] {logging_mixin.py:188} INFO - [2025-09-24T18:08:21.016+0000] {dagbag.py:545} INFO - Filling up the DagBag from /home/airflow/.local/lib/python3.12/site-packages/airflow/example_dags/example_branch_datetime_operator.py
[2025-09-24T18:08:21.025+0000] {processor.py:840} INFO - DAG(s) 'example_branch_datetime_operator', 'example_branch_datetime_operator_3', 'example_branch_datetime_operator_2' retrieved from /home/airflow/.local/lib/python3.12/site-packages/airflow/example_dags/example_branch_datetime_operator.py
[2025-09-24T18:08:21.050+0000] {logging_mixin.py:188} INFO - [2025-09-24T18:08:21.049+0000] {dag.py:3096} INFO - Sync 3 DAGs
[2025-09-24T18:08:21.069+0000] {logging_mixin.py:188} INFO - [2025-09-24T18:08:21.069+0000] {dag.py:3954} INFO - Setting next_dagrun for example_branch_datetime_operator to 2025-09-23 00:00:00+00:00, run_after=2025-09-24 00:00:00+00:00
[2025-09-24T18:08:21.074+0000] {logging_mixin.py:188} INFO - [2025-09-24T18:08:21.074+0000] {dag.py:3954} INFO - Setting next_dagrun for example_branch_datetime_operator_2 to 2025-09-23 00:00:00+00:00, run_after=2025-09-24 00:00:00+00:00
[2025-09-24T18:08:21.077+0000] {logging_mixin.py:188} INFO - [2025-09-24T18:08:21.077+0000] {dag.py:3954} INFO - Setting next_dagrun for example_branch_datetime_operator_3 to 2025-09-23 00:00:00+00:00, run_after=2025-09-24 00:00:00+00:00
[2025-09-24T18:08:21.093+0000] {processor.py:183} INFO - Processing /home/airflow/.local/lib/python3.12/site-packages/airflow/example_dags/example_branch_datetime_operator.py took 0.085 seconds
[2025-09-24T18:08:51.508+0000] {processor.py:161} INFO - Started process (PID=381) to work on /home/airflow/.local/lib/python3.12/site-packages/airflow/example_dags/example_branch_datetime_operator.py
[2025-09-24T18:08:51.509+0000] {processor.py:830} INFO - Processing file /home/airflow/.local/lib/python3.12/site-packages/airflow/example_dags/example_branch_datetime_operator.py for tasks to queue
[2025-09-24T18:08:51.511+0000] {logging_mixin.py:188} INFO - [2025-09-24T18:08:51.511+0000] {dagbag.py:545} INFO - Filling up the DagBag from /home/airflow/.local/lib/python3.12/site-packages/airflow/example_dags/example_branch_datetime_operator.py
[2025-09-24T18:08:51.519+0000] {processor.py:840} INFO - DAG(s) 'example_branch_datetime_operator_2', 'example_branch_datetime_operator', 'example_branch_datetime_operator_3' retrieved from /home/airflow/.local/lib/python3.12/site-packages/airflow/example_dags/example_branch_datetime_operator.py
[2025-09-24T18:08:51.541+0000] {logging_mixin.py:188} INFO - [2025-09-24T18:08:51.541+0000] {dag.py:3096} INFO - Sync 3 DAGs
[2025-09-24T18:08:51.561+0000] {logging_mixin.py:188} INFO - [2025-09-24T18:08:51.561+0000] {dag.py:3954} INFO - Setting next_dagrun for example_branch_datetime_operator to 2025-09-23 00:00:00+00:00, run_after=2025-09-24 00:00:00+00:00
[2025-09-24T18:08:51.565+0000] {logging_mixin.py:188} INFO - [2025-09-24T18:08:51.565+0000] {dag.py:3954} INFO - Setting next_dagrun for example_branch_datetime_operator_2 to 2025-09-23 00:00:00+00:00, run_after=2025-09-24 00:00:00+00:00
[2025-09-24T18:08:51.567+0000] {logging_mixin.py:188} INFO - [2025-09-24T18:08:51.567+0000] {dag.py:3954} INFO - Setting next_dagrun for example_branch_datetime_operator_3 to 2025-09-23 00:00:00+00:00, run_after=2025-09-24 00:00:00+00:00
[2025-09-24T18:08:51.581+0000] {processor.py:183} INFO - Processing /home/airflow/.local/lib/python3.12/site-packages/airflow/example_dags/example_branch_datetime_operator.py took 0.078 seconds
[2025-09-24T18:09:22.039+0000] {processor.py:161} INFO - Started process (PID=441) to work on /home/airflow/.local/lib/python3.12/site-packages/airflow/example_dags/example_branch_datetime_operator.py
[2025-09-24T18:09:22.040+0000] {processor.py:830} INFO - Processing file /home/airflow/.local/lib/python3.12/site-packages/airflow/example_dags/example_branch_datetime_operator.py for tasks to queue
[2025-09-24T18:09:22.043+0000] {logging_mixin.py:188} INFO - [2025-09-24T18:09:22.042+0000] {dagbag.py:545} INFO - Filling up the DagBag from /home/airflow/.local/lib/python3.12/site-packages/airflow/example_dags/example_branch_datetime_operator.py
[2025-09-24T18:09:22.051+0000] {processor.py:840} INFO - DAG(s) 'example_branch_datetime_operator', 'example_branch_datetime_operator_2', 'example_branch_datetime_operator_3' retrieved from /home/airflow/.local/lib/python3.12/site-packages/airflow/example_dags/example_branch_datetime_operator.py
[2025-09-24T18:09:22.076+0000] {logging_mixin.py:188} INFO - [2025-09-24T18:09:22.075+0000] {dag.py:3096} INFO - Sync 3 DAGs
[2025-09-24T18:09:22.095+0000] {logging_mixin.py:188} INFO - [2025-09-24T18:09:22.095+0000] {dag.py:3954} INFO - Setting next_dagrun for example_branch_datetime_operator to 2025-09-23 00:00:00+00:00, run_after=2025-09-24 00:00:00+00:00
[2025-09-24T18:09:22.099+0000] {logging_mixin.py:188} INFO - [2025-09-24T18:09:22.099+0000] {dag.py:3954} INFO - Setting next_dagrun for example_branch_datetime_operator_2 to 2025-09-23 00:00:00+00:00, run_after=2025-09-24 00:00:00+00:00
[2025-09-24T18:09:22.101+0000] {logging_mixin.py:188} INFO - [2025-09-24T18:09:22.101+0000] {dag.py:3954} INFO - Setting next_dagrun for example_branch_datetime_operator_3 to 2025-09-23 00:00:00+00:00, run_after=2025-09-24 00:00:00+00:00
[2025-09-24T18:09:22.115+0000] {processor.py:183} INFO - Processing /home/airflow/.local/lib/python3.12/site-packages/airflow/example_dags/example_branch_datetime_operator.py took 0.081 seconds
[2025-09-24T18:09:52.226+0000] {processor.py:161} INFO - Started process (PID=501) to work on /home/airflow/.local/lib/python3.12/site-packages/airflow/example_dags/example_branch_datetime_operator.py
[2025-09-24T18:09:52.228+0000] {processor.py:830} INFO - Processing file /home/airflow/.local/lib/python3.12/site-packages/airflow/example_dags/example_branch_datetime_operator.py for tasks to queue
[2025-09-24T18:09:52.230+0000] {logging_mixin.py:188} INFO - [2025-09-24T18:09:52.229+0000] {dagbag.py:545} INFO - Filling up the DagBag from /home/airflow/.local/lib/python3.12/site-packages/airflow/example_dags/example_branch_datetime_operator.py
[2025-09-24T18:09:52.237+0000] {processor.py:840} INFO - DAG(s) 'example_branch_datetime_operator_2', 'example_branch_datetime_operator_3', 'example_branch_datetime_operator' retrieved from /home/airflow/.local/lib/python3.12/site-packages/airflow/example_dags/example_branch_datetime_operator.py
[2025-09-24T18:09:52.258+0000] {logging_mixin.py:188} INFO - [2025-09-24T18:09:52.258+0000] {dag.py:3096} INFO - Sync 3 DAGs
[2025-09-24T18:09:52.277+0000] {logging_mixin.py:188} INFO - [2025-09-24T18:09:52.277+0000] {dag.py:3954} INFO - Setting next_dagrun for example_branch_datetime_operator to 2025-09-23 00:00:00+00:00, run_after=2025-09-24 00:00:00+00:00
[2025-09-24T18:09:52.281+0000] {logging_mixin.py:188} INFO - [2025-09-24T18:09:52.281+0000] {dag.py:3954} INFO - Setting next_dagrun for example_branch_datetime_operator_2 to 2025-09-23 00:00:00+00:00, run_after=2025-09-24 00:00:00+00:00
[2025-09-24T18:09:52.283+0000] {logging_mixin.py:188} INFO - [2025-09-24T18:09:52.283+0000] {dag.py:3954} INFO - Setting next_dagrun for example_branch_datetime_operator_3 to 2025-09-23 00:00:00+00:00, run_after=2025-09-24 00:00:00+00:00
[2025-09-24T18:09:52.296+0000] {processor.py:183} INFO - Processing /home/airflow/.local/lib/python3.12/site-packages/airflow/example_dags/example_branch_datetime_operator.py took 0.075 seconds
[2025-09-24T18:10:22.537+0000] {processor.py:161} INFO - Started process (PID=562) to work on /home/airflow/.local/lib/python3.12/site-packages/airflow/example_dags/example_branch_datetime_operator.py
[2025-09-24T18:10:22.538+0000] {processor.py:830} INFO - Processing file /home/airflow/.local/lib/python3.12/site-packages/airflow/example_dags/example_branch_datetime_operator.py for tasks to queue
[2025-09-24T18:10:22.540+0000] {logging_mixin.py:188} INFO - [2025-09-24T18:10:22.540+0000] {dagbag.py:545} INFO - Filling up the DagBag from /home/airflow/.local/lib/python3.12/site-packages/airflow/example_dags/example_branch_datetime_operator.py
[2025-09-24T18:10:22.548+0000] {processor.py:840} INFO - DAG(s) 'example_branch_datetime_operator', 'example_branch_datetime_operator_3', 'example_branch_datetime_operator_2' retrieved from /home/airflow/.local/lib/python3.12/site-packages/airflow/example_dags/example_branch_datetime_operator.py
[2025-09-24T18:10:22.570+0000] {logging_mixin.py:188} INFO - [2025-09-24T18:10:22.570+0000] {dag.py:3096} INFO - Sync 3 DAGs
[2025-09-24T18:10:22.587+0000] {logging_mixin.py:188} INFO - [2025-09-24T18:10:22.587+0000] {dag.py:3954} INFO - Setting next_dagrun for example_branch_datetime_operator to 2025-09-23 00:00:00+00:00, run_after=2025-09-24 00:00:00+00:00
[2025-09-24T18:10:22.592+0000] {logging_mixin.py:188} INFO - [2025-09-24T18:10:22.592+0000] {dag.py:3954} INFO - Setting next_dagrun for example_branch_datetime_operator_2 to 2025-09-23 00:00:00+00:00, run_after=2025-09-24 00:00:00+00:00
[2025-09-24T18:10:22.594+0000] {logging_mixin.py:188} INFO - [2025-09-24T18:10:22.594+0000] {dag.py:3954} INFO - Setting next_dagrun for example_branch_datetime_operator_3 to 2025-09-23 00:00:00+00:00, run_after=2025-09-24 00:00:00+00:00
[2025-09-24T18:10:22.612+0000] {processor.py:183} INFO - Processing /home/airflow/.local/lib/python3.12/site-packages/airflow/example_dags/example_branch_datetime_operator.py took 0.080 seconds
[2025-09-24T18:10:53.325+0000] {processor.py:161} INFO - Started process (PID=622) to work on /home/airflow/.local/lib/python3.12/site-packages/airflow/example_dags/example_branch_datetime_operator.py
[2025-09-24T18:10:53.327+0000] {processor.py:830} INFO - Processing file /home/airflow/.local/lib/python3.12/site-packages/airflow/example_dags/example_branch_datetime_operator.py for tasks to queue
[2025-09-24T18:10:53.328+0000] {logging_mixin.py:188} INFO - [2025-09-24T18:10:53.328+0000] {dagbag.py:545} INFO - Filling up the DagBag from /home/airflow/.local/lib/python3.12/site-packages/airflow/example_dags/example_branch_datetime_operator.py
[2025-09-24T18:10:53.336+0000] {processor.py:840} INFO - DAG(s) 'example_branch_datetime_operator_3', 'example_branch_datetime_operator', 'example_branch_datetime_operator_2' retrieved from /home/airflow/.local/lib/python3.12/site-packages/airflow/example_dags/example_branch_datetime_operator.py
[2025-09-24T18:10:53.355+0000] {logging_mixin.py:188} INFO - [2025-09-24T18:10:53.354+0000] {dag.py:3096} INFO - Sync 3 DAGs
[2025-09-24T18:10:53.377+0000] {logging_mixin.py:188} INFO - [2025-09-24T18:10:53.377+0000] {dag.py:3954} INFO - Setting next_dagrun for example_branch_datetime_operator to 2025-09-23 00:00:00+00:00, run_after=2025-09-24 00:00:00+00:00
[2025-09-24T18:10:53.382+0000] {logging_mixin.py:188} INFO - [2025-09-24T18:10:53.382+0000] {dag.py:3954} INFO - Setting next_dagrun for example_branch_datetime_operator_2 to 2025-09-23 00:00:00+00:00, run_after=2025-09-24 00:00:00+00:00
[2025-09-24T18:10:53.384+0000] {logging_mixin.py:188} INFO - [2025-09-24T18:10:53.384+0000] {dag.py:3954} INFO - Setting next_dagrun for example_branch_datetime_operator_3 to 2025-09-23 00:00:00+00:00, run_after=2025-09-24 00:00:00+00:00
[2025-09-24T18:10:53.426+0000] {processor.py:183} INFO - Processing /home/airflow/.local/lib/python3.12/site-packages/airflow/example_dags/example_branch_datetime_operator.py took 0.105 seconds
[2025-09-24T18:11:23.601+0000] {processor.py:161} INFO - Started process (PID=682) to work on /home/airflow/.local/lib/python3.12/site-packages/airflow/example_dags/example_branch_datetime_operator.py
[2025-09-24T18:11:23.602+0000] {processor.py:830} INFO - Processing file /home/airflow/.local/lib/python3.12/site-packages/airflow/example_dags/example_branch_datetime_operator.py for tasks to queue
[2025-09-24T18:11:23.604+0000] {logging_mixin.py:188} INFO - [2025-09-24T18:11:23.604+0000] {dagbag.py:545} INFO - Filling up the DagBag from /home/airflow/.local/lib/python3.12/site-packages/airflow/example_dags/example_branch_datetime_operator.py
[2025-09-24T18:11:23.611+0000] {processor.py:840} INFO - DAG(s) 'example_branch_datetime_operator_3', 'example_branch_datetime_operator', 'example_branch_datetime_operator_2' retrieved from /home/airflow/.local/lib/python3.12/site-packages/airflow/example_dags/example_branch_datetime_operator.py
[2025-09-24T18:11:23.631+0000] {logging_mixin.py:188} INFO - [2025-09-24T18:11:23.631+0000] {dag.py:3096} INFO - Sync 3 DAGs
[2025-09-24T18:11:23.651+0000] {logging_mixin.py:188} INFO - [2025-09-24T18:11:23.651+0000] {dag.py:3954} INFO - Setting next_dagrun for example_branch_datetime_operator to 2025-09-23 00:00:00+00:00, run_after=2025-09-24 00:00:00+00:00
[2025-09-24T18:11:23.654+0000] {logging_mixin.py:188} INFO - [2025-09-24T18:11:23.654+0000] {dag.py:3954} INFO - Setting next_dagrun for example_branch_datetime_operator_2 to 2025-09-23 00:00:00+00:00, run_after=2025-09-24 00:00:00+00:00
[2025-09-24T18:11:23.659+0000] {logging_mixin.py:188} INFO - [2025-09-24T18:11:23.658+0000] {dag.py:3954} INFO - Setting next_dagrun for example_branch_datetime_operator_3 to 2025-09-23 00:00:00+00:00, run_after=2025-09-24 00:00:00+00:00
[2025-09-24T18:11:23.672+0000] {processor.py:183} INFO - Processing /home/airflow/.local/lib/python3.12/site-packages/airflow/example_dags/example_branch_datetime_operator.py took 0.075 seconds
[2025-09-24T18:11:54.078+0000] {processor.py:161} INFO - Started process (PID=742) to work on /home/airflow/.local/lib/python3.12/site-packages/airflow/example_dags/example_branch_datetime_operator.py
[2025-09-24T18:11:54.079+0000] {processor.py:830} INFO - Processing file /home/airflow/.local/lib/python3.12/site-packages/airflow/example_dags/example_branch_datetime_operator.py for tasks to queue
[2025-09-24T18:11:54.081+0000] {logging_mixin.py:188} INFO - [2025-09-24T18:11:54.081+0000] {dagbag.py:545} INFO - Filling up the DagBag from /home/airflow/.local/lib/python3.12/site-packages/airflow/example_dags/example_branch_datetime_operator.py
[2025-09-24T18:11:54.096+0000] {processor.py:840} INFO - DAG(s) 'example_branch_datetime_operator', 'example_branch_datetime_operator_3', 'example_branch_datetime_operator_2' retrieved from /home/airflow/.local/lib/python3.12/site-packages/airflow/example_dags/example_branch_datetime_operator.py
[2025-09-24T18:11:54.121+0000] {logging_mixin.py:188} INFO - [2025-09-24T18:11:54.121+0000] {dag.py:3096} INFO - Sync 3 DAGs
[2025-09-24T18:11:54.143+0000] {logging_mixin.py:188} INFO - [2025-09-24T18:11:54.143+0000] {dag.py:3954} INFO - Setting next_dagrun for example_branch_datetime_operator to 2025-09-23 00:00:00+00:00, run_after=2025-09-24 00:00:00+00:00
[2025-09-24T18:11:54.149+0000] {logging_mixin.py:188} INFO - [2025-09-24T18:11:54.149+0000] {dag.py:3954} INFO - Setting next_dagrun for example_branch_datetime_operator_2 to 2025-09-23 00:00:00+00:00, run_after=2025-09-24 00:00:00+00:00
[2025-09-24T18:11:54.152+0000] {logging_mixin.py:188} INFO - [2025-09-24T18:11:54.152+0000] {dag.py:3954} INFO - Setting next_dagrun for example_branch_datetime_operator_3 to 2025-09-23 00:00:00+00:00, run_after=2025-09-24 00:00:00+00:00
[2025-09-24T18:11:54.169+0000] {processor.py:183} INFO - Processing /home/airflow/.local/lib/python3.12/site-packages/airflow/example_dags/example_branch_datetime_operator.py took 0.096 seconds
[2025-09-24T18:12:24.427+0000] {processor.py:161} INFO - Started process (PID=802) to work on /home/airflow/.local/lib/python3.12/site-packages/airflow/example_dags/example_branch_datetime_operator.py
[2025-09-24T18:12:24.428+0000] {processor.py:830} INFO - Processing file /home/airflow/.local/lib/python3.12/site-packages/airflow/example_dags/example_branch_datetime_operator.py for tasks to queue
[2025-09-24T18:12:24.432+0000] {logging_mixin.py:188} INFO - [2025-09-24T18:12:24.432+0000] {dagbag.py:545} INFO - Filling up the DagBag from /home/airflow/.local/lib/python3.12/site-packages/airflow/example_dags/example_branch_datetime_operator.py
[2025-09-24T18:12:24.440+0000] {processor.py:840} INFO - DAG(s) 'example_branch_datetime_operator_3', 'example_branch_datetime_operator', 'example_branch_datetime_operator_2' retrieved from /home/airflow/.local/lib/python3.12/site-packages/airflow/example_dags/example_branch_datetime_operator.py
[2025-09-24T18:12:24.461+0000] {logging_mixin.py:188} INFO - [2025-09-24T18:12:24.461+0000] {dag.py:3096} INFO - Sync 3 DAGs
[2025-09-24T18:12:24.479+0000] {logging_mixin.py:188} INFO - [2025-09-24T18:12:24.479+0000] {dag.py:3954} INFO - Setting next_dagrun for example_branch_datetime_operator to 2025-09-23 00:00:00+00:00, run_after=2025-09-24 00:00:00+00:00
[2025-09-24T18:12:24.484+0000] {logging_mixin.py:188} INFO - [2025-09-24T18:12:24.483+0000] {dag.py:3954} INFO - Setting next_dagrun for example_branch_datetime_operator_2 to 2025-09-23 00:00:00+00:00, run_after=2025-09-24 00:00:00+00:00
[2025-09-24T18:12:24.487+0000] {logging_mixin.py:188} INFO - [2025-09-24T18:12:24.487+0000] {dag.py:3954} INFO - Setting next_dagrun for example_branch_datetime_operator_3 to 2025-09-23 00:00:00+00:00, run_after=2025-09-24 00:00:00+00:00
[2025-09-24T18:12:24.501+0000] {processor.py:183} INFO - Processing /home/airflow/.local/lib/python3.12/site-packages/airflow/example_dags/example_branch_datetime_operator.py took 0.081 seconds
[2025-09-24T18:12:54.774+0000] {processor.py:161} INFO - Started process (PID=862) to work on /home/airflow/.local/lib/python3.12/site-packages/airflow/example_dags/example_branch_datetime_operator.py
[2025-09-24T18:12:54.775+0000] {processor.py:830} INFO - Processing file /home/airflow/.local/lib/python3.12/site-packages/airflow/example_dags/example_branch_datetime_operator.py for tasks to queue
[2025-09-24T18:12:54.777+0000] {logging_mixin.py:188} INFO - [2025-09-24T18:12:54.777+0000] {dagbag.py:545} INFO - Filling up the DagBag from /home/airflow/.local/lib/python3.12/site-packages/airflow/example_dags/example_branch_datetime_operator.py
[2025-09-24T18:12:54.785+0000] {processor.py:840} INFO - DAG(s) 'example_branch_datetime_operator_2', 'example_branch_datetime_operator_3', 'example_branch_datetime_operator' retrieved from /home/airflow/.local/lib/python3.12/site-packages/airflow/example_dags/example_branch_datetime_operator.py
[2025-09-24T18:12:54.810+0000] {logging_mixin.py:188} INFO - [2025-09-24T18:12:54.810+0000] {dag.py:3096} INFO - Sync 3 DAGs
[2025-09-24T18:12:54.831+0000] {logging_mixin.py:188} INFO - [2025-09-24T18:12:54.831+0000] {dag.py:3954} INFO - Setting next_dagrun for example_branch_datetime_operator to 2025-09-23 00:00:00+00:00, run_after=2025-09-24 00:00:00+00:00
[2025-09-24T18:12:54.836+0000] {logging_mixin.py:188} INFO - [2025-09-24T18:12:54.836+0000] {dag.py:3954} INFO - Setting next_dagrun for example_branch_datetime_operator_2 to 2025-09-23 00:00:00+00:00, run_after=2025-09-24 00:00:00+00:00
[2025-09-24T18:12:54.838+0000] {logging_mixin.py:188} INFO - [2025-09-24T18:12:54.838+0000] {dag.py:3954} INFO - Setting next_dagrun for example_branch_datetime_operator_3 to 2025-09-23 00:00:00+00:00, run_after=2025-09-24 00:00:00+00:00
[2025-09-24T18:12:54.851+0000] {processor.py:183} INFO - Processing /home/airflow/.local/lib/python3.12/site-packages/airflow/example_dags/example_branch_datetime_operator.py took 0.082 seconds
[2025-09-24T18:13:25.367+0000] {processor.py:161} INFO - Started process (PID=922) to work on /home/airflow/.local/lib/python3.12/site-packages/airflow/example_dags/example_branch_datetime_operator.py
[2025-09-24T18:13:25.368+0000] {processor.py:830} INFO - Processing file /home/airflow/.local/lib/python3.12/site-packages/airflow/example_dags/example_branch_datetime_operator.py for tasks to queue
[2025-09-24T18:13:25.371+0000] {logging_mixin.py:188} INFO - [2025-09-24T18:13:25.370+0000] {dagbag.py:545} INFO - Filling up the DagBag from /home/airflow/.local/lib/python3.12/site-packages/airflow/example_dags/example_branch_datetime_operator.py
[2025-09-24T18:13:25.380+0000] {processor.py:840} INFO - DAG(s) 'example_branch_datetime_operator_2', 'example_branch_datetime_operator', 'example_branch_datetime_operator_3' retrieved from /home/airflow/.local/lib/python3.12/site-packages/airflow/example_dags/example_branch_datetime_operator.py
[2025-09-24T18:13:25.402+0000] {logging_mixin.py:188} INFO - [2025-09-24T18:13:25.402+0000] {dag.py:3096} INFO - Sync 3 DAGs
[2025-09-24T18:13:25.421+0000] {logging_mixin.py:188} INFO - [2025-09-24T18:13:25.421+0000] {dag.py:3954} INFO - Setting next_dagrun for example_branch_datetime_operator to 2025-09-23 00:00:00+00:00, run_after=2025-09-24 00:00:00+00:00
[2025-09-24T18:13:25.426+0000] {logging_mixin.py:188} INFO - [2025-09-24T18:13:25.425+0000] {dag.py:3954} INFO - Setting next_dagrun for example_branch_datetime_operator_2 to 2025-09-23 00:00:00+00:00, run_after=2025-09-24 00:00:00+00:00
[2025-09-24T18:13:25.428+0000] {logging_mixin.py:188} INFO - [2025-09-24T18:13:25.428+0000] {dag.py:3954} INFO - Setting next_dagrun for example_branch_datetime_operator_3 to 2025-09-23 00:00:00+00:00, run_after=2025-09-24 00:00:00+00:00
[2025-09-24T18:13:25.444+0000] {processor.py:183} INFO - Processing /home/airflow/.local/lib/python3.12/site-packages/airflow/example_dags/example_branch_datetime_operator.py took 0.084 seconds
