[2025-09-24T18:06:20.793+0000] {processor.py:161} INFO - Started process (PID=88) to work on /home/airflow/.local/lib/python3.12/site-packages/airflow/example_dags/example_external_task_marker_dag.py
[2025-09-24T18:06:20.795+0000] {processor.py:830} INFO - Processing file /home/airflow/.local/lib/python3.12/site-packages/airflow/example_dags/example_external_task_marker_dag.py for tasks to queue
[2025-09-24T18:06:20.798+0000] {logging_mixin.py:188} INFO - [2025-09-24T18:06:20.798+0000] {dagbag.py:545} INFO - Filling up the DagBag from /home/airflow/.local/lib/python3.12/site-packages/airflow/example_dags/example_external_task_marker_dag.py
[2025-09-24T18:06:20.809+0000] {processor.py:840} INFO - DAG(s) 'example_external_task_marker_child', 'example_external_task_marker_parent' retrieved from /home/airflow/.local/lib/python3.12/site-packages/airflow/example_dags/example_external_task_marker_dag.py
[2025-09-24T18:06:20.922+0000] {logging_mixin.py:188} INFO - [2025-09-24T18:06:20.922+0000] {dag.py:3096} INFO - Sync 2 DAGs
[2025-09-24T18:06:20.935+0000] {logging_mixin.py:188} INFO - [2025-09-24T18:06:20.934+0000] {dag.py:3954} INFO - Setting next_dagrun for example_external_task_marker_child to None, run_after=None
[2025-09-24T18:06:20.939+0000] {logging_mixin.py:188} INFO - [2025-09-24T18:06:20.939+0000] {dag.py:3954} INFO - Setting next_dagrun for example_external_task_marker_parent to None, run_after=None
[2025-09-24T18:06:20.963+0000] {processor.py:183} INFO - Processing /home/airflow/.local/lib/python3.12/site-packages/airflow/example_dags/example_external_task_marker_dag.py took 0.176 seconds
[2025-09-24T18:06:51.044+0000] {processor.py:161} INFO - Started process (PID=148) to work on /home/airflow/.local/lib/python3.12/site-packages/airflow/example_dags/example_external_task_marker_dag.py
[2025-09-24T18:06:51.045+0000] {processor.py:830} INFO - Processing file /home/airflow/.local/lib/python3.12/site-packages/airflow/example_dags/example_external_task_marker_dag.py for tasks to queue
[2025-09-24T18:06:51.047+0000] {logging_mixin.py:188} INFO - [2025-09-24T18:06:51.047+0000] {dagbag.py:545} INFO - Filling up the DagBag from /home/airflow/.local/lib/python3.12/site-packages/airflow/example_dags/example_external_task_marker_dag.py
[2025-09-24T18:06:51.052+0000] {processor.py:840} INFO - DAG(s) 'example_external_task_marker_child', 'example_external_task_marker_parent' retrieved from /home/airflow/.local/lib/python3.12/site-packages/airflow/example_dags/example_external_task_marker_dag.py
[2025-09-24T18:06:51.073+0000] {logging_mixin.py:188} INFO - [2025-09-24T18:06:51.072+0000] {dag.py:3096} INFO - Sync 2 DAGs
[2025-09-24T18:06:51.085+0000] {logging_mixin.py:188} INFO - [2025-09-24T18:06:51.084+0000] {dag.py:3954} INFO - Setting next_dagrun for example_external_task_marker_child to None, run_after=None
[2025-09-24T18:06:51.088+0000] {logging_mixin.py:188} INFO - [2025-09-24T18:06:51.088+0000] {dag.py:3954} INFO - Setting next_dagrun for example_external_task_marker_parent to None, run_after=None
[2025-09-24T18:06:51.102+0000] {processor.py:183} INFO - Processing /home/airflow/.local/lib/python3.12/site-packages/airflow/example_dags/example_external_task_marker_dag.py took 0.063 seconds
[2025-09-24T18:07:21.428+0000] {processor.py:161} INFO - Started process (PID=214) to work on /home/airflow/.local/lib/python3.12/site-packages/airflow/example_dags/example_external_task_marker_dag.py
[2025-09-24T18:07:21.429+0000] {processor.py:830} INFO - Processing file /home/airflow/.local/lib/python3.12/site-packages/airflow/example_dags/example_external_task_marker_dag.py for tasks to queue
[2025-09-24T18:07:21.431+0000] {logging_mixin.py:188} INFO - [2025-09-24T18:07:21.430+0000] {dagbag.py:545} INFO - Filling up the DagBag from /home/airflow/.local/lib/python3.12/site-packages/airflow/example_dags/example_external_task_marker_dag.py
[2025-09-24T18:07:21.437+0000] {processor.py:840} INFO - DAG(s) 'example_external_task_marker_parent', 'example_external_task_marker_child' retrieved from /home/airflow/.local/lib/python3.12/site-packages/airflow/example_dags/example_external_task_marker_dag.py
[2025-09-24T18:07:21.454+0000] {logging_mixin.py:188} INFO - [2025-09-24T18:07:21.454+0000] {dag.py:3096} INFO - Sync 2 DAGs
[2025-09-24T18:07:21.464+0000] {logging_mixin.py:188} INFO - [2025-09-24T18:07:21.464+0000] {dag.py:3954} INFO - Setting next_dagrun for example_external_task_marker_child to None, run_after=None
[2025-09-24T18:07:21.468+0000] {logging_mixin.py:188} INFO - [2025-09-24T18:07:21.468+0000] {dag.py:3954} INFO - Setting next_dagrun for example_external_task_marker_parent to None, run_after=None
[2025-09-24T18:07:21.481+0000] {processor.py:183} INFO - Processing /home/airflow/.local/lib/python3.12/site-packages/airflow/example_dags/example_external_task_marker_dag.py took 0.058 seconds
[2025-09-24T18:07:51.677+0000] {processor.py:161} INFO - Started process (PID=274) to work on /home/airflow/.local/lib/python3.12/site-packages/airflow/example_dags/example_external_task_marker_dag.py
[2025-09-24T18:07:51.679+0000] {processor.py:830} INFO - Processing file /home/airflow/.local/lib/python3.12/site-packages/airflow/example_dags/example_external_task_marker_dag.py for tasks to queue
[2025-09-24T18:07:51.681+0000] {logging_mixin.py:188} INFO - [2025-09-24T18:07:51.681+0000] {dagbag.py:545} INFO - Filling up the DagBag from /home/airflow/.local/lib/python3.12/site-packages/airflow/example_dags/example_external_task_marker_dag.py
[2025-09-24T18:07:51.687+0000] {processor.py:840} INFO - DAG(s) 'example_external_task_marker_parent', 'example_external_task_marker_child' retrieved from /home/airflow/.local/lib/python3.12/site-packages/airflow/example_dags/example_external_task_marker_dag.py
[2025-09-24T18:07:51.715+0000] {logging_mixin.py:188} INFO - [2025-09-24T18:07:51.715+0000] {dag.py:3096} INFO - Sync 2 DAGs
[2025-09-24T18:07:51.734+0000] {logging_mixin.py:188} INFO - [2025-09-24T18:07:51.734+0000] {dag.py:3954} INFO - Setting next_dagrun for example_external_task_marker_child to None, run_after=None
[2025-09-24T18:07:51.739+0000] {logging_mixin.py:188} INFO - [2025-09-24T18:07:51.739+0000] {dag.py:3954} INFO - Setting next_dagrun for example_external_task_marker_parent to None, run_after=None
[2025-09-24T18:07:51.761+0000] {processor.py:183} INFO - Processing /home/airflow/.local/lib/python3.12/site-packages/airflow/example_dags/example_external_task_marker_dag.py took 0.090 seconds
[2025-09-24T18:08:22.951+0000] {processor.py:161} INFO - Started process (PID=334) to work on /home/airflow/.local/lib/python3.12/site-packages/airflow/example_dags/example_external_task_marker_dag.py
[2025-09-24T18:08:22.952+0000] {processor.py:830} INFO - Processing file /home/airflow/.local/lib/python3.12/site-packages/airflow/example_dags/example_external_task_marker_dag.py for tasks to queue
[2025-09-24T18:08:22.954+0000] {logging_mixin.py:188} INFO - [2025-09-24T18:08:22.954+0000] {dagbag.py:545} INFO - Filling up the DagBag from /home/airflow/.local/lib/python3.12/site-packages/airflow/example_dags/example_external_task_marker_dag.py
[2025-09-24T18:08:22.961+0000] {processor.py:840} INFO - DAG(s) 'example_external_task_marker_parent', 'example_external_task_marker_child' retrieved from /home/airflow/.local/lib/python3.12/site-packages/airflow/example_dags/example_external_task_marker_dag.py
[2025-09-24T18:08:22.987+0000] {logging_mixin.py:188} INFO - [2025-09-24T18:08:22.987+0000] {dag.py:3096} INFO - Sync 2 DAGs
[2025-09-24T18:08:23.000+0000] {logging_mixin.py:188} INFO - [2025-09-24T18:08:22.999+0000] {dag.py:3954} INFO - Setting next_dagrun for example_external_task_marker_child to None, run_after=None
[2025-09-24T18:08:23.004+0000] {logging_mixin.py:188} INFO - [2025-09-24T18:08:23.004+0000] {dag.py:3954} INFO - Setting next_dagrun for example_external_task_marker_parent to None, run_after=None
[2025-09-24T18:08:23.020+0000] {processor.py:183} INFO - Processing /home/airflow/.local/lib/python3.12/site-packages/airflow/example_dags/example_external_task_marker_dag.py took 0.075 seconds
[2025-09-24T18:08:53.448+0000] {processor.py:161} INFO - Started process (PID=394) to work on /home/airflow/.local/lib/python3.12/site-packages/airflow/example_dags/example_external_task_marker_dag.py
[2025-09-24T18:08:53.449+0000] {processor.py:830} INFO - Processing file /home/airflow/.local/lib/python3.12/site-packages/airflow/example_dags/example_external_task_marker_dag.py for tasks to queue
[2025-09-24T18:08:53.451+0000] {logging_mixin.py:188} INFO - [2025-09-24T18:08:53.451+0000] {dagbag.py:545} INFO - Filling up the DagBag from /home/airflow/.local/lib/python3.12/site-packages/airflow/example_dags/example_external_task_marker_dag.py
[2025-09-24T18:08:53.457+0000] {processor.py:840} INFO - DAG(s) 'example_external_task_marker_parent', 'example_external_task_marker_child' retrieved from /home/airflow/.local/lib/python3.12/site-packages/airflow/example_dags/example_external_task_marker_dag.py
[2025-09-24T18:08:53.479+0000] {logging_mixin.py:188} INFO - [2025-09-24T18:08:53.479+0000] {dag.py:3096} INFO - Sync 2 DAGs
[2025-09-24T18:08:53.490+0000] {logging_mixin.py:188} INFO - [2025-09-24T18:08:53.490+0000] {dag.py:3954} INFO - Setting next_dagrun for example_external_task_marker_child to None, run_after=None
[2025-09-24T18:08:53.494+0000] {logging_mixin.py:188} INFO - [2025-09-24T18:08:53.494+0000] {dag.py:3954} INFO - Setting next_dagrun for example_external_task_marker_parent to None, run_after=None
[2025-09-24T18:08:53.509+0000] {processor.py:183} INFO - Processing /home/airflow/.local/lib/python3.12/site-packages/airflow/example_dags/example_external_task_marker_dag.py took 0.065 seconds
[2025-09-24T18:09:23.830+0000] {processor.py:161} INFO - Started process (PID=454) to work on /home/airflow/.local/lib/python3.12/site-packages/airflow/example_dags/example_external_task_marker_dag.py
[2025-09-24T18:09:23.831+0000] {processor.py:830} INFO - Processing file /home/airflow/.local/lib/python3.12/site-packages/airflow/example_dags/example_external_task_marker_dag.py for tasks to queue
[2025-09-24T18:09:23.833+0000] {logging_mixin.py:188} INFO - [2025-09-24T18:09:23.833+0000] {dagbag.py:545} INFO - Filling up the DagBag from /home/airflow/.local/lib/python3.12/site-packages/airflow/example_dags/example_external_task_marker_dag.py
[2025-09-24T18:09:23.839+0000] {processor.py:840} INFO - DAG(s) 'example_external_task_marker_parent', 'example_external_task_marker_child' retrieved from /home/airflow/.local/lib/python3.12/site-packages/airflow/example_dags/example_external_task_marker_dag.py
[2025-09-24T18:09:23.861+0000] {logging_mixin.py:188} INFO - [2025-09-24T18:09:23.861+0000] {dag.py:3096} INFO - Sync 2 DAGs
[2025-09-24T18:09:23.872+0000] {logging_mixin.py:188} INFO - [2025-09-24T18:09:23.872+0000] {dag.py:3954} INFO - Setting next_dagrun for example_external_task_marker_child to None, run_after=None
[2025-09-24T18:09:23.876+0000] {logging_mixin.py:188} INFO - [2025-09-24T18:09:23.876+0000] {dag.py:3954} INFO - Setting next_dagrun for example_external_task_marker_parent to None, run_after=None
[2025-09-24T18:09:23.891+0000] {processor.py:183} INFO - Processing /home/airflow/.local/lib/python3.12/site-packages/airflow/example_dags/example_external_task_marker_dag.py took 0.065 seconds
[2025-09-24T18:09:54.245+0000] {processor.py:161} INFO - Started process (PID=514) to work on /home/airflow/.local/lib/python3.12/site-packages/airflow/example_dags/example_external_task_marker_dag.py
[2025-09-24T18:09:54.246+0000] {processor.py:830} INFO - Processing file /home/airflow/.local/lib/python3.12/site-packages/airflow/example_dags/example_external_task_marker_dag.py for tasks to queue
[2025-09-24T18:09:54.248+0000] {logging_mixin.py:188} INFO - [2025-09-24T18:09:54.247+0000] {dagbag.py:545} INFO - Filling up the DagBag from /home/airflow/.local/lib/python3.12/site-packages/airflow/example_dags/example_external_task_marker_dag.py
[2025-09-24T18:09:54.253+0000] {processor.py:840} INFO - DAG(s) 'example_external_task_marker_parent', 'example_external_task_marker_child' retrieved from /home/airflow/.local/lib/python3.12/site-packages/airflow/example_dags/example_external_task_marker_dag.py
[2025-09-24T18:09:54.275+0000] {logging_mixin.py:188} INFO - [2025-09-24T18:09:54.275+0000] {dag.py:3096} INFO - Sync 2 DAGs
[2025-09-24T18:09:54.288+0000] {logging_mixin.py:188} INFO - [2025-09-24T18:09:54.288+0000] {dag.py:3954} INFO - Setting next_dagrun for example_external_task_marker_child to None, run_after=None
[2025-09-24T18:09:54.293+0000] {logging_mixin.py:188} INFO - [2025-09-24T18:09:54.292+0000] {dag.py:3954} INFO - Setting next_dagrun for example_external_task_marker_parent to None, run_after=None
[2025-09-24T18:09:54.308+0000] {processor.py:183} INFO - Processing /home/airflow/.local/lib/python3.12/site-packages/airflow/example_dags/example_external_task_marker_dag.py took 0.069 seconds
[2025-09-24T18:10:24.410+0000] {processor.py:161} INFO - Started process (PID=573) to work on /home/airflow/.local/lib/python3.12/site-packages/airflow/example_dags/example_external_task_marker_dag.py
[2025-09-24T18:10:24.411+0000] {processor.py:830} INFO - Processing file /home/airflow/.local/lib/python3.12/site-packages/airflow/example_dags/example_external_task_marker_dag.py for tasks to queue
[2025-09-24T18:10:24.413+0000] {logging_mixin.py:188} INFO - [2025-09-24T18:10:24.413+0000] {dagbag.py:545} INFO - Filling up the DagBag from /home/airflow/.local/lib/python3.12/site-packages/airflow/example_dags/example_external_task_marker_dag.py
[2025-09-24T18:10:24.418+0000] {processor.py:840} INFO - DAG(s) 'example_external_task_marker_child', 'example_external_task_marker_parent' retrieved from /home/airflow/.local/lib/python3.12/site-packages/airflow/example_dags/example_external_task_marker_dag.py
[2025-09-24T18:10:24.435+0000] {logging_mixin.py:188} INFO - [2025-09-24T18:10:24.435+0000] {dag.py:3096} INFO - Sync 2 DAGs
[2025-09-24T18:10:24.445+0000] {logging_mixin.py:188} INFO - [2025-09-24T18:10:24.445+0000] {dag.py:3954} INFO - Setting next_dagrun for example_external_task_marker_child to None, run_after=None
[2025-09-24T18:10:24.450+0000] {logging_mixin.py:188} INFO - [2025-09-24T18:10:24.450+0000] {dag.py:3954} INFO - Setting next_dagrun for example_external_task_marker_parent to None, run_after=None
[2025-09-24T18:10:24.479+0000] {processor.py:183} INFO - Processing /home/airflow/.local/lib/python3.12/site-packages/airflow/example_dags/example_external_task_marker_dag.py took 0.074 seconds
[2025-09-24T18:10:54.959+0000] {processor.py:161} INFO - Started process (PID=633) to work on /home/airflow/.local/lib/python3.12/site-packages/airflow/example_dags/example_external_task_marker_dag.py
[2025-09-24T18:10:54.960+0000] {processor.py:830} INFO - Processing file /home/airflow/.local/lib/python3.12/site-packages/airflow/example_dags/example_external_task_marker_dag.py for tasks to queue
[2025-09-24T18:10:54.962+0000] {logging_mixin.py:188} INFO - [2025-09-24T18:10:54.962+0000] {dagbag.py:545} INFO - Filling up the DagBag from /home/airflow/.local/lib/python3.12/site-packages/airflow/example_dags/example_external_task_marker_dag.py
[2025-09-24T18:10:54.967+0000] {processor.py:840} INFO - DAG(s) 'example_external_task_marker_child', 'example_external_task_marker_parent' retrieved from /home/airflow/.local/lib/python3.12/site-packages/airflow/example_dags/example_external_task_marker_dag.py
[2025-09-24T18:10:54.986+0000] {logging_mixin.py:188} INFO - [2025-09-24T18:10:54.985+0000] {dag.py:3096} INFO - Sync 2 DAGs
[2025-09-24T18:10:54.995+0000] {logging_mixin.py:188} INFO - [2025-09-24T18:10:54.995+0000] {dag.py:3954} INFO - Setting next_dagrun for example_external_task_marker_child to None, run_after=None
[2025-09-24T18:10:54.998+0000] {logging_mixin.py:188} INFO - [2025-09-24T18:10:54.998+0000] {dag.py:3954} INFO - Setting next_dagrun for example_external_task_marker_parent to None, run_after=None
[2025-09-24T18:10:55.047+0000] {processor.py:183} INFO - Processing /home/airflow/.local/lib/python3.12/site-packages/airflow/example_dags/example_external_task_marker_dag.py took 0.092 seconds
[2025-09-24T18:11:25.318+0000] {processor.py:161} INFO - Started process (PID=693) to work on /home/airflow/.local/lib/python3.12/site-packages/airflow/example_dags/example_external_task_marker_dag.py
[2025-09-24T18:11:25.320+0000] {processor.py:830} INFO - Processing file /home/airflow/.local/lib/python3.12/site-packages/airflow/example_dags/example_external_task_marker_dag.py for tasks to queue
[2025-09-24T18:11:25.322+0000] {logging_mixin.py:188} INFO - [2025-09-24T18:11:25.321+0000] {dagbag.py:545} INFO - Filling up the DagBag from /home/airflow/.local/lib/python3.12/site-packages/airflow/example_dags/example_external_task_marker_dag.py
[2025-09-24T18:11:25.327+0000] {processor.py:840} INFO - DAG(s) 'example_external_task_marker_child', 'example_external_task_marker_parent' retrieved from /home/airflow/.local/lib/python3.12/site-packages/airflow/example_dags/example_external_task_marker_dag.py
[2025-09-24T18:11:25.345+0000] {logging_mixin.py:188} INFO - [2025-09-24T18:11:25.345+0000] {dag.py:3096} INFO - Sync 2 DAGs
[2025-09-24T18:11:25.354+0000] {logging_mixin.py:188} INFO - [2025-09-24T18:11:25.354+0000] {dag.py:3954} INFO - Setting next_dagrun for example_external_task_marker_child to None, run_after=None
[2025-09-24T18:11:25.359+0000] {logging_mixin.py:188} INFO - [2025-09-24T18:11:25.359+0000] {dag.py:3954} INFO - Setting next_dagrun for example_external_task_marker_parent to None, run_after=None
[2025-09-24T18:11:25.378+0000] {processor.py:183} INFO - Processing /home/airflow/.local/lib/python3.12/site-packages/airflow/example_dags/example_external_task_marker_dag.py took 0.064 seconds
[2025-09-24T18:11:55.898+0000] {processor.py:161} INFO - Started process (PID=753) to work on /home/airflow/.local/lib/python3.12/site-packages/airflow/example_dags/example_external_task_marker_dag.py
[2025-09-24T18:11:55.900+0000] {processor.py:830} INFO - Processing file /home/airflow/.local/lib/python3.12/site-packages/airflow/example_dags/example_external_task_marker_dag.py for tasks to queue
[2025-09-24T18:11:55.901+0000] {logging_mixin.py:188} INFO - [2025-09-24T18:11:55.901+0000] {dagbag.py:545} INFO - Filling up the DagBag from /home/airflow/.local/lib/python3.12/site-packages/airflow/example_dags/example_external_task_marker_dag.py
[2025-09-24T18:11:55.906+0000] {processor.py:840} INFO - DAG(s) 'example_external_task_marker_child', 'example_external_task_marker_parent' retrieved from /home/airflow/.local/lib/python3.12/site-packages/airflow/example_dags/example_external_task_marker_dag.py
[2025-09-24T18:11:55.923+0000] {logging_mixin.py:188} INFO - [2025-09-24T18:11:55.922+0000] {dag.py:3096} INFO - Sync 2 DAGs
[2025-09-24T18:11:55.932+0000] {logging_mixin.py:188} INFO - [2025-09-24T18:11:55.932+0000] {dag.py:3954} INFO - Setting next_dagrun for example_external_task_marker_child to None, run_after=None
[2025-09-24T18:11:55.938+0000] {logging_mixin.py:188} INFO - [2025-09-24T18:11:55.938+0000] {dag.py:3954} INFO - Setting next_dagrun for example_external_task_marker_parent to None, run_after=None
[2025-09-24T18:11:56.064+0000] {processor.py:183} INFO - Processing /home/airflow/.local/lib/python3.12/site-packages/airflow/example_dags/example_external_task_marker_dag.py took 0.170 seconds
[2025-09-24T18:12:26.623+0000] {processor.py:161} INFO - Started process (PID=813) to work on /home/airflow/.local/lib/python3.12/site-packages/airflow/example_dags/example_external_task_marker_dag.py
[2025-09-24T18:12:26.625+0000] {processor.py:830} INFO - Processing file /home/airflow/.local/lib/python3.12/site-packages/airflow/example_dags/example_external_task_marker_dag.py for tasks to queue
[2025-09-24T18:12:26.629+0000] {logging_mixin.py:188} INFO - [2025-09-24T18:12:26.629+0000] {dagbag.py:545} INFO - Filling up the DagBag from /home/airflow/.local/lib/python3.12/site-packages/airflow/example_dags/example_external_task_marker_dag.py
[2025-09-24T18:12:26.635+0000] {processor.py:840} INFO - DAG(s) 'example_external_task_marker_child', 'example_external_task_marker_parent' retrieved from /home/airflow/.local/lib/python3.12/site-packages/airflow/example_dags/example_external_task_marker_dag.py
[2025-09-24T18:12:26.653+0000] {logging_mixin.py:188} INFO - [2025-09-24T18:12:26.653+0000] {dag.py:3096} INFO - Sync 2 DAGs
[2025-09-24T18:12:26.668+0000] {logging_mixin.py:188} INFO - [2025-09-24T18:12:26.668+0000] {dag.py:3954} INFO - Setting next_dagrun for example_external_task_marker_child to None, run_after=None
[2025-09-24T18:12:26.671+0000] {logging_mixin.py:188} INFO - [2025-09-24T18:12:26.671+0000] {dag.py:3954} INFO - Setting next_dagrun for example_external_task_marker_parent to None, run_after=None
[2025-09-24T18:12:26.688+0000] {processor.py:183} INFO - Processing /home/airflow/.local/lib/python3.12/site-packages/airflow/example_dags/example_external_task_marker_dag.py took 0.069 seconds
[2025-09-24T18:12:57.637+0000] {processor.py:161} INFO - Started process (PID=873) to work on /home/airflow/.local/lib/python3.12/site-packages/airflow/example_dags/example_external_task_marker_dag.py
[2025-09-24T18:12:57.638+0000] {processor.py:830} INFO - Processing file /home/airflow/.local/lib/python3.12/site-packages/airflow/example_dags/example_external_task_marker_dag.py for tasks to queue
[2025-09-24T18:12:57.639+0000] {logging_mixin.py:188} INFO - [2025-09-24T18:12:57.639+0000] {dagbag.py:545} INFO - Filling up the DagBag from /home/airflow/.local/lib/python3.12/site-packages/airflow/example_dags/example_external_task_marker_dag.py
[2025-09-24T18:12:57.644+0000] {processor.py:840} INFO - DAG(s) 'example_external_task_marker_child', 'example_external_task_marker_parent' retrieved from /home/airflow/.local/lib/python3.12/site-packages/airflow/example_dags/example_external_task_marker_dag.py
[2025-09-24T18:12:57.660+0000] {logging_mixin.py:188} INFO - [2025-09-24T18:12:57.660+0000] {dag.py:3096} INFO - Sync 2 DAGs
[2025-09-24T18:12:57.670+0000] {logging_mixin.py:188} INFO - [2025-09-24T18:12:57.670+0000] {dag.py:3954} INFO - Setting next_dagrun for example_external_task_marker_child to None, run_after=None
[2025-09-24T18:12:57.673+0000] {logging_mixin.py:188} INFO - [2025-09-24T18:12:57.673+0000] {dag.py:3954} INFO - Setting next_dagrun for example_external_task_marker_parent to None, run_after=None
[2025-09-24T18:12:57.686+0000] {processor.py:183} INFO - Processing /home/airflow/.local/lib/python3.12/site-packages/airflow/example_dags/example_external_task_marker_dag.py took 0.054 seconds
[2025-09-24T18:13:27.944+0000] {processor.py:161} INFO - Started process (PID=933) to work on /home/airflow/.local/lib/python3.12/site-packages/airflow/example_dags/example_external_task_marker_dag.py
[2025-09-24T18:13:27.945+0000] {processor.py:830} INFO - Processing file /home/airflow/.local/lib/python3.12/site-packages/airflow/example_dags/example_external_task_marker_dag.py for tasks to queue
[2025-09-24T18:13:27.947+0000] {logging_mixin.py:188} INFO - [2025-09-24T18:13:27.947+0000] {dagbag.py:545} INFO - Filling up the DagBag from /home/airflow/.local/lib/python3.12/site-packages/airflow/example_dags/example_external_task_marker_dag.py
[2025-09-24T18:13:27.953+0000] {processor.py:840} INFO - DAG(s) 'example_external_task_marker_child', 'example_external_task_marker_parent' retrieved from /home/airflow/.local/lib/python3.12/site-packages/airflow/example_dags/example_external_task_marker_dag.py
[2025-09-24T18:13:27.972+0000] {logging_mixin.py:188} INFO - [2025-09-24T18:13:27.971+0000] {dag.py:3096} INFO - Sync 2 DAGs
[2025-09-24T18:13:27.983+0000] {logging_mixin.py:188} INFO - [2025-09-24T18:13:27.983+0000] {dag.py:3954} INFO - Setting next_dagrun for example_external_task_marker_child to None, run_after=None
[2025-09-24T18:13:27.986+0000] {logging_mixin.py:188} INFO - [2025-09-24T18:13:27.986+0000] {dag.py:3954} INFO - Setting next_dagrun for example_external_task_marker_parent to None, run_after=None
[2025-09-24T18:13:28.001+0000] {processor.py:183} INFO - Processing /home/airflow/.local/lib/python3.12/site-packages/airflow/example_dags/example_external_task_marker_dag.py took 0.061 seconds
