[2025-09-24T18:06:18.081+0000] {processor.py:161} INFO - Started process (PID=73) to work on /home/airflow/.local/lib/python3.12/site-packages/airflow/example_dags/example_xcomargs.py
[2025-09-24T18:06:18.083+0000] {processor.py:830} INFO - Processing file /home/airflow/.local/lib/python3.12/site-packages/airflow/example_dags/example_xcomargs.py for tasks to queue
[2025-09-24T18:06:18.086+0000] {logging_mixin.py:188} INFO - [2025-09-24T18:06:18.085+0000] {dagbag.py:545} INFO - Filling up the DagBag from /home/airflow/.local/lib/python3.12/site-packages/airflow/example_dags/example_xcomargs.py
[2025-09-24T18:06:18.105+0000] {processor.py:840} INFO - DAG(s) 'example_xcom_args', 'example_xcom_args_with_operators' retrieved from /home/airflow/.local/lib/python3.12/site-packages/airflow/example_dags/example_xcomargs.py
[2025-09-24T18:06:18.129+0000] {logging_mixin.py:188} INFO - [2025-09-24T18:06:18.128+0000] {dag.py:3096} INFO - Sync 2 DAGs
[2025-09-24T18:06:18.160+0000] {logging_mixin.py:188} INFO - [2025-09-24T18:06:18.159+0000] {dag.py:3954} INFO - Setting next_dagrun for example_xcom_args to None, run_after=None
[2025-09-24T18:06:18.166+0000] {logging_mixin.py:188} INFO - [2025-09-24T18:06:18.166+0000] {dag.py:3954} INFO - Setting next_dagrun for example_xcom_args_with_operators to None, run_after=None
[2025-09-24T18:06:18.206+0000] {processor.py:183} INFO - Processing /home/airflow/.local/lib/python3.12/site-packages/airflow/example_dags/example_xcomargs.py took 0.134 seconds
[2025-09-24T18:06:48.738+0000] {processor.py:161} INFO - Started process (PID=131) to work on /home/airflow/.local/lib/python3.12/site-packages/airflow/example_dags/example_xcomargs.py
[2025-09-24T18:06:48.739+0000] {processor.py:830} INFO - Processing file /home/airflow/.local/lib/python3.12/site-packages/airflow/example_dags/example_xcomargs.py for tasks to queue
[2025-09-24T18:06:48.742+0000] {logging_mixin.py:188} INFO - [2025-09-24T18:06:48.741+0000] {dagbag.py:545} INFO - Filling up the DagBag from /home/airflow/.local/lib/python3.12/site-packages/airflow/example_dags/example_xcomargs.py
[2025-09-24T18:06:48.749+0000] {processor.py:840} INFO - DAG(s) 'example_xcom_args', 'example_xcom_args_with_operators' retrieved from /home/airflow/.local/lib/python3.12/site-packages/airflow/example_dags/example_xcomargs.py
[2025-09-24T18:06:48.865+0000] {logging_mixin.py:188} INFO - [2025-09-24T18:06:48.865+0000] {dag.py:3096} INFO - Sync 2 DAGs
[2025-09-24T18:06:48.878+0000] {logging_mixin.py:188} INFO - [2025-09-24T18:06:48.877+0000] {dag.py:3954} INFO - Setting next_dagrun for example_xcom_args to None, run_after=None
[2025-09-24T18:06:48.881+0000] {logging_mixin.py:188} INFO - [2025-09-24T18:06:48.881+0000] {dag.py:3954} INFO - Setting next_dagrun for example_xcom_args_with_operators to None, run_after=None
[2025-09-24T18:06:48.900+0000] {processor.py:183} INFO - Processing /home/airflow/.local/lib/python3.12/site-packages/airflow/example_dags/example_xcomargs.py took 0.168 seconds
[2025-09-24T18:07:19.340+0000] {processor.py:161} INFO - Started process (PID=191) to work on /home/airflow/.local/lib/python3.12/site-packages/airflow/example_dags/example_xcomargs.py
[2025-09-24T18:07:19.341+0000] {processor.py:830} INFO - Processing file /home/airflow/.local/lib/python3.12/site-packages/airflow/example_dags/example_xcomargs.py for tasks to queue
[2025-09-24T18:07:19.343+0000] {logging_mixin.py:188} INFO - [2025-09-24T18:07:19.342+0000] {dagbag.py:545} INFO - Filling up the DagBag from /home/airflow/.local/lib/python3.12/site-packages/airflow/example_dags/example_xcomargs.py
[2025-09-24T18:07:19.350+0000] {processor.py:840} INFO - DAG(s) 'example_xcom_args_with_operators', 'example_xcom_args' retrieved from /home/airflow/.local/lib/python3.12/site-packages/airflow/example_dags/example_xcomargs.py
[2025-09-24T18:07:19.366+0000] {logging_mixin.py:188} INFO - [2025-09-24T18:07:19.366+0000] {dag.py:3096} INFO - Sync 2 DAGs
[2025-09-24T18:07:19.384+0000] {logging_mixin.py:188} INFO - [2025-09-24T18:07:19.384+0000] {dag.py:3954} INFO - Setting next_dagrun for example_xcom_args to None, run_after=None
[2025-09-24T18:07:19.393+0000] {logging_mixin.py:188} INFO - [2025-09-24T18:07:19.393+0000] {dag.py:3954} INFO - Setting next_dagrun for example_xcom_args_with_operators to None, run_after=None
[2025-09-24T18:07:19.409+0000] {processor.py:183} INFO - Processing /home/airflow/.local/lib/python3.12/site-packages/airflow/example_dags/example_xcomargs.py took 0.073 seconds
[2025-09-24T18:07:50.051+0000] {processor.py:161} INFO - Started process (PID=251) to work on /home/airflow/.local/lib/python3.12/site-packages/airflow/example_dags/example_xcomargs.py
[2025-09-24T18:07:50.052+0000] {processor.py:830} INFO - Processing file /home/airflow/.local/lib/python3.12/site-packages/airflow/example_dags/example_xcomargs.py for tasks to queue
[2025-09-24T18:07:50.054+0000] {logging_mixin.py:188} INFO - [2025-09-24T18:07:50.054+0000] {dagbag.py:545} INFO - Filling up the DagBag from /home/airflow/.local/lib/python3.12/site-packages/airflow/example_dags/example_xcomargs.py
[2025-09-24T18:07:50.061+0000] {processor.py:840} INFO - DAG(s) 'example_xcom_args_with_operators', 'example_xcom_args' retrieved from /home/airflow/.local/lib/python3.12/site-packages/airflow/example_dags/example_xcomargs.py
[2025-09-24T18:07:50.080+0000] {logging_mixin.py:188} INFO - [2025-09-24T18:07:50.080+0000] {dag.py:3096} INFO - Sync 2 DAGs
[2025-09-24T18:07:50.093+0000] {logging_mixin.py:188} INFO - [2025-09-24T18:07:50.093+0000] {dag.py:3954} INFO - Setting next_dagrun for example_xcom_args to None, run_after=None
[2025-09-24T18:07:50.097+0000] {logging_mixin.py:188} INFO - [2025-09-24T18:07:50.097+0000] {dag.py:3954} INFO - Setting next_dagrun for example_xcom_args_with_operators to None, run_after=None
[2025-09-24T18:07:50.112+0000] {processor.py:183} INFO - Processing /home/airflow/.local/lib/python3.12/site-packages/airflow/example_dags/example_xcomargs.py took 0.069 seconds
[2025-09-24T18:08:20.640+0000] {processor.py:161} INFO - Started process (PID=311) to work on /home/airflow/.local/lib/python3.12/site-packages/airflow/example_dags/example_xcomargs.py
[2025-09-24T18:08:20.642+0000] {processor.py:830} INFO - Processing file /home/airflow/.local/lib/python3.12/site-packages/airflow/example_dags/example_xcomargs.py for tasks to queue
[2025-09-24T18:08:20.644+0000] {logging_mixin.py:188} INFO - [2025-09-24T18:08:20.643+0000] {dagbag.py:545} INFO - Filling up the DagBag from /home/airflow/.local/lib/python3.12/site-packages/airflow/example_dags/example_xcomargs.py
[2025-09-24T18:08:20.652+0000] {processor.py:840} INFO - DAG(s) 'example_xcom_args_with_operators', 'example_xcom_args' retrieved from /home/airflow/.local/lib/python3.12/site-packages/airflow/example_dags/example_xcomargs.py
[2025-09-24T18:08:20.684+0000] {logging_mixin.py:188} INFO - [2025-09-24T18:08:20.684+0000] {dag.py:3096} INFO - Sync 2 DAGs
[2025-09-24T18:08:20.708+0000] {logging_mixin.py:188} INFO - [2025-09-24T18:08:20.708+0000] {dag.py:3954} INFO - Setting next_dagrun for example_xcom_args to None, run_after=None
[2025-09-24T18:08:20.716+0000] {logging_mixin.py:188} INFO - [2025-09-24T18:08:20.715+0000] {dag.py:3954} INFO - Setting next_dagrun for example_xcom_args_with_operators to None, run_after=None
[2025-09-24T18:08:20.740+0000] {processor.py:183} INFO - Processing /home/airflow/.local/lib/python3.12/site-packages/airflow/example_dags/example_xcomargs.py took 0.104 seconds
[2025-09-24T18:08:51.190+0000] {processor.py:161} INFO - Started process (PID=371) to work on /home/airflow/.local/lib/python3.12/site-packages/airflow/example_dags/example_xcomargs.py
[2025-09-24T18:08:51.191+0000] {processor.py:830} INFO - Processing file /home/airflow/.local/lib/python3.12/site-packages/airflow/example_dags/example_xcomargs.py for tasks to queue
[2025-09-24T18:08:51.193+0000] {logging_mixin.py:188} INFO - [2025-09-24T18:08:51.192+0000] {dagbag.py:545} INFO - Filling up the DagBag from /home/airflow/.local/lib/python3.12/site-packages/airflow/example_dags/example_xcomargs.py
[2025-09-24T18:08:51.199+0000] {processor.py:840} INFO - DAG(s) 'example_xcom_args', 'example_xcom_args_with_operators' retrieved from /home/airflow/.local/lib/python3.12/site-packages/airflow/example_dags/example_xcomargs.py
[2025-09-24T18:08:51.222+0000] {logging_mixin.py:188} INFO - [2025-09-24T18:08:51.222+0000] {dag.py:3096} INFO - Sync 2 DAGs
[2025-09-24T18:08:51.234+0000] {logging_mixin.py:188} INFO - [2025-09-24T18:08:51.234+0000] {dag.py:3954} INFO - Setting next_dagrun for example_xcom_args to None, run_after=None
[2025-09-24T18:08:51.238+0000] {logging_mixin.py:188} INFO - [2025-09-24T18:08:51.237+0000] {dag.py:3954} INFO - Setting next_dagrun for example_xcom_args_with_operators to None, run_after=None
[2025-09-24T18:08:51.256+0000] {processor.py:183} INFO - Processing /home/airflow/.local/lib/python3.12/site-packages/airflow/example_dags/example_xcomargs.py took 0.070 seconds
[2025-09-24T18:09:21.634+0000] {processor.py:161} INFO - Started process (PID=437) to work on /home/airflow/.local/lib/python3.12/site-packages/airflow/example_dags/example_xcomargs.py
[2025-09-24T18:09:21.635+0000] {processor.py:830} INFO - Processing file /home/airflow/.local/lib/python3.12/site-packages/airflow/example_dags/example_xcomargs.py for tasks to queue
[2025-09-24T18:09:21.637+0000] {logging_mixin.py:188} INFO - [2025-09-24T18:09:21.637+0000] {dagbag.py:545} INFO - Filling up the DagBag from /home/airflow/.local/lib/python3.12/site-packages/airflow/example_dags/example_xcomargs.py
[2025-09-24T18:09:21.645+0000] {processor.py:840} INFO - DAG(s) 'example_xcom_args_with_operators', 'example_xcom_args' retrieved from /home/airflow/.local/lib/python3.12/site-packages/airflow/example_dags/example_xcomargs.py
[2025-09-24T18:09:21.668+0000] {logging_mixin.py:188} INFO - [2025-09-24T18:09:21.668+0000] {dag.py:3096} INFO - Sync 2 DAGs
[2025-09-24T18:09:21.680+0000] {logging_mixin.py:188} INFO - [2025-09-24T18:09:21.680+0000] {dag.py:3954} INFO - Setting next_dagrun for example_xcom_args to None, run_after=None
[2025-09-24T18:09:21.684+0000] {logging_mixin.py:188} INFO - [2025-09-24T18:09:21.684+0000] {dag.py:3954} INFO - Setting next_dagrun for example_xcom_args_with_operators to None, run_after=None
[2025-09-24T18:09:21.701+0000] {processor.py:183} INFO - Processing /home/airflow/.local/lib/python3.12/site-packages/airflow/example_dags/example_xcomargs.py took 0.072 seconds
[2025-09-24T18:09:51.891+0000] {processor.py:161} INFO - Started process (PID=496) to work on /home/airflow/.local/lib/python3.12/site-packages/airflow/example_dags/example_xcomargs.py
[2025-09-24T18:09:51.892+0000] {processor.py:830} INFO - Processing file /home/airflow/.local/lib/python3.12/site-packages/airflow/example_dags/example_xcomargs.py for tasks to queue
[2025-09-24T18:09:51.894+0000] {logging_mixin.py:188} INFO - [2025-09-24T18:09:51.894+0000] {dagbag.py:545} INFO - Filling up the DagBag from /home/airflow/.local/lib/python3.12/site-packages/airflow/example_dags/example_xcomargs.py
[2025-09-24T18:09:51.900+0000] {processor.py:840} INFO - DAG(s) 'example_xcom_args_with_operators', 'example_xcom_args' retrieved from /home/airflow/.local/lib/python3.12/site-packages/airflow/example_dags/example_xcomargs.py
[2025-09-24T18:09:51.926+0000] {logging_mixin.py:188} INFO - [2025-09-24T18:09:51.926+0000] {dag.py:3096} INFO - Sync 2 DAGs
[2025-09-24T18:09:51.940+0000] {logging_mixin.py:188} INFO - [2025-09-24T18:09:51.939+0000] {dag.py:3954} INFO - Setting next_dagrun for example_xcom_args to None, run_after=None
[2025-09-24T18:09:51.944+0000] {logging_mixin.py:188} INFO - [2025-09-24T18:09:51.944+0000] {dag.py:3954} INFO - Setting next_dagrun for example_xcom_args_with_operators to None, run_after=None
[2025-09-24T18:09:51.959+0000] {processor.py:183} INFO - Processing /home/airflow/.local/lib/python3.12/site-packages/airflow/example_dags/example_xcomargs.py took 0.073 seconds
[2025-09-24T18:10:22.211+0000] {processor.py:161} INFO - Started process (PID=557) to work on /home/airflow/.local/lib/python3.12/site-packages/airflow/example_dags/example_xcomargs.py
[2025-09-24T18:10:22.212+0000] {processor.py:830} INFO - Processing file /home/airflow/.local/lib/python3.12/site-packages/airflow/example_dags/example_xcomargs.py for tasks to queue
[2025-09-24T18:10:22.214+0000] {logging_mixin.py:188} INFO - [2025-09-24T18:10:22.214+0000] {dagbag.py:545} INFO - Filling up the DagBag from /home/airflow/.local/lib/python3.12/site-packages/airflow/example_dags/example_xcomargs.py
[2025-09-24T18:10:22.220+0000] {processor.py:840} INFO - DAG(s) 'example_xcom_args', 'example_xcom_args_with_operators' retrieved from /home/airflow/.local/lib/python3.12/site-packages/airflow/example_dags/example_xcomargs.py
[2025-09-24T18:10:22.239+0000] {logging_mixin.py:188} INFO - [2025-09-24T18:10:22.238+0000] {dag.py:3096} INFO - Sync 2 DAGs
[2025-09-24T18:10:22.249+0000] {logging_mixin.py:188} INFO - [2025-09-24T18:10:22.249+0000] {dag.py:3954} INFO - Setting next_dagrun for example_xcom_args to None, run_after=None
[2025-09-24T18:10:22.253+0000] {logging_mixin.py:188} INFO - [2025-09-24T18:10:22.253+0000] {dag.py:3954} INFO - Setting next_dagrun for example_xcom_args_with_operators to None, run_after=None
[2025-09-24T18:10:22.265+0000] {processor.py:183} INFO - Processing /home/airflow/.local/lib/python3.12/site-packages/airflow/example_dags/example_xcomargs.py took 0.058 seconds
[2025-09-24T18:10:52.907+0000] {processor.py:161} INFO - Started process (PID=618) to work on /home/airflow/.local/lib/python3.12/site-packages/airflow/example_dags/example_xcomargs.py
[2025-09-24T18:10:52.909+0000] {processor.py:830} INFO - Processing file /home/airflow/.local/lib/python3.12/site-packages/airflow/example_dags/example_xcomargs.py for tasks to queue
[2025-09-24T18:10:52.913+0000] {logging_mixin.py:188} INFO - [2025-09-24T18:10:52.913+0000] {dagbag.py:545} INFO - Filling up the DagBag from /home/airflow/.local/lib/python3.12/site-packages/airflow/example_dags/example_xcomargs.py
[2025-09-24T18:10:52.921+0000] {processor.py:840} INFO - DAG(s) 'example_xcom_args_with_operators', 'example_xcom_args' retrieved from /home/airflow/.local/lib/python3.12/site-packages/airflow/example_dags/example_xcomargs.py
[2025-09-24T18:10:52.954+0000] {logging_mixin.py:188} INFO - [2025-09-24T18:10:52.953+0000] {dag.py:3096} INFO - Sync 2 DAGs
[2025-09-24T18:10:52.966+0000] {logging_mixin.py:188} INFO - [2025-09-24T18:10:52.966+0000] {dag.py:3954} INFO - Setting next_dagrun for example_xcom_args to None, run_after=None
[2025-09-24T18:10:52.971+0000] {logging_mixin.py:188} INFO - [2025-09-24T18:10:52.970+0000] {dag.py:3954} INFO - Setting next_dagrun for example_xcom_args_with_operators to None, run_after=None
[2025-09-24T18:10:53.064+0000] {processor.py:183} INFO - Processing /home/airflow/.local/lib/python3.12/site-packages/airflow/example_dags/example_xcomargs.py took 0.162 seconds
[2025-09-24T18:11:23.205+0000] {processor.py:161} INFO - Started process (PID=678) to work on /home/airflow/.local/lib/python3.12/site-packages/airflow/example_dags/example_xcomargs.py
[2025-09-24T18:11:23.206+0000] {processor.py:830} INFO - Processing file /home/airflow/.local/lib/python3.12/site-packages/airflow/example_dags/example_xcomargs.py for tasks to queue
[2025-09-24T18:11:23.208+0000] {logging_mixin.py:188} INFO - [2025-09-24T18:11:23.207+0000] {dagbag.py:545} INFO - Filling up the DagBag from /home/airflow/.local/lib/python3.12/site-packages/airflow/example_dags/example_xcomargs.py
[2025-09-24T18:11:23.213+0000] {processor.py:840} INFO - DAG(s) 'example_xcom_args_with_operators', 'example_xcom_args' retrieved from /home/airflow/.local/lib/python3.12/site-packages/airflow/example_dags/example_xcomargs.py
[2025-09-24T18:11:23.231+0000] {logging_mixin.py:188} INFO - [2025-09-24T18:11:23.231+0000] {dag.py:3096} INFO - Sync 2 DAGs
[2025-09-24T18:11:23.241+0000] {logging_mixin.py:188} INFO - [2025-09-24T18:11:23.241+0000] {dag.py:3954} INFO - Setting next_dagrun for example_xcom_args to None, run_after=None
[2025-09-24T18:11:23.244+0000] {logging_mixin.py:188} INFO - [2025-09-24T18:11:23.244+0000] {dag.py:3954} INFO - Setting next_dagrun for example_xcom_args_with_operators to None, run_after=None
[2025-09-24T18:11:23.299+0000] {processor.py:183} INFO - Processing /home/airflow/.local/lib/python3.12/site-packages/airflow/example_dags/example_xcomargs.py took 0.100 seconds
[2025-09-24T18:11:53.486+0000] {processor.py:161} INFO - Started process (PID=738) to work on /home/airflow/.local/lib/python3.12/site-packages/airflow/example_dags/example_xcomargs.py
[2025-09-24T18:11:53.488+0000] {processor.py:830} INFO - Processing file /home/airflow/.local/lib/python3.12/site-packages/airflow/example_dags/example_xcomargs.py for tasks to queue
[2025-09-24T18:11:53.490+0000] {logging_mixin.py:188} INFO - [2025-09-24T18:11:53.490+0000] {dagbag.py:545} INFO - Filling up the DagBag from /home/airflow/.local/lib/python3.12/site-packages/airflow/example_dags/example_xcomargs.py
[2025-09-24T18:11:53.497+0000] {processor.py:840} INFO - DAG(s) 'example_xcom_args', 'example_xcom_args_with_operators' retrieved from /home/airflow/.local/lib/python3.12/site-packages/airflow/example_dags/example_xcomargs.py
[2025-09-24T18:11:53.515+0000] {logging_mixin.py:188} INFO - [2025-09-24T18:11:53.515+0000] {dag.py:3096} INFO - Sync 2 DAGs
[2025-09-24T18:11:53.527+0000] {logging_mixin.py:188} INFO - [2025-09-24T18:11:53.526+0000] {dag.py:3954} INFO - Setting next_dagrun for example_xcom_args to None, run_after=None
[2025-09-24T18:11:53.531+0000] {logging_mixin.py:188} INFO - [2025-09-24T18:11:53.531+0000] {dag.py:3954} INFO - Setting next_dagrun for example_xcom_args_with_operators to None, run_after=None
[2025-09-24T18:11:53.567+0000] {processor.py:183} INFO - Processing /home/airflow/.local/lib/python3.12/site-packages/airflow/example_dags/example_xcomargs.py took 0.085 seconds
[2025-09-24T18:12:23.961+0000] {processor.py:161} INFO - Started process (PID=798) to work on /home/airflow/.local/lib/python3.12/site-packages/airflow/example_dags/example_xcomargs.py
[2025-09-24T18:12:23.963+0000] {processor.py:830} INFO - Processing file /home/airflow/.local/lib/python3.12/site-packages/airflow/example_dags/example_xcomargs.py for tasks to queue
[2025-09-24T18:12:23.965+0000] {logging_mixin.py:188} INFO - [2025-09-24T18:12:23.964+0000] {dagbag.py:545} INFO - Filling up the DagBag from /home/airflow/.local/lib/python3.12/site-packages/airflow/example_dags/example_xcomargs.py
[2025-09-24T18:12:23.971+0000] {processor.py:840} INFO - DAG(s) 'example_xcom_args', 'example_xcom_args_with_operators' retrieved from /home/airflow/.local/lib/python3.12/site-packages/airflow/example_dags/example_xcomargs.py
[2025-09-24T18:12:23.992+0000] {logging_mixin.py:188} INFO - [2025-09-24T18:12:23.992+0000] {dag.py:3096} INFO - Sync 2 DAGs
[2025-09-24T18:12:24.005+0000] {logging_mixin.py:188} INFO - [2025-09-24T18:12:24.004+0000] {dag.py:3954} INFO - Setting next_dagrun for example_xcom_args to None, run_after=None
[2025-09-24T18:12:24.009+0000] {logging_mixin.py:188} INFO - [2025-09-24T18:12:24.009+0000] {dag.py:3954} INFO - Setting next_dagrun for example_xcom_args_with_operators to None, run_after=None
[2025-09-24T18:12:24.025+0000] {processor.py:183} INFO - Processing /home/airflow/.local/lib/python3.12/site-packages/airflow/example_dags/example_xcomargs.py took 0.068 seconds
[2025-09-24T18:12:54.374+0000] {processor.py:161} INFO - Started process (PID=858) to work on /home/airflow/.local/lib/python3.12/site-packages/airflow/example_dags/example_xcomargs.py
[2025-09-24T18:12:54.375+0000] {processor.py:830} INFO - Processing file /home/airflow/.local/lib/python3.12/site-packages/airflow/example_dags/example_xcomargs.py for tasks to queue
[2025-09-24T18:12:54.377+0000] {logging_mixin.py:188} INFO - [2025-09-24T18:12:54.377+0000] {dagbag.py:545} INFO - Filling up the DagBag from /home/airflow/.local/lib/python3.12/site-packages/airflow/example_dags/example_xcomargs.py
[2025-09-24T18:12:54.384+0000] {processor.py:840} INFO - DAG(s) 'example_xcom_args', 'example_xcom_args_with_operators' retrieved from /home/airflow/.local/lib/python3.12/site-packages/airflow/example_dags/example_xcomargs.py
[2025-09-24T18:12:54.403+0000] {logging_mixin.py:188} INFO - [2025-09-24T18:12:54.403+0000] {dag.py:3096} INFO - Sync 2 DAGs
[2025-09-24T18:12:54.414+0000] {logging_mixin.py:188} INFO - [2025-09-24T18:12:54.414+0000] {dag.py:3954} INFO - Setting next_dagrun for example_xcom_args to None, run_after=None
[2025-09-24T18:12:54.418+0000] {logging_mixin.py:188} INFO - [2025-09-24T18:12:54.417+0000] {dag.py:3954} INFO - Setting next_dagrun for example_xcom_args_with_operators to None, run_after=None
[2025-09-24T18:12:54.433+0000] {processor.py:183} INFO - Processing /home/airflow/.local/lib/python3.12/site-packages/airflow/example_dags/example_xcomargs.py took 0.063 seconds
[2025-09-24T18:13:24.972+0000] {processor.py:161} INFO - Started process (PID=918) to work on /home/airflow/.local/lib/python3.12/site-packages/airflow/example_dags/example_xcomargs.py
[2025-09-24T18:13:24.977+0000] {processor.py:830} INFO - Processing file /home/airflow/.local/lib/python3.12/site-packages/airflow/example_dags/example_xcomargs.py for tasks to queue
[2025-09-24T18:13:24.984+0000] {logging_mixin.py:188} INFO - [2025-09-24T18:13:24.984+0000] {dagbag.py:545} INFO - Filling up the DagBag from /home/airflow/.local/lib/python3.12/site-packages/airflow/example_dags/example_xcomargs.py
[2025-09-24T18:13:24.991+0000] {processor.py:840} INFO - DAG(s) 'example_xcom_args', 'example_xcom_args_with_operators' retrieved from /home/airflow/.local/lib/python3.12/site-packages/airflow/example_dags/example_xcomargs.py
[2025-09-24T18:13:25.011+0000] {logging_mixin.py:188} INFO - [2025-09-24T18:13:25.011+0000] {dag.py:3096} INFO - Sync 2 DAGs
[2025-09-24T18:13:25.023+0000] {logging_mixin.py:188} INFO - [2025-09-24T18:13:25.023+0000] {dag.py:3954} INFO - Setting next_dagrun for example_xcom_args to None, run_after=None
[2025-09-24T18:13:25.030+0000] {logging_mixin.py:188} INFO - [2025-09-24T18:13:25.029+0000] {dag.py:3954} INFO - Setting next_dagrun for example_xcom_args_with_operators to None, run_after=None
[2025-09-24T18:13:25.084+0000] {processor.py:183} INFO - Processing /home/airflow/.local/lib/python3.12/site-packages/airflow/example_dags/example_xcomargs.py took 0.116 seconds
[2025-09-24T18:13:55.346+0000] {processor.py:161} INFO - Started process (PID=977) to work on /home/airflow/.local/lib/python3.12/site-packages/airflow/example_dags/example_xcomargs.py
[2025-09-24T18:13:55.349+0000] {processor.py:830} INFO - Processing file /home/airflow/.local/lib/python3.12/site-packages/airflow/example_dags/example_xcomargs.py for tasks to queue
[2025-09-24T18:13:55.354+0000] {logging_mixin.py:188} INFO - [2025-09-24T18:13:55.352+0000] {dagbag.py:545} INFO - Filling up the DagBag from /home/airflow/.local/lib/python3.12/site-packages/airflow/example_dags/example_xcomargs.py
[2025-09-24T18:13:55.378+0000] {processor.py:840} INFO - DAG(s) 'example_xcom_args_with_operators', 'example_xcom_args' retrieved from /home/airflow/.local/lib/python3.12/site-packages/airflow/example_dags/example_xcomargs.py
[2025-09-24T18:13:55.423+0000] {logging_mixin.py:188} INFO - [2025-09-24T18:13:55.422+0000] {dag.py:3096} INFO - Sync 2 DAGs
[2025-09-24T18:13:55.447+0000] {logging_mixin.py:188} INFO - [2025-09-24T18:13:55.446+0000] {dag.py:3954} INFO - Setting next_dagrun for example_xcom_args to None, run_after=None
[2025-09-24T18:13:55.454+0000] {logging_mixin.py:188} INFO - [2025-09-24T18:13:55.454+0000] {dag.py:3954} INFO - Setting next_dagrun for example_xcom_args_with_operators to None, run_after=None
[2025-09-24T18:13:55.485+0000] {processor.py:183} INFO - Processing /home/airflow/.local/lib/python3.12/site-packages/airflow/example_dags/example_xcomargs.py took 0.150 seconds
