[2025-09-24T18:06:23.338+0000] {processor.py:161} INFO - Started process (PID=113) to work on /home/airflow/.local/lib/python3.12/site-packages/airflow/example_dags/example_bash_operator.py
[2025-09-24T18:06:23.340+0000] {processor.py:830} INFO - Processing file /home/airflow/.local/lib/python3.12/site-packages/airflow/example_dags/example_bash_operator.py for tasks to queue
[2025-09-24T18:06:23.342+0000] {logging_mixin.py:188} INFO - [2025-09-24T18:06:23.342+0000] {dagbag.py:545} INFO - Filling up the DagBag from /home/airflow/.local/lib/python3.12/site-packages/airflow/example_dags/example_bash_operator.py
[2025-09-24T18:06:23.353+0000] {processor.py:840} INFO - DAG(s) 'example_bash_operator' retrieved from /home/airflow/.local/lib/python3.12/site-packages/airflow/example_dags/example_bash_operator.py
[2025-09-24T18:06:23.467+0000] {logging_mixin.py:188} INFO - [2025-09-24T18:06:23.466+0000] {dag.py:3096} INFO - Sync 1 DAGs
[2025-09-24T18:06:23.487+0000] {logging_mixin.py:188} INFO - [2025-09-24T18:06:23.487+0000] {dag.py:3954} INFO - Setting next_dagrun for example_bash_operator to 2025-09-23 00:00:00+00:00, run_after=2025-09-24 00:00:00+00:00
[2025-09-24T18:06:23.509+0000] {processor.py:183} INFO - Processing /home/airflow/.local/lib/python3.12/site-packages/airflow/example_dags/example_bash_operator.py took 0.176 seconds
[2025-09-24T18:06:54.283+0000] {processor.py:161} INFO - Started process (PID=173) to work on /home/airflow/.local/lib/python3.12/site-packages/airflow/example_dags/example_bash_operator.py
[2025-09-24T18:06:54.285+0000] {processor.py:830} INFO - Processing file /home/airflow/.local/lib/python3.12/site-packages/airflow/example_dags/example_bash_operator.py for tasks to queue
[2025-09-24T18:06:54.287+0000] {logging_mixin.py:188} INFO - [2025-09-24T18:06:54.286+0000] {dagbag.py:545} INFO - Filling up the DagBag from /home/airflow/.local/lib/python3.12/site-packages/airflow/example_dags/example_bash_operator.py
[2025-09-24T18:06:54.301+0000] {processor.py:840} INFO - DAG(s) 'example_bash_operator' retrieved from /home/airflow/.local/lib/python3.12/site-packages/airflow/example_dags/example_bash_operator.py
[2025-09-24T18:06:54.327+0000] {logging_mixin.py:188} INFO - [2025-09-24T18:06:54.327+0000] {dag.py:3096} INFO - Sync 1 DAGs
[2025-09-24T18:06:54.360+0000] {logging_mixin.py:188} INFO - [2025-09-24T18:06:54.360+0000] {dag.py:3954} INFO - Setting next_dagrun for example_bash_operator to 2025-09-23 00:00:00+00:00, run_after=2025-09-24 00:00:00+00:00
[2025-09-24T18:06:54.380+0000] {processor.py:183} INFO - Processing /home/airflow/.local/lib/python3.12/site-packages/airflow/example_dags/example_bash_operator.py took 0.103 seconds
[2025-09-24T18:07:24.443+0000] {processor.py:161} INFO - Started process (PID=233) to work on /home/airflow/.local/lib/python3.12/site-packages/airflow/example_dags/example_bash_operator.py
[2025-09-24T18:07:24.445+0000] {processor.py:830} INFO - Processing file /home/airflow/.local/lib/python3.12/site-packages/airflow/example_dags/example_bash_operator.py for tasks to queue
[2025-09-24T18:07:24.447+0000] {logging_mixin.py:188} INFO - [2025-09-24T18:07:24.447+0000] {dagbag.py:545} INFO - Filling up the DagBag from /home/airflow/.local/lib/python3.12/site-packages/airflow/example_dags/example_bash_operator.py
[2025-09-24T18:07:24.457+0000] {processor.py:840} INFO - DAG(s) 'example_bash_operator' retrieved from /home/airflow/.local/lib/python3.12/site-packages/airflow/example_dags/example_bash_operator.py
[2025-09-24T18:07:24.481+0000] {logging_mixin.py:188} INFO - [2025-09-24T18:07:24.480+0000] {dag.py:3096} INFO - Sync 1 DAGs
[2025-09-24T18:07:24.500+0000] {logging_mixin.py:188} INFO - [2025-09-24T18:07:24.499+0000] {dag.py:3954} INFO - Setting next_dagrun for example_bash_operator to 2025-09-23 00:00:00+00:00, run_after=2025-09-24 00:00:00+00:00
[2025-09-24T18:07:24.515+0000] {processor.py:183} INFO - Processing /home/airflow/.local/lib/python3.12/site-packages/airflow/example_dags/example_bash_operator.py took 0.078 seconds
[2025-09-24T18:07:54.795+0000] {processor.py:161} INFO - Started process (PID=293) to work on /home/airflow/.local/lib/python3.12/site-packages/airflow/example_dags/example_bash_operator.py
[2025-09-24T18:07:54.796+0000] {processor.py:830} INFO - Processing file /home/airflow/.local/lib/python3.12/site-packages/airflow/example_dags/example_bash_operator.py for tasks to queue
[2025-09-24T18:07:54.798+0000] {logging_mixin.py:188} INFO - [2025-09-24T18:07:54.798+0000] {dagbag.py:545} INFO - Filling up the DagBag from /home/airflow/.local/lib/python3.12/site-packages/airflow/example_dags/example_bash_operator.py
[2025-09-24T18:07:54.806+0000] {processor.py:840} INFO - DAG(s) 'example_bash_operator' retrieved from /home/airflow/.local/lib/python3.12/site-packages/airflow/example_dags/example_bash_operator.py
[2025-09-24T18:07:54.826+0000] {logging_mixin.py:188} INFO - [2025-09-24T18:07:54.826+0000] {dag.py:3096} INFO - Sync 1 DAGs
[2025-09-24T18:07:54.842+0000] {logging_mixin.py:188} INFO - [2025-09-24T18:07:54.842+0000] {dag.py:3954} INFO - Setting next_dagrun for example_bash_operator to 2025-09-23 00:00:00+00:00, run_after=2025-09-24 00:00:00+00:00
[2025-09-24T18:07:54.857+0000] {processor.py:183} INFO - Processing /home/airflow/.local/lib/python3.12/site-packages/airflow/example_dags/example_bash_operator.py took 0.067 seconds
[2025-09-24T18:08:25.155+0000] {processor.py:161} INFO - Started process (PID=353) to work on /home/airflow/.local/lib/python3.12/site-packages/airflow/example_dags/example_bash_operator.py
[2025-09-24T18:08:25.157+0000] {processor.py:830} INFO - Processing file /home/airflow/.local/lib/python3.12/site-packages/airflow/example_dags/example_bash_operator.py for tasks to queue
[2025-09-24T18:08:25.159+0000] {logging_mixin.py:188} INFO - [2025-09-24T18:08:25.159+0000] {dagbag.py:545} INFO - Filling up the DagBag from /home/airflow/.local/lib/python3.12/site-packages/airflow/example_dags/example_bash_operator.py
[2025-09-24T18:08:25.172+0000] {processor.py:840} INFO - DAG(s) 'example_bash_operator' retrieved from /home/airflow/.local/lib/python3.12/site-packages/airflow/example_dags/example_bash_operator.py
[2025-09-24T18:08:25.200+0000] {logging_mixin.py:188} INFO - [2025-09-24T18:08:25.200+0000] {dag.py:3096} INFO - Sync 1 DAGs
[2025-09-24T18:08:25.219+0000] {logging_mixin.py:188} INFO - [2025-09-24T18:08:25.219+0000] {dag.py:3954} INFO - Setting next_dagrun for example_bash_operator to 2025-09-23 00:00:00+00:00, run_after=2025-09-24 00:00:00+00:00
[2025-09-24T18:08:25.234+0000] {processor.py:183} INFO - Processing /home/airflow/.local/lib/python3.12/site-packages/airflow/example_dags/example_bash_operator.py took 0.085 seconds
[2025-09-24T18:08:55.719+0000] {processor.py:161} INFO - Started process (PID=413) to work on /home/airflow/.local/lib/python3.12/site-packages/airflow/example_dags/example_bash_operator.py
[2025-09-24T18:08:55.721+0000] {processor.py:830} INFO - Processing file /home/airflow/.local/lib/python3.12/site-packages/airflow/example_dags/example_bash_operator.py for tasks to queue
[2025-09-24T18:08:55.723+0000] {logging_mixin.py:188} INFO - [2025-09-24T18:08:55.723+0000] {dagbag.py:545} INFO - Filling up the DagBag from /home/airflow/.local/lib/python3.12/site-packages/airflow/example_dags/example_bash_operator.py
[2025-09-24T18:08:55.735+0000] {processor.py:840} INFO - DAG(s) 'example_bash_operator' retrieved from /home/airflow/.local/lib/python3.12/site-packages/airflow/example_dags/example_bash_operator.py
[2025-09-24T18:08:55.760+0000] {logging_mixin.py:188} INFO - [2025-09-24T18:08:55.760+0000] {dag.py:3096} INFO - Sync 1 DAGs
[2025-09-24T18:08:55.780+0000] {logging_mixin.py:188} INFO - [2025-09-24T18:08:55.780+0000] {dag.py:3954} INFO - Setting next_dagrun for example_bash_operator to 2025-09-23 00:00:00+00:00, run_after=2025-09-24 00:00:00+00:00
[2025-09-24T18:08:55.796+0000] {processor.py:183} INFO - Processing /home/airflow/.local/lib/python3.12/site-packages/airflow/example_dags/example_bash_operator.py took 0.082 seconds
[2025-09-24T18:09:25.881+0000] {processor.py:161} INFO - Started process (PID=473) to work on /home/airflow/.local/lib/python3.12/site-packages/airflow/example_dags/example_bash_operator.py
[2025-09-24T18:09:25.882+0000] {processor.py:830} INFO - Processing file /home/airflow/.local/lib/python3.12/site-packages/airflow/example_dags/example_bash_operator.py for tasks to queue
[2025-09-24T18:09:25.884+0000] {logging_mixin.py:188} INFO - [2025-09-24T18:09:25.884+0000] {dagbag.py:545} INFO - Filling up the DagBag from /home/airflow/.local/lib/python3.12/site-packages/airflow/example_dags/example_bash_operator.py
[2025-09-24T18:09:25.894+0000] {processor.py:840} INFO - DAG(s) 'example_bash_operator' retrieved from /home/airflow/.local/lib/python3.12/site-packages/airflow/example_dags/example_bash_operator.py
[2025-09-24T18:09:25.920+0000] {logging_mixin.py:188} INFO - [2025-09-24T18:09:25.920+0000] {dag.py:3096} INFO - Sync 1 DAGs
[2025-09-24T18:09:25.942+0000] {logging_mixin.py:188} INFO - [2025-09-24T18:09:25.942+0000] {dag.py:3954} INFO - Setting next_dagrun for example_bash_operator to 2025-09-23 00:00:00+00:00, run_after=2025-09-24 00:00:00+00:00
[2025-09-24T18:09:25.960+0000] {processor.py:183} INFO - Processing /home/airflow/.local/lib/python3.12/site-packages/airflow/example_dags/example_bash_operator.py took 0.086 seconds
[2025-09-24T18:09:56.687+0000] {processor.py:161} INFO - Started process (PID=533) to work on /home/airflow/.local/lib/python3.12/site-packages/airflow/example_dags/example_bash_operator.py
[2025-09-24T18:09:56.690+0000] {processor.py:830} INFO - Processing file /home/airflow/.local/lib/python3.12/site-packages/airflow/example_dags/example_bash_operator.py for tasks to queue
[2025-09-24T18:09:56.692+0000] {logging_mixin.py:188} INFO - [2025-09-24T18:09:56.692+0000] {dagbag.py:545} INFO - Filling up the DagBag from /home/airflow/.local/lib/python3.12/site-packages/airflow/example_dags/example_bash_operator.py
[2025-09-24T18:09:56.701+0000] {processor.py:840} INFO - DAG(s) 'example_bash_operator' retrieved from /home/airflow/.local/lib/python3.12/site-packages/airflow/example_dags/example_bash_operator.py
[2025-09-24T18:09:56.724+0000] {logging_mixin.py:188} INFO - [2025-09-24T18:09:56.723+0000] {dag.py:3096} INFO - Sync 1 DAGs
[2025-09-24T18:09:56.748+0000] {logging_mixin.py:188} INFO - [2025-09-24T18:09:56.748+0000] {dag.py:3954} INFO - Setting next_dagrun for example_bash_operator to 2025-09-23 00:00:00+00:00, run_after=2025-09-24 00:00:00+00:00
[2025-09-24T18:09:56.803+0000] {processor.py:183} INFO - Processing /home/airflow/.local/lib/python3.12/site-packages/airflow/example_dags/example_bash_operator.py took 0.121 seconds
[2025-09-24T18:10:27.037+0000] {processor.py:161} INFO - Started process (PID=594) to work on /home/airflow/.local/lib/python3.12/site-packages/airflow/example_dags/example_bash_operator.py
[2025-09-24T18:10:27.039+0000] {processor.py:830} INFO - Processing file /home/airflow/.local/lib/python3.12/site-packages/airflow/example_dags/example_bash_operator.py for tasks to queue
[2025-09-24T18:10:27.040+0000] {logging_mixin.py:188} INFO - [2025-09-24T18:10:27.040+0000] {dagbag.py:545} INFO - Filling up the DagBag from /home/airflow/.local/lib/python3.12/site-packages/airflow/example_dags/example_bash_operator.py
[2025-09-24T18:10:27.049+0000] {processor.py:840} INFO - DAG(s) 'example_bash_operator' retrieved from /home/airflow/.local/lib/python3.12/site-packages/airflow/example_dags/example_bash_operator.py
[2025-09-24T18:10:27.069+0000] {logging_mixin.py:188} INFO - [2025-09-24T18:10:27.069+0000] {dag.py:3096} INFO - Sync 1 DAGs
[2025-09-24T18:10:27.086+0000] {logging_mixin.py:188} INFO - [2025-09-24T18:10:27.085+0000] {dag.py:3954} INFO - Setting next_dagrun for example_bash_operator to 2025-09-23 00:00:00+00:00, run_after=2025-09-24 00:00:00+00:00
[2025-09-24T18:10:27.105+0000] {processor.py:183} INFO - Processing /home/airflow/.local/lib/python3.12/site-packages/airflow/example_dags/example_bash_operator.py took 0.073 seconds
[2025-09-24T18:10:57.789+0000] {processor.py:161} INFO - Started process (PID=654) to work on /home/airflow/.local/lib/python3.12/site-packages/airflow/example_dags/example_bash_operator.py
[2025-09-24T18:10:57.791+0000] {processor.py:830} INFO - Processing file /home/airflow/.local/lib/python3.12/site-packages/airflow/example_dags/example_bash_operator.py for tasks to queue
[2025-09-24T18:10:57.793+0000] {logging_mixin.py:188} INFO - [2025-09-24T18:10:57.793+0000] {dagbag.py:545} INFO - Filling up the DagBag from /home/airflow/.local/lib/python3.12/site-packages/airflow/example_dags/example_bash_operator.py
[2025-09-24T18:10:57.803+0000] {processor.py:840} INFO - DAG(s) 'example_bash_operator' retrieved from /home/airflow/.local/lib/python3.12/site-packages/airflow/example_dags/example_bash_operator.py
[2025-09-24T18:10:57.825+0000] {logging_mixin.py:188} INFO - [2025-09-24T18:10:57.825+0000] {dag.py:3096} INFO - Sync 1 DAGs
[2025-09-24T18:10:57.841+0000] {logging_mixin.py:188} INFO - [2025-09-24T18:10:57.841+0000] {dag.py:3954} INFO - Setting next_dagrun for example_bash_operator to 2025-09-23 00:00:00+00:00, run_after=2025-09-24 00:00:00+00:00
[2025-09-24T18:10:57.882+0000] {processor.py:183} INFO - Processing /home/airflow/.local/lib/python3.12/site-packages/airflow/example_dags/example_bash_operator.py took 0.098 seconds
[2025-09-24T18:11:28.441+0000] {processor.py:161} INFO - Started process (PID=714) to work on /home/airflow/.local/lib/python3.12/site-packages/airflow/example_dags/example_bash_operator.py
[2025-09-24T18:11:28.442+0000] {processor.py:830} INFO - Processing file /home/airflow/.local/lib/python3.12/site-packages/airflow/example_dags/example_bash_operator.py for tasks to queue
[2025-09-24T18:11:28.444+0000] {logging_mixin.py:188} INFO - [2025-09-24T18:11:28.443+0000] {dagbag.py:545} INFO - Filling up the DagBag from /home/airflow/.local/lib/python3.12/site-packages/airflow/example_dags/example_bash_operator.py
[2025-09-24T18:11:28.452+0000] {processor.py:840} INFO - DAG(s) 'example_bash_operator' retrieved from /home/airflow/.local/lib/python3.12/site-packages/airflow/example_dags/example_bash_operator.py
[2025-09-24T18:11:28.473+0000] {logging_mixin.py:188} INFO - [2025-09-24T18:11:28.473+0000] {dag.py:3096} INFO - Sync 1 DAGs
[2025-09-24T18:11:28.489+0000] {logging_mixin.py:188} INFO - [2025-09-24T18:11:28.489+0000] {dag.py:3954} INFO - Setting next_dagrun for example_bash_operator to 2025-09-23 00:00:00+00:00, run_after=2025-09-24 00:00:00+00:00
[2025-09-24T18:11:28.540+0000] {processor.py:183} INFO - Processing /home/airflow/.local/lib/python3.12/site-packages/airflow/example_dags/example_bash_operator.py took 0.103 seconds
[2025-09-24T18:11:59.303+0000] {processor.py:161} INFO - Started process (PID=774) to work on /home/airflow/.local/lib/python3.12/site-packages/airflow/example_dags/example_bash_operator.py
[2025-09-24T18:11:59.304+0000] {processor.py:830} INFO - Processing file /home/airflow/.local/lib/python3.12/site-packages/airflow/example_dags/example_bash_operator.py for tasks to queue
[2025-09-24T18:11:59.308+0000] {logging_mixin.py:188} INFO - [2025-09-24T18:11:59.308+0000] {dagbag.py:545} INFO - Filling up the DagBag from /home/airflow/.local/lib/python3.12/site-packages/airflow/example_dags/example_bash_operator.py
[2025-09-24T18:11:59.316+0000] {processor.py:840} INFO - DAG(s) 'example_bash_operator' retrieved from /home/airflow/.local/lib/python3.12/site-packages/airflow/example_dags/example_bash_operator.py
[2025-09-24T18:11:59.336+0000] {logging_mixin.py:188} INFO - [2025-09-24T18:11:59.336+0000] {dag.py:3096} INFO - Sync 1 DAGs
[2025-09-24T18:11:59.352+0000] {logging_mixin.py:188} INFO - [2025-09-24T18:11:59.352+0000] {dag.py:3954} INFO - Setting next_dagrun for example_bash_operator to 2025-09-23 00:00:00+00:00, run_after=2025-09-24 00:00:00+00:00
[2025-09-24T18:11:59.459+0000] {processor.py:183} INFO - Processing /home/airflow/.local/lib/python3.12/site-packages/airflow/example_dags/example_bash_operator.py took 0.161 seconds
[2025-09-24T18:12:30.390+0000] {processor.py:161} INFO - Started process (PID=834) to work on /home/airflow/.local/lib/python3.12/site-packages/airflow/example_dags/example_bash_operator.py
[2025-09-24T18:12:30.392+0000] {processor.py:830} INFO - Processing file /home/airflow/.local/lib/python3.12/site-packages/airflow/example_dags/example_bash_operator.py for tasks to queue
[2025-09-24T18:12:30.397+0000] {logging_mixin.py:188} INFO - [2025-09-24T18:12:30.396+0000] {dagbag.py:545} INFO - Filling up the DagBag from /home/airflow/.local/lib/python3.12/site-packages/airflow/example_dags/example_bash_operator.py
[2025-09-24T18:12:30.407+0000] {processor.py:840} INFO - DAG(s) 'example_bash_operator' retrieved from /home/airflow/.local/lib/python3.12/site-packages/airflow/example_dags/example_bash_operator.py
[2025-09-24T18:12:30.435+0000] {logging_mixin.py:188} INFO - [2025-09-24T18:12:30.435+0000] {dag.py:3096} INFO - Sync 1 DAGs
[2025-09-24T18:12:30.458+0000] {logging_mixin.py:188} INFO - [2025-09-24T18:12:30.457+0000] {dag.py:3954} INFO - Setting next_dagrun for example_bash_operator to 2025-09-23 00:00:00+00:00, run_after=2025-09-24 00:00:00+00:00
[2025-09-24T18:12:30.498+0000] {processor.py:183} INFO - Processing /home/airflow/.local/lib/python3.12/site-packages/airflow/example_dags/example_bash_operator.py took 0.114 seconds
[2025-09-24T18:13:00.620+0000] {processor.py:161} INFO - Started process (PID=894) to work on /home/airflow/.local/lib/python3.12/site-packages/airflow/example_dags/example_bash_operator.py
[2025-09-24T18:13:00.621+0000] {processor.py:830} INFO - Processing file /home/airflow/.local/lib/python3.12/site-packages/airflow/example_dags/example_bash_operator.py for tasks to queue
[2025-09-24T18:13:00.623+0000] {logging_mixin.py:188} INFO - [2025-09-24T18:13:00.622+0000] {dagbag.py:545} INFO - Filling up the DagBag from /home/airflow/.local/lib/python3.12/site-packages/airflow/example_dags/example_bash_operator.py
[2025-09-24T18:13:00.631+0000] {processor.py:840} INFO - DAG(s) 'example_bash_operator' retrieved from /home/airflow/.local/lib/python3.12/site-packages/airflow/example_dags/example_bash_operator.py
[2025-09-24T18:13:00.652+0000] {logging_mixin.py:188} INFO - [2025-09-24T18:13:00.652+0000] {dag.py:3096} INFO - Sync 1 DAGs
[2025-09-24T18:13:00.671+0000] {logging_mixin.py:188} INFO - [2025-09-24T18:13:00.670+0000] {dag.py:3954} INFO - Setting next_dagrun for example_bash_operator to 2025-09-23 00:00:00+00:00, run_after=2025-09-24 00:00:00+00:00
[2025-09-24T18:13:00.699+0000] {processor.py:183} INFO - Processing /home/airflow/.local/lib/python3.12/site-packages/airflow/example_dags/example_bash_operator.py took 0.084 seconds
[2025-09-24T18:13:31.070+0000] {processor.py:161} INFO - Started process (PID=954) to work on /home/airflow/.local/lib/python3.12/site-packages/airflow/example_dags/example_bash_operator.py
[2025-09-24T18:13:31.072+0000] {processor.py:830} INFO - Processing file /home/airflow/.local/lib/python3.12/site-packages/airflow/example_dags/example_bash_operator.py for tasks to queue
[2025-09-24T18:13:31.074+0000] {logging_mixin.py:188} INFO - [2025-09-24T18:13:31.073+0000] {dagbag.py:545} INFO - Filling up the DagBag from /home/airflow/.local/lib/python3.12/site-packages/airflow/example_dags/example_bash_operator.py
[2025-09-24T18:13:31.083+0000] {processor.py:840} INFO - DAG(s) 'example_bash_operator' retrieved from /home/airflow/.local/lib/python3.12/site-packages/airflow/example_dags/example_bash_operator.py
[2025-09-24T18:13:31.106+0000] {logging_mixin.py:188} INFO - [2025-09-24T18:13:31.106+0000] {dag.py:3096} INFO - Sync 1 DAGs
[2025-09-24T18:13:31.126+0000] {logging_mixin.py:188} INFO - [2025-09-24T18:13:31.126+0000] {dag.py:3954} INFO - Setting next_dagrun for example_bash_operator to 2025-09-23 00:00:00+00:00, run_after=2025-09-24 00:00:00+00:00
[2025-09-24T18:13:31.178+0000] {processor.py:183} INFO - Processing /home/airflow/.local/lib/python3.12/site-packages/airflow/example_dags/example_bash_operator.py took 0.113 seconds
