[2025-09-24T18:06:19.642+0000] {processor.py:161} INFO - Started process (PID=81) to work on /home/airflow/.local/lib/python3.12/site-packages/airflow/example_dags/example_short_circuit_operator.py
[2025-09-24T18:06:19.645+0000] {processor.py:830} INFO - Processing file /home/airflow/.local/lib/python3.12/site-packages/airflow/example_dags/example_short_circuit_operator.py for tasks to queue
[2025-09-24T18:06:19.648+0000] {logging_mixin.py:188} INFO - [2025-09-24T18:06:19.647+0000] {dagbag.py:545} INFO - Filling up the DagBag from /home/airflow/.local/lib/python3.12/site-packages/airflow/example_dags/example_short_circuit_operator.py
[2025-09-24T18:06:19.661+0000] {processor.py:840} INFO - DAG(s) 'example_short_circuit_operator' retrieved from /home/airflow/.local/lib/python3.12/site-packages/airflow/example_dags/example_short_circuit_operator.py
[2025-09-24T18:06:19.843+0000] {logging_mixin.py:188} INFO - [2025-09-24T18:06:19.842+0000] {dag.py:3096} INFO - Sync 1 DAGs
[2025-09-24T18:06:19.870+0000] {logging_mixin.py:188} INFO - [2025-09-24T18:06:19.869+0000] {dag.py:3954} INFO - Setting next_dagrun for example_short_circuit_operator to 2025-09-23 00:00:00+00:00, run_after=2025-09-24 00:00:00+00:00
[2025-09-24T18:06:19.898+0000] {processor.py:183} INFO - Processing /home/airflow/.local/lib/python3.12/site-packages/airflow/example_dags/example_short_circuit_operator.py took 0.265 seconds
[2025-09-24T18:06:50.643+0000] {processor.py:161} INFO - Started process (PID=141) to work on /home/airflow/.local/lib/python3.12/site-packages/airflow/example_dags/example_short_circuit_operator.py
[2025-09-24T18:06:50.644+0000] {processor.py:830} INFO - Processing file /home/airflow/.local/lib/python3.12/site-packages/airflow/example_dags/example_short_circuit_operator.py for tasks to queue
[2025-09-24T18:06:50.645+0000] {logging_mixin.py:188} INFO - [2025-09-24T18:06:50.645+0000] {dagbag.py:545} INFO - Filling up the DagBag from /home/airflow/.local/lib/python3.12/site-packages/airflow/example_dags/example_short_circuit_operator.py
[2025-09-24T18:06:50.651+0000] {processor.py:840} INFO - DAG(s) 'example_short_circuit_operator' retrieved from /home/airflow/.local/lib/python3.12/site-packages/airflow/example_dags/example_short_circuit_operator.py
[2025-09-24T18:06:50.671+0000] {logging_mixin.py:188} INFO - [2025-09-24T18:06:50.671+0000] {dag.py:3096} INFO - Sync 1 DAGs
[2025-09-24T18:06:50.688+0000] {logging_mixin.py:188} INFO - [2025-09-24T18:06:50.688+0000] {dag.py:3954} INFO - Setting next_dagrun for example_short_circuit_operator to 2025-09-23 00:00:00+00:00, run_after=2025-09-24 00:00:00+00:00
[2025-09-24T18:06:50.701+0000] {processor.py:183} INFO - Processing /home/airflow/.local/lib/python3.12/site-packages/airflow/example_dags/example_short_circuit_operator.py took 0.063 seconds
[2025-09-24T18:07:20.990+0000] {processor.py:161} INFO - Started process (PID=201) to work on /home/airflow/.local/lib/python3.12/site-packages/airflow/example_dags/example_short_circuit_operator.py
[2025-09-24T18:07:20.992+0000] {processor.py:830} INFO - Processing file /home/airflow/.local/lib/python3.12/site-packages/airflow/example_dags/example_short_circuit_operator.py for tasks to queue
[2025-09-24T18:07:20.997+0000] {logging_mixin.py:188} INFO - [2025-09-24T18:07:20.996+0000] {dagbag.py:545} INFO - Filling up the DagBag from /home/airflow/.local/lib/python3.12/site-packages/airflow/example_dags/example_short_circuit_operator.py
[2025-09-24T18:07:21.004+0000] {processor.py:840} INFO - DAG(s) 'example_short_circuit_operator' retrieved from /home/airflow/.local/lib/python3.12/site-packages/airflow/example_dags/example_short_circuit_operator.py
[2025-09-24T18:07:21.023+0000] {logging_mixin.py:188} INFO - [2025-09-24T18:07:21.023+0000] {dag.py:3096} INFO - Sync 1 DAGs
[2025-09-24T18:07:21.038+0000] {logging_mixin.py:188} INFO - [2025-09-24T18:07:21.038+0000] {dag.py:3954} INFO - Setting next_dagrun for example_short_circuit_operator to 2025-09-23 00:00:00+00:00, run_after=2025-09-24 00:00:00+00:00
[2025-09-24T18:07:21.052+0000] {processor.py:183} INFO - Processing /home/airflow/.local/lib/python3.12/site-packages/airflow/example_dags/example_short_circuit_operator.py took 0.067 seconds
[2025-09-24T18:07:51.246+0000] {processor.py:161} INFO - Started process (PID=267) to work on /home/airflow/.local/lib/python3.12/site-packages/airflow/example_dags/example_short_circuit_operator.py
[2025-09-24T18:07:51.248+0000] {processor.py:830} INFO - Processing file /home/airflow/.local/lib/python3.12/site-packages/airflow/example_dags/example_short_circuit_operator.py for tasks to queue
[2025-09-24T18:07:51.250+0000] {logging_mixin.py:188} INFO - [2025-09-24T18:07:51.249+0000] {dagbag.py:545} INFO - Filling up the DagBag from /home/airflow/.local/lib/python3.12/site-packages/airflow/example_dags/example_short_circuit_operator.py
[2025-09-24T18:07:51.256+0000] {processor.py:840} INFO - DAG(s) 'example_short_circuit_operator' retrieved from /home/airflow/.local/lib/python3.12/site-packages/airflow/example_dags/example_short_circuit_operator.py
[2025-09-24T18:07:51.273+0000] {logging_mixin.py:188} INFO - [2025-09-24T18:07:51.273+0000] {dag.py:3096} INFO - Sync 1 DAGs
[2025-09-24T18:07:51.289+0000] {logging_mixin.py:188} INFO - [2025-09-24T18:07:51.289+0000] {dag.py:3954} INFO - Setting next_dagrun for example_short_circuit_operator to 2025-09-23 00:00:00+00:00, run_after=2025-09-24 00:00:00+00:00
[2025-09-24T18:07:51.304+0000] {processor.py:183} INFO - Processing /home/airflow/.local/lib/python3.12/site-packages/airflow/example_dags/example_short_circuit_operator.py took 0.063 seconds
[2025-09-24T18:08:22.408+0000] {processor.py:161} INFO - Started process (PID=327) to work on /home/airflow/.local/lib/python3.12/site-packages/airflow/example_dags/example_short_circuit_operator.py
[2025-09-24T18:08:22.410+0000] {processor.py:830} INFO - Processing file /home/airflow/.local/lib/python3.12/site-packages/airflow/example_dags/example_short_circuit_operator.py for tasks to queue
[2025-09-24T18:08:22.416+0000] {logging_mixin.py:188} INFO - [2025-09-24T18:08:22.415+0000] {dagbag.py:545} INFO - Filling up the DagBag from /home/airflow/.local/lib/python3.12/site-packages/airflow/example_dags/example_short_circuit_operator.py
[2025-09-24T18:08:22.434+0000] {processor.py:840} INFO - DAG(s) 'example_short_circuit_operator' retrieved from /home/airflow/.local/lib/python3.12/site-packages/airflow/example_dags/example_short_circuit_operator.py
[2025-09-24T18:08:22.467+0000] {logging_mixin.py:188} INFO - [2025-09-24T18:08:22.467+0000] {dag.py:3096} INFO - Sync 1 DAGs
[2025-09-24T18:08:22.505+0000] {logging_mixin.py:188} INFO - [2025-09-24T18:08:22.504+0000] {dag.py:3954} INFO - Setting next_dagrun for example_short_circuit_operator to 2025-09-23 00:00:00+00:00, run_after=2025-09-24 00:00:00+00:00
[2025-09-24T18:08:22.532+0000] {processor.py:183} INFO - Processing /home/airflow/.local/lib/python3.12/site-packages/airflow/example_dags/example_short_circuit_operator.py took 0.137 seconds
[2025-09-24T18:08:52.706+0000] {processor.py:161} INFO - Started process (PID=385) to work on /home/airflow/.local/lib/python3.12/site-packages/airflow/example_dags/example_short_circuit_operator.py
[2025-09-24T18:08:52.707+0000] {processor.py:830} INFO - Processing file /home/airflow/.local/lib/python3.12/site-packages/airflow/example_dags/example_short_circuit_operator.py for tasks to queue
[2025-09-24T18:08:52.710+0000] {logging_mixin.py:188} INFO - [2025-09-24T18:08:52.709+0000] {dagbag.py:545} INFO - Filling up the DagBag from /home/airflow/.local/lib/python3.12/site-packages/airflow/example_dags/example_short_circuit_operator.py
[2025-09-24T18:08:52.716+0000] {processor.py:840} INFO - DAG(s) 'example_short_circuit_operator' retrieved from /home/airflow/.local/lib/python3.12/site-packages/airflow/example_dags/example_short_circuit_operator.py
[2025-09-24T18:08:52.738+0000] {logging_mixin.py:188} INFO - [2025-09-24T18:08:52.738+0000] {dag.py:3096} INFO - Sync 1 DAGs
[2025-09-24T18:08:52.755+0000] {logging_mixin.py:188} INFO - [2025-09-24T18:08:52.755+0000] {dag.py:3954} INFO - Setting next_dagrun for example_short_circuit_operator to 2025-09-23 00:00:00+00:00, run_after=2025-09-24 00:00:00+00:00
[2025-09-24T18:08:52.775+0000] {processor.py:183} INFO - Processing /home/airflow/.local/lib/python3.12/site-packages/airflow/example_dags/example_short_circuit_operator.py took 0.076 seconds
[2025-09-24T18:09:23.178+0000] {processor.py:161} INFO - Started process (PID=445) to work on /home/airflow/.local/lib/python3.12/site-packages/airflow/example_dags/example_short_circuit_operator.py
[2025-09-24T18:09:23.179+0000] {processor.py:830} INFO - Processing file /home/airflow/.local/lib/python3.12/site-packages/airflow/example_dags/example_short_circuit_operator.py for tasks to queue
[2025-09-24T18:09:23.180+0000] {logging_mixin.py:188} INFO - [2025-09-24T18:09:23.180+0000] {dagbag.py:545} INFO - Filling up the DagBag from /home/airflow/.local/lib/python3.12/site-packages/airflow/example_dags/example_short_circuit_operator.py
[2025-09-24T18:09:23.186+0000] {processor.py:840} INFO - DAG(s) 'example_short_circuit_operator' retrieved from /home/airflow/.local/lib/python3.12/site-packages/airflow/example_dags/example_short_circuit_operator.py
[2025-09-24T18:09:23.203+0000] {logging_mixin.py:188} INFO - [2025-09-24T18:09:23.203+0000] {dag.py:3096} INFO - Sync 1 DAGs
[2025-09-24T18:09:23.217+0000] {logging_mixin.py:188} INFO - [2025-09-24T18:09:23.217+0000] {dag.py:3954} INFO - Setting next_dagrun for example_short_circuit_operator to 2025-09-23 00:00:00+00:00, run_after=2025-09-24 00:00:00+00:00
[2025-09-24T18:09:23.247+0000] {processor.py:183} INFO - Processing /home/airflow/.local/lib/python3.12/site-packages/airflow/example_dags/example_short_circuit_operator.py took 0.075 seconds
[2025-09-24T18:09:53.469+0000] {processor.py:161} INFO - Started process (PID=505) to work on /home/airflow/.local/lib/python3.12/site-packages/airflow/example_dags/example_short_circuit_operator.py
[2025-09-24T18:09:53.470+0000] {processor.py:830} INFO - Processing file /home/airflow/.local/lib/python3.12/site-packages/airflow/example_dags/example_short_circuit_operator.py for tasks to queue
[2025-09-24T18:09:53.473+0000] {logging_mixin.py:188} INFO - [2025-09-24T18:09:53.472+0000] {dagbag.py:545} INFO - Filling up the DagBag from /home/airflow/.local/lib/python3.12/site-packages/airflow/example_dags/example_short_circuit_operator.py
[2025-09-24T18:09:53.480+0000] {processor.py:840} INFO - DAG(s) 'example_short_circuit_operator' retrieved from /home/airflow/.local/lib/python3.12/site-packages/airflow/example_dags/example_short_circuit_operator.py
[2025-09-24T18:09:53.499+0000] {logging_mixin.py:188} INFO - [2025-09-24T18:09:53.499+0000] {dag.py:3096} INFO - Sync 1 DAGs
[2025-09-24T18:09:53.515+0000] {logging_mixin.py:188} INFO - [2025-09-24T18:09:53.515+0000] {dag.py:3954} INFO - Setting next_dagrun for example_short_circuit_operator to 2025-09-23 00:00:00+00:00, run_after=2025-09-24 00:00:00+00:00
[2025-09-24T18:09:53.552+0000] {processor.py:183} INFO - Processing /home/airflow/.local/lib/python3.12/site-packages/airflow/example_dags/example_short_circuit_operator.py took 0.090 seconds
[2025-09-24T18:10:23.831+0000] {processor.py:161} INFO - Started process (PID=566) to work on /home/airflow/.local/lib/python3.12/site-packages/airflow/example_dags/example_short_circuit_operator.py
[2025-09-24T18:10:23.833+0000] {processor.py:830} INFO - Processing file /home/airflow/.local/lib/python3.12/site-packages/airflow/example_dags/example_short_circuit_operator.py for tasks to queue
[2025-09-24T18:10:23.835+0000] {logging_mixin.py:188} INFO - [2025-09-24T18:10:23.835+0000] {dagbag.py:545} INFO - Filling up the DagBag from /home/airflow/.local/lib/python3.12/site-packages/airflow/example_dags/example_short_circuit_operator.py
[2025-09-24T18:10:23.842+0000] {processor.py:840} INFO - DAG(s) 'example_short_circuit_operator' retrieved from /home/airflow/.local/lib/python3.12/site-packages/airflow/example_dags/example_short_circuit_operator.py
[2025-09-24T18:10:23.868+0000] {logging_mixin.py:188} INFO - [2025-09-24T18:10:23.868+0000] {dag.py:3096} INFO - Sync 1 DAGs
[2025-09-24T18:10:23.887+0000] {logging_mixin.py:188} INFO - [2025-09-24T18:10:23.887+0000] {dag.py:3954} INFO - Setting next_dagrun for example_short_circuit_operator to 2025-09-23 00:00:00+00:00, run_after=2025-09-24 00:00:00+00:00
[2025-09-24T18:10:23.916+0000] {processor.py:183} INFO - Processing /home/airflow/.local/lib/python3.12/site-packages/airflow/example_dags/example_short_circuit_operator.py took 0.090 seconds
[2025-09-24T18:10:54.513+0000] {processor.py:161} INFO - Started process (PID=626) to work on /home/airflow/.local/lib/python3.12/site-packages/airflow/example_dags/example_short_circuit_operator.py
[2025-09-24T18:10:54.515+0000] {processor.py:830} INFO - Processing file /home/airflow/.local/lib/python3.12/site-packages/airflow/example_dags/example_short_circuit_operator.py for tasks to queue
[2025-09-24T18:10:54.516+0000] {logging_mixin.py:188} INFO - [2025-09-24T18:10:54.516+0000] {dagbag.py:545} INFO - Filling up the DagBag from /home/airflow/.local/lib/python3.12/site-packages/airflow/example_dags/example_short_circuit_operator.py
[2025-09-24T18:10:54.523+0000] {processor.py:840} INFO - DAG(s) 'example_short_circuit_operator' retrieved from /home/airflow/.local/lib/python3.12/site-packages/airflow/example_dags/example_short_circuit_operator.py
[2025-09-24T18:10:54.541+0000] {logging_mixin.py:188} INFO - [2025-09-24T18:10:54.540+0000] {dag.py:3096} INFO - Sync 1 DAGs
[2025-09-24T18:10:54.556+0000] {logging_mixin.py:188} INFO - [2025-09-24T18:10:54.556+0000] {dag.py:3954} INFO - Setting next_dagrun for example_short_circuit_operator to 2025-09-23 00:00:00+00:00, run_after=2025-09-24 00:00:00+00:00
[2025-09-24T18:10:54.598+0000] {processor.py:183} INFO - Processing /home/airflow/.local/lib/python3.12/site-packages/airflow/example_dags/example_short_circuit_operator.py took 0.090 seconds
[2025-09-24T18:11:24.849+0000] {processor.py:161} INFO - Started process (PID=686) to work on /home/airflow/.local/lib/python3.12/site-packages/airflow/example_dags/example_short_circuit_operator.py
[2025-09-24T18:11:24.850+0000] {processor.py:830} INFO - Processing file /home/airflow/.local/lib/python3.12/site-packages/airflow/example_dags/example_short_circuit_operator.py for tasks to queue
[2025-09-24T18:11:24.852+0000] {logging_mixin.py:188} INFO - [2025-09-24T18:11:24.852+0000] {dagbag.py:545} INFO - Filling up the DagBag from /home/airflow/.local/lib/python3.12/site-packages/airflow/example_dags/example_short_circuit_operator.py
[2025-09-24T18:11:24.858+0000] {processor.py:840} INFO - DAG(s) 'example_short_circuit_operator' retrieved from /home/airflow/.local/lib/python3.12/site-packages/airflow/example_dags/example_short_circuit_operator.py
[2025-09-24T18:11:24.881+0000] {logging_mixin.py:188} INFO - [2025-09-24T18:11:24.880+0000] {dag.py:3096} INFO - Sync 1 DAGs
[2025-09-24T18:11:24.897+0000] {logging_mixin.py:188} INFO - [2025-09-24T18:11:24.897+0000] {dag.py:3954} INFO - Setting next_dagrun for example_short_circuit_operator to 2025-09-23 00:00:00+00:00, run_after=2025-09-24 00:00:00+00:00
[2025-09-24T18:11:24.911+0000] {processor.py:183} INFO - Processing /home/airflow/.local/lib/python3.12/site-packages/airflow/example_dags/example_short_circuit_operator.py took 0.066 seconds
[2025-09-24T18:11:55.292+0000] {processor.py:161} INFO - Started process (PID=746) to work on /home/airflow/.local/lib/python3.12/site-packages/airflow/example_dags/example_short_circuit_operator.py
[2025-09-24T18:11:55.293+0000] {processor.py:830} INFO - Processing file /home/airflow/.local/lib/python3.12/site-packages/airflow/example_dags/example_short_circuit_operator.py for tasks to queue
[2025-09-24T18:11:55.295+0000] {logging_mixin.py:188} INFO - [2025-09-24T18:11:55.295+0000] {dagbag.py:545} INFO - Filling up the DagBag from /home/airflow/.local/lib/python3.12/site-packages/airflow/example_dags/example_short_circuit_operator.py
[2025-09-24T18:11:55.300+0000] {processor.py:840} INFO - DAG(s) 'example_short_circuit_operator' retrieved from /home/airflow/.local/lib/python3.12/site-packages/airflow/example_dags/example_short_circuit_operator.py
[2025-09-24T18:11:55.316+0000] {logging_mixin.py:188} INFO - [2025-09-24T18:11:55.315+0000] {dag.py:3096} INFO - Sync 1 DAGs
[2025-09-24T18:11:55.331+0000] {logging_mixin.py:188} INFO - [2025-09-24T18:11:55.331+0000] {dag.py:3954} INFO - Setting next_dagrun for example_short_circuit_operator to 2025-09-23 00:00:00+00:00, run_after=2025-09-24 00:00:00+00:00
[2025-09-24T18:11:55.344+0000] {processor.py:183} INFO - Processing /home/airflow/.local/lib/python3.12/site-packages/airflow/example_dags/example_short_circuit_operator.py took 0.056 seconds
[2025-09-24T18:12:25.777+0000] {processor.py:161} INFO - Started process (PID=806) to work on /home/airflow/.local/lib/python3.12/site-packages/airflow/example_dags/example_short_circuit_operator.py
[2025-09-24T18:12:25.778+0000] {processor.py:830} INFO - Processing file /home/airflow/.local/lib/python3.12/site-packages/airflow/example_dags/example_short_circuit_operator.py for tasks to queue
[2025-09-24T18:12:25.780+0000] {logging_mixin.py:188} INFO - [2025-09-24T18:12:25.779+0000] {dagbag.py:545} INFO - Filling up the DagBag from /home/airflow/.local/lib/python3.12/site-packages/airflow/example_dags/example_short_circuit_operator.py
[2025-09-24T18:12:25.787+0000] {processor.py:840} INFO - DAG(s) 'example_short_circuit_operator' retrieved from /home/airflow/.local/lib/python3.12/site-packages/airflow/example_dags/example_short_circuit_operator.py
[2025-09-24T18:12:25.805+0000] {logging_mixin.py:188} INFO - [2025-09-24T18:12:25.804+0000] {dag.py:3096} INFO - Sync 1 DAGs
[2025-09-24T18:12:25.821+0000] {logging_mixin.py:188} INFO - [2025-09-24T18:12:25.821+0000] {dag.py:3954} INFO - Setting next_dagrun for example_short_circuit_operator to 2025-09-23 00:00:00+00:00, run_after=2025-09-24 00:00:00+00:00
[2025-09-24T18:12:25.893+0000] {processor.py:183} INFO - Processing /home/airflow/.local/lib/python3.12/site-packages/airflow/example_dags/example_short_circuit_operator.py took 0.122 seconds
[2025-09-24T18:12:56.051+0000] {processor.py:161} INFO - Started process (PID=866) to work on /home/airflow/.local/lib/python3.12/site-packages/airflow/example_dags/example_short_circuit_operator.py
[2025-09-24T18:12:56.052+0000] {processor.py:830} INFO - Processing file /home/airflow/.local/lib/python3.12/site-packages/airflow/example_dags/example_short_circuit_operator.py for tasks to queue
[2025-09-24T18:12:56.053+0000] {logging_mixin.py:188} INFO - [2025-09-24T18:12:56.053+0000] {dagbag.py:545} INFO - Filling up the DagBag from /home/airflow/.local/lib/python3.12/site-packages/airflow/example_dags/example_short_circuit_operator.py
[2025-09-24T18:12:56.059+0000] {processor.py:840} INFO - DAG(s) 'example_short_circuit_operator' retrieved from /home/airflow/.local/lib/python3.12/site-packages/airflow/example_dags/example_short_circuit_operator.py
[2025-09-24T18:12:56.075+0000] {logging_mixin.py:188} INFO - [2025-09-24T18:12:56.075+0000] {dag.py:3096} INFO - Sync 1 DAGs
[2025-09-24T18:12:56.091+0000] {logging_mixin.py:188} INFO - [2025-09-24T18:12:56.091+0000] {dag.py:3954} INFO - Setting next_dagrun for example_short_circuit_operator to 2025-09-23 00:00:00+00:00, run_after=2025-09-24 00:00:00+00:00
[2025-09-24T18:12:56.103+0000] {processor.py:183} INFO - Processing /home/airflow/.local/lib/python3.12/site-packages/airflow/example_dags/example_short_circuit_operator.py took 0.057 seconds
[2025-09-24T18:13:26.597+0000] {processor.py:161} INFO - Started process (PID=926) to work on /home/airflow/.local/lib/python3.12/site-packages/airflow/example_dags/example_short_circuit_operator.py
[2025-09-24T18:13:26.598+0000] {processor.py:830} INFO - Processing file /home/airflow/.local/lib/python3.12/site-packages/airflow/example_dags/example_short_circuit_operator.py for tasks to queue
[2025-09-24T18:13:26.600+0000] {logging_mixin.py:188} INFO - [2025-09-24T18:13:26.600+0000] {dagbag.py:545} INFO - Filling up the DagBag from /home/airflow/.local/lib/python3.12/site-packages/airflow/example_dags/example_short_circuit_operator.py
[2025-09-24T18:13:26.607+0000] {processor.py:840} INFO - DAG(s) 'example_short_circuit_operator' retrieved from /home/airflow/.local/lib/python3.12/site-packages/airflow/example_dags/example_short_circuit_operator.py
[2025-09-24T18:13:26.629+0000] {logging_mixin.py:188} INFO - [2025-09-24T18:13:26.629+0000] {dag.py:3096} INFO - Sync 1 DAGs
[2025-09-24T18:13:26.649+0000] {logging_mixin.py:188} INFO - [2025-09-24T18:13:26.648+0000] {dag.py:3954} INFO - Setting next_dagrun for example_short_circuit_operator to 2025-09-23 00:00:00+00:00, run_after=2025-09-24 00:00:00+00:00
[2025-09-24T18:13:26.666+0000] {processor.py:183} INFO - Processing /home/airflow/.local/lib/python3.12/site-packages/airflow/example_dags/example_short_circuit_operator.py took 0.075 seconds
