[2025-09-24T18:06:18.528+0000] {processor.py:161} INFO - Started process (PID=75) to work on /home/airflow/.local/lib/python3.12/site-packages/airflow/example_dags/example_complex.py
[2025-09-24T18:06:18.531+0000] {processor.py:830} INFO - Processing file /home/airflow/.local/lib/python3.12/site-packages/airflow/example_dags/example_complex.py for tasks to queue
[2025-09-24T18:06:18.535+0000] {logging_mixin.py:188} INFO - [2025-09-24T18:06:18.534+0000] {dagbag.py:545} INFO - Filling up the DagBag from /home/airflow/.local/lib/python3.12/site-packages/airflow/example_dags/example_complex.py
[2025-09-24T18:06:18.559+0000] {processor.py:840} INFO - DAG(s) 'example_complex' retrieved from /home/airflow/.local/lib/python3.12/site-packages/airflow/example_dags/example_complex.py
[2025-09-24T18:06:18.581+0000] {logging_mixin.py:188} INFO - [2025-09-24T18:06:18.581+0000] {dag.py:3096} INFO - Sync 1 DAGs
[2025-09-24T18:06:18.611+0000] {logging_mixin.py:188} INFO - [2025-09-24T18:06:18.611+0000] {dag.py:3954} INFO - Setting next_dagrun for example_complex to None, run_after=None
[2025-09-24T18:06:18.652+0000] {processor.py:183} INFO - Processing /home/airflow/.local/lib/python3.12/site-packages/airflow/example_dags/example_complex.py took 0.138 seconds
[2025-09-24T18:06:48.996+0000] {processor.py:161} INFO - Started process (PID=133) to work on /home/airflow/.local/lib/python3.12/site-packages/airflow/example_dags/example_complex.py
[2025-09-24T18:06:48.998+0000] {processor.py:830} INFO - Processing file /home/airflow/.local/lib/python3.12/site-packages/airflow/example_dags/example_complex.py for tasks to queue
[2025-09-24T18:06:48.999+0000] {logging_mixin.py:188} INFO - [2025-09-24T18:06:48.999+0000] {dagbag.py:545} INFO - Filling up the DagBag from /home/airflow/.local/lib/python3.12/site-packages/airflow/example_dags/example_complex.py
[2025-09-24T18:06:49.007+0000] {processor.py:840} INFO - DAG(s) 'example_complex' retrieved from /home/airflow/.local/lib/python3.12/site-packages/airflow/example_dags/example_complex.py
[2025-09-24T18:06:49.101+0000] {logging_mixin.py:188} INFO - [2025-09-24T18:06:49.101+0000] {dag.py:3096} INFO - Sync 1 DAGs
[2025-09-24T18:06:49.110+0000] {logging_mixin.py:188} INFO - [2025-09-24T18:06:49.110+0000] {dag.py:3954} INFO - Setting next_dagrun for example_complex to None, run_after=None
[2025-09-24T18:06:49.127+0000] {processor.py:183} INFO - Processing /home/airflow/.local/lib/python3.12/site-packages/airflow/example_dags/example_complex.py took 0.135 seconds
[2025-09-24T18:07:19.536+0000] {processor.py:161} INFO - Started process (PID=193) to work on /home/airflow/.local/lib/python3.12/site-packages/airflow/example_dags/example_complex.py
[2025-09-24T18:07:19.537+0000] {processor.py:830} INFO - Processing file /home/airflow/.local/lib/python3.12/site-packages/airflow/example_dags/example_complex.py for tasks to queue
[2025-09-24T18:07:19.538+0000] {logging_mixin.py:188} INFO - [2025-09-24T18:07:19.538+0000] {dagbag.py:545} INFO - Filling up the DagBag from /home/airflow/.local/lib/python3.12/site-packages/airflow/example_dags/example_complex.py
[2025-09-24T18:07:19.546+0000] {processor.py:840} INFO - DAG(s) 'example_complex' retrieved from /home/airflow/.local/lib/python3.12/site-packages/airflow/example_dags/example_complex.py
[2025-09-24T18:07:19.571+0000] {logging_mixin.py:188} INFO - [2025-09-24T18:07:19.570+0000] {dag.py:3096} INFO - Sync 1 DAGs
[2025-09-24T18:07:19.581+0000] {logging_mixin.py:188} INFO - [2025-09-24T18:07:19.580+0000] {dag.py:3954} INFO - Setting next_dagrun for example_complex to None, run_after=None
[2025-09-24T18:07:19.597+0000] {processor.py:183} INFO - Processing /home/airflow/.local/lib/python3.12/site-packages/airflow/example_dags/example_complex.py took 0.066 seconds
[2025-09-24T18:07:50.426+0000] {processor.py:161} INFO - Started process (PID=253) to work on /home/airflow/.local/lib/python3.12/site-packages/airflow/example_dags/example_complex.py
[2025-09-24T18:07:50.430+0000] {processor.py:830} INFO - Processing file /home/airflow/.local/lib/python3.12/site-packages/airflow/example_dags/example_complex.py for tasks to queue
[2025-09-24T18:07:50.437+0000] {logging_mixin.py:188} INFO - [2025-09-24T18:07:50.437+0000] {dagbag.py:545} INFO - Filling up the DagBag from /home/airflow/.local/lib/python3.12/site-packages/airflow/example_dags/example_complex.py
[2025-09-24T18:07:50.448+0000] {processor.py:840} INFO - DAG(s) 'example_complex' retrieved from /home/airflow/.local/lib/python3.12/site-packages/airflow/example_dags/example_complex.py
[2025-09-24T18:07:50.479+0000] {logging_mixin.py:188} INFO - [2025-09-24T18:07:50.479+0000] {dag.py:3096} INFO - Sync 1 DAGs
[2025-09-24T18:07:50.489+0000] {logging_mixin.py:188} INFO - [2025-09-24T18:07:50.489+0000] {dag.py:3954} INFO - Setting next_dagrun for example_complex to None, run_after=None
[2025-09-24T18:07:50.504+0000] {processor.py:183} INFO - Processing /home/airflow/.local/lib/python3.12/site-packages/airflow/example_dags/example_complex.py took 0.083 seconds
[2025-09-24T18:08:20.905+0000] {processor.py:161} INFO - Started process (PID=313) to work on /home/airflow/.local/lib/python3.12/site-packages/airflow/example_dags/example_complex.py
[2025-09-24T18:08:20.906+0000] {processor.py:830} INFO - Processing file /home/airflow/.local/lib/python3.12/site-packages/airflow/example_dags/example_complex.py for tasks to queue
[2025-09-24T18:08:20.908+0000] {logging_mixin.py:188} INFO - [2025-09-24T18:08:20.908+0000] {dagbag.py:545} INFO - Filling up the DagBag from /home/airflow/.local/lib/python3.12/site-packages/airflow/example_dags/example_complex.py
[2025-09-24T18:08:20.917+0000] {processor.py:840} INFO - DAG(s) 'example_complex' retrieved from /home/airflow/.local/lib/python3.12/site-packages/airflow/example_dags/example_complex.py
[2025-09-24T18:08:20.949+0000] {logging_mixin.py:188} INFO - [2025-09-24T18:08:20.949+0000] {dag.py:3096} INFO - Sync 1 DAGs
[2025-09-24T18:08:20.962+0000] {logging_mixin.py:188} INFO - [2025-09-24T18:08:20.962+0000] {dag.py:3954} INFO - Setting next_dagrun for example_complex to None, run_after=None
[2025-09-24T18:08:20.979+0000] {processor.py:183} INFO - Processing /home/airflow/.local/lib/python3.12/site-packages/airflow/example_dags/example_complex.py took 0.080 seconds
[2025-09-24T18:08:51.407+0000] {processor.py:161} INFO - Started process (PID=379) to work on /home/airflow/.local/lib/python3.12/site-packages/airflow/example_dags/example_complex.py
[2025-09-24T18:08:51.409+0000] {processor.py:830} INFO - Processing file /home/airflow/.local/lib/python3.12/site-packages/airflow/example_dags/example_complex.py for tasks to queue
[2025-09-24T18:08:51.411+0000] {logging_mixin.py:188} INFO - [2025-09-24T18:08:51.410+0000] {dagbag.py:545} INFO - Filling up the DagBag from /home/airflow/.local/lib/python3.12/site-packages/airflow/example_dags/example_complex.py
[2025-09-24T18:08:51.419+0000] {processor.py:840} INFO - DAG(s) 'example_complex' retrieved from /home/airflow/.local/lib/python3.12/site-packages/airflow/example_dags/example_complex.py
[2025-09-24T18:08:51.447+0000] {logging_mixin.py:188} INFO - [2025-09-24T18:08:51.447+0000] {dag.py:3096} INFO - Sync 1 DAGs
[2025-09-24T18:08:51.459+0000] {logging_mixin.py:188} INFO - [2025-09-24T18:08:51.459+0000] {dag.py:3954} INFO - Setting next_dagrun for example_complex to None, run_after=None
[2025-09-24T18:08:51.476+0000] {processor.py:183} INFO - Processing /home/airflow/.local/lib/python3.12/site-packages/airflow/example_dags/example_complex.py took 0.073 seconds
[2025-09-24T18:09:21.913+0000] {processor.py:161} INFO - Started process (PID=439) to work on /home/airflow/.local/lib/python3.12/site-packages/airflow/example_dags/example_complex.py
[2025-09-24T18:09:21.915+0000] {processor.py:830} INFO - Processing file /home/airflow/.local/lib/python3.12/site-packages/airflow/example_dags/example_complex.py for tasks to queue
[2025-09-24T18:09:21.918+0000] {logging_mixin.py:188} INFO - [2025-09-24T18:09:21.918+0000] {dagbag.py:545} INFO - Filling up the DagBag from /home/airflow/.local/lib/python3.12/site-packages/airflow/example_dags/example_complex.py
[2025-09-24T18:09:21.930+0000] {processor.py:840} INFO - DAG(s) 'example_complex' retrieved from /home/airflow/.local/lib/python3.12/site-packages/airflow/example_dags/example_complex.py
[2025-09-24T18:09:21.970+0000] {logging_mixin.py:188} INFO - [2025-09-24T18:09:21.970+0000] {dag.py:3096} INFO - Sync 1 DAGs
[2025-09-24T18:09:21.984+0000] {logging_mixin.py:188} INFO - [2025-09-24T18:09:21.984+0000] {dag.py:3954} INFO - Setting next_dagrun for example_complex to None, run_after=None
[2025-09-24T18:09:22.007+0000] {processor.py:183} INFO - Processing /home/airflow/.local/lib/python3.12/site-packages/airflow/example_dags/example_complex.py took 0.102 seconds
[2025-09-24T18:09:52.102+0000] {processor.py:161} INFO - Started process (PID=499) to work on /home/airflow/.local/lib/python3.12/site-packages/airflow/example_dags/example_complex.py
[2025-09-24T18:09:52.103+0000] {processor.py:830} INFO - Processing file /home/airflow/.local/lib/python3.12/site-packages/airflow/example_dags/example_complex.py for tasks to queue
[2025-09-24T18:09:52.105+0000] {logging_mixin.py:188} INFO - [2025-09-24T18:09:52.105+0000] {dagbag.py:545} INFO - Filling up the DagBag from /home/airflow/.local/lib/python3.12/site-packages/airflow/example_dags/example_complex.py
[2025-09-24T18:09:52.112+0000] {processor.py:840} INFO - DAG(s) 'example_complex' retrieved from /home/airflow/.local/lib/python3.12/site-packages/airflow/example_dags/example_complex.py
[2025-09-24T18:09:52.138+0000] {logging_mixin.py:188} INFO - [2025-09-24T18:09:52.138+0000] {dag.py:3096} INFO - Sync 1 DAGs
[2025-09-24T18:09:52.149+0000] {logging_mixin.py:188} INFO - [2025-09-24T18:09:52.149+0000] {dag.py:3954} INFO - Setting next_dagrun for example_complex to None, run_after=None
[2025-09-24T18:09:52.165+0000] {processor.py:183} INFO - Processing /home/airflow/.local/lib/python3.12/site-packages/airflow/example_dags/example_complex.py took 0.067 seconds
[2025-09-24T18:10:22.312+0000] {processor.py:161} INFO - Started process (PID=559) to work on /home/airflow/.local/lib/python3.12/site-packages/airflow/example_dags/example_complex.py
[2025-09-24T18:10:22.313+0000] {processor.py:830} INFO - Processing file /home/airflow/.local/lib/python3.12/site-packages/airflow/example_dags/example_complex.py for tasks to queue
[2025-09-24T18:10:22.314+0000] {logging_mixin.py:188} INFO - [2025-09-24T18:10:22.314+0000] {dagbag.py:545} INFO - Filling up the DagBag from /home/airflow/.local/lib/python3.12/site-packages/airflow/example_dags/example_complex.py
[2025-09-24T18:10:22.321+0000] {processor.py:840} INFO - DAG(s) 'example_complex' retrieved from /home/airflow/.local/lib/python3.12/site-packages/airflow/example_dags/example_complex.py
[2025-09-24T18:10:22.346+0000] {logging_mixin.py:188} INFO - [2025-09-24T18:10:22.346+0000] {dag.py:3096} INFO - Sync 1 DAGs
[2025-09-24T18:10:22.355+0000] {logging_mixin.py:188} INFO - [2025-09-24T18:10:22.355+0000] {dag.py:3954} INFO - Setting next_dagrun for example_complex to None, run_after=None
[2025-09-24T18:10:22.370+0000] {processor.py:183} INFO - Processing /home/airflow/.local/lib/python3.12/site-packages/airflow/example_dags/example_complex.py took 0.063 seconds
[2025-09-24T18:10:53.186+0000] {processor.py:161} INFO - Started process (PID=620) to work on /home/airflow/.local/lib/python3.12/site-packages/airflow/example_dags/example_complex.py
[2025-09-24T18:10:53.188+0000] {processor.py:830} INFO - Processing file /home/airflow/.local/lib/python3.12/site-packages/airflow/example_dags/example_complex.py for tasks to queue
[2025-09-24T18:10:53.191+0000] {logging_mixin.py:188} INFO - [2025-09-24T18:10:53.190+0000] {dagbag.py:545} INFO - Filling up the DagBag from /home/airflow/.local/lib/python3.12/site-packages/airflow/example_dags/example_complex.py
[2025-09-24T18:10:53.203+0000] {processor.py:840} INFO - DAG(s) 'example_complex' retrieved from /home/airflow/.local/lib/python3.12/site-packages/airflow/example_dags/example_complex.py
[2025-09-24T18:10:53.227+0000] {logging_mixin.py:188} INFO - [2025-09-24T18:10:53.227+0000] {dag.py:3096} INFO - Sync 1 DAGs
[2025-09-24T18:10:53.239+0000] {logging_mixin.py:188} INFO - [2025-09-24T18:10:53.239+0000] {dag.py:3954} INFO - Setting next_dagrun for example_complex to None, run_after=None
[2025-09-24T18:10:53.288+0000] {processor.py:183} INFO - Processing /home/airflow/.local/lib/python3.12/site-packages/airflow/example_dags/example_complex.py took 0.108 seconds
[2025-09-24T18:11:23.427+0000] {processor.py:161} INFO - Started process (PID=680) to work on /home/airflow/.local/lib/python3.12/site-packages/airflow/example_dags/example_complex.py
[2025-09-24T18:11:23.429+0000] {processor.py:830} INFO - Processing file /home/airflow/.local/lib/python3.12/site-packages/airflow/example_dags/example_complex.py for tasks to queue
[2025-09-24T18:11:23.431+0000] {logging_mixin.py:188} INFO - [2025-09-24T18:11:23.431+0000] {dagbag.py:545} INFO - Filling up the DagBag from /home/airflow/.local/lib/python3.12/site-packages/airflow/example_dags/example_complex.py
[2025-09-24T18:11:23.438+0000] {processor.py:840} INFO - DAG(s) 'example_complex' retrieved from /home/airflow/.local/lib/python3.12/site-packages/airflow/example_dags/example_complex.py
[2025-09-24T18:11:23.461+0000] {logging_mixin.py:188} INFO - [2025-09-24T18:11:23.461+0000] {dag.py:3096} INFO - Sync 1 DAGs
[2025-09-24T18:11:23.471+0000] {logging_mixin.py:188} INFO - [2025-09-24T18:11:23.470+0000] {dag.py:3954} INFO - Setting next_dagrun for example_complex to None, run_after=None
[2025-09-24T18:11:23.483+0000] {processor.py:183} INFO - Processing /home/airflow/.local/lib/python3.12/site-packages/airflow/example_dags/example_complex.py took 0.060 seconds
[2025-09-24T18:11:53.895+0000] {processor.py:161} INFO - Started process (PID=740) to work on /home/airflow/.local/lib/python3.12/site-packages/airflow/example_dags/example_complex.py
[2025-09-24T18:11:53.898+0000] {processor.py:830} INFO - Processing file /home/airflow/.local/lib/python3.12/site-packages/airflow/example_dags/example_complex.py for tasks to queue
[2025-09-24T18:11:53.901+0000] {logging_mixin.py:188} INFO - [2025-09-24T18:11:53.901+0000] {dagbag.py:545} INFO - Filling up the DagBag from /home/airflow/.local/lib/python3.12/site-packages/airflow/example_dags/example_complex.py
[2025-09-24T18:11:53.909+0000] {processor.py:840} INFO - DAG(s) 'example_complex' retrieved from /home/airflow/.local/lib/python3.12/site-packages/airflow/example_dags/example_complex.py
[2025-09-24T18:11:53.936+0000] {logging_mixin.py:188} INFO - [2025-09-24T18:11:53.936+0000] {dag.py:3096} INFO - Sync 1 DAGs
[2025-09-24T18:11:53.946+0000] {logging_mixin.py:188} INFO - [2025-09-24T18:11:53.946+0000] {dag.py:3954} INFO - Setting next_dagrun for example_complex to None, run_after=None
[2025-09-24T18:11:54.042+0000] {processor.py:183} INFO - Processing /home/airflow/.local/lib/python3.12/site-packages/airflow/example_dags/example_complex.py took 0.156 seconds
[2025-09-24T18:12:24.218+0000] {processor.py:161} INFO - Started process (PID=800) to work on /home/airflow/.local/lib/python3.12/site-packages/airflow/example_dags/example_complex.py
[2025-09-24T18:12:24.219+0000] {processor.py:830} INFO - Processing file /home/airflow/.local/lib/python3.12/site-packages/airflow/example_dags/example_complex.py for tasks to queue
[2025-09-24T18:12:24.221+0000] {logging_mixin.py:188} INFO - [2025-09-24T18:12:24.220+0000] {dagbag.py:545} INFO - Filling up the DagBag from /home/airflow/.local/lib/python3.12/site-packages/airflow/example_dags/example_complex.py
[2025-09-24T18:12:24.229+0000] {processor.py:840} INFO - DAG(s) 'example_complex' retrieved from /home/airflow/.local/lib/python3.12/site-packages/airflow/example_dags/example_complex.py
[2025-09-24T18:12:24.252+0000] {logging_mixin.py:188} INFO - [2025-09-24T18:12:24.252+0000] {dag.py:3096} INFO - Sync 1 DAGs
[2025-09-24T18:12:24.262+0000] {logging_mixin.py:188} INFO - [2025-09-24T18:12:24.262+0000] {dag.py:3954} INFO - Setting next_dagrun for example_complex to None, run_after=None
[2025-09-24T18:12:24.326+0000] {processor.py:183} INFO - Processing /home/airflow/.local/lib/python3.12/site-packages/airflow/example_dags/example_complex.py took 0.114 seconds
[2025-09-24T18:12:54.594+0000] {processor.py:161} INFO - Started process (PID=860) to work on /home/airflow/.local/lib/python3.12/site-packages/airflow/example_dags/example_complex.py
[2025-09-24T18:12:54.596+0000] {processor.py:830} INFO - Processing file /home/airflow/.local/lib/python3.12/site-packages/airflow/example_dags/example_complex.py for tasks to queue
[2025-09-24T18:12:54.599+0000] {logging_mixin.py:188} INFO - [2025-09-24T18:12:54.598+0000] {dagbag.py:545} INFO - Filling up the DagBag from /home/airflow/.local/lib/python3.12/site-packages/airflow/example_dags/example_complex.py
[2025-09-24T18:12:54.608+0000] {processor.py:840} INFO - DAG(s) 'example_complex' retrieved from /home/airflow/.local/lib/python3.12/site-packages/airflow/example_dags/example_complex.py
[2025-09-24T18:12:54.641+0000] {logging_mixin.py:188} INFO - [2025-09-24T18:12:54.640+0000] {dag.py:3096} INFO - Sync 1 DAGs
[2025-09-24T18:12:54.655+0000] {logging_mixin.py:188} INFO - [2025-09-24T18:12:54.655+0000] {dag.py:3954} INFO - Setting next_dagrun for example_complex to None, run_after=None
[2025-09-24T18:12:54.676+0000] {processor.py:183} INFO - Processing /home/airflow/.local/lib/python3.12/site-packages/airflow/example_dags/example_complex.py took 0.091 seconds
[2025-09-24T18:13:25.265+0000] {processor.py:161} INFO - Started process (PID=920) to work on /home/airflow/.local/lib/python3.12/site-packages/airflow/example_dags/example_complex.py
[2025-09-24T18:13:25.266+0000] {processor.py:830} INFO - Processing file /home/airflow/.local/lib/python3.12/site-packages/airflow/example_dags/example_complex.py for tasks to queue
[2025-09-24T18:13:25.269+0000] {logging_mixin.py:188} INFO - [2025-09-24T18:13:25.268+0000] {dagbag.py:545} INFO - Filling up the DagBag from /home/airflow/.local/lib/python3.12/site-packages/airflow/example_dags/example_complex.py
[2025-09-24T18:13:25.277+0000] {processor.py:840} INFO - DAG(s) 'example_complex' retrieved from /home/airflow/.local/lib/python3.12/site-packages/airflow/example_dags/example_complex.py
[2025-09-24T18:13:25.304+0000] {logging_mixin.py:188} INFO - [2025-09-24T18:13:25.304+0000] {dag.py:3096} INFO - Sync 1 DAGs
[2025-09-24T18:13:25.316+0000] {logging_mixin.py:188} INFO - [2025-09-24T18:13:25.316+0000] {dag.py:3954} INFO - Setting next_dagrun for example_complex to None, run_after=None
[2025-09-24T18:13:25.331+0000] {processor.py:183} INFO - Processing /home/airflow/.local/lib/python3.12/site-packages/airflow/example_dags/example_complex.py took 0.071 seconds
