[2025-09-24T18:06:22.238+0000] {processor.py:161} INFO - Started process (PID=105) to work on /home/airflow/.local/lib/python3.12/site-packages/airflow/example_dags/example_params_ui_tutorial.py
[2025-09-24T18:06:22.240+0000] {processor.py:830} INFO - Processing file /home/airflow/.local/lib/python3.12/site-packages/airflow/example_dags/example_params_ui_tutorial.py for tasks to queue
[2025-09-24T18:06:22.243+0000] {logging_mixin.py:188} INFO - [2025-09-24T18:06:22.242+0000] {dagbag.py:545} INFO - Filling up the DagBag from /home/airflow/.local/lib/python3.12/site-packages/airflow/example_dags/example_params_ui_tutorial.py
[2025-09-24T18:06:22.258+0000] {processor.py:840} INFO - DAG(s) 'example_params_ui_tutorial' retrieved from /home/airflow/.local/lib/python3.12/site-packages/airflow/example_dags/example_params_ui_tutorial.py
[2025-09-24T18:06:22.408+0000] {logging_mixin.py:188} INFO - [2025-09-24T18:06:22.408+0000] {dag.py:3096} INFO - Sync 1 DAGs
[2025-09-24T18:06:22.421+0000] {logging_mixin.py:188} INFO - [2025-09-24T18:06:22.421+0000] {dag.py:3954} INFO - Setting next_dagrun for example_params_ui_tutorial to None, run_after=None
[2025-09-24T18:06:22.445+0000] {processor.py:183} INFO - Processing /home/airflow/.local/lib/python3.12/site-packages/airflow/example_dags/example_params_ui_tutorial.py took 0.212 seconds
[2025-09-24T18:06:52.652+0000] {processor.py:161} INFO - Started process (PID=165) to work on /home/airflow/.local/lib/python3.12/site-packages/airflow/example_dags/example_params_ui_tutorial.py
[2025-09-24T18:06:52.654+0000] {processor.py:830} INFO - Processing file /home/airflow/.local/lib/python3.12/site-packages/airflow/example_dags/example_params_ui_tutorial.py for tasks to queue
[2025-09-24T18:06:52.656+0000] {logging_mixin.py:188} INFO - [2025-09-24T18:06:52.656+0000] {dagbag.py:545} INFO - Filling up the DagBag from /home/airflow/.local/lib/python3.12/site-packages/airflow/example_dags/example_params_ui_tutorial.py
[2025-09-24T18:06:52.668+0000] {processor.py:840} INFO - DAG(s) 'example_params_ui_tutorial' retrieved from /home/airflow/.local/lib/python3.12/site-packages/airflow/example_dags/example_params_ui_tutorial.py
[2025-09-24T18:06:52.723+0000] {logging_mixin.py:188} INFO - [2025-09-24T18:06:52.722+0000] {dag.py:3096} INFO - Sync 1 DAGs
[2025-09-24T18:06:52.738+0000] {logging_mixin.py:188} INFO - [2025-09-24T18:06:52.738+0000] {dag.py:3954} INFO - Setting next_dagrun for example_params_ui_tutorial to None, run_after=None
[2025-09-24T18:06:52.762+0000] {processor.py:183} INFO - Processing /home/airflow/.local/lib/python3.12/site-packages/airflow/example_dags/example_params_ui_tutorial.py took 0.117 seconds
[2025-09-24T18:07:23.018+0000] {processor.py:161} INFO - Started process (PID=225) to work on /home/airflow/.local/lib/python3.12/site-packages/airflow/example_dags/example_params_ui_tutorial.py
[2025-09-24T18:07:23.019+0000] {processor.py:830} INFO - Processing file /home/airflow/.local/lib/python3.12/site-packages/airflow/example_dags/example_params_ui_tutorial.py for tasks to queue
[2025-09-24T18:07:23.021+0000] {logging_mixin.py:188} INFO - [2025-09-24T18:07:23.021+0000] {dagbag.py:545} INFO - Filling up the DagBag from /home/airflow/.local/lib/python3.12/site-packages/airflow/example_dags/example_params_ui_tutorial.py
[2025-09-24T18:07:23.030+0000] {processor.py:840} INFO - DAG(s) 'example_params_ui_tutorial' retrieved from /home/airflow/.local/lib/python3.12/site-packages/airflow/example_dags/example_params_ui_tutorial.py
[2025-09-24T18:07:23.068+0000] {logging_mixin.py:188} INFO - [2025-09-24T18:07:23.068+0000] {dag.py:3096} INFO - Sync 1 DAGs
[2025-09-24T18:07:23.079+0000] {logging_mixin.py:188} INFO - [2025-09-24T18:07:23.078+0000] {dag.py:3954} INFO - Setting next_dagrun for example_params_ui_tutorial to None, run_after=None
[2025-09-24T18:07:23.092+0000] {processor.py:183} INFO - Processing /home/airflow/.local/lib/python3.12/site-packages/airflow/example_dags/example_params_ui_tutorial.py took 0.079 seconds
[2025-09-24T18:07:53.215+0000] {processor.py:161} INFO - Started process (PID=285) to work on /home/airflow/.local/lib/python3.12/site-packages/airflow/example_dags/example_params_ui_tutorial.py
[2025-09-24T18:07:53.216+0000] {processor.py:830} INFO - Processing file /home/airflow/.local/lib/python3.12/site-packages/airflow/example_dags/example_params_ui_tutorial.py for tasks to queue
[2025-09-24T18:07:53.218+0000] {logging_mixin.py:188} INFO - [2025-09-24T18:07:53.217+0000] {dagbag.py:545} INFO - Filling up the DagBag from /home/airflow/.local/lib/python3.12/site-packages/airflow/example_dags/example_params_ui_tutorial.py
[2025-09-24T18:07:53.226+0000] {processor.py:840} INFO - DAG(s) 'example_params_ui_tutorial' retrieved from /home/airflow/.local/lib/python3.12/site-packages/airflow/example_dags/example_params_ui_tutorial.py
[2025-09-24T18:07:53.266+0000] {logging_mixin.py:188} INFO - [2025-09-24T18:07:53.265+0000] {dag.py:3096} INFO - Sync 1 DAGs
[2025-09-24T18:07:53.277+0000] {logging_mixin.py:188} INFO - [2025-09-24T18:07:53.276+0000] {dag.py:3954} INFO - Setting next_dagrun for example_params_ui_tutorial to None, run_after=None
[2025-09-24T18:07:53.292+0000] {processor.py:183} INFO - Processing /home/airflow/.local/lib/python3.12/site-packages/airflow/example_dags/example_params_ui_tutorial.py took 0.082 seconds
[2025-09-24T18:08:23.656+0000] {processor.py:161} INFO - Started process (PID=345) to work on /home/airflow/.local/lib/python3.12/site-packages/airflow/example_dags/example_params_ui_tutorial.py
[2025-09-24T18:08:23.657+0000] {processor.py:830} INFO - Processing file /home/airflow/.local/lib/python3.12/site-packages/airflow/example_dags/example_params_ui_tutorial.py for tasks to queue
[2025-09-24T18:08:23.659+0000] {logging_mixin.py:188} INFO - [2025-09-24T18:08:23.659+0000] {dagbag.py:545} INFO - Filling up the DagBag from /home/airflow/.local/lib/python3.12/site-packages/airflow/example_dags/example_params_ui_tutorial.py
[2025-09-24T18:08:23.670+0000] {processor.py:840} INFO - DAG(s) 'example_params_ui_tutorial' retrieved from /home/airflow/.local/lib/python3.12/site-packages/airflow/example_dags/example_params_ui_tutorial.py
[2025-09-24T18:08:23.713+0000] {logging_mixin.py:188} INFO - [2025-09-24T18:08:23.713+0000] {dag.py:3096} INFO - Sync 1 DAGs
[2025-09-24T18:08:23.726+0000] {logging_mixin.py:188} INFO - [2025-09-24T18:08:23.726+0000] {dag.py:3954} INFO - Setting next_dagrun for example_params_ui_tutorial to None, run_after=None
[2025-09-24T18:08:23.747+0000] {processor.py:183} INFO - Processing /home/airflow/.local/lib/python3.12/site-packages/airflow/example_dags/example_params_ui_tutorial.py took 0.097 seconds
[2025-09-24T18:08:54.216+0000] {processor.py:161} INFO - Started process (PID=405) to work on /home/airflow/.local/lib/python3.12/site-packages/airflow/example_dags/example_params_ui_tutorial.py
[2025-09-24T18:08:54.217+0000] {processor.py:830} INFO - Processing file /home/airflow/.local/lib/python3.12/site-packages/airflow/example_dags/example_params_ui_tutorial.py for tasks to queue
[2025-09-24T18:08:54.219+0000] {logging_mixin.py:188} INFO - [2025-09-24T18:08:54.219+0000] {dagbag.py:545} INFO - Filling up the DagBag from /home/airflow/.local/lib/python3.12/site-packages/airflow/example_dags/example_params_ui_tutorial.py
[2025-09-24T18:08:54.232+0000] {processor.py:840} INFO - DAG(s) 'example_params_ui_tutorial' retrieved from /home/airflow/.local/lib/python3.12/site-packages/airflow/example_dags/example_params_ui_tutorial.py
[2025-09-24T18:08:54.290+0000] {logging_mixin.py:188} INFO - [2025-09-24T18:08:54.289+0000] {dag.py:3096} INFO - Sync 1 DAGs
[2025-09-24T18:08:54.303+0000] {logging_mixin.py:188} INFO - [2025-09-24T18:08:54.302+0000] {dag.py:3954} INFO - Setting next_dagrun for example_params_ui_tutorial to None, run_after=None
[2025-09-24T18:08:54.319+0000] {processor.py:183} INFO - Processing /home/airflow/.local/lib/python3.12/site-packages/airflow/example_dags/example_params_ui_tutorial.py took 0.109 seconds
[2025-09-24T18:09:24.363+0000] {processor.py:161} INFO - Started process (PID=465) to work on /home/airflow/.local/lib/python3.12/site-packages/airflow/example_dags/example_params_ui_tutorial.py
[2025-09-24T18:09:24.365+0000] {processor.py:830} INFO - Processing file /home/airflow/.local/lib/python3.12/site-packages/airflow/example_dags/example_params_ui_tutorial.py for tasks to queue
[2025-09-24T18:09:24.366+0000] {logging_mixin.py:188} INFO - [2025-09-24T18:09:24.366+0000] {dagbag.py:545} INFO - Filling up the DagBag from /home/airflow/.local/lib/python3.12/site-packages/airflow/example_dags/example_params_ui_tutorial.py
[2025-09-24T18:09:24.376+0000] {processor.py:840} INFO - DAG(s) 'example_params_ui_tutorial' retrieved from /home/airflow/.local/lib/python3.12/site-packages/airflow/example_dags/example_params_ui_tutorial.py
[2025-09-24T18:09:24.414+0000] {logging_mixin.py:188} INFO - [2025-09-24T18:09:24.414+0000] {dag.py:3096} INFO - Sync 1 DAGs
[2025-09-24T18:09:24.425+0000] {logging_mixin.py:188} INFO - [2025-09-24T18:09:24.424+0000] {dag.py:3954} INFO - Setting next_dagrun for example_params_ui_tutorial to None, run_after=None
[2025-09-24T18:09:24.445+0000] {processor.py:183} INFO - Processing /home/airflow/.local/lib/python3.12/site-packages/airflow/example_dags/example_params_ui_tutorial.py took 0.086 seconds
[2025-09-24T18:09:55.119+0000] {processor.py:161} INFO - Started process (PID=525) to work on /home/airflow/.local/lib/python3.12/site-packages/airflow/example_dags/example_params_ui_tutorial.py
[2025-09-24T18:09:55.121+0000] {processor.py:830} INFO - Processing file /home/airflow/.local/lib/python3.12/site-packages/airflow/example_dags/example_params_ui_tutorial.py for tasks to queue
[2025-09-24T18:09:55.122+0000] {logging_mixin.py:188} INFO - [2025-09-24T18:09:55.122+0000] {dagbag.py:545} INFO - Filling up the DagBag from /home/airflow/.local/lib/python3.12/site-packages/airflow/example_dags/example_params_ui_tutorial.py
[2025-09-24T18:09:55.131+0000] {processor.py:840} INFO - DAG(s) 'example_params_ui_tutorial' retrieved from /home/airflow/.local/lib/python3.12/site-packages/airflow/example_dags/example_params_ui_tutorial.py
[2025-09-24T18:09:55.165+0000] {logging_mixin.py:188} INFO - [2025-09-24T18:09:55.165+0000] {dag.py:3096} INFO - Sync 1 DAGs
[2025-09-24T18:09:55.175+0000] {logging_mixin.py:188} INFO - [2025-09-24T18:09:55.175+0000] {dag.py:3954} INFO - Setting next_dagrun for example_params_ui_tutorial to None, run_after=None
[2025-09-24T18:09:55.202+0000] {processor.py:183} INFO - Processing /home/airflow/.local/lib/python3.12/site-packages/airflow/example_dags/example_params_ui_tutorial.py took 0.087 seconds
[2025-09-24T18:10:25.368+0000] {processor.py:161} INFO - Started process (PID=586) to work on /home/airflow/.local/lib/python3.12/site-packages/airflow/example_dags/example_params_ui_tutorial.py
[2025-09-24T18:10:25.369+0000] {processor.py:830} INFO - Processing file /home/airflow/.local/lib/python3.12/site-packages/airflow/example_dags/example_params_ui_tutorial.py for tasks to queue
[2025-09-24T18:10:25.373+0000] {logging_mixin.py:188} INFO - [2025-09-24T18:10:25.372+0000] {dagbag.py:545} INFO - Filling up the DagBag from /home/airflow/.local/lib/python3.12/site-packages/airflow/example_dags/example_params_ui_tutorial.py
[2025-09-24T18:10:25.389+0000] {processor.py:840} INFO - DAG(s) 'example_params_ui_tutorial' retrieved from /home/airflow/.local/lib/python3.12/site-packages/airflow/example_dags/example_params_ui_tutorial.py
[2025-09-24T18:10:25.427+0000] {logging_mixin.py:188} INFO - [2025-09-24T18:10:25.427+0000] {dag.py:3096} INFO - Sync 1 DAGs
[2025-09-24T18:10:25.436+0000] {logging_mixin.py:188} INFO - [2025-09-24T18:10:25.436+0000] {dag.py:3954} INFO - Setting next_dagrun for example_params_ui_tutorial to None, run_after=None
[2025-09-24T18:10:25.451+0000] {processor.py:183} INFO - Processing /home/airflow/.local/lib/python3.12/site-packages/airflow/example_dags/example_params_ui_tutorial.py took 0.090 seconds
[2025-09-24T18:10:56.192+0000] {processor.py:161} INFO - Started process (PID=646) to work on /home/airflow/.local/lib/python3.12/site-packages/airflow/example_dags/example_params_ui_tutorial.py
[2025-09-24T18:10:56.193+0000] {processor.py:830} INFO - Processing file /home/airflow/.local/lib/python3.12/site-packages/airflow/example_dags/example_params_ui_tutorial.py for tasks to queue
[2025-09-24T18:10:56.195+0000] {logging_mixin.py:188} INFO - [2025-09-24T18:10:56.195+0000] {dagbag.py:545} INFO - Filling up the DagBag from /home/airflow/.local/lib/python3.12/site-packages/airflow/example_dags/example_params_ui_tutorial.py
[2025-09-24T18:10:56.204+0000] {processor.py:840} INFO - DAG(s) 'example_params_ui_tutorial' retrieved from /home/airflow/.local/lib/python3.12/site-packages/airflow/example_dags/example_params_ui_tutorial.py
[2025-09-24T18:10:56.239+0000] {logging_mixin.py:188} INFO - [2025-09-24T18:10:56.239+0000] {dag.py:3096} INFO - Sync 1 DAGs
[2025-09-24T18:10:56.249+0000] {logging_mixin.py:188} INFO - [2025-09-24T18:10:56.248+0000] {dag.py:3954} INFO - Setting next_dagrun for example_params_ui_tutorial to None, run_after=None
[2025-09-24T18:10:56.265+0000] {processor.py:183} INFO - Processing /home/airflow/.local/lib/python3.12/site-packages/airflow/example_dags/example_params_ui_tutorial.py took 0.076 seconds
[2025-09-24T18:11:26.810+0000] {processor.py:161} INFO - Started process (PID=706) to work on /home/airflow/.local/lib/python3.12/site-packages/airflow/example_dags/example_params_ui_tutorial.py
[2025-09-24T18:11:26.823+0000] {processor.py:830} INFO - Processing file /home/airflow/.local/lib/python3.12/site-packages/airflow/example_dags/example_params_ui_tutorial.py for tasks to queue
[2025-09-24T18:11:26.826+0000] {logging_mixin.py:188} INFO - [2025-09-24T18:11:26.826+0000] {dagbag.py:545} INFO - Filling up the DagBag from /home/airflow/.local/lib/python3.12/site-packages/airflow/example_dags/example_params_ui_tutorial.py
[2025-09-24T18:11:26.835+0000] {processor.py:840} INFO - DAG(s) 'example_params_ui_tutorial' retrieved from /home/airflow/.local/lib/python3.12/site-packages/airflow/example_dags/example_params_ui_tutorial.py
[2025-09-24T18:11:26.874+0000] {logging_mixin.py:188} INFO - [2025-09-24T18:11:26.874+0000] {dag.py:3096} INFO - Sync 1 DAGs
[2025-09-24T18:11:26.892+0000] {logging_mixin.py:188} INFO - [2025-09-24T18:11:26.892+0000] {dag.py:3954} INFO - Setting next_dagrun for example_params_ui_tutorial to None, run_after=None
[2025-09-24T18:11:26.910+0000] {processor.py:183} INFO - Processing /home/airflow/.local/lib/python3.12/site-packages/airflow/example_dags/example_params_ui_tutorial.py took 0.104 seconds
[2025-09-24T18:11:57.535+0000] {processor.py:161} INFO - Started process (PID=766) to work on /home/airflow/.local/lib/python3.12/site-packages/airflow/example_dags/example_params_ui_tutorial.py
[2025-09-24T18:11:57.537+0000] {processor.py:830} INFO - Processing file /home/airflow/.local/lib/python3.12/site-packages/airflow/example_dags/example_params_ui_tutorial.py for tasks to queue
[2025-09-24T18:11:57.539+0000] {logging_mixin.py:188} INFO - [2025-09-24T18:11:57.538+0000] {dagbag.py:545} INFO - Filling up the DagBag from /home/airflow/.local/lib/python3.12/site-packages/airflow/example_dags/example_params_ui_tutorial.py
[2025-09-24T18:11:57.547+0000] {processor.py:840} INFO - DAG(s) 'example_params_ui_tutorial' retrieved from /home/airflow/.local/lib/python3.12/site-packages/airflow/example_dags/example_params_ui_tutorial.py
[2025-09-24T18:11:57.583+0000] {logging_mixin.py:188} INFO - [2025-09-24T18:11:57.583+0000] {dag.py:3096} INFO - Sync 1 DAGs
[2025-09-24T18:11:57.592+0000] {logging_mixin.py:188} INFO - [2025-09-24T18:11:57.591+0000] {dag.py:3954} INFO - Setting next_dagrun for example_params_ui_tutorial to None, run_after=None
[2025-09-24T18:11:57.645+0000] {processor.py:183} INFO - Processing /home/airflow/.local/lib/python3.12/site-packages/airflow/example_dags/example_params_ui_tutorial.py took 0.114 seconds
[2025-09-24T18:12:27.876+0000] {processor.py:161} INFO - Started process (PID=826) to work on /home/airflow/.local/lib/python3.12/site-packages/airflow/example_dags/example_params_ui_tutorial.py
[2025-09-24T18:12:27.877+0000] {processor.py:830} INFO - Processing file /home/airflow/.local/lib/python3.12/site-packages/airflow/example_dags/example_params_ui_tutorial.py for tasks to queue
[2025-09-24T18:12:27.880+0000] {logging_mixin.py:188} INFO - [2025-09-24T18:12:27.879+0000] {dagbag.py:545} INFO - Filling up the DagBag from /home/airflow/.local/lib/python3.12/site-packages/airflow/example_dags/example_params_ui_tutorial.py
[2025-09-24T18:12:27.889+0000] {processor.py:840} INFO - DAG(s) 'example_params_ui_tutorial' retrieved from /home/airflow/.local/lib/python3.12/site-packages/airflow/example_dags/example_params_ui_tutorial.py
[2025-09-24T18:12:27.925+0000] {logging_mixin.py:188} INFO - [2025-09-24T18:12:27.925+0000] {dag.py:3096} INFO - Sync 1 DAGs
[2025-09-24T18:12:27.935+0000] {logging_mixin.py:188} INFO - [2025-09-24T18:12:27.935+0000] {dag.py:3954} INFO - Setting next_dagrun for example_params_ui_tutorial to None, run_after=None
[2025-09-24T18:12:27.982+0000] {processor.py:183} INFO - Processing /home/airflow/.local/lib/python3.12/site-packages/airflow/example_dags/example_params_ui_tutorial.py took 0.111 seconds
[2025-09-24T18:12:58.842+0000] {processor.py:161} INFO - Started process (PID=886) to work on /home/airflow/.local/lib/python3.12/site-packages/airflow/example_dags/example_params_ui_tutorial.py
[2025-09-24T18:12:58.845+0000] {processor.py:830} INFO - Processing file /home/airflow/.local/lib/python3.12/site-packages/airflow/example_dags/example_params_ui_tutorial.py for tasks to queue
[2025-09-24T18:12:58.847+0000] {logging_mixin.py:188} INFO - [2025-09-24T18:12:58.847+0000] {dagbag.py:545} INFO - Filling up the DagBag from /home/airflow/.local/lib/python3.12/site-packages/airflow/example_dags/example_params_ui_tutorial.py
[2025-09-24T18:12:58.856+0000] {processor.py:840} INFO - DAG(s) 'example_params_ui_tutorial' retrieved from /home/airflow/.local/lib/python3.12/site-packages/airflow/example_dags/example_params_ui_tutorial.py
[2025-09-24T18:12:58.893+0000] {logging_mixin.py:188} INFO - [2025-09-24T18:12:58.893+0000] {dag.py:3096} INFO - Sync 1 DAGs
[2025-09-24T18:12:58.903+0000] {logging_mixin.py:188} INFO - [2025-09-24T18:12:58.903+0000] {dag.py:3954} INFO - Setting next_dagrun for example_params_ui_tutorial to None, run_after=None
[2025-09-24T18:12:58.919+0000] {processor.py:183} INFO - Processing /home/airflow/.local/lib/python3.12/site-packages/airflow/example_dags/example_params_ui_tutorial.py took 0.082 seconds
[2025-09-24T18:13:29.453+0000] {processor.py:161} INFO - Started process (PID=946) to work on /home/airflow/.local/lib/python3.12/site-packages/airflow/example_dags/example_params_ui_tutorial.py
[2025-09-24T18:13:29.454+0000] {processor.py:830} INFO - Processing file /home/airflow/.local/lib/python3.12/site-packages/airflow/example_dags/example_params_ui_tutorial.py for tasks to queue
[2025-09-24T18:13:29.456+0000] {logging_mixin.py:188} INFO - [2025-09-24T18:13:29.456+0000] {dagbag.py:545} INFO - Filling up the DagBag from /home/airflow/.local/lib/python3.12/site-packages/airflow/example_dags/example_params_ui_tutorial.py
[2025-09-24T18:13:29.465+0000] {processor.py:840} INFO - DAG(s) 'example_params_ui_tutorial' retrieved from /home/airflow/.local/lib/python3.12/site-packages/airflow/example_dags/example_params_ui_tutorial.py
[2025-09-24T18:13:29.500+0000] {logging_mixin.py:188} INFO - [2025-09-24T18:13:29.500+0000] {dag.py:3096} INFO - Sync 1 DAGs
[2025-09-24T18:13:29.511+0000] {logging_mixin.py:188} INFO - [2025-09-24T18:13:29.510+0000] {dag.py:3954} INFO - Setting next_dagrun for example_params_ui_tutorial to None, run_after=None
[2025-09-24T18:13:29.532+0000] {processor.py:183} INFO - Processing /home/airflow/.local/lib/python3.12/site-packages/airflow/example_dags/example_params_ui_tutorial.py took 0.084 seconds
