[2025-09-24T18:06:19.246+0000] {processor.py:161} INFO - Started process (PID=79) to work on /home/airflow/.local/lib/python3.12/site-packages/airflow/example_dags/example_latest_only.py
[2025-09-24T18:06:19.248+0000] {processor.py:830} INFO - Processing file /home/airflow/.local/lib/python3.12/site-packages/airflow/example_dags/example_latest_only.py for tasks to queue
[2025-09-24T18:06:19.252+0000] {logging_mixin.py:188} INFO - [2025-09-24T18:06:19.251+0000] {dagbag.py:545} INFO - Filling up the DagBag from /home/airflow/.local/lib/python3.12/site-packages/airflow/example_dags/example_latest_only.py
[2025-09-24T18:06:19.270+0000] {processor.py:840} INFO - DAG(s) 'latest_only' retrieved from /home/airflow/.local/lib/python3.12/site-packages/airflow/example_dags/example_latest_only.py
[2025-09-24T18:06:19.502+0000] {logging_mixin.py:188} INFO - [2025-09-24T18:06:19.501+0000] {dag.py:3096} INFO - Sync 1 DAGs
[2025-09-24T18:06:19.547+0000] {logging_mixin.py:188} INFO - [2025-09-24T18:06:19.547+0000] {dag.py:3954} INFO - Setting next_dagrun for latest_only to 2025-09-24 12:00:00+00:00, run_after=2025-09-24 16:00:00+00:00
[2025-09-24T18:06:19.587+0000] {processor.py:183} INFO - Processing /home/airflow/.local/lib/python3.12/site-packages/airflow/example_dags/example_latest_only.py took 0.350 seconds
[2025-09-24T18:06:50.559+0000] {processor.py:161} INFO - Started process (PID=139) to work on /home/airflow/.local/lib/python3.12/site-packages/airflow/example_dags/example_latest_only.py
[2025-09-24T18:06:50.560+0000] {processor.py:830} INFO - Processing file /home/airflow/.local/lib/python3.12/site-packages/airflow/example_dags/example_latest_only.py for tasks to queue
[2025-09-24T18:06:50.562+0000] {logging_mixin.py:188} INFO - [2025-09-24T18:06:50.561+0000] {dagbag.py:545} INFO - Filling up the DagBag from /home/airflow/.local/lib/python3.12/site-packages/airflow/example_dags/example_latest_only.py
[2025-09-24T18:06:50.566+0000] {processor.py:840} INFO - DAG(s) 'latest_only' retrieved from /home/airflow/.local/lib/python3.12/site-packages/airflow/example_dags/example_latest_only.py
[2025-09-24T18:06:50.583+0000] {logging_mixin.py:188} INFO - [2025-09-24T18:06:50.582+0000] {dag.py:3096} INFO - Sync 1 DAGs
[2025-09-24T18:06:50.599+0000] {logging_mixin.py:188} INFO - [2025-09-24T18:06:50.599+0000] {dag.py:3954} INFO - Setting next_dagrun for latest_only to 2025-09-24 12:00:00+00:00, run_after=2025-09-24 16:00:00+00:00
[2025-09-24T18:06:50.614+0000] {processor.py:183} INFO - Processing /home/airflow/.local/lib/python3.12/site-packages/airflow/example_dags/example_latest_only.py took 0.060 seconds
[2025-09-24T18:07:20.897+0000] {processor.py:161} INFO - Started process (PID=199) to work on /home/airflow/.local/lib/python3.12/site-packages/airflow/example_dags/example_latest_only.py
[2025-09-24T18:07:20.898+0000] {processor.py:830} INFO - Processing file /home/airflow/.local/lib/python3.12/site-packages/airflow/example_dags/example_latest_only.py for tasks to queue
[2025-09-24T18:07:20.899+0000] {logging_mixin.py:188} INFO - [2025-09-24T18:07:20.899+0000] {dagbag.py:545} INFO - Filling up the DagBag from /home/airflow/.local/lib/python3.12/site-packages/airflow/example_dags/example_latest_only.py
[2025-09-24T18:07:20.903+0000] {processor.py:840} INFO - DAG(s) 'latest_only' retrieved from /home/airflow/.local/lib/python3.12/site-packages/airflow/example_dags/example_latest_only.py
[2025-09-24T18:07:20.917+0000] {logging_mixin.py:188} INFO - [2025-09-24T18:07:20.917+0000] {dag.py:3096} INFO - Sync 1 DAGs
[2025-09-24T18:07:20.933+0000] {logging_mixin.py:188} INFO - [2025-09-24T18:07:20.933+0000] {dag.py:3954} INFO - Setting next_dagrun for latest_only to 2025-09-24 12:00:00+00:00, run_after=2025-09-24 16:00:00+00:00
[2025-09-24T18:07:20.949+0000] {processor.py:183} INFO - Processing /home/airflow/.local/lib/python3.12/site-packages/airflow/example_dags/example_latest_only.py took 0.057 seconds
[2025-09-24T18:07:51.155+0000] {processor.py:161} INFO - Started process (PID=259) to work on /home/airflow/.local/lib/python3.12/site-packages/airflow/example_dags/example_latest_only.py
[2025-09-24T18:07:51.157+0000] {processor.py:830} INFO - Processing file /home/airflow/.local/lib/python3.12/site-packages/airflow/example_dags/example_latest_only.py for tasks to queue
[2025-09-24T18:07:51.159+0000] {logging_mixin.py:188} INFO - [2025-09-24T18:07:51.159+0000] {dagbag.py:545} INFO - Filling up the DagBag from /home/airflow/.local/lib/python3.12/site-packages/airflow/example_dags/example_latest_only.py
[2025-09-24T18:07:51.164+0000] {processor.py:840} INFO - DAG(s) 'latest_only' retrieved from /home/airflow/.local/lib/python3.12/site-packages/airflow/example_dags/example_latest_only.py
[2025-09-24T18:07:51.182+0000] {logging_mixin.py:188} INFO - [2025-09-24T18:07:51.181+0000] {dag.py:3096} INFO - Sync 1 DAGs
[2025-09-24T18:07:51.198+0000] {logging_mixin.py:188} INFO - [2025-09-24T18:07:51.198+0000] {dag.py:3954} INFO - Setting next_dagrun for latest_only to 2025-09-24 12:00:00+00:00, run_after=2025-09-24 16:00:00+00:00
[2025-09-24T18:07:51.215+0000] {processor.py:183} INFO - Processing /home/airflow/.local/lib/python3.12/site-packages/airflow/example_dags/example_latest_only.py took 0.064 seconds
[2025-09-24T18:08:22.156+0000] {processor.py:161} INFO - Started process (PID=324) to work on /home/airflow/.local/lib/python3.12/site-packages/airflow/example_dags/example_latest_only.py
[2025-09-24T18:08:22.157+0000] {processor.py:830} INFO - Processing file /home/airflow/.local/lib/python3.12/site-packages/airflow/example_dags/example_latest_only.py for tasks to queue
[2025-09-24T18:08:22.160+0000] {logging_mixin.py:188} INFO - [2025-09-24T18:08:22.159+0000] {dagbag.py:545} INFO - Filling up the DagBag from /home/airflow/.local/lib/python3.12/site-packages/airflow/example_dags/example_latest_only.py
[2025-09-24T18:08:22.166+0000] {processor.py:840} INFO - DAG(s) 'latest_only' retrieved from /home/airflow/.local/lib/python3.12/site-packages/airflow/example_dags/example_latest_only.py
[2025-09-24T18:08:22.187+0000] {logging_mixin.py:188} INFO - [2025-09-24T18:08:22.187+0000] {dag.py:3096} INFO - Sync 1 DAGs
[2025-09-24T18:08:22.214+0000] {logging_mixin.py:188} INFO - [2025-09-24T18:08:22.213+0000] {dag.py:3954} INFO - Setting next_dagrun for latest_only to 2025-09-24 12:00:00+00:00, run_after=2025-09-24 16:00:00+00:00
[2025-09-24T18:08:22.234+0000] {processor.py:183} INFO - Processing /home/airflow/.local/lib/python3.12/site-packages/airflow/example_dags/example_latest_only.py took 0.083 seconds
[2025-09-24T18:08:52.601+0000] {processor.py:161} INFO - Started process (PID=383) to work on /home/airflow/.local/lib/python3.12/site-packages/airflow/example_dags/example_latest_only.py
[2025-09-24T18:08:52.602+0000] {processor.py:830} INFO - Processing file /home/airflow/.local/lib/python3.12/site-packages/airflow/example_dags/example_latest_only.py for tasks to queue
[2025-09-24T18:08:52.605+0000] {logging_mixin.py:188} INFO - [2025-09-24T18:08:52.605+0000] {dagbag.py:545} INFO - Filling up the DagBag from /home/airflow/.local/lib/python3.12/site-packages/airflow/example_dags/example_latest_only.py
[2025-09-24T18:08:52.609+0000] {processor.py:840} INFO - DAG(s) 'latest_only' retrieved from /home/airflow/.local/lib/python3.12/site-packages/airflow/example_dags/example_latest_only.py
[2025-09-24T18:08:52.627+0000] {logging_mixin.py:188} INFO - [2025-09-24T18:08:52.627+0000] {dag.py:3096} INFO - Sync 1 DAGs
[2025-09-24T18:08:52.649+0000] {logging_mixin.py:188} INFO - [2025-09-24T18:08:52.649+0000] {dag.py:3954} INFO - Setting next_dagrun for latest_only to 2025-09-24 12:00:00+00:00, run_after=2025-09-24 16:00:00+00:00
[2025-09-24T18:08:52.667+0000] {processor.py:183} INFO - Processing /home/airflow/.local/lib/python3.12/site-packages/airflow/example_dags/example_latest_only.py took 0.071 seconds
[2025-09-24T18:09:23.085+0000] {processor.py:161} INFO - Started process (PID=443) to work on /home/airflow/.local/lib/python3.12/site-packages/airflow/example_dags/example_latest_only.py
[2025-09-24T18:09:23.086+0000] {processor.py:830} INFO - Processing file /home/airflow/.local/lib/python3.12/site-packages/airflow/example_dags/example_latest_only.py for tasks to queue
[2025-09-24T18:09:23.088+0000] {logging_mixin.py:188} INFO - [2025-09-24T18:09:23.087+0000] {dagbag.py:545} INFO - Filling up the DagBag from /home/airflow/.local/lib/python3.12/site-packages/airflow/example_dags/example_latest_only.py
[2025-09-24T18:09:23.091+0000] {processor.py:840} INFO - DAG(s) 'latest_only' retrieved from /home/airflow/.local/lib/python3.12/site-packages/airflow/example_dags/example_latest_only.py
[2025-09-24T18:09:23.107+0000] {logging_mixin.py:188} INFO - [2025-09-24T18:09:23.107+0000] {dag.py:3096} INFO - Sync 1 DAGs
[2025-09-24T18:09:23.128+0000] {logging_mixin.py:188} INFO - [2025-09-24T18:09:23.128+0000] {dag.py:3954} INFO - Setting next_dagrun for latest_only to 2025-09-24 12:00:00+00:00, run_after=2025-09-24 16:00:00+00:00
[2025-09-24T18:09:23.145+0000] {processor.py:183} INFO - Processing /home/airflow/.local/lib/python3.12/site-packages/airflow/example_dags/example_latest_only.py took 0.065 seconds
[2025-09-24T18:09:53.342+0000] {processor.py:161} INFO - Started process (PID=503) to work on /home/airflow/.local/lib/python3.12/site-packages/airflow/example_dags/example_latest_only.py
[2025-09-24T18:09:53.343+0000] {processor.py:830} INFO - Processing file /home/airflow/.local/lib/python3.12/site-packages/airflow/example_dags/example_latest_only.py for tasks to queue
[2025-09-24T18:09:53.344+0000] {logging_mixin.py:188} INFO - [2025-09-24T18:09:53.344+0000] {dagbag.py:545} INFO - Filling up the DagBag from /home/airflow/.local/lib/python3.12/site-packages/airflow/example_dags/example_latest_only.py
[2025-09-24T18:09:53.348+0000] {processor.py:840} INFO - DAG(s) 'latest_only' retrieved from /home/airflow/.local/lib/python3.12/site-packages/airflow/example_dags/example_latest_only.py
[2025-09-24T18:09:53.365+0000] {logging_mixin.py:188} INFO - [2025-09-24T18:09:53.364+0000] {dag.py:3096} INFO - Sync 1 DAGs
[2025-09-24T18:09:53.387+0000] {logging_mixin.py:188} INFO - [2025-09-24T18:09:53.387+0000] {dag.py:3954} INFO - Setting next_dagrun for latest_only to 2025-09-24 12:00:00+00:00, run_after=2025-09-24 16:00:00+00:00
[2025-09-24T18:09:53.416+0000] {processor.py:183} INFO - Processing /home/airflow/.local/lib/python3.12/site-packages/airflow/example_dags/example_latest_only.py took 0.078 seconds
[2025-09-24T18:10:23.732+0000] {processor.py:161} INFO - Started process (PID=564) to work on /home/airflow/.local/lib/python3.12/site-packages/airflow/example_dags/example_latest_only.py
[2025-09-24T18:10:23.733+0000] {processor.py:830} INFO - Processing file /home/airflow/.local/lib/python3.12/site-packages/airflow/example_dags/example_latest_only.py for tasks to queue
[2025-09-24T18:10:23.735+0000] {logging_mixin.py:188} INFO - [2025-09-24T18:10:23.735+0000] {dagbag.py:545} INFO - Filling up the DagBag from /home/airflow/.local/lib/python3.12/site-packages/airflow/example_dags/example_latest_only.py
[2025-09-24T18:10:23.740+0000] {processor.py:840} INFO - DAG(s) 'latest_only' retrieved from /home/airflow/.local/lib/python3.12/site-packages/airflow/example_dags/example_latest_only.py
[2025-09-24T18:10:23.758+0000] {logging_mixin.py:188} INFO - [2025-09-24T18:10:23.758+0000] {dag.py:3096} INFO - Sync 1 DAGs
[2025-09-24T18:10:23.775+0000] {logging_mixin.py:188} INFO - [2025-09-24T18:10:23.775+0000] {dag.py:3954} INFO - Setting next_dagrun for latest_only to 2025-09-24 12:00:00+00:00, run_after=2025-09-24 16:00:00+00:00
[2025-09-24T18:10:23.789+0000] {processor.py:183} INFO - Processing /home/airflow/.local/lib/python3.12/site-packages/airflow/example_dags/example_latest_only.py took 0.067 seconds
[2025-09-24T18:10:54.365+0000] {processor.py:161} INFO - Started process (PID=624) to work on /home/airflow/.local/lib/python3.12/site-packages/airflow/example_dags/example_latest_only.py
[2025-09-24T18:10:54.366+0000] {processor.py:830} INFO - Processing file /home/airflow/.local/lib/python3.12/site-packages/airflow/example_dags/example_latest_only.py for tasks to queue
[2025-09-24T18:10:54.368+0000] {logging_mixin.py:188} INFO - [2025-09-24T18:10:54.368+0000] {dagbag.py:545} INFO - Filling up the DagBag from /home/airflow/.local/lib/python3.12/site-packages/airflow/example_dags/example_latest_only.py
[2025-09-24T18:10:54.373+0000] {processor.py:840} INFO - DAG(s) 'latest_only' retrieved from /home/airflow/.local/lib/python3.12/site-packages/airflow/example_dags/example_latest_only.py
[2025-09-24T18:10:54.387+0000] {logging_mixin.py:188} INFO - [2025-09-24T18:10:54.387+0000] {dag.py:3096} INFO - Sync 1 DAGs
[2025-09-24T18:10:54.404+0000] {logging_mixin.py:188} INFO - [2025-09-24T18:10:54.404+0000] {dag.py:3954} INFO - Setting next_dagrun for latest_only to 2025-09-24 12:00:00+00:00, run_after=2025-09-24 16:00:00+00:00
[2025-09-24T18:10:54.471+0000] {processor.py:183} INFO - Processing /home/airflow/.local/lib/python3.12/site-packages/airflow/example_dags/example_latest_only.py took 0.111 seconds
[2025-09-24T18:11:24.704+0000] {processor.py:161} INFO - Started process (PID=684) to work on /home/airflow/.local/lib/python3.12/site-packages/airflow/example_dags/example_latest_only.py
[2025-09-24T18:11:24.705+0000] {processor.py:830} INFO - Processing file /home/airflow/.local/lib/python3.12/site-packages/airflow/example_dags/example_latest_only.py for tasks to queue
[2025-09-24T18:11:24.707+0000] {logging_mixin.py:188} INFO - [2025-09-24T18:11:24.706+0000] {dagbag.py:545} INFO - Filling up the DagBag from /home/airflow/.local/lib/python3.12/site-packages/airflow/example_dags/example_latest_only.py
[2025-09-24T18:11:24.711+0000] {processor.py:840} INFO - DAG(s) 'latest_only' retrieved from /home/airflow/.local/lib/python3.12/site-packages/airflow/example_dags/example_latest_only.py
[2025-09-24T18:11:24.725+0000] {logging_mixin.py:188} INFO - [2025-09-24T18:11:24.725+0000] {dag.py:3096} INFO - Sync 1 DAGs
[2025-09-24T18:11:24.742+0000] {logging_mixin.py:188} INFO - [2025-09-24T18:11:24.742+0000] {dag.py:3954} INFO - Setting next_dagrun for latest_only to 2025-09-24 12:00:00+00:00, run_after=2025-09-24 16:00:00+00:00
[2025-09-24T18:11:24.805+0000] {processor.py:183} INFO - Processing /home/airflow/.local/lib/python3.12/site-packages/airflow/example_dags/example_latest_only.py took 0.105 seconds
[2025-09-24T18:11:55.211+0000] {processor.py:161} INFO - Started process (PID=744) to work on /home/airflow/.local/lib/python3.12/site-packages/airflow/example_dags/example_latest_only.py
[2025-09-24T18:11:55.212+0000] {processor.py:830} INFO - Processing file /home/airflow/.local/lib/python3.12/site-packages/airflow/example_dags/example_latest_only.py for tasks to queue
[2025-09-24T18:11:55.213+0000] {logging_mixin.py:188} INFO - [2025-09-24T18:11:55.213+0000] {dagbag.py:545} INFO - Filling up the DagBag from /home/airflow/.local/lib/python3.12/site-packages/airflow/example_dags/example_latest_only.py
[2025-09-24T18:11:55.216+0000] {processor.py:840} INFO - DAG(s) 'latest_only' retrieved from /home/airflow/.local/lib/python3.12/site-packages/airflow/example_dags/example_latest_only.py
[2025-09-24T18:11:55.230+0000] {logging_mixin.py:188} INFO - [2025-09-24T18:11:55.230+0000] {dag.py:3096} INFO - Sync 1 DAGs
[2025-09-24T18:11:55.246+0000] {logging_mixin.py:188} INFO - [2025-09-24T18:11:55.246+0000] {dag.py:3954} INFO - Setting next_dagrun for latest_only to 2025-09-24 12:00:00+00:00, run_after=2025-09-24 16:00:00+00:00
[2025-09-24T18:11:55.261+0000] {processor.py:183} INFO - Processing /home/airflow/.local/lib/python3.12/site-packages/airflow/example_dags/example_latest_only.py took 0.054 seconds
[2025-09-24T18:12:25.614+0000] {processor.py:161} INFO - Started process (PID=804) to work on /home/airflow/.local/lib/python3.12/site-packages/airflow/example_dags/example_latest_only.py
[2025-09-24T18:12:25.617+0000] {processor.py:830} INFO - Processing file /home/airflow/.local/lib/python3.12/site-packages/airflow/example_dags/example_latest_only.py for tasks to queue
[2025-09-24T18:12:25.621+0000] {logging_mixin.py:188} INFO - [2025-09-24T18:12:25.621+0000] {dagbag.py:545} INFO - Filling up the DagBag from /home/airflow/.local/lib/python3.12/site-packages/airflow/example_dags/example_latest_only.py
[2025-09-24T18:12:25.629+0000] {processor.py:840} INFO - DAG(s) 'latest_only' retrieved from /home/airflow/.local/lib/python3.12/site-packages/airflow/example_dags/example_latest_only.py
[2025-09-24T18:12:25.650+0000] {logging_mixin.py:188} INFO - [2025-09-24T18:12:25.649+0000] {dag.py:3096} INFO - Sync 1 DAGs
[2025-09-24T18:12:25.672+0000] {logging_mixin.py:188} INFO - [2025-09-24T18:12:25.671+0000] {dag.py:3954} INFO - Setting next_dagrun for latest_only to 2025-09-24 12:00:00+00:00, run_after=2025-09-24 16:00:00+00:00
[2025-09-24T18:12:25.737+0000] {processor.py:183} INFO - Processing /home/airflow/.local/lib/python3.12/site-packages/airflow/example_dags/example_latest_only.py took 0.128 seconds
[2025-09-24T18:12:55.958+0000] {processor.py:161} INFO - Started process (PID=864) to work on /home/airflow/.local/lib/python3.12/site-packages/airflow/example_dags/example_latest_only.py
[2025-09-24T18:12:55.959+0000] {processor.py:830} INFO - Processing file /home/airflow/.local/lib/python3.12/site-packages/airflow/example_dags/example_latest_only.py for tasks to queue
[2025-09-24T18:12:55.960+0000] {logging_mixin.py:188} INFO - [2025-09-24T18:12:55.960+0000] {dagbag.py:545} INFO - Filling up the DagBag from /home/airflow/.local/lib/python3.12/site-packages/airflow/example_dags/example_latest_only.py
[2025-09-24T18:12:55.965+0000] {processor.py:840} INFO - DAG(s) 'latest_only' retrieved from /home/airflow/.local/lib/python3.12/site-packages/airflow/example_dags/example_latest_only.py
[2025-09-24T18:12:55.988+0000] {logging_mixin.py:188} INFO - [2025-09-24T18:12:55.988+0000] {dag.py:3096} INFO - Sync 1 DAGs
[2025-09-24T18:12:56.009+0000] {logging_mixin.py:188} INFO - [2025-09-24T18:12:56.009+0000] {dag.py:3954} INFO - Setting next_dagrun for latest_only to 2025-09-24 12:00:00+00:00, run_after=2025-09-24 16:00:00+00:00
[2025-09-24T18:12:56.022+0000] {processor.py:183} INFO - Processing /home/airflow/.local/lib/python3.12/site-packages/airflow/example_dags/example_latest_only.py took 0.072 seconds
[2025-09-24T18:13:26.491+0000] {processor.py:161} INFO - Started process (PID=924) to work on /home/airflow/.local/lib/python3.12/site-packages/airflow/example_dags/example_latest_only.py
[2025-09-24T18:13:26.492+0000] {processor.py:830} INFO - Processing file /home/airflow/.local/lib/python3.12/site-packages/airflow/example_dags/example_latest_only.py for tasks to queue
[2025-09-24T18:13:26.495+0000] {logging_mixin.py:188} INFO - [2025-09-24T18:13:26.494+0000] {dagbag.py:545} INFO - Filling up the DagBag from /home/airflow/.local/lib/python3.12/site-packages/airflow/example_dags/example_latest_only.py
[2025-09-24T18:13:26.500+0000] {processor.py:840} INFO - DAG(s) 'latest_only' retrieved from /home/airflow/.local/lib/python3.12/site-packages/airflow/example_dags/example_latest_only.py
[2025-09-24T18:13:26.523+0000] {logging_mixin.py:188} INFO - [2025-09-24T18:13:26.523+0000] {dag.py:3096} INFO - Sync 1 DAGs
[2025-09-24T18:13:26.544+0000] {logging_mixin.py:188} INFO - [2025-09-24T18:13:26.544+0000] {dag.py:3954} INFO - Setting next_dagrun for latest_only to 2025-09-24 12:00:00+00:00, run_after=2025-09-24 16:00:00+00:00
[2025-09-24T18:13:26.562+0000] {processor.py:183} INFO - Processing /home/airflow/.local/lib/python3.12/site-packages/airflow/example_dags/example_latest_only.py took 0.076 seconds
