[2025-09-24T18:06:21.009+0000] {processor.py:161} INFO - Started process (PID=95) to work on /home/airflow/.local/lib/python3.12/site-packages/airflow/example_dags/example_skip_dag.py
[2025-09-24T18:06:21.010+0000] {processor.py:830} INFO - Processing file /home/airflow/.local/lib/python3.12/site-packages/airflow/example_dags/example_skip_dag.py for tasks to queue
[2025-09-24T18:06:21.013+0000] {logging_mixin.py:188} INFO - [2025-09-24T18:06:21.013+0000] {dagbag.py:545} INFO - Filling up the DagBag from /home/airflow/.local/lib/python3.12/site-packages/airflow/example_dags/example_skip_dag.py
[2025-09-24T18:06:21.025+0000] {processor.py:840} INFO - DAG(s) 'example_skip_dag' retrieved from /home/airflow/.local/lib/python3.12/site-packages/airflow/example_dags/example_skip_dag.py
[2025-09-24T18:06:21.153+0000] {logging_mixin.py:188} INFO - [2025-09-24T18:06:21.152+0000] {dag.py:3096} INFO - Sync 1 DAGs
[2025-09-24T18:06:21.173+0000] {logging_mixin.py:188} INFO - [2025-09-24T18:06:21.173+0000] {dag.py:3954} INFO - Setting next_dagrun for example_skip_dag to 2025-09-23 00:00:00+00:00, run_after=2025-09-24 00:00:00+00:00
[2025-09-24T18:06:21.199+0000] {processor.py:183} INFO - Processing /home/airflow/.local/lib/python3.12/site-packages/airflow/example_dags/example_skip_dag.py took 0.196 seconds
[2025-09-24T18:06:52.071+0000] {processor.py:161} INFO - Started process (PID=155) to work on /home/airflow/.local/lib/python3.12/site-packages/airflow/example_dags/example_skip_dag.py
[2025-09-24T18:06:52.073+0000] {processor.py:830} INFO - Processing file /home/airflow/.local/lib/python3.12/site-packages/airflow/example_dags/example_skip_dag.py for tasks to queue
[2025-09-24T18:06:52.075+0000] {logging_mixin.py:188} INFO - [2025-09-24T18:06:52.075+0000] {dagbag.py:545} INFO - Filling up the DagBag from /home/airflow/.local/lib/python3.12/site-packages/airflow/example_dags/example_skip_dag.py
[2025-09-24T18:06:52.080+0000] {processor.py:840} INFO - DAG(s) 'example_skip_dag' retrieved from /home/airflow/.local/lib/python3.12/site-packages/airflow/example_dags/example_skip_dag.py
[2025-09-24T18:06:52.097+0000] {logging_mixin.py:188} INFO - [2025-09-24T18:06:52.097+0000] {dag.py:3096} INFO - Sync 1 DAGs
[2025-09-24T18:06:52.112+0000] {logging_mixin.py:188} INFO - [2025-09-24T18:06:52.112+0000] {dag.py:3954} INFO - Setting next_dagrun for example_skip_dag to 2025-09-23 00:00:00+00:00, run_after=2025-09-24 00:00:00+00:00
[2025-09-24T18:06:52.128+0000] {processor.py:183} INFO - Processing /home/airflow/.local/lib/python3.12/site-packages/airflow/example_dags/example_skip_dag.py took 0.061 seconds
[2025-09-24T18:07:22.432+0000] {processor.py:161} INFO - Started process (PID=215) to work on /home/airflow/.local/lib/python3.12/site-packages/airflow/example_dags/example_skip_dag.py
[2025-09-24T18:07:22.433+0000] {processor.py:830} INFO - Processing file /home/airflow/.local/lib/python3.12/site-packages/airflow/example_dags/example_skip_dag.py for tasks to queue
[2025-09-24T18:07:22.436+0000] {logging_mixin.py:188} INFO - [2025-09-24T18:07:22.435+0000] {dagbag.py:545} INFO - Filling up the DagBag from /home/airflow/.local/lib/python3.12/site-packages/airflow/example_dags/example_skip_dag.py
[2025-09-24T18:07:22.440+0000] {processor.py:840} INFO - DAG(s) 'example_skip_dag' retrieved from /home/airflow/.local/lib/python3.12/site-packages/airflow/example_dags/example_skip_dag.py
[2025-09-24T18:07:22.457+0000] {logging_mixin.py:188} INFO - [2025-09-24T18:07:22.457+0000] {dag.py:3096} INFO - Sync 1 DAGs
[2025-09-24T18:07:22.475+0000] {logging_mixin.py:188} INFO - [2025-09-24T18:07:22.475+0000] {dag.py:3954} INFO - Setting next_dagrun for example_skip_dag to 2025-09-23 00:00:00+00:00, run_after=2025-09-24 00:00:00+00:00
[2025-09-24T18:07:22.490+0000] {processor.py:183} INFO - Processing /home/airflow/.local/lib/python3.12/site-packages/airflow/example_dags/example_skip_dag.py took 0.063 seconds
[2025-09-24T18:07:52.685+0000] {processor.py:161} INFO - Started process (PID=275) to work on /home/airflow/.local/lib/python3.12/site-packages/airflow/example_dags/example_skip_dag.py
[2025-09-24T18:07:52.686+0000] {processor.py:830} INFO - Processing file /home/airflow/.local/lib/python3.12/site-packages/airflow/example_dags/example_skip_dag.py for tasks to queue
[2025-09-24T18:07:52.688+0000] {logging_mixin.py:188} INFO - [2025-09-24T18:07:52.688+0000] {dagbag.py:545} INFO - Filling up the DagBag from /home/airflow/.local/lib/python3.12/site-packages/airflow/example_dags/example_skip_dag.py
[2025-09-24T18:07:52.693+0000] {processor.py:840} INFO - DAG(s) 'example_skip_dag' retrieved from /home/airflow/.local/lib/python3.12/site-packages/airflow/example_dags/example_skip_dag.py
[2025-09-24T18:07:52.708+0000] {logging_mixin.py:188} INFO - [2025-09-24T18:07:52.708+0000] {dag.py:3096} INFO - Sync 1 DAGs
[2025-09-24T18:07:52.723+0000] {logging_mixin.py:188} INFO - [2025-09-24T18:07:52.723+0000] {dag.py:3954} INFO - Setting next_dagrun for example_skip_dag to 2025-09-23 00:00:00+00:00, run_after=2025-09-24 00:00:00+00:00
[2025-09-24T18:07:52.737+0000] {processor.py:183} INFO - Processing /home/airflow/.local/lib/python3.12/site-packages/airflow/example_dags/example_skip_dag.py took 0.057 seconds
[2025-09-24T18:08:23.066+0000] {processor.py:161} INFO - Started process (PID=335) to work on /home/airflow/.local/lib/python3.12/site-packages/airflow/example_dags/example_skip_dag.py
[2025-09-24T18:08:23.068+0000] {processor.py:830} INFO - Processing file /home/airflow/.local/lib/python3.12/site-packages/airflow/example_dags/example_skip_dag.py for tasks to queue
[2025-09-24T18:08:23.070+0000] {logging_mixin.py:188} INFO - [2025-09-24T18:08:23.069+0000] {dagbag.py:545} INFO - Filling up the DagBag from /home/airflow/.local/lib/python3.12/site-packages/airflow/example_dags/example_skip_dag.py
[2025-09-24T18:08:23.075+0000] {processor.py:840} INFO - DAG(s) 'example_skip_dag' retrieved from /home/airflow/.local/lib/python3.12/site-packages/airflow/example_dags/example_skip_dag.py
[2025-09-24T18:08:23.096+0000] {logging_mixin.py:188} INFO - [2025-09-24T18:08:23.096+0000] {dag.py:3096} INFO - Sync 1 DAGs
[2025-09-24T18:08:23.114+0000] {logging_mixin.py:188} INFO - [2025-09-24T18:08:23.114+0000] {dag.py:3954} INFO - Setting next_dagrun for example_skip_dag to 2025-09-23 00:00:00+00:00, run_after=2025-09-24 00:00:00+00:00
[2025-09-24T18:08:23.128+0000] {processor.py:183} INFO - Processing /home/airflow/.local/lib/python3.12/site-packages/airflow/example_dags/example_skip_dag.py took 0.068 seconds
[2025-09-24T18:08:53.448+0000] {processor.py:161} INFO - Started process (PID=395) to work on /home/airflow/.local/lib/python3.12/site-packages/airflow/example_dags/example_skip_dag.py
[2025-09-24T18:08:53.449+0000] {processor.py:830} INFO - Processing file /home/airflow/.local/lib/python3.12/site-packages/airflow/example_dags/example_skip_dag.py for tasks to queue
[2025-09-24T18:08:53.451+0000] {logging_mixin.py:188} INFO - [2025-09-24T18:08:53.451+0000] {dagbag.py:545} INFO - Filling up the DagBag from /home/airflow/.local/lib/python3.12/site-packages/airflow/example_dags/example_skip_dag.py
[2025-09-24T18:08:53.457+0000] {processor.py:840} INFO - DAG(s) 'example_skip_dag' retrieved from /home/airflow/.local/lib/python3.12/site-packages/airflow/example_dags/example_skip_dag.py
[2025-09-24T18:08:53.476+0000] {logging_mixin.py:188} INFO - [2025-09-24T18:08:53.476+0000] {dag.py:3096} INFO - Sync 1 DAGs
[2025-09-24T18:08:53.494+0000] {logging_mixin.py:188} INFO - [2025-09-24T18:08:53.494+0000] {dag.py:3954} INFO - Setting next_dagrun for example_skip_dag to 2025-09-23 00:00:00+00:00, run_after=2025-09-24 00:00:00+00:00
[2025-09-24T18:08:53.510+0000] {processor.py:183} INFO - Processing /home/airflow/.local/lib/python3.12/site-packages/airflow/example_dags/example_skip_dag.py took 0.067 seconds
[2025-09-24T18:09:23.877+0000] {processor.py:161} INFO - Started process (PID=455) to work on /home/airflow/.local/lib/python3.12/site-packages/airflow/example_dags/example_skip_dag.py
[2025-09-24T18:09:23.878+0000] {processor.py:830} INFO - Processing file /home/airflow/.local/lib/python3.12/site-packages/airflow/example_dags/example_skip_dag.py for tasks to queue
[2025-09-24T18:09:23.880+0000] {logging_mixin.py:188} INFO - [2025-09-24T18:09:23.879+0000] {dagbag.py:545} INFO - Filling up the DagBag from /home/airflow/.local/lib/python3.12/site-packages/airflow/example_dags/example_skip_dag.py
[2025-09-24T18:09:23.886+0000] {processor.py:840} INFO - DAG(s) 'example_skip_dag' retrieved from /home/airflow/.local/lib/python3.12/site-packages/airflow/example_dags/example_skip_dag.py
[2025-09-24T18:09:23.906+0000] {logging_mixin.py:188} INFO - [2025-09-24T18:09:23.906+0000] {dag.py:3096} INFO - Sync 1 DAGs
[2025-09-24T18:09:23.933+0000] {logging_mixin.py:188} INFO - [2025-09-24T18:09:23.933+0000] {dag.py:3954} INFO - Setting next_dagrun for example_skip_dag to 2025-09-23 00:00:00+00:00, run_after=2025-09-24 00:00:00+00:00
[2025-09-24T18:09:23.954+0000] {processor.py:183} INFO - Processing /home/airflow/.local/lib/python3.12/site-packages/airflow/example_dags/example_skip_dag.py took 0.082 seconds
[2025-09-24T18:09:54.354+0000] {processor.py:161} INFO - Started process (PID=515) to work on /home/airflow/.local/lib/python3.12/site-packages/airflow/example_dags/example_skip_dag.py
[2025-09-24T18:09:54.355+0000] {processor.py:830} INFO - Processing file /home/airflow/.local/lib/python3.12/site-packages/airflow/example_dags/example_skip_dag.py for tasks to queue
[2025-09-24T18:09:54.358+0000] {logging_mixin.py:188} INFO - [2025-09-24T18:09:54.358+0000] {dagbag.py:545} INFO - Filling up the DagBag from /home/airflow/.local/lib/python3.12/site-packages/airflow/example_dags/example_skip_dag.py
[2025-09-24T18:09:54.365+0000] {processor.py:840} INFO - DAG(s) 'example_skip_dag' retrieved from /home/airflow/.local/lib/python3.12/site-packages/airflow/example_dags/example_skip_dag.py
[2025-09-24T18:09:54.389+0000] {logging_mixin.py:188} INFO - [2025-09-24T18:09:54.389+0000] {dag.py:3096} INFO - Sync 1 DAGs
[2025-09-24T18:09:54.411+0000] {logging_mixin.py:188} INFO - [2025-09-24T18:09:54.411+0000] {dag.py:3954} INFO - Setting next_dagrun for example_skip_dag to 2025-09-23 00:00:00+00:00, run_after=2025-09-24 00:00:00+00:00
[2025-09-24T18:09:54.456+0000] {processor.py:183} INFO - Processing /home/airflow/.local/lib/python3.12/site-packages/airflow/example_dags/example_skip_dag.py took 0.108 seconds
[2025-09-24T18:10:24.536+0000] {processor.py:161} INFO - Started process (PID=575) to work on /home/airflow/.local/lib/python3.12/site-packages/airflow/example_dags/example_skip_dag.py
[2025-09-24T18:10:24.537+0000] {processor.py:830} INFO - Processing file /home/airflow/.local/lib/python3.12/site-packages/airflow/example_dags/example_skip_dag.py for tasks to queue
[2025-09-24T18:10:24.538+0000] {logging_mixin.py:188} INFO - [2025-09-24T18:10:24.538+0000] {dagbag.py:545} INFO - Filling up the DagBag from /home/airflow/.local/lib/python3.12/site-packages/airflow/example_dags/example_skip_dag.py
[2025-09-24T18:10:24.543+0000] {processor.py:840} INFO - DAG(s) 'example_skip_dag' retrieved from /home/airflow/.local/lib/python3.12/site-packages/airflow/example_dags/example_skip_dag.py
[2025-09-24T18:10:24.559+0000] {logging_mixin.py:188} INFO - [2025-09-24T18:10:24.559+0000] {dag.py:3096} INFO - Sync 1 DAGs
[2025-09-24T18:10:24.577+0000] {logging_mixin.py:188} INFO - [2025-09-24T18:10:24.577+0000] {dag.py:3954} INFO - Setting next_dagrun for example_skip_dag to 2025-09-23 00:00:00+00:00, run_after=2025-09-24 00:00:00+00:00
[2025-09-24T18:10:24.593+0000] {processor.py:183} INFO - Processing /home/airflow/.local/lib/python3.12/site-packages/airflow/example_dags/example_skip_dag.py took 0.062 seconds
[2025-09-24T18:10:55.088+0000] {processor.py:161} INFO - Started process (PID=634) to work on /home/airflow/.local/lib/python3.12/site-packages/airflow/example_dags/example_skip_dag.py
[2025-09-24T18:10:55.089+0000] {processor.py:830} INFO - Processing file /home/airflow/.local/lib/python3.12/site-packages/airflow/example_dags/example_skip_dag.py for tasks to queue
[2025-09-24T18:10:55.091+0000] {logging_mixin.py:188} INFO - [2025-09-24T18:10:55.091+0000] {dagbag.py:545} INFO - Filling up the DagBag from /home/airflow/.local/lib/python3.12/site-packages/airflow/example_dags/example_skip_dag.py
[2025-09-24T18:10:55.096+0000] {processor.py:840} INFO - DAG(s) 'example_skip_dag' retrieved from /home/airflow/.local/lib/python3.12/site-packages/airflow/example_dags/example_skip_dag.py
[2025-09-24T18:10:55.113+0000] {logging_mixin.py:188} INFO - [2025-09-24T18:10:55.113+0000] {dag.py:3096} INFO - Sync 1 DAGs
[2025-09-24T18:10:55.131+0000] {logging_mixin.py:188} INFO - [2025-09-24T18:10:55.131+0000] {dag.py:3954} INFO - Setting next_dagrun for example_skip_dag to 2025-09-23 00:00:00+00:00, run_after=2025-09-24 00:00:00+00:00
[2025-09-24T18:10:55.145+0000] {processor.py:183} INFO - Processing /home/airflow/.local/lib/python3.12/site-packages/airflow/example_dags/example_skip_dag.py took 0.061 seconds
[2025-09-24T18:11:25.405+0000] {processor.py:161} INFO - Started process (PID=694) to work on /home/airflow/.local/lib/python3.12/site-packages/airflow/example_dags/example_skip_dag.py
[2025-09-24T18:11:25.406+0000] {processor.py:830} INFO - Processing file /home/airflow/.local/lib/python3.12/site-packages/airflow/example_dags/example_skip_dag.py for tasks to queue
[2025-09-24T18:11:25.408+0000] {logging_mixin.py:188} INFO - [2025-09-24T18:11:25.408+0000] {dagbag.py:545} INFO - Filling up the DagBag from /home/airflow/.local/lib/python3.12/site-packages/airflow/example_dags/example_skip_dag.py
[2025-09-24T18:11:25.413+0000] {processor.py:840} INFO - DAG(s) 'example_skip_dag' retrieved from /home/airflow/.local/lib/python3.12/site-packages/airflow/example_dags/example_skip_dag.py
[2025-09-24T18:11:25.432+0000] {logging_mixin.py:188} INFO - [2025-09-24T18:11:25.431+0000] {dag.py:3096} INFO - Sync 1 DAGs
[2025-09-24T18:11:25.450+0000] {logging_mixin.py:188} INFO - [2025-09-24T18:11:25.450+0000] {dag.py:3954} INFO - Setting next_dagrun for example_skip_dag to 2025-09-23 00:00:00+00:00, run_after=2025-09-24 00:00:00+00:00
[2025-09-24T18:11:25.534+0000] {processor.py:183} INFO - Processing /home/airflow/.local/lib/python3.12/site-packages/airflow/example_dags/example_skip_dag.py took 0.134 seconds
[2025-09-24T18:11:56.122+0000] {processor.py:161} INFO - Started process (PID=754) to work on /home/airflow/.local/lib/python3.12/site-packages/airflow/example_dags/example_skip_dag.py
[2025-09-24T18:11:56.124+0000] {processor.py:830} INFO - Processing file /home/airflow/.local/lib/python3.12/site-packages/airflow/example_dags/example_skip_dag.py for tasks to queue
[2025-09-24T18:11:56.125+0000] {logging_mixin.py:188} INFO - [2025-09-24T18:11:56.125+0000] {dagbag.py:545} INFO - Filling up the DagBag from /home/airflow/.local/lib/python3.12/site-packages/airflow/example_dags/example_skip_dag.py
[2025-09-24T18:11:56.131+0000] {processor.py:840} INFO - DAG(s) 'example_skip_dag' retrieved from /home/airflow/.local/lib/python3.12/site-packages/airflow/example_dags/example_skip_dag.py
[2025-09-24T18:11:56.145+0000] {logging_mixin.py:188} INFO - [2025-09-24T18:11:56.145+0000] {dag.py:3096} INFO - Sync 1 DAGs
[2025-09-24T18:11:56.160+0000] {logging_mixin.py:188} INFO - [2025-09-24T18:11:56.160+0000] {dag.py:3954} INFO - Setting next_dagrun for example_skip_dag to 2025-09-23 00:00:00+00:00, run_after=2025-09-24 00:00:00+00:00
[2025-09-24T18:11:56.262+0000] {processor.py:183} INFO - Processing /home/airflow/.local/lib/python3.12/site-packages/airflow/example_dags/example_skip_dag.py took 0.145 seconds
[2025-09-24T18:12:26.623+0000] {processor.py:161} INFO - Started process (PID=814) to work on /home/airflow/.local/lib/python3.12/site-packages/airflow/example_dags/example_skip_dag.py
[2025-09-24T18:12:26.625+0000] {processor.py:830} INFO - Processing file /home/airflow/.local/lib/python3.12/site-packages/airflow/example_dags/example_skip_dag.py for tasks to queue
[2025-09-24T18:12:26.629+0000] {logging_mixin.py:188} INFO - [2025-09-24T18:12:26.629+0000] {dagbag.py:545} INFO - Filling up the DagBag from /home/airflow/.local/lib/python3.12/site-packages/airflow/example_dags/example_skip_dag.py
[2025-09-24T18:12:26.636+0000] {processor.py:840} INFO - DAG(s) 'example_skip_dag' retrieved from /home/airflow/.local/lib/python3.12/site-packages/airflow/example_dags/example_skip_dag.py
[2025-09-24T18:12:26.651+0000] {logging_mixin.py:188} INFO - [2025-09-24T18:12:26.651+0000] {dag.py:3096} INFO - Sync 1 DAGs
[2025-09-24T18:12:26.672+0000] {logging_mixin.py:188} INFO - [2025-09-24T18:12:26.671+0000] {dag.py:3954} INFO - Setting next_dagrun for example_skip_dag to 2025-09-23 00:00:00+00:00, run_after=2025-09-24 00:00:00+00:00
[2025-09-24T18:12:26.690+0000] {processor.py:183} INFO - Processing /home/airflow/.local/lib/python3.12/site-packages/airflow/example_dags/example_skip_dag.py took 0.072 seconds
[2025-09-24T18:12:57.637+0000] {processor.py:161} INFO - Started process (PID=874) to work on /home/airflow/.local/lib/python3.12/site-packages/airflow/example_dags/example_skip_dag.py
[2025-09-24T18:12:57.638+0000] {processor.py:830} INFO - Processing file /home/airflow/.local/lib/python3.12/site-packages/airflow/example_dags/example_skip_dag.py for tasks to queue
[2025-09-24T18:12:57.639+0000] {logging_mixin.py:188} INFO - [2025-09-24T18:12:57.639+0000] {dagbag.py:545} INFO - Filling up the DagBag from /home/airflow/.local/lib/python3.12/site-packages/airflow/example_dags/example_skip_dag.py
[2025-09-24T18:12:57.644+0000] {processor.py:840} INFO - DAG(s) 'example_skip_dag' retrieved from /home/airflow/.local/lib/python3.12/site-packages/airflow/example_dags/example_skip_dag.py
[2025-09-24T18:12:57.658+0000] {logging_mixin.py:188} INFO - [2025-09-24T18:12:57.658+0000] {dag.py:3096} INFO - Sync 1 DAGs
[2025-09-24T18:12:57.674+0000] {logging_mixin.py:188} INFO - [2025-09-24T18:12:57.674+0000] {dag.py:3954} INFO - Setting next_dagrun for example_skip_dag to 2025-09-23 00:00:00+00:00, run_after=2025-09-24 00:00:00+00:00
[2025-09-24T18:12:57.688+0000] {processor.py:183} INFO - Processing /home/airflow/.local/lib/python3.12/site-packages/airflow/example_dags/example_skip_dag.py took 0.056 seconds
[2025-09-24T18:13:27.944+0000] {processor.py:161} INFO - Started process (PID=934) to work on /home/airflow/.local/lib/python3.12/site-packages/airflow/example_dags/example_skip_dag.py
[2025-09-24T18:13:27.946+0000] {processor.py:830} INFO - Processing file /home/airflow/.local/lib/python3.12/site-packages/airflow/example_dags/example_skip_dag.py for tasks to queue
[2025-09-24T18:13:27.948+0000] {logging_mixin.py:188} INFO - [2025-09-24T18:13:27.947+0000] {dagbag.py:545} INFO - Filling up the DagBag from /home/airflow/.local/lib/python3.12/site-packages/airflow/example_dags/example_skip_dag.py
[2025-09-24T18:13:27.953+0000] {processor.py:840} INFO - DAG(s) 'example_skip_dag' retrieved from /home/airflow/.local/lib/python3.12/site-packages/airflow/example_dags/example_skip_dag.py
[2025-09-24T18:13:27.970+0000] {logging_mixin.py:188} INFO - [2025-09-24T18:13:27.970+0000] {dag.py:3096} INFO - Sync 1 DAGs
[2025-09-24T18:13:27.987+0000] {logging_mixin.py:188} INFO - [2025-09-24T18:13:27.987+0000] {dag.py:3954} INFO - Setting next_dagrun for example_skip_dag to 2025-09-23 00:00:00+00:00, run_after=2025-09-24 00:00:00+00:00
[2025-09-24T18:13:28.003+0000] {processor.py:183} INFO - Processing /home/airflow/.local/lib/python3.12/site-packages/airflow/example_dags/example_skip_dag.py took 0.063 seconds
