[2025-09-24T18:06:23.760+0000] {processor.py:161} INFO - Started process (PID=115) to work on /home/airflow/.local/lib/python3.12/site-packages/airflow/example_dags/example_short_circuit_decorator.py
[2025-09-24T18:06:23.762+0000] {processor.py:830} INFO - Processing file /home/airflow/.local/lib/python3.12/site-packages/airflow/example_dags/example_short_circuit_decorator.py for tasks to queue
[2025-09-24T18:06:23.764+0000] {logging_mixin.py:188} INFO - [2025-09-24T18:06:23.764+0000] {dagbag.py:545} INFO - Filling up the DagBag from /home/airflow/.local/lib/python3.12/site-packages/airflow/example_dags/example_short_circuit_decorator.py
[2025-09-24T18:06:23.774+0000] {processor.py:840} INFO - DAG(s) 'example_short_circuit_decorator' retrieved from /home/airflow/.local/lib/python3.12/site-packages/airflow/example_dags/example_short_circuit_decorator.py
[2025-09-24T18:06:23.883+0000] {logging_mixin.py:188} INFO - [2025-09-24T18:06:23.882+0000] {dag.py:3096} INFO - Sync 1 DAGs
[2025-09-24T18:06:23.906+0000] {logging_mixin.py:188} INFO - [2025-09-24T18:06:23.906+0000] {dag.py:3954} INFO - Setting next_dagrun for example_short_circuit_decorator to 2025-09-23 00:00:00+00:00, run_after=2025-09-24 00:00:00+00:00
[2025-09-24T18:06:23.932+0000] {processor.py:183} INFO - Processing /home/airflow/.local/lib/python3.12/site-packages/airflow/example_dags/example_short_circuit_decorator.py took 0.178 seconds
[2025-09-24T18:06:54.436+0000] {processor.py:161} INFO - Started process (PID=176) to work on /home/airflow/.local/lib/python3.12/site-packages/airflow/example_dags/example_short_circuit_decorator.py
[2025-09-24T18:06:54.437+0000] {processor.py:830} INFO - Processing file /home/airflow/.local/lib/python3.12/site-packages/airflow/example_dags/example_short_circuit_decorator.py for tasks to queue
[2025-09-24T18:06:54.439+0000] {logging_mixin.py:188} INFO - [2025-09-24T18:06:54.439+0000] {dagbag.py:545} INFO - Filling up the DagBag from /home/airflow/.local/lib/python3.12/site-packages/airflow/example_dags/example_short_circuit_decorator.py
[2025-09-24T18:06:54.448+0000] {processor.py:840} INFO - DAG(s) 'example_short_circuit_decorator' retrieved from /home/airflow/.local/lib/python3.12/site-packages/airflow/example_dags/example_short_circuit_decorator.py
[2025-09-24T18:06:54.471+0000] {logging_mixin.py:188} INFO - [2025-09-24T18:06:54.470+0000] {dag.py:3096} INFO - Sync 1 DAGs
[2025-09-24T18:06:54.492+0000] {logging_mixin.py:188} INFO - [2025-09-24T18:06:54.492+0000] {dag.py:3954} INFO - Setting next_dagrun for example_short_circuit_decorator to 2025-09-23 00:00:00+00:00, run_after=2025-09-24 00:00:00+00:00
[2025-09-24T18:06:54.512+0000] {processor.py:183} INFO - Processing /home/airflow/.local/lib/python3.12/site-packages/airflow/example_dags/example_short_circuit_decorator.py took 0.081 seconds
[2025-09-24T18:07:24.561+0000] {processor.py:161} INFO - Started process (PID=235) to work on /home/airflow/.local/lib/python3.12/site-packages/airflow/example_dags/example_short_circuit_decorator.py
[2025-09-24T18:07:24.562+0000] {processor.py:830} INFO - Processing file /home/airflow/.local/lib/python3.12/site-packages/airflow/example_dags/example_short_circuit_decorator.py for tasks to queue
[2025-09-24T18:07:24.564+0000] {logging_mixin.py:188} INFO - [2025-09-24T18:07:24.564+0000] {dagbag.py:545} INFO - Filling up the DagBag from /home/airflow/.local/lib/python3.12/site-packages/airflow/example_dags/example_short_circuit_decorator.py
[2025-09-24T18:07:24.570+0000] {processor.py:840} INFO - DAG(s) 'example_short_circuit_decorator' retrieved from /home/airflow/.local/lib/python3.12/site-packages/airflow/example_dags/example_short_circuit_decorator.py
[2025-09-24T18:07:24.589+0000] {logging_mixin.py:188} INFO - [2025-09-24T18:07:24.588+0000] {dag.py:3096} INFO - Sync 1 DAGs
[2025-09-24T18:07:24.614+0000] {logging_mixin.py:188} INFO - [2025-09-24T18:07:24.614+0000] {dag.py:3954} INFO - Setting next_dagrun for example_short_circuit_decorator to 2025-09-23 00:00:00+00:00, run_after=2025-09-24 00:00:00+00:00
[2025-09-24T18:07:24.628+0000] {processor.py:183} INFO - Processing /home/airflow/.local/lib/python3.12/site-packages/airflow/example_dags/example_short_circuit_decorator.py took 0.071 seconds
[2025-09-24T18:07:54.880+0000] {processor.py:161} INFO - Started process (PID=295) to work on /home/airflow/.local/lib/python3.12/site-packages/airflow/example_dags/example_short_circuit_decorator.py
[2025-09-24T18:07:54.881+0000] {processor.py:830} INFO - Processing file /home/airflow/.local/lib/python3.12/site-packages/airflow/example_dags/example_short_circuit_decorator.py for tasks to queue
[2025-09-24T18:07:54.882+0000] {logging_mixin.py:188} INFO - [2025-09-24T18:07:54.882+0000] {dagbag.py:545} INFO - Filling up the DagBag from /home/airflow/.local/lib/python3.12/site-packages/airflow/example_dags/example_short_circuit_decorator.py
[2025-09-24T18:07:54.889+0000] {processor.py:840} INFO - DAG(s) 'example_short_circuit_decorator' retrieved from /home/airflow/.local/lib/python3.12/site-packages/airflow/example_dags/example_short_circuit_decorator.py
[2025-09-24T18:07:54.907+0000] {logging_mixin.py:188} INFO - [2025-09-24T18:07:54.906+0000] {dag.py:3096} INFO - Sync 1 DAGs
[2025-09-24T18:07:54.923+0000] {logging_mixin.py:188} INFO - [2025-09-24T18:07:54.923+0000] {dag.py:3954} INFO - Setting next_dagrun for example_short_circuit_decorator to 2025-09-23 00:00:00+00:00, run_after=2025-09-24 00:00:00+00:00
[2025-09-24T18:07:54.937+0000] {processor.py:183} INFO - Processing /home/airflow/.local/lib/python3.12/site-packages/airflow/example_dags/example_short_circuit_decorator.py took 0.062 seconds
[2025-09-24T18:08:25.285+0000] {processor.py:161} INFO - Started process (PID=355) to work on /home/airflow/.local/lib/python3.12/site-packages/airflow/example_dags/example_short_circuit_decorator.py
[2025-09-24T18:08:25.286+0000] {processor.py:830} INFO - Processing file /home/airflow/.local/lib/python3.12/site-packages/airflow/example_dags/example_short_circuit_decorator.py for tasks to queue
[2025-09-24T18:08:25.287+0000] {logging_mixin.py:188} INFO - [2025-09-24T18:08:25.287+0000] {dagbag.py:545} INFO - Filling up the DagBag from /home/airflow/.local/lib/python3.12/site-packages/airflow/example_dags/example_short_circuit_decorator.py
[2025-09-24T18:08:25.297+0000] {processor.py:840} INFO - DAG(s) 'example_short_circuit_decorator' retrieved from /home/airflow/.local/lib/python3.12/site-packages/airflow/example_dags/example_short_circuit_decorator.py
[2025-09-24T18:08:25.317+0000] {logging_mixin.py:188} INFO - [2025-09-24T18:08:25.317+0000] {dag.py:3096} INFO - Sync 1 DAGs
[2025-09-24T18:08:25.336+0000] {logging_mixin.py:188} INFO - [2025-09-24T18:08:25.336+0000] {dag.py:3954} INFO - Setting next_dagrun for example_short_circuit_decorator to 2025-09-23 00:00:00+00:00, run_after=2025-09-24 00:00:00+00:00
[2025-09-24T18:08:25.352+0000] {processor.py:183} INFO - Processing /home/airflow/.local/lib/python3.12/site-packages/airflow/example_dags/example_short_circuit_decorator.py took 0.072 seconds
[2025-09-24T18:08:55.823+0000] {processor.py:161} INFO - Started process (PID=415) to work on /home/airflow/.local/lib/python3.12/site-packages/airflow/example_dags/example_short_circuit_decorator.py
[2025-09-24T18:08:55.825+0000] {processor.py:830} INFO - Processing file /home/airflow/.local/lib/python3.12/site-packages/airflow/example_dags/example_short_circuit_decorator.py for tasks to queue
[2025-09-24T18:08:55.826+0000] {logging_mixin.py:188} INFO - [2025-09-24T18:08:55.826+0000] {dagbag.py:545} INFO - Filling up the DagBag from /home/airflow/.local/lib/python3.12/site-packages/airflow/example_dags/example_short_circuit_decorator.py
[2025-09-24T18:08:55.834+0000] {processor.py:840} INFO - DAG(s) 'example_short_circuit_decorator' retrieved from /home/airflow/.local/lib/python3.12/site-packages/airflow/example_dags/example_short_circuit_decorator.py
[2025-09-24T18:08:55.853+0000] {logging_mixin.py:188} INFO - [2025-09-24T18:08:55.853+0000] {dag.py:3096} INFO - Sync 1 DAGs
[2025-09-24T18:08:55.871+0000] {logging_mixin.py:188} INFO - [2025-09-24T18:08:55.871+0000] {dag.py:3954} INFO - Setting next_dagrun for example_short_circuit_decorator to 2025-09-23 00:00:00+00:00, run_after=2025-09-24 00:00:00+00:00
[2025-09-24T18:08:55.886+0000] {processor.py:183} INFO - Processing /home/airflow/.local/lib/python3.12/site-packages/airflow/example_dags/example_short_circuit_decorator.py took 0.068 seconds
[2025-09-24T18:09:26.120+0000] {processor.py:161} INFO - Started process (PID=475) to work on /home/airflow/.local/lib/python3.12/site-packages/airflow/example_dags/example_short_circuit_decorator.py
[2025-09-24T18:09:26.121+0000] {processor.py:830} INFO - Processing file /home/airflow/.local/lib/python3.12/site-packages/airflow/example_dags/example_short_circuit_decorator.py for tasks to queue
[2025-09-24T18:09:26.123+0000] {logging_mixin.py:188} INFO - [2025-09-24T18:09:26.123+0000] {dagbag.py:545} INFO - Filling up the DagBag from /home/airflow/.local/lib/python3.12/site-packages/airflow/example_dags/example_short_circuit_decorator.py
[2025-09-24T18:09:26.131+0000] {processor.py:840} INFO - DAG(s) 'example_short_circuit_decorator' retrieved from /home/airflow/.local/lib/python3.12/site-packages/airflow/example_dags/example_short_circuit_decorator.py
[2025-09-24T18:09:26.149+0000] {logging_mixin.py:188} INFO - [2025-09-24T18:09:26.148+0000] {dag.py:3096} INFO - Sync 1 DAGs
[2025-09-24T18:09:26.166+0000] {logging_mixin.py:188} INFO - [2025-09-24T18:09:26.166+0000] {dag.py:3954} INFO - Setting next_dagrun for example_short_circuit_decorator to 2025-09-23 00:00:00+00:00, run_after=2025-09-24 00:00:00+00:00
[2025-09-24T18:09:26.187+0000] {processor.py:183} INFO - Processing /home/airflow/.local/lib/python3.12/site-packages/airflow/example_dags/example_short_circuit_decorator.py took 0.070 seconds
[2025-09-24T18:09:56.840+0000] {processor.py:161} INFO - Started process (PID=535) to work on /home/airflow/.local/lib/python3.12/site-packages/airflow/example_dags/example_short_circuit_decorator.py
[2025-09-24T18:09:56.841+0000] {processor.py:830} INFO - Processing file /home/airflow/.local/lib/python3.12/site-packages/airflow/example_dags/example_short_circuit_decorator.py for tasks to queue
[2025-09-24T18:09:56.843+0000] {logging_mixin.py:188} INFO - [2025-09-24T18:09:56.843+0000] {dagbag.py:545} INFO - Filling up the DagBag from /home/airflow/.local/lib/python3.12/site-packages/airflow/example_dags/example_short_circuit_decorator.py
[2025-09-24T18:09:56.849+0000] {processor.py:840} INFO - DAG(s) 'example_short_circuit_decorator' retrieved from /home/airflow/.local/lib/python3.12/site-packages/airflow/example_dags/example_short_circuit_decorator.py
[2025-09-24T18:09:56.867+0000] {logging_mixin.py:188} INFO - [2025-09-24T18:09:56.867+0000] {dag.py:3096} INFO - Sync 1 DAGs
[2025-09-24T18:09:56.882+0000] {logging_mixin.py:188} INFO - [2025-09-24T18:09:56.881+0000] {dag.py:3954} INFO - Setting next_dagrun for example_short_circuit_decorator to 2025-09-23 00:00:00+00:00, run_after=2025-09-24 00:00:00+00:00
[2025-09-24T18:09:56.920+0000] {processor.py:183} INFO - Processing /home/airflow/.local/lib/python3.12/site-packages/airflow/example_dags/example_short_circuit_decorator.py took 0.084 seconds
[2025-09-24T18:10:27.159+0000] {processor.py:161} INFO - Started process (PID=596) to work on /home/airflow/.local/lib/python3.12/site-packages/airflow/example_dags/example_short_circuit_decorator.py
[2025-09-24T18:10:27.161+0000] {processor.py:830} INFO - Processing file /home/airflow/.local/lib/python3.12/site-packages/airflow/example_dags/example_short_circuit_decorator.py for tasks to queue
[2025-09-24T18:10:27.163+0000] {logging_mixin.py:188} INFO - [2025-09-24T18:10:27.163+0000] {dagbag.py:545} INFO - Filling up the DagBag from /home/airflow/.local/lib/python3.12/site-packages/airflow/example_dags/example_short_circuit_decorator.py
[2025-09-24T18:10:27.170+0000] {processor.py:840} INFO - DAG(s) 'example_short_circuit_decorator' retrieved from /home/airflow/.local/lib/python3.12/site-packages/airflow/example_dags/example_short_circuit_decorator.py
[2025-09-24T18:10:27.188+0000] {logging_mixin.py:188} INFO - [2025-09-24T18:10:27.187+0000] {dag.py:3096} INFO - Sync 1 DAGs
[2025-09-24T18:10:27.203+0000] {logging_mixin.py:188} INFO - [2025-09-24T18:10:27.203+0000] {dag.py:3954} INFO - Setting next_dagrun for example_short_circuit_decorator to 2025-09-23 00:00:00+00:00, run_after=2025-09-24 00:00:00+00:00
[2025-09-24T18:10:27.218+0000] {processor.py:183} INFO - Processing /home/airflow/.local/lib/python3.12/site-packages/airflow/example_dags/example_short_circuit_decorator.py took 0.064 seconds
[2025-09-24T18:10:57.945+0000] {processor.py:161} INFO - Started process (PID=656) to work on /home/airflow/.local/lib/python3.12/site-packages/airflow/example_dags/example_short_circuit_decorator.py
[2025-09-24T18:10:57.946+0000] {processor.py:830} INFO - Processing file /home/airflow/.local/lib/python3.12/site-packages/airflow/example_dags/example_short_circuit_decorator.py for tasks to queue
[2025-09-24T18:10:57.948+0000] {logging_mixin.py:188} INFO - [2025-09-24T18:10:57.947+0000] {dagbag.py:545} INFO - Filling up the DagBag from /home/airflow/.local/lib/python3.12/site-packages/airflow/example_dags/example_short_circuit_decorator.py
[2025-09-24T18:10:57.954+0000] {processor.py:840} INFO - DAG(s) 'example_short_circuit_decorator' retrieved from /home/airflow/.local/lib/python3.12/site-packages/airflow/example_dags/example_short_circuit_decorator.py
[2025-09-24T18:10:57.972+0000] {logging_mixin.py:188} INFO - [2025-09-24T18:10:57.972+0000] {dag.py:3096} INFO - Sync 1 DAGs
[2025-09-24T18:10:58.005+0000] {logging_mixin.py:188} INFO - [2025-09-24T18:10:58.004+0000] {dag.py:3954} INFO - Setting next_dagrun for example_short_circuit_decorator to 2025-09-23 00:00:00+00:00, run_after=2025-09-24 00:00:00+00:00
[2025-09-24T18:10:58.033+0000] {processor.py:183} INFO - Processing /home/airflow/.local/lib/python3.12/site-packages/airflow/example_dags/example_short_circuit_decorator.py took 0.093 seconds
[2025-09-24T18:11:28.717+0000] {processor.py:161} INFO - Started process (PID=716) to work on /home/airflow/.local/lib/python3.12/site-packages/airflow/example_dags/example_short_circuit_decorator.py
[2025-09-24T18:11:28.719+0000] {processor.py:830} INFO - Processing file /home/airflow/.local/lib/python3.12/site-packages/airflow/example_dags/example_short_circuit_decorator.py for tasks to queue
[2025-09-24T18:11:28.721+0000] {logging_mixin.py:188} INFO - [2025-09-24T18:11:28.721+0000] {dagbag.py:545} INFO - Filling up the DagBag from /home/airflow/.local/lib/python3.12/site-packages/airflow/example_dags/example_short_circuit_decorator.py
[2025-09-24T18:11:28.729+0000] {processor.py:840} INFO - DAG(s) 'example_short_circuit_decorator' retrieved from /home/airflow/.local/lib/python3.12/site-packages/airflow/example_dags/example_short_circuit_decorator.py
[2025-09-24T18:11:28.747+0000] {logging_mixin.py:188} INFO - [2025-09-24T18:11:28.747+0000] {dag.py:3096} INFO - Sync 1 DAGs
[2025-09-24T18:11:28.763+0000] {logging_mixin.py:188} INFO - [2025-09-24T18:11:28.763+0000] {dag.py:3954} INFO - Setting next_dagrun for example_short_circuit_decorator to 2025-09-23 00:00:00+00:00, run_after=2025-09-24 00:00:00+00:00
[2025-09-24T18:11:28.777+0000] {processor.py:183} INFO - Processing /home/airflow/.local/lib/python3.12/site-packages/airflow/example_dags/example_short_circuit_decorator.py took 0.068 seconds
[2025-09-24T18:11:59.499+0000] {processor.py:161} INFO - Started process (PID=776) to work on /home/airflow/.local/lib/python3.12/site-packages/airflow/example_dags/example_short_circuit_decorator.py
[2025-09-24T18:11:59.501+0000] {processor.py:830} INFO - Processing file /home/airflow/.local/lib/python3.12/site-packages/airflow/example_dags/example_short_circuit_decorator.py for tasks to queue
[2025-09-24T18:11:59.502+0000] {logging_mixin.py:188} INFO - [2025-09-24T18:11:59.502+0000] {dagbag.py:545} INFO - Filling up the DagBag from /home/airflow/.local/lib/python3.12/site-packages/airflow/example_dags/example_short_circuit_decorator.py
[2025-09-24T18:11:59.509+0000] {processor.py:840} INFO - DAG(s) 'example_short_circuit_decorator' retrieved from /home/airflow/.local/lib/python3.12/site-packages/airflow/example_dags/example_short_circuit_decorator.py
[2025-09-24T18:11:59.529+0000] {logging_mixin.py:188} INFO - [2025-09-24T18:11:59.528+0000] {dag.py:3096} INFO - Sync 1 DAGs
[2025-09-24T18:11:59.543+0000] {logging_mixin.py:188} INFO - [2025-09-24T18:11:59.543+0000] {dag.py:3954} INFO - Setting next_dagrun for example_short_circuit_decorator to 2025-09-23 00:00:00+00:00, run_after=2025-09-24 00:00:00+00:00
[2025-09-24T18:11:59.566+0000] {processor.py:183} INFO - Processing /home/airflow/.local/lib/python3.12/site-packages/airflow/example_dags/example_short_circuit_decorator.py took 0.071 seconds
[2025-09-24T18:12:30.534+0000] {processor.py:161} INFO - Started process (PID=836) to work on /home/airflow/.local/lib/python3.12/site-packages/airflow/example_dags/example_short_circuit_decorator.py
[2025-09-24T18:12:30.535+0000] {processor.py:830} INFO - Processing file /home/airflow/.local/lib/python3.12/site-packages/airflow/example_dags/example_short_circuit_decorator.py for tasks to queue
[2025-09-24T18:12:30.537+0000] {logging_mixin.py:188} INFO - [2025-09-24T18:12:30.537+0000] {dagbag.py:545} INFO - Filling up the DagBag from /home/airflow/.local/lib/python3.12/site-packages/airflow/example_dags/example_short_circuit_decorator.py
[2025-09-24T18:12:30.543+0000] {processor.py:840} INFO - DAG(s) 'example_short_circuit_decorator' retrieved from /home/airflow/.local/lib/python3.12/site-packages/airflow/example_dags/example_short_circuit_decorator.py
[2025-09-24T18:12:30.563+0000] {logging_mixin.py:188} INFO - [2025-09-24T18:12:30.563+0000] {dag.py:3096} INFO - Sync 1 DAGs
[2025-09-24T18:12:30.578+0000] {logging_mixin.py:188} INFO - [2025-09-24T18:12:30.578+0000] {dag.py:3954} INFO - Setting next_dagrun for example_short_circuit_decorator to 2025-09-23 00:00:00+00:00, run_after=2025-09-24 00:00:00+00:00
[2025-09-24T18:12:30.613+0000] {processor.py:183} INFO - Processing /home/airflow/.local/lib/python3.12/site-packages/airflow/example_dags/example_short_circuit_decorator.py took 0.083 seconds
[2025-09-24T18:13:00.805+0000] {processor.py:161} INFO - Started process (PID=896) to work on /home/airflow/.local/lib/python3.12/site-packages/airflow/example_dags/example_short_circuit_decorator.py
[2025-09-24T18:13:00.807+0000] {processor.py:830} INFO - Processing file /home/airflow/.local/lib/python3.12/site-packages/airflow/example_dags/example_short_circuit_decorator.py for tasks to queue
[2025-09-24T18:13:00.809+0000] {logging_mixin.py:188} INFO - [2025-09-24T18:13:00.809+0000] {dagbag.py:545} INFO - Filling up the DagBag from /home/airflow/.local/lib/python3.12/site-packages/airflow/example_dags/example_short_circuit_decorator.py
[2025-09-24T18:13:00.817+0000] {processor.py:840} INFO - DAG(s) 'example_short_circuit_decorator' retrieved from /home/airflow/.local/lib/python3.12/site-packages/airflow/example_dags/example_short_circuit_decorator.py
[2025-09-24T18:13:00.836+0000] {logging_mixin.py:188} INFO - [2025-09-24T18:13:00.835+0000] {dag.py:3096} INFO - Sync 1 DAGs
[2025-09-24T18:13:00.852+0000] {logging_mixin.py:188} INFO - [2025-09-24T18:13:00.852+0000] {dag.py:3954} INFO - Setting next_dagrun for example_short_circuit_decorator to 2025-09-23 00:00:00+00:00, run_after=2025-09-24 00:00:00+00:00
[2025-09-24T18:13:00.868+0000] {processor.py:183} INFO - Processing /home/airflow/.local/lib/python3.12/site-packages/airflow/example_dags/example_short_circuit_decorator.py took 0.069 seconds
[2025-09-24T18:13:31.275+0000] {processor.py:161} INFO - Started process (PID=956) to work on /home/airflow/.local/lib/python3.12/site-packages/airflow/example_dags/example_short_circuit_decorator.py
[2025-09-24T18:13:31.276+0000] {processor.py:830} INFO - Processing file /home/airflow/.local/lib/python3.12/site-packages/airflow/example_dags/example_short_circuit_decorator.py for tasks to queue
[2025-09-24T18:13:31.279+0000] {logging_mixin.py:188} INFO - [2025-09-24T18:13:31.279+0000] {dagbag.py:545} INFO - Filling up the DagBag from /home/airflow/.local/lib/python3.12/site-packages/airflow/example_dags/example_short_circuit_decorator.py
[2025-09-24T18:13:31.292+0000] {processor.py:840} INFO - DAG(s) 'example_short_circuit_decorator' retrieved from /home/airflow/.local/lib/python3.12/site-packages/airflow/example_dags/example_short_circuit_decorator.py
[2025-09-24T18:13:31.310+0000] {logging_mixin.py:188} INFO - [2025-09-24T18:13:31.309+0000] {dag.py:3096} INFO - Sync 1 DAGs
[2025-09-24T18:13:31.326+0000] {logging_mixin.py:188} INFO - [2025-09-24T18:13:31.326+0000] {dag.py:3954} INFO - Setting next_dagrun for example_short_circuit_decorator to 2025-09-23 00:00:00+00:00, run_after=2025-09-24 00:00:00+00:00
[2025-09-24T18:13:31.342+0000] {processor.py:183} INFO - Processing /home/airflow/.local/lib/python3.12/site-packages/airflow/example_dags/example_short_circuit_decorator.py took 0.072 seconds
