[2025-09-24T18:06:18.720+0000] {processor.py:161} INFO - Started process (PID=76) to work on /home/airflow/.local/lib/python3.12/site-packages/airflow/example_dags/example_sensors.py
[2025-09-24T18:06:18.722+0000] {processor.py:830} INFO - Processing file /home/airflow/.local/lib/python3.12/site-packages/airflow/example_dags/example_sensors.py for tasks to queue
[2025-09-24T18:06:18.726+0000] {logging_mixin.py:188} INFO - [2025-09-24T18:06:18.726+0000] {dagbag.py:545} INFO - Filling up the DagBag from /home/airflow/.local/lib/python3.12/site-packages/airflow/example_dags/example_sensors.py
[2025-09-24T18:06:18.747+0000] {processor.py:840} INFO - DAG(s) 'example_sensors' retrieved from /home/airflow/.local/lib/python3.12/site-packages/airflow/example_dags/example_sensors.py
[2025-09-24T18:06:18.772+0000] {logging_mixin.py:188} INFO - [2025-09-24T18:06:18.771+0000] {dag.py:3096} INFO - Sync 1 DAGs
[2025-09-24T18:06:18.799+0000] {logging_mixin.py:188} INFO - [2025-09-24T18:06:18.798+0000] {dag.py:3954} INFO - Setting next_dagrun for example_sensors to None, run_after=None
[2025-09-24T18:06:18.827+0000] {processor.py:183} INFO - Processing /home/airflow/.local/lib/python3.12/site-packages/airflow/example_dags/example_sensors.py took 0.121 seconds
[2025-09-24T18:06:49.163+0000] {processor.py:161} INFO - Started process (PID=136) to work on /home/airflow/.local/lib/python3.12/site-packages/airflow/example_dags/example_sensors.py
[2025-09-24T18:06:49.165+0000] {processor.py:830} INFO - Processing file /home/airflow/.local/lib/python3.12/site-packages/airflow/example_dags/example_sensors.py for tasks to queue
[2025-09-24T18:06:49.166+0000] {logging_mixin.py:188} INFO - [2025-09-24T18:06:49.166+0000] {dagbag.py:545} INFO - Filling up the DagBag from /home/airflow/.local/lib/python3.12/site-packages/airflow/example_dags/example_sensors.py
[2025-09-24T18:06:49.174+0000] {processor.py:840} INFO - DAG(s) 'example_sensors' retrieved from /home/airflow/.local/lib/python3.12/site-packages/airflow/example_dags/example_sensors.py
[2025-09-24T18:06:49.265+0000] {logging_mixin.py:188} INFO - [2025-09-24T18:06:49.264+0000] {dag.py:3096} INFO - Sync 1 DAGs
[2025-09-24T18:06:49.275+0000] {logging_mixin.py:188} INFO - [2025-09-24T18:06:49.274+0000] {dag.py:3954} INFO - Setting next_dagrun for example_sensors to None, run_after=None
[2025-09-24T18:06:49.291+0000] {processor.py:183} INFO - Processing /home/airflow/.local/lib/python3.12/site-packages/airflow/example_dags/example_sensors.py took 0.132 seconds
[2025-09-24T18:07:19.576+0000] {processor.py:161} INFO - Started process (PID=194) to work on /home/airflow/.local/lib/python3.12/site-packages/airflow/example_dags/example_sensors.py
[2025-09-24T18:07:19.577+0000] {processor.py:830} INFO - Processing file /home/airflow/.local/lib/python3.12/site-packages/airflow/example_dags/example_sensors.py for tasks to queue
[2025-09-24T18:07:19.579+0000] {logging_mixin.py:188} INFO - [2025-09-24T18:07:19.578+0000] {dagbag.py:545} INFO - Filling up the DagBag from /home/airflow/.local/lib/python3.12/site-packages/airflow/example_dags/example_sensors.py
[2025-09-24T18:07:19.586+0000] {processor.py:840} INFO - DAG(s) 'example_sensors' retrieved from /home/airflow/.local/lib/python3.12/site-packages/airflow/example_dags/example_sensors.py
[2025-09-24T18:07:19.608+0000] {logging_mixin.py:188} INFO - [2025-09-24T18:07:19.607+0000] {dag.py:3096} INFO - Sync 1 DAGs
[2025-09-24T18:07:19.617+0000] {logging_mixin.py:188} INFO - [2025-09-24T18:07:19.617+0000] {dag.py:3954} INFO - Setting next_dagrun for example_sensors to None, run_after=None
[2025-09-24T18:07:19.633+0000] {processor.py:183} INFO - Processing /home/airflow/.local/lib/python3.12/site-packages/airflow/example_dags/example_sensors.py took 0.062 seconds
[2025-09-24T18:07:50.539+0000] {processor.py:161} INFO - Started process (PID=254) to work on /home/airflow/.local/lib/python3.12/site-packages/airflow/example_dags/example_sensors.py
[2025-09-24T18:07:50.540+0000] {processor.py:830} INFO - Processing file /home/airflow/.local/lib/python3.12/site-packages/airflow/example_dags/example_sensors.py for tasks to queue
[2025-09-24T18:07:50.542+0000] {logging_mixin.py:188} INFO - [2025-09-24T18:07:50.542+0000] {dagbag.py:545} INFO - Filling up the DagBag from /home/airflow/.local/lib/python3.12/site-packages/airflow/example_dags/example_sensors.py
[2025-09-24T18:07:50.549+0000] {processor.py:840} INFO - DAG(s) 'example_sensors' retrieved from /home/airflow/.local/lib/python3.12/site-packages/airflow/example_dags/example_sensors.py
[2025-09-24T18:07:50.568+0000] {logging_mixin.py:188} INFO - [2025-09-24T18:07:50.568+0000] {dag.py:3096} INFO - Sync 1 DAGs
[2025-09-24T18:07:50.578+0000] {logging_mixin.py:188} INFO - [2025-09-24T18:07:50.578+0000] {dag.py:3954} INFO - Setting next_dagrun for example_sensors to None, run_after=None
[2025-09-24T18:07:50.595+0000] {processor.py:183} INFO - Processing /home/airflow/.local/lib/python3.12/site-packages/airflow/example_dags/example_sensors.py took 0.060 seconds
[2025-09-24T18:08:20.955+0000] {processor.py:161} INFO - Started process (PID=314) to work on /home/airflow/.local/lib/python3.12/site-packages/airflow/example_dags/example_sensors.py
[2025-09-24T18:08:20.957+0000] {processor.py:830} INFO - Processing file /home/airflow/.local/lib/python3.12/site-packages/airflow/example_dags/example_sensors.py for tasks to queue
[2025-09-24T18:08:20.959+0000] {logging_mixin.py:188} INFO - [2025-09-24T18:08:20.958+0000] {dagbag.py:545} INFO - Filling up the DagBag from /home/airflow/.local/lib/python3.12/site-packages/airflow/example_dags/example_sensors.py
[2025-09-24T18:08:20.967+0000] {processor.py:840} INFO - DAG(s) 'example_sensors' retrieved from /home/airflow/.local/lib/python3.12/site-packages/airflow/example_dags/example_sensors.py
[2025-09-24T18:08:20.992+0000] {logging_mixin.py:188} INFO - [2025-09-24T18:08:20.992+0000] {dag.py:3096} INFO - Sync 1 DAGs
[2025-09-24T18:08:21.004+0000] {logging_mixin.py:188} INFO - [2025-09-24T18:08:21.004+0000] {dag.py:3954} INFO - Setting next_dagrun for example_sensors to None, run_after=None
[2025-09-24T18:08:21.021+0000] {processor.py:183} INFO - Processing /home/airflow/.local/lib/python3.12/site-packages/airflow/example_dags/example_sensors.py took 0.071 seconds
[2025-09-24T18:08:51.448+0000] {processor.py:161} INFO - Started process (PID=380) to work on /home/airflow/.local/lib/python3.12/site-packages/airflow/example_dags/example_sensors.py
[2025-09-24T18:08:51.450+0000] {processor.py:830} INFO - Processing file /home/airflow/.local/lib/python3.12/site-packages/airflow/example_dags/example_sensors.py for tasks to queue
[2025-09-24T18:08:51.452+0000] {logging_mixin.py:188} INFO - [2025-09-24T18:08:51.451+0000] {dagbag.py:545} INFO - Filling up the DagBag from /home/airflow/.local/lib/python3.12/site-packages/airflow/example_dags/example_sensors.py
[2025-09-24T18:08:51.458+0000] {processor.py:840} INFO - DAG(s) 'example_sensors' retrieved from /home/airflow/.local/lib/python3.12/site-packages/airflow/example_dags/example_sensors.py
[2025-09-24T18:08:51.479+0000] {logging_mixin.py:188} INFO - [2025-09-24T18:08:51.479+0000] {dag.py:3096} INFO - Sync 1 DAGs
[2025-09-24T18:08:51.490+0000] {logging_mixin.py:188} INFO - [2025-09-24T18:08:51.490+0000] {dag.py:3954} INFO - Setting next_dagrun for example_sensors to None, run_after=None
[2025-09-24T18:08:51.505+0000] {processor.py:183} INFO - Processing /home/airflow/.local/lib/python3.12/site-packages/airflow/example_dags/example_sensors.py took 0.062 seconds
[2025-09-24T18:09:21.957+0000] {processor.py:161} INFO - Started process (PID=440) to work on /home/airflow/.local/lib/python3.12/site-packages/airflow/example_dags/example_sensors.py
[2025-09-24T18:09:21.958+0000] {processor.py:830} INFO - Processing file /home/airflow/.local/lib/python3.12/site-packages/airflow/example_dags/example_sensors.py for tasks to queue
[2025-09-24T18:09:21.960+0000] {logging_mixin.py:188} INFO - [2025-09-24T18:09:21.960+0000] {dagbag.py:545} INFO - Filling up the DagBag from /home/airflow/.local/lib/python3.12/site-packages/airflow/example_dags/example_sensors.py
[2025-09-24T18:09:21.971+0000] {processor.py:840} INFO - DAG(s) 'example_sensors' retrieved from /home/airflow/.local/lib/python3.12/site-packages/airflow/example_dags/example_sensors.py
[2025-09-24T18:09:21.999+0000] {logging_mixin.py:188} INFO - [2025-09-24T18:09:21.999+0000] {dag.py:3096} INFO - Sync 1 DAGs
[2025-09-24T18:09:22.012+0000] {logging_mixin.py:188} INFO - [2025-09-24T18:09:22.012+0000] {dag.py:3954} INFO - Setting next_dagrun for example_sensors to None, run_after=None
[2025-09-24T18:09:22.033+0000] {processor.py:183} INFO - Processing /home/airflow/.local/lib/python3.12/site-packages/airflow/example_dags/example_sensors.py took 0.083 seconds
[2025-09-24T18:09:52.200+0000] {processor.py:161} INFO - Started process (PID=500) to work on /home/airflow/.local/lib/python3.12/site-packages/airflow/example_dags/example_sensors.py
[2025-09-24T18:09:52.201+0000] {processor.py:830} INFO - Processing file /home/airflow/.local/lib/python3.12/site-packages/airflow/example_dags/example_sensors.py for tasks to queue
[2025-09-24T18:09:52.204+0000] {logging_mixin.py:188} INFO - [2025-09-24T18:09:52.203+0000] {dagbag.py:545} INFO - Filling up the DagBag from /home/airflow/.local/lib/python3.12/site-packages/airflow/example_dags/example_sensors.py
[2025-09-24T18:09:52.211+0000] {processor.py:840} INFO - DAG(s) 'example_sensors' retrieved from /home/airflow/.local/lib/python3.12/site-packages/airflow/example_dags/example_sensors.py
[2025-09-24T18:09:52.231+0000] {logging_mixin.py:188} INFO - [2025-09-24T18:09:52.231+0000] {dag.py:3096} INFO - Sync 1 DAGs
[2025-09-24T18:09:52.241+0000] {logging_mixin.py:188} INFO - [2025-09-24T18:09:52.241+0000] {dag.py:3954} INFO - Setting next_dagrun for example_sensors to None, run_after=None
[2025-09-24T18:09:52.257+0000] {processor.py:183} INFO - Processing /home/airflow/.local/lib/python3.12/site-packages/airflow/example_dags/example_sensors.py took 0.062 seconds
[2025-09-24T18:10:22.402+0000] {processor.py:161} INFO - Started process (PID=561) to work on /home/airflow/.local/lib/python3.12/site-packages/airflow/example_dags/example_sensors.py
[2025-09-24T18:10:22.403+0000] {processor.py:830} INFO - Processing file /home/airflow/.local/lib/python3.12/site-packages/airflow/example_dags/example_sensors.py for tasks to queue
[2025-09-24T18:10:22.405+0000] {logging_mixin.py:188} INFO - [2025-09-24T18:10:22.404+0000] {dagbag.py:545} INFO - Filling up the DagBag from /home/airflow/.local/lib/python3.12/site-packages/airflow/example_dags/example_sensors.py
[2025-09-24T18:10:22.412+0000] {processor.py:840} INFO - DAG(s) 'example_sensors' retrieved from /home/airflow/.local/lib/python3.12/site-packages/airflow/example_dags/example_sensors.py
[2025-09-24T18:10:22.436+0000] {logging_mixin.py:188} INFO - [2025-09-24T18:10:22.436+0000] {dag.py:3096} INFO - Sync 1 DAGs
[2025-09-24T18:10:22.448+0000] {logging_mixin.py:188} INFO - [2025-09-24T18:10:22.448+0000] {dag.py:3954} INFO - Setting next_dagrun for example_sensors to None, run_after=None
[2025-09-24T18:10:22.504+0000] {processor.py:183} INFO - Processing /home/airflow/.local/lib/python3.12/site-packages/airflow/example_dags/example_sensors.py took 0.107 seconds
[2025-09-24T18:10:53.235+0000] {processor.py:161} INFO - Started process (PID=621) to work on /home/airflow/.local/lib/python3.12/site-packages/airflow/example_dags/example_sensors.py
[2025-09-24T18:10:53.238+0000] {processor.py:830} INFO - Processing file /home/airflow/.local/lib/python3.12/site-packages/airflow/example_dags/example_sensors.py for tasks to queue
[2025-09-24T18:10:53.244+0000] {logging_mixin.py:188} INFO - [2025-09-24T18:10:53.243+0000] {dagbag.py:545} INFO - Filling up the DagBag from /home/airflow/.local/lib/python3.12/site-packages/airflow/example_dags/example_sensors.py
[2025-09-24T18:10:53.253+0000] {processor.py:840} INFO - DAG(s) 'example_sensors' retrieved from /home/airflow/.local/lib/python3.12/site-packages/airflow/example_dags/example_sensors.py
[2025-09-24T18:10:53.276+0000] {logging_mixin.py:188} INFO - [2025-09-24T18:10:53.276+0000] {dag.py:3096} INFO - Sync 1 DAGs
[2025-09-24T18:10:53.289+0000] {logging_mixin.py:188} INFO - [2025-09-24T18:10:53.289+0000] {dag.py:3954} INFO - Setting next_dagrun for example_sensors to None, run_after=None
[2025-09-24T18:10:53.311+0000] {processor.py:183} INFO - Processing /home/airflow/.local/lib/python3.12/site-packages/airflow/example_dags/example_sensors.py took 0.080 seconds
[2025-09-24T18:11:23.525+0000] {processor.py:161} INFO - Started process (PID=681) to work on /home/airflow/.local/lib/python3.12/site-packages/airflow/example_dags/example_sensors.py
[2025-09-24T18:11:23.526+0000] {processor.py:830} INFO - Processing file /home/airflow/.local/lib/python3.12/site-packages/airflow/example_dags/example_sensors.py for tasks to queue
[2025-09-24T18:11:23.527+0000] {logging_mixin.py:188} INFO - [2025-09-24T18:11:23.527+0000] {dagbag.py:545} INFO - Filling up the DagBag from /home/airflow/.local/lib/python3.12/site-packages/airflow/example_dags/example_sensors.py
[2025-09-24T18:11:23.534+0000] {processor.py:840} INFO - DAG(s) 'example_sensors' retrieved from /home/airflow/.local/lib/python3.12/site-packages/airflow/example_dags/example_sensors.py
[2025-09-24T18:11:23.552+0000] {logging_mixin.py:188} INFO - [2025-09-24T18:11:23.552+0000] {dag.py:3096} INFO - Sync 1 DAGs
[2025-09-24T18:11:23.561+0000] {logging_mixin.py:188} INFO - [2025-09-24T18:11:23.561+0000] {dag.py:3954} INFO - Setting next_dagrun for example_sensors to None, run_after=None
[2025-09-24T18:11:23.574+0000] {processor.py:183} INFO - Processing /home/airflow/.local/lib/python3.12/site-packages/airflow/example_dags/example_sensors.py took 0.053 seconds
[2025-09-24T18:11:54.077+0000] {processor.py:161} INFO - Started process (PID=741) to work on /home/airflow/.local/lib/python3.12/site-packages/airflow/example_dags/example_sensors.py
[2025-09-24T18:11:54.079+0000] {processor.py:830} INFO - Processing file /home/airflow/.local/lib/python3.12/site-packages/airflow/example_dags/example_sensors.py for tasks to queue
[2025-09-24T18:11:54.080+0000] {logging_mixin.py:188} INFO - [2025-09-24T18:11:54.080+0000] {dagbag.py:545} INFO - Filling up the DagBag from /home/airflow/.local/lib/python3.12/site-packages/airflow/example_dags/example_sensors.py
[2025-09-24T18:11:54.091+0000] {processor.py:840} INFO - DAG(s) 'example_sensors' retrieved from /home/airflow/.local/lib/python3.12/site-packages/airflow/example_dags/example_sensors.py
[2025-09-24T18:11:54.117+0000] {logging_mixin.py:188} INFO - [2025-09-24T18:11:54.116+0000] {dag.py:3096} INFO - Sync 1 DAGs
[2025-09-24T18:11:54.129+0000] {logging_mixin.py:188} INFO - [2025-09-24T18:11:54.128+0000] {dag.py:3954} INFO - Setting next_dagrun for example_sensors to None, run_after=None
[2025-09-24T18:11:54.147+0000] {processor.py:183} INFO - Processing /home/airflow/.local/lib/python3.12/site-packages/airflow/example_dags/example_sensors.py took 0.075 seconds
[2025-09-24T18:12:24.426+0000] {processor.py:161} INFO - Started process (PID=801) to work on /home/airflow/.local/lib/python3.12/site-packages/airflow/example_dags/example_sensors.py
[2025-09-24T18:12:24.428+0000] {processor.py:830} INFO - Processing file /home/airflow/.local/lib/python3.12/site-packages/airflow/example_dags/example_sensors.py for tasks to queue
[2025-09-24T18:12:24.432+0000] {logging_mixin.py:188} INFO - [2025-09-24T18:12:24.432+0000] {dagbag.py:545} INFO - Filling up the DagBag from /home/airflow/.local/lib/python3.12/site-packages/airflow/example_dags/example_sensors.py
[2025-09-24T18:12:24.440+0000] {processor.py:840} INFO - DAG(s) 'example_sensors' retrieved from /home/airflow/.local/lib/python3.12/site-packages/airflow/example_dags/example_sensors.py
[2025-09-24T18:12:24.459+0000] {logging_mixin.py:188} INFO - [2025-09-24T18:12:24.458+0000] {dag.py:3096} INFO - Sync 1 DAGs
[2025-09-24T18:12:24.470+0000] {logging_mixin.py:188} INFO - [2025-09-24T18:12:24.470+0000] {dag.py:3954} INFO - Setting next_dagrun for example_sensors to None, run_after=None
[2025-09-24T18:12:24.495+0000] {processor.py:183} INFO - Processing /home/airflow/.local/lib/python3.12/site-packages/airflow/example_dags/example_sensors.py took 0.076 seconds
[2025-09-24T18:12:54.713+0000] {processor.py:161} INFO - Started process (PID=861) to work on /home/airflow/.local/lib/python3.12/site-packages/airflow/example_dags/example_sensors.py
[2025-09-24T18:12:54.715+0000] {processor.py:830} INFO - Processing file /home/airflow/.local/lib/python3.12/site-packages/airflow/example_dags/example_sensors.py for tasks to queue
[2025-09-24T18:12:54.717+0000] {logging_mixin.py:188} INFO - [2025-09-24T18:12:54.717+0000] {dagbag.py:545} INFO - Filling up the DagBag from /home/airflow/.local/lib/python3.12/site-packages/airflow/example_dags/example_sensors.py
[2025-09-24T18:12:54.725+0000] {processor.py:840} INFO - DAG(s) 'example_sensors' retrieved from /home/airflow/.local/lib/python3.12/site-packages/airflow/example_dags/example_sensors.py
[2025-09-24T18:12:54.747+0000] {logging_mixin.py:188} INFO - [2025-09-24T18:12:54.747+0000] {dag.py:3096} INFO - Sync 1 DAGs
[2025-09-24T18:12:54.758+0000] {logging_mixin.py:188} INFO - [2025-09-24T18:12:54.758+0000] {dag.py:3954} INFO - Setting next_dagrun for example_sensors to None, run_after=None
[2025-09-24T18:12:54.774+0000] {processor.py:183} INFO - Processing /home/airflow/.local/lib/python3.12/site-packages/airflow/example_dags/example_sensors.py took 0.067 seconds
[2025-09-24T18:13:25.339+0000] {processor.py:161} INFO - Started process (PID=921) to work on /home/airflow/.local/lib/python3.12/site-packages/airflow/example_dags/example_sensors.py
[2025-09-24T18:13:25.340+0000] {processor.py:830} INFO - Processing file /home/airflow/.local/lib/python3.12/site-packages/airflow/example_dags/example_sensors.py for tasks to queue
[2025-09-24T18:13:25.342+0000] {logging_mixin.py:188} INFO - [2025-09-24T18:13:25.342+0000] {dagbag.py:545} INFO - Filling up the DagBag from /home/airflow/.local/lib/python3.12/site-packages/airflow/example_dags/example_sensors.py
[2025-09-24T18:13:25.352+0000] {processor.py:840} INFO - DAG(s) 'example_sensors' retrieved from /home/airflow/.local/lib/python3.12/site-packages/airflow/example_dags/example_sensors.py
[2025-09-24T18:13:25.381+0000] {logging_mixin.py:188} INFO - [2025-09-24T18:13:25.381+0000] {dag.py:3096} INFO - Sync 1 DAGs
[2025-09-24T18:13:25.392+0000] {logging_mixin.py:188} INFO - [2025-09-24T18:13:25.392+0000] {dag.py:3954} INFO - Setting next_dagrun for example_sensors to None, run_after=None
[2025-09-24T18:13:25.408+0000] {processor.py:183} INFO - Processing /home/airflow/.local/lib/python3.12/site-packages/airflow/example_dags/example_sensors.py took 0.074 seconds
