[2025-09-24T18:06:22.480+0000] {processor.py:161} INFO - Started process (PID=107) to work on /home/airflow/.local/lib/python3.12/site-packages/airflow/example_dags/example_branch_python_dop_operator_3.py
[2025-09-24T18:06:22.482+0000] {processor.py:830} INFO - Processing file /home/airflow/.local/lib/python3.12/site-packages/airflow/example_dags/example_branch_python_dop_operator_3.py for tasks to queue
[2025-09-24T18:06:22.484+0000] {logging_mixin.py:188} INFO - [2025-09-24T18:06:22.483+0000] {dagbag.py:545} INFO - Filling up the DagBag from /home/airflow/.local/lib/python3.12/site-packages/airflow/example_dags/example_branch_python_dop_operator_3.py
[2025-09-24T18:06:22.497+0000] {processor.py:840} INFO - DAG(s) 'example_branch_dop_operator_v3' retrieved from /home/airflow/.local/lib/python3.12/site-packages/airflow/example_dags/example_branch_python_dop_operator_3.py
[2025-09-24T18:06:22.618+0000] {logging_mixin.py:188} INFO - [2025-09-24T18:06:22.617+0000] {dag.py:3096} INFO - Sync 1 DAGs
[2025-09-24T18:06:22.643+0000] {logging_mixin.py:188} INFO - [2025-09-24T18:06:22.642+0000] {dag.py:3954} INFO - Setting next_dagrun for example_branch_dop_operator_v3 to 2025-09-24 18:05:00+00:00, run_after=2025-09-24 18:06:00+00:00
[2025-09-24T18:06:22.667+0000] {processor.py:183} INFO - Processing /home/airflow/.local/lib/python3.12/site-packages/airflow/example_dags/example_branch_python_dop_operator_3.py took 0.192 seconds
[2025-09-24T18:06:52.802+0000] {processor.py:161} INFO - Started process (PID=167) to work on /home/airflow/.local/lib/python3.12/site-packages/airflow/example_dags/example_branch_python_dop_operator_3.py
[2025-09-24T18:06:52.804+0000] {processor.py:830} INFO - Processing file /home/airflow/.local/lib/python3.12/site-packages/airflow/example_dags/example_branch_python_dop_operator_3.py for tasks to queue
[2025-09-24T18:06:52.807+0000] {logging_mixin.py:188} INFO - [2025-09-24T18:06:52.806+0000] {dagbag.py:545} INFO - Filling up the DagBag from /home/airflow/.local/lib/python3.12/site-packages/airflow/example_dags/example_branch_python_dop_operator_3.py
[2025-09-24T18:06:52.817+0000] {processor.py:840} INFO - DAG(s) 'example_branch_dop_operator_v3' retrieved from /home/airflow/.local/lib/python3.12/site-packages/airflow/example_dags/example_branch_python_dop_operator_3.py
[2025-09-24T18:06:52.845+0000] {logging_mixin.py:188} INFO - [2025-09-24T18:06:52.844+0000] {dag.py:3096} INFO - Sync 1 DAGs
[2025-09-24T18:06:52.885+0000] {logging_mixin.py:188} INFO - [2025-09-24T18:06:52.885+0000] {dag.py:3954} INFO - Setting next_dagrun for example_branch_dop_operator_v3 to 2025-09-24 18:05:00+00:00, run_after=2025-09-24 18:06:00+00:00
[2025-09-24T18:06:52.905+0000] {processor.py:183} INFO - Processing /home/airflow/.local/lib/python3.12/site-packages/airflow/example_dags/example_branch_python_dop_operator_3.py took 0.113 seconds
[2025-09-24T18:07:23.119+0000] {processor.py:161} INFO - Started process (PID=227) to work on /home/airflow/.local/lib/python3.12/site-packages/airflow/example_dags/example_branch_python_dop_operator_3.py
[2025-09-24T18:07:23.120+0000] {processor.py:830} INFO - Processing file /home/airflow/.local/lib/python3.12/site-packages/airflow/example_dags/example_branch_python_dop_operator_3.py for tasks to queue
[2025-09-24T18:07:23.121+0000] {logging_mixin.py:188} INFO - [2025-09-24T18:07:23.121+0000] {dagbag.py:545} INFO - Filling up the DagBag from /home/airflow/.local/lib/python3.12/site-packages/airflow/example_dags/example_branch_python_dop_operator_3.py
[2025-09-24T18:07:23.128+0000] {processor.py:840} INFO - DAG(s) 'example_branch_dop_operator_v3' retrieved from /home/airflow/.local/lib/python3.12/site-packages/airflow/example_dags/example_branch_python_dop_operator_3.py
[2025-09-24T18:07:23.142+0000] {logging_mixin.py:188} INFO - [2025-09-24T18:07:23.142+0000] {dag.py:3096} INFO - Sync 1 DAGs
[2025-09-24T18:07:23.163+0000] {logging_mixin.py:188} INFO - [2025-09-24T18:07:23.163+0000] {dag.py:3954} INFO - Setting next_dagrun for example_branch_dop_operator_v3 to 2025-09-24 18:06:00+00:00, run_after=2025-09-24 18:07:00+00:00
[2025-09-24T18:07:23.177+0000] {processor.py:183} INFO - Processing /home/airflow/.local/lib/python3.12/site-packages/airflow/example_dags/example_branch_python_dop_operator_3.py took 0.063 seconds
[2025-09-24T18:07:53.319+0000] {processor.py:161} INFO - Started process (PID=287) to work on /home/airflow/.local/lib/python3.12/site-packages/airflow/example_dags/example_branch_python_dop_operator_3.py
[2025-09-24T18:07:53.320+0000] {processor.py:830} INFO - Processing file /home/airflow/.local/lib/python3.12/site-packages/airflow/example_dags/example_branch_python_dop_operator_3.py for tasks to queue
[2025-09-24T18:07:53.322+0000] {logging_mixin.py:188} INFO - [2025-09-24T18:07:53.322+0000] {dagbag.py:545} INFO - Filling up the DagBag from /home/airflow/.local/lib/python3.12/site-packages/airflow/example_dags/example_branch_python_dop_operator_3.py
[2025-09-24T18:07:53.329+0000] {processor.py:840} INFO - DAG(s) 'example_branch_dop_operator_v3' retrieved from /home/airflow/.local/lib/python3.12/site-packages/airflow/example_dags/example_branch_python_dop_operator_3.py
[2025-09-24T18:07:53.345+0000] {logging_mixin.py:188} INFO - [2025-09-24T18:07:53.345+0000] {dag.py:3096} INFO - Sync 1 DAGs
[2025-09-24T18:07:53.367+0000] {logging_mixin.py:188} INFO - [2025-09-24T18:07:53.366+0000] {dag.py:3954} INFO - Setting next_dagrun for example_branch_dop_operator_v3 to 2025-09-24 18:06:00+00:00, run_after=2025-09-24 18:07:00+00:00
[2025-09-24T18:07:53.389+0000] {processor.py:183} INFO - Processing /home/airflow/.local/lib/python3.12/site-packages/airflow/example_dags/example_branch_python_dop_operator_3.py took 0.075 seconds
[2025-09-24T18:08:23.784+0000] {processor.py:161} INFO - Started process (PID=347) to work on /home/airflow/.local/lib/python3.12/site-packages/airflow/example_dags/example_branch_python_dop_operator_3.py
[2025-09-24T18:08:23.785+0000] {processor.py:830} INFO - Processing file /home/airflow/.local/lib/python3.12/site-packages/airflow/example_dags/example_branch_python_dop_operator_3.py for tasks to queue
[2025-09-24T18:08:23.787+0000] {logging_mixin.py:188} INFO - [2025-09-24T18:08:23.787+0000] {dagbag.py:545} INFO - Filling up the DagBag from /home/airflow/.local/lib/python3.12/site-packages/airflow/example_dags/example_branch_python_dop_operator_3.py
[2025-09-24T18:08:23.797+0000] {processor.py:840} INFO - DAG(s) 'example_branch_dop_operator_v3' retrieved from /home/airflow/.local/lib/python3.12/site-packages/airflow/example_dags/example_branch_python_dop_operator_3.py
[2025-09-24T18:08:23.817+0000] {logging_mixin.py:188} INFO - [2025-09-24T18:08:23.817+0000] {dag.py:3096} INFO - Sync 1 DAGs
[2025-09-24T18:08:23.839+0000] {logging_mixin.py:188} INFO - [2025-09-24T18:08:23.839+0000] {dag.py:3954} INFO - Setting next_dagrun for example_branch_dop_operator_v3 to 2025-09-24 18:07:00+00:00, run_after=2025-09-24 18:08:00+00:00
[2025-09-24T18:08:23.857+0000] {processor.py:183} INFO - Processing /home/airflow/.local/lib/python3.12/site-packages/airflow/example_dags/example_branch_python_dop_operator_3.py took 0.079 seconds
[2025-09-24T18:08:54.351+0000] {processor.py:161} INFO - Started process (PID=407) to work on /home/airflow/.local/lib/python3.12/site-packages/airflow/example_dags/example_branch_python_dop_operator_3.py
[2025-09-24T18:08:54.352+0000] {processor.py:830} INFO - Processing file /home/airflow/.local/lib/python3.12/site-packages/airflow/example_dags/example_branch_python_dop_operator_3.py for tasks to queue
[2025-09-24T18:08:54.354+0000] {logging_mixin.py:188} INFO - [2025-09-24T18:08:54.353+0000] {dagbag.py:545} INFO - Filling up the DagBag from /home/airflow/.local/lib/python3.12/site-packages/airflow/example_dags/example_branch_python_dop_operator_3.py
[2025-09-24T18:08:54.362+0000] {processor.py:840} INFO - DAG(s) 'example_branch_dop_operator_v3' retrieved from /home/airflow/.local/lib/python3.12/site-packages/airflow/example_dags/example_branch_python_dop_operator_3.py
[2025-09-24T18:08:54.383+0000] {logging_mixin.py:188} INFO - [2025-09-24T18:08:54.383+0000] {dag.py:3096} INFO - Sync 1 DAGs
[2025-09-24T18:08:54.413+0000] {logging_mixin.py:188} INFO - [2025-09-24T18:08:54.412+0000] {dag.py:3954} INFO - Setting next_dagrun for example_branch_dop_operator_v3 to 2025-09-24 18:07:00+00:00, run_after=2025-09-24 18:08:00+00:00
[2025-09-24T18:08:54.430+0000] {processor.py:183} INFO - Processing /home/airflow/.local/lib/python3.12/site-packages/airflow/example_dags/example_branch_python_dop_operator_3.py took 0.086 seconds
[2025-09-24T18:09:24.491+0000] {processor.py:161} INFO - Started process (PID=467) to work on /home/airflow/.local/lib/python3.12/site-packages/airflow/example_dags/example_branch_python_dop_operator_3.py
[2025-09-24T18:09:24.492+0000] {processor.py:830} INFO - Processing file /home/airflow/.local/lib/python3.12/site-packages/airflow/example_dags/example_branch_python_dop_operator_3.py for tasks to queue
[2025-09-24T18:09:24.494+0000] {logging_mixin.py:188} INFO - [2025-09-24T18:09:24.494+0000] {dagbag.py:545} INFO - Filling up the DagBag from /home/airflow/.local/lib/python3.12/site-packages/airflow/example_dags/example_branch_python_dop_operator_3.py
[2025-09-24T18:09:24.504+0000] {processor.py:840} INFO - DAG(s) 'example_branch_dop_operator_v3' retrieved from /home/airflow/.local/lib/python3.12/site-packages/airflow/example_dags/example_branch_python_dop_operator_3.py
[2025-09-24T18:09:24.527+0000] {logging_mixin.py:188} INFO - [2025-09-24T18:09:24.527+0000] {dag.py:3096} INFO - Sync 1 DAGs
[2025-09-24T18:09:24.548+0000] {logging_mixin.py:188} INFO - [2025-09-24T18:09:24.548+0000] {dag.py:3954} INFO - Setting next_dagrun for example_branch_dop_operator_v3 to 2025-09-24 18:08:00+00:00, run_after=2025-09-24 18:09:00+00:00
[2025-09-24T18:09:24.568+0000] {processor.py:183} INFO - Processing /home/airflow/.local/lib/python3.12/site-packages/airflow/example_dags/example_branch_python_dop_operator_3.py took 0.083 seconds
[2025-09-24T18:09:55.432+0000] {processor.py:161} INFO - Started process (PID=527) to work on /home/airflow/.local/lib/python3.12/site-packages/airflow/example_dags/example_branch_python_dop_operator_3.py
[2025-09-24T18:09:55.433+0000] {processor.py:830} INFO - Processing file /home/airflow/.local/lib/python3.12/site-packages/airflow/example_dags/example_branch_python_dop_operator_3.py for tasks to queue
[2025-09-24T18:09:55.435+0000] {logging_mixin.py:188} INFO - [2025-09-24T18:09:55.435+0000] {dagbag.py:545} INFO - Filling up the DagBag from /home/airflow/.local/lib/python3.12/site-packages/airflow/example_dags/example_branch_python_dop_operator_3.py
[2025-09-24T18:09:55.442+0000] {processor.py:840} INFO - DAG(s) 'example_branch_dop_operator_v3' retrieved from /home/airflow/.local/lib/python3.12/site-packages/airflow/example_dags/example_branch_python_dop_operator_3.py
[2025-09-24T18:09:55.457+0000] {logging_mixin.py:188} INFO - [2025-09-24T18:09:55.457+0000] {dag.py:3096} INFO - Sync 1 DAGs
[2025-09-24T18:09:55.495+0000] {logging_mixin.py:188} INFO - [2025-09-24T18:09:55.494+0000] {dag.py:3954} INFO - Setting next_dagrun for example_branch_dop_operator_v3 to 2025-09-24 18:08:00+00:00, run_after=2025-09-24 18:09:00+00:00
[2025-09-24T18:09:55.535+0000] {processor.py:183} INFO - Processing /home/airflow/.local/lib/python3.12/site-packages/airflow/example_dags/example_branch_python_dop_operator_3.py took 0.107 seconds
[2025-09-24T18:10:25.666+0000] {processor.py:161} INFO - Started process (PID=588) to work on /home/airflow/.local/lib/python3.12/site-packages/airflow/example_dags/example_branch_python_dop_operator_3.py
[2025-09-24T18:10:25.667+0000] {processor.py:830} INFO - Processing file /home/airflow/.local/lib/python3.12/site-packages/airflow/example_dags/example_branch_python_dop_operator_3.py for tasks to queue
[2025-09-24T18:10:25.669+0000] {logging_mixin.py:188} INFO - [2025-09-24T18:10:25.669+0000] {dagbag.py:545} INFO - Filling up the DagBag from /home/airflow/.local/lib/python3.12/site-packages/airflow/example_dags/example_branch_python_dop_operator_3.py
[2025-09-24T18:10:25.677+0000] {processor.py:840} INFO - DAG(s) 'example_branch_dop_operator_v3' retrieved from /home/airflow/.local/lib/python3.12/site-packages/airflow/example_dags/example_branch_python_dop_operator_3.py
[2025-09-24T18:10:25.697+0000] {logging_mixin.py:188} INFO - [2025-09-24T18:10:25.697+0000] {dag.py:3096} INFO - Sync 1 DAGs
[2025-09-24T18:10:25.716+0000] {logging_mixin.py:188} INFO - [2025-09-24T18:10:25.715+0000] {dag.py:3954} INFO - Setting next_dagrun for example_branch_dop_operator_v3 to 2025-09-24 18:09:00+00:00, run_after=2025-09-24 18:10:00+00:00
[2025-09-24T18:10:25.744+0000] {processor.py:183} INFO - Processing /home/airflow/.local/lib/python3.12/site-packages/airflow/example_dags/example_branch_python_dop_operator_3.py took 0.086 seconds
[2025-09-24T18:10:56.310+0000] {processor.py:161} INFO - Started process (PID=648) to work on /home/airflow/.local/lib/python3.12/site-packages/airflow/example_dags/example_branch_python_dop_operator_3.py
[2025-09-24T18:10:56.312+0000] {processor.py:830} INFO - Processing file /home/airflow/.local/lib/python3.12/site-packages/airflow/example_dags/example_branch_python_dop_operator_3.py for tasks to queue
[2025-09-24T18:10:56.314+0000] {logging_mixin.py:188} INFO - [2025-09-24T18:10:56.314+0000] {dagbag.py:545} INFO - Filling up the DagBag from /home/airflow/.local/lib/python3.12/site-packages/airflow/example_dags/example_branch_python_dop_operator_3.py
[2025-09-24T18:10:56.320+0000] {processor.py:840} INFO - DAG(s) 'example_branch_dop_operator_v3' retrieved from /home/airflow/.local/lib/python3.12/site-packages/airflow/example_dags/example_branch_python_dop_operator_3.py
[2025-09-24T18:10:56.337+0000] {logging_mixin.py:188} INFO - [2025-09-24T18:10:56.337+0000] {dag.py:3096} INFO - Sync 1 DAGs
[2025-09-24T18:10:56.355+0000] {logging_mixin.py:188} INFO - [2025-09-24T18:10:56.354+0000] {dag.py:3954} INFO - Setting next_dagrun for example_branch_dop_operator_v3 to 2025-09-24 18:09:00+00:00, run_after=2025-09-24 18:10:00+00:00
[2025-09-24T18:10:56.437+0000] {processor.py:183} INFO - Processing /home/airflow/.local/lib/python3.12/site-packages/airflow/example_dags/example_branch_python_dop_operator_3.py took 0.131 seconds
[2025-09-24T18:11:26.952+0000] {processor.py:161} INFO - Started process (PID=708) to work on /home/airflow/.local/lib/python3.12/site-packages/airflow/example_dags/example_branch_python_dop_operator_3.py
[2025-09-24T18:11:26.953+0000] {processor.py:830} INFO - Processing file /home/airflow/.local/lib/python3.12/site-packages/airflow/example_dags/example_branch_python_dop_operator_3.py for tasks to queue
[2025-09-24T18:11:26.955+0000] {logging_mixin.py:188} INFO - [2025-09-24T18:11:26.954+0000] {dagbag.py:545} INFO - Filling up the DagBag from /home/airflow/.local/lib/python3.12/site-packages/airflow/example_dags/example_branch_python_dop_operator_3.py
[2025-09-24T18:11:26.961+0000] {processor.py:840} INFO - DAG(s) 'example_branch_dop_operator_v3' retrieved from /home/airflow/.local/lib/python3.12/site-packages/airflow/example_dags/example_branch_python_dop_operator_3.py
[2025-09-24T18:11:26.977+0000] {logging_mixin.py:188} INFO - [2025-09-24T18:11:26.977+0000] {dag.py:3096} INFO - Sync 1 DAGs
[2025-09-24T18:11:26.995+0000] {logging_mixin.py:188} INFO - [2025-09-24T18:11:26.995+0000] {dag.py:3954} INFO - Setting next_dagrun for example_branch_dop_operator_v3 to 2025-09-24 18:10:00+00:00, run_after=2025-09-24 18:11:00+00:00
[2025-09-24T18:11:27.009+0000] {processor.py:183} INFO - Processing /home/airflow/.local/lib/python3.12/site-packages/airflow/example_dags/example_branch_python_dop_operator_3.py took 0.061 seconds
[2025-09-24T18:11:57.911+0000] {processor.py:161} INFO - Started process (PID=768) to work on /home/airflow/.local/lib/python3.12/site-packages/airflow/example_dags/example_branch_python_dop_operator_3.py
[2025-09-24T18:11:57.921+0000] {processor.py:830} INFO - Processing file /home/airflow/.local/lib/python3.12/site-packages/airflow/example_dags/example_branch_python_dop_operator_3.py for tasks to queue
[2025-09-24T18:11:57.928+0000] {logging_mixin.py:188} INFO - [2025-09-24T18:11:57.928+0000] {dagbag.py:545} INFO - Filling up the DagBag from /home/airflow/.local/lib/python3.12/site-packages/airflow/example_dags/example_branch_python_dop_operator_3.py
[2025-09-24T18:11:57.935+0000] {processor.py:840} INFO - DAG(s) 'example_branch_dop_operator_v3' retrieved from /home/airflow/.local/lib/python3.12/site-packages/airflow/example_dags/example_branch_python_dop_operator_3.py
[2025-09-24T18:11:57.950+0000] {logging_mixin.py:188} INFO - [2025-09-24T18:11:57.950+0000] {dag.py:3096} INFO - Sync 1 DAGs
[2025-09-24T18:11:57.967+0000] {logging_mixin.py:188} INFO - [2025-09-24T18:11:57.967+0000] {dag.py:3954} INFO - Setting next_dagrun for example_branch_dop_operator_v3 to 2025-09-24 18:10:00+00:00, run_after=2025-09-24 18:11:00+00:00
[2025-09-24T18:11:57.983+0000] {processor.py:183} INFO - Processing /home/airflow/.local/lib/python3.12/site-packages/airflow/example_dags/example_branch_python_dop_operator_3.py took 0.076 seconds
[2025-09-24T18:12:28.020+0000] {processor.py:161} INFO - Started process (PID=828) to work on /home/airflow/.local/lib/python3.12/site-packages/airflow/example_dags/example_branch_python_dop_operator_3.py
[2025-09-24T18:12:28.021+0000] {processor.py:830} INFO - Processing file /home/airflow/.local/lib/python3.12/site-packages/airflow/example_dags/example_branch_python_dop_operator_3.py for tasks to queue
[2025-09-24T18:12:28.024+0000] {logging_mixin.py:188} INFO - [2025-09-24T18:12:28.024+0000] {dagbag.py:545} INFO - Filling up the DagBag from /home/airflow/.local/lib/python3.12/site-packages/airflow/example_dags/example_branch_python_dop_operator_3.py
[2025-09-24T18:12:28.034+0000] {processor.py:840} INFO - DAG(s) 'example_branch_dop_operator_v3' retrieved from /home/airflow/.local/lib/python3.12/site-packages/airflow/example_dags/example_branch_python_dop_operator_3.py
[2025-09-24T18:12:28.052+0000] {logging_mixin.py:188} INFO - [2025-09-24T18:12:28.052+0000] {dag.py:3096} INFO - Sync 1 DAGs
[2025-09-24T18:12:28.073+0000] {logging_mixin.py:188} INFO - [2025-09-24T18:12:28.073+0000] {dag.py:3954} INFO - Setting next_dagrun for example_branch_dop_operator_v3 to 2025-09-24 18:11:00+00:00, run_after=2025-09-24 18:12:00+00:00
[2025-09-24T18:12:28.138+0000] {processor.py:183} INFO - Processing /home/airflow/.local/lib/python3.12/site-packages/airflow/example_dags/example_branch_python_dop_operator_3.py took 0.122 seconds
[2025-09-24T18:12:59.006+0000] {processor.py:161} INFO - Started process (PID=888) to work on /home/airflow/.local/lib/python3.12/site-packages/airflow/example_dags/example_branch_python_dop_operator_3.py
[2025-09-24T18:12:59.007+0000] {processor.py:830} INFO - Processing file /home/airflow/.local/lib/python3.12/site-packages/airflow/example_dags/example_branch_python_dop_operator_3.py for tasks to queue
[2025-09-24T18:12:59.010+0000] {logging_mixin.py:188} INFO - [2025-09-24T18:12:59.009+0000] {dagbag.py:545} INFO - Filling up the DagBag from /home/airflow/.local/lib/python3.12/site-packages/airflow/example_dags/example_branch_python_dop_operator_3.py
[2025-09-24T18:12:59.016+0000] {processor.py:840} INFO - DAG(s) 'example_branch_dop_operator_v3' retrieved from /home/airflow/.local/lib/python3.12/site-packages/airflow/example_dags/example_branch_python_dop_operator_3.py
[2025-09-24T18:12:59.034+0000] {logging_mixin.py:188} INFO - [2025-09-24T18:12:59.034+0000] {dag.py:3096} INFO - Sync 1 DAGs
[2025-09-24T18:12:59.055+0000] {logging_mixin.py:188} INFO - [2025-09-24T18:12:59.055+0000] {dag.py:3954} INFO - Setting next_dagrun for example_branch_dop_operator_v3 to 2025-09-24 18:11:00+00:00, run_after=2025-09-24 18:12:00+00:00
[2025-09-24T18:12:59.074+0000] {processor.py:183} INFO - Processing /home/airflow/.local/lib/python3.12/site-packages/airflow/example_dags/example_branch_python_dop_operator_3.py took 0.072 seconds
[2025-09-24T18:13:29.594+0000] {processor.py:161} INFO - Started process (PID=948) to work on /home/airflow/.local/lib/python3.12/site-packages/airflow/example_dags/example_branch_python_dop_operator_3.py
[2025-09-24T18:13:29.595+0000] {processor.py:830} INFO - Processing file /home/airflow/.local/lib/python3.12/site-packages/airflow/example_dags/example_branch_python_dop_operator_3.py for tasks to queue
[2025-09-24T18:13:29.597+0000] {logging_mixin.py:188} INFO - [2025-09-24T18:13:29.597+0000] {dagbag.py:545} INFO - Filling up the DagBag from /home/airflow/.local/lib/python3.12/site-packages/airflow/example_dags/example_branch_python_dop_operator_3.py
[2025-09-24T18:13:29.604+0000] {processor.py:840} INFO - DAG(s) 'example_branch_dop_operator_v3' retrieved from /home/airflow/.local/lib/python3.12/site-packages/airflow/example_dags/example_branch_python_dop_operator_3.py
[2025-09-24T18:13:29.617+0000] {logging_mixin.py:188} INFO - [2025-09-24T18:13:29.617+0000] {dag.py:3096} INFO - Sync 1 DAGs
[2025-09-24T18:13:29.634+0000] {logging_mixin.py:188} INFO - [2025-09-24T18:13:29.634+0000] {dag.py:3954} INFO - Setting next_dagrun for example_branch_dop_operator_v3 to 2025-09-24 18:12:00+00:00, run_after=2025-09-24 18:13:00+00:00
[2025-09-24T18:13:29.658+0000] {processor.py:183} INFO - Processing /home/airflow/.local/lib/python3.12/site-packages/airflow/example_dags/example_branch_python_dop_operator_3.py took 0.068 seconds
