[2025-09-24T18:06:19.991+0000] {processor.py:161} INFO - Started process (PID=84) to work on /home/airflow/.local/lib/python3.12/site-packages/airflow/example_dags/example_trigger_target_dag.py
[2025-09-24T18:06:19.993+0000] {processor.py:830} INFO - Processing file /home/airflow/.local/lib/python3.12/site-packages/airflow/example_dags/example_trigger_target_dag.py for tasks to queue
[2025-09-24T18:06:19.996+0000] {logging_mixin.py:188} INFO - [2025-09-24T18:06:19.995+0000] {dagbag.py:545} INFO - Filling up the DagBag from /home/airflow/.local/lib/python3.12/site-packages/airflow/example_dags/example_trigger_target_dag.py
[2025-09-24T18:06:20.004+0000] {processor.py:840} INFO - DAG(s) 'example_trigger_target_dag' retrieved from /home/airflow/.local/lib/python3.12/site-packages/airflow/example_dags/example_trigger_target_dag.py
[2025-09-24T18:06:20.139+0000] {logging_mixin.py:188} INFO - [2025-09-24T18:06:20.138+0000] {dag.py:3096} INFO - Sync 1 DAGs
[2025-09-24T18:06:20.153+0000] {logging_mixin.py:188} INFO - [2025-09-24T18:06:20.153+0000] {dag.py:3954} INFO - Setting next_dagrun for example_trigger_target_dag to None, run_after=None
[2025-09-24T18:06:20.179+0000] {processor.py:183} INFO - Processing /home/airflow/.local/lib/python3.12/site-packages/airflow/example_dags/example_trigger_target_dag.py took 0.194 seconds
[2025-09-24T18:06:50.754+0000] {processor.py:161} INFO - Started process (PID=144) to work on /home/airflow/.local/lib/python3.12/site-packages/airflow/example_dags/example_trigger_target_dag.py
[2025-09-24T18:06:50.755+0000] {processor.py:830} INFO - Processing file /home/airflow/.local/lib/python3.12/site-packages/airflow/example_dags/example_trigger_target_dag.py for tasks to queue
[2025-09-24T18:06:50.757+0000] {logging_mixin.py:188} INFO - [2025-09-24T18:06:50.757+0000] {dagbag.py:545} INFO - Filling up the DagBag from /home/airflow/.local/lib/python3.12/site-packages/airflow/example_dags/example_trigger_target_dag.py
[2025-09-24T18:06:50.764+0000] {processor.py:840} INFO - DAG(s) 'example_trigger_target_dag' retrieved from /home/airflow/.local/lib/python3.12/site-packages/airflow/example_dags/example_trigger_target_dag.py
[2025-09-24T18:06:50.786+0000] {logging_mixin.py:188} INFO - [2025-09-24T18:06:50.785+0000] {dag.py:3096} INFO - Sync 1 DAGs
[2025-09-24T18:06:50.797+0000] {logging_mixin.py:188} INFO - [2025-09-24T18:06:50.796+0000] {dag.py:3954} INFO - Setting next_dagrun for example_trigger_target_dag to None, run_after=None
[2025-09-24T18:06:50.812+0000] {processor.py:183} INFO - Processing /home/airflow/.local/lib/python3.12/site-packages/airflow/example_dags/example_trigger_target_dag.py took 0.064 seconds
[2025-09-24T18:07:21.111+0000] {processor.py:161} INFO - Started process (PID=210) to work on /home/airflow/.local/lib/python3.12/site-packages/airflow/example_dags/example_trigger_target_dag.py
[2025-09-24T18:07:21.112+0000] {processor.py:830} INFO - Processing file /home/airflow/.local/lib/python3.12/site-packages/airflow/example_dags/example_trigger_target_dag.py for tasks to queue
[2025-09-24T18:07:21.114+0000] {logging_mixin.py:188} INFO - [2025-09-24T18:07:21.114+0000] {dagbag.py:545} INFO - Filling up the DagBag from /home/airflow/.local/lib/python3.12/site-packages/airflow/example_dags/example_trigger_target_dag.py
[2025-09-24T18:07:21.123+0000] {processor.py:840} INFO - DAG(s) 'example_trigger_target_dag' retrieved from /home/airflow/.local/lib/python3.12/site-packages/airflow/example_dags/example_trigger_target_dag.py
[2025-09-24T18:07:21.143+0000] {logging_mixin.py:188} INFO - [2025-09-24T18:07:21.143+0000] {dag.py:3096} INFO - Sync 1 DAGs
[2025-09-24T18:07:21.156+0000] {logging_mixin.py:188} INFO - [2025-09-24T18:07:21.156+0000] {dag.py:3954} INFO - Setting next_dagrun for example_trigger_target_dag to None, run_after=None
[2025-09-24T18:07:21.173+0000] {processor.py:183} INFO - Processing /home/airflow/.local/lib/python3.12/site-packages/airflow/example_dags/example_trigger_target_dag.py took 0.067 seconds
[2025-09-24T18:07:51.362+0000] {processor.py:161} INFO - Started process (PID=270) to work on /home/airflow/.local/lib/python3.12/site-packages/airflow/example_dags/example_trigger_target_dag.py
[2025-09-24T18:07:51.364+0000] {processor.py:830} INFO - Processing file /home/airflow/.local/lib/python3.12/site-packages/airflow/example_dags/example_trigger_target_dag.py for tasks to queue
[2025-09-24T18:07:51.365+0000] {logging_mixin.py:188} INFO - [2025-09-24T18:07:51.365+0000] {dagbag.py:545} INFO - Filling up the DagBag from /home/airflow/.local/lib/python3.12/site-packages/airflow/example_dags/example_trigger_target_dag.py
[2025-09-24T18:07:51.370+0000] {processor.py:840} INFO - DAG(s) 'example_trigger_target_dag' retrieved from /home/airflow/.local/lib/python3.12/site-packages/airflow/example_dags/example_trigger_target_dag.py
[2025-09-24T18:07:51.391+0000] {logging_mixin.py:188} INFO - [2025-09-24T18:07:51.391+0000] {dag.py:3096} INFO - Sync 1 DAGs
[2025-09-24T18:07:51.403+0000] {logging_mixin.py:188} INFO - [2025-09-24T18:07:51.403+0000] {dag.py:3954} INFO - Setting next_dagrun for example_trigger_target_dag to None, run_after=None
[2025-09-24T18:07:51.418+0000] {processor.py:183} INFO - Processing /home/airflow/.local/lib/python3.12/site-packages/airflow/example_dags/example_trigger_target_dag.py took 0.060 seconds
[2025-09-24T18:08:22.756+0000] {processor.py:161} INFO - Started process (PID=330) to work on /home/airflow/.local/lib/python3.12/site-packages/airflow/example_dags/example_trigger_target_dag.py
[2025-09-24T18:08:22.757+0000] {processor.py:830} INFO - Processing file /home/airflow/.local/lib/python3.12/site-packages/airflow/example_dags/example_trigger_target_dag.py for tasks to queue
[2025-09-24T18:08:22.759+0000] {logging_mixin.py:188} INFO - [2025-09-24T18:08:22.759+0000] {dagbag.py:545} INFO - Filling up the DagBag from /home/airflow/.local/lib/python3.12/site-packages/airflow/example_dags/example_trigger_target_dag.py
[2025-09-24T18:08:22.765+0000] {processor.py:840} INFO - DAG(s) 'example_trigger_target_dag' retrieved from /home/airflow/.local/lib/python3.12/site-packages/airflow/example_dags/example_trigger_target_dag.py
[2025-09-24T18:08:22.783+0000] {logging_mixin.py:188} INFO - [2025-09-24T18:08:22.782+0000] {dag.py:3096} INFO - Sync 1 DAGs
[2025-09-24T18:08:22.794+0000] {logging_mixin.py:188} INFO - [2025-09-24T18:08:22.793+0000] {dag.py:3954} INFO - Setting next_dagrun for example_trigger_target_dag to None, run_after=None
[2025-09-24T18:08:22.815+0000] {processor.py:183} INFO - Processing /home/airflow/.local/lib/python3.12/site-packages/airflow/example_dags/example_trigger_target_dag.py took 0.064 seconds
[2025-09-24T18:08:52.990+0000] {processor.py:161} INFO - Started process (PID=390) to work on /home/airflow/.local/lib/python3.12/site-packages/airflow/example_dags/example_trigger_target_dag.py
[2025-09-24T18:08:52.991+0000] {processor.py:830} INFO - Processing file /home/airflow/.local/lib/python3.12/site-packages/airflow/example_dags/example_trigger_target_dag.py for tasks to queue
[2025-09-24T18:08:52.994+0000] {logging_mixin.py:188} INFO - [2025-09-24T18:08:52.993+0000] {dagbag.py:545} INFO - Filling up the DagBag from /home/airflow/.local/lib/python3.12/site-packages/airflow/example_dags/example_trigger_target_dag.py
[2025-09-24T18:08:52.999+0000] {processor.py:840} INFO - DAG(s) 'example_trigger_target_dag' retrieved from /home/airflow/.local/lib/python3.12/site-packages/airflow/example_dags/example_trigger_target_dag.py
[2025-09-24T18:08:53.016+0000] {logging_mixin.py:188} INFO - [2025-09-24T18:08:53.016+0000] {dag.py:3096} INFO - Sync 1 DAGs
[2025-09-24T18:08:53.030+0000] {logging_mixin.py:188} INFO - [2025-09-24T18:08:53.029+0000] {dag.py:3954} INFO - Setting next_dagrun for example_trigger_target_dag to None, run_after=None
[2025-09-24T18:08:53.050+0000] {processor.py:183} INFO - Processing /home/airflow/.local/lib/python3.12/site-packages/airflow/example_dags/example_trigger_target_dag.py took 0.065 seconds
[2025-09-24T18:09:23.430+0000] {processor.py:161} INFO - Started process (PID=449) to work on /home/airflow/.local/lib/python3.12/site-packages/airflow/example_dags/example_trigger_target_dag.py
[2025-09-24T18:09:23.432+0000] {processor.py:830} INFO - Processing file /home/airflow/.local/lib/python3.12/site-packages/airflow/example_dags/example_trigger_target_dag.py for tasks to queue
[2025-09-24T18:09:23.434+0000] {logging_mixin.py:188} INFO - [2025-09-24T18:09:23.433+0000] {dagbag.py:545} INFO - Filling up the DagBag from /home/airflow/.local/lib/python3.12/site-packages/airflow/example_dags/example_trigger_target_dag.py
[2025-09-24T18:09:23.440+0000] {processor.py:840} INFO - DAG(s) 'example_trigger_target_dag' retrieved from /home/airflow/.local/lib/python3.12/site-packages/airflow/example_dags/example_trigger_target_dag.py
[2025-09-24T18:09:23.462+0000] {logging_mixin.py:188} INFO - [2025-09-24T18:09:23.461+0000] {dag.py:3096} INFO - Sync 1 DAGs
[2025-09-24T18:09:23.473+0000] {logging_mixin.py:188} INFO - [2025-09-24T18:09:23.473+0000] {dag.py:3954} INFO - Setting next_dagrun for example_trigger_target_dag to None, run_after=None
[2025-09-24T18:09:23.490+0000] {processor.py:183} INFO - Processing /home/airflow/.local/lib/python3.12/site-packages/airflow/example_dags/example_trigger_target_dag.py took 0.065 seconds
[2025-09-24T18:09:53.763+0000] {processor.py:161} INFO - Started process (PID=508) to work on /home/airflow/.local/lib/python3.12/site-packages/airflow/example_dags/example_trigger_target_dag.py
[2025-09-24T18:09:53.764+0000] {processor.py:830} INFO - Processing file /home/airflow/.local/lib/python3.12/site-packages/airflow/example_dags/example_trigger_target_dag.py for tasks to queue
[2025-09-24T18:09:53.768+0000] {logging_mixin.py:188} INFO - [2025-09-24T18:09:53.768+0000] {dagbag.py:545} INFO - Filling up the DagBag from /home/airflow/.local/lib/python3.12/site-packages/airflow/example_dags/example_trigger_target_dag.py
[2025-09-24T18:09:53.775+0000] {processor.py:840} INFO - DAG(s) 'example_trigger_target_dag' retrieved from /home/airflow/.local/lib/python3.12/site-packages/airflow/example_dags/example_trigger_target_dag.py
[2025-09-24T18:09:53.790+0000] {logging_mixin.py:188} INFO - [2025-09-24T18:09:53.790+0000] {dag.py:3096} INFO - Sync 1 DAGs
[2025-09-24T18:09:53.801+0000] {logging_mixin.py:188} INFO - [2025-09-24T18:09:53.800+0000] {dag.py:3954} INFO - Setting next_dagrun for example_trigger_target_dag to None, run_after=None
[2025-09-24T18:09:53.816+0000] {processor.py:183} INFO - Processing /home/airflow/.local/lib/python3.12/site-packages/airflow/example_dags/example_trigger_target_dag.py took 0.061 seconds
[2025-09-24T18:10:24.099+0000] {processor.py:161} INFO - Started process (PID=569) to work on /home/airflow/.local/lib/python3.12/site-packages/airflow/example_dags/example_trigger_target_dag.py
[2025-09-24T18:10:24.100+0000] {processor.py:830} INFO - Processing file /home/airflow/.local/lib/python3.12/site-packages/airflow/example_dags/example_trigger_target_dag.py for tasks to queue
[2025-09-24T18:10:24.102+0000] {logging_mixin.py:188} INFO - [2025-09-24T18:10:24.101+0000] {dagbag.py:545} INFO - Filling up the DagBag from /home/airflow/.local/lib/python3.12/site-packages/airflow/example_dags/example_trigger_target_dag.py
[2025-09-24T18:10:24.108+0000] {processor.py:840} INFO - DAG(s) 'example_trigger_target_dag' retrieved from /home/airflow/.local/lib/python3.12/site-packages/airflow/example_dags/example_trigger_target_dag.py
[2025-09-24T18:10:24.127+0000] {logging_mixin.py:188} INFO - [2025-09-24T18:10:24.127+0000] {dag.py:3096} INFO - Sync 1 DAGs
[2025-09-24T18:10:24.139+0000] {logging_mixin.py:188} INFO - [2025-09-24T18:10:24.139+0000] {dag.py:3954} INFO - Setting next_dagrun for example_trigger_target_dag to None, run_after=None
[2025-09-24T18:10:24.173+0000] {processor.py:183} INFO - Processing /home/airflow/.local/lib/python3.12/site-packages/airflow/example_dags/example_trigger_target_dag.py took 0.079 seconds
[2025-09-24T18:10:54.740+0000] {processor.py:161} INFO - Started process (PID=629) to work on /home/airflow/.local/lib/python3.12/site-packages/airflow/example_dags/example_trigger_target_dag.py
[2025-09-24T18:10:54.741+0000] {processor.py:830} INFO - Processing file /home/airflow/.local/lib/python3.12/site-packages/airflow/example_dags/example_trigger_target_dag.py for tasks to queue
[2025-09-24T18:10:54.743+0000] {logging_mixin.py:188} INFO - [2025-09-24T18:10:54.743+0000] {dagbag.py:545} INFO - Filling up the DagBag from /home/airflow/.local/lib/python3.12/site-packages/airflow/example_dags/example_trigger_target_dag.py
[2025-09-24T18:10:54.748+0000] {processor.py:840} INFO - DAG(s) 'example_trigger_target_dag' retrieved from /home/airflow/.local/lib/python3.12/site-packages/airflow/example_dags/example_trigger_target_dag.py
[2025-09-24T18:10:54.762+0000] {logging_mixin.py:188} INFO - [2025-09-24T18:10:54.761+0000] {dag.py:3096} INFO - Sync 1 DAGs
[2025-09-24T18:10:54.772+0000] {logging_mixin.py:188} INFO - [2025-09-24T18:10:54.771+0000] {dag.py:3954} INFO - Setting next_dagrun for example_trigger_target_dag to None, run_after=None
[2025-09-24T18:10:54.816+0000] {processor.py:183} INFO - Processing /home/airflow/.local/lib/python3.12/site-packages/airflow/example_dags/example_trigger_target_dag.py took 0.080 seconds
[2025-09-24T18:11:25.043+0000] {processor.py:161} INFO - Started process (PID=689) to work on /home/airflow/.local/lib/python3.12/site-packages/airflow/example_dags/example_trigger_target_dag.py
[2025-09-24T18:11:25.044+0000] {processor.py:830} INFO - Processing file /home/airflow/.local/lib/python3.12/site-packages/airflow/example_dags/example_trigger_target_dag.py for tasks to queue
[2025-09-24T18:11:25.046+0000] {logging_mixin.py:188} INFO - [2025-09-24T18:11:25.045+0000] {dagbag.py:545} INFO - Filling up the DagBag from /home/airflow/.local/lib/python3.12/site-packages/airflow/example_dags/example_trigger_target_dag.py
[2025-09-24T18:11:25.050+0000] {processor.py:840} INFO - DAG(s) 'example_trigger_target_dag' retrieved from /home/airflow/.local/lib/python3.12/site-packages/airflow/example_dags/example_trigger_target_dag.py
[2025-09-24T18:11:25.067+0000] {logging_mixin.py:188} INFO - [2025-09-24T18:11:25.067+0000] {dag.py:3096} INFO - Sync 1 DAGs
[2025-09-24T18:11:25.084+0000] {logging_mixin.py:188} INFO - [2025-09-24T18:11:25.084+0000] {dag.py:3954} INFO - Setting next_dagrun for example_trigger_target_dag to None, run_after=None
[2025-09-24T18:11:25.162+0000] {processor.py:183} INFO - Processing /home/airflow/.local/lib/python3.12/site-packages/airflow/example_dags/example_trigger_target_dag.py took 0.124 seconds
[2025-09-24T18:11:55.398+0000] {processor.py:161} INFO - Started process (PID=749) to work on /home/airflow/.local/lib/python3.12/site-packages/airflow/example_dags/example_trigger_target_dag.py
[2025-09-24T18:11:55.399+0000] {processor.py:830} INFO - Processing file /home/airflow/.local/lib/python3.12/site-packages/airflow/example_dags/example_trigger_target_dag.py for tasks to queue
[2025-09-24T18:11:55.401+0000] {logging_mixin.py:188} INFO - [2025-09-24T18:11:55.401+0000] {dagbag.py:545} INFO - Filling up the DagBag from /home/airflow/.local/lib/python3.12/site-packages/airflow/example_dags/example_trigger_target_dag.py
[2025-09-24T18:11:55.407+0000] {processor.py:840} INFO - DAG(s) 'example_trigger_target_dag' retrieved from /home/airflow/.local/lib/python3.12/site-packages/airflow/example_dags/example_trigger_target_dag.py
[2025-09-24T18:11:55.424+0000] {logging_mixin.py:188} INFO - [2025-09-24T18:11:55.424+0000] {dag.py:3096} INFO - Sync 1 DAGs
[2025-09-24T18:11:55.434+0000] {logging_mixin.py:188} INFO - [2025-09-24T18:11:55.434+0000] {dag.py:3954} INFO - Setting next_dagrun for example_trigger_target_dag to None, run_after=None
[2025-09-24T18:11:55.555+0000] {processor.py:183} INFO - Processing /home/airflow/.local/lib/python3.12/site-packages/airflow/example_dags/example_trigger_target_dag.py took 0.163 seconds
[2025-09-24T18:12:26.163+0000] {processor.py:161} INFO - Started process (PID=809) to work on /home/airflow/.local/lib/python3.12/site-packages/airflow/example_dags/example_trigger_target_dag.py
[2025-09-24T18:12:26.164+0000] {processor.py:830} INFO - Processing file /home/airflow/.local/lib/python3.12/site-packages/airflow/example_dags/example_trigger_target_dag.py for tasks to queue
[2025-09-24T18:12:26.166+0000] {logging_mixin.py:188} INFO - [2025-09-24T18:12:26.166+0000] {dagbag.py:545} INFO - Filling up the DagBag from /home/airflow/.local/lib/python3.12/site-packages/airflow/example_dags/example_trigger_target_dag.py
[2025-09-24T18:12:26.172+0000] {processor.py:840} INFO - DAG(s) 'example_trigger_target_dag' retrieved from /home/airflow/.local/lib/python3.12/site-packages/airflow/example_dags/example_trigger_target_dag.py
[2025-09-24T18:12:26.191+0000] {logging_mixin.py:188} INFO - [2025-09-24T18:12:26.191+0000] {dag.py:3096} INFO - Sync 1 DAGs
[2025-09-24T18:12:26.207+0000] {logging_mixin.py:188} INFO - [2025-09-24T18:12:26.207+0000] {dag.py:3954} INFO - Setting next_dagrun for example_trigger_target_dag to None, run_after=None
[2025-09-24T18:12:26.230+0000] {processor.py:183} INFO - Processing /home/airflow/.local/lib/python3.12/site-packages/airflow/example_dags/example_trigger_target_dag.py took 0.072 seconds
[2025-09-24T18:12:56.277+0000] {processor.py:161} INFO - Started process (PID=868) to work on /home/airflow/.local/lib/python3.12/site-packages/airflow/example_dags/example_trigger_target_dag.py
[2025-09-24T18:12:56.277+0000] {processor.py:830} INFO - Processing file /home/airflow/.local/lib/python3.12/site-packages/airflow/example_dags/example_trigger_target_dag.py for tasks to queue
[2025-09-24T18:12:56.279+0000] {logging_mixin.py:188} INFO - [2025-09-24T18:12:56.279+0000] {dagbag.py:545} INFO - Filling up the DagBag from /home/airflow/.local/lib/python3.12/site-packages/airflow/example_dags/example_trigger_target_dag.py
[2025-09-24T18:12:56.284+0000] {processor.py:840} INFO - DAG(s) 'example_trigger_target_dag' retrieved from /home/airflow/.local/lib/python3.12/site-packages/airflow/example_dags/example_trigger_target_dag.py
[2025-09-24T18:12:56.298+0000] {logging_mixin.py:188} INFO - [2025-09-24T18:12:56.298+0000] {dag.py:3096} INFO - Sync 1 DAGs
[2025-09-24T18:12:56.312+0000] {logging_mixin.py:188} INFO - [2025-09-24T18:12:56.312+0000] {dag.py:3954} INFO - Setting next_dagrun for example_trigger_target_dag to None, run_after=None
[2025-09-24T18:12:56.328+0000] {processor.py:183} INFO - Processing /home/airflow/.local/lib/python3.12/site-packages/airflow/example_dags/example_trigger_target_dag.py took 0.056 seconds
[2025-09-24T18:13:26.698+0000] {processor.py:161} INFO - Started process (PID=928) to work on /home/airflow/.local/lib/python3.12/site-packages/airflow/example_dags/example_trigger_target_dag.py
[2025-09-24T18:13:26.699+0000] {processor.py:830} INFO - Processing file /home/airflow/.local/lib/python3.12/site-packages/airflow/example_dags/example_trigger_target_dag.py for tasks to queue
[2025-09-24T18:13:26.701+0000] {logging_mixin.py:188} INFO - [2025-09-24T18:13:26.700+0000] {dagbag.py:545} INFO - Filling up the DagBag from /home/airflow/.local/lib/python3.12/site-packages/airflow/example_dags/example_trigger_target_dag.py
[2025-09-24T18:13:26.706+0000] {processor.py:840} INFO - DAG(s) 'example_trigger_target_dag' retrieved from /home/airflow/.local/lib/python3.12/site-packages/airflow/example_dags/example_trigger_target_dag.py
[2025-09-24T18:13:26.721+0000] {logging_mixin.py:188} INFO - [2025-09-24T18:13:26.721+0000] {dag.py:3096} INFO - Sync 1 DAGs
[2025-09-24T18:13:26.731+0000] {logging_mixin.py:188} INFO - [2025-09-24T18:13:26.731+0000] {dag.py:3954} INFO - Setting next_dagrun for example_trigger_target_dag to None, run_after=None
[2025-09-24T18:13:26.746+0000] {processor.py:183} INFO - Processing /home/airflow/.local/lib/python3.12/site-packages/airflow/example_dags/example_trigger_target_dag.py took 0.053 seconds
