[2025-09-24T18:06:21.514+0000] {processor.py:161} INFO - Started process (PID=100) to work on /home/airflow/.local/lib/python3.12/site-packages/airflow/example_dags/example_xcom.py
[2025-09-24T18:06:21.516+0000] {processor.py:830} INFO - Processing file /home/airflow/.local/lib/python3.12/site-packages/airflow/example_dags/example_xcom.py for tasks to queue
[2025-09-24T18:06:21.518+0000] {logging_mixin.py:188} INFO - [2025-09-24T18:06:21.518+0000] {dagbag.py:545} INFO - Filling up the DagBag from /home/airflow/.local/lib/python3.12/site-packages/airflow/example_dags/example_xcom.py
[2025-09-24T18:06:21.535+0000] {processor.py:840} INFO - DAG(s) 'example_xcom' retrieved from /home/airflow/.local/lib/python3.12/site-packages/airflow/example_dags/example_xcom.py
[2025-09-24T18:06:21.695+0000] {logging_mixin.py:188} INFO - [2025-09-24T18:06:21.694+0000] {dag.py:3096} INFO - Sync 1 DAGs
[2025-09-24T18:06:21.731+0000] {logging_mixin.py:188} INFO - [2025-09-24T18:06:21.730+0000] {dag.py:3954} INFO - Setting next_dagrun for example_xcom to 2021-01-01 00:00:00+00:00, run_after=2021-01-01 00:00:00+00:00
[2025-09-24T18:06:21.767+0000] {processor.py:183} INFO - Processing /home/airflow/.local/lib/python3.12/site-packages/airflow/example_dags/example_xcom.py took 0.265 seconds
[2025-09-24T18:06:52.337+0000] {processor.py:161} INFO - Started process (PID=160) to work on /home/airflow/.local/lib/python3.12/site-packages/airflow/example_dags/example_xcom.py
[2025-09-24T18:06:52.338+0000] {processor.py:830} INFO - Processing file /home/airflow/.local/lib/python3.12/site-packages/airflow/example_dags/example_xcom.py for tasks to queue
[2025-09-24T18:06:52.340+0000] {logging_mixin.py:188} INFO - [2025-09-24T18:06:52.339+0000] {dagbag.py:545} INFO - Filling up the DagBag from /home/airflow/.local/lib/python3.12/site-packages/airflow/example_dags/example_xcom.py
[2025-09-24T18:06:52.345+0000] {processor.py:840} INFO - DAG(s) 'example_xcom' retrieved from /home/airflow/.local/lib/python3.12/site-packages/airflow/example_dags/example_xcom.py
[2025-09-24T18:06:52.361+0000] {logging_mixin.py:188} INFO - [2025-09-24T18:06:52.361+0000] {dag.py:3096} INFO - Sync 1 DAGs
[2025-09-24T18:06:52.381+0000] {logging_mixin.py:188} INFO - [2025-09-24T18:06:52.381+0000] {dag.py:3954} INFO - Setting next_dagrun for example_xcom to 2021-01-01 00:00:00+00:00, run_after=2021-01-01 00:00:00+00:00
[2025-09-24T18:06:52.396+0000] {processor.py:183} INFO - Processing /home/airflow/.local/lib/python3.12/site-packages/airflow/example_dags/example_xcom.py took 0.063 seconds
[2025-09-24T18:07:22.747+0000] {processor.py:161} INFO - Started process (PID=220) to work on /home/airflow/.local/lib/python3.12/site-packages/airflow/example_dags/example_xcom.py
[2025-09-24T18:07:22.748+0000] {processor.py:830} INFO - Processing file /home/airflow/.local/lib/python3.12/site-packages/airflow/example_dags/example_xcom.py for tasks to queue
[2025-09-24T18:07:22.750+0000] {logging_mixin.py:188} INFO - [2025-09-24T18:07:22.749+0000] {dagbag.py:545} INFO - Filling up the DagBag from /home/airflow/.local/lib/python3.12/site-packages/airflow/example_dags/example_xcom.py
[2025-09-24T18:07:22.757+0000] {processor.py:840} INFO - DAG(s) 'example_xcom' retrieved from /home/airflow/.local/lib/python3.12/site-packages/airflow/example_dags/example_xcom.py
[2025-09-24T18:07:22.774+0000] {logging_mixin.py:188} INFO - [2025-09-24T18:07:22.774+0000] {dag.py:3096} INFO - Sync 1 DAGs
[2025-09-24T18:07:22.792+0000] {logging_mixin.py:188} INFO - [2025-09-24T18:07:22.792+0000] {dag.py:3954} INFO - Setting next_dagrun for example_xcom to 2021-01-01 00:00:00+00:00, run_after=2021-01-01 00:00:00+00:00
[2025-09-24T18:07:22.807+0000] {processor.py:183} INFO - Processing /home/airflow/.local/lib/python3.12/site-packages/airflow/example_dags/example_xcom.py took 0.065 seconds
[2025-09-24T18:07:52.945+0000] {processor.py:161} INFO - Started process (PID=280) to work on /home/airflow/.local/lib/python3.12/site-packages/airflow/example_dags/example_xcom.py
[2025-09-24T18:07:52.946+0000] {processor.py:830} INFO - Processing file /home/airflow/.local/lib/python3.12/site-packages/airflow/example_dags/example_xcom.py for tasks to queue
[2025-09-24T18:07:52.948+0000] {logging_mixin.py:188} INFO - [2025-09-24T18:07:52.948+0000] {dagbag.py:545} INFO - Filling up the DagBag from /home/airflow/.local/lib/python3.12/site-packages/airflow/example_dags/example_xcom.py
[2025-09-24T18:07:52.953+0000] {processor.py:840} INFO - DAG(s) 'example_xcom' retrieved from /home/airflow/.local/lib/python3.12/site-packages/airflow/example_dags/example_xcom.py
[2025-09-24T18:07:52.970+0000] {logging_mixin.py:188} INFO - [2025-09-24T18:07:52.970+0000] {dag.py:3096} INFO - Sync 1 DAGs
[2025-09-24T18:07:52.986+0000] {logging_mixin.py:188} INFO - [2025-09-24T18:07:52.986+0000] {dag.py:3954} INFO - Setting next_dagrun for example_xcom to 2021-01-01 00:00:00+00:00, run_after=2021-01-01 00:00:00+00:00
[2025-09-24T18:07:53.001+0000] {processor.py:183} INFO - Processing /home/airflow/.local/lib/python3.12/site-packages/airflow/example_dags/example_xcom.py took 0.061 seconds
[2025-09-24T18:08:23.343+0000] {processor.py:161} INFO - Started process (PID=340) to work on /home/airflow/.local/lib/python3.12/site-packages/airflow/example_dags/example_xcom.py
[2025-09-24T18:08:23.344+0000] {processor.py:830} INFO - Processing file /home/airflow/.local/lib/python3.12/site-packages/airflow/example_dags/example_xcom.py for tasks to queue
[2025-09-24T18:08:23.346+0000] {logging_mixin.py:188} INFO - [2025-09-24T18:08:23.346+0000] {dagbag.py:545} INFO - Filling up the DagBag from /home/airflow/.local/lib/python3.12/site-packages/airflow/example_dags/example_xcom.py
[2025-09-24T18:08:23.352+0000] {processor.py:840} INFO - DAG(s) 'example_xcom' retrieved from /home/airflow/.local/lib/python3.12/site-packages/airflow/example_dags/example_xcom.py
[2025-09-24T18:08:23.372+0000] {logging_mixin.py:188} INFO - [2025-09-24T18:08:23.372+0000] {dag.py:3096} INFO - Sync 1 DAGs
[2025-09-24T18:08:23.397+0000] {logging_mixin.py:188} INFO - [2025-09-24T18:08:23.397+0000] {dag.py:3954} INFO - Setting next_dagrun for example_xcom to 2021-01-01 00:00:00+00:00, run_after=2021-01-01 00:00:00+00:00
[2025-09-24T18:08:23.414+0000] {processor.py:183} INFO - Processing /home/airflow/.local/lib/python3.12/site-packages/airflow/example_dags/example_xcom.py took 0.077 seconds
[2025-09-24T18:08:53.878+0000] {processor.py:161} INFO - Started process (PID=400) to work on /home/airflow/.local/lib/python3.12/site-packages/airflow/example_dags/example_xcom.py
[2025-09-24T18:08:53.880+0000] {processor.py:830} INFO - Processing file /home/airflow/.local/lib/python3.12/site-packages/airflow/example_dags/example_xcom.py for tasks to queue
[2025-09-24T18:08:53.884+0000] {logging_mixin.py:188} INFO - [2025-09-24T18:08:53.883+0000] {dagbag.py:545} INFO - Filling up the DagBag from /home/airflow/.local/lib/python3.12/site-packages/airflow/example_dags/example_xcom.py
[2025-09-24T18:08:53.891+0000] {processor.py:840} INFO - DAG(s) 'example_xcom' retrieved from /home/airflow/.local/lib/python3.12/site-packages/airflow/example_dags/example_xcom.py
[2025-09-24T18:08:53.913+0000] {logging_mixin.py:188} INFO - [2025-09-24T18:08:53.913+0000] {dag.py:3096} INFO - Sync 1 DAGs
[2025-09-24T18:08:53.936+0000] {logging_mixin.py:188} INFO - [2025-09-24T18:08:53.936+0000] {dag.py:3954} INFO - Setting next_dagrun for example_xcom to 2021-01-01 00:00:00+00:00, run_after=2021-01-01 00:00:00+00:00
[2025-09-24T18:08:53.955+0000] {processor.py:183} INFO - Processing /home/airflow/.local/lib/python3.12/site-packages/airflow/example_dags/example_xcom.py took 0.084 seconds
[2025-09-24T18:09:24.135+0000] {processor.py:161} INFO - Started process (PID=460) to work on /home/airflow/.local/lib/python3.12/site-packages/airflow/example_dags/example_xcom.py
[2025-09-24T18:09:24.136+0000] {processor.py:830} INFO - Processing file /home/airflow/.local/lib/python3.12/site-packages/airflow/example_dags/example_xcom.py for tasks to queue
[2025-09-24T18:09:24.139+0000] {logging_mixin.py:188} INFO - [2025-09-24T18:09:24.138+0000] {dagbag.py:545} INFO - Filling up the DagBag from /home/airflow/.local/lib/python3.12/site-packages/airflow/example_dags/example_xcom.py
[2025-09-24T18:09:24.147+0000] {processor.py:840} INFO - DAG(s) 'example_xcom' retrieved from /home/airflow/.local/lib/python3.12/site-packages/airflow/example_dags/example_xcom.py
[2025-09-24T18:09:24.168+0000] {logging_mixin.py:188} INFO - [2025-09-24T18:09:24.168+0000] {dag.py:3096} INFO - Sync 1 DAGs
[2025-09-24T18:09:24.190+0000] {logging_mixin.py:188} INFO - [2025-09-24T18:09:24.190+0000] {dag.py:3954} INFO - Setting next_dagrun for example_xcom to 2021-01-01 00:00:00+00:00, run_after=2021-01-01 00:00:00+00:00
[2025-09-24T18:09:24.210+0000] {processor.py:183} INFO - Processing /home/airflow/.local/lib/python3.12/site-packages/airflow/example_dags/example_xcom.py took 0.080 seconds
[2025-09-24T18:09:54.827+0000] {processor.py:161} INFO - Started process (PID=520) to work on /home/airflow/.local/lib/python3.12/site-packages/airflow/example_dags/example_xcom.py
[2025-09-24T18:09:54.829+0000] {processor.py:830} INFO - Processing file /home/airflow/.local/lib/python3.12/site-packages/airflow/example_dags/example_xcom.py for tasks to queue
[2025-09-24T18:09:54.830+0000] {logging_mixin.py:188} INFO - [2025-09-24T18:09:54.830+0000] {dagbag.py:545} INFO - Filling up the DagBag from /home/airflow/.local/lib/python3.12/site-packages/airflow/example_dags/example_xcom.py
[2025-09-24T18:09:54.837+0000] {processor.py:840} INFO - DAG(s) 'example_xcom' retrieved from /home/airflow/.local/lib/python3.12/site-packages/airflow/example_dags/example_xcom.py
[2025-09-24T18:09:54.853+0000] {logging_mixin.py:188} INFO - [2025-09-24T18:09:54.853+0000] {dag.py:3096} INFO - Sync 1 DAGs
[2025-09-24T18:09:54.870+0000] {logging_mixin.py:188} INFO - [2025-09-24T18:09:54.870+0000] {dag.py:3954} INFO - Setting next_dagrun for example_xcom to 2021-01-01 00:00:00+00:00, run_after=2021-01-01 00:00:00+00:00
[2025-09-24T18:09:54.884+0000] {processor.py:183} INFO - Processing /home/airflow/.local/lib/python3.12/site-packages/airflow/example_dags/example_xcom.py took 0.062 seconds
[2025-09-24T18:10:24.986+0000] {processor.py:161} INFO - Started process (PID=581) to work on /home/airflow/.local/lib/python3.12/site-packages/airflow/example_dags/example_xcom.py
[2025-09-24T18:10:24.987+0000] {processor.py:830} INFO - Processing file /home/airflow/.local/lib/python3.12/site-packages/airflow/example_dags/example_xcom.py for tasks to queue
[2025-09-24T18:10:24.989+0000] {logging_mixin.py:188} INFO - [2025-09-24T18:10:24.989+0000] {dagbag.py:545} INFO - Filling up the DagBag from /home/airflow/.local/lib/python3.12/site-packages/airflow/example_dags/example_xcom.py
[2025-09-24T18:10:24.995+0000] {processor.py:840} INFO - DAG(s) 'example_xcom' retrieved from /home/airflow/.local/lib/python3.12/site-packages/airflow/example_dags/example_xcom.py
[2025-09-24T18:10:25.011+0000] {logging_mixin.py:188} INFO - [2025-09-24T18:10:25.011+0000] {dag.py:3096} INFO - Sync 1 DAGs
[2025-09-24T18:10:25.027+0000] {logging_mixin.py:188} INFO - [2025-09-24T18:10:25.027+0000] {dag.py:3954} INFO - Setting next_dagrun for example_xcom to 2021-01-01 00:00:00+00:00, run_after=2021-01-01 00:00:00+00:00
[2025-09-24T18:10:25.077+0000] {processor.py:183} INFO - Processing /home/airflow/.local/lib/python3.12/site-packages/airflow/example_dags/example_xcom.py took 0.095 seconds
[2025-09-24T18:10:55.677+0000] {processor.py:161} INFO - Started process (PID=641) to work on /home/airflow/.local/lib/python3.12/site-packages/airflow/example_dags/example_xcom.py
[2025-09-24T18:10:55.679+0000] {processor.py:830} INFO - Processing file /home/airflow/.local/lib/python3.12/site-packages/airflow/example_dags/example_xcom.py for tasks to queue
[2025-09-24T18:10:55.681+0000] {logging_mixin.py:188} INFO - [2025-09-24T18:10:55.681+0000] {dagbag.py:545} INFO - Filling up the DagBag from /home/airflow/.local/lib/python3.12/site-packages/airflow/example_dags/example_xcom.py
[2025-09-24T18:10:55.688+0000] {processor.py:840} INFO - DAG(s) 'example_xcom' retrieved from /home/airflow/.local/lib/python3.12/site-packages/airflow/example_dags/example_xcom.py
[2025-09-24T18:10:55.706+0000] {logging_mixin.py:188} INFO - [2025-09-24T18:10:55.706+0000] {dag.py:3096} INFO - Sync 1 DAGs
[2025-09-24T18:10:55.723+0000] {logging_mixin.py:188} INFO - [2025-09-24T18:10:55.723+0000] {dag.py:3954} INFO - Setting next_dagrun for example_xcom to 2021-01-01 00:00:00+00:00, run_after=2021-01-01 00:00:00+00:00
[2025-09-24T18:10:55.767+0000] {processor.py:183} INFO - Processing /home/airflow/.local/lib/python3.12/site-packages/airflow/example_dags/example_xcom.py took 0.096 seconds
[2025-09-24T18:11:25.992+0000] {processor.py:161} INFO - Started process (PID=699) to work on /home/airflow/.local/lib/python3.12/site-packages/airflow/example_dags/example_xcom.py
[2025-09-24T18:11:25.997+0000] {processor.py:830} INFO - Processing file /home/airflow/.local/lib/python3.12/site-packages/airflow/example_dags/example_xcom.py for tasks to queue
[2025-09-24T18:11:26.005+0000] {logging_mixin.py:188} INFO - [2025-09-24T18:11:26.005+0000] {dagbag.py:545} INFO - Filling up the DagBag from /home/airflow/.local/lib/python3.12/site-packages/airflow/example_dags/example_xcom.py
[2025-09-24T18:11:26.015+0000] {processor.py:840} INFO - DAG(s) 'example_xcom' retrieved from /home/airflow/.local/lib/python3.12/site-packages/airflow/example_dags/example_xcom.py
[2025-09-24T18:11:26.032+0000] {logging_mixin.py:188} INFO - [2025-09-24T18:11:26.032+0000] {dag.py:3096} INFO - Sync 1 DAGs
[2025-09-24T18:11:26.051+0000] {logging_mixin.py:188} INFO - [2025-09-24T18:11:26.051+0000] {dag.py:3954} INFO - Setting next_dagrun for example_xcom to 2021-01-01 00:00:00+00:00, run_after=2021-01-01 00:00:00+00:00
[2025-09-24T18:11:26.066+0000] {processor.py:183} INFO - Processing /home/airflow/.local/lib/python3.12/site-packages/airflow/example_dags/example_xcom.py took 0.079 seconds
[2025-09-24T18:11:56.652+0000] {processor.py:161} INFO - Started process (PID=759) to work on /home/airflow/.local/lib/python3.12/site-packages/airflow/example_dags/example_xcom.py
[2025-09-24T18:11:56.653+0000] {processor.py:830} INFO - Processing file /home/airflow/.local/lib/python3.12/site-packages/airflow/example_dags/example_xcom.py for tasks to queue
[2025-09-24T18:11:56.655+0000] {logging_mixin.py:188} INFO - [2025-09-24T18:11:56.655+0000] {dagbag.py:545} INFO - Filling up the DagBag from /home/airflow/.local/lib/python3.12/site-packages/airflow/example_dags/example_xcom.py
[2025-09-24T18:11:56.663+0000] {processor.py:840} INFO - DAG(s) 'example_xcom' retrieved from /home/airflow/.local/lib/python3.12/site-packages/airflow/example_dags/example_xcom.py
[2025-09-24T18:11:56.681+0000] {logging_mixin.py:188} INFO - [2025-09-24T18:11:56.681+0000] {dag.py:3096} INFO - Sync 1 DAGs
[2025-09-24T18:11:56.697+0000] {logging_mixin.py:188} INFO - [2025-09-24T18:11:56.697+0000] {dag.py:3954} INFO - Setting next_dagrun for example_xcom to 2021-01-01 00:00:00+00:00, run_after=2021-01-01 00:00:00+00:00
[2025-09-24T18:11:56.713+0000] {processor.py:183} INFO - Processing /home/airflow/.local/lib/python3.12/site-packages/airflow/example_dags/example_xcom.py took 0.067 seconds
[2025-09-24T18:12:27.229+0000] {processor.py:161} INFO - Started process (PID=819) to work on /home/airflow/.local/lib/python3.12/site-packages/airflow/example_dags/example_xcom.py
[2025-09-24T18:12:27.230+0000] {processor.py:830} INFO - Processing file /home/airflow/.local/lib/python3.12/site-packages/airflow/example_dags/example_xcom.py for tasks to queue
[2025-09-24T18:12:27.231+0000] {logging_mixin.py:188} INFO - [2025-09-24T18:12:27.231+0000] {dagbag.py:545} INFO - Filling up the DagBag from /home/airflow/.local/lib/python3.12/site-packages/airflow/example_dags/example_xcom.py
[2025-09-24T18:12:27.238+0000] {processor.py:840} INFO - DAG(s) 'example_xcom' retrieved from /home/airflow/.local/lib/python3.12/site-packages/airflow/example_dags/example_xcom.py
[2025-09-24T18:12:27.254+0000] {logging_mixin.py:188} INFO - [2025-09-24T18:12:27.253+0000] {dag.py:3096} INFO - Sync 1 DAGs
[2025-09-24T18:12:27.271+0000] {logging_mixin.py:188} INFO - [2025-09-24T18:12:27.270+0000] {dag.py:3954} INFO - Setting next_dagrun for example_xcom to 2021-01-01 00:00:00+00:00, run_after=2021-01-01 00:00:00+00:00
[2025-09-24T18:12:27.300+0000] {processor.py:183} INFO - Processing /home/airflow/.local/lib/python3.12/site-packages/airflow/example_dags/example_xcom.py took 0.077 seconds
[2025-09-24T18:12:57.923+0000] {processor.py:161} INFO - Started process (PID=879) to work on /home/airflow/.local/lib/python3.12/site-packages/airflow/example_dags/example_xcom.py
[2025-09-24T18:12:57.923+0000] {processor.py:830} INFO - Processing file /home/airflow/.local/lib/python3.12/site-packages/airflow/example_dags/example_xcom.py for tasks to queue
[2025-09-24T18:12:57.925+0000] {logging_mixin.py:188} INFO - [2025-09-24T18:12:57.925+0000] {dagbag.py:545} INFO - Filling up the DagBag from /home/airflow/.local/lib/python3.12/site-packages/airflow/example_dags/example_xcom.py
[2025-09-24T18:12:57.931+0000] {processor.py:840} INFO - DAG(s) 'example_xcom' retrieved from /home/airflow/.local/lib/python3.12/site-packages/airflow/example_dags/example_xcom.py
[2025-09-24T18:12:57.948+0000] {logging_mixin.py:188} INFO - [2025-09-24T18:12:57.948+0000] {dag.py:3096} INFO - Sync 1 DAGs
[2025-09-24T18:12:57.964+0000] {logging_mixin.py:188} INFO - [2025-09-24T18:12:57.964+0000] {dag.py:3954} INFO - Setting next_dagrun for example_xcom to 2021-01-01 00:00:00+00:00, run_after=2021-01-01 00:00:00+00:00
[2025-09-24T18:12:58.004+0000] {processor.py:183} INFO - Processing /home/airflow/.local/lib/python3.12/site-packages/airflow/example_dags/example_xcom.py took 0.086 seconds
[2025-09-24T18:13:28.267+0000] {processor.py:161} INFO - Started process (PID=939) to work on /home/airflow/.local/lib/python3.12/site-packages/airflow/example_dags/example_xcom.py
[2025-09-24T18:13:28.268+0000] {processor.py:830} INFO - Processing file /home/airflow/.local/lib/python3.12/site-packages/airflow/example_dags/example_xcom.py for tasks to queue
[2025-09-24T18:13:28.270+0000] {logging_mixin.py:188} INFO - [2025-09-24T18:13:28.269+0000] {dagbag.py:545} INFO - Filling up the DagBag from /home/airflow/.local/lib/python3.12/site-packages/airflow/example_dags/example_xcom.py
[2025-09-24T18:13:28.275+0000] {processor.py:840} INFO - DAG(s) 'example_xcom' retrieved from /home/airflow/.local/lib/python3.12/site-packages/airflow/example_dags/example_xcom.py
[2025-09-24T18:13:28.290+0000] {logging_mixin.py:188} INFO - [2025-09-24T18:13:28.290+0000] {dag.py:3096} INFO - Sync 1 DAGs
[2025-09-24T18:13:28.313+0000] {logging_mixin.py:188} INFO - [2025-09-24T18:13:28.313+0000] {dag.py:3954} INFO - Setting next_dagrun for example_xcom to 2021-01-01 00:00:00+00:00, run_after=2021-01-01 00:00:00+00:00
[2025-09-24T18:13:28.333+0000] {processor.py:183} INFO - Processing /home/airflow/.local/lib/python3.12/site-packages/airflow/example_dags/example_xcom.py took 0.071 seconds
