[2025-09-24T18:06:22.310+0000] {processor.py:161} INFO - Started process (PID=106) to work on /home/airflow/.local/lib/python3.12/site-packages/airflow/example_dags/example_datasets.py
[2025-09-24T18:06:22.311+0000] {processor.py:830} INFO - Processing file /home/airflow/.local/lib/python3.12/site-packages/airflow/example_dags/example_datasets.py for tasks to queue
[2025-09-24T18:06:22.313+0000] {logging_mixin.py:188} INFO - [2025-09-24T18:06:22.313+0000] {dagbag.py:545} INFO - Filling up the DagBag from /home/airflow/.local/lib/python3.12/site-packages/airflow/example_dags/example_datasets.py
[2025-09-24T18:06:22.331+0000] {processor.py:840} INFO - DAG(s) 'consume_1_or_both_2_and_3_with_dataset_expressions', 'dataset_produces_2', 'dataset_consumes_1_and_2', 'conditional_dataset_and_time_based_timetable', 'dataset_consumes_1', 'dataset_consumes_unknown_never_scheduled', 'consume_1_and_2_with_dataset_expressions', 'dataset_consumes_1_never_scheduled', 'dataset_produces_1', 'consume_1_or_2_with_dataset_expressions' retrieved from /home/airflow/.local/lib/python3.12/site-packages/airflow/example_dags/example_datasets.py
[2025-09-24T18:06:22.575+0000] {logging_mixin.py:188} INFO - [2025-09-24T18:06:22.574+0000] {dag.py:3096} INFO - Sync 10 DAGs
[2025-09-24T18:06:22.604+0000] {logging_mixin.py:188} INFO - [2025-09-24T18:06:22.603+0000] {dag.py:3954} INFO - Setting next_dagrun for conditional_dataset_and_time_based_timetable to 2025-09-24 01:00:00+00:00, run_after=2025-09-24 01:00:00+00:00
[2025-09-24T18:06:22.608+0000] {logging_mixin.py:188} INFO - [2025-09-24T18:06:22.607+0000] {dag.py:3954} INFO - Setting next_dagrun for consume_1_and_2_with_dataset_expressions to None, run_after=None
[2025-09-24T18:06:22.610+0000] {logging_mixin.py:188} INFO - [2025-09-24T18:06:22.609+0000] {dag.py:3954} INFO - Setting next_dagrun for consume_1_or_2_with_dataset_expressions to None, run_after=None
[2025-09-24T18:06:22.612+0000] {logging_mixin.py:188} INFO - [2025-09-24T18:06:22.611+0000] {dag.py:3954} INFO - Setting next_dagrun for consume_1_or_both_2_and_3_with_dataset_expressions to None, run_after=None
[2025-09-24T18:06:22.613+0000] {logging_mixin.py:188} INFO - [2025-09-24T18:06:22.613+0000] {dag.py:3954} INFO - Setting next_dagrun for dataset_consumes_1 to None, run_after=None
[2025-09-24T18:06:22.615+0000] {logging_mixin.py:188} INFO - [2025-09-24T18:06:22.614+0000] {dag.py:3954} INFO - Setting next_dagrun for dataset_consumes_1_and_2 to None, run_after=None
[2025-09-24T18:06:22.616+0000] {logging_mixin.py:188} INFO - [2025-09-24T18:06:22.616+0000] {dag.py:3954} INFO - Setting next_dagrun for dataset_consumes_1_never_scheduled to None, run_after=None
[2025-09-24T18:06:22.618+0000] {logging_mixin.py:188} INFO - [2025-09-24T18:06:22.618+0000] {dag.py:3954} INFO - Setting next_dagrun for dataset_consumes_unknown_never_scheduled to None, run_after=None
[2025-09-24T18:06:22.622+0000] {logging_mixin.py:188} INFO - [2025-09-24T18:06:22.621+0000] {dag.py:3954} INFO - Setting next_dagrun for dataset_produces_1 to 2025-09-23 00:00:00+00:00, run_after=2025-09-24 00:00:00+00:00
[2025-09-24T18:06:22.624+0000] {logging_mixin.py:188} INFO - [2025-09-24T18:06:22.624+0000] {dag.py:3954} INFO - Setting next_dagrun for dataset_produces_2 to None, run_after=None
[2025-09-24T18:06:22.667+0000] {processor.py:183} INFO - Processing /home/airflow/.local/lib/python3.12/site-packages/airflow/example_dags/example_datasets.py took 0.363 seconds
[2025-09-24T18:06:52.758+0000] {processor.py:161} INFO - Started process (PID=166) to work on /home/airflow/.local/lib/python3.12/site-packages/airflow/example_dags/example_datasets.py
[2025-09-24T18:06:52.760+0000] {processor.py:830} INFO - Processing file /home/airflow/.local/lib/python3.12/site-packages/airflow/example_dags/example_datasets.py for tasks to queue
[2025-09-24T18:06:52.762+0000] {logging_mixin.py:188} INFO - [2025-09-24T18:06:52.762+0000] {dagbag.py:545} INFO - Filling up the DagBag from /home/airflow/.local/lib/python3.12/site-packages/airflow/example_dags/example_datasets.py
[2025-09-24T18:06:52.778+0000] {processor.py:840} INFO - DAG(s) 'dataset_consumes_1_and_2', 'dataset_consumes_unknown_never_scheduled', 'consume_1_and_2_with_dataset_expressions', 'consume_1_or_2_with_dataset_expressions', 'dataset_consumes_1_never_scheduled', 'dataset_produces_1', 'dataset_produces_2', 'conditional_dataset_and_time_based_timetable', 'consume_1_or_both_2_and_3_with_dataset_expressions', 'dataset_consumes_1' retrieved from /home/airflow/.local/lib/python3.12/site-packages/airflow/example_dags/example_datasets.py
[2025-09-24T18:06:52.836+0000] {logging_mixin.py:188} INFO - [2025-09-24T18:06:52.835+0000] {dag.py:3096} INFO - Sync 10 DAGs
[2025-09-24T18:06:52.875+0000] {logging_mixin.py:188} INFO - [2025-09-24T18:06:52.874+0000] {dag.py:3954} INFO - Setting next_dagrun for conditional_dataset_and_time_based_timetable to 2025-09-24 01:00:00+00:00, run_after=2025-09-24 01:00:00+00:00
[2025-09-24T18:06:52.881+0000] {logging_mixin.py:188} INFO - [2025-09-24T18:06:52.880+0000] {dag.py:3954} INFO - Setting next_dagrun for consume_1_and_2_with_dataset_expressions to None, run_after=None
[2025-09-24T18:06:52.884+0000] {logging_mixin.py:188} INFO - [2025-09-24T18:06:52.884+0000] {dag.py:3954} INFO - Setting next_dagrun for consume_1_or_2_with_dataset_expressions to None, run_after=None
[2025-09-24T18:06:52.887+0000] {logging_mixin.py:188} INFO - [2025-09-24T18:06:52.887+0000] {dag.py:3954} INFO - Setting next_dagrun for consume_1_or_both_2_and_3_with_dataset_expressions to None, run_after=None
[2025-09-24T18:06:52.889+0000] {logging_mixin.py:188} INFO - [2025-09-24T18:06:52.888+0000] {dag.py:3954} INFO - Setting next_dagrun for dataset_consumes_1 to None, run_after=None
[2025-09-24T18:06:52.890+0000] {logging_mixin.py:188} INFO - [2025-09-24T18:06:52.890+0000] {dag.py:3954} INFO - Setting next_dagrun for dataset_consumes_1_and_2 to None, run_after=None
[2025-09-24T18:06:52.892+0000] {logging_mixin.py:188} INFO - [2025-09-24T18:06:52.892+0000] {dag.py:3954} INFO - Setting next_dagrun for dataset_consumes_1_never_scheduled to None, run_after=None
[2025-09-24T18:06:52.894+0000] {logging_mixin.py:188} INFO - [2025-09-24T18:06:52.893+0000] {dag.py:3954} INFO - Setting next_dagrun for dataset_consumes_unknown_never_scheduled to None, run_after=None
[2025-09-24T18:06:52.896+0000] {logging_mixin.py:188} INFO - [2025-09-24T18:06:52.896+0000] {dag.py:3954} INFO - Setting next_dagrun for dataset_produces_1 to 2025-09-23 00:00:00+00:00, run_after=2025-09-24 00:00:00+00:00
[2025-09-24T18:06:52.898+0000] {logging_mixin.py:188} INFO - [2025-09-24T18:06:52.898+0000] {dag.py:3954} INFO - Setting next_dagrun for dataset_produces_2 to None, run_after=None
[2025-09-24T18:06:52.935+0000] {processor.py:183} INFO - Processing /home/airflow/.local/lib/python3.12/site-packages/airflow/example_dags/example_datasets.py took 0.186 seconds
[2025-09-24T18:07:23.032+0000] {processor.py:161} INFO - Started process (PID=226) to work on /home/airflow/.local/lib/python3.12/site-packages/airflow/example_dags/example_datasets.py
[2025-09-24T18:07:23.033+0000] {processor.py:830} INFO - Processing file /home/airflow/.local/lib/python3.12/site-packages/airflow/example_dags/example_datasets.py for tasks to queue
[2025-09-24T18:07:23.035+0000] {logging_mixin.py:188} INFO - [2025-09-24T18:07:23.034+0000] {dagbag.py:545} INFO - Filling up the DagBag from /home/airflow/.local/lib/python3.12/site-packages/airflow/example_dags/example_datasets.py
[2025-09-24T18:07:23.045+0000] {processor.py:840} INFO - DAG(s) 'consume_1_and_2_with_dataset_expressions', 'dataset_consumes_1_and_2', 'dataset_consumes_1', 'dataset_produces_2', 'consume_1_or_both_2_and_3_with_dataset_expressions', 'dataset_consumes_1_never_scheduled', 'dataset_consumes_unknown_never_scheduled', 'conditional_dataset_and_time_based_timetable', 'consume_1_or_2_with_dataset_expressions', 'dataset_produces_1' retrieved from /home/airflow/.local/lib/python3.12/site-packages/airflow/example_dags/example_datasets.py
[2025-09-24T18:07:23.082+0000] {logging_mixin.py:188} INFO - [2025-09-24T18:07:23.082+0000] {dag.py:3096} INFO - Sync 10 DAGs
[2025-09-24T18:07:23.102+0000] {logging_mixin.py:188} INFO - [2025-09-24T18:07:23.101+0000] {dag.py:3954} INFO - Setting next_dagrun for conditional_dataset_and_time_based_timetable to 2025-09-24 01:00:00+00:00, run_after=2025-09-24 01:00:00+00:00
[2025-09-24T18:07:23.105+0000] {logging_mixin.py:188} INFO - [2025-09-24T18:07:23.105+0000] {dag.py:3954} INFO - Setting next_dagrun for consume_1_and_2_with_dataset_expressions to None, run_after=None
[2025-09-24T18:07:23.107+0000] {logging_mixin.py:188} INFO - [2025-09-24T18:07:23.107+0000] {dag.py:3954} INFO - Setting next_dagrun for consume_1_or_2_with_dataset_expressions to None, run_after=None
[2025-09-24T18:07:23.108+0000] {logging_mixin.py:188} INFO - [2025-09-24T18:07:23.108+0000] {dag.py:3954} INFO - Setting next_dagrun for consume_1_or_both_2_and_3_with_dataset_expressions to None, run_after=None
[2025-09-24T18:07:23.109+0000] {logging_mixin.py:188} INFO - [2025-09-24T18:07:23.109+0000] {dag.py:3954} INFO - Setting next_dagrun for dataset_consumes_1 to None, run_after=None
[2025-09-24T18:07:23.110+0000] {logging_mixin.py:188} INFO - [2025-09-24T18:07:23.110+0000] {dag.py:3954} INFO - Setting next_dagrun for dataset_consumes_1_and_2 to None, run_after=None
[2025-09-24T18:07:23.111+0000] {logging_mixin.py:188} INFO - [2025-09-24T18:07:23.111+0000] {dag.py:3954} INFO - Setting next_dagrun for dataset_consumes_1_never_scheduled to None, run_after=None
[2025-09-24T18:07:23.112+0000] {logging_mixin.py:188} INFO - [2025-09-24T18:07:23.112+0000] {dag.py:3954} INFO - Setting next_dagrun for dataset_consumes_unknown_never_scheduled to None, run_after=None
[2025-09-24T18:07:23.114+0000] {logging_mixin.py:188} INFO - [2025-09-24T18:07:23.114+0000] {dag.py:3954} INFO - Setting next_dagrun for dataset_produces_1 to 2025-09-23 00:00:00+00:00, run_after=2025-09-24 00:00:00+00:00
[2025-09-24T18:07:23.115+0000] {logging_mixin.py:188} INFO - [2025-09-24T18:07:23.115+0000] {dag.py:3954} INFO - Setting next_dagrun for dataset_produces_2 to None, run_after=None
[2025-09-24T18:07:23.140+0000] {processor.py:183} INFO - Processing /home/airflow/.local/lib/python3.12/site-packages/airflow/example_dags/example_datasets.py took 0.112 seconds
[2025-09-24T18:07:53.227+0000] {processor.py:161} INFO - Started process (PID=286) to work on /home/airflow/.local/lib/python3.12/site-packages/airflow/example_dags/example_datasets.py
[2025-09-24T18:07:53.228+0000] {processor.py:830} INFO - Processing file /home/airflow/.local/lib/python3.12/site-packages/airflow/example_dags/example_datasets.py for tasks to queue
[2025-09-24T18:07:53.230+0000] {logging_mixin.py:188} INFO - [2025-09-24T18:07:53.230+0000] {dagbag.py:545} INFO - Filling up the DagBag from /home/airflow/.local/lib/python3.12/site-packages/airflow/example_dags/example_datasets.py
[2025-09-24T18:07:53.240+0000] {processor.py:840} INFO - DAG(s) 'dataset_produces_1', 'dataset_consumes_1', 'dataset_consumes_unknown_never_scheduled', 'dataset_consumes_1_and_2', 'conditional_dataset_and_time_based_timetable', 'consume_1_or_both_2_and_3_with_dataset_expressions', 'dataset_consumes_1_never_scheduled', 'consume_1_or_2_with_dataset_expressions', 'dataset_produces_2', 'consume_1_and_2_with_dataset_expressions' retrieved from /home/airflow/.local/lib/python3.12/site-packages/airflow/example_dags/example_datasets.py
[2025-09-24T18:07:53.280+0000] {logging_mixin.py:188} INFO - [2025-09-24T18:07:53.280+0000] {dag.py:3096} INFO - Sync 10 DAGs
[2025-09-24T18:07:53.299+0000] {logging_mixin.py:188} INFO - [2025-09-24T18:07:53.299+0000] {dag.py:3954} INFO - Setting next_dagrun for conditional_dataset_and_time_based_timetable to 2025-09-24 01:00:00+00:00, run_after=2025-09-24 01:00:00+00:00
[2025-09-24T18:07:53.303+0000] {logging_mixin.py:188} INFO - [2025-09-24T18:07:53.303+0000] {dag.py:3954} INFO - Setting next_dagrun for consume_1_and_2_with_dataset_expressions to None, run_after=None
[2025-09-24T18:07:53.305+0000] {logging_mixin.py:188} INFO - [2025-09-24T18:07:53.305+0000] {dag.py:3954} INFO - Setting next_dagrun for consume_1_or_2_with_dataset_expressions to None, run_after=None
[2025-09-24T18:07:53.306+0000] {logging_mixin.py:188} INFO - [2025-09-24T18:07:53.306+0000] {dag.py:3954} INFO - Setting next_dagrun for consume_1_or_both_2_and_3_with_dataset_expressions to None, run_after=None
[2025-09-24T18:07:53.307+0000] {logging_mixin.py:188} INFO - [2025-09-24T18:07:53.307+0000] {dag.py:3954} INFO - Setting next_dagrun for dataset_consumes_1 to None, run_after=None
[2025-09-24T18:07:53.308+0000] {logging_mixin.py:188} INFO - [2025-09-24T18:07:53.308+0000] {dag.py:3954} INFO - Setting next_dagrun for dataset_consumes_1_and_2 to None, run_after=None
[2025-09-24T18:07:53.309+0000] {logging_mixin.py:188} INFO - [2025-09-24T18:07:53.309+0000] {dag.py:3954} INFO - Setting next_dagrun for dataset_consumes_1_never_scheduled to None, run_after=None
[2025-09-24T18:07:53.310+0000] {logging_mixin.py:188} INFO - [2025-09-24T18:07:53.310+0000] {dag.py:3954} INFO - Setting next_dagrun for dataset_consumes_unknown_never_scheduled to None, run_after=None
[2025-09-24T18:07:53.312+0000] {logging_mixin.py:188} INFO - [2025-09-24T18:07:53.312+0000] {dag.py:3954} INFO - Setting next_dagrun for dataset_produces_1 to 2025-09-23 00:00:00+00:00, run_after=2025-09-24 00:00:00+00:00
[2025-09-24T18:07:53.313+0000] {logging_mixin.py:188} INFO - [2025-09-24T18:07:53.313+0000] {dag.py:3954} INFO - Setting next_dagrun for dataset_produces_2 to None, run_after=None
[2025-09-24T18:07:53.342+0000] {processor.py:183} INFO - Processing /home/airflow/.local/lib/python3.12/site-packages/airflow/example_dags/example_datasets.py took 0.120 seconds
[2025-09-24T18:08:23.742+0000] {processor.py:161} INFO - Started process (PID=346) to work on /home/airflow/.local/lib/python3.12/site-packages/airflow/example_dags/example_datasets.py
[2025-09-24T18:08:23.744+0000] {processor.py:830} INFO - Processing file /home/airflow/.local/lib/python3.12/site-packages/airflow/example_dags/example_datasets.py for tasks to queue
[2025-09-24T18:08:23.746+0000] {logging_mixin.py:188} INFO - [2025-09-24T18:08:23.746+0000] {dagbag.py:545} INFO - Filling up the DagBag from /home/airflow/.local/lib/python3.12/site-packages/airflow/example_dags/example_datasets.py
[2025-09-24T18:08:23.762+0000] {processor.py:840} INFO - DAG(s) 'dataset_produces_2', 'consume_1_or_2_with_dataset_expressions', 'dataset_consumes_1_never_scheduled', 'consume_1_and_2_with_dataset_expressions', 'consume_1_or_both_2_and_3_with_dataset_expressions', 'dataset_consumes_unknown_never_scheduled', 'conditional_dataset_and_time_based_timetable', 'dataset_consumes_1_and_2', 'dataset_consumes_1', 'dataset_produces_1' retrieved from /home/airflow/.local/lib/python3.12/site-packages/airflow/example_dags/example_datasets.py
[2025-09-24T18:08:23.813+0000] {logging_mixin.py:188} INFO - [2025-09-24T18:08:23.813+0000] {dag.py:3096} INFO - Sync 10 DAGs
[2025-09-24T18:08:23.836+0000] {logging_mixin.py:188} INFO - [2025-09-24T18:08:23.836+0000] {dag.py:3954} INFO - Setting next_dagrun for conditional_dataset_and_time_based_timetable to 2025-09-24 01:00:00+00:00, run_after=2025-09-24 01:00:00+00:00
[2025-09-24T18:08:23.840+0000] {logging_mixin.py:188} INFO - [2025-09-24T18:08:23.840+0000] {dag.py:3954} INFO - Setting next_dagrun for consume_1_and_2_with_dataset_expressions to None, run_after=None
[2025-09-24T18:08:23.842+0000] {logging_mixin.py:188} INFO - [2025-09-24T18:08:23.841+0000] {dag.py:3954} INFO - Setting next_dagrun for consume_1_or_2_with_dataset_expressions to None, run_after=None
[2025-09-24T18:08:23.843+0000] {logging_mixin.py:188} INFO - [2025-09-24T18:08:23.843+0000] {dag.py:3954} INFO - Setting next_dagrun for consume_1_or_both_2_and_3_with_dataset_expressions to None, run_after=None
[2025-09-24T18:08:23.845+0000] {logging_mixin.py:188} INFO - [2025-09-24T18:08:23.844+0000] {dag.py:3954} INFO - Setting next_dagrun for dataset_consumes_1 to None, run_after=None
[2025-09-24T18:08:23.846+0000] {logging_mixin.py:188} INFO - [2025-09-24T18:08:23.846+0000] {dag.py:3954} INFO - Setting next_dagrun for dataset_consumes_1_and_2 to None, run_after=None
[2025-09-24T18:08:23.847+0000] {logging_mixin.py:188} INFO - [2025-09-24T18:08:23.847+0000] {dag.py:3954} INFO - Setting next_dagrun for dataset_consumes_1_never_scheduled to None, run_after=None
[2025-09-24T18:08:23.850+0000] {logging_mixin.py:188} INFO - [2025-09-24T18:08:23.849+0000] {dag.py:3954} INFO - Setting next_dagrun for dataset_consumes_unknown_never_scheduled to None, run_after=None
[2025-09-24T18:08:23.852+0000] {logging_mixin.py:188} INFO - [2025-09-24T18:08:23.852+0000] {dag.py:3954} INFO - Setting next_dagrun for dataset_produces_1 to 2025-09-23 00:00:00+00:00, run_after=2025-09-24 00:00:00+00:00
[2025-09-24T18:08:23.853+0000] {logging_mixin.py:188} INFO - [2025-09-24T18:08:23.853+0000] {dag.py:3954} INFO - Setting next_dagrun for dataset_produces_2 to None, run_after=None
[2025-09-24T18:08:23.907+0000] {processor.py:183} INFO - Processing /home/airflow/.local/lib/python3.12/site-packages/airflow/example_dags/example_datasets.py took 0.170 seconds
[2025-09-24T18:08:54.244+0000] {processor.py:161} INFO - Started process (PID=406) to work on /home/airflow/.local/lib/python3.12/site-packages/airflow/example_dags/example_datasets.py
[2025-09-24T18:08:54.246+0000] {processor.py:830} INFO - Processing file /home/airflow/.local/lib/python3.12/site-packages/airflow/example_dags/example_datasets.py for tasks to queue
[2025-09-24T18:08:54.248+0000] {logging_mixin.py:188} INFO - [2025-09-24T18:08:54.247+0000] {dagbag.py:545} INFO - Filling up the DagBag from /home/airflow/.local/lib/python3.12/site-packages/airflow/example_dags/example_datasets.py
[2025-09-24T18:08:54.261+0000] {processor.py:840} INFO - DAG(s) 'dataset_produces_1', 'dataset_consumes_1_never_scheduled', 'dataset_consumes_1_and_2', 'dataset_consumes_1', 'conditional_dataset_and_time_based_timetable', 'consume_1_or_both_2_and_3_with_dataset_expressions', 'dataset_consumes_unknown_never_scheduled', 'dataset_produces_2', 'consume_1_or_2_with_dataset_expressions', 'consume_1_and_2_with_dataset_expressions' retrieved from /home/airflow/.local/lib/python3.12/site-packages/airflow/example_dags/example_datasets.py
[2025-09-24T18:08:54.312+0000] {logging_mixin.py:188} INFO - [2025-09-24T18:08:54.312+0000] {dag.py:3096} INFO - Sync 10 DAGs
[2025-09-24T18:08:54.336+0000] {logging_mixin.py:188} INFO - [2025-09-24T18:08:54.335+0000] {dag.py:3954} INFO - Setting next_dagrun for conditional_dataset_and_time_based_timetable to 2025-09-24 01:00:00+00:00, run_after=2025-09-24 01:00:00+00:00
[2025-09-24T18:08:54.341+0000] {logging_mixin.py:188} INFO - [2025-09-24T18:08:54.341+0000] {dag.py:3954} INFO - Setting next_dagrun for consume_1_and_2_with_dataset_expressions to None, run_after=None
[2025-09-24T18:08:54.343+0000] {logging_mixin.py:188} INFO - [2025-09-24T18:08:54.343+0000] {dag.py:3954} INFO - Setting next_dagrun for consume_1_or_2_with_dataset_expressions to None, run_after=None
[2025-09-24T18:08:54.345+0000] {logging_mixin.py:188} INFO - [2025-09-24T18:08:54.345+0000] {dag.py:3954} INFO - Setting next_dagrun for consume_1_or_both_2_and_3_with_dataset_expressions to None, run_after=None
[2025-09-24T18:08:54.347+0000] {logging_mixin.py:188} INFO - [2025-09-24T18:08:54.347+0000] {dag.py:3954} INFO - Setting next_dagrun for dataset_consumes_1 to None, run_after=None
[2025-09-24T18:08:54.349+0000] {logging_mixin.py:188} INFO - [2025-09-24T18:08:54.349+0000] {dag.py:3954} INFO - Setting next_dagrun for dataset_consumes_1_and_2 to None, run_after=None
[2025-09-24T18:08:54.350+0000] {logging_mixin.py:188} INFO - [2025-09-24T18:08:54.350+0000] {dag.py:3954} INFO - Setting next_dagrun for dataset_consumes_1_never_scheduled to None, run_after=None
[2025-09-24T18:08:54.352+0000] {logging_mixin.py:188} INFO - [2025-09-24T18:08:54.351+0000] {dag.py:3954} INFO - Setting next_dagrun for dataset_consumes_unknown_never_scheduled to None, run_after=None
[2025-09-24T18:08:54.354+0000] {logging_mixin.py:188} INFO - [2025-09-24T18:08:54.354+0000] {dag.py:3954} INFO - Setting next_dagrun for dataset_produces_1 to 2025-09-23 00:00:00+00:00, run_after=2025-09-24 00:00:00+00:00
[2025-09-24T18:08:54.356+0000] {logging_mixin.py:188} INFO - [2025-09-24T18:08:54.356+0000] {dag.py:3954} INFO - Setting next_dagrun for dataset_produces_2 to None, run_after=None
[2025-09-24T18:08:54.397+0000] {processor.py:183} INFO - Processing /home/airflow/.local/lib/python3.12/site-packages/airflow/example_dags/example_datasets.py took 0.159 seconds
[2025-09-24T18:09:24.491+0000] {processor.py:161} INFO - Started process (PID=466) to work on /home/airflow/.local/lib/python3.12/site-packages/airflow/example_dags/example_datasets.py
[2025-09-24T18:09:24.492+0000] {processor.py:830} INFO - Processing file /home/airflow/.local/lib/python3.12/site-packages/airflow/example_dags/example_datasets.py for tasks to queue
[2025-09-24T18:09:24.495+0000] {logging_mixin.py:188} INFO - [2025-09-24T18:09:24.494+0000] {dagbag.py:545} INFO - Filling up the DagBag from /home/airflow/.local/lib/python3.12/site-packages/airflow/example_dags/example_datasets.py
[2025-09-24T18:09:24.511+0000] {processor.py:840} INFO - DAG(s) 'dataset_consumes_1_and_2', 'consume_1_and_2_with_dataset_expressions', 'dataset_consumes_unknown_never_scheduled', 'consume_1_or_2_with_dataset_expressions', 'dataset_consumes_1', 'conditional_dataset_and_time_based_timetable', 'dataset_produces_2', 'consume_1_or_both_2_and_3_with_dataset_expressions', 'dataset_produces_1', 'dataset_consumes_1_never_scheduled' retrieved from /home/airflow/.local/lib/python3.12/site-packages/airflow/example_dags/example_datasets.py
[2025-09-24T18:09:24.553+0000] {logging_mixin.py:188} INFO - [2025-09-24T18:09:24.552+0000] {dag.py:3096} INFO - Sync 10 DAGs
[2025-09-24T18:09:24.576+0000] {logging_mixin.py:188} INFO - [2025-09-24T18:09:24.576+0000] {dag.py:3954} INFO - Setting next_dagrun for conditional_dataset_and_time_based_timetable to 2025-09-24 01:00:00+00:00, run_after=2025-09-24 01:00:00+00:00
[2025-09-24T18:09:24.580+0000] {logging_mixin.py:188} INFO - [2025-09-24T18:09:24.580+0000] {dag.py:3954} INFO - Setting next_dagrun for consume_1_and_2_with_dataset_expressions to None, run_after=None
[2025-09-24T18:09:24.583+0000] {logging_mixin.py:188} INFO - [2025-09-24T18:09:24.583+0000] {dag.py:3954} INFO - Setting next_dagrun for consume_1_or_2_with_dataset_expressions to None, run_after=None
[2025-09-24T18:09:24.585+0000] {logging_mixin.py:188} INFO - [2025-09-24T18:09:24.585+0000] {dag.py:3954} INFO - Setting next_dagrun for consume_1_or_both_2_and_3_with_dataset_expressions to None, run_after=None
[2025-09-24T18:09:24.587+0000] {logging_mixin.py:188} INFO - [2025-09-24T18:09:24.587+0000] {dag.py:3954} INFO - Setting next_dagrun for dataset_consumes_1 to None, run_after=None
[2025-09-24T18:09:24.589+0000] {logging_mixin.py:188} INFO - [2025-09-24T18:09:24.589+0000] {dag.py:3954} INFO - Setting next_dagrun for dataset_consumes_1_and_2 to None, run_after=None
[2025-09-24T18:09:24.591+0000] {logging_mixin.py:188} INFO - [2025-09-24T18:09:24.591+0000] {dag.py:3954} INFO - Setting next_dagrun for dataset_consumes_1_never_scheduled to None, run_after=None
[2025-09-24T18:09:24.593+0000] {logging_mixin.py:188} INFO - [2025-09-24T18:09:24.593+0000] {dag.py:3954} INFO - Setting next_dagrun for dataset_consumes_unknown_never_scheduled to None, run_after=None
[2025-09-24T18:09:24.596+0000] {logging_mixin.py:188} INFO - [2025-09-24T18:09:24.596+0000] {dag.py:3954} INFO - Setting next_dagrun for dataset_produces_1 to 2025-09-23 00:00:00+00:00, run_after=2025-09-24 00:00:00+00:00
[2025-09-24T18:09:24.598+0000] {logging_mixin.py:188} INFO - [2025-09-24T18:09:24.597+0000] {dag.py:3954} INFO - Setting next_dagrun for dataset_produces_2 to None, run_after=None
[2025-09-24T18:09:24.631+0000] {processor.py:183} INFO - Processing /home/airflow/.local/lib/python3.12/site-packages/airflow/example_dags/example_datasets.py took 0.146 seconds
[2025-09-24T18:09:55.254+0000] {processor.py:161} INFO - Started process (PID=526) to work on /home/airflow/.local/lib/python3.12/site-packages/airflow/example_dags/example_datasets.py
[2025-09-24T18:09:55.255+0000] {processor.py:830} INFO - Processing file /home/airflow/.local/lib/python3.12/site-packages/airflow/example_dags/example_datasets.py for tasks to queue
[2025-09-24T18:09:55.257+0000] {logging_mixin.py:188} INFO - [2025-09-24T18:09:55.257+0000] {dagbag.py:545} INFO - Filling up the DagBag from /home/airflow/.local/lib/python3.12/site-packages/airflow/example_dags/example_datasets.py
[2025-09-24T18:09:55.267+0000] {processor.py:840} INFO - DAG(s) 'dataset_produces_1', 'dataset_consumes_1_never_scheduled', 'dataset_produces_2', 'dataset_consumes_1', 'consume_1_or_both_2_and_3_with_dataset_expressions', 'dataset_consumes_1_and_2', 'consume_1_or_2_with_dataset_expressions', 'dataset_consumes_unknown_never_scheduled', 'conditional_dataset_and_time_based_timetable', 'consume_1_and_2_with_dataset_expressions' retrieved from /home/airflow/.local/lib/python3.12/site-packages/airflow/example_dags/example_datasets.py
[2025-09-24T18:09:55.305+0000] {logging_mixin.py:188} INFO - [2025-09-24T18:09:55.305+0000] {dag.py:3096} INFO - Sync 10 DAGs
[2025-09-24T18:09:55.324+0000] {logging_mixin.py:188} INFO - [2025-09-24T18:09:55.323+0000] {dag.py:3954} INFO - Setting next_dagrun for conditional_dataset_and_time_based_timetable to 2025-09-24 01:00:00+00:00, run_after=2025-09-24 01:00:00+00:00
[2025-09-24T18:09:55.327+0000] {logging_mixin.py:188} INFO - [2025-09-24T18:09:55.327+0000] {dag.py:3954} INFO - Setting next_dagrun for consume_1_and_2_with_dataset_expressions to None, run_after=None
[2025-09-24T18:09:55.329+0000] {logging_mixin.py:188} INFO - [2025-09-24T18:09:55.329+0000] {dag.py:3954} INFO - Setting next_dagrun for consume_1_or_2_with_dataset_expressions to None, run_after=None
[2025-09-24T18:09:55.330+0000] {logging_mixin.py:188} INFO - [2025-09-24T18:09:55.330+0000] {dag.py:3954} INFO - Setting next_dagrun for consume_1_or_both_2_and_3_with_dataset_expressions to None, run_after=None
[2025-09-24T18:09:55.332+0000] {logging_mixin.py:188} INFO - [2025-09-24T18:09:55.332+0000] {dag.py:3954} INFO - Setting next_dagrun for dataset_consumes_1 to None, run_after=None
[2025-09-24T18:09:55.333+0000] {logging_mixin.py:188} INFO - [2025-09-24T18:09:55.333+0000] {dag.py:3954} INFO - Setting next_dagrun for dataset_consumes_1_and_2 to None, run_after=None
[2025-09-24T18:09:55.335+0000] {logging_mixin.py:188} INFO - [2025-09-24T18:09:55.335+0000] {dag.py:3954} INFO - Setting next_dagrun for dataset_consumes_1_never_scheduled to None, run_after=None
[2025-09-24T18:09:55.336+0000] {logging_mixin.py:188} INFO - [2025-09-24T18:09:55.336+0000] {dag.py:3954} INFO - Setting next_dagrun for dataset_consumes_unknown_never_scheduled to None, run_after=None
[2025-09-24T18:09:55.339+0000] {logging_mixin.py:188} INFO - [2025-09-24T18:09:55.339+0000] {dag.py:3954} INFO - Setting next_dagrun for dataset_produces_1 to 2025-09-23 00:00:00+00:00, run_after=2025-09-24 00:00:00+00:00
[2025-09-24T18:09:55.340+0000] {logging_mixin.py:188} INFO - [2025-09-24T18:09:55.340+0000] {dag.py:3954} INFO - Setting next_dagrun for dataset_produces_2 to None, run_after=None
[2025-09-24T18:09:55.396+0000] {processor.py:183} INFO - Processing /home/airflow/.local/lib/python3.12/site-packages/airflow/example_dags/example_datasets.py took 0.147 seconds
[2025-09-24T18:10:25.473+0000] {processor.py:161} INFO - Started process (PID=587) to work on /home/airflow/.local/lib/python3.12/site-packages/airflow/example_dags/example_datasets.py
[2025-09-24T18:10:25.474+0000] {processor.py:830} INFO - Processing file /home/airflow/.local/lib/python3.12/site-packages/airflow/example_dags/example_datasets.py for tasks to queue
[2025-09-24T18:10:25.476+0000] {logging_mixin.py:188} INFO - [2025-09-24T18:10:25.476+0000] {dagbag.py:545} INFO - Filling up the DagBag from /home/airflow/.local/lib/python3.12/site-packages/airflow/example_dags/example_datasets.py
[2025-09-24T18:10:25.486+0000] {processor.py:840} INFO - DAG(s) 'dataset_consumes_unknown_never_scheduled', 'dataset_produces_2', 'conditional_dataset_and_time_based_timetable', 'dataset_produces_1', 'consume_1_or_both_2_and_3_with_dataset_expressions', 'dataset_consumes_1_never_scheduled', 'consume_1_or_2_with_dataset_expressions', 'consume_1_and_2_with_dataset_expressions', 'dataset_consumes_1_and_2', 'dataset_consumes_1' retrieved from /home/airflow/.local/lib/python3.12/site-packages/airflow/example_dags/example_datasets.py
[2025-09-24T18:10:25.517+0000] {logging_mixin.py:188} INFO - [2025-09-24T18:10:25.517+0000] {dag.py:3096} INFO - Sync 10 DAGs
[2025-09-24T18:10:25.534+0000] {logging_mixin.py:188} INFO - [2025-09-24T18:10:25.534+0000] {dag.py:3954} INFO - Setting next_dagrun for conditional_dataset_and_time_based_timetable to 2025-09-24 01:00:00+00:00, run_after=2025-09-24 01:00:00+00:00
[2025-09-24T18:10:25.537+0000] {logging_mixin.py:188} INFO - [2025-09-24T18:10:25.537+0000] {dag.py:3954} INFO - Setting next_dagrun for consume_1_and_2_with_dataset_expressions to None, run_after=None
[2025-09-24T18:10:25.539+0000] {logging_mixin.py:188} INFO - [2025-09-24T18:10:25.539+0000] {dag.py:3954} INFO - Setting next_dagrun for consume_1_or_2_with_dataset_expressions to None, run_after=None
[2025-09-24T18:10:25.540+0000] {logging_mixin.py:188} INFO - [2025-09-24T18:10:25.540+0000] {dag.py:3954} INFO - Setting next_dagrun for consume_1_or_both_2_and_3_with_dataset_expressions to None, run_after=None
[2025-09-24T18:10:25.542+0000] {logging_mixin.py:188} INFO - [2025-09-24T18:10:25.542+0000] {dag.py:3954} INFO - Setting next_dagrun for dataset_consumes_1 to None, run_after=None
[2025-09-24T18:10:25.543+0000] {logging_mixin.py:188} INFO - [2025-09-24T18:10:25.543+0000] {dag.py:3954} INFO - Setting next_dagrun for dataset_consumes_1_and_2 to None, run_after=None
[2025-09-24T18:10:25.545+0000] {logging_mixin.py:188} INFO - [2025-09-24T18:10:25.544+0000] {dag.py:3954} INFO - Setting next_dagrun for dataset_consumes_1_never_scheduled to None, run_after=None
[2025-09-24T18:10:25.546+0000] {logging_mixin.py:188} INFO - [2025-09-24T18:10:25.546+0000] {dag.py:3954} INFO - Setting next_dagrun for dataset_consumes_unknown_never_scheduled to None, run_after=None
[2025-09-24T18:10:25.548+0000] {logging_mixin.py:188} INFO - [2025-09-24T18:10:25.548+0000] {dag.py:3954} INFO - Setting next_dagrun for dataset_produces_1 to 2025-09-23 00:00:00+00:00, run_after=2025-09-24 00:00:00+00:00
[2025-09-24T18:10:25.550+0000] {logging_mixin.py:188} INFO - [2025-09-24T18:10:25.549+0000] {dag.py:3954} INFO - Setting next_dagrun for dataset_produces_2 to None, run_after=None
[2025-09-24T18:10:25.571+0000] {processor.py:183} INFO - Processing /home/airflow/.local/lib/python3.12/site-packages/airflow/example_dags/example_datasets.py took 0.102 seconds
[2025-09-24T18:10:56.310+0000] {processor.py:161} INFO - Started process (PID=647) to work on /home/airflow/.local/lib/python3.12/site-packages/airflow/example_dags/example_datasets.py
[2025-09-24T18:10:56.312+0000] {processor.py:830} INFO - Processing file /home/airflow/.local/lib/python3.12/site-packages/airflow/example_dags/example_datasets.py for tasks to queue
[2025-09-24T18:10:56.314+0000] {logging_mixin.py:188} INFO - [2025-09-24T18:10:56.313+0000] {dagbag.py:545} INFO - Filling up the DagBag from /home/airflow/.local/lib/python3.12/site-packages/airflow/example_dags/example_datasets.py
[2025-09-24T18:10:56.324+0000] {processor.py:840} INFO - DAG(s) 'dataset_consumes_1', 'dataset_consumes_unknown_never_scheduled', 'dataset_produces_2', 'consume_1_or_both_2_and_3_with_dataset_expressions', 'consume_1_and_2_with_dataset_expressions', 'conditional_dataset_and_time_based_timetable', 'consume_1_or_2_with_dataset_expressions', 'dataset_consumes_1_and_2', 'dataset_produces_1', 'dataset_consumes_1_never_scheduled' retrieved from /home/airflow/.local/lib/python3.12/site-packages/airflow/example_dags/example_datasets.py
[2025-09-24T18:10:56.359+0000] {logging_mixin.py:188} INFO - [2025-09-24T18:10:56.359+0000] {dag.py:3096} INFO - Sync 10 DAGs
[2025-09-24T18:10:56.381+0000] {logging_mixin.py:188} INFO - [2025-09-24T18:10:56.381+0000] {dag.py:3954} INFO - Setting next_dagrun for conditional_dataset_and_time_based_timetable to 2025-09-24 01:00:00+00:00, run_after=2025-09-24 01:00:00+00:00
[2025-09-24T18:10:56.384+0000] {logging_mixin.py:188} INFO - [2025-09-24T18:10:56.384+0000] {dag.py:3954} INFO - Setting next_dagrun for consume_1_and_2_with_dataset_expressions to None, run_after=None
[2025-09-24T18:10:56.386+0000] {logging_mixin.py:188} INFO - [2025-09-24T18:10:56.386+0000] {dag.py:3954} INFO - Setting next_dagrun for consume_1_or_2_with_dataset_expressions to None, run_after=None
[2025-09-24T18:10:56.387+0000] {logging_mixin.py:188} INFO - [2025-09-24T18:10:56.387+0000] {dag.py:3954} INFO - Setting next_dagrun for consume_1_or_both_2_and_3_with_dataset_expressions to None, run_after=None
[2025-09-24T18:10:56.390+0000] {logging_mixin.py:188} INFO - [2025-09-24T18:10:56.390+0000] {dag.py:3954} INFO - Setting next_dagrun for dataset_consumes_1 to None, run_after=None
[2025-09-24T18:10:56.392+0000] {logging_mixin.py:188} INFO - [2025-09-24T18:10:56.391+0000] {dag.py:3954} INFO - Setting next_dagrun for dataset_consumes_1_and_2 to None, run_after=None
[2025-09-24T18:10:56.393+0000] {logging_mixin.py:188} INFO - [2025-09-24T18:10:56.393+0000] {dag.py:3954} INFO - Setting next_dagrun for dataset_consumes_1_never_scheduled to None, run_after=None
[2025-09-24T18:10:56.394+0000] {logging_mixin.py:188} INFO - [2025-09-24T18:10:56.394+0000] {dag.py:3954} INFO - Setting next_dagrun for dataset_consumes_unknown_never_scheduled to None, run_after=None
[2025-09-24T18:10:56.397+0000] {logging_mixin.py:188} INFO - [2025-09-24T18:10:56.396+0000] {dag.py:3954} INFO - Setting next_dagrun for dataset_produces_1 to 2025-09-23 00:00:00+00:00, run_after=2025-09-24 00:00:00+00:00
[2025-09-24T18:10:56.398+0000] {logging_mixin.py:188} INFO - [2025-09-24T18:10:56.398+0000] {dag.py:3954} INFO - Setting next_dagrun for dataset_produces_2 to None, run_after=None
[2025-09-24T18:10:56.438+0000] {processor.py:183} INFO - Processing /home/airflow/.local/lib/python3.12/site-packages/airflow/example_dags/example_datasets.py took 0.132 seconds
[2025-09-24T18:11:26.949+0000] {processor.py:161} INFO - Started process (PID=707) to work on /home/airflow/.local/lib/python3.12/site-packages/airflow/example_dags/example_datasets.py
[2025-09-24T18:11:26.950+0000] {processor.py:830} INFO - Processing file /home/airflow/.local/lib/python3.12/site-packages/airflow/example_dags/example_datasets.py for tasks to queue
[2025-09-24T18:11:26.952+0000] {logging_mixin.py:188} INFO - [2025-09-24T18:11:26.952+0000] {dagbag.py:545} INFO - Filling up the DagBag from /home/airflow/.local/lib/python3.12/site-packages/airflow/example_dags/example_datasets.py
[2025-09-24T18:11:26.962+0000] {processor.py:840} INFO - DAG(s) 'dataset_produces_1', 'dataset_consumes_1_never_scheduled', 'consume_1_or_2_with_dataset_expressions', 'consume_1_or_both_2_and_3_with_dataset_expressions', 'dataset_consumes_unknown_never_scheduled', 'conditional_dataset_and_time_based_timetable', 'consume_1_and_2_with_dataset_expressions', 'dataset_produces_2', 'dataset_consumes_1', 'dataset_consumes_1_and_2' retrieved from /home/airflow/.local/lib/python3.12/site-packages/airflow/example_dags/example_datasets.py
[2025-09-24T18:11:26.997+0000] {logging_mixin.py:188} INFO - [2025-09-24T18:11:26.997+0000] {dag.py:3096} INFO - Sync 10 DAGs
[2025-09-24T18:11:27.015+0000] {logging_mixin.py:188} INFO - [2025-09-24T18:11:27.014+0000] {dag.py:3954} INFO - Setting next_dagrun for conditional_dataset_and_time_based_timetable to 2025-09-24 01:00:00+00:00, run_after=2025-09-24 01:00:00+00:00
[2025-09-24T18:11:27.018+0000] {logging_mixin.py:188} INFO - [2025-09-24T18:11:27.018+0000] {dag.py:3954} INFO - Setting next_dagrun for consume_1_and_2_with_dataset_expressions to None, run_after=None
[2025-09-24T18:11:27.020+0000] {logging_mixin.py:188} INFO - [2025-09-24T18:11:27.020+0000] {dag.py:3954} INFO - Setting next_dagrun for consume_1_or_2_with_dataset_expressions to None, run_after=None
[2025-09-24T18:11:27.021+0000] {logging_mixin.py:188} INFO - [2025-09-24T18:11:27.021+0000] {dag.py:3954} INFO - Setting next_dagrun for consume_1_or_both_2_and_3_with_dataset_expressions to None, run_after=None
[2025-09-24T18:11:27.023+0000] {logging_mixin.py:188} INFO - [2025-09-24T18:11:27.023+0000] {dag.py:3954} INFO - Setting next_dagrun for dataset_consumes_1 to None, run_after=None
[2025-09-24T18:11:27.024+0000] {logging_mixin.py:188} INFO - [2025-09-24T18:11:27.024+0000] {dag.py:3954} INFO - Setting next_dagrun for dataset_consumes_1_and_2 to None, run_after=None
[2025-09-24T18:11:27.026+0000] {logging_mixin.py:188} INFO - [2025-09-24T18:11:27.026+0000] {dag.py:3954} INFO - Setting next_dagrun for dataset_consumes_1_never_scheduled to None, run_after=None
[2025-09-24T18:11:27.027+0000] {logging_mixin.py:188} INFO - [2025-09-24T18:11:27.027+0000] {dag.py:3954} INFO - Setting next_dagrun for dataset_consumes_unknown_never_scheduled to None, run_after=None
[2025-09-24T18:11:27.029+0000] {logging_mixin.py:188} INFO - [2025-09-24T18:11:27.029+0000] {dag.py:3954} INFO - Setting next_dagrun for dataset_produces_1 to 2025-09-23 00:00:00+00:00, run_after=2025-09-24 00:00:00+00:00
[2025-09-24T18:11:27.030+0000] {logging_mixin.py:188} INFO - [2025-09-24T18:11:27.030+0000] {dag.py:3954} INFO - Setting next_dagrun for dataset_produces_2 to None, run_after=None
[2025-09-24T18:11:27.054+0000] {processor.py:183} INFO - Processing /home/airflow/.local/lib/python3.12/site-packages/airflow/example_dags/example_datasets.py took 0.109 seconds
[2025-09-24T18:11:57.745+0000] {processor.py:161} INFO - Started process (PID=767) to work on /home/airflow/.local/lib/python3.12/site-packages/airflow/example_dags/example_datasets.py
[2025-09-24T18:11:57.746+0000] {processor.py:830} INFO - Processing file /home/airflow/.local/lib/python3.12/site-packages/airflow/example_dags/example_datasets.py for tasks to queue
[2025-09-24T18:11:57.749+0000] {logging_mixin.py:188} INFO - [2025-09-24T18:11:57.748+0000] {dagbag.py:545} INFO - Filling up the DagBag from /home/airflow/.local/lib/python3.12/site-packages/airflow/example_dags/example_datasets.py
[2025-09-24T18:11:57.761+0000] {processor.py:840} INFO - DAG(s) 'consume_1_and_2_with_dataset_expressions', 'dataset_consumes_unknown_never_scheduled', 'dataset_produces_2', 'dataset_consumes_1', 'dataset_consumes_1_and_2', 'dataset_produces_1', 'consume_1_or_both_2_and_3_with_dataset_expressions', 'conditional_dataset_and_time_based_timetable', 'consume_1_or_2_with_dataset_expressions', 'dataset_consumes_1_never_scheduled' retrieved from /home/airflow/.local/lib/python3.12/site-packages/airflow/example_dags/example_datasets.py
[2025-09-24T18:11:57.806+0000] {logging_mixin.py:188} INFO - [2025-09-24T18:11:57.806+0000] {dag.py:3096} INFO - Sync 10 DAGs
[2025-09-24T18:11:57.826+0000] {logging_mixin.py:188} INFO - [2025-09-24T18:11:57.826+0000] {dag.py:3954} INFO - Setting next_dagrun for conditional_dataset_and_time_based_timetable to 2025-09-24 01:00:00+00:00, run_after=2025-09-24 01:00:00+00:00
[2025-09-24T18:11:57.830+0000] {logging_mixin.py:188} INFO - [2025-09-24T18:11:57.829+0000] {dag.py:3954} INFO - Setting next_dagrun for consume_1_and_2_with_dataset_expressions to None, run_after=None
[2025-09-24T18:11:57.831+0000] {logging_mixin.py:188} INFO - [2025-09-24T18:11:57.831+0000] {dag.py:3954} INFO - Setting next_dagrun for consume_1_or_2_with_dataset_expressions to None, run_after=None
[2025-09-24T18:11:57.834+0000] {logging_mixin.py:188} INFO - [2025-09-24T18:11:57.834+0000] {dag.py:3954} INFO - Setting next_dagrun for consume_1_or_both_2_and_3_with_dataset_expressions to None, run_after=None
[2025-09-24T18:11:57.836+0000] {logging_mixin.py:188} INFO - [2025-09-24T18:11:57.836+0000] {dag.py:3954} INFO - Setting next_dagrun for dataset_consumes_1 to None, run_after=None
[2025-09-24T18:11:57.838+0000] {logging_mixin.py:188} INFO - [2025-09-24T18:11:57.837+0000] {dag.py:3954} INFO - Setting next_dagrun for dataset_consumes_1_and_2 to None, run_after=None
[2025-09-24T18:11:57.839+0000] {logging_mixin.py:188} INFO - [2025-09-24T18:11:57.839+0000] {dag.py:3954} INFO - Setting next_dagrun for dataset_consumes_1_never_scheduled to None, run_after=None
[2025-09-24T18:11:57.840+0000] {logging_mixin.py:188} INFO - [2025-09-24T18:11:57.840+0000] {dag.py:3954} INFO - Setting next_dagrun for dataset_consumes_unknown_never_scheduled to None, run_after=None
[2025-09-24T18:11:57.842+0000] {logging_mixin.py:188} INFO - [2025-09-24T18:11:57.842+0000] {dag.py:3954} INFO - Setting next_dagrun for dataset_produces_1 to 2025-09-23 00:00:00+00:00, run_after=2025-09-24 00:00:00+00:00
[2025-09-24T18:11:57.844+0000] {logging_mixin.py:188} INFO - [2025-09-24T18:11:57.844+0000] {dag.py:3954} INFO - Setting next_dagrun for dataset_produces_2 to None, run_after=None
[2025-09-24T18:11:57.867+0000] {processor.py:183} INFO - Processing /home/airflow/.local/lib/python3.12/site-packages/airflow/example_dags/example_datasets.py took 0.128 seconds
[2025-09-24T18:12:28.020+0000] {processor.py:161} INFO - Started process (PID=827) to work on /home/airflow/.local/lib/python3.12/site-packages/airflow/example_dags/example_datasets.py
[2025-09-24T18:12:28.021+0000] {processor.py:830} INFO - Processing file /home/airflow/.local/lib/python3.12/site-packages/airflow/example_dags/example_datasets.py for tasks to queue
[2025-09-24T18:12:28.024+0000] {logging_mixin.py:188} INFO - [2025-09-24T18:12:28.024+0000] {dagbag.py:545} INFO - Filling up the DagBag from /home/airflow/.local/lib/python3.12/site-packages/airflow/example_dags/example_datasets.py
[2025-09-24T18:12:28.037+0000] {processor.py:840} INFO - DAG(s) 'dataset_produces_2', 'conditional_dataset_and_time_based_timetable', 'dataset_consumes_unknown_never_scheduled', 'dataset_consumes_1_never_scheduled', 'dataset_produces_1', 'consume_1_and_2_with_dataset_expressions', 'dataset_consumes_1_and_2', 'consume_1_or_2_with_dataset_expressions', 'dataset_consumes_1', 'consume_1_or_both_2_and_3_with_dataset_expressions' retrieved from /home/airflow/.local/lib/python3.12/site-packages/airflow/example_dags/example_datasets.py
[2025-09-24T18:12:28.073+0000] {logging_mixin.py:188} INFO - [2025-09-24T18:12:28.073+0000] {dag.py:3096} INFO - Sync 10 DAGs
[2025-09-24T18:12:28.090+0000] {logging_mixin.py:188} INFO - [2025-09-24T18:12:28.090+0000] {dag.py:3954} INFO - Setting next_dagrun for conditional_dataset_and_time_based_timetable to 2025-09-24 01:00:00+00:00, run_after=2025-09-24 01:00:00+00:00
[2025-09-24T18:12:28.095+0000] {logging_mixin.py:188} INFO - [2025-09-24T18:12:28.095+0000] {dag.py:3954} INFO - Setting next_dagrun for consume_1_and_2_with_dataset_expressions to None, run_after=None
[2025-09-24T18:12:28.097+0000] {logging_mixin.py:188} INFO - [2025-09-24T18:12:28.097+0000] {dag.py:3954} INFO - Setting next_dagrun for consume_1_or_2_with_dataset_expressions to None, run_after=None
[2025-09-24T18:12:28.100+0000] {logging_mixin.py:188} INFO - [2025-09-24T18:12:28.100+0000] {dag.py:3954} INFO - Setting next_dagrun for consume_1_or_both_2_and_3_with_dataset_expressions to None, run_after=None
[2025-09-24T18:12:28.102+0000] {logging_mixin.py:188} INFO - [2025-09-24T18:12:28.102+0000] {dag.py:3954} INFO - Setting next_dagrun for dataset_consumes_1 to None, run_after=None
[2025-09-24T18:12:28.105+0000] {logging_mixin.py:188} INFO - [2025-09-24T18:12:28.105+0000] {dag.py:3954} INFO - Setting next_dagrun for dataset_consumes_1_and_2 to None, run_after=None
[2025-09-24T18:12:28.108+0000] {logging_mixin.py:188} INFO - [2025-09-24T18:12:28.108+0000] {dag.py:3954} INFO - Setting next_dagrun for dataset_consumes_1_never_scheduled to None, run_after=None
[2025-09-24T18:12:28.110+0000] {logging_mixin.py:188} INFO - [2025-09-24T18:12:28.110+0000] {dag.py:3954} INFO - Setting next_dagrun for dataset_consumes_unknown_never_scheduled to None, run_after=None
[2025-09-24T18:12:28.115+0000] {logging_mixin.py:188} INFO - [2025-09-24T18:12:28.115+0000] {dag.py:3954} INFO - Setting next_dagrun for dataset_produces_1 to 2025-09-23 00:00:00+00:00, run_after=2025-09-24 00:00:00+00:00
[2025-09-24T18:12:28.118+0000] {logging_mixin.py:188} INFO - [2025-09-24T18:12:28.118+0000] {dag.py:3954} INFO - Setting next_dagrun for dataset_produces_2 to None, run_after=None
[2025-09-24T18:12:28.166+0000] {processor.py:183} INFO - Processing /home/airflow/.local/lib/python3.12/site-packages/airflow/example_dags/example_datasets.py took 0.151 seconds
[2025-09-24T18:12:59.007+0000] {processor.py:161} INFO - Started process (PID=887) to work on /home/airflow/.local/lib/python3.12/site-packages/airflow/example_dags/example_datasets.py
[2025-09-24T18:12:59.009+0000] {processor.py:830} INFO - Processing file /home/airflow/.local/lib/python3.12/site-packages/airflow/example_dags/example_datasets.py for tasks to queue
[2025-09-24T18:12:59.011+0000] {logging_mixin.py:188} INFO - [2025-09-24T18:12:59.011+0000] {dagbag.py:545} INFO - Filling up the DagBag from /home/airflow/.local/lib/python3.12/site-packages/airflow/example_dags/example_datasets.py
[2025-09-24T18:12:59.022+0000] {processor.py:840} INFO - DAG(s) 'conditional_dataset_and_time_based_timetable', 'consume_1_and_2_with_dataset_expressions', 'consume_1_or_2_with_dataset_expressions', 'dataset_consumes_1_and_2', 'dataset_consumes_1_never_scheduled', 'consume_1_or_both_2_and_3_with_dataset_expressions', 'dataset_consumes_unknown_never_scheduled', 'dataset_consumes_1', 'dataset_produces_2', 'dataset_produces_1' retrieved from /home/airflow/.local/lib/python3.12/site-packages/airflow/example_dags/example_datasets.py
[2025-09-24T18:12:59.063+0000] {logging_mixin.py:188} INFO - [2025-09-24T18:12:59.063+0000] {dag.py:3096} INFO - Sync 10 DAGs
[2025-09-24T18:12:59.084+0000] {logging_mixin.py:188} INFO - [2025-09-24T18:12:59.084+0000] {dag.py:3954} INFO - Setting next_dagrun for conditional_dataset_and_time_based_timetable to 2025-09-24 01:00:00+00:00, run_after=2025-09-24 01:00:00+00:00
[2025-09-24T18:12:59.090+0000] {logging_mixin.py:188} INFO - [2025-09-24T18:12:59.090+0000] {dag.py:3954} INFO - Setting next_dagrun for consume_1_and_2_with_dataset_expressions to None, run_after=None
[2025-09-24T18:12:59.095+0000] {logging_mixin.py:188} INFO - [2025-09-24T18:12:59.094+0000] {dag.py:3954} INFO - Setting next_dagrun for consume_1_or_2_with_dataset_expressions to None, run_after=None
[2025-09-24T18:12:59.097+0000] {logging_mixin.py:188} INFO - [2025-09-24T18:12:59.096+0000] {dag.py:3954} INFO - Setting next_dagrun for consume_1_or_both_2_and_3_with_dataset_expressions to None, run_after=None
[2025-09-24T18:12:59.099+0000] {logging_mixin.py:188} INFO - [2025-09-24T18:12:59.098+0000] {dag.py:3954} INFO - Setting next_dagrun for dataset_consumes_1 to None, run_after=None
[2025-09-24T18:12:59.101+0000] {logging_mixin.py:188} INFO - [2025-09-24T18:12:59.100+0000] {dag.py:3954} INFO - Setting next_dagrun for dataset_consumes_1_and_2 to None, run_after=None
[2025-09-24T18:12:59.104+0000] {logging_mixin.py:188} INFO - [2025-09-24T18:12:59.104+0000] {dag.py:3954} INFO - Setting next_dagrun for dataset_consumes_1_never_scheduled to None, run_after=None
[2025-09-24T18:12:59.107+0000] {logging_mixin.py:188} INFO - [2025-09-24T18:12:59.107+0000] {dag.py:3954} INFO - Setting next_dagrun for dataset_consumes_unknown_never_scheduled to None, run_after=None
[2025-09-24T18:12:59.110+0000] {logging_mixin.py:188} INFO - [2025-09-24T18:12:59.110+0000] {dag.py:3954} INFO - Setting next_dagrun for dataset_produces_1 to 2025-09-23 00:00:00+00:00, run_after=2025-09-24 00:00:00+00:00
[2025-09-24T18:12:59.112+0000] {logging_mixin.py:188} INFO - [2025-09-24T18:12:59.112+0000] {dag.py:3954} INFO - Setting next_dagrun for dataset_produces_2 to None, run_after=None
[2025-09-24T18:12:59.145+0000] {processor.py:183} INFO - Processing /home/airflow/.local/lib/python3.12/site-packages/airflow/example_dags/example_datasets.py took 0.143 seconds
[2025-09-24T18:13:29.460+0000] {processor.py:161} INFO - Started process (PID=947) to work on /home/airflow/.local/lib/python3.12/site-packages/airflow/example_dags/example_datasets.py
[2025-09-24T18:13:29.462+0000] {processor.py:830} INFO - Processing file /home/airflow/.local/lib/python3.12/site-packages/airflow/example_dags/example_datasets.py for tasks to queue
[2025-09-24T18:13:29.463+0000] {logging_mixin.py:188} INFO - [2025-09-24T18:13:29.463+0000] {dagbag.py:545} INFO - Filling up the DagBag from /home/airflow/.local/lib/python3.12/site-packages/airflow/example_dags/example_datasets.py
[2025-09-24T18:13:29.474+0000] {processor.py:840} INFO - DAG(s) 'consume_1_and_2_with_dataset_expressions', 'dataset_consumes_1', 'conditional_dataset_and_time_based_timetable', 'dataset_consumes_1_never_scheduled', 'dataset_produces_2', 'consume_1_or_both_2_and_3_with_dataset_expressions', 'dataset_produces_1', 'dataset_consumes_unknown_never_scheduled', 'dataset_consumes_1_and_2', 'consume_1_or_2_with_dataset_expressions' retrieved from /home/airflow/.local/lib/python3.12/site-packages/airflow/example_dags/example_datasets.py
[2025-09-24T18:13:29.510+0000] {logging_mixin.py:188} INFO - [2025-09-24T18:13:29.510+0000] {dag.py:3096} INFO - Sync 10 DAGs
[2025-09-24T18:13:29.527+0000] {logging_mixin.py:188} INFO - [2025-09-24T18:13:29.527+0000] {dag.py:3954} INFO - Setting next_dagrun for conditional_dataset_and_time_based_timetable to 2025-09-24 01:00:00+00:00, run_after=2025-09-24 01:00:00+00:00
[2025-09-24T18:13:29.531+0000] {logging_mixin.py:188} INFO - [2025-09-24T18:13:29.530+0000] {dag.py:3954} INFO - Setting next_dagrun for consume_1_and_2_with_dataset_expressions to None, run_after=None
[2025-09-24T18:13:29.533+0000] {logging_mixin.py:188} INFO - [2025-09-24T18:13:29.533+0000] {dag.py:3954} INFO - Setting next_dagrun for consume_1_or_2_with_dataset_expressions to None, run_after=None
[2025-09-24T18:13:29.536+0000] {logging_mixin.py:188} INFO - [2025-09-24T18:13:29.536+0000] {dag.py:3954} INFO - Setting next_dagrun for consume_1_or_both_2_and_3_with_dataset_expressions to None, run_after=None
[2025-09-24T18:13:29.537+0000] {logging_mixin.py:188} INFO - [2025-09-24T18:13:29.537+0000] {dag.py:3954} INFO - Setting next_dagrun for dataset_consumes_1 to None, run_after=None
[2025-09-24T18:13:29.541+0000] {logging_mixin.py:188} INFO - [2025-09-24T18:13:29.541+0000] {dag.py:3954} INFO - Setting next_dagrun for dataset_consumes_1_and_2 to None, run_after=None
[2025-09-24T18:13:29.544+0000] {logging_mixin.py:188} INFO - [2025-09-24T18:13:29.544+0000] {dag.py:3954} INFO - Setting next_dagrun for dataset_consumes_1_never_scheduled to None, run_after=None
[2025-09-24T18:13:29.546+0000] {logging_mixin.py:188} INFO - [2025-09-24T18:13:29.546+0000] {dag.py:3954} INFO - Setting next_dagrun for dataset_consumes_unknown_never_scheduled to None, run_after=None
[2025-09-24T18:13:29.548+0000] {logging_mixin.py:188} INFO - [2025-09-24T18:13:29.548+0000] {dag.py:3954} INFO - Setting next_dagrun for dataset_produces_1 to 2025-09-23 00:00:00+00:00, run_after=2025-09-24 00:00:00+00:00
[2025-09-24T18:13:29.550+0000] {logging_mixin.py:188} INFO - [2025-09-24T18:13:29.550+0000] {dag.py:3954} INFO - Setting next_dagrun for dataset_produces_2 to None, run_after=None
[2025-09-24T18:13:29.577+0000] {processor.py:183} INFO - Processing /home/airflow/.local/lib/python3.12/site-packages/airflow/example_dags/example_datasets.py took 0.121 seconds
