[2025-09-24T18:06:22.076+0000] {processor.py:161} INFO - Started process (PID=104) to work on /home/airflow/.local/lib/python3.12/site-packages/airflow/example_dags/example_nested_branch_dag.py
[2025-09-24T18:06:22.078+0000] {processor.py:830} INFO - Processing file /home/airflow/.local/lib/python3.12/site-packages/airflow/example_dags/example_nested_branch_dag.py for tasks to queue
[2025-09-24T18:06:22.080+0000] {logging_mixin.py:188} INFO - [2025-09-24T18:06:22.080+0000] {dagbag.py:545} INFO - Filling up the DagBag from /home/airflow/.local/lib/python3.12/site-packages/airflow/example_dags/example_nested_branch_dag.py
[2025-09-24T18:06:22.092+0000] {processor.py:840} INFO - DAG(s) 'example_nested_branch_dag' retrieved from /home/airflow/.local/lib/python3.12/site-packages/airflow/example_dags/example_nested_branch_dag.py
[2025-09-24T18:06:22.215+0000] {logging_mixin.py:188} INFO - [2025-09-24T18:06:22.215+0000] {dag.py:3096} INFO - Sync 1 DAGs
[2025-09-24T18:06:22.240+0000] {logging_mixin.py:188} INFO - [2025-09-24T18:06:22.240+0000] {dag.py:3954} INFO - Setting next_dagrun for example_nested_branch_dag to 2025-09-23 00:00:00+00:00, run_after=2025-09-24 00:00:00+00:00
[2025-09-24T18:06:22.267+0000] {processor.py:183} INFO - Processing /home/airflow/.local/lib/python3.12/site-packages/airflow/example_dags/example_nested_branch_dag.py took 0.200 seconds
[2025-09-24T18:06:52.628+0000] {processor.py:161} INFO - Started process (PID=164) to work on /home/airflow/.local/lib/python3.12/site-packages/airflow/example_dags/example_nested_branch_dag.py
[2025-09-24T18:06:52.629+0000] {processor.py:830} INFO - Processing file /home/airflow/.local/lib/python3.12/site-packages/airflow/example_dags/example_nested_branch_dag.py for tasks to queue
[2025-09-24T18:06:52.634+0000] {logging_mixin.py:188} INFO - [2025-09-24T18:06:52.633+0000] {dagbag.py:545} INFO - Filling up the DagBag from /home/airflow/.local/lib/python3.12/site-packages/airflow/example_dags/example_nested_branch_dag.py
[2025-09-24T18:06:52.643+0000] {processor.py:840} INFO - DAG(s) 'example_nested_branch_dag' retrieved from /home/airflow/.local/lib/python3.12/site-packages/airflow/example_dags/example_nested_branch_dag.py
[2025-09-24T18:06:52.665+0000] {logging_mixin.py:188} INFO - [2025-09-24T18:06:52.665+0000] {dag.py:3096} INFO - Sync 1 DAGs
[2025-09-24T18:06:52.692+0000] {logging_mixin.py:188} INFO - [2025-09-24T18:06:52.692+0000] {dag.py:3954} INFO - Setting next_dagrun for example_nested_branch_dag to 2025-09-23 00:00:00+00:00, run_after=2025-09-24 00:00:00+00:00
[2025-09-24T18:06:52.713+0000] {processor.py:183} INFO - Processing /home/airflow/.local/lib/python3.12/site-packages/airflow/example_dags/example_nested_branch_dag.py took 0.091 seconds
[2025-09-24T18:07:22.938+0000] {processor.py:161} INFO - Started process (PID=224) to work on /home/airflow/.local/lib/python3.12/site-packages/airflow/example_dags/example_nested_branch_dag.py
[2025-09-24T18:07:22.938+0000] {processor.py:830} INFO - Processing file /home/airflow/.local/lib/python3.12/site-packages/airflow/example_dags/example_nested_branch_dag.py for tasks to queue
[2025-09-24T18:07:22.940+0000] {logging_mixin.py:188} INFO - [2025-09-24T18:07:22.940+0000] {dagbag.py:545} INFO - Filling up the DagBag from /home/airflow/.local/lib/python3.12/site-packages/airflow/example_dags/example_nested_branch_dag.py
[2025-09-24T18:07:22.948+0000] {processor.py:840} INFO - DAG(s) 'example_nested_branch_dag' retrieved from /home/airflow/.local/lib/python3.12/site-packages/airflow/example_dags/example_nested_branch_dag.py
[2025-09-24T18:07:22.966+0000] {logging_mixin.py:188} INFO - [2025-09-24T18:07:22.966+0000] {dag.py:3096} INFO - Sync 1 DAGs
[2025-09-24T18:07:22.984+0000] {logging_mixin.py:188} INFO - [2025-09-24T18:07:22.984+0000] {dag.py:3954} INFO - Setting next_dagrun for example_nested_branch_dag to 2025-09-23 00:00:00+00:00, run_after=2025-09-24 00:00:00+00:00
[2025-09-24T18:07:23.002+0000] {processor.py:183} INFO - Processing /home/airflow/.local/lib/python3.12/site-packages/airflow/example_dags/example_nested_branch_dag.py took 0.069 seconds
[2025-09-24T18:07:53.139+0000] {processor.py:161} INFO - Started process (PID=284) to work on /home/airflow/.local/lib/python3.12/site-packages/airflow/example_dags/example_nested_branch_dag.py
[2025-09-24T18:07:53.141+0000] {processor.py:830} INFO - Processing file /home/airflow/.local/lib/python3.12/site-packages/airflow/example_dags/example_nested_branch_dag.py for tasks to queue
[2025-09-24T18:07:53.142+0000] {logging_mixin.py:188} INFO - [2025-09-24T18:07:53.142+0000] {dagbag.py:545} INFO - Filling up the DagBag from /home/airflow/.local/lib/python3.12/site-packages/airflow/example_dags/example_nested_branch_dag.py
[2025-09-24T18:07:53.150+0000] {processor.py:840} INFO - DAG(s) 'example_nested_branch_dag' retrieved from /home/airflow/.local/lib/python3.12/site-packages/airflow/example_dags/example_nested_branch_dag.py
[2025-09-24T18:07:53.166+0000] {logging_mixin.py:188} INFO - [2025-09-24T18:07:53.166+0000] {dag.py:3096} INFO - Sync 1 DAGs
[2025-09-24T18:07:53.181+0000] {logging_mixin.py:188} INFO - [2025-09-24T18:07:53.181+0000] {dag.py:3954} INFO - Setting next_dagrun for example_nested_branch_dag to 2025-09-23 00:00:00+00:00, run_after=2025-09-24 00:00:00+00:00
[2025-09-24T18:07:53.195+0000] {processor.py:183} INFO - Processing /home/airflow/.local/lib/python3.12/site-packages/airflow/example_dags/example_nested_branch_dag.py took 0.060 seconds
[2025-09-24T18:08:23.639+0000] {processor.py:161} INFO - Started process (PID=344) to work on /home/airflow/.local/lib/python3.12/site-packages/airflow/example_dags/example_nested_branch_dag.py
[2025-09-24T18:08:23.640+0000] {processor.py:830} INFO - Processing file /home/airflow/.local/lib/python3.12/site-packages/airflow/example_dags/example_nested_branch_dag.py for tasks to queue
[2025-09-24T18:08:23.642+0000] {logging_mixin.py:188} INFO - [2025-09-24T18:08:23.642+0000] {dagbag.py:545} INFO - Filling up the DagBag from /home/airflow/.local/lib/python3.12/site-packages/airflow/example_dags/example_nested_branch_dag.py
[2025-09-24T18:08:23.652+0000] {processor.py:840} INFO - DAG(s) 'example_nested_branch_dag' retrieved from /home/airflow/.local/lib/python3.12/site-packages/airflow/example_dags/example_nested_branch_dag.py
[2025-09-24T18:08:23.671+0000] {logging_mixin.py:188} INFO - [2025-09-24T18:08:23.670+0000] {dag.py:3096} INFO - Sync 1 DAGs
[2025-09-24T18:08:23.690+0000] {logging_mixin.py:188} INFO - [2025-09-24T18:08:23.689+0000] {dag.py:3954} INFO - Setting next_dagrun for example_nested_branch_dag to 2025-09-23 00:00:00+00:00, run_after=2025-09-24 00:00:00+00:00
[2025-09-24T18:08:23.706+0000] {processor.py:183} INFO - Processing /home/airflow/.local/lib/python3.12/site-packages/airflow/example_dags/example_nested_branch_dag.py took 0.072 seconds
[2025-09-24T18:08:54.113+0000] {processor.py:161} INFO - Started process (PID=404) to work on /home/airflow/.local/lib/python3.12/site-packages/airflow/example_dags/example_nested_branch_dag.py
[2025-09-24T18:08:54.114+0000] {processor.py:830} INFO - Processing file /home/airflow/.local/lib/python3.12/site-packages/airflow/example_dags/example_nested_branch_dag.py for tasks to queue
[2025-09-24T18:08:54.117+0000] {logging_mixin.py:188} INFO - [2025-09-24T18:08:54.116+0000] {dagbag.py:545} INFO - Filling up the DagBag from /home/airflow/.local/lib/python3.12/site-packages/airflow/example_dags/example_nested_branch_dag.py
[2025-09-24T18:08:54.131+0000] {processor.py:840} INFO - DAG(s) 'example_nested_branch_dag' retrieved from /home/airflow/.local/lib/python3.12/site-packages/airflow/example_dags/example_nested_branch_dag.py
[2025-09-24T18:08:54.157+0000] {logging_mixin.py:188} INFO - [2025-09-24T18:08:54.157+0000] {dag.py:3096} INFO - Sync 1 DAGs
[2025-09-24T18:08:54.185+0000] {logging_mixin.py:188} INFO - [2025-09-24T18:08:54.185+0000] {dag.py:3954} INFO - Setting next_dagrun for example_nested_branch_dag to 2025-09-23 00:00:00+00:00, run_after=2025-09-24 00:00:00+00:00
[2025-09-24T18:08:54.209+0000] {processor.py:183} INFO - Processing /home/airflow/.local/lib/python3.12/site-packages/airflow/example_dags/example_nested_branch_dag.py took 0.102 seconds
[2025-09-24T18:09:24.329+0000] {processor.py:161} INFO - Started process (PID=464) to work on /home/airflow/.local/lib/python3.12/site-packages/airflow/example_dags/example_nested_branch_dag.py
[2025-09-24T18:09:24.330+0000] {processor.py:830} INFO - Processing file /home/airflow/.local/lib/python3.12/site-packages/airflow/example_dags/example_nested_branch_dag.py for tasks to queue
[2025-09-24T18:09:24.332+0000] {logging_mixin.py:188} INFO - [2025-09-24T18:09:24.331+0000] {dagbag.py:545} INFO - Filling up the DagBag from /home/airflow/.local/lib/python3.12/site-packages/airflow/example_dags/example_nested_branch_dag.py
[2025-09-24T18:09:24.339+0000] {processor.py:840} INFO - DAG(s) 'example_nested_branch_dag' retrieved from /home/airflow/.local/lib/python3.12/site-packages/airflow/example_dags/example_nested_branch_dag.py
[2025-09-24T18:09:24.357+0000] {logging_mixin.py:188} INFO - [2025-09-24T18:09:24.357+0000] {dag.py:3096} INFO - Sync 1 DAGs
[2025-09-24T18:09:24.374+0000] {logging_mixin.py:188} INFO - [2025-09-24T18:09:24.373+0000] {dag.py:3954} INFO - Setting next_dagrun for example_nested_branch_dag to 2025-09-23 00:00:00+00:00, run_after=2025-09-24 00:00:00+00:00
[2025-09-24T18:09:24.390+0000] {processor.py:183} INFO - Processing /home/airflow/.local/lib/python3.12/site-packages/airflow/example_dags/example_nested_branch_dag.py took 0.065 seconds
[2025-09-24T18:09:55.119+0000] {processor.py:161} INFO - Started process (PID=524) to work on /home/airflow/.local/lib/python3.12/site-packages/airflow/example_dags/example_nested_branch_dag.py
[2025-09-24T18:09:55.120+0000] {processor.py:830} INFO - Processing file /home/airflow/.local/lib/python3.12/site-packages/airflow/example_dags/example_nested_branch_dag.py for tasks to queue
[2025-09-24T18:09:55.122+0000] {logging_mixin.py:188} INFO - [2025-09-24T18:09:55.122+0000] {dagbag.py:545} INFO - Filling up the DagBag from /home/airflow/.local/lib/python3.12/site-packages/airflow/example_dags/example_nested_branch_dag.py
[2025-09-24T18:09:55.129+0000] {processor.py:840} INFO - DAG(s) 'example_nested_branch_dag' retrieved from /home/airflow/.local/lib/python3.12/site-packages/airflow/example_dags/example_nested_branch_dag.py
[2025-09-24T18:09:55.146+0000] {logging_mixin.py:188} INFO - [2025-09-24T18:09:55.145+0000] {dag.py:3096} INFO - Sync 1 DAGs
[2025-09-24T18:09:55.161+0000] {logging_mixin.py:188} INFO - [2025-09-24T18:09:55.161+0000] {dag.py:3954} INFO - Setting next_dagrun for example_nested_branch_dag to 2025-09-23 00:00:00+00:00, run_after=2025-09-24 00:00:00+00:00
[2025-09-24T18:09:55.200+0000] {processor.py:183} INFO - Processing /home/airflow/.local/lib/python3.12/site-packages/airflow/example_dags/example_nested_branch_dag.py took 0.085 seconds
[2025-09-24T18:10:25.367+0000] {processor.py:161} INFO - Started process (PID=585) to work on /home/airflow/.local/lib/python3.12/site-packages/airflow/example_dags/example_nested_branch_dag.py
[2025-09-24T18:10:25.369+0000] {processor.py:830} INFO - Processing file /home/airflow/.local/lib/python3.12/site-packages/airflow/example_dags/example_nested_branch_dag.py for tasks to queue
[2025-09-24T18:10:25.372+0000] {logging_mixin.py:188} INFO - [2025-09-24T18:10:25.371+0000] {dagbag.py:545} INFO - Filling up the DagBag from /home/airflow/.local/lib/python3.12/site-packages/airflow/example_dags/example_nested_branch_dag.py
[2025-09-24T18:10:25.386+0000] {processor.py:840} INFO - DAG(s) 'example_nested_branch_dag' retrieved from /home/airflow/.local/lib/python3.12/site-packages/airflow/example_dags/example_nested_branch_dag.py
[2025-09-24T18:10:25.405+0000] {logging_mixin.py:188} INFO - [2025-09-24T18:10:25.405+0000] {dag.py:3096} INFO - Sync 1 DAGs
[2025-09-24T18:10:25.422+0000] {logging_mixin.py:188} INFO - [2025-09-24T18:10:25.421+0000] {dag.py:3954} INFO - Setting next_dagrun for example_nested_branch_dag to 2025-09-23 00:00:00+00:00, run_after=2025-09-24 00:00:00+00:00
[2025-09-24T18:10:25.438+0000] {processor.py:183} INFO - Processing /home/airflow/.local/lib/python3.12/site-packages/airflow/example_dags/example_nested_branch_dag.py took 0.077 seconds
[2025-09-24T18:10:56.192+0000] {processor.py:161} INFO - Started process (PID=645) to work on /home/airflow/.local/lib/python3.12/site-packages/airflow/example_dags/example_nested_branch_dag.py
[2025-09-24T18:10:56.193+0000] {processor.py:830} INFO - Processing file /home/airflow/.local/lib/python3.12/site-packages/airflow/example_dags/example_nested_branch_dag.py for tasks to queue
[2025-09-24T18:10:56.195+0000] {logging_mixin.py:188} INFO - [2025-09-24T18:10:56.194+0000] {dagbag.py:545} INFO - Filling up the DagBag from /home/airflow/.local/lib/python3.12/site-packages/airflow/example_dags/example_nested_branch_dag.py
[2025-09-24T18:10:56.202+0000] {processor.py:840} INFO - DAG(s) 'example_nested_branch_dag' retrieved from /home/airflow/.local/lib/python3.12/site-packages/airflow/example_dags/example_nested_branch_dag.py
[2025-09-24T18:10:56.218+0000] {logging_mixin.py:188} INFO - [2025-09-24T18:10:56.218+0000] {dag.py:3096} INFO - Sync 1 DAGs
[2025-09-24T18:10:56.235+0000] {logging_mixin.py:188} INFO - [2025-09-24T18:10:56.235+0000] {dag.py:3954} INFO - Setting next_dagrun for example_nested_branch_dag to 2025-09-23 00:00:00+00:00, run_after=2025-09-24 00:00:00+00:00
[2025-09-24T18:10:56.265+0000] {processor.py:183} INFO - Processing /home/airflow/.local/lib/python3.12/site-packages/airflow/example_dags/example_nested_branch_dag.py took 0.077 seconds
[2025-09-24T18:11:26.810+0000] {processor.py:161} INFO - Started process (PID=705) to work on /home/airflow/.local/lib/python3.12/site-packages/airflow/example_dags/example_nested_branch_dag.py
[2025-09-24T18:11:26.823+0000] {processor.py:830} INFO - Processing file /home/airflow/.local/lib/python3.12/site-packages/airflow/example_dags/example_nested_branch_dag.py for tasks to queue
[2025-09-24T18:11:26.826+0000] {logging_mixin.py:188} INFO - [2025-09-24T18:11:26.826+0000] {dagbag.py:545} INFO - Filling up the DagBag from /home/airflow/.local/lib/python3.12/site-packages/airflow/example_dags/example_nested_branch_dag.py
[2025-09-24T18:11:26.834+0000] {processor.py:840} INFO - DAG(s) 'example_nested_branch_dag' retrieved from /home/airflow/.local/lib/python3.12/site-packages/airflow/example_dags/example_nested_branch_dag.py
[2025-09-24T18:11:26.855+0000] {logging_mixin.py:188} INFO - [2025-09-24T18:11:26.854+0000] {dag.py:3096} INFO - Sync 1 DAGs
[2025-09-24T18:11:26.872+0000] {logging_mixin.py:188} INFO - [2025-09-24T18:11:26.872+0000] {dag.py:3954} INFO - Setting next_dagrun for example_nested_branch_dag to 2025-09-23 00:00:00+00:00, run_after=2025-09-24 00:00:00+00:00
[2025-09-24T18:11:26.886+0000] {processor.py:183} INFO - Processing /home/airflow/.local/lib/python3.12/site-packages/airflow/example_dags/example_nested_branch_dag.py took 0.080 seconds
[2025-09-24T18:11:57.535+0000] {processor.py:161} INFO - Started process (PID=765) to work on /home/airflow/.local/lib/python3.12/site-packages/airflow/example_dags/example_nested_branch_dag.py
[2025-09-24T18:11:57.537+0000] {processor.py:830} INFO - Processing file /home/airflow/.local/lib/python3.12/site-packages/airflow/example_dags/example_nested_branch_dag.py for tasks to queue
[2025-09-24T18:11:57.538+0000] {logging_mixin.py:188} INFO - [2025-09-24T18:11:57.538+0000] {dagbag.py:545} INFO - Filling up the DagBag from /home/airflow/.local/lib/python3.12/site-packages/airflow/example_dags/example_nested_branch_dag.py
[2025-09-24T18:11:57.546+0000] {processor.py:840} INFO - DAG(s) 'example_nested_branch_dag' retrieved from /home/airflow/.local/lib/python3.12/site-packages/airflow/example_dags/example_nested_branch_dag.py
[2025-09-24T18:11:57.563+0000] {logging_mixin.py:188} INFO - [2025-09-24T18:11:57.563+0000] {dag.py:3096} INFO - Sync 1 DAGs
[2025-09-24T18:11:57.580+0000] {logging_mixin.py:188} INFO - [2025-09-24T18:11:57.580+0000] {dag.py:3954} INFO - Setting next_dagrun for example_nested_branch_dag to 2025-09-23 00:00:00+00:00, run_after=2025-09-24 00:00:00+00:00
[2025-09-24T18:11:57.645+0000] {processor.py:183} INFO - Processing /home/airflow/.local/lib/python3.12/site-packages/airflow/example_dags/example_nested_branch_dag.py took 0.114 seconds
[2025-09-24T18:12:27.693+0000] {processor.py:161} INFO - Started process (PID=825) to work on /home/airflow/.local/lib/python3.12/site-packages/airflow/example_dags/example_nested_branch_dag.py
[2025-09-24T18:12:27.694+0000] {processor.py:830} INFO - Processing file /home/airflow/.local/lib/python3.12/site-packages/airflow/example_dags/example_nested_branch_dag.py for tasks to queue
[2025-09-24T18:12:27.696+0000] {logging_mixin.py:188} INFO - [2025-09-24T18:12:27.696+0000] {dagbag.py:545} INFO - Filling up the DagBag from /home/airflow/.local/lib/python3.12/site-packages/airflow/example_dags/example_nested_branch_dag.py
[2025-09-24T18:12:27.704+0000] {processor.py:840} INFO - DAG(s) 'example_nested_branch_dag' retrieved from /home/airflow/.local/lib/python3.12/site-packages/airflow/example_dags/example_nested_branch_dag.py
[2025-09-24T18:12:27.723+0000] {logging_mixin.py:188} INFO - [2025-09-24T18:12:27.723+0000] {dag.py:3096} INFO - Sync 1 DAGs
[2025-09-24T18:12:27.747+0000] {logging_mixin.py:188} INFO - [2025-09-24T18:12:27.746+0000] {dag.py:3954} INFO - Setting next_dagrun for example_nested_branch_dag to 2025-09-23 00:00:00+00:00, run_after=2025-09-24 00:00:00+00:00
[2025-09-24T18:12:27.830+0000] {processor.py:183} INFO - Processing /home/airflow/.local/lib/python3.12/site-packages/airflow/example_dags/example_nested_branch_dag.py took 0.141 seconds
[2025-09-24T18:12:58.657+0000] {processor.py:161} INFO - Started process (PID=885) to work on /home/airflow/.local/lib/python3.12/site-packages/airflow/example_dags/example_nested_branch_dag.py
[2025-09-24T18:12:58.658+0000] {processor.py:830} INFO - Processing file /home/airflow/.local/lib/python3.12/site-packages/airflow/example_dags/example_nested_branch_dag.py for tasks to queue
[2025-09-24T18:12:58.660+0000] {logging_mixin.py:188} INFO - [2025-09-24T18:12:58.660+0000] {dagbag.py:545} INFO - Filling up the DagBag from /home/airflow/.local/lib/python3.12/site-packages/airflow/example_dags/example_nested_branch_dag.py
[2025-09-24T18:12:58.668+0000] {processor.py:840} INFO - DAG(s) 'example_nested_branch_dag' retrieved from /home/airflow/.local/lib/python3.12/site-packages/airflow/example_dags/example_nested_branch_dag.py
[2025-09-24T18:12:58.685+0000] {logging_mixin.py:188} INFO - [2025-09-24T18:12:58.685+0000] {dag.py:3096} INFO - Sync 1 DAGs
[2025-09-24T18:12:58.700+0000] {logging_mixin.py:188} INFO - [2025-09-24T18:12:58.700+0000] {dag.py:3954} INFO - Setting next_dagrun for example_nested_branch_dag to 2025-09-23 00:00:00+00:00, run_after=2025-09-24 00:00:00+00:00
[2025-09-24T18:12:58.716+0000] {processor.py:183} INFO - Processing /home/airflow/.local/lib/python3.12/site-packages/airflow/example_dags/example_nested_branch_dag.py took 0.063 seconds
[2025-09-24T18:13:29.341+0000] {processor.py:161} INFO - Started process (PID=945) to work on /home/airflow/.local/lib/python3.12/site-packages/airflow/example_dags/example_nested_branch_dag.py
[2025-09-24T18:13:29.344+0000] {processor.py:830} INFO - Processing file /home/airflow/.local/lib/python3.12/site-packages/airflow/example_dags/example_nested_branch_dag.py for tasks to queue
[2025-09-24T18:13:29.348+0000] {logging_mixin.py:188} INFO - [2025-09-24T18:13:29.348+0000] {dagbag.py:545} INFO - Filling up the DagBag from /home/airflow/.local/lib/python3.12/site-packages/airflow/example_dags/example_nested_branch_dag.py
[2025-09-24T18:13:29.369+0000] {processor.py:840} INFO - DAG(s) 'example_nested_branch_dag' retrieved from /home/airflow/.local/lib/python3.12/site-packages/airflow/example_dags/example_nested_branch_dag.py
[2025-09-24T18:13:29.398+0000] {logging_mixin.py:188} INFO - [2025-09-24T18:13:29.398+0000] {dag.py:3096} INFO - Sync 1 DAGs
[2025-09-24T18:13:29.417+0000] {logging_mixin.py:188} INFO - [2025-09-24T18:13:29.416+0000] {dag.py:3954} INFO - Setting next_dagrun for example_nested_branch_dag to 2025-09-23 00:00:00+00:00, run_after=2025-09-24 00:00:00+00:00
[2025-09-24T18:13:29.432+0000] {processor.py:183} INFO - Processing /home/airflow/.local/lib/python3.12/site-packages/airflow/example_dags/example_nested_branch_dag.py took 0.098 seconds
