[2025-09-24T18:06:19.724+0000] {processor.py:161} INFO - Started process (PID=82) to work on /home/airflow/.local/lib/python3.12/site-packages/airflow/example_dags/example_branch_labels.py
[2025-09-24T18:06:19.726+0000] {processor.py:830} INFO - Processing file /home/airflow/.local/lib/python3.12/site-packages/airflow/example_dags/example_branch_labels.py for tasks to queue
[2025-09-24T18:06:19.730+0000] {logging_mixin.py:188} INFO - [2025-09-24T18:06:19.729+0000] {dagbag.py:545} INFO - Filling up the DagBag from /home/airflow/.local/lib/python3.12/site-packages/airflow/example_dags/example_branch_labels.py
[2025-09-24T18:06:19.747+0000] {processor.py:840} INFO - DAG(s) 'example_branch_labels' retrieved from /home/airflow/.local/lib/python3.12/site-packages/airflow/example_dags/example_branch_labels.py
[2025-09-24T18:06:19.898+0000] {logging_mixin.py:188} INFO - [2025-09-24T18:06:19.898+0000] {dag.py:3096} INFO - Sync 1 DAGs
[2025-09-24T18:06:19.927+0000] {logging_mixin.py:188} INFO - [2025-09-24T18:06:19.927+0000] {dag.py:3954} INFO - Setting next_dagrun for example_branch_labels to 2025-09-23 00:00:00+00:00, run_after=2025-09-24 00:00:00+00:00
[2025-09-24T18:06:19.955+0000] {processor.py:183} INFO - Processing /home/airflow/.local/lib/python3.12/site-packages/airflow/example_dags/example_branch_labels.py took 0.239 seconds
[2025-09-24T18:06:50.662+0000] {processor.py:161} INFO - Started process (PID=142) to work on /home/airflow/.local/lib/python3.12/site-packages/airflow/example_dags/example_branch_labels.py
[2025-09-24T18:06:50.663+0000] {processor.py:830} INFO - Processing file /home/airflow/.local/lib/python3.12/site-packages/airflow/example_dags/example_branch_labels.py for tasks to queue
[2025-09-24T18:06:50.665+0000] {logging_mixin.py:188} INFO - [2025-09-24T18:06:50.665+0000] {dagbag.py:545} INFO - Filling up the DagBag from /home/airflow/.local/lib/python3.12/site-packages/airflow/example_dags/example_branch_labels.py
[2025-09-24T18:06:50.672+0000] {processor.py:840} INFO - DAG(s) 'example_branch_labels' retrieved from /home/airflow/.local/lib/python3.12/site-packages/airflow/example_dags/example_branch_labels.py
[2025-09-24T18:06:50.688+0000] {logging_mixin.py:188} INFO - [2025-09-24T18:06:50.688+0000] {dag.py:3096} INFO - Sync 1 DAGs
[2025-09-24T18:06:50.705+0000] {logging_mixin.py:188} INFO - [2025-09-24T18:06:50.705+0000] {dag.py:3954} INFO - Setting next_dagrun for example_branch_labels to 2025-09-23 00:00:00+00:00, run_after=2025-09-24 00:00:00+00:00
[2025-09-24T18:06:50.721+0000] {processor.py:183} INFO - Processing /home/airflow/.local/lib/python3.12/site-packages/airflow/example_dags/example_branch_labels.py took 0.064 seconds
[2025-09-24T18:07:21.015+0000] {processor.py:161} INFO - Started process (PID=202) to work on /home/airflow/.local/lib/python3.12/site-packages/airflow/example_dags/example_branch_labels.py
[2025-09-24T18:07:21.016+0000] {processor.py:830} INFO - Processing file /home/airflow/.local/lib/python3.12/site-packages/airflow/example_dags/example_branch_labels.py for tasks to queue
[2025-09-24T18:07:21.018+0000] {logging_mixin.py:188} INFO - [2025-09-24T18:07:21.017+0000] {dagbag.py:545} INFO - Filling up the DagBag from /home/airflow/.local/lib/python3.12/site-packages/airflow/example_dags/example_branch_labels.py
[2025-09-24T18:07:21.024+0000] {processor.py:840} INFO - DAG(s) 'example_branch_labels' retrieved from /home/airflow/.local/lib/python3.12/site-packages/airflow/example_dags/example_branch_labels.py
[2025-09-24T18:07:21.039+0000] {logging_mixin.py:188} INFO - [2025-09-24T18:07:21.039+0000] {dag.py:3096} INFO - Sync 1 DAGs
[2025-09-24T18:07:21.056+0000] {logging_mixin.py:188} INFO - [2025-09-24T18:07:21.056+0000] {dag.py:3954} INFO - Setting next_dagrun for example_branch_labels to 2025-09-23 00:00:00+00:00, run_after=2025-09-24 00:00:00+00:00
[2025-09-24T18:07:21.079+0000] {processor.py:183} INFO - Processing /home/airflow/.local/lib/python3.12/site-packages/airflow/example_dags/example_branch_labels.py took 0.069 seconds
[2025-09-24T18:07:51.264+0000] {processor.py:161} INFO - Started process (PID=268) to work on /home/airflow/.local/lib/python3.12/site-packages/airflow/example_dags/example_branch_labels.py
[2025-09-24T18:07:51.265+0000] {processor.py:830} INFO - Processing file /home/airflow/.local/lib/python3.12/site-packages/airflow/example_dags/example_branch_labels.py for tasks to queue
[2025-09-24T18:07:51.267+0000] {logging_mixin.py:188} INFO - [2025-09-24T18:07:51.266+0000] {dagbag.py:545} INFO - Filling up the DagBag from /home/airflow/.local/lib/python3.12/site-packages/airflow/example_dags/example_branch_labels.py
[2025-09-24T18:07:51.272+0000] {processor.py:840} INFO - DAG(s) 'example_branch_labels' retrieved from /home/airflow/.local/lib/python3.12/site-packages/airflow/example_dags/example_branch_labels.py
[2025-09-24T18:07:51.289+0000] {logging_mixin.py:188} INFO - [2025-09-24T18:07:51.289+0000] {dag.py:3096} INFO - Sync 1 DAGs
[2025-09-24T18:07:51.306+0000] {logging_mixin.py:188} INFO - [2025-09-24T18:07:51.306+0000] {dag.py:3954} INFO - Setting next_dagrun for example_branch_labels to 2025-09-23 00:00:00+00:00, run_after=2025-09-24 00:00:00+00:00
[2025-09-24T18:07:51.319+0000] {processor.py:183} INFO - Processing /home/airflow/.local/lib/python3.12/site-packages/airflow/example_dags/example_branch_labels.py took 0.061 seconds
[2025-09-24T18:08:22.571+0000] {processor.py:161} INFO - Started process (PID=328) to work on /home/airflow/.local/lib/python3.12/site-packages/airflow/example_dags/example_branch_labels.py
[2025-09-24T18:08:22.572+0000] {processor.py:830} INFO - Processing file /home/airflow/.local/lib/python3.12/site-packages/airflow/example_dags/example_branch_labels.py for tasks to queue
[2025-09-24T18:08:22.577+0000] {logging_mixin.py:188} INFO - [2025-09-24T18:08:22.575+0000] {dagbag.py:545} INFO - Filling up the DagBag from /home/airflow/.local/lib/python3.12/site-packages/airflow/example_dags/example_branch_labels.py
[2025-09-24T18:08:22.585+0000] {processor.py:840} INFO - DAG(s) 'example_branch_labels' retrieved from /home/airflow/.local/lib/python3.12/site-packages/airflow/example_dags/example_branch_labels.py
[2025-09-24T18:08:22.608+0000] {logging_mixin.py:188} INFO - [2025-09-24T18:08:22.608+0000] {dag.py:3096} INFO - Sync 1 DAGs
[2025-09-24T18:08:22.644+0000] {logging_mixin.py:188} INFO - [2025-09-24T18:08:22.644+0000] {dag.py:3954} INFO - Setting next_dagrun for example_branch_labels to 2025-09-23 00:00:00+00:00, run_after=2025-09-24 00:00:00+00:00
[2025-09-24T18:08:22.663+0000] {processor.py:183} INFO - Processing /home/airflow/.local/lib/python3.12/site-packages/airflow/example_dags/example_branch_labels.py took 0.098 seconds
[2025-09-24T18:08:52.737+0000] {processor.py:161} INFO - Started process (PID=386) to work on /home/airflow/.local/lib/python3.12/site-packages/airflow/example_dags/example_branch_labels.py
[2025-09-24T18:08:52.738+0000] {processor.py:830} INFO - Processing file /home/airflow/.local/lib/python3.12/site-packages/airflow/example_dags/example_branch_labels.py for tasks to queue
[2025-09-24T18:08:52.741+0000] {logging_mixin.py:188} INFO - [2025-09-24T18:08:52.740+0000] {dagbag.py:545} INFO - Filling up the DagBag from /home/airflow/.local/lib/python3.12/site-packages/airflow/example_dags/example_branch_labels.py
[2025-09-24T18:08:52.747+0000] {processor.py:840} INFO - DAG(s) 'example_branch_labels' retrieved from /home/airflow/.local/lib/python3.12/site-packages/airflow/example_dags/example_branch_labels.py
[2025-09-24T18:08:52.766+0000] {logging_mixin.py:188} INFO - [2025-09-24T18:08:52.766+0000] {dag.py:3096} INFO - Sync 1 DAGs
[2025-09-24T18:08:52.786+0000] {logging_mixin.py:188} INFO - [2025-09-24T18:08:52.786+0000] {dag.py:3954} INFO - Setting next_dagrun for example_branch_labels to 2025-09-23 00:00:00+00:00, run_after=2025-09-24 00:00:00+00:00
[2025-09-24T18:08:52.807+0000] {processor.py:183} INFO - Processing /home/airflow/.local/lib/python3.12/site-packages/airflow/example_dags/example_branch_labels.py took 0.074 seconds
[2025-09-24T18:09:23.189+0000] {processor.py:161} INFO - Started process (PID=446) to work on /home/airflow/.local/lib/python3.12/site-packages/airflow/example_dags/example_branch_labels.py
[2025-09-24T18:09:23.190+0000] {processor.py:830} INFO - Processing file /home/airflow/.local/lib/python3.12/site-packages/airflow/example_dags/example_branch_labels.py for tasks to queue
[2025-09-24T18:09:23.192+0000] {logging_mixin.py:188} INFO - [2025-09-24T18:09:23.192+0000] {dagbag.py:545} INFO - Filling up the DagBag from /home/airflow/.local/lib/python3.12/site-packages/airflow/example_dags/example_branch_labels.py
[2025-09-24T18:09:23.198+0000] {processor.py:840} INFO - DAG(s) 'example_branch_labels' retrieved from /home/airflow/.local/lib/python3.12/site-packages/airflow/example_dags/example_branch_labels.py
[2025-09-24T18:09:23.213+0000] {logging_mixin.py:188} INFO - [2025-09-24T18:09:23.213+0000] {dag.py:3096} INFO - Sync 1 DAGs
[2025-09-24T18:09:23.229+0000] {logging_mixin.py:188} INFO - [2025-09-24T18:09:23.228+0000] {dag.py:3954} INFO - Setting next_dagrun for example_branch_labels to 2025-09-23 00:00:00+00:00, run_after=2025-09-24 00:00:00+00:00
[2025-09-24T18:09:23.247+0000] {processor.py:183} INFO - Processing /home/airflow/.local/lib/python3.12/site-packages/airflow/example_dags/example_branch_labels.py took 0.066 seconds
[2025-09-24T18:09:53.605+0000] {processor.py:161} INFO - Started process (PID=506) to work on /home/airflow/.local/lib/python3.12/site-packages/airflow/example_dags/example_branch_labels.py
[2025-09-24T18:09:53.609+0000] {processor.py:830} INFO - Processing file /home/airflow/.local/lib/python3.12/site-packages/airflow/example_dags/example_branch_labels.py for tasks to queue
[2025-09-24T18:09:53.610+0000] {logging_mixin.py:188} INFO - [2025-09-24T18:09:53.610+0000] {dagbag.py:545} INFO - Filling up the DagBag from /home/airflow/.local/lib/python3.12/site-packages/airflow/example_dags/example_branch_labels.py
[2025-09-24T18:09:53.619+0000] {processor.py:840} INFO - DAG(s) 'example_branch_labels' retrieved from /home/airflow/.local/lib/python3.12/site-packages/airflow/example_dags/example_branch_labels.py
[2025-09-24T18:09:53.638+0000] {logging_mixin.py:188} INFO - [2025-09-24T18:09:53.637+0000] {dag.py:3096} INFO - Sync 1 DAGs
[2025-09-24T18:09:53.654+0000] {logging_mixin.py:188} INFO - [2025-09-24T18:09:53.653+0000] {dag.py:3954} INFO - Setting next_dagrun for example_branch_labels to 2025-09-23 00:00:00+00:00, run_after=2025-09-24 00:00:00+00:00
[2025-09-24T18:09:53.667+0000] {processor.py:183} INFO - Processing /home/airflow/.local/lib/python3.12/site-packages/airflow/example_dags/example_branch_labels.py took 0.066 seconds
[2025-09-24T18:10:23.846+0000] {processor.py:161} INFO - Started process (PID=567) to work on /home/airflow/.local/lib/python3.12/site-packages/airflow/example_dags/example_branch_labels.py
[2025-09-24T18:10:23.847+0000] {processor.py:830} INFO - Processing file /home/airflow/.local/lib/python3.12/site-packages/airflow/example_dags/example_branch_labels.py for tasks to queue
[2025-09-24T18:10:23.849+0000] {logging_mixin.py:188} INFO - [2025-09-24T18:10:23.849+0000] {dagbag.py:545} INFO - Filling up the DagBag from /home/airflow/.local/lib/python3.12/site-packages/airflow/example_dags/example_branch_labels.py
[2025-09-24T18:10:23.858+0000] {processor.py:840} INFO - DAG(s) 'example_branch_labels' retrieved from /home/airflow/.local/lib/python3.12/site-packages/airflow/example_dags/example_branch_labels.py
[2025-09-24T18:10:23.879+0000] {logging_mixin.py:188} INFO - [2025-09-24T18:10:23.879+0000] {dag.py:3096} INFO - Sync 1 DAGs
[2025-09-24T18:10:23.896+0000] {logging_mixin.py:188} INFO - [2025-09-24T18:10:23.896+0000] {dag.py:3954} INFO - Setting next_dagrun for example_branch_labels to 2025-09-23 00:00:00+00:00, run_after=2025-09-24 00:00:00+00:00
[2025-09-24T18:10:23.917+0000] {processor.py:183} INFO - Processing /home/airflow/.local/lib/python3.12/site-packages/airflow/example_dags/example_branch_labels.py took 0.078 seconds
[2025-09-24T18:10:54.513+0000] {processor.py:161} INFO - Started process (PID=627) to work on /home/airflow/.local/lib/python3.12/site-packages/airflow/example_dags/example_branch_labels.py
[2025-09-24T18:10:54.515+0000] {processor.py:830} INFO - Processing file /home/airflow/.local/lib/python3.12/site-packages/airflow/example_dags/example_branch_labels.py for tasks to queue
[2025-09-24T18:10:54.516+0000] {logging_mixin.py:188} INFO - [2025-09-24T18:10:54.516+0000] {dagbag.py:545} INFO - Filling up the DagBag from /home/airflow/.local/lib/python3.12/site-packages/airflow/example_dags/example_branch_labels.py
[2025-09-24T18:10:54.523+0000] {processor.py:840} INFO - DAG(s) 'example_branch_labels' retrieved from /home/airflow/.local/lib/python3.12/site-packages/airflow/example_dags/example_branch_labels.py
[2025-09-24T18:10:54.539+0000] {logging_mixin.py:188} INFO - [2025-09-24T18:10:54.539+0000] {dag.py:3096} INFO - Sync 1 DAGs
[2025-09-24T18:10:54.556+0000] {logging_mixin.py:188} INFO - [2025-09-24T18:10:54.556+0000] {dag.py:3954} INFO - Setting next_dagrun for example_branch_labels to 2025-09-23 00:00:00+00:00, run_after=2025-09-24 00:00:00+00:00
[2025-09-24T18:10:54.597+0000] {processor.py:183} INFO - Processing /home/airflow/.local/lib/python3.12/site-packages/airflow/example_dags/example_branch_labels.py took 0.089 seconds
[2025-09-24T18:11:24.948+0000] {processor.py:161} INFO - Started process (PID=687) to work on /home/airflow/.local/lib/python3.12/site-packages/airflow/example_dags/example_branch_labels.py
[2025-09-24T18:11:24.949+0000] {processor.py:830} INFO - Processing file /home/airflow/.local/lib/python3.12/site-packages/airflow/example_dags/example_branch_labels.py for tasks to queue
[2025-09-24T18:11:24.951+0000] {logging_mixin.py:188} INFO - [2025-09-24T18:11:24.951+0000] {dagbag.py:545} INFO - Filling up the DagBag from /home/airflow/.local/lib/python3.12/site-packages/airflow/example_dags/example_branch_labels.py
[2025-09-24T18:11:24.957+0000] {processor.py:840} INFO - DAG(s) 'example_branch_labels' retrieved from /home/airflow/.local/lib/python3.12/site-packages/airflow/example_dags/example_branch_labels.py
[2025-09-24T18:11:24.973+0000] {logging_mixin.py:188} INFO - [2025-09-24T18:11:24.973+0000] {dag.py:3096} INFO - Sync 1 DAGs
[2025-09-24T18:11:24.990+0000] {logging_mixin.py:188} INFO - [2025-09-24T18:11:24.990+0000] {dag.py:3954} INFO - Setting next_dagrun for example_branch_labels to 2025-09-23 00:00:00+00:00, run_after=2025-09-24 00:00:00+00:00
[2025-09-24T18:11:25.004+0000] {processor.py:183} INFO - Processing /home/airflow/.local/lib/python3.12/site-packages/airflow/example_dags/example_branch_labels.py took 0.061 seconds
[2025-09-24T18:11:55.306+0000] {processor.py:161} INFO - Started process (PID=747) to work on /home/airflow/.local/lib/python3.12/site-packages/airflow/example_dags/example_branch_labels.py
[2025-09-24T18:11:55.307+0000] {processor.py:830} INFO - Processing file /home/airflow/.local/lib/python3.12/site-packages/airflow/example_dags/example_branch_labels.py for tasks to queue
[2025-09-24T18:11:55.308+0000] {logging_mixin.py:188} INFO - [2025-09-24T18:11:55.308+0000] {dagbag.py:545} INFO - Filling up the DagBag from /home/airflow/.local/lib/python3.12/site-packages/airflow/example_dags/example_branch_labels.py
[2025-09-24T18:11:55.314+0000] {processor.py:840} INFO - DAG(s) 'example_branch_labels' retrieved from /home/airflow/.local/lib/python3.12/site-packages/airflow/example_dags/example_branch_labels.py
[2025-09-24T18:11:55.329+0000] {logging_mixin.py:188} INFO - [2025-09-24T18:11:55.329+0000] {dag.py:3096} INFO - Sync 1 DAGs
[2025-09-24T18:11:55.345+0000] {logging_mixin.py:188} INFO - [2025-09-24T18:11:55.344+0000] {dag.py:3954} INFO - Setting next_dagrun for example_branch_labels to 2025-09-23 00:00:00+00:00, run_after=2025-09-24 00:00:00+00:00
[2025-09-24T18:11:55.362+0000] {processor.py:183} INFO - Processing /home/airflow/.local/lib/python3.12/site-packages/airflow/example_dags/example_branch_labels.py took 0.061 seconds
[2025-09-24T18:12:25.930+0000] {processor.py:161} INFO - Started process (PID=807) to work on /home/airflow/.local/lib/python3.12/site-packages/airflow/example_dags/example_branch_labels.py
[2025-09-24T18:12:25.931+0000] {processor.py:830} INFO - Processing file /home/airflow/.local/lib/python3.12/site-packages/airflow/example_dags/example_branch_labels.py for tasks to queue
[2025-09-24T18:12:25.933+0000] {logging_mixin.py:188} INFO - [2025-09-24T18:12:25.933+0000] {dagbag.py:545} INFO - Filling up the DagBag from /home/airflow/.local/lib/python3.12/site-packages/airflow/example_dags/example_branch_labels.py
[2025-09-24T18:12:25.939+0000] {processor.py:840} INFO - DAG(s) 'example_branch_labels' retrieved from /home/airflow/.local/lib/python3.12/site-packages/airflow/example_dags/example_branch_labels.py
[2025-09-24T18:12:25.954+0000] {logging_mixin.py:188} INFO - [2025-09-24T18:12:25.953+0000] {dag.py:3096} INFO - Sync 1 DAGs
[2025-09-24T18:12:25.970+0000] {logging_mixin.py:188} INFO - [2025-09-24T18:12:25.970+0000] {dag.py:3954} INFO - Setting next_dagrun for example_branch_labels to 2025-09-23 00:00:00+00:00, run_after=2025-09-24 00:00:00+00:00
[2025-09-24T18:12:26.046+0000] {processor.py:183} INFO - Processing /home/airflow/.local/lib/python3.12/site-packages/airflow/example_dags/example_branch_labels.py took 0.120 seconds
[2025-09-24T18:12:56.186+0000] {processor.py:161} INFO - Started process (PID=867) to work on /home/airflow/.local/lib/python3.12/site-packages/airflow/example_dags/example_branch_labels.py
[2025-09-24T18:12:56.193+0000] {processor.py:830} INFO - Processing file /home/airflow/.local/lib/python3.12/site-packages/airflow/example_dags/example_branch_labels.py for tasks to queue
[2025-09-24T18:12:56.195+0000] {logging_mixin.py:188} INFO - [2025-09-24T18:12:56.195+0000] {dagbag.py:545} INFO - Filling up the DagBag from /home/airflow/.local/lib/python3.12/site-packages/airflow/example_dags/example_branch_labels.py
[2025-09-24T18:12:56.201+0000] {processor.py:840} INFO - DAG(s) 'example_branch_labels' retrieved from /home/airflow/.local/lib/python3.12/site-packages/airflow/example_dags/example_branch_labels.py
[2025-09-24T18:12:56.217+0000] {logging_mixin.py:188} INFO - [2025-09-24T18:12:56.217+0000] {dag.py:3096} INFO - Sync 1 DAGs
[2025-09-24T18:12:56.234+0000] {logging_mixin.py:188} INFO - [2025-09-24T18:12:56.233+0000] {dag.py:3954} INFO - Setting next_dagrun for example_branch_labels to 2025-09-23 00:00:00+00:00, run_after=2025-09-24 00:00:00+00:00
[2025-09-24T18:12:56.247+0000] {processor.py:183} INFO - Processing /home/airflow/.local/lib/python3.12/site-packages/airflow/example_dags/example_branch_labels.py took 0.067 seconds
[2025-09-24T18:13:26.618+0000] {processor.py:161} INFO - Started process (PID=927) to work on /home/airflow/.local/lib/python3.12/site-packages/airflow/example_dags/example_branch_labels.py
[2025-09-24T18:13:26.619+0000] {processor.py:830} INFO - Processing file /home/airflow/.local/lib/python3.12/site-packages/airflow/example_dags/example_branch_labels.py for tasks to queue
[2025-09-24T18:13:26.621+0000] {logging_mixin.py:188} INFO - [2025-09-24T18:13:26.621+0000] {dagbag.py:545} INFO - Filling up the DagBag from /home/airflow/.local/lib/python3.12/site-packages/airflow/example_dags/example_branch_labels.py
[2025-09-24T18:13:26.629+0000] {processor.py:840} INFO - DAG(s) 'example_branch_labels' retrieved from /home/airflow/.local/lib/python3.12/site-packages/airflow/example_dags/example_branch_labels.py
[2025-09-24T18:13:26.648+0000] {logging_mixin.py:188} INFO - [2025-09-24T18:13:26.648+0000] {dag.py:3096} INFO - Sync 1 DAGs
[2025-09-24T18:13:26.669+0000] {logging_mixin.py:188} INFO - [2025-09-24T18:13:26.669+0000] {dag.py:3954} INFO - Setting next_dagrun for example_branch_labels to 2025-09-23 00:00:00+00:00, run_after=2025-09-24 00:00:00+00:00
[2025-09-24T18:13:26.686+0000] {processor.py:183} INFO - Processing /home/airflow/.local/lib/python3.12/site-packages/airflow/example_dags/example_branch_labels.py took 0.074 seconds
