[2025-09-24T18:06:23.150+0000] {processor.py:161} INFO - Started process (PID=111) to work on /home/airflow/.local/lib/python3.12/site-packages/airflow/example_dags/example_task_group.py
[2025-09-24T18:06:23.152+0000] {processor.py:830} INFO - Processing file /home/airflow/.local/lib/python3.12/site-packages/airflow/example_dags/example_task_group.py for tasks to queue
[2025-09-24T18:06:23.154+0000] {logging_mixin.py:188} INFO - [2025-09-24T18:06:23.154+0000] {dagbag.py:545} INFO - Filling up the DagBag from /home/airflow/.local/lib/python3.12/site-packages/airflow/example_dags/example_task_group.py
[2025-09-24T18:06:23.162+0000] {processor.py:840} INFO - DAG(s) 'example_task_group' retrieved from /home/airflow/.local/lib/python3.12/site-packages/airflow/example_dags/example_task_group.py
[2025-09-24T18:06:23.252+0000] {logging_mixin.py:188} INFO - [2025-09-24T18:06:23.252+0000] {dag.py:3096} INFO - Sync 1 DAGs
[2025-09-24T18:06:23.270+0000] {logging_mixin.py:188} INFO - [2025-09-24T18:06:23.270+0000] {dag.py:3954} INFO - Setting next_dagrun for example_task_group to 2025-09-23 00:00:00+00:00, run_after=2025-09-24 00:00:00+00:00
[2025-09-24T18:06:23.292+0000] {processor.py:183} INFO - Processing /home/airflow/.local/lib/python3.12/site-packages/airflow/example_dags/example_task_group.py took 0.151 seconds
[2025-09-24T18:06:54.165+0000] {processor.py:161} INFO - Started process (PID=171) to work on /home/airflow/.local/lib/python3.12/site-packages/airflow/example_dags/example_task_group.py
[2025-09-24T18:06:54.167+0000] {processor.py:830} INFO - Processing file /home/airflow/.local/lib/python3.12/site-packages/airflow/example_dags/example_task_group.py for tasks to queue
[2025-09-24T18:06:54.170+0000] {logging_mixin.py:188} INFO - [2025-09-24T18:06:54.170+0000] {dagbag.py:545} INFO - Filling up the DagBag from /home/airflow/.local/lib/python3.12/site-packages/airflow/example_dags/example_task_group.py
[2025-09-24T18:06:54.178+0000] {processor.py:840} INFO - DAG(s) 'example_task_group' retrieved from /home/airflow/.local/lib/python3.12/site-packages/airflow/example_dags/example_task_group.py
[2025-09-24T18:06:54.204+0000] {logging_mixin.py:188} INFO - [2025-09-24T18:06:54.204+0000] {dag.py:3096} INFO - Sync 1 DAGs
[2025-09-24T18:06:54.230+0000] {logging_mixin.py:188} INFO - [2025-09-24T18:06:54.230+0000] {dag.py:3954} INFO - Setting next_dagrun for example_task_group to 2025-09-23 00:00:00+00:00, run_after=2025-09-24 00:00:00+00:00
[2025-09-24T18:06:54.251+0000] {processor.py:183} INFO - Processing /home/airflow/.local/lib/python3.12/site-packages/airflow/example_dags/example_task_group.py took 0.092 seconds
[2025-09-24T18:07:24.323+0000] {processor.py:161} INFO - Started process (PID=231) to work on /home/airflow/.local/lib/python3.12/site-packages/airflow/example_dags/example_task_group.py
[2025-09-24T18:07:24.324+0000] {processor.py:830} INFO - Processing file /home/airflow/.local/lib/python3.12/site-packages/airflow/example_dags/example_task_group.py for tasks to queue
[2025-09-24T18:07:24.327+0000] {logging_mixin.py:188} INFO - [2025-09-24T18:07:24.326+0000] {dagbag.py:545} INFO - Filling up the DagBag from /home/airflow/.local/lib/python3.12/site-packages/airflow/example_dags/example_task_group.py
[2025-09-24T18:07:24.335+0000] {processor.py:840} INFO - DAG(s) 'example_task_group' retrieved from /home/airflow/.local/lib/python3.12/site-packages/airflow/example_dags/example_task_group.py
[2025-09-24T18:07:24.356+0000] {logging_mixin.py:188} INFO - [2025-09-24T18:07:24.356+0000] {dag.py:3096} INFO - Sync 1 DAGs
[2025-09-24T18:07:24.376+0000] {logging_mixin.py:188} INFO - [2025-09-24T18:07:24.375+0000] {dag.py:3954} INFO - Setting next_dagrun for example_task_group to 2025-09-23 00:00:00+00:00, run_after=2025-09-24 00:00:00+00:00
[2025-09-24T18:07:24.403+0000] {processor.py:183} INFO - Processing /home/airflow/.local/lib/python3.12/site-packages/airflow/example_dags/example_task_group.py took 0.086 seconds
[2025-09-24T18:07:54.581+0000] {processor.py:161} INFO - Started process (PID=291) to work on /home/airflow/.local/lib/python3.12/site-packages/airflow/example_dags/example_task_group.py
[2025-09-24T18:07:54.583+0000] {processor.py:830} INFO - Processing file /home/airflow/.local/lib/python3.12/site-packages/airflow/example_dags/example_task_group.py for tasks to queue
[2025-09-24T18:07:54.585+0000] {logging_mixin.py:188} INFO - [2025-09-24T18:07:54.584+0000] {dagbag.py:545} INFO - Filling up the DagBag from /home/airflow/.local/lib/python3.12/site-packages/airflow/example_dags/example_task_group.py
[2025-09-24T18:07:54.591+0000] {processor.py:840} INFO - DAG(s) 'example_task_group' retrieved from /home/airflow/.local/lib/python3.12/site-packages/airflow/example_dags/example_task_group.py
[2025-09-24T18:07:54.621+0000] {logging_mixin.py:188} INFO - [2025-09-24T18:07:54.620+0000] {dag.py:3096} INFO - Sync 1 DAGs
[2025-09-24T18:07:54.638+0000] {logging_mixin.py:188} INFO - [2025-09-24T18:07:54.637+0000] {dag.py:3954} INFO - Setting next_dagrun for example_task_group to 2025-09-23 00:00:00+00:00, run_after=2025-09-24 00:00:00+00:00
[2025-09-24T18:07:54.659+0000] {processor.py:183} INFO - Processing /home/airflow/.local/lib/python3.12/site-packages/airflow/example_dags/example_task_group.py took 0.084 seconds
[2025-09-24T18:08:25.049+0000] {processor.py:161} INFO - Started process (PID=351) to work on /home/airflow/.local/lib/python3.12/site-packages/airflow/example_dags/example_task_group.py
[2025-09-24T18:08:25.051+0000] {processor.py:830} INFO - Processing file /home/airflow/.local/lib/python3.12/site-packages/airflow/example_dags/example_task_group.py for tasks to queue
[2025-09-24T18:08:25.053+0000] {logging_mixin.py:188} INFO - [2025-09-24T18:08:25.053+0000] {dagbag.py:545} INFO - Filling up the DagBag from /home/airflow/.local/lib/python3.12/site-packages/airflow/example_dags/example_task_group.py
[2025-09-24T18:08:25.059+0000] {processor.py:840} INFO - DAG(s) 'example_task_group' retrieved from /home/airflow/.local/lib/python3.12/site-packages/airflow/example_dags/example_task_group.py
[2025-09-24T18:08:25.080+0000] {logging_mixin.py:188} INFO - [2025-09-24T18:08:25.080+0000] {dag.py:3096} INFO - Sync 1 DAGs
[2025-09-24T18:08:25.103+0000] {logging_mixin.py:188} INFO - [2025-09-24T18:08:25.102+0000] {dag.py:3954} INFO - Setting next_dagrun for example_task_group to 2025-09-23 00:00:00+00:00, run_after=2025-09-24 00:00:00+00:00
[2025-09-24T18:08:25.121+0000] {processor.py:183} INFO - Processing /home/airflow/.local/lib/python3.12/site-packages/airflow/example_dags/example_task_group.py took 0.077 seconds
[2025-09-24T18:08:55.618+0000] {processor.py:161} INFO - Started process (PID=411) to work on /home/airflow/.local/lib/python3.12/site-packages/airflow/example_dags/example_task_group.py
[2025-09-24T18:08:55.619+0000] {processor.py:830} INFO - Processing file /home/airflow/.local/lib/python3.12/site-packages/airflow/example_dags/example_task_group.py for tasks to queue
[2025-09-24T18:08:55.622+0000] {logging_mixin.py:188} INFO - [2025-09-24T18:08:55.621+0000] {dagbag.py:545} INFO - Filling up the DagBag from /home/airflow/.local/lib/python3.12/site-packages/airflow/example_dags/example_task_group.py
[2025-09-24T18:08:55.629+0000] {processor.py:840} INFO - DAG(s) 'example_task_group' retrieved from /home/airflow/.local/lib/python3.12/site-packages/airflow/example_dags/example_task_group.py
[2025-09-24T18:08:55.648+0000] {logging_mixin.py:188} INFO - [2025-09-24T18:08:55.648+0000] {dag.py:3096} INFO - Sync 1 DAGs
[2025-09-24T18:08:55.666+0000] {logging_mixin.py:188} INFO - [2025-09-24T18:08:55.666+0000] {dag.py:3954} INFO - Setting next_dagrun for example_task_group to 2025-09-23 00:00:00+00:00, run_after=2025-09-24 00:00:00+00:00
[2025-09-24T18:08:55.685+0000] {processor.py:183} INFO - Processing /home/airflow/.local/lib/python3.12/site-packages/airflow/example_dags/example_task_group.py took 0.074 seconds
[2025-09-24T18:09:25.782+0000] {processor.py:161} INFO - Started process (PID=471) to work on /home/airflow/.local/lib/python3.12/site-packages/airflow/example_dags/example_task_group.py
[2025-09-24T18:09:25.783+0000] {processor.py:830} INFO - Processing file /home/airflow/.local/lib/python3.12/site-packages/airflow/example_dags/example_task_group.py for tasks to queue
[2025-09-24T18:09:25.785+0000] {logging_mixin.py:188} INFO - [2025-09-24T18:09:25.784+0000] {dagbag.py:545} INFO - Filling up the DagBag from /home/airflow/.local/lib/python3.12/site-packages/airflow/example_dags/example_task_group.py
[2025-09-24T18:09:25.791+0000] {processor.py:840} INFO - DAG(s) 'example_task_group' retrieved from /home/airflow/.local/lib/python3.12/site-packages/airflow/example_dags/example_task_group.py
[2025-09-24T18:09:25.808+0000] {logging_mixin.py:188} INFO - [2025-09-24T18:09:25.808+0000] {dag.py:3096} INFO - Sync 1 DAGs
[2025-09-24T18:09:25.827+0000] {logging_mixin.py:188} INFO - [2025-09-24T18:09:25.827+0000] {dag.py:3954} INFO - Setting next_dagrun for example_task_group to 2025-09-23 00:00:00+00:00, run_after=2025-09-24 00:00:00+00:00
[2025-09-24T18:09:25.842+0000] {processor.py:183} INFO - Processing /home/airflow/.local/lib/python3.12/site-packages/airflow/example_dags/example_task_group.py took 0.065 seconds
[2025-09-24T18:09:56.582+0000] {processor.py:161} INFO - Started process (PID=531) to work on /home/airflow/.local/lib/python3.12/site-packages/airflow/example_dags/example_task_group.py
[2025-09-24T18:09:56.583+0000] {processor.py:830} INFO - Processing file /home/airflow/.local/lib/python3.12/site-packages/airflow/example_dags/example_task_group.py for tasks to queue
[2025-09-24T18:09:56.585+0000] {logging_mixin.py:188} INFO - [2025-09-24T18:09:56.585+0000] {dagbag.py:545} INFO - Filling up the DagBag from /home/airflow/.local/lib/python3.12/site-packages/airflow/example_dags/example_task_group.py
[2025-09-24T18:09:56.591+0000] {processor.py:840} INFO - DAG(s) 'example_task_group' retrieved from /home/airflow/.local/lib/python3.12/site-packages/airflow/example_dags/example_task_group.py
[2025-09-24T18:09:56.606+0000] {logging_mixin.py:188} INFO - [2025-09-24T18:09:56.606+0000] {dag.py:3096} INFO - Sync 1 DAGs
[2025-09-24T18:09:56.622+0000] {logging_mixin.py:188} INFO - [2025-09-24T18:09:56.622+0000] {dag.py:3954} INFO - Setting next_dagrun for example_task_group to 2025-09-23 00:00:00+00:00, run_after=2025-09-24 00:00:00+00:00
[2025-09-24T18:09:56.637+0000] {processor.py:183} INFO - Processing /home/airflow/.local/lib/python3.12/site-packages/airflow/example_dags/example_task_group.py took 0.060 seconds
[2025-09-24T18:10:26.868+0000] {processor.py:161} INFO - Started process (PID=592) to work on /home/airflow/.local/lib/python3.12/site-packages/airflow/example_dags/example_task_group.py
[2025-09-24T18:10:26.870+0000] {processor.py:830} INFO - Processing file /home/airflow/.local/lib/python3.12/site-packages/airflow/example_dags/example_task_group.py for tasks to queue
[2025-09-24T18:10:26.875+0000] {logging_mixin.py:188} INFO - [2025-09-24T18:10:26.874+0000] {dagbag.py:545} INFO - Filling up the DagBag from /home/airflow/.local/lib/python3.12/site-packages/airflow/example_dags/example_task_group.py
[2025-09-24T18:10:26.884+0000] {processor.py:840} INFO - DAG(s) 'example_task_group' retrieved from /home/airflow/.local/lib/python3.12/site-packages/airflow/example_dags/example_task_group.py
[2025-09-24T18:10:26.904+0000] {logging_mixin.py:188} INFO - [2025-09-24T18:10:26.903+0000] {dag.py:3096} INFO - Sync 1 DAGs
[2025-09-24T18:10:26.920+0000] {logging_mixin.py:188} INFO - [2025-09-24T18:10:26.920+0000] {dag.py:3954} INFO - Setting next_dagrun for example_task_group to 2025-09-23 00:00:00+00:00, run_after=2025-09-24 00:00:00+00:00
[2025-09-24T18:10:26.990+0000] {processor.py:183} INFO - Processing /home/airflow/.local/lib/python3.12/site-packages/airflow/example_dags/example_task_group.py took 0.129 seconds
[2025-09-24T18:10:57.657+0000] {processor.py:161} INFO - Started process (PID=652) to work on /home/airflow/.local/lib/python3.12/site-packages/airflow/example_dags/example_task_group.py
[2025-09-24T18:10:57.659+0000] {processor.py:830} INFO - Processing file /home/airflow/.local/lib/python3.12/site-packages/airflow/example_dags/example_task_group.py for tasks to queue
[2025-09-24T18:10:57.661+0000] {logging_mixin.py:188} INFO - [2025-09-24T18:10:57.661+0000] {dagbag.py:545} INFO - Filling up the DagBag from /home/airflow/.local/lib/python3.12/site-packages/airflow/example_dags/example_task_group.py
[2025-09-24T18:10:57.667+0000] {processor.py:840} INFO - DAG(s) 'example_task_group' retrieved from /home/airflow/.local/lib/python3.12/site-packages/airflow/example_dags/example_task_group.py
[2025-09-24T18:10:57.682+0000] {logging_mixin.py:188} INFO - [2025-09-24T18:10:57.682+0000] {dag.py:3096} INFO - Sync 1 DAGs
[2025-09-24T18:10:57.699+0000] {logging_mixin.py:188} INFO - [2025-09-24T18:10:57.698+0000] {dag.py:3954} INFO - Setting next_dagrun for example_task_group to 2025-09-23 00:00:00+00:00, run_after=2025-09-24 00:00:00+00:00
[2025-09-24T18:10:57.717+0000] {processor.py:183} INFO - Processing /home/airflow/.local/lib/python3.12/site-packages/airflow/example_dags/example_task_group.py took 0.069 seconds
[2025-09-24T18:11:28.325+0000] {processor.py:161} INFO - Started process (PID=712) to work on /home/airflow/.local/lib/python3.12/site-packages/airflow/example_dags/example_task_group.py
[2025-09-24T18:11:28.326+0000] {processor.py:830} INFO - Processing file /home/airflow/.local/lib/python3.12/site-packages/airflow/example_dags/example_task_group.py for tasks to queue
[2025-09-24T18:11:28.327+0000] {logging_mixin.py:188} INFO - [2025-09-24T18:11:28.327+0000] {dagbag.py:545} INFO - Filling up the DagBag from /home/airflow/.local/lib/python3.12/site-packages/airflow/example_dags/example_task_group.py
[2025-09-24T18:11:28.333+0000] {processor.py:840} INFO - DAG(s) 'example_task_group' retrieved from /home/airflow/.local/lib/python3.12/site-packages/airflow/example_dags/example_task_group.py
[2025-09-24T18:11:28.359+0000] {logging_mixin.py:188} INFO - [2025-09-24T18:11:28.359+0000] {dag.py:3096} INFO - Sync 1 DAGs
[2025-09-24T18:11:28.385+0000] {logging_mixin.py:188} INFO - [2025-09-24T18:11:28.385+0000] {dag.py:3954} INFO - Setting next_dagrun for example_task_group to 2025-09-23 00:00:00+00:00, run_after=2025-09-24 00:00:00+00:00
[2025-09-24T18:11:28.405+0000] {processor.py:183} INFO - Processing /home/airflow/.local/lib/python3.12/site-packages/airflow/example_dags/example_task_group.py took 0.085 seconds
[2025-09-24T18:11:59.206+0000] {processor.py:161} INFO - Started process (PID=772) to work on /home/airflow/.local/lib/python3.12/site-packages/airflow/example_dags/example_task_group.py
[2025-09-24T18:11:59.207+0000] {processor.py:830} INFO - Processing file /home/airflow/.local/lib/python3.12/site-packages/airflow/example_dags/example_task_group.py for tasks to queue
[2025-09-24T18:11:59.210+0000] {logging_mixin.py:188} INFO - [2025-09-24T18:11:59.209+0000] {dagbag.py:545} INFO - Filling up the DagBag from /home/airflow/.local/lib/python3.12/site-packages/airflow/example_dags/example_task_group.py
[2025-09-24T18:11:59.216+0000] {processor.py:840} INFO - DAG(s) 'example_task_group' retrieved from /home/airflow/.local/lib/python3.12/site-packages/airflow/example_dags/example_task_group.py
[2025-09-24T18:11:59.236+0000] {logging_mixin.py:188} INFO - [2025-09-24T18:11:59.235+0000] {dag.py:3096} INFO - Sync 1 DAGs
[2025-09-24T18:11:59.251+0000] {logging_mixin.py:188} INFO - [2025-09-24T18:11:59.251+0000] {dag.py:3954} INFO - Setting next_dagrun for example_task_group to 2025-09-23 00:00:00+00:00, run_after=2025-09-24 00:00:00+00:00
[2025-09-24T18:11:59.266+0000] {processor.py:183} INFO - Processing /home/airflow/.local/lib/python3.12/site-packages/airflow/example_dags/example_task_group.py took 0.066 seconds
[2025-09-24T18:12:29.328+0000] {processor.py:161} INFO - Started process (PID=832) to work on /home/airflow/.local/lib/python3.12/site-packages/airflow/example_dags/example_task_group.py
[2025-09-24T18:12:29.330+0000] {processor.py:830} INFO - Processing file /home/airflow/.local/lib/python3.12/site-packages/airflow/example_dags/example_task_group.py for tasks to queue
[2025-09-24T18:12:29.332+0000] {logging_mixin.py:188} INFO - [2025-09-24T18:12:29.331+0000] {dagbag.py:545} INFO - Filling up the DagBag from /home/airflow/.local/lib/python3.12/site-packages/airflow/example_dags/example_task_group.py
[2025-09-24T18:12:29.337+0000] {processor.py:840} INFO - DAG(s) 'example_task_group' retrieved from /home/airflow/.local/lib/python3.12/site-packages/airflow/example_dags/example_task_group.py
[2025-09-24T18:12:29.356+0000] {logging_mixin.py:188} INFO - [2025-09-24T18:12:29.355+0000] {dag.py:3096} INFO - Sync 1 DAGs
[2025-09-24T18:12:29.383+0000] {logging_mixin.py:188} INFO - [2025-09-24T18:12:29.383+0000] {dag.py:3954} INFO - Setting next_dagrun for example_task_group to 2025-09-23 00:00:00+00:00, run_after=2025-09-24 00:00:00+00:00
[2025-09-24T18:12:29.439+0000] {processor.py:183} INFO - Processing /home/airflow/.local/lib/python3.12/site-packages/airflow/example_dags/example_task_group.py took 0.117 seconds
[2025-09-24T18:13:00.464+0000] {processor.py:161} INFO - Started process (PID=892) to work on /home/airflow/.local/lib/python3.12/site-packages/airflow/example_dags/example_task_group.py
[2025-09-24T18:13:00.465+0000] {processor.py:830} INFO - Processing file /home/airflow/.local/lib/python3.12/site-packages/airflow/example_dags/example_task_group.py for tasks to queue
[2025-09-24T18:13:00.469+0000] {logging_mixin.py:188} INFO - [2025-09-24T18:13:00.469+0000] {dagbag.py:545} INFO - Filling up the DagBag from /home/airflow/.local/lib/python3.12/site-packages/airflow/example_dags/example_task_group.py
[2025-09-24T18:13:00.479+0000] {processor.py:840} INFO - DAG(s) 'example_task_group' retrieved from /home/airflow/.local/lib/python3.12/site-packages/airflow/example_dags/example_task_group.py
[2025-09-24T18:13:00.499+0000] {logging_mixin.py:188} INFO - [2025-09-24T18:13:00.499+0000] {dag.py:3096} INFO - Sync 1 DAGs
[2025-09-24T18:13:00.515+0000] {logging_mixin.py:188} INFO - [2025-09-24T18:13:00.515+0000] {dag.py:3954} INFO - Setting next_dagrun for example_task_group to 2025-09-23 00:00:00+00:00, run_after=2025-09-24 00:00:00+00:00
[2025-09-24T18:13:00.563+0000] {processor.py:183} INFO - Processing /home/airflow/.local/lib/python3.12/site-packages/airflow/example_dags/example_task_group.py took 0.103 seconds
[2025-09-24T18:13:30.888+0000] {processor.py:161} INFO - Started process (PID=952) to work on /home/airflow/.local/lib/python3.12/site-packages/airflow/example_dags/example_task_group.py
[2025-09-24T18:13:30.889+0000] {processor.py:830} INFO - Processing file /home/airflow/.local/lib/python3.12/site-packages/airflow/example_dags/example_task_group.py for tasks to queue
[2025-09-24T18:13:30.891+0000] {logging_mixin.py:188} INFO - [2025-09-24T18:13:30.891+0000] {dagbag.py:545} INFO - Filling up the DagBag from /home/airflow/.local/lib/python3.12/site-packages/airflow/example_dags/example_task_group.py
[2025-09-24T18:13:30.897+0000] {processor.py:840} INFO - DAG(s) 'example_task_group' retrieved from /home/airflow/.local/lib/python3.12/site-packages/airflow/example_dags/example_task_group.py
[2025-09-24T18:13:30.916+0000] {logging_mixin.py:188} INFO - [2025-09-24T18:13:30.915+0000] {dag.py:3096} INFO - Sync 1 DAGs
[2025-09-24T18:13:30.934+0000] {logging_mixin.py:188} INFO - [2025-09-24T18:13:30.933+0000] {dag.py:3954} INFO - Setting next_dagrun for example_task_group to 2025-09-23 00:00:00+00:00, run_after=2025-09-24 00:00:00+00:00
[2025-09-24T18:13:30.986+0000] {processor.py:183} INFO - Processing /home/airflow/.local/lib/python3.12/site-packages/airflow/example_dags/example_task_group.py took 0.103 seconds
