[2025-09-24T18:06:16.886+0000] {processor.py:161} INFO - Started process (PID=69) to work on /home/airflow/.local/lib/python3.12/site-packages/airflow/example_dags/example_latest_only_with_trigger.py
[2025-09-24T18:06:16.888+0000] {processor.py:830} INFO - Processing file /home/airflow/.local/lib/python3.12/site-packages/airflow/example_dags/example_latest_only_with_trigger.py for tasks to queue
[2025-09-24T18:06:16.892+0000] {logging_mixin.py:188} INFO - [2025-09-24T18:06:16.891+0000] {dagbag.py:545} INFO - Filling up the DagBag from /home/airflow/.local/lib/python3.12/site-packages/airflow/example_dags/example_latest_only_with_trigger.py
[2025-09-24T18:06:16.907+0000] {processor.py:840} INFO - DAG(s) 'latest_only_with_trigger' retrieved from /home/airflow/.local/lib/python3.12/site-packages/airflow/example_dags/example_latest_only_with_trigger.py
[2025-09-24T18:06:16.927+0000] {logging_mixin.py:188} INFO - [2025-09-24T18:06:16.926+0000] {dag.py:3096} INFO - Sync 1 DAGs
[2025-09-24T18:06:16.960+0000] {logging_mixin.py:188} INFO - [2025-09-24T18:06:16.960+0000] {dag.py:3954} INFO - Setting next_dagrun for latest_only_with_trigger to 2025-09-24 12:00:00+00:00, run_after=2025-09-24 16:00:00+00:00
[2025-09-24T18:06:16.984+0000] {processor.py:183} INFO - Processing /home/airflow/.local/lib/python3.12/site-packages/airflow/example_dags/example_latest_only_with_trigger.py took 0.106 seconds
[2025-09-24T18:06:47.290+0000] {processor.py:161} INFO - Started process (PID=127) to work on /home/airflow/.local/lib/python3.12/site-packages/airflow/example_dags/example_latest_only_with_trigger.py
[2025-09-24T18:06:47.292+0000] {processor.py:830} INFO - Processing file /home/airflow/.local/lib/python3.12/site-packages/airflow/example_dags/example_latest_only_with_trigger.py for tasks to queue
[2025-09-24T18:06:47.297+0000] {logging_mixin.py:188} INFO - [2025-09-24T18:06:47.297+0000] {dagbag.py:545} INFO - Filling up the DagBag from /home/airflow/.local/lib/python3.12/site-packages/airflow/example_dags/example_latest_only_with_trigger.py
[2025-09-24T18:06:47.310+0000] {processor.py:840} INFO - DAG(s) 'latest_only_with_trigger' retrieved from /home/airflow/.local/lib/python3.12/site-packages/airflow/example_dags/example_latest_only_with_trigger.py
[2025-09-24T18:06:47.453+0000] {logging_mixin.py:188} INFO - [2025-09-24T18:06:47.453+0000] {dag.py:3096} INFO - Sync 1 DAGs
[2025-09-24T18:06:47.473+0000] {logging_mixin.py:188} INFO - [2025-09-24T18:06:47.473+0000] {dag.py:3954} INFO - Setting next_dagrun for latest_only_with_trigger to 2025-09-24 12:00:00+00:00, run_after=2025-09-24 16:00:00+00:00
[2025-09-24T18:06:47.495+0000] {processor.py:183} INFO - Processing /home/airflow/.local/lib/python3.12/site-packages/airflow/example_dags/example_latest_only_with_trigger.py took 0.216 seconds
[2025-09-24T18:07:18.112+0000] {processor.py:161} INFO - Started process (PID=187) to work on /home/airflow/.local/lib/python3.12/site-packages/airflow/example_dags/example_latest_only_with_trigger.py
[2025-09-24T18:07:18.114+0000] {processor.py:830} INFO - Processing file /home/airflow/.local/lib/python3.12/site-packages/airflow/example_dags/example_latest_only_with_trigger.py for tasks to queue
[2025-09-24T18:07:18.117+0000] {logging_mixin.py:188} INFO - [2025-09-24T18:07:18.117+0000] {dagbag.py:545} INFO - Filling up the DagBag from /home/airflow/.local/lib/python3.12/site-packages/airflow/example_dags/example_latest_only_with_trigger.py
[2025-09-24T18:07:18.123+0000] {processor.py:840} INFO - DAG(s) 'latest_only_with_trigger' retrieved from /home/airflow/.local/lib/python3.12/site-packages/airflow/example_dags/example_latest_only_with_trigger.py
[2025-09-24T18:07:18.143+0000] {logging_mixin.py:188} INFO - [2025-09-24T18:07:18.142+0000] {dag.py:3096} INFO - Sync 1 DAGs
[2025-09-24T18:07:18.160+0000] {logging_mixin.py:188} INFO - [2025-09-24T18:07:18.159+0000] {dag.py:3954} INFO - Setting next_dagrun for latest_only_with_trigger to 2025-09-24 12:00:00+00:00, run_after=2025-09-24 16:00:00+00:00
[2025-09-24T18:07:18.176+0000] {processor.py:183} INFO - Processing /home/airflow/.local/lib/python3.12/site-packages/airflow/example_dags/example_latest_only_with_trigger.py took 0.071 seconds
[2025-09-24T18:07:48.809+0000] {processor.py:161} INFO - Started process (PID=247) to work on /home/airflow/.local/lib/python3.12/site-packages/airflow/example_dags/example_latest_only_with_trigger.py
[2025-09-24T18:07:48.809+0000] {processor.py:830} INFO - Processing file /home/airflow/.local/lib/python3.12/site-packages/airflow/example_dags/example_latest_only_with_trigger.py for tasks to queue
[2025-09-24T18:07:48.812+0000] {logging_mixin.py:188} INFO - [2025-09-24T18:07:48.811+0000] {dagbag.py:545} INFO - Filling up the DagBag from /home/airflow/.local/lib/python3.12/site-packages/airflow/example_dags/example_latest_only_with_trigger.py
[2025-09-24T18:07:48.816+0000] {processor.py:840} INFO - DAG(s) 'latest_only_with_trigger' retrieved from /home/airflow/.local/lib/python3.12/site-packages/airflow/example_dags/example_latest_only_with_trigger.py
[2025-09-24T18:07:48.831+0000] {logging_mixin.py:188} INFO - [2025-09-24T18:07:48.831+0000] {dag.py:3096} INFO - Sync 1 DAGs
[2025-09-24T18:07:48.864+0000] {logging_mixin.py:188} INFO - [2025-09-24T18:07:48.864+0000] {dag.py:3954} INFO - Setting next_dagrun for latest_only_with_trigger to 2025-09-24 12:00:00+00:00, run_after=2025-09-24 16:00:00+00:00
[2025-09-24T18:07:48.887+0000] {processor.py:183} INFO - Processing /home/airflow/.local/lib/python3.12/site-packages/airflow/example_dags/example_latest_only_with_trigger.py took 0.083 seconds
[2025-09-24T18:08:19.410+0000] {processor.py:161} INFO - Started process (PID=307) to work on /home/airflow/.local/lib/python3.12/site-packages/airflow/example_dags/example_latest_only_with_trigger.py
[2025-09-24T18:08:19.411+0000] {processor.py:830} INFO - Processing file /home/airflow/.local/lib/python3.12/site-packages/airflow/example_dags/example_latest_only_with_trigger.py for tasks to queue
[2025-09-24T18:08:19.413+0000] {logging_mixin.py:188} INFO - [2025-09-24T18:08:19.413+0000] {dagbag.py:545} INFO - Filling up the DagBag from /home/airflow/.local/lib/python3.12/site-packages/airflow/example_dags/example_latest_only_with_trigger.py
[2025-09-24T18:08:19.418+0000] {processor.py:840} INFO - DAG(s) 'latest_only_with_trigger' retrieved from /home/airflow/.local/lib/python3.12/site-packages/airflow/example_dags/example_latest_only_with_trigger.py
[2025-09-24T18:08:19.436+0000] {logging_mixin.py:188} INFO - [2025-09-24T18:08:19.436+0000] {dag.py:3096} INFO - Sync 1 DAGs
[2025-09-24T18:08:19.454+0000] {logging_mixin.py:188} INFO - [2025-09-24T18:08:19.454+0000] {dag.py:3954} INFO - Setting next_dagrun for latest_only_with_trigger to 2025-09-24 12:00:00+00:00, run_after=2025-09-24 16:00:00+00:00
[2025-09-24T18:08:19.469+0000] {processor.py:183} INFO - Processing /home/airflow/.local/lib/python3.12/site-packages/airflow/example_dags/example_latest_only_with_trigger.py took 0.063 seconds
[2025-09-24T18:08:49.971+0000] {processor.py:161} INFO - Started process (PID=367) to work on /home/airflow/.local/lib/python3.12/site-packages/airflow/example_dags/example_latest_only_with_trigger.py
[2025-09-24T18:08:49.972+0000] {processor.py:830} INFO - Processing file /home/airflow/.local/lib/python3.12/site-packages/airflow/example_dags/example_latest_only_with_trigger.py for tasks to queue
[2025-09-24T18:08:49.975+0000] {logging_mixin.py:188} INFO - [2025-09-24T18:08:49.975+0000] {dagbag.py:545} INFO - Filling up the DagBag from /home/airflow/.local/lib/python3.12/site-packages/airflow/example_dags/example_latest_only_with_trigger.py
[2025-09-24T18:08:49.982+0000] {processor.py:840} INFO - DAG(s) 'latest_only_with_trigger' retrieved from /home/airflow/.local/lib/python3.12/site-packages/airflow/example_dags/example_latest_only_with_trigger.py
[2025-09-24T18:08:50.002+0000] {logging_mixin.py:188} INFO - [2025-09-24T18:08:50.002+0000] {dag.py:3096} INFO - Sync 1 DAGs
[2025-09-24T18:08:50.020+0000] {logging_mixin.py:188} INFO - [2025-09-24T18:08:50.020+0000] {dag.py:3954} INFO - Setting next_dagrun for latest_only_with_trigger to 2025-09-24 12:00:00+00:00, run_after=2025-09-24 16:00:00+00:00
[2025-09-24T18:08:50.041+0000] {processor.py:183} INFO - Processing /home/airflow/.local/lib/python3.12/site-packages/airflow/example_dags/example_latest_only_with_trigger.py took 0.074 seconds
[2025-09-24T18:09:20.383+0000] {processor.py:161} INFO - Started process (PID=427) to work on /home/airflow/.local/lib/python3.12/site-packages/airflow/example_dags/example_latest_only_with_trigger.py
[2025-09-24T18:09:20.385+0000] {processor.py:830} INFO - Processing file /home/airflow/.local/lib/python3.12/site-packages/airflow/example_dags/example_latest_only_with_trigger.py for tasks to queue
[2025-09-24T18:09:20.387+0000] {logging_mixin.py:188} INFO - [2025-09-24T18:09:20.386+0000] {dagbag.py:545} INFO - Filling up the DagBag from /home/airflow/.local/lib/python3.12/site-packages/airflow/example_dags/example_latest_only_with_trigger.py
[2025-09-24T18:09:20.391+0000] {processor.py:840} INFO - DAG(s) 'latest_only_with_trigger' retrieved from /home/airflow/.local/lib/python3.12/site-packages/airflow/example_dags/example_latest_only_with_trigger.py
[2025-09-24T18:09:20.408+0000] {logging_mixin.py:188} INFO - [2025-09-24T18:09:20.408+0000] {dag.py:3096} INFO - Sync 1 DAGs
[2025-09-24T18:09:20.426+0000] {logging_mixin.py:188} INFO - [2025-09-24T18:09:20.425+0000] {dag.py:3954} INFO - Setting next_dagrun for latest_only_with_trigger to 2025-09-24 12:00:00+00:00, run_after=2025-09-24 16:00:00+00:00
[2025-09-24T18:09:20.442+0000] {processor.py:183} INFO - Processing /home/airflow/.local/lib/python3.12/site-packages/airflow/example_dags/example_latest_only_with_trigger.py took 0.063 seconds
[2025-09-24T18:09:50.770+0000] {processor.py:161} INFO - Started process (PID=487) to work on /home/airflow/.local/lib/python3.12/site-packages/airflow/example_dags/example_latest_only_with_trigger.py
[2025-09-24T18:09:50.771+0000] {processor.py:830} INFO - Processing file /home/airflow/.local/lib/python3.12/site-packages/airflow/example_dags/example_latest_only_with_trigger.py for tasks to queue
[2025-09-24T18:09:50.773+0000] {logging_mixin.py:188} INFO - [2025-09-24T18:09:50.772+0000] {dagbag.py:545} INFO - Filling up the DagBag from /home/airflow/.local/lib/python3.12/site-packages/airflow/example_dags/example_latest_only_with_trigger.py
[2025-09-24T18:09:50.777+0000] {processor.py:840} INFO - DAG(s) 'latest_only_with_trigger' retrieved from /home/airflow/.local/lib/python3.12/site-packages/airflow/example_dags/example_latest_only_with_trigger.py
[2025-09-24T18:09:50.793+0000] {logging_mixin.py:188} INFO - [2025-09-24T18:09:50.793+0000] {dag.py:3096} INFO - Sync 1 DAGs
[2025-09-24T18:09:50.808+0000] {logging_mixin.py:188} INFO - [2025-09-24T18:09:50.808+0000] {dag.py:3954} INFO - Setting next_dagrun for latest_only_with_trigger to 2025-09-24 12:00:00+00:00, run_after=2025-09-24 16:00:00+00:00
[2025-09-24T18:09:50.824+0000] {processor.py:183} INFO - Processing /home/airflow/.local/lib/python3.12/site-packages/airflow/example_dags/example_latest_only_with_trigger.py took 0.059 seconds
[2025-09-24T18:10:20.948+0000] {processor.py:161} INFO - Started process (PID=547) to work on /home/airflow/.local/lib/python3.12/site-packages/airflow/example_dags/example_latest_only_with_trigger.py
[2025-09-24T18:10:20.952+0000] {processor.py:830} INFO - Processing file /home/airflow/.local/lib/python3.12/site-packages/airflow/example_dags/example_latest_only_with_trigger.py for tasks to queue
[2025-09-24T18:10:20.953+0000] {logging_mixin.py:188} INFO - [2025-09-24T18:10:20.953+0000] {dagbag.py:545} INFO - Filling up the DagBag from /home/airflow/.local/lib/python3.12/site-packages/airflow/example_dags/example_latest_only_with_trigger.py
[2025-09-24T18:10:20.957+0000] {processor.py:840} INFO - DAG(s) 'latest_only_with_trigger' retrieved from /home/airflow/.local/lib/python3.12/site-packages/airflow/example_dags/example_latest_only_with_trigger.py
[2025-09-24T18:10:20.972+0000] {logging_mixin.py:188} INFO - [2025-09-24T18:10:20.971+0000] {dag.py:3096} INFO - Sync 1 DAGs
[2025-09-24T18:10:20.987+0000] {logging_mixin.py:188} INFO - [2025-09-24T18:10:20.987+0000] {dag.py:3954} INFO - Setting next_dagrun for latest_only_with_trigger to 2025-09-24 12:00:00+00:00, run_after=2025-09-24 16:00:00+00:00
[2025-09-24T18:10:21.005+0000] {processor.py:183} INFO - Processing /home/airflow/.local/lib/python3.12/site-packages/airflow/example_dags/example_latest_only_with_trigger.py took 0.061 seconds
[2025-09-24T18:10:51.591+0000] {processor.py:161} INFO - Started process (PID=614) to work on /home/airflow/.local/lib/python3.12/site-packages/airflow/example_dags/example_latest_only_with_trigger.py
[2025-09-24T18:10:51.593+0000] {processor.py:830} INFO - Processing file /home/airflow/.local/lib/python3.12/site-packages/airflow/example_dags/example_latest_only_with_trigger.py for tasks to queue
[2025-09-24T18:10:51.596+0000] {logging_mixin.py:188} INFO - [2025-09-24T18:10:51.595+0000] {dagbag.py:545} INFO - Filling up the DagBag from /home/airflow/.local/lib/python3.12/site-packages/airflow/example_dags/example_latest_only_with_trigger.py
[2025-09-24T18:10:51.601+0000] {processor.py:840} INFO - DAG(s) 'latest_only_with_trigger' retrieved from /home/airflow/.local/lib/python3.12/site-packages/airflow/example_dags/example_latest_only_with_trigger.py
[2025-09-24T18:10:51.618+0000] {logging_mixin.py:188} INFO - [2025-09-24T18:10:51.617+0000] {dag.py:3096} INFO - Sync 1 DAGs
[2025-09-24T18:10:51.633+0000] {logging_mixin.py:188} INFO - [2025-09-24T18:10:51.633+0000] {dag.py:3954} INFO - Setting next_dagrun for latest_only_with_trigger to 2025-09-24 12:00:00+00:00, run_after=2025-09-24 16:00:00+00:00
[2025-09-24T18:10:51.651+0000] {processor.py:183} INFO - Processing /home/airflow/.local/lib/python3.12/site-packages/airflow/example_dags/example_latest_only_with_trigger.py took 0.064 seconds
[2025-09-24T18:11:21.957+0000] {processor.py:161} INFO - Started process (PID=674) to work on /home/airflow/.local/lib/python3.12/site-packages/airflow/example_dags/example_latest_only_with_trigger.py
[2025-09-24T18:11:21.959+0000] {processor.py:830} INFO - Processing file /home/airflow/.local/lib/python3.12/site-packages/airflow/example_dags/example_latest_only_with_trigger.py for tasks to queue
[2025-09-24T18:11:21.961+0000] {logging_mixin.py:188} INFO - [2025-09-24T18:11:21.960+0000] {dagbag.py:545} INFO - Filling up the DagBag from /home/airflow/.local/lib/python3.12/site-packages/airflow/example_dags/example_latest_only_with_trigger.py
[2025-09-24T18:11:21.967+0000] {processor.py:840} INFO - DAG(s) 'latest_only_with_trigger' retrieved from /home/airflow/.local/lib/python3.12/site-packages/airflow/example_dags/example_latest_only_with_trigger.py
[2025-09-24T18:11:21.991+0000] {logging_mixin.py:188} INFO - [2025-09-24T18:11:21.991+0000] {dag.py:3096} INFO - Sync 1 DAGs
[2025-09-24T18:11:22.011+0000] {logging_mixin.py:188} INFO - [2025-09-24T18:11:22.011+0000] {dag.py:3954} INFO - Setting next_dagrun for latest_only_with_trigger to 2025-09-24 12:00:00+00:00, run_after=2025-09-24 16:00:00+00:00
[2025-09-24T18:11:22.028+0000] {processor.py:183} INFO - Processing /home/airflow/.local/lib/python3.12/site-packages/airflow/example_dags/example_latest_only_with_trigger.py took 0.077 seconds
[2025-09-24T18:11:52.112+0000] {processor.py:161} INFO - Started process (PID=734) to work on /home/airflow/.local/lib/python3.12/site-packages/airflow/example_dags/example_latest_only_with_trigger.py
[2025-09-24T18:11:52.114+0000] {processor.py:830} INFO - Processing file /home/airflow/.local/lib/python3.12/site-packages/airflow/example_dags/example_latest_only_with_trigger.py for tasks to queue
[2025-09-24T18:11:52.116+0000] {logging_mixin.py:188} INFO - [2025-09-24T18:11:52.115+0000] {dagbag.py:545} INFO - Filling up the DagBag from /home/airflow/.local/lib/python3.12/site-packages/airflow/example_dags/example_latest_only_with_trigger.py
[2025-09-24T18:11:52.121+0000] {processor.py:840} INFO - DAG(s) 'latest_only_with_trigger' retrieved from /home/airflow/.local/lib/python3.12/site-packages/airflow/example_dags/example_latest_only_with_trigger.py
[2025-09-24T18:11:52.138+0000] {logging_mixin.py:188} INFO - [2025-09-24T18:11:52.137+0000] {dag.py:3096} INFO - Sync 1 DAGs
[2025-09-24T18:11:52.153+0000] {logging_mixin.py:188} INFO - [2025-09-24T18:11:52.153+0000] {dag.py:3954} INFO - Setting next_dagrun for latest_only_with_trigger to 2025-09-24 12:00:00+00:00, run_after=2025-09-24 16:00:00+00:00
[2025-09-24T18:11:52.236+0000] {processor.py:183} INFO - Processing /home/airflow/.local/lib/python3.12/site-packages/airflow/example_dags/example_latest_only_with_trigger.py took 0.128 seconds
[2025-09-24T18:12:22.614+0000] {processor.py:161} INFO - Started process (PID=794) to work on /home/airflow/.local/lib/python3.12/site-packages/airflow/example_dags/example_latest_only_with_trigger.py
[2025-09-24T18:12:22.615+0000] {processor.py:830} INFO - Processing file /home/airflow/.local/lib/python3.12/site-packages/airflow/example_dags/example_latest_only_with_trigger.py for tasks to queue
[2025-09-24T18:12:22.617+0000] {logging_mixin.py:188} INFO - [2025-09-24T18:12:22.616+0000] {dagbag.py:545} INFO - Filling up the DagBag from /home/airflow/.local/lib/python3.12/site-packages/airflow/example_dags/example_latest_only_with_trigger.py
[2025-09-24T18:12:22.621+0000] {processor.py:840} INFO - DAG(s) 'latest_only_with_trigger' retrieved from /home/airflow/.local/lib/python3.12/site-packages/airflow/example_dags/example_latest_only_with_trigger.py
[2025-09-24T18:12:22.637+0000] {logging_mixin.py:188} INFO - [2025-09-24T18:12:22.637+0000] {dag.py:3096} INFO - Sync 1 DAGs
[2025-09-24T18:12:22.654+0000] {logging_mixin.py:188} INFO - [2025-09-24T18:12:22.654+0000] {dag.py:3954} INFO - Setting next_dagrun for latest_only_with_trigger to 2025-09-24 12:00:00+00:00, run_after=2025-09-24 16:00:00+00:00
[2025-09-24T18:12:22.668+0000] {processor.py:183} INFO - Processing /home/airflow/.local/lib/python3.12/site-packages/airflow/example_dags/example_latest_only_with_trigger.py took 0.059 seconds
[2025-09-24T18:12:53.267+0000] {processor.py:161} INFO - Started process (PID=854) to work on /home/airflow/.local/lib/python3.12/site-packages/airflow/example_dags/example_latest_only_with_trigger.py
[2025-09-24T18:12:53.268+0000] {processor.py:830} INFO - Processing file /home/airflow/.local/lib/python3.12/site-packages/airflow/example_dags/example_latest_only_with_trigger.py for tasks to queue
[2025-09-24T18:12:53.270+0000] {logging_mixin.py:188} INFO - [2025-09-24T18:12:53.269+0000] {dagbag.py:545} INFO - Filling up the DagBag from /home/airflow/.local/lib/python3.12/site-packages/airflow/example_dags/example_latest_only_with_trigger.py
[2025-09-24T18:12:53.274+0000] {processor.py:840} INFO - DAG(s) 'latest_only_with_trigger' retrieved from /home/airflow/.local/lib/python3.12/site-packages/airflow/example_dags/example_latest_only_with_trigger.py
[2025-09-24T18:12:53.292+0000] {logging_mixin.py:188} INFO - [2025-09-24T18:12:53.291+0000] {dag.py:3096} INFO - Sync 1 DAGs
[2025-09-24T18:12:53.308+0000] {logging_mixin.py:188} INFO - [2025-09-24T18:12:53.308+0000] {dag.py:3954} INFO - Setting next_dagrun for latest_only_with_trigger to 2025-09-24 12:00:00+00:00, run_after=2025-09-24 16:00:00+00:00
[2025-09-24T18:12:53.322+0000] {processor.py:183} INFO - Processing /home/airflow/.local/lib/python3.12/site-packages/airflow/example_dags/example_latest_only_with_trigger.py took 0.060 seconds
[2025-09-24T18:13:23.738+0000] {processor.py:161} INFO - Started process (PID=914) to work on /home/airflow/.local/lib/python3.12/site-packages/airflow/example_dags/example_latest_only_with_trigger.py
[2025-09-24T18:13:23.761+0000] {processor.py:830} INFO - Processing file /home/airflow/.local/lib/python3.12/site-packages/airflow/example_dags/example_latest_only_with_trigger.py for tasks to queue
[2025-09-24T18:13:23.767+0000] {logging_mixin.py:188} INFO - [2025-09-24T18:13:23.766+0000] {dagbag.py:545} INFO - Filling up the DagBag from /home/airflow/.local/lib/python3.12/site-packages/airflow/example_dags/example_latest_only_with_trigger.py
[2025-09-24T18:13:23.780+0000] {processor.py:840} INFO - DAG(s) 'latest_only_with_trigger' retrieved from /home/airflow/.local/lib/python3.12/site-packages/airflow/example_dags/example_latest_only_with_trigger.py
[2025-09-24T18:13:23.802+0000] {logging_mixin.py:188} INFO - [2025-09-24T18:13:23.802+0000] {dag.py:3096} INFO - Sync 1 DAGs
[2025-09-24T18:13:23.823+0000] {logging_mixin.py:188} INFO - [2025-09-24T18:13:23.823+0000] {dag.py:3954} INFO - Setting next_dagrun for latest_only_with_trigger to 2025-09-24 12:00:00+00:00, run_after=2025-09-24 16:00:00+00:00
[2025-09-24T18:13:23.845+0000] {processor.py:183} INFO - Processing /home/airflow/.local/lib/python3.12/site-packages/airflow/example_dags/example_latest_only_with_trigger.py took 0.111 seconds
[2025-09-24T18:13:54.042+0000] {processor.py:161} INFO - Started process (PID=974) to work on /home/airflow/.local/lib/python3.12/site-packages/airflow/example_dags/example_latest_only_with_trigger.py
[2025-09-24T18:13:54.044+0000] {processor.py:830} INFO - Processing file /home/airflow/.local/lib/python3.12/site-packages/airflow/example_dags/example_latest_only_with_trigger.py for tasks to queue
[2025-09-24T18:13:54.047+0000] {logging_mixin.py:188} INFO - [2025-09-24T18:13:54.046+0000] {dagbag.py:545} INFO - Filling up the DagBag from /home/airflow/.local/lib/python3.12/site-packages/airflow/example_dags/example_latest_only_with_trigger.py
[2025-09-24T18:13:54.053+0000] {processor.py:840} INFO - DAG(s) 'latest_only_with_trigger' retrieved from /home/airflow/.local/lib/python3.12/site-packages/airflow/example_dags/example_latest_only_with_trigger.py
[2025-09-24T18:13:54.077+0000] {logging_mixin.py:188} INFO - [2025-09-24T18:13:54.077+0000] {dag.py:3096} INFO - Sync 1 DAGs
[2025-09-24T18:13:54.104+0000] {logging_mixin.py:188} INFO - [2025-09-24T18:13:54.103+0000] {dag.py:3954} INFO - Setting next_dagrun for latest_only_with_trigger to 2025-09-24 12:00:00+00:00, run_after=2025-09-24 16:00:00+00:00
[2025-09-24T18:13:54.128+0000] {processor.py:183} INFO - Processing /home/airflow/.local/lib/python3.12/site-packages/airflow/example_dags/example_latest_only_with_trigger.py took 0.092 seconds
