[2025-09-24T18:06:19.943+0000] {processor.py:161} INFO - Started process (PID=83) to work on /home/airflow/.local/lib/python3.12/site-packages/airflow/example_dags/example_subdag_operator.py
[2025-09-24T18:06:19.945+0000] {processor.py:830} INFO - Processing file /home/airflow/.local/lib/python3.12/site-packages/airflow/example_dags/example_subdag_operator.py for tasks to queue
[2025-09-24T18:06:19.948+0000] {logging_mixin.py:188} INFO - [2025-09-24T18:06:19.947+0000] {dagbag.py:545} INFO - Filling up the DagBag from /home/airflow/.local/lib/python3.12/site-packages/airflow/example_dags/example_subdag_operator.py
[2025-09-24T18:06:19.978+0000] {processor.py:840} INFO - DAG(s) 'example_subdag_operator.section-1', 'example_subdag_operator.section-2', 'example_subdag_operator' retrieved from /home/airflow/.local/lib/python3.12/site-packages/airflow/example_dags/example_subdag_operator.py
[2025-09-24T18:06:20.124+0000] {logging_mixin.py:188} INFO - [2025-09-24T18:06:20.123+0000] {dag.py:3096} INFO - Sync 3 DAGs
[2025-09-24T18:06:20.147+0000] {logging_mixin.py:188} INFO - [2025-09-24T18:06:20.147+0000] {dag.py:3954} INFO - Setting next_dagrun for example_subdag_operator to 2022-01-01 00:00:00+00:00, run_after=2022-01-01 00:00:00+00:00
[2025-09-24T18:06:20.152+0000] {logging_mixin.py:188} INFO - [2025-09-24T18:06:20.152+0000] {dag.py:3954} INFO - Setting next_dagrun for example_subdag_operator.section-1 to None, run_after=None
[2025-09-24T18:06:20.154+0000] {logging_mixin.py:188} INFO - [2025-09-24T18:06:20.154+0000] {dag.py:3954} INFO - Setting next_dagrun for example_subdag_operator.section-2 to None, run_after=None
[2025-09-24T18:06:20.166+0000] {logging_mixin.py:188} INFO - [2025-09-24T18:06:20.166+0000] {dag.py:3096} INFO - Sync 2 DAGs
[2025-09-24T18:06:20.173+0000] {logging_mixin.py:188} INFO - [2025-09-24T18:06:20.173+0000] {dag.py:3954} INFO - Setting next_dagrun for example_subdag_operator.section-1 to None, run_after=None
[2025-09-24T18:06:20.174+0000] {logging_mixin.py:188} INFO - [2025-09-24T18:06:20.174+0000] {dag.py:3954} INFO - Setting next_dagrun for example_subdag_operator.section-2 to None, run_after=None
[2025-09-24T18:06:20.190+0000] {processor.py:183} INFO - Processing /home/airflow/.local/lib/python3.12/site-packages/airflow/example_dags/example_subdag_operator.py took 0.254 seconds
[2025-09-24T18:06:50.730+0000] {processor.py:161} INFO - Started process (PID=143) to work on /home/airflow/.local/lib/python3.12/site-packages/airflow/example_dags/example_subdag_operator.py
[2025-09-24T18:06:50.731+0000] {processor.py:830} INFO - Processing file /home/airflow/.local/lib/python3.12/site-packages/airflow/example_dags/example_subdag_operator.py for tasks to queue
[2025-09-24T18:06:50.733+0000] {logging_mixin.py:188} INFO - [2025-09-24T18:06:50.733+0000] {dagbag.py:545} INFO - Filling up the DagBag from /home/airflow/.local/lib/python3.12/site-packages/airflow/example_dags/example_subdag_operator.py
[2025-09-24T18:06:50.756+0000] {processor.py:840} INFO - DAG(s) 'example_subdag_operator.section-1', 'example_subdag_operator.section-2', 'example_subdag_operator' retrieved from /home/airflow/.local/lib/python3.12/site-packages/airflow/example_dags/example_subdag_operator.py
[2025-09-24T18:06:50.775+0000] {logging_mixin.py:188} INFO - [2025-09-24T18:06:50.775+0000] {dag.py:3096} INFO - Sync 3 DAGs
[2025-09-24T18:06:50.795+0000] {logging_mixin.py:188} INFO - [2025-09-24T18:06:50.795+0000] {dag.py:3954} INFO - Setting next_dagrun for example_subdag_operator to 2022-01-01 00:00:00+00:00, run_after=2022-01-01 00:00:00+00:00
[2025-09-24T18:06:50.799+0000] {logging_mixin.py:188} INFO - [2025-09-24T18:06:50.799+0000] {dag.py:3954} INFO - Setting next_dagrun for example_subdag_operator.section-1 to None, run_after=None
[2025-09-24T18:06:50.800+0000] {logging_mixin.py:188} INFO - [2025-09-24T18:06:50.800+0000] {dag.py:3954} INFO - Setting next_dagrun for example_subdag_operator.section-2 to None, run_after=None
[2025-09-24T18:06:50.806+0000] {logging_mixin.py:188} INFO - [2025-09-24T18:06:50.806+0000] {dag.py:3096} INFO - Sync 2 DAGs
[2025-09-24T18:06:50.810+0000] {logging_mixin.py:188} INFO - [2025-09-24T18:06:50.810+0000] {dag.py:3954} INFO - Setting next_dagrun for example_subdag_operator.section-1 to None, run_after=None
[2025-09-24T18:06:50.811+0000] {logging_mixin.py:188} INFO - [2025-09-24T18:06:50.811+0000] {dag.py:3954} INFO - Setting next_dagrun for example_subdag_operator.section-2 to None, run_after=None
[2025-09-24T18:06:50.821+0000] {processor.py:183} INFO - Processing /home/airflow/.local/lib/python3.12/site-packages/airflow/example_dags/example_subdag_operator.py took 0.097 seconds
[2025-09-24T18:07:21.092+0000] {processor.py:161} INFO - Started process (PID=203) to work on /home/airflow/.local/lib/python3.12/site-packages/airflow/example_dags/example_subdag_operator.py
[2025-09-24T18:07:21.094+0000] {processor.py:830} INFO - Processing file /home/airflow/.local/lib/python3.12/site-packages/airflow/example_dags/example_subdag_operator.py for tasks to queue
[2025-09-24T18:07:21.096+0000] {logging_mixin.py:188} INFO - [2025-09-24T18:07:21.095+0000] {dagbag.py:545} INFO - Filling up the DagBag from /home/airflow/.local/lib/python3.12/site-packages/airflow/example_dags/example_subdag_operator.py
[2025-09-24T18:07:21.114+0000] {processor.py:840} INFO - DAG(s) 'example_subdag_operator.section-1', 'example_subdag_operator.section-2', 'example_subdag_operator' retrieved from /home/airflow/.local/lib/python3.12/site-packages/airflow/example_dags/example_subdag_operator.py
[2025-09-24T18:07:21.129+0000] {logging_mixin.py:188} INFO - [2025-09-24T18:07:21.129+0000] {dag.py:3096} INFO - Sync 3 DAGs
[2025-09-24T18:07:21.153+0000] {logging_mixin.py:188} INFO - [2025-09-24T18:07:21.152+0000] {dag.py:3954} INFO - Setting next_dagrun for example_subdag_operator to 2022-01-01 00:00:00+00:00, run_after=2022-01-01 00:00:00+00:00
[2025-09-24T18:07:21.157+0000] {logging_mixin.py:188} INFO - [2025-09-24T18:07:21.157+0000] {dag.py:3954} INFO - Setting next_dagrun for example_subdag_operator.section-1 to None, run_after=None
[2025-09-24T18:07:21.158+0000] {logging_mixin.py:188} INFO - [2025-09-24T18:07:21.158+0000] {dag.py:3954} INFO - Setting next_dagrun for example_subdag_operator.section-2 to None, run_after=None
[2025-09-24T18:07:21.165+0000] {logging_mixin.py:188} INFO - [2025-09-24T18:07:21.165+0000] {dag.py:3096} INFO - Sync 2 DAGs
[2025-09-24T18:07:21.170+0000] {logging_mixin.py:188} INFO - [2025-09-24T18:07:21.170+0000] {dag.py:3954} INFO - Setting next_dagrun for example_subdag_operator.section-1 to None, run_after=None
[2025-09-24T18:07:21.171+0000] {logging_mixin.py:188} INFO - [2025-09-24T18:07:21.170+0000] {dag.py:3954} INFO - Setting next_dagrun for example_subdag_operator.section-2 to None, run_after=None
[2025-09-24T18:07:21.179+0000] {processor.py:183} INFO - Processing /home/airflow/.local/lib/python3.12/site-packages/airflow/example_dags/example_subdag_operator.py took 0.092 seconds
[2025-09-24T18:07:51.351+0000] {processor.py:161} INFO - Started process (PID=269) to work on /home/airflow/.local/lib/python3.12/site-packages/airflow/example_dags/example_subdag_operator.py
[2025-09-24T18:07:51.353+0000] {processor.py:830} INFO - Processing file /home/airflow/.local/lib/python3.12/site-packages/airflow/example_dags/example_subdag_operator.py for tasks to queue
[2025-09-24T18:07:51.356+0000] {logging_mixin.py:188} INFO - [2025-09-24T18:07:51.356+0000] {dagbag.py:545} INFO - Filling up the DagBag from /home/airflow/.local/lib/python3.12/site-packages/airflow/example_dags/example_subdag_operator.py
[2025-09-24T18:07:51.375+0000] {processor.py:840} INFO - DAG(s) 'example_subdag_operator.section-1', 'example_subdag_operator.section-2', 'example_subdag_operator' retrieved from /home/airflow/.local/lib/python3.12/site-packages/airflow/example_dags/example_subdag_operator.py
[2025-09-24T18:07:51.393+0000] {logging_mixin.py:188} INFO - [2025-09-24T18:07:51.393+0000] {dag.py:3096} INFO - Sync 3 DAGs
[2025-09-24T18:07:51.410+0000] {logging_mixin.py:188} INFO - [2025-09-24T18:07:51.410+0000] {dag.py:3954} INFO - Setting next_dagrun for example_subdag_operator to 2022-01-01 00:00:00+00:00, run_after=2022-01-01 00:00:00+00:00
[2025-09-24T18:07:51.414+0000] {logging_mixin.py:188} INFO - [2025-09-24T18:07:51.413+0000] {dag.py:3954} INFO - Setting next_dagrun for example_subdag_operator.section-1 to None, run_after=None
[2025-09-24T18:07:51.415+0000] {logging_mixin.py:188} INFO - [2025-09-24T18:07:51.415+0000] {dag.py:3954} INFO - Setting next_dagrun for example_subdag_operator.section-2 to None, run_after=None
[2025-09-24T18:07:51.420+0000] {logging_mixin.py:188} INFO - [2025-09-24T18:07:51.420+0000] {dag.py:3096} INFO - Sync 2 DAGs
[2025-09-24T18:07:51.425+0000] {logging_mixin.py:188} INFO - [2025-09-24T18:07:51.425+0000] {dag.py:3954} INFO - Setting next_dagrun for example_subdag_operator.section-1 to None, run_after=None
[2025-09-24T18:07:51.426+0000] {logging_mixin.py:188} INFO - [2025-09-24T18:07:51.426+0000] {dag.py:3954} INFO - Setting next_dagrun for example_subdag_operator.section-2 to None, run_after=None
[2025-09-24T18:07:51.435+0000] {processor.py:183} INFO - Processing /home/airflow/.local/lib/python3.12/site-packages/airflow/example_dags/example_subdag_operator.py took 0.088 seconds
[2025-09-24T18:08:22.703+0000] {processor.py:161} INFO - Started process (PID=329) to work on /home/airflow/.local/lib/python3.12/site-packages/airflow/example_dags/example_subdag_operator.py
[2025-09-24T18:08:22.704+0000] {processor.py:830} INFO - Processing file /home/airflow/.local/lib/python3.12/site-packages/airflow/example_dags/example_subdag_operator.py for tasks to queue
[2025-09-24T18:08:22.705+0000] {logging_mixin.py:188} INFO - [2025-09-24T18:08:22.705+0000] {dagbag.py:545} INFO - Filling up the DagBag from /home/airflow/.local/lib/python3.12/site-packages/airflow/example_dags/example_subdag_operator.py
[2025-09-24T18:08:22.724+0000] {processor.py:840} INFO - DAG(s) 'example_subdag_operator.section-1', 'example_subdag_operator.section-2', 'example_subdag_operator' retrieved from /home/airflow/.local/lib/python3.12/site-packages/airflow/example_dags/example_subdag_operator.py
[2025-09-24T18:08:22.739+0000] {logging_mixin.py:188} INFO - [2025-09-24T18:08:22.739+0000] {dag.py:3096} INFO - Sync 3 DAGs
[2025-09-24T18:08:22.759+0000] {logging_mixin.py:188} INFO - [2025-09-24T18:08:22.759+0000] {dag.py:3954} INFO - Setting next_dagrun for example_subdag_operator to 2022-01-01 00:00:00+00:00, run_after=2022-01-01 00:00:00+00:00
[2025-09-24T18:08:22.764+0000] {logging_mixin.py:188} INFO - [2025-09-24T18:08:22.763+0000] {dag.py:3954} INFO - Setting next_dagrun for example_subdag_operator.section-1 to None, run_after=None
[2025-09-24T18:08:22.765+0000] {logging_mixin.py:188} INFO - [2025-09-24T18:08:22.765+0000] {dag.py:3954} INFO - Setting next_dagrun for example_subdag_operator.section-2 to None, run_after=None
[2025-09-24T18:08:22.773+0000] {logging_mixin.py:188} INFO - [2025-09-24T18:08:22.773+0000] {dag.py:3096} INFO - Sync 2 DAGs
[2025-09-24T18:08:22.778+0000] {logging_mixin.py:188} INFO - [2025-09-24T18:08:22.778+0000] {dag.py:3954} INFO - Setting next_dagrun for example_subdag_operator.section-1 to None, run_after=None
[2025-09-24T18:08:22.779+0000] {logging_mixin.py:188} INFO - [2025-09-24T18:08:22.779+0000] {dag.py:3954} INFO - Setting next_dagrun for example_subdag_operator.section-2 to None, run_after=None
[2025-09-24T18:08:22.787+0000] {processor.py:183} INFO - Processing /home/airflow/.local/lib/python3.12/site-packages/airflow/example_dags/example_subdag_operator.py took 0.089 seconds
[2025-09-24T18:08:52.852+0000] {processor.py:161} INFO - Started process (PID=388) to work on /home/airflow/.local/lib/python3.12/site-packages/airflow/example_dags/example_subdag_operator.py
[2025-09-24T18:08:52.853+0000] {processor.py:830} INFO - Processing file /home/airflow/.local/lib/python3.12/site-packages/airflow/example_dags/example_subdag_operator.py for tasks to queue
[2025-09-24T18:08:52.855+0000] {logging_mixin.py:188} INFO - [2025-09-24T18:08:52.855+0000] {dagbag.py:545} INFO - Filling up the DagBag from /home/airflow/.local/lib/python3.12/site-packages/airflow/example_dags/example_subdag_operator.py
[2025-09-24T18:08:52.881+0000] {processor.py:840} INFO - DAG(s) 'example_subdag_operator.section-1', 'example_subdag_operator.section-2', 'example_subdag_operator' retrieved from /home/airflow/.local/lib/python3.12/site-packages/airflow/example_dags/example_subdag_operator.py
[2025-09-24T18:08:52.895+0000] {logging_mixin.py:188} INFO - [2025-09-24T18:08:52.894+0000] {dag.py:3096} INFO - Sync 3 DAGs
[2025-09-24T18:08:52.914+0000] {logging_mixin.py:188} INFO - [2025-09-24T18:08:52.914+0000] {dag.py:3954} INFO - Setting next_dagrun for example_subdag_operator to 2022-01-01 00:00:00+00:00, run_after=2022-01-01 00:00:00+00:00
[2025-09-24T18:08:52.918+0000] {logging_mixin.py:188} INFO - [2025-09-24T18:08:52.917+0000] {dag.py:3954} INFO - Setting next_dagrun for example_subdag_operator.section-1 to None, run_after=None
[2025-09-24T18:08:52.920+0000] {logging_mixin.py:188} INFO - [2025-09-24T18:08:52.919+0000] {dag.py:3954} INFO - Setting next_dagrun for example_subdag_operator.section-2 to None, run_after=None
[2025-09-24T18:08:52.926+0000] {logging_mixin.py:188} INFO - [2025-09-24T18:08:52.926+0000] {dag.py:3096} INFO - Sync 2 DAGs
[2025-09-24T18:08:52.931+0000] {logging_mixin.py:188} INFO - [2025-09-24T18:08:52.931+0000] {dag.py:3954} INFO - Setting next_dagrun for example_subdag_operator.section-1 to None, run_after=None
[2025-09-24T18:08:52.932+0000] {logging_mixin.py:188} INFO - [2025-09-24T18:08:52.932+0000] {dag.py:3954} INFO - Setting next_dagrun for example_subdag_operator.section-2 to None, run_after=None
[2025-09-24T18:08:52.944+0000] {processor.py:183} INFO - Processing /home/airflow/.local/lib/python3.12/site-packages/airflow/example_dags/example_subdag_operator.py took 0.096 seconds
[2025-09-24T18:09:23.296+0000] {processor.py:161} INFO - Started process (PID=447) to work on /home/airflow/.local/lib/python3.12/site-packages/airflow/example_dags/example_subdag_operator.py
[2025-09-24T18:09:23.298+0000] {processor.py:830} INFO - Processing file /home/airflow/.local/lib/python3.12/site-packages/airflow/example_dags/example_subdag_operator.py for tasks to queue
[2025-09-24T18:09:23.300+0000] {logging_mixin.py:188} INFO - [2025-09-24T18:09:23.299+0000] {dagbag.py:545} INFO - Filling up the DagBag from /home/airflow/.local/lib/python3.12/site-packages/airflow/example_dags/example_subdag_operator.py
[2025-09-24T18:09:23.319+0000] {processor.py:840} INFO - DAG(s) 'example_subdag_operator.section-1', 'example_subdag_operator.section-2', 'example_subdag_operator' retrieved from /home/airflow/.local/lib/python3.12/site-packages/airflow/example_dags/example_subdag_operator.py
[2025-09-24T18:09:23.330+0000] {logging_mixin.py:188} INFO - [2025-09-24T18:09:23.330+0000] {dag.py:3096} INFO - Sync 3 DAGs
[2025-09-24T18:09:23.345+0000] {logging_mixin.py:188} INFO - [2025-09-24T18:09:23.345+0000] {dag.py:3954} INFO - Setting next_dagrun for example_subdag_operator to 2022-01-01 00:00:00+00:00, run_after=2022-01-01 00:00:00+00:00
[2025-09-24T18:09:23.349+0000] {logging_mixin.py:188} INFO - [2025-09-24T18:09:23.349+0000] {dag.py:3954} INFO - Setting next_dagrun for example_subdag_operator.section-1 to None, run_after=None
[2025-09-24T18:09:23.351+0000] {logging_mixin.py:188} INFO - [2025-09-24T18:09:23.351+0000] {dag.py:3954} INFO - Setting next_dagrun for example_subdag_operator.section-2 to None, run_after=None
[2025-09-24T18:09:23.357+0000] {logging_mixin.py:188} INFO - [2025-09-24T18:09:23.357+0000] {dag.py:3096} INFO - Sync 2 DAGs
[2025-09-24T18:09:23.361+0000] {logging_mixin.py:188} INFO - [2025-09-24T18:09:23.361+0000] {dag.py:3954} INFO - Setting next_dagrun for example_subdag_operator.section-1 to None, run_after=None
[2025-09-24T18:09:23.362+0000] {logging_mixin.py:188} INFO - [2025-09-24T18:09:23.362+0000] {dag.py:3954} INFO - Setting next_dagrun for example_subdag_operator.section-2 to None, run_after=None
[2025-09-24T18:09:23.375+0000] {processor.py:183} INFO - Processing /home/airflow/.local/lib/python3.12/site-packages/airflow/example_dags/example_subdag_operator.py took 0.085 seconds
[2025-09-24T18:09:53.765+0000] {processor.py:161} INFO - Started process (PID=507) to work on /home/airflow/.local/lib/python3.12/site-packages/airflow/example_dags/example_subdag_operator.py
[2025-09-24T18:09:53.768+0000] {processor.py:830} INFO - Processing file /home/airflow/.local/lib/python3.12/site-packages/airflow/example_dags/example_subdag_operator.py for tasks to queue
[2025-09-24T18:09:53.771+0000] {logging_mixin.py:188} INFO - [2025-09-24T18:09:53.771+0000] {dagbag.py:545} INFO - Filling up the DagBag from /home/airflow/.local/lib/python3.12/site-packages/airflow/example_dags/example_subdag_operator.py
[2025-09-24T18:09:53.788+0000] {processor.py:840} INFO - DAG(s) 'example_subdag_operator.section-1', 'example_subdag_operator.section-2', 'example_subdag_operator' retrieved from /home/airflow/.local/lib/python3.12/site-packages/airflow/example_dags/example_subdag_operator.py
[2025-09-24T18:09:53.800+0000] {logging_mixin.py:188} INFO - [2025-09-24T18:09:53.800+0000] {dag.py:3096} INFO - Sync 3 DAGs
[2025-09-24T18:09:53.816+0000] {logging_mixin.py:188} INFO - [2025-09-24T18:09:53.816+0000] {dag.py:3954} INFO - Setting next_dagrun for example_subdag_operator to 2022-01-01 00:00:00+00:00, run_after=2022-01-01 00:00:00+00:00
[2025-09-24T18:09:53.820+0000] {logging_mixin.py:188} INFO - [2025-09-24T18:09:53.820+0000] {dag.py:3954} INFO - Setting next_dagrun for example_subdag_operator.section-1 to None, run_after=None
[2025-09-24T18:09:53.824+0000] {logging_mixin.py:188} INFO - [2025-09-24T18:09:53.823+0000] {dag.py:3954} INFO - Setting next_dagrun for example_subdag_operator.section-2 to None, run_after=None
[2025-09-24T18:09:53.830+0000] {logging_mixin.py:188} INFO - [2025-09-24T18:09:53.830+0000] {dag.py:3096} INFO - Sync 2 DAGs
[2025-09-24T18:09:53.835+0000] {logging_mixin.py:188} INFO - [2025-09-24T18:09:53.835+0000] {dag.py:3954} INFO - Setting next_dagrun for example_subdag_operator.section-1 to None, run_after=None
[2025-09-24T18:09:53.839+0000] {logging_mixin.py:188} INFO - [2025-09-24T18:09:53.838+0000] {dag.py:3954} INFO - Setting next_dagrun for example_subdag_operator.section-2 to None, run_after=None
[2025-09-24T18:09:53.848+0000] {processor.py:183} INFO - Processing /home/airflow/.local/lib/python3.12/site-packages/airflow/example_dags/example_subdag_operator.py took 0.092 seconds
[2025-09-24T18:10:23.966+0000] {processor.py:161} INFO - Started process (PID=568) to work on /home/airflow/.local/lib/python3.12/site-packages/airflow/example_dags/example_subdag_operator.py
[2025-09-24T18:10:23.968+0000] {processor.py:830} INFO - Processing file /home/airflow/.local/lib/python3.12/site-packages/airflow/example_dags/example_subdag_operator.py for tasks to queue
[2025-09-24T18:10:23.970+0000] {logging_mixin.py:188} INFO - [2025-09-24T18:10:23.969+0000] {dagbag.py:545} INFO - Filling up the DagBag from /home/airflow/.local/lib/python3.12/site-packages/airflow/example_dags/example_subdag_operator.py
[2025-09-24T18:10:23.991+0000] {processor.py:840} INFO - DAG(s) 'example_subdag_operator.section-1', 'example_subdag_operator.section-2', 'example_subdag_operator' retrieved from /home/airflow/.local/lib/python3.12/site-packages/airflow/example_dags/example_subdag_operator.py
[2025-09-24T18:10:24.006+0000] {logging_mixin.py:188} INFO - [2025-09-24T18:10:24.006+0000] {dag.py:3096} INFO - Sync 3 DAGs
[2025-09-24T18:10:24.027+0000] {logging_mixin.py:188} INFO - [2025-09-24T18:10:24.026+0000] {dag.py:3954} INFO - Setting next_dagrun for example_subdag_operator to 2022-01-01 00:00:00+00:00, run_after=2022-01-01 00:00:00+00:00
[2025-09-24T18:10:24.031+0000] {logging_mixin.py:188} INFO - [2025-09-24T18:10:24.030+0000] {dag.py:3954} INFO - Setting next_dagrun for example_subdag_operator.section-1 to None, run_after=None
[2025-09-24T18:10:24.032+0000] {logging_mixin.py:188} INFO - [2025-09-24T18:10:24.032+0000] {dag.py:3954} INFO - Setting next_dagrun for example_subdag_operator.section-2 to None, run_after=None
[2025-09-24T18:10:24.039+0000] {logging_mixin.py:188} INFO - [2025-09-24T18:10:24.039+0000] {dag.py:3096} INFO - Sync 2 DAGs
[2025-09-24T18:10:24.044+0000] {logging_mixin.py:188} INFO - [2025-09-24T18:10:24.044+0000] {dag.py:3954} INFO - Setting next_dagrun for example_subdag_operator.section-1 to None, run_after=None
[2025-09-24T18:10:24.045+0000] {logging_mixin.py:188} INFO - [2025-09-24T18:10:24.045+0000] {dag.py:3954} INFO - Setting next_dagrun for example_subdag_operator.section-2 to None, run_after=None
[2025-09-24T18:10:24.056+0000] {processor.py:183} INFO - Processing /home/airflow/.local/lib/python3.12/site-packages/airflow/example_dags/example_subdag_operator.py took 0.096 seconds
[2025-09-24T18:10:54.634+0000] {processor.py:161} INFO - Started process (PID=628) to work on /home/airflow/.local/lib/python3.12/site-packages/airflow/example_dags/example_subdag_operator.py
[2025-09-24T18:10:54.635+0000] {processor.py:830} INFO - Processing file /home/airflow/.local/lib/python3.12/site-packages/airflow/example_dags/example_subdag_operator.py for tasks to queue
[2025-09-24T18:10:54.637+0000] {logging_mixin.py:188} INFO - [2025-09-24T18:10:54.637+0000] {dagbag.py:545} INFO - Filling up the DagBag from /home/airflow/.local/lib/python3.12/site-packages/airflow/example_dags/example_subdag_operator.py
[2025-09-24T18:10:54.655+0000] {processor.py:840} INFO - DAG(s) 'example_subdag_operator.section-1', 'example_subdag_operator.section-2', 'example_subdag_operator' retrieved from /home/airflow/.local/lib/python3.12/site-packages/airflow/example_dags/example_subdag_operator.py
[2025-09-24T18:10:54.666+0000] {logging_mixin.py:188} INFO - [2025-09-24T18:10:54.666+0000] {dag.py:3096} INFO - Sync 3 DAGs
[2025-09-24T18:10:54.682+0000] {logging_mixin.py:188} INFO - [2025-09-24T18:10:54.681+0000] {dag.py:3954} INFO - Setting next_dagrun for example_subdag_operator to 2022-01-01 00:00:00+00:00, run_after=2022-01-01 00:00:00+00:00
[2025-09-24T18:10:54.685+0000] {logging_mixin.py:188} INFO - [2025-09-24T18:10:54.685+0000] {dag.py:3954} INFO - Setting next_dagrun for example_subdag_operator.section-1 to None, run_after=None
[2025-09-24T18:10:54.687+0000] {logging_mixin.py:188} INFO - [2025-09-24T18:10:54.686+0000] {dag.py:3954} INFO - Setting next_dagrun for example_subdag_operator.section-2 to None, run_after=None
[2025-09-24T18:10:54.692+0000] {logging_mixin.py:188} INFO - [2025-09-24T18:10:54.692+0000] {dag.py:3096} INFO - Sync 2 DAGs
[2025-09-24T18:10:54.696+0000] {logging_mixin.py:188} INFO - [2025-09-24T18:10:54.696+0000] {dag.py:3954} INFO - Setting next_dagrun for example_subdag_operator.section-1 to None, run_after=None
[2025-09-24T18:10:54.697+0000] {logging_mixin.py:188} INFO - [2025-09-24T18:10:54.697+0000] {dag.py:3954} INFO - Setting next_dagrun for example_subdag_operator.section-2 to None, run_after=None
[2025-09-24T18:10:54.705+0000] {processor.py:183} INFO - Processing /home/airflow/.local/lib/python3.12/site-packages/airflow/example_dags/example_subdag_operator.py took 0.076 seconds
[2025-09-24T18:11:25.043+0000] {processor.py:161} INFO - Started process (PID=688) to work on /home/airflow/.local/lib/python3.12/site-packages/airflow/example_dags/example_subdag_operator.py
[2025-09-24T18:11:25.044+0000] {processor.py:830} INFO - Processing file /home/airflow/.local/lib/python3.12/site-packages/airflow/example_dags/example_subdag_operator.py for tasks to queue
[2025-09-24T18:11:25.046+0000] {logging_mixin.py:188} INFO - [2025-09-24T18:11:25.046+0000] {dagbag.py:545} INFO - Filling up the DagBag from /home/airflow/.local/lib/python3.12/site-packages/airflow/example_dags/example_subdag_operator.py
[2025-09-24T18:11:25.064+0000] {processor.py:840} INFO - DAG(s) 'example_subdag_operator.section-1', 'example_subdag_operator.section-2', 'example_subdag_operator' retrieved from /home/airflow/.local/lib/python3.12/site-packages/airflow/example_dags/example_subdag_operator.py
[2025-09-24T18:11:25.088+0000] {logging_mixin.py:188} INFO - [2025-09-24T18:11:25.088+0000] {dag.py:3096} INFO - Sync 3 DAGs
[2025-09-24T18:11:25.113+0000] {logging_mixin.py:188} INFO - [2025-09-24T18:11:25.113+0000] {dag.py:3954} INFO - Setting next_dagrun for example_subdag_operator to 2022-01-01 00:00:00+00:00, run_after=2022-01-01 00:00:00+00:00
[2025-09-24T18:11:25.119+0000] {logging_mixin.py:188} INFO - [2025-09-24T18:11:25.118+0000] {dag.py:3954} INFO - Setting next_dagrun for example_subdag_operator.section-1 to None, run_after=None
[2025-09-24T18:11:25.120+0000] {logging_mixin.py:188} INFO - [2025-09-24T18:11:25.120+0000] {dag.py:3954} INFO - Setting next_dagrun for example_subdag_operator.section-2 to None, run_after=None
[2025-09-24T18:11:25.126+0000] {logging_mixin.py:188} INFO - [2025-09-24T18:11:25.126+0000] {dag.py:3096} INFO - Sync 2 DAGs
[2025-09-24T18:11:25.130+0000] {logging_mixin.py:188} INFO - [2025-09-24T18:11:25.130+0000] {dag.py:3954} INFO - Setting next_dagrun for example_subdag_operator.section-1 to None, run_after=None
[2025-09-24T18:11:25.131+0000] {logging_mixin.py:188} INFO - [2025-09-24T18:11:25.131+0000] {dag.py:3954} INFO - Setting next_dagrun for example_subdag_operator.section-2 to None, run_after=None
[2025-09-24T18:11:25.162+0000] {processor.py:183} INFO - Processing /home/airflow/.local/lib/python3.12/site-packages/airflow/example_dags/example_subdag_operator.py took 0.123 seconds
[2025-09-24T18:11:55.381+0000] {processor.py:161} INFO - Started process (PID=748) to work on /home/airflow/.local/lib/python3.12/site-packages/airflow/example_dags/example_subdag_operator.py
[2025-09-24T18:11:55.383+0000] {processor.py:830} INFO - Processing file /home/airflow/.local/lib/python3.12/site-packages/airflow/example_dags/example_subdag_operator.py for tasks to queue
[2025-09-24T18:11:55.386+0000] {logging_mixin.py:188} INFO - [2025-09-24T18:11:55.385+0000] {dagbag.py:545} INFO - Filling up the DagBag from /home/airflow/.local/lib/python3.12/site-packages/airflow/example_dags/example_subdag_operator.py
[2025-09-24T18:11:55.408+0000] {processor.py:840} INFO - DAG(s) 'example_subdag_operator.section-1', 'example_subdag_operator.section-2', 'example_subdag_operator' retrieved from /home/airflow/.local/lib/python3.12/site-packages/airflow/example_dags/example_subdag_operator.py
[2025-09-24T18:11:55.423+0000] {logging_mixin.py:188} INFO - [2025-09-24T18:11:55.422+0000] {dag.py:3096} INFO - Sync 3 DAGs
[2025-09-24T18:11:55.440+0000] {logging_mixin.py:188} INFO - [2025-09-24T18:11:55.439+0000] {dag.py:3954} INFO - Setting next_dagrun for example_subdag_operator to 2022-01-01 00:00:00+00:00, run_after=2022-01-01 00:00:00+00:00
[2025-09-24T18:11:55.443+0000] {logging_mixin.py:188} INFO - [2025-09-24T18:11:55.443+0000] {dag.py:3954} INFO - Setting next_dagrun for example_subdag_operator.section-1 to None, run_after=None
[2025-09-24T18:11:55.445+0000] {logging_mixin.py:188} INFO - [2025-09-24T18:11:55.445+0000] {dag.py:3954} INFO - Setting next_dagrun for example_subdag_operator.section-2 to None, run_after=None
[2025-09-24T18:11:55.451+0000] {logging_mixin.py:188} INFO - [2025-09-24T18:11:55.451+0000] {dag.py:3096} INFO - Sync 2 DAGs
[2025-09-24T18:11:55.455+0000] {logging_mixin.py:188} INFO - [2025-09-24T18:11:55.455+0000] {dag.py:3954} INFO - Setting next_dagrun for example_subdag_operator.section-1 to None, run_after=None
[2025-09-24T18:11:55.456+0000] {logging_mixin.py:188} INFO - [2025-09-24T18:11:55.456+0000] {dag.py:3954} INFO - Setting next_dagrun for example_subdag_operator.section-2 to None, run_after=None
[2025-09-24T18:11:55.553+0000] {processor.py:183} INFO - Processing /home/airflow/.local/lib/python3.12/site-packages/airflow/example_dags/example_subdag_operator.py took 0.178 seconds
[2025-09-24T18:12:26.156+0000] {processor.py:161} INFO - Started process (PID=808) to work on /home/airflow/.local/lib/python3.12/site-packages/airflow/example_dags/example_subdag_operator.py
[2025-09-24T18:12:26.158+0000] {processor.py:830} INFO - Processing file /home/airflow/.local/lib/python3.12/site-packages/airflow/example_dags/example_subdag_operator.py for tasks to queue
[2025-09-24T18:12:26.160+0000] {logging_mixin.py:188} INFO - [2025-09-24T18:12:26.160+0000] {dagbag.py:545} INFO - Filling up the DagBag from /home/airflow/.local/lib/python3.12/site-packages/airflow/example_dags/example_subdag_operator.py
[2025-09-24T18:12:26.182+0000] {processor.py:840} INFO - DAG(s) 'example_subdag_operator.section-1', 'example_subdag_operator.section-2', 'example_subdag_operator' retrieved from /home/airflow/.local/lib/python3.12/site-packages/airflow/example_dags/example_subdag_operator.py
[2025-09-24T18:12:26.203+0000] {logging_mixin.py:188} INFO - [2025-09-24T18:12:26.203+0000] {dag.py:3096} INFO - Sync 3 DAGs
[2025-09-24T18:12:26.227+0000] {logging_mixin.py:188} INFO - [2025-09-24T18:12:26.226+0000] {dag.py:3954} INFO - Setting next_dagrun for example_subdag_operator to 2022-01-01 00:00:00+00:00, run_after=2022-01-01 00:00:00+00:00
[2025-09-24T18:12:26.230+0000] {logging_mixin.py:188} INFO - [2025-09-24T18:12:26.230+0000] {dag.py:3954} INFO - Setting next_dagrun for example_subdag_operator.section-1 to None, run_after=None
[2025-09-24T18:12:26.232+0000] {logging_mixin.py:188} INFO - [2025-09-24T18:12:26.232+0000] {dag.py:3954} INFO - Setting next_dagrun for example_subdag_operator.section-2 to None, run_after=None
[2025-09-24T18:12:26.242+0000] {logging_mixin.py:188} INFO - [2025-09-24T18:12:26.242+0000] {dag.py:3096} INFO - Sync 2 DAGs
[2025-09-24T18:12:26.248+0000] {logging_mixin.py:188} INFO - [2025-09-24T18:12:26.248+0000] {dag.py:3954} INFO - Setting next_dagrun for example_subdag_operator.section-1 to None, run_after=None
[2025-09-24T18:12:26.249+0000] {logging_mixin.py:188} INFO - [2025-09-24T18:12:26.249+0000] {dag.py:3954} INFO - Setting next_dagrun for example_subdag_operator.section-2 to None, run_after=None
[2025-09-24T18:12:26.261+0000] {processor.py:183} INFO - Processing /home/airflow/.local/lib/python3.12/site-packages/airflow/example_dags/example_subdag_operator.py took 0.110 seconds
[2025-09-24T18:12:56.372+0000] {processor.py:161} INFO - Started process (PID=869) to work on /home/airflow/.local/lib/python3.12/site-packages/airflow/example_dags/example_subdag_operator.py
[2025-09-24T18:12:56.373+0000] {processor.py:830} INFO - Processing file /home/airflow/.local/lib/python3.12/site-packages/airflow/example_dags/example_subdag_operator.py for tasks to queue
[2025-09-24T18:12:56.375+0000] {logging_mixin.py:188} INFO - [2025-09-24T18:12:56.375+0000] {dagbag.py:545} INFO - Filling up the DagBag from /home/airflow/.local/lib/python3.12/site-packages/airflow/example_dags/example_subdag_operator.py
[2025-09-24T18:12:56.391+0000] {processor.py:840} INFO - DAG(s) 'example_subdag_operator.section-1', 'example_subdag_operator.section-2', 'example_subdag_operator' retrieved from /home/airflow/.local/lib/python3.12/site-packages/airflow/example_dags/example_subdag_operator.py
[2025-09-24T18:12:56.402+0000] {logging_mixin.py:188} INFO - [2025-09-24T18:12:56.402+0000] {dag.py:3096} INFO - Sync 3 DAGs
[2025-09-24T18:12:56.417+0000] {logging_mixin.py:188} INFO - [2025-09-24T18:12:56.417+0000] {dag.py:3954} INFO - Setting next_dagrun for example_subdag_operator to 2022-01-01 00:00:00+00:00, run_after=2022-01-01 00:00:00+00:00
[2025-09-24T18:12:56.422+0000] {logging_mixin.py:188} INFO - [2025-09-24T18:12:56.421+0000] {dag.py:3954} INFO - Setting next_dagrun for example_subdag_operator.section-1 to None, run_after=None
[2025-09-24T18:12:56.424+0000] {logging_mixin.py:188} INFO - [2025-09-24T18:12:56.424+0000] {dag.py:3954} INFO - Setting next_dagrun for example_subdag_operator.section-2 to None, run_after=None
[2025-09-24T18:12:56.429+0000] {logging_mixin.py:188} INFO - [2025-09-24T18:12:56.429+0000] {dag.py:3096} INFO - Sync 2 DAGs
[2025-09-24T18:12:56.434+0000] {logging_mixin.py:188} INFO - [2025-09-24T18:12:56.434+0000] {dag.py:3954} INFO - Setting next_dagrun for example_subdag_operator.section-1 to None, run_after=None
[2025-09-24T18:12:56.435+0000] {logging_mixin.py:188} INFO - [2025-09-24T18:12:56.434+0000] {dag.py:3954} INFO - Setting next_dagrun for example_subdag_operator.section-2 to None, run_after=None
[2025-09-24T18:12:56.459+0000] {processor.py:183} INFO - Processing /home/airflow/.local/lib/python3.12/site-packages/airflow/example_dags/example_subdag_operator.py took 0.091 seconds
[2025-09-24T18:13:26.720+0000] {processor.py:161} INFO - Started process (PID=929) to work on /home/airflow/.local/lib/python3.12/site-packages/airflow/example_dags/example_subdag_operator.py
[2025-09-24T18:13:26.721+0000] {processor.py:830} INFO - Processing file /home/airflow/.local/lib/python3.12/site-packages/airflow/example_dags/example_subdag_operator.py for tasks to queue
[2025-09-24T18:13:26.723+0000] {logging_mixin.py:188} INFO - [2025-09-24T18:13:26.723+0000] {dagbag.py:545} INFO - Filling up the DagBag from /home/airflow/.local/lib/python3.12/site-packages/airflow/example_dags/example_subdag_operator.py
[2025-09-24T18:13:26.741+0000] {processor.py:840} INFO - DAG(s) 'example_subdag_operator.section-1', 'example_subdag_operator.section-2', 'example_subdag_operator' retrieved from /home/airflow/.local/lib/python3.12/site-packages/airflow/example_dags/example_subdag_operator.py
[2025-09-24T18:13:26.753+0000] {logging_mixin.py:188} INFO - [2025-09-24T18:13:26.753+0000] {dag.py:3096} INFO - Sync 3 DAGs
[2025-09-24T18:13:26.775+0000] {logging_mixin.py:188} INFO - [2025-09-24T18:13:26.775+0000] {dag.py:3954} INFO - Setting next_dagrun for example_subdag_operator to 2022-01-01 00:00:00+00:00, run_after=2022-01-01 00:00:00+00:00
[2025-09-24T18:13:26.778+0000] {logging_mixin.py:188} INFO - [2025-09-24T18:13:26.778+0000] {dag.py:3954} INFO - Setting next_dagrun for example_subdag_operator.section-1 to None, run_after=None
[2025-09-24T18:13:26.780+0000] {logging_mixin.py:188} INFO - [2025-09-24T18:13:26.780+0000] {dag.py:3954} INFO - Setting next_dagrun for example_subdag_operator.section-2 to None, run_after=None
[2025-09-24T18:13:26.785+0000] {logging_mixin.py:188} INFO - [2025-09-24T18:13:26.785+0000] {dag.py:3096} INFO - Sync 2 DAGs
[2025-09-24T18:13:26.790+0000] {logging_mixin.py:188} INFO - [2025-09-24T18:13:26.790+0000] {dag.py:3954} INFO - Setting next_dagrun for example_subdag_operator.section-1 to None, run_after=None
[2025-09-24T18:13:26.791+0000] {logging_mixin.py:188} INFO - [2025-09-24T18:13:26.791+0000] {dag.py:3954} INFO - Setting next_dagrun for example_subdag_operator.section-2 to None, run_after=None
[2025-09-24T18:13:26.802+0000] {processor.py:183} INFO - Processing /home/airflow/.local/lib/python3.12/site-packages/airflow/example_dags/example_subdag_operator.py took 0.087 seconds
