[2025-09-24T18:06:20.529+0000] {processor.py:161} INFO - Started process (PID=86) to work on /home/airflow/.local/lib/python3.12/site-packages/airflow/example_dags/example_sla_dag.py
[2025-09-24T18:06:20.530+0000] {processor.py:830} INFO - Processing file /home/airflow/.local/lib/python3.12/site-packages/airflow/example_dags/example_sla_dag.py for tasks to queue
[2025-09-24T18:06:20.533+0000] {logging_mixin.py:188} INFO - [2025-09-24T18:06:20.532+0000] {dagbag.py:545} INFO - Filling up the DagBag from /home/airflow/.local/lib/python3.12/site-packages/airflow/example_dags/example_sla_dag.py
[2025-09-24T18:06:20.542+0000] {processor.py:840} INFO - DAG(s) 'example_sla_dag' retrieved from /home/airflow/.local/lib/python3.12/site-packages/airflow/example_dags/example_sla_dag.py
[2025-09-24T18:06:20.680+0000] {logging_mixin.py:188} INFO - [2025-09-24T18:06:20.679+0000] {dag.py:3096} INFO - Sync 1 DAGs
[2025-09-24T18:06:20.707+0000] {logging_mixin.py:188} INFO - [2025-09-24T18:06:20.706+0000] {dag.py:3954} INFO - Setting next_dagrun for example_sla_dag to 2025-09-24 18:04:00+00:00, run_after=2025-09-24 18:06:00+00:00
[2025-09-24T18:06:20.732+0000] {processor.py:183} INFO - Processing /home/airflow/.local/lib/python3.12/site-packages/airflow/example_dags/example_sla_dag.py took 0.210 seconds
[2025-09-24T18:06:50.858+0000] {processor.py:161} INFO - Started process (PID=146) to work on /home/airflow/.local/lib/python3.12/site-packages/airflow/example_dags/example_sla_dag.py
[2025-09-24T18:06:50.859+0000] {processor.py:830} INFO - Processing file /home/airflow/.local/lib/python3.12/site-packages/airflow/example_dags/example_sla_dag.py for tasks to queue
[2025-09-24T18:06:50.861+0000] {logging_mixin.py:188} INFO - [2025-09-24T18:06:50.861+0000] {dagbag.py:545} INFO - Filling up the DagBag from /home/airflow/.local/lib/python3.12/site-packages/airflow/example_dags/example_sla_dag.py
[2025-09-24T18:06:50.868+0000] {processor.py:840} INFO - DAG(s) 'example_sla_dag' retrieved from /home/airflow/.local/lib/python3.12/site-packages/airflow/example_dags/example_sla_dag.py
[2025-09-24T18:06:50.885+0000] {logging_mixin.py:188} INFO - [2025-09-24T18:06:50.885+0000] {dag.py:3096} INFO - Sync 1 DAGs
[2025-09-24T18:06:50.904+0000] {logging_mixin.py:188} INFO - [2025-09-24T18:06:50.904+0000] {dag.py:3954} INFO - Setting next_dagrun for example_sla_dag to 2025-09-24 18:04:00+00:00, run_after=2025-09-24 18:06:00+00:00
[2025-09-24T18:06:50.920+0000] {processor.py:183} INFO - Processing /home/airflow/.local/lib/python3.12/site-packages/airflow/example_dags/example_sla_dag.py took 0.066 seconds
[2025-09-24T18:07:21.323+0000] {processor.py:161} INFO - Started process (PID=212) to work on /home/airflow/.local/lib/python3.12/site-packages/airflow/example_dags/example_sla_dag.py
[2025-09-24T18:07:21.324+0000] {processor.py:830} INFO - Processing file /home/airflow/.local/lib/python3.12/site-packages/airflow/example_dags/example_sla_dag.py for tasks to queue
[2025-09-24T18:07:21.326+0000] {logging_mixin.py:188} INFO - [2025-09-24T18:07:21.326+0000] {dagbag.py:545} INFO - Filling up the DagBag from /home/airflow/.local/lib/python3.12/site-packages/airflow/example_dags/example_sla_dag.py
[2025-09-24T18:07:21.335+0000] {processor.py:840} INFO - DAG(s) 'example_sla_dag' retrieved from /home/airflow/.local/lib/python3.12/site-packages/airflow/example_dags/example_sla_dag.py
[2025-09-24T18:07:21.352+0000] {logging_mixin.py:188} INFO - [2025-09-24T18:07:21.352+0000] {dag.py:3096} INFO - Sync 1 DAGs
[2025-09-24T18:07:21.372+0000] {logging_mixin.py:188} INFO - [2025-09-24T18:07:21.371+0000] {dag.py:3954} INFO - Setting next_dagrun for example_sla_dag to 2025-09-24 18:04:00+00:00, run_after=2025-09-24 18:06:00+00:00
[2025-09-24T18:07:21.390+0000] {processor.py:183} INFO - Processing /home/airflow/.local/lib/python3.12/site-packages/airflow/example_dags/example_sla_dag.py took 0.072 seconds
[2025-09-24T18:07:51.467+0000] {processor.py:161} INFO - Started process (PID=272) to work on /home/airflow/.local/lib/python3.12/site-packages/airflow/example_dags/example_sla_dag.py
[2025-09-24T18:07:51.468+0000] {processor.py:830} INFO - Processing file /home/airflow/.local/lib/python3.12/site-packages/airflow/example_dags/example_sla_dag.py for tasks to queue
[2025-09-24T18:07:51.470+0000] {logging_mixin.py:188} INFO - [2025-09-24T18:07:51.469+0000] {dagbag.py:545} INFO - Filling up the DagBag from /home/airflow/.local/lib/python3.12/site-packages/airflow/example_dags/example_sla_dag.py
[2025-09-24T18:07:51.477+0000] {processor.py:840} INFO - DAG(s) 'example_sla_dag' retrieved from /home/airflow/.local/lib/python3.12/site-packages/airflow/example_dags/example_sla_dag.py
[2025-09-24T18:07:51.499+0000] {logging_mixin.py:188} INFO - [2025-09-24T18:07:51.498+0000] {dag.py:3096} INFO - Sync 1 DAGs
[2025-09-24T18:07:51.524+0000] {logging_mixin.py:188} INFO - [2025-09-24T18:07:51.524+0000] {dag.py:3954} INFO - Setting next_dagrun for example_sla_dag to 2025-09-24 18:04:00+00:00, run_after=2025-09-24 18:06:00+00:00
[2025-09-24T18:07:51.539+0000] {processor.py:183} INFO - Processing /home/airflow/.local/lib/python3.12/site-packages/airflow/example_dags/example_sla_dag.py took 0.077 seconds
[2025-09-24T18:08:22.851+0000] {processor.py:161} INFO - Started process (PID=332) to work on /home/airflow/.local/lib/python3.12/site-packages/airflow/example_dags/example_sla_dag.py
[2025-09-24T18:08:22.853+0000] {processor.py:830} INFO - Processing file /home/airflow/.local/lib/python3.12/site-packages/airflow/example_dags/example_sla_dag.py for tasks to queue
[2025-09-24T18:08:22.855+0000] {logging_mixin.py:188} INFO - [2025-09-24T18:08:22.854+0000] {dagbag.py:545} INFO - Filling up the DagBag from /home/airflow/.local/lib/python3.12/site-packages/airflow/example_dags/example_sla_dag.py
[2025-09-24T18:08:22.862+0000] {processor.py:840} INFO - DAG(s) 'example_sla_dag' retrieved from /home/airflow/.local/lib/python3.12/site-packages/airflow/example_dags/example_sla_dag.py
[2025-09-24T18:08:22.882+0000] {logging_mixin.py:188} INFO - [2025-09-24T18:08:22.882+0000] {dag.py:3096} INFO - Sync 1 DAGs
[2025-09-24T18:08:22.900+0000] {logging_mixin.py:188} INFO - [2025-09-24T18:08:22.900+0000] {dag.py:3954} INFO - Setting next_dagrun for example_sla_dag to 2025-09-24 18:06:00+00:00, run_after=2025-09-24 18:08:00+00:00
[2025-09-24T18:08:22.917+0000] {processor.py:183} INFO - Processing /home/airflow/.local/lib/python3.12/site-packages/airflow/example_dags/example_sla_dag.py took 0.072 seconds
[2025-09-24T18:08:53.228+0000] {processor.py:161} INFO - Started process (PID=392) to work on /home/airflow/.local/lib/python3.12/site-packages/airflow/example_dags/example_sla_dag.py
[2025-09-24T18:08:53.229+0000] {processor.py:830} INFO - Processing file /home/airflow/.local/lib/python3.12/site-packages/airflow/example_dags/example_sla_dag.py for tasks to queue
[2025-09-24T18:08:53.231+0000] {logging_mixin.py:188} INFO - [2025-09-24T18:08:53.231+0000] {dagbag.py:545} INFO - Filling up the DagBag from /home/airflow/.local/lib/python3.12/site-packages/airflow/example_dags/example_sla_dag.py
[2025-09-24T18:08:53.239+0000] {processor.py:840} INFO - DAG(s) 'example_sla_dag' retrieved from /home/airflow/.local/lib/python3.12/site-packages/airflow/example_dags/example_sla_dag.py
[2025-09-24T18:08:53.258+0000] {logging_mixin.py:188} INFO - [2025-09-24T18:08:53.258+0000] {dag.py:3096} INFO - Sync 1 DAGs
[2025-09-24T18:08:53.281+0000] {logging_mixin.py:188} INFO - [2025-09-24T18:08:53.281+0000] {dag.py:3954} INFO - Setting next_dagrun for example_sla_dag to 2025-09-24 18:06:00+00:00, run_after=2025-09-24 18:08:00+00:00
[2025-09-24T18:08:53.299+0000] {processor.py:183} INFO - Processing /home/airflow/.local/lib/python3.12/site-packages/airflow/example_dags/example_sla_dag.py took 0.077 seconds
[2025-09-24T18:09:23.636+0000] {processor.py:161} INFO - Started process (PID=452) to work on /home/airflow/.local/lib/python3.12/site-packages/airflow/example_dags/example_sla_dag.py
[2025-09-24T18:09:23.637+0000] {processor.py:830} INFO - Processing file /home/airflow/.local/lib/python3.12/site-packages/airflow/example_dags/example_sla_dag.py for tasks to queue
[2025-09-24T18:09:23.639+0000] {logging_mixin.py:188} INFO - [2025-09-24T18:09:23.639+0000] {dagbag.py:545} INFO - Filling up the DagBag from /home/airflow/.local/lib/python3.12/site-packages/airflow/example_dags/example_sla_dag.py
[2025-09-24T18:09:23.647+0000] {processor.py:840} INFO - DAG(s) 'example_sla_dag' retrieved from /home/airflow/.local/lib/python3.12/site-packages/airflow/example_dags/example_sla_dag.py
[2025-09-24T18:09:23.663+0000] {logging_mixin.py:188} INFO - [2025-09-24T18:09:23.663+0000] {dag.py:3096} INFO - Sync 1 DAGs
[2025-09-24T18:09:23.682+0000] {logging_mixin.py:188} INFO - [2025-09-24T18:09:23.682+0000] {dag.py:3954} INFO - Setting next_dagrun for example_sla_dag to 2025-09-24 18:06:00+00:00, run_after=2025-09-24 18:08:00+00:00
[2025-09-24T18:09:23.698+0000] {processor.py:183} INFO - Processing /home/airflow/.local/lib/python3.12/site-packages/airflow/example_dags/example_sla_dag.py took 0.068 seconds
[2025-09-24T18:09:54.014+0000] {processor.py:161} INFO - Started process (PID=512) to work on /home/airflow/.local/lib/python3.12/site-packages/airflow/example_dags/example_sla_dag.py
[2025-09-24T18:09:54.015+0000] {processor.py:830} INFO - Processing file /home/airflow/.local/lib/python3.12/site-packages/airflow/example_dags/example_sla_dag.py for tasks to queue
[2025-09-24T18:09:54.017+0000] {logging_mixin.py:188} INFO - [2025-09-24T18:09:54.017+0000] {dagbag.py:545} INFO - Filling up the DagBag from /home/airflow/.local/lib/python3.12/site-packages/airflow/example_dags/example_sla_dag.py
[2025-09-24T18:09:54.025+0000] {processor.py:840} INFO - DAG(s) 'example_sla_dag' retrieved from /home/airflow/.local/lib/python3.12/site-packages/airflow/example_dags/example_sla_dag.py
[2025-09-24T18:09:54.047+0000] {logging_mixin.py:188} INFO - [2025-09-24T18:09:54.047+0000] {dag.py:3096} INFO - Sync 1 DAGs
[2025-09-24T18:09:54.072+0000] {logging_mixin.py:188} INFO - [2025-09-24T18:09:54.072+0000] {dag.py:3954} INFO - Setting next_dagrun for example_sla_dag to 2025-09-24 18:06:00+00:00, run_after=2025-09-24 18:08:00+00:00
[2025-09-24T18:09:54.092+0000] {processor.py:183} INFO - Processing /home/airflow/.local/lib/python3.12/site-packages/airflow/example_dags/example_sla_dag.py took 0.085 seconds
[2025-09-24T18:10:24.206+0000] {processor.py:161} INFO - Started process (PID=571) to work on /home/airflow/.local/lib/python3.12/site-packages/airflow/example_dags/example_sla_dag.py
[2025-09-24T18:10:24.207+0000] {processor.py:830} INFO - Processing file /home/airflow/.local/lib/python3.12/site-packages/airflow/example_dags/example_sla_dag.py for tasks to queue
[2025-09-24T18:10:24.209+0000] {logging_mixin.py:188} INFO - [2025-09-24T18:10:24.209+0000] {dagbag.py:545} INFO - Filling up the DagBag from /home/airflow/.local/lib/python3.12/site-packages/airflow/example_dags/example_sla_dag.py
[2025-09-24T18:10:24.215+0000] {processor.py:840} INFO - DAG(s) 'example_sla_dag' retrieved from /home/airflow/.local/lib/python3.12/site-packages/airflow/example_dags/example_sla_dag.py
[2025-09-24T18:10:24.233+0000] {logging_mixin.py:188} INFO - [2025-09-24T18:10:24.233+0000] {dag.py:3096} INFO - Sync 1 DAGs
[2025-09-24T18:10:24.252+0000] {logging_mixin.py:188} INFO - [2025-09-24T18:10:24.252+0000] {dag.py:3954} INFO - Setting next_dagrun for example_sla_dag to 2025-09-24 18:08:00+00:00, run_after=2025-09-24 18:10:00+00:00
[2025-09-24T18:10:24.270+0000] {processor.py:183} INFO - Processing /home/airflow/.local/lib/python3.12/site-packages/airflow/example_dags/example_sla_dag.py took 0.069 seconds
[2025-09-24T18:10:54.851+0000] {processor.py:161} INFO - Started process (PID=631) to work on /home/airflow/.local/lib/python3.12/site-packages/airflow/example_dags/example_sla_dag.py
[2025-09-24T18:10:54.852+0000] {processor.py:830} INFO - Processing file /home/airflow/.local/lib/python3.12/site-packages/airflow/example_dags/example_sla_dag.py for tasks to queue
[2025-09-24T18:10:54.854+0000] {logging_mixin.py:188} INFO - [2025-09-24T18:10:54.853+0000] {dagbag.py:545} INFO - Filling up the DagBag from /home/airflow/.local/lib/python3.12/site-packages/airflow/example_dags/example_sla_dag.py
[2025-09-24T18:10:54.860+0000] {processor.py:840} INFO - DAG(s) 'example_sla_dag' retrieved from /home/airflow/.local/lib/python3.12/site-packages/airflow/example_dags/example_sla_dag.py
[2025-09-24T18:10:54.874+0000] {logging_mixin.py:188} INFO - [2025-09-24T18:10:54.874+0000] {dag.py:3096} INFO - Sync 1 DAGs
[2025-09-24T18:10:54.891+0000] {logging_mixin.py:188} INFO - [2025-09-24T18:10:54.891+0000] {dag.py:3954} INFO - Setting next_dagrun for example_sla_dag to 2025-09-24 18:08:00+00:00, run_after=2025-09-24 18:10:00+00:00
[2025-09-24T18:10:54.922+0000] {processor.py:183} INFO - Processing /home/airflow/.local/lib/python3.12/site-packages/airflow/example_dags/example_sla_dag.py took 0.076 seconds
[2025-09-24T18:11:25.207+0000] {processor.py:161} INFO - Started process (PID=691) to work on /home/airflow/.local/lib/python3.12/site-packages/airflow/example_dags/example_sla_dag.py
[2025-09-24T18:11:25.208+0000] {processor.py:830} INFO - Processing file /home/airflow/.local/lib/python3.12/site-packages/airflow/example_dags/example_sla_dag.py for tasks to queue
[2025-09-24T18:11:25.209+0000] {logging_mixin.py:188} INFO - [2025-09-24T18:11:25.209+0000] {dagbag.py:545} INFO - Filling up the DagBag from /home/airflow/.local/lib/python3.12/site-packages/airflow/example_dags/example_sla_dag.py
[2025-09-24T18:11:25.215+0000] {processor.py:840} INFO - DAG(s) 'example_sla_dag' retrieved from /home/airflow/.local/lib/python3.12/site-packages/airflow/example_dags/example_sla_dag.py
[2025-09-24T18:11:25.237+0000] {logging_mixin.py:188} INFO - [2025-09-24T18:11:25.237+0000] {dag.py:3096} INFO - Sync 1 DAGs
[2025-09-24T18:11:25.263+0000] {logging_mixin.py:188} INFO - [2025-09-24T18:11:25.263+0000] {dag.py:3954} INFO - Setting next_dagrun for example_sla_dag to 2025-09-24 18:08:00+00:00, run_after=2025-09-24 18:10:00+00:00
[2025-09-24T18:11:25.279+0000] {processor.py:183} INFO - Processing /home/airflow/.local/lib/python3.12/site-packages/airflow/example_dags/example_sla_dag.py took 0.077 seconds
[2025-09-24T18:11:55.757+0000] {processor.py:161} INFO - Started process (PID=751) to work on /home/airflow/.local/lib/python3.12/site-packages/airflow/example_dags/example_sla_dag.py
[2025-09-24T18:11:55.758+0000] {processor.py:830} INFO - Processing file /home/airflow/.local/lib/python3.12/site-packages/airflow/example_dags/example_sla_dag.py for tasks to queue
[2025-09-24T18:11:55.761+0000] {logging_mixin.py:188} INFO - [2025-09-24T18:11:55.760+0000] {dagbag.py:545} INFO - Filling up the DagBag from /home/airflow/.local/lib/python3.12/site-packages/airflow/example_dags/example_sla_dag.py
[2025-09-24T18:11:55.770+0000] {processor.py:840} INFO - DAG(s) 'example_sla_dag' retrieved from /home/airflow/.local/lib/python3.12/site-packages/airflow/example_dags/example_sla_dag.py
[2025-09-24T18:11:55.787+0000] {logging_mixin.py:188} INFO - [2025-09-24T18:11:55.787+0000] {dag.py:3096} INFO - Sync 1 DAGs
[2025-09-24T18:11:55.811+0000] {logging_mixin.py:188} INFO - [2025-09-24T18:11:55.811+0000] {dag.py:3954} INFO - Setting next_dagrun for example_sla_dag to 2025-09-24 18:08:00+00:00, run_after=2025-09-24 18:10:00+00:00
[2025-09-24T18:11:55.860+0000] {processor.py:183} INFO - Processing /home/airflow/.local/lib/python3.12/site-packages/airflow/example_dags/example_sla_dag.py took 0.110 seconds
[2025-09-24T18:12:26.296+0000] {processor.py:161} INFO - Started process (PID=811) to work on /home/airflow/.local/lib/python3.12/site-packages/airflow/example_dags/example_sla_dag.py
[2025-09-24T18:12:26.297+0000] {processor.py:830} INFO - Processing file /home/airflow/.local/lib/python3.12/site-packages/airflow/example_dags/example_sla_dag.py for tasks to queue
[2025-09-24T18:12:26.299+0000] {logging_mixin.py:188} INFO - [2025-09-24T18:12:26.299+0000] {dagbag.py:545} INFO - Filling up the DagBag from /home/airflow/.local/lib/python3.12/site-packages/airflow/example_dags/example_sla_dag.py
[2025-09-24T18:12:26.307+0000] {processor.py:840} INFO - DAG(s) 'example_sla_dag' retrieved from /home/airflow/.local/lib/python3.12/site-packages/airflow/example_dags/example_sla_dag.py
[2025-09-24T18:12:26.325+0000] {logging_mixin.py:188} INFO - [2025-09-24T18:12:26.325+0000] {dag.py:3096} INFO - Sync 1 DAGs
[2025-09-24T18:12:26.346+0000] {logging_mixin.py:188} INFO - [2025-09-24T18:12:26.346+0000] {dag.py:3954} INFO - Setting next_dagrun for example_sla_dag to 2025-09-24 18:10:00+00:00, run_after=2025-09-24 18:12:00+00:00
[2025-09-24T18:12:26.403+0000] {processor.py:183} INFO - Processing /home/airflow/.local/lib/python3.12/site-packages/airflow/example_dags/example_sla_dag.py took 0.112 seconds
[2025-09-24T18:12:56.511+0000] {processor.py:161} INFO - Started process (PID=871) to work on /home/airflow/.local/lib/python3.12/site-packages/airflow/example_dags/example_sla_dag.py
[2025-09-24T18:12:56.513+0000] {processor.py:830} INFO - Processing file /home/airflow/.local/lib/python3.12/site-packages/airflow/example_dags/example_sla_dag.py for tasks to queue
[2025-09-24T18:12:56.514+0000] {logging_mixin.py:188} INFO - [2025-09-24T18:12:56.514+0000] {dagbag.py:545} INFO - Filling up the DagBag from /home/airflow/.local/lib/python3.12/site-packages/airflow/example_dags/example_sla_dag.py
[2025-09-24T18:12:56.520+0000] {processor.py:840} INFO - DAG(s) 'example_sla_dag' retrieved from /home/airflow/.local/lib/python3.12/site-packages/airflow/example_dags/example_sla_dag.py
[2025-09-24T18:12:56.536+0000] {logging_mixin.py:188} INFO - [2025-09-24T18:12:56.536+0000] {dag.py:3096} INFO - Sync 1 DAGs
[2025-09-24T18:12:56.554+0000] {logging_mixin.py:188} INFO - [2025-09-24T18:12:56.554+0000] {dag.py:3954} INFO - Setting next_dagrun for example_sla_dag to 2025-09-24 18:10:00+00:00, run_after=2025-09-24 18:12:00+00:00
[2025-09-24T18:12:56.566+0000] {processor.py:183} INFO - Processing /home/airflow/.local/lib/python3.12/site-packages/airflow/example_dags/example_sla_dag.py took 0.059 seconds
[2025-09-24T18:13:26.832+0000] {processor.py:161} INFO - Started process (PID=931) to work on /home/airflow/.local/lib/python3.12/site-packages/airflow/example_dags/example_sla_dag.py
[2025-09-24T18:13:26.833+0000] {processor.py:830} INFO - Processing file /home/airflow/.local/lib/python3.12/site-packages/airflow/example_dags/example_sla_dag.py for tasks to queue
[2025-09-24T18:13:26.835+0000] {logging_mixin.py:188} INFO - [2025-09-24T18:13:26.835+0000] {dagbag.py:545} INFO - Filling up the DagBag from /home/airflow/.local/lib/python3.12/site-packages/airflow/example_dags/example_sla_dag.py
[2025-09-24T18:13:26.843+0000] {processor.py:840} INFO - DAG(s) 'example_sla_dag' retrieved from /home/airflow/.local/lib/python3.12/site-packages/airflow/example_dags/example_sla_dag.py
[2025-09-24T18:13:26.860+0000] {logging_mixin.py:188} INFO - [2025-09-24T18:13:26.860+0000] {dag.py:3096} INFO - Sync 1 DAGs
[2025-09-24T18:13:26.880+0000] {logging_mixin.py:188} INFO - [2025-09-24T18:13:26.880+0000] {dag.py:3954} INFO - Setting next_dagrun for example_sla_dag to 2025-09-24 18:10:00+00:00, run_after=2025-09-24 18:12:00+00:00
[2025-09-24T18:13:26.894+0000] {processor.py:183} INFO - Processing /home/airflow/.local/lib/python3.12/site-packages/airflow/example_dags/example_sla_dag.py took 0.066 seconds
