[2025-09-16T14:07:49.701+0000] {processor.py:161} INFO - Started process (PID=131) to work on /home/airflow/.local/lib/python3.12/site-packages/airflow/example_dags/example_python_operator.py
[2025-09-16T14:07:49.709+0000] {processor.py:830} INFO - Processing file /home/airflow/.local/lib/python3.12/site-packages/airflow/example_dags/example_python_operator.py for tasks to queue
[2025-09-16T14:07:49.729+0000] {logging_mixin.py:188} INFO - [2025-09-16T14:07:49.728+0000] {dagbag.py:545} INFO - Filling up the DagBag from /home/airflow/.local/lib/python3.12/site-packages/airflow/example_dags/example_python_operator.py
[2025-09-16T14:07:49.782+0000] {processor.py:840} INFO - DAG(s) 'example_python_operator' retrieved from /home/airflow/.local/lib/python3.12/site-packages/airflow/example_dags/example_python_operator.py
[2025-09-16T14:07:49.846+0000] {logging_mixin.py:188} INFO - [2025-09-16T14:07:49.845+0000] {dag.py:3096} INFO - Sync 1 DAGs
[2025-09-16T14:07:49.926+0000] {logging_mixin.py:188} INFO - [2025-09-16T14:07:49.926+0000] {dag.py:3954} INFO - Setting next_dagrun for example_python_operator to None, run_after=None
[2025-09-16T14:07:50.004+0000] {processor.py:183} INFO - Processing /home/airflow/.local/lib/python3.12/site-packages/airflow/example_dags/example_python_operator.py took 0.333 seconds
[2025-09-16T14:08:20.966+0000] {processor.py:161} INFO - Started process (PID=189) to work on /home/airflow/.local/lib/python3.12/site-packages/airflow/example_dags/example_python_operator.py
[2025-09-16T14:08:20.969+0000] {processor.py:830} INFO - Processing file /home/airflow/.local/lib/python3.12/site-packages/airflow/example_dags/example_python_operator.py for tasks to queue
[2025-09-16T14:08:20.975+0000] {logging_mixin.py:188} INFO - [2025-09-16T14:08:20.974+0000] {dagbag.py:545} INFO - Filling up the DagBag from /home/airflow/.local/lib/python3.12/site-packages/airflow/example_dags/example_python_operator.py
[2025-09-16T14:08:21.008+0000] {processor.py:840} INFO - DAG(s) 'example_python_operator' retrieved from /home/airflow/.local/lib/python3.12/site-packages/airflow/example_dags/example_python_operator.py
[2025-09-16T14:08:21.276+0000] {logging_mixin.py:188} INFO - [2025-09-16T14:08:21.274+0000] {dag.py:3096} INFO - Sync 1 DAGs
[2025-09-16T14:08:21.298+0000] {logging_mixin.py:188} INFO - [2025-09-16T14:08:21.297+0000] {dag.py:3954} INFO - Setting next_dagrun for example_python_operator to None, run_after=None
[2025-09-16T14:08:21.349+0000] {processor.py:183} INFO - Processing /home/airflow/.local/lib/python3.12/site-packages/airflow/example_dags/example_python_operator.py took 0.401 seconds
[2025-09-16T14:08:51.527+0000] {processor.py:161} INFO - Started process (PID=249) to work on /home/airflow/.local/lib/python3.12/site-packages/airflow/example_dags/example_python_operator.py
[2025-09-16T14:08:51.528+0000] {processor.py:830} INFO - Processing file /home/airflow/.local/lib/python3.12/site-packages/airflow/example_dags/example_python_operator.py for tasks to queue
[2025-09-16T14:08:51.532+0000] {logging_mixin.py:188} INFO - [2025-09-16T14:08:51.531+0000] {dagbag.py:545} INFO - Filling up the DagBag from /home/airflow/.local/lib/python3.12/site-packages/airflow/example_dags/example_python_operator.py
[2025-09-16T14:08:51.551+0000] {processor.py:840} INFO - DAG(s) 'example_python_operator' retrieved from /home/airflow/.local/lib/python3.12/site-packages/airflow/example_dags/example_python_operator.py
[2025-09-16T14:08:51.635+0000] {logging_mixin.py:188} INFO - [2025-09-16T14:08:51.634+0000] {dag.py:3096} INFO - Sync 1 DAGs
[2025-09-16T14:08:51.686+0000] {logging_mixin.py:188} INFO - [2025-09-16T14:08:51.686+0000] {dag.py:3954} INFO - Setting next_dagrun for example_python_operator to None, run_after=None
[2025-09-16T14:08:51.739+0000] {processor.py:183} INFO - Processing /home/airflow/.local/lib/python3.12/site-packages/airflow/example_dags/example_python_operator.py took 0.222 seconds
[2025-09-16T14:09:22.009+0000] {processor.py:161} INFO - Started process (PID=309) to work on /home/airflow/.local/lib/python3.12/site-packages/airflow/example_dags/example_python_operator.py
[2025-09-16T14:09:22.011+0000] {processor.py:830} INFO - Processing file /home/airflow/.local/lib/python3.12/site-packages/airflow/example_dags/example_python_operator.py for tasks to queue
[2025-09-16T14:09:22.013+0000] {logging_mixin.py:188} INFO - [2025-09-16T14:09:22.013+0000] {dagbag.py:545} INFO - Filling up the DagBag from /home/airflow/.local/lib/python3.12/site-packages/airflow/example_dags/example_python_operator.py
[2025-09-16T14:09:22.028+0000] {processor.py:840} INFO - DAG(s) 'example_python_operator' retrieved from /home/airflow/.local/lib/python3.12/site-packages/airflow/example_dags/example_python_operator.py
[2025-09-16T14:09:22.063+0000] {logging_mixin.py:188} INFO - [2025-09-16T14:09:22.063+0000] {dag.py:3096} INFO - Sync 1 DAGs
[2025-09-16T14:09:22.087+0000] {logging_mixin.py:188} INFO - [2025-09-16T14:09:22.086+0000] {dag.py:3954} INFO - Setting next_dagrun for example_python_operator to None, run_after=None
[2025-09-16T14:09:22.148+0000] {processor.py:183} INFO - Processing /home/airflow/.local/lib/python3.12/site-packages/airflow/example_dags/example_python_operator.py took 0.146 seconds
[2025-09-16T14:09:52.817+0000] {processor.py:161} INFO - Started process (PID=369) to work on /home/airflow/.local/lib/python3.12/site-packages/airflow/example_dags/example_python_operator.py
[2025-09-16T14:09:52.820+0000] {processor.py:830} INFO - Processing file /home/airflow/.local/lib/python3.12/site-packages/airflow/example_dags/example_python_operator.py for tasks to queue
[2025-09-16T14:09:52.823+0000] {logging_mixin.py:188} INFO - [2025-09-16T14:09:52.822+0000] {dagbag.py:545} INFO - Filling up the DagBag from /home/airflow/.local/lib/python3.12/site-packages/airflow/example_dags/example_python_operator.py
[2025-09-16T14:09:52.840+0000] {processor.py:840} INFO - DAG(s) 'example_python_operator' retrieved from /home/airflow/.local/lib/python3.12/site-packages/airflow/example_dags/example_python_operator.py
[2025-09-16T14:09:52.874+0000] {logging_mixin.py:188} INFO - [2025-09-16T14:09:52.874+0000] {dag.py:3096} INFO - Sync 1 DAGs
[2025-09-16T14:09:52.892+0000] {logging_mixin.py:188} INFO - [2025-09-16T14:09:52.892+0000] {dag.py:3954} INFO - Setting next_dagrun for example_python_operator to None, run_after=None
[2025-09-16T14:09:52.946+0000] {processor.py:183} INFO - Processing /home/airflow/.local/lib/python3.12/site-packages/airflow/example_dags/example_python_operator.py took 0.137 seconds
[2025-09-16T14:10:23.310+0000] {processor.py:161} INFO - Started process (PID=429) to work on /home/airflow/.local/lib/python3.12/site-packages/airflow/example_dags/example_python_operator.py
[2025-09-16T14:10:23.312+0000] {processor.py:830} INFO - Processing file /home/airflow/.local/lib/python3.12/site-packages/airflow/example_dags/example_python_operator.py for tasks to queue
[2025-09-16T14:10:23.315+0000] {logging_mixin.py:188} INFO - [2025-09-16T14:10:23.314+0000] {dagbag.py:545} INFO - Filling up the DagBag from /home/airflow/.local/lib/python3.12/site-packages/airflow/example_dags/example_python_operator.py
[2025-09-16T14:10:23.330+0000] {processor.py:840} INFO - DAG(s) 'example_python_operator' retrieved from /home/airflow/.local/lib/python3.12/site-packages/airflow/example_dags/example_python_operator.py
[2025-09-16T14:10:23.368+0000] {logging_mixin.py:188} INFO - [2025-09-16T14:10:23.368+0000] {dag.py:3096} INFO - Sync 1 DAGs
[2025-09-16T14:10:23.390+0000] {logging_mixin.py:188} INFO - [2025-09-16T14:10:23.390+0000] {dag.py:3954} INFO - Setting next_dagrun for example_python_operator to None, run_after=None
[2025-09-16T14:10:23.422+0000] {processor.py:183} INFO - Processing /home/airflow/.local/lib/python3.12/site-packages/airflow/example_dags/example_python_operator.py took 0.118 seconds
[2025-09-16T14:10:53.667+0000] {processor.py:161} INFO - Started process (PID=489) to work on /home/airflow/.local/lib/python3.12/site-packages/airflow/example_dags/example_python_operator.py
[2025-09-16T14:10:53.669+0000] {processor.py:830} INFO - Processing file /home/airflow/.local/lib/python3.12/site-packages/airflow/example_dags/example_python_operator.py for tasks to queue
[2025-09-16T14:10:53.674+0000] {logging_mixin.py:188} INFO - [2025-09-16T14:10:53.673+0000] {dagbag.py:545} INFO - Filling up the DagBag from /home/airflow/.local/lib/python3.12/site-packages/airflow/example_dags/example_python_operator.py
[2025-09-16T14:10:53.692+0000] {processor.py:840} INFO - DAG(s) 'example_python_operator' retrieved from /home/airflow/.local/lib/python3.12/site-packages/airflow/example_dags/example_python_operator.py
[2025-09-16T14:10:53.730+0000] {logging_mixin.py:188} INFO - [2025-09-16T14:10:53.729+0000] {dag.py:3096} INFO - Sync 1 DAGs
[2025-09-16T14:10:53.753+0000] {logging_mixin.py:188} INFO - [2025-09-16T14:10:53.752+0000] {dag.py:3954} INFO - Setting next_dagrun for example_python_operator to None, run_after=None
[2025-09-16T14:10:53.793+0000] {processor.py:183} INFO - Processing /home/airflow/.local/lib/python3.12/site-packages/airflow/example_dags/example_python_operator.py took 0.138 seconds
[2025-09-16T14:11:24.314+0000] {processor.py:161} INFO - Started process (PID=549) to work on /home/airflow/.local/lib/python3.12/site-packages/airflow/example_dags/example_python_operator.py
[2025-09-16T14:11:24.316+0000] {processor.py:830} INFO - Processing file /home/airflow/.local/lib/python3.12/site-packages/airflow/example_dags/example_python_operator.py for tasks to queue
[2025-09-16T14:11:24.320+0000] {logging_mixin.py:188} INFO - [2025-09-16T14:11:24.319+0000] {dagbag.py:545} INFO - Filling up the DagBag from /home/airflow/.local/lib/python3.12/site-packages/airflow/example_dags/example_python_operator.py
[2025-09-16T14:11:24.334+0000] {processor.py:840} INFO - DAG(s) 'example_python_operator' retrieved from /home/airflow/.local/lib/python3.12/site-packages/airflow/example_dags/example_python_operator.py
[2025-09-16T14:11:24.367+0000] {logging_mixin.py:188} INFO - [2025-09-16T14:11:24.366+0000] {dag.py:3096} INFO - Sync 1 DAGs
[2025-09-16T14:11:24.386+0000] {logging_mixin.py:188} INFO - [2025-09-16T14:11:24.385+0000] {dag.py:3954} INFO - Setting next_dagrun for example_python_operator to None, run_after=None
[2025-09-16T14:11:24.435+0000] {processor.py:183} INFO - Processing /home/airflow/.local/lib/python3.12/site-packages/airflow/example_dags/example_python_operator.py took 0.128 seconds
[2025-09-16T14:11:54.706+0000] {processor.py:161} INFO - Started process (PID=609) to work on /home/airflow/.local/lib/python3.12/site-packages/airflow/example_dags/example_python_operator.py
[2025-09-16T14:11:54.707+0000] {processor.py:830} INFO - Processing file /home/airflow/.local/lib/python3.12/site-packages/airflow/example_dags/example_python_operator.py for tasks to queue
[2025-09-16T14:11:54.710+0000] {logging_mixin.py:188} INFO - [2025-09-16T14:11:54.710+0000] {dagbag.py:545} INFO - Filling up the DagBag from /home/airflow/.local/lib/python3.12/site-packages/airflow/example_dags/example_python_operator.py
[2025-09-16T14:11:54.724+0000] {processor.py:840} INFO - DAG(s) 'example_python_operator' retrieved from /home/airflow/.local/lib/python3.12/site-packages/airflow/example_dags/example_python_operator.py
[2025-09-16T14:11:54.753+0000] {logging_mixin.py:188} INFO - [2025-09-16T14:11:54.752+0000] {dag.py:3096} INFO - Sync 1 DAGs
[2025-09-16T14:11:54.774+0000] {logging_mixin.py:188} INFO - [2025-09-16T14:11:54.773+0000] {dag.py:3954} INFO - Setting next_dagrun for example_python_operator to None, run_after=None
[2025-09-16T14:11:54.814+0000] {processor.py:183} INFO - Processing /home/airflow/.local/lib/python3.12/site-packages/airflow/example_dags/example_python_operator.py took 0.115 seconds
[2025-09-16T14:12:24.988+0000] {processor.py:161} INFO - Started process (PID=669) to work on /home/airflow/.local/lib/python3.12/site-packages/airflow/example_dags/example_python_operator.py
[2025-09-16T14:12:24.991+0000] {processor.py:830} INFO - Processing file /home/airflow/.local/lib/python3.12/site-packages/airflow/example_dags/example_python_operator.py for tasks to queue
[2025-09-16T14:12:24.995+0000] {logging_mixin.py:188} INFO - [2025-09-16T14:12:24.995+0000] {dagbag.py:545} INFO - Filling up the DagBag from /home/airflow/.local/lib/python3.12/site-packages/airflow/example_dags/example_python_operator.py
[2025-09-16T14:12:25.010+0000] {processor.py:840} INFO - DAG(s) 'example_python_operator' retrieved from /home/airflow/.local/lib/python3.12/site-packages/airflow/example_dags/example_python_operator.py
[2025-09-16T14:12:25.046+0000] {logging_mixin.py:188} INFO - [2025-09-16T14:12:25.045+0000] {dag.py:3096} INFO - Sync 1 DAGs
[2025-09-16T14:12:25.066+0000] {logging_mixin.py:188} INFO - [2025-09-16T14:12:25.066+0000] {dag.py:3954} INFO - Setting next_dagrun for example_python_operator to None, run_after=None
[2025-09-16T14:12:25.099+0000] {processor.py:183} INFO - Processing /home/airflow/.local/lib/python3.12/site-packages/airflow/example_dags/example_python_operator.py took 0.119 seconds
[2025-09-16T14:12:55.417+0000] {processor.py:161} INFO - Started process (PID=729) to work on /home/airflow/.local/lib/python3.12/site-packages/airflow/example_dags/example_python_operator.py
[2025-09-16T14:12:55.421+0000] {processor.py:830} INFO - Processing file /home/airflow/.local/lib/python3.12/site-packages/airflow/example_dags/example_python_operator.py for tasks to queue
[2025-09-16T14:12:55.427+0000] {logging_mixin.py:188} INFO - [2025-09-16T14:12:55.426+0000] {dagbag.py:545} INFO - Filling up the DagBag from /home/airflow/.local/lib/python3.12/site-packages/airflow/example_dags/example_python_operator.py
[2025-09-16T14:12:55.446+0000] {processor.py:840} INFO - DAG(s) 'example_python_operator' retrieved from /home/airflow/.local/lib/python3.12/site-packages/airflow/example_dags/example_python_operator.py
[2025-09-16T14:12:55.490+0000] {logging_mixin.py:188} INFO - [2025-09-16T14:12:55.490+0000] {dag.py:3096} INFO - Sync 1 DAGs
[2025-09-16T14:12:55.513+0000] {logging_mixin.py:188} INFO - [2025-09-16T14:12:55.512+0000] {dag.py:3954} INFO - Setting next_dagrun for example_python_operator to None, run_after=None
[2025-09-16T14:12:55.571+0000] {processor.py:183} INFO - Processing /home/airflow/.local/lib/python3.12/site-packages/airflow/example_dags/example_python_operator.py took 0.165 seconds
[2025-09-16T14:13:25.691+0000] {processor.py:161} INFO - Started process (PID=789) to work on /home/airflow/.local/lib/python3.12/site-packages/airflow/example_dags/example_python_operator.py
[2025-09-16T14:13:25.693+0000] {processor.py:830} INFO - Processing file /home/airflow/.local/lib/python3.12/site-packages/airflow/example_dags/example_python_operator.py for tasks to queue
[2025-09-16T14:13:25.697+0000] {logging_mixin.py:188} INFO - [2025-09-16T14:13:25.696+0000] {dagbag.py:545} INFO - Filling up the DagBag from /home/airflow/.local/lib/python3.12/site-packages/airflow/example_dags/example_python_operator.py
[2025-09-16T14:13:25.713+0000] {processor.py:840} INFO - DAG(s) 'example_python_operator' retrieved from /home/airflow/.local/lib/python3.12/site-packages/airflow/example_dags/example_python_operator.py
[2025-09-16T14:13:25.753+0000] {logging_mixin.py:188} INFO - [2025-09-16T14:13:25.752+0000] {dag.py:3096} INFO - Sync 1 DAGs
[2025-09-16T14:13:25.790+0000] {logging_mixin.py:188} INFO - [2025-09-16T14:13:25.790+0000] {dag.py:3954} INFO - Setting next_dagrun for example_python_operator to None, run_after=None
[2025-09-16T14:13:25.835+0000] {processor.py:183} INFO - Processing /home/airflow/.local/lib/python3.12/site-packages/airflow/example_dags/example_python_operator.py took 0.154 seconds
[2025-09-16T14:13:56.708+0000] {processor.py:161} INFO - Started process (PID=855) to work on /home/airflow/.local/lib/python3.12/site-packages/airflow/example_dags/example_python_operator.py
[2025-09-16T14:13:56.710+0000] {processor.py:830} INFO - Processing file /home/airflow/.local/lib/python3.12/site-packages/airflow/example_dags/example_python_operator.py for tasks to queue
[2025-09-16T14:13:56.713+0000] {logging_mixin.py:188} INFO - [2025-09-16T14:13:56.712+0000] {dagbag.py:545} INFO - Filling up the DagBag from /home/airflow/.local/lib/python3.12/site-packages/airflow/example_dags/example_python_operator.py
[2025-09-16T14:13:56.730+0000] {processor.py:840} INFO - DAG(s) 'example_python_operator' retrieved from /home/airflow/.local/lib/python3.12/site-packages/airflow/example_dags/example_python_operator.py
[2025-09-16T14:13:56.767+0000] {logging_mixin.py:188} INFO - [2025-09-16T14:13:56.766+0000] {dag.py:3096} INFO - Sync 1 DAGs
[2025-09-16T14:13:56.788+0000] {logging_mixin.py:188} INFO - [2025-09-16T14:13:56.787+0000] {dag.py:3954} INFO - Setting next_dagrun for example_python_operator to None, run_after=None
[2025-09-16T14:13:56.829+0000] {processor.py:183} INFO - Processing /home/airflow/.local/lib/python3.12/site-packages/airflow/example_dags/example_python_operator.py took 0.130 seconds
[2025-09-16T14:14:26.942+0000] {processor.py:161} INFO - Started process (PID=919) to work on /home/airflow/.local/lib/python3.12/site-packages/airflow/example_dags/example_python_operator.py
[2025-09-16T14:14:26.944+0000] {processor.py:830} INFO - Processing file /home/airflow/.local/lib/python3.12/site-packages/airflow/example_dags/example_python_operator.py for tasks to queue
[2025-09-16T14:14:26.946+0000] {logging_mixin.py:188} INFO - [2025-09-16T14:14:26.946+0000] {dagbag.py:545} INFO - Filling up the DagBag from /home/airflow/.local/lib/python3.12/site-packages/airflow/example_dags/example_python_operator.py
[2025-09-16T14:14:26.965+0000] {processor.py:840} INFO - DAG(s) 'example_python_operator' retrieved from /home/airflow/.local/lib/python3.12/site-packages/airflow/example_dags/example_python_operator.py
[2025-09-16T14:14:26.996+0000] {logging_mixin.py:188} INFO - [2025-09-16T14:14:26.995+0000] {dag.py:3096} INFO - Sync 1 DAGs
[2025-09-16T14:14:27.014+0000] {logging_mixin.py:188} INFO - [2025-09-16T14:14:27.014+0000] {dag.py:3954} INFO - Setting next_dagrun for example_python_operator to None, run_after=None
[2025-09-16T14:14:27.053+0000] {processor.py:183} INFO - Processing /home/airflow/.local/lib/python3.12/site-packages/airflow/example_dags/example_python_operator.py took 0.118 seconds
[2025-09-16T14:14:57.671+0000] {processor.py:161} INFO - Started process (PID=979) to work on /home/airflow/.local/lib/python3.12/site-packages/airflow/example_dags/example_python_operator.py
[2025-09-16T14:14:57.672+0000] {processor.py:830} INFO - Processing file /home/airflow/.local/lib/python3.12/site-packages/airflow/example_dags/example_python_operator.py for tasks to queue
[2025-09-16T14:14:57.675+0000] {logging_mixin.py:188} INFO - [2025-09-16T14:14:57.675+0000] {dagbag.py:545} INFO - Filling up the DagBag from /home/airflow/.local/lib/python3.12/site-packages/airflow/example_dags/example_python_operator.py
[2025-09-16T14:14:57.690+0000] {processor.py:840} INFO - DAG(s) 'example_python_operator' retrieved from /home/airflow/.local/lib/python3.12/site-packages/airflow/example_dags/example_python_operator.py
[2025-09-16T14:14:57.721+0000] {logging_mixin.py:188} INFO - [2025-09-16T14:14:57.721+0000] {dag.py:3096} INFO - Sync 1 DAGs
[2025-09-16T14:14:57.741+0000] {logging_mixin.py:188} INFO - [2025-09-16T14:14:57.740+0000] {dag.py:3954} INFO - Setting next_dagrun for example_python_operator to None, run_after=None
[2025-09-16T14:14:57.780+0000] {processor.py:183} INFO - Processing /home/airflow/.local/lib/python3.12/site-packages/airflow/example_dags/example_python_operator.py took 0.116 seconds
[2025-09-16T14:16:41.339+0000] {processor.py:161} INFO - Started process (PID=84) to work on /home/airflow/.local/lib/python3.12/site-packages/airflow/example_dags/example_python_operator.py
[2025-09-16T14:16:41.342+0000] {processor.py:830} INFO - Processing file /home/airflow/.local/lib/python3.12/site-packages/airflow/example_dags/example_python_operator.py for tasks to queue
[2025-09-16T14:16:41.346+0000] {logging_mixin.py:188} INFO - [2025-09-16T14:16:41.345+0000] {dagbag.py:545} INFO - Filling up the DagBag from /home/airflow/.local/lib/python3.12/site-packages/airflow/example_dags/example_python_operator.py
[2025-09-16T14:16:41.390+0000] {processor.py:840} INFO - DAG(s) 'example_python_operator' retrieved from /home/airflow/.local/lib/python3.12/site-packages/airflow/example_dags/example_python_operator.py
[2025-09-16T14:16:41.652+0000] {logging_mixin.py:188} INFO - [2025-09-16T14:16:41.652+0000] {dag.py:3096} INFO - Sync 1 DAGs
[2025-09-16T14:16:41.686+0000] {logging_mixin.py:188} INFO - [2025-09-16T14:16:41.685+0000] {dag.py:3954} INFO - Setting next_dagrun for example_python_operator to None, run_after=None
[2025-09-16T14:16:41.731+0000] {processor.py:183} INFO - Processing /home/airflow/.local/lib/python3.12/site-packages/airflow/example_dags/example_python_operator.py took 0.408 seconds
[2025-09-16T14:17:12.515+0000] {processor.py:161} INFO - Started process (PID=143) to work on /home/airflow/.local/lib/python3.12/site-packages/airflow/example_dags/example_python_operator.py
[2025-09-16T14:17:12.517+0000] {processor.py:830} INFO - Processing file /home/airflow/.local/lib/python3.12/site-packages/airflow/example_dags/example_python_operator.py for tasks to queue
[2025-09-16T14:17:12.520+0000] {logging_mixin.py:188} INFO - [2025-09-16T14:17:12.519+0000] {dagbag.py:545} INFO - Filling up the DagBag from /home/airflow/.local/lib/python3.12/site-packages/airflow/example_dags/example_python_operator.py
[2025-09-16T14:17:12.533+0000] {processor.py:840} INFO - DAG(s) 'example_python_operator' retrieved from /home/airflow/.local/lib/python3.12/site-packages/airflow/example_dags/example_python_operator.py
[2025-09-16T14:17:12.563+0000] {logging_mixin.py:188} INFO - [2025-09-16T14:17:12.563+0000] {dag.py:3096} INFO - Sync 1 DAGs
[2025-09-16T14:17:12.583+0000] {logging_mixin.py:188} INFO - [2025-09-16T14:17:12.582+0000] {dag.py:3954} INFO - Setting next_dagrun for example_python_operator to None, run_after=None
[2025-09-16T14:17:12.629+0000] {processor.py:183} INFO - Processing /home/airflow/.local/lib/python3.12/site-packages/airflow/example_dags/example_python_operator.py took 0.121 seconds
[2025-09-16T14:17:42.827+0000] {processor.py:161} INFO - Started process (PID=203) to work on /home/airflow/.local/lib/python3.12/site-packages/airflow/example_dags/example_python_operator.py
[2025-09-16T14:17:42.829+0000] {processor.py:830} INFO - Processing file /home/airflow/.local/lib/python3.12/site-packages/airflow/example_dags/example_python_operator.py for tasks to queue
[2025-09-16T14:17:42.833+0000] {logging_mixin.py:188} INFO - [2025-09-16T14:17:42.832+0000] {dagbag.py:545} INFO - Filling up the DagBag from /home/airflow/.local/lib/python3.12/site-packages/airflow/example_dags/example_python_operator.py
[2025-09-16T14:17:42.852+0000] {processor.py:840} INFO - DAG(s) 'example_python_operator' retrieved from /home/airflow/.local/lib/python3.12/site-packages/airflow/example_dags/example_python_operator.py
[2025-09-16T14:17:42.891+0000] {logging_mixin.py:188} INFO - [2025-09-16T14:17:42.891+0000] {dag.py:3096} INFO - Sync 1 DAGs
[2025-09-16T14:17:42.912+0000] {logging_mixin.py:188} INFO - [2025-09-16T14:17:42.912+0000] {dag.py:3954} INFO - Setting next_dagrun for example_python_operator to None, run_after=None
[2025-09-16T14:17:42.951+0000] {processor.py:183} INFO - Processing /home/airflow/.local/lib/python3.12/site-packages/airflow/example_dags/example_python_operator.py took 0.135 seconds
[2025-09-16T14:18:13.563+0000] {processor.py:161} INFO - Started process (PID=263) to work on /home/airflow/.local/lib/python3.12/site-packages/airflow/example_dags/example_python_operator.py
[2025-09-16T14:18:13.565+0000] {processor.py:830} INFO - Processing file /home/airflow/.local/lib/python3.12/site-packages/airflow/example_dags/example_python_operator.py for tasks to queue
[2025-09-16T14:18:13.569+0000] {logging_mixin.py:188} INFO - [2025-09-16T14:18:13.568+0000] {dagbag.py:545} INFO - Filling up the DagBag from /home/airflow/.local/lib/python3.12/site-packages/airflow/example_dags/example_python_operator.py
[2025-09-16T14:18:13.585+0000] {processor.py:840} INFO - DAG(s) 'example_python_operator' retrieved from /home/airflow/.local/lib/python3.12/site-packages/airflow/example_dags/example_python_operator.py
[2025-09-16T14:18:13.626+0000] {logging_mixin.py:188} INFO - [2025-09-16T14:18:13.626+0000] {dag.py:3096} INFO - Sync 1 DAGs
[2025-09-16T14:18:13.648+0000] {logging_mixin.py:188} INFO - [2025-09-16T14:18:13.648+0000] {dag.py:3954} INFO - Setting next_dagrun for example_python_operator to None, run_after=None
[2025-09-16T14:18:13.684+0000] {processor.py:183} INFO - Processing /home/airflow/.local/lib/python3.12/site-packages/airflow/example_dags/example_python_operator.py took 0.131 seconds
[2025-09-16T14:18:44.002+0000] {processor.py:161} INFO - Started process (PID=323) to work on /home/airflow/.local/lib/python3.12/site-packages/airflow/example_dags/example_python_operator.py
[2025-09-16T14:18:44.004+0000] {processor.py:830} INFO - Processing file /home/airflow/.local/lib/python3.12/site-packages/airflow/example_dags/example_python_operator.py for tasks to queue
[2025-09-16T14:18:44.007+0000] {logging_mixin.py:188} INFO - [2025-09-16T14:18:44.006+0000] {dagbag.py:545} INFO - Filling up the DagBag from /home/airflow/.local/lib/python3.12/site-packages/airflow/example_dags/example_python_operator.py
[2025-09-16T14:18:44.022+0000] {processor.py:840} INFO - DAG(s) 'example_python_operator' retrieved from /home/airflow/.local/lib/python3.12/site-packages/airflow/example_dags/example_python_operator.py
[2025-09-16T14:18:44.054+0000] {logging_mixin.py:188} INFO - [2025-09-16T14:18:44.054+0000] {dag.py:3096} INFO - Sync 1 DAGs
[2025-09-16T14:18:44.073+0000] {logging_mixin.py:188} INFO - [2025-09-16T14:18:44.072+0000] {dag.py:3954} INFO - Setting next_dagrun for example_python_operator to None, run_after=None
[2025-09-16T14:18:44.126+0000] {processor.py:183} INFO - Processing /home/airflow/.local/lib/python3.12/site-packages/airflow/example_dags/example_python_operator.py took 0.133 seconds
[2025-09-16T14:19:15.124+0000] {processor.py:161} INFO - Started process (PID=384) to work on /home/airflow/.local/lib/python3.12/site-packages/airflow/example_dags/example_python_operator.py
[2025-09-16T14:19:15.125+0000] {processor.py:830} INFO - Processing file /home/airflow/.local/lib/python3.12/site-packages/airflow/example_dags/example_python_operator.py for tasks to queue
[2025-09-16T14:19:15.128+0000] {logging_mixin.py:188} INFO - [2025-09-16T14:19:15.128+0000] {dagbag.py:545} INFO - Filling up the DagBag from /home/airflow/.local/lib/python3.12/site-packages/airflow/example_dags/example_python_operator.py
[2025-09-16T14:19:15.148+0000] {processor.py:840} INFO - DAG(s) 'example_python_operator' retrieved from /home/airflow/.local/lib/python3.12/site-packages/airflow/example_dags/example_python_operator.py
[2025-09-16T14:19:15.180+0000] {logging_mixin.py:188} INFO - [2025-09-16T14:19:15.180+0000] {dag.py:3096} INFO - Sync 1 DAGs
[2025-09-16T14:19:15.198+0000] {logging_mixin.py:188} INFO - [2025-09-16T14:19:15.197+0000] {dag.py:3954} INFO - Setting next_dagrun for example_python_operator to None, run_after=None
[2025-09-16T14:19:15.233+0000] {processor.py:183} INFO - Processing /home/airflow/.local/lib/python3.12/site-packages/airflow/example_dags/example_python_operator.py took 0.123 seconds
[2025-09-16T14:19:45.408+0000] {processor.py:161} INFO - Started process (PID=444) to work on /home/airflow/.local/lib/python3.12/site-packages/airflow/example_dags/example_python_operator.py
[2025-09-16T14:19:45.410+0000] {processor.py:830} INFO - Processing file /home/airflow/.local/lib/python3.12/site-packages/airflow/example_dags/example_python_operator.py for tasks to queue
[2025-09-16T14:19:45.413+0000] {logging_mixin.py:188} INFO - [2025-09-16T14:19:45.413+0000] {dagbag.py:545} INFO - Filling up the DagBag from /home/airflow/.local/lib/python3.12/site-packages/airflow/example_dags/example_python_operator.py
[2025-09-16T14:19:45.426+0000] {processor.py:840} INFO - DAG(s) 'example_python_operator' retrieved from /home/airflow/.local/lib/python3.12/site-packages/airflow/example_dags/example_python_operator.py
[2025-09-16T14:19:45.454+0000] {logging_mixin.py:188} INFO - [2025-09-16T14:19:45.454+0000] {dag.py:3096} INFO - Sync 1 DAGs
[2025-09-16T14:19:45.471+0000] {logging_mixin.py:188} INFO - [2025-09-16T14:19:45.470+0000] {dag.py:3954} INFO - Setting next_dagrun for example_python_operator to None, run_after=None
[2025-09-16T14:19:45.513+0000] {processor.py:183} INFO - Processing /home/airflow/.local/lib/python3.12/site-packages/airflow/example_dags/example_python_operator.py took 0.115 seconds
[2025-09-16T14:20:16.569+0000] {processor.py:161} INFO - Started process (PID=504) to work on /home/airflow/.local/lib/python3.12/site-packages/airflow/example_dags/example_python_operator.py
[2025-09-16T14:20:16.571+0000] {processor.py:830} INFO - Processing file /home/airflow/.local/lib/python3.12/site-packages/airflow/example_dags/example_python_operator.py for tasks to queue
[2025-09-16T14:20:16.574+0000] {logging_mixin.py:188} INFO - [2025-09-16T14:20:16.573+0000] {dagbag.py:545} INFO - Filling up the DagBag from /home/airflow/.local/lib/python3.12/site-packages/airflow/example_dags/example_python_operator.py
[2025-09-16T14:20:16.587+0000] {processor.py:840} INFO - DAG(s) 'example_python_operator' retrieved from /home/airflow/.local/lib/python3.12/site-packages/airflow/example_dags/example_python_operator.py
[2025-09-16T14:20:16.620+0000] {logging_mixin.py:188} INFO - [2025-09-16T14:20:16.620+0000] {dag.py:3096} INFO - Sync 1 DAGs
[2025-09-16T14:20:16.641+0000] {logging_mixin.py:188} INFO - [2025-09-16T14:20:16.640+0000] {dag.py:3954} INFO - Setting next_dagrun for example_python_operator to None, run_after=None
[2025-09-16T14:20:16.674+0000] {processor.py:183} INFO - Processing /home/airflow/.local/lib/python3.12/site-packages/airflow/example_dags/example_python_operator.py took 0.113 seconds
[2025-09-16T14:20:47.081+0000] {processor.py:161} INFO - Started process (PID=564) to work on /home/airflow/.local/lib/python3.12/site-packages/airflow/example_dags/example_python_operator.py
[2025-09-16T14:20:47.083+0000] {processor.py:830} INFO - Processing file /home/airflow/.local/lib/python3.12/site-packages/airflow/example_dags/example_python_operator.py for tasks to queue
[2025-09-16T14:20:47.085+0000] {logging_mixin.py:188} INFO - [2025-09-16T14:20:47.085+0000] {dagbag.py:545} INFO - Filling up the DagBag from /home/airflow/.local/lib/python3.12/site-packages/airflow/example_dags/example_python_operator.py
[2025-09-16T14:20:47.097+0000] {processor.py:840} INFO - DAG(s) 'example_python_operator' retrieved from /home/airflow/.local/lib/python3.12/site-packages/airflow/example_dags/example_python_operator.py
[2025-09-16T14:20:47.132+0000] {logging_mixin.py:188} INFO - [2025-09-16T14:20:47.131+0000] {dag.py:3096} INFO - Sync 1 DAGs
[2025-09-16T14:20:47.151+0000] {logging_mixin.py:188} INFO - [2025-09-16T14:20:47.151+0000] {dag.py:3954} INFO - Setting next_dagrun for example_python_operator to None, run_after=None
[2025-09-16T14:20:47.181+0000] {processor.py:183} INFO - Processing /home/airflow/.local/lib/python3.12/site-packages/airflow/example_dags/example_python_operator.py took 0.106 seconds
[2025-09-16T14:54:07.151+0000] {processor.py:161} INFO - Started process (PID=83) to work on /home/airflow/.local/lib/python3.12/site-packages/airflow/example_dags/example_python_operator.py
[2025-09-16T14:54:07.153+0000] {processor.py:830} INFO - Processing file /home/airflow/.local/lib/python3.12/site-packages/airflow/example_dags/example_python_operator.py for tasks to queue
[2025-09-16T14:54:07.157+0000] {logging_mixin.py:188} INFO - [2025-09-16T14:54:07.156+0000] {dagbag.py:545} INFO - Filling up the DagBag from /home/airflow/.local/lib/python3.12/site-packages/airflow/example_dags/example_python_operator.py
[2025-09-16T14:54:07.197+0000] {processor.py:840} INFO - DAG(s) 'example_python_operator' retrieved from /home/airflow/.local/lib/python3.12/site-packages/airflow/example_dags/example_python_operator.py
[2025-09-16T14:54:07.437+0000] {logging_mixin.py:188} INFO - [2025-09-16T14:54:07.437+0000] {dag.py:3096} INFO - Sync 1 DAGs
[2025-09-16T14:54:07.462+0000] {logging_mixin.py:188} INFO - [2025-09-16T14:54:07.462+0000] {dag.py:3954} INFO - Setting next_dagrun for example_python_operator to None, run_after=None
[2025-09-16T14:54:07.509+0000] {processor.py:183} INFO - Processing /home/airflow/.local/lib/python3.12/site-packages/airflow/example_dags/example_python_operator.py took 0.369 seconds
[2025-09-16T14:54:37.768+0000] {processor.py:161} INFO - Started process (PID=141) to work on /home/airflow/.local/lib/python3.12/site-packages/airflow/example_dags/example_python_operator.py
[2025-09-16T14:54:37.769+0000] {processor.py:830} INFO - Processing file /home/airflow/.local/lib/python3.12/site-packages/airflow/example_dags/example_python_operator.py for tasks to queue
[2025-09-16T14:54:37.771+0000] {logging_mixin.py:188} INFO - [2025-09-16T14:54:37.771+0000] {dagbag.py:545} INFO - Filling up the DagBag from /home/airflow/.local/lib/python3.12/site-packages/airflow/example_dags/example_python_operator.py
[2025-09-16T14:54:37.781+0000] {processor.py:840} INFO - DAG(s) 'example_python_operator' retrieved from /home/airflow/.local/lib/python3.12/site-packages/airflow/example_dags/example_python_operator.py
[2025-09-16T14:54:37.815+0000] {logging_mixin.py:188} INFO - [2025-09-16T14:54:37.815+0000] {dag.py:3096} INFO - Sync 1 DAGs
[2025-09-16T14:54:37.834+0000] {logging_mixin.py:188} INFO - [2025-09-16T14:54:37.833+0000] {dag.py:3954} INFO - Setting next_dagrun for example_python_operator to None, run_after=None
[2025-09-16T14:54:37.862+0000] {processor.py:183} INFO - Processing /home/airflow/.local/lib/python3.12/site-packages/airflow/example_dags/example_python_operator.py took 0.099 seconds
[2025-09-16T14:55:08.016+0000] {processor.py:161} INFO - Started process (PID=202) to work on /home/airflow/.local/lib/python3.12/site-packages/airflow/example_dags/example_python_operator.py
[2025-09-16T14:55:08.018+0000] {processor.py:830} INFO - Processing file /home/airflow/.local/lib/python3.12/site-packages/airflow/example_dags/example_python_operator.py for tasks to queue
[2025-09-16T14:55:08.020+0000] {logging_mixin.py:188} INFO - [2025-09-16T14:55:08.020+0000] {dagbag.py:545} INFO - Filling up the DagBag from /home/airflow/.local/lib/python3.12/site-packages/airflow/example_dags/example_python_operator.py
[2025-09-16T14:55:08.034+0000] {processor.py:840} INFO - DAG(s) 'example_python_operator' retrieved from /home/airflow/.local/lib/python3.12/site-packages/airflow/example_dags/example_python_operator.py
[2025-09-16T14:55:08.065+0000] {logging_mixin.py:188} INFO - [2025-09-16T14:55:08.065+0000] {dag.py:3096} INFO - Sync 1 DAGs
[2025-09-16T14:55:08.089+0000] {logging_mixin.py:188} INFO - [2025-09-16T14:55:08.089+0000] {dag.py:3954} INFO - Setting next_dagrun for example_python_operator to None, run_after=None
[2025-09-16T14:55:08.120+0000] {processor.py:183} INFO - Processing /home/airflow/.local/lib/python3.12/site-packages/airflow/example_dags/example_python_operator.py took 0.109 seconds
[2025-09-16T14:55:38.666+0000] {processor.py:161} INFO - Started process (PID=262) to work on /home/airflow/.local/lib/python3.12/site-packages/airflow/example_dags/example_python_operator.py
[2025-09-16T14:55:38.668+0000] {processor.py:830} INFO - Processing file /home/airflow/.local/lib/python3.12/site-packages/airflow/example_dags/example_python_operator.py for tasks to queue
[2025-09-16T14:55:38.671+0000] {logging_mixin.py:188} INFO - [2025-09-16T14:55:38.671+0000] {dagbag.py:545} INFO - Filling up the DagBag from /home/airflow/.local/lib/python3.12/site-packages/airflow/example_dags/example_python_operator.py
[2025-09-16T14:55:38.693+0000] {processor.py:840} INFO - DAG(s) 'example_python_operator' retrieved from /home/airflow/.local/lib/python3.12/site-packages/airflow/example_dags/example_python_operator.py
[2025-09-16T14:55:38.732+0000] {logging_mixin.py:188} INFO - [2025-09-16T14:55:38.732+0000] {dag.py:3096} INFO - Sync 1 DAGs
[2025-09-16T14:55:38.760+0000] {logging_mixin.py:188} INFO - [2025-09-16T14:55:38.759+0000] {dag.py:3954} INFO - Setting next_dagrun for example_python_operator to None, run_after=None
[2025-09-16T14:55:38.814+0000] {processor.py:183} INFO - Processing /home/airflow/.local/lib/python3.12/site-packages/airflow/example_dags/example_python_operator.py took 0.157 seconds
[2025-09-16T14:56:09.057+0000] {processor.py:161} INFO - Started process (PID=322) to work on /home/airflow/.local/lib/python3.12/site-packages/airflow/example_dags/example_python_operator.py
[2025-09-16T14:56:09.058+0000] {processor.py:830} INFO - Processing file /home/airflow/.local/lib/python3.12/site-packages/airflow/example_dags/example_python_operator.py for tasks to queue
[2025-09-16T14:56:09.061+0000] {logging_mixin.py:188} INFO - [2025-09-16T14:56:09.061+0000] {dagbag.py:545} INFO - Filling up the DagBag from /home/airflow/.local/lib/python3.12/site-packages/airflow/example_dags/example_python_operator.py
[2025-09-16T14:56:09.077+0000] {processor.py:840} INFO - DAG(s) 'example_python_operator' retrieved from /home/airflow/.local/lib/python3.12/site-packages/airflow/example_dags/example_python_operator.py
[2025-09-16T14:56:09.111+0000] {logging_mixin.py:188} INFO - [2025-09-16T14:56:09.111+0000] {dag.py:3096} INFO - Sync 1 DAGs
[2025-09-16T14:56:09.133+0000] {logging_mixin.py:188} INFO - [2025-09-16T14:56:09.132+0000] {dag.py:3954} INFO - Setting next_dagrun for example_python_operator to None, run_after=None
[2025-09-16T14:56:09.171+0000] {processor.py:183} INFO - Processing /home/airflow/.local/lib/python3.12/site-packages/airflow/example_dags/example_python_operator.py took 0.124 seconds
[2025-09-16T14:56:39.484+0000] {processor.py:161} INFO - Started process (PID=382) to work on /home/airflow/.local/lib/python3.12/site-packages/airflow/example_dags/example_python_operator.py
[2025-09-16T14:56:39.487+0000] {processor.py:830} INFO - Processing file /home/airflow/.local/lib/python3.12/site-packages/airflow/example_dags/example_python_operator.py for tasks to queue
[2025-09-16T14:56:39.490+0000] {logging_mixin.py:188} INFO - [2025-09-16T14:56:39.490+0000] {dagbag.py:545} INFO - Filling up the DagBag from /home/airflow/.local/lib/python3.12/site-packages/airflow/example_dags/example_python_operator.py
[2025-09-16T14:56:39.508+0000] {processor.py:840} INFO - DAG(s) 'example_python_operator' retrieved from /home/airflow/.local/lib/python3.12/site-packages/airflow/example_dags/example_python_operator.py
[2025-09-16T14:56:39.552+0000] {logging_mixin.py:188} INFO - [2025-09-16T14:56:39.552+0000] {dag.py:3096} INFO - Sync 1 DAGs
[2025-09-16T14:56:39.576+0000] {logging_mixin.py:188} INFO - [2025-09-16T14:56:39.576+0000] {dag.py:3954} INFO - Setting next_dagrun for example_python_operator to None, run_after=None
[2025-09-16T14:56:39.615+0000] {processor.py:183} INFO - Processing /home/airflow/.local/lib/python3.12/site-packages/airflow/example_dags/example_python_operator.py took 0.139 seconds
[2025-09-16T14:57:10.348+0000] {processor.py:161} INFO - Started process (PID=442) to work on /home/airflow/.local/lib/python3.12/site-packages/airflow/example_dags/example_python_operator.py
[2025-09-16T14:57:10.350+0000] {processor.py:830} INFO - Processing file /home/airflow/.local/lib/python3.12/site-packages/airflow/example_dags/example_python_operator.py for tasks to queue
[2025-09-16T14:57:10.353+0000] {logging_mixin.py:188} INFO - [2025-09-16T14:57:10.352+0000] {dagbag.py:545} INFO - Filling up the DagBag from /home/airflow/.local/lib/python3.12/site-packages/airflow/example_dags/example_python_operator.py
[2025-09-16T14:57:10.366+0000] {processor.py:840} INFO - DAG(s) 'example_python_operator' retrieved from /home/airflow/.local/lib/python3.12/site-packages/airflow/example_dags/example_python_operator.py
[2025-09-16T14:57:10.397+0000] {logging_mixin.py:188} INFO - [2025-09-16T14:57:10.397+0000] {dag.py:3096} INFO - Sync 1 DAGs
[2025-09-16T14:57:10.418+0000] {logging_mixin.py:188} INFO - [2025-09-16T14:57:10.417+0000] {dag.py:3954} INFO - Setting next_dagrun for example_python_operator to None, run_after=None
[2025-09-16T14:57:10.448+0000] {processor.py:183} INFO - Processing /home/airflow/.local/lib/python3.12/site-packages/airflow/example_dags/example_python_operator.py took 0.107 seconds
[2025-09-16T14:57:40.624+0000] {processor.py:161} INFO - Started process (PID=502) to work on /home/airflow/.local/lib/python3.12/site-packages/airflow/example_dags/example_python_operator.py
[2025-09-16T14:57:40.627+0000] {processor.py:830} INFO - Processing file /home/airflow/.local/lib/python3.12/site-packages/airflow/example_dags/example_python_operator.py for tasks to queue
[2025-09-16T14:57:40.631+0000] {logging_mixin.py:188} INFO - [2025-09-16T14:57:40.630+0000] {dagbag.py:545} INFO - Filling up the DagBag from /home/airflow/.local/lib/python3.12/site-packages/airflow/example_dags/example_python_operator.py
[2025-09-16T14:57:40.645+0000] {processor.py:840} INFO - DAG(s) 'example_python_operator' retrieved from /home/airflow/.local/lib/python3.12/site-packages/airflow/example_dags/example_python_operator.py
[2025-09-16T14:57:40.675+0000] {logging_mixin.py:188} INFO - [2025-09-16T14:57:40.674+0000] {dag.py:3096} INFO - Sync 1 DAGs
[2025-09-16T14:57:40.692+0000] {logging_mixin.py:188} INFO - [2025-09-16T14:57:40.692+0000] {dag.py:3954} INFO - Setting next_dagrun for example_python_operator to None, run_after=None
[2025-09-16T14:57:40.721+0000] {processor.py:183} INFO - Processing /home/airflow/.local/lib/python3.12/site-packages/airflow/example_dags/example_python_operator.py took 0.103 seconds
[2025-09-16T14:58:11.202+0000] {processor.py:161} INFO - Started process (PID=562) to work on /home/airflow/.local/lib/python3.12/site-packages/airflow/example_dags/example_python_operator.py
[2025-09-16T14:58:11.204+0000] {processor.py:830} INFO - Processing file /home/airflow/.local/lib/python3.12/site-packages/airflow/example_dags/example_python_operator.py for tasks to queue
[2025-09-16T14:58:11.207+0000] {logging_mixin.py:188} INFO - [2025-09-16T14:58:11.206+0000] {dagbag.py:545} INFO - Filling up the DagBag from /home/airflow/.local/lib/python3.12/site-packages/airflow/example_dags/example_python_operator.py
[2025-09-16T14:58:11.220+0000] {processor.py:840} INFO - DAG(s) 'example_python_operator' retrieved from /home/airflow/.local/lib/python3.12/site-packages/airflow/example_dags/example_python_operator.py
[2025-09-16T14:58:11.250+0000] {logging_mixin.py:188} INFO - [2025-09-16T14:58:11.250+0000] {dag.py:3096} INFO - Sync 1 DAGs
[2025-09-16T14:58:11.269+0000] {logging_mixin.py:188} INFO - [2025-09-16T14:58:11.269+0000] {dag.py:3954} INFO - Setting next_dagrun for example_python_operator to None, run_after=None
[2025-09-16T14:58:11.297+0000] {processor.py:183} INFO - Processing /home/airflow/.local/lib/python3.12/site-packages/airflow/example_dags/example_python_operator.py took 0.102 seconds
[2025-09-16T14:58:41.622+0000] {processor.py:161} INFO - Started process (PID=621) to work on /home/airflow/.local/lib/python3.12/site-packages/airflow/example_dags/example_python_operator.py
[2025-09-16T14:58:41.624+0000] {processor.py:830} INFO - Processing file /home/airflow/.local/lib/python3.12/site-packages/airflow/example_dags/example_python_operator.py for tasks to queue
[2025-09-16T14:58:41.626+0000] {logging_mixin.py:188} INFO - [2025-09-16T14:58:41.626+0000] {dagbag.py:545} INFO - Filling up the DagBag from /home/airflow/.local/lib/python3.12/site-packages/airflow/example_dags/example_python_operator.py
[2025-09-16T14:58:41.639+0000] {processor.py:840} INFO - DAG(s) 'example_python_operator' retrieved from /home/airflow/.local/lib/python3.12/site-packages/airflow/example_dags/example_python_operator.py
[2025-09-16T14:58:41.667+0000] {logging_mixin.py:188} INFO - [2025-09-16T14:58:41.667+0000] {dag.py:3096} INFO - Sync 1 DAGs
[2025-09-16T14:58:41.685+0000] {logging_mixin.py:188} INFO - [2025-09-16T14:58:41.685+0000] {dag.py:3954} INFO - Setting next_dagrun for example_python_operator to None, run_after=None
[2025-09-16T14:58:41.714+0000] {processor.py:183} INFO - Processing /home/airflow/.local/lib/python3.12/site-packages/airflow/example_dags/example_python_operator.py took 0.099 seconds
[2025-09-16T14:59:12.075+0000] {processor.py:161} INFO - Started process (PID=681) to work on /home/airflow/.local/lib/python3.12/site-packages/airflow/example_dags/example_python_operator.py
[2025-09-16T14:59:12.076+0000] {processor.py:830} INFO - Processing file /home/airflow/.local/lib/python3.12/site-packages/airflow/example_dags/example_python_operator.py for tasks to queue
[2025-09-16T14:59:12.079+0000] {logging_mixin.py:188} INFO - [2025-09-16T14:59:12.078+0000] {dagbag.py:545} INFO - Filling up the DagBag from /home/airflow/.local/lib/python3.12/site-packages/airflow/example_dags/example_python_operator.py
[2025-09-16T14:59:12.093+0000] {processor.py:840} INFO - DAG(s) 'example_python_operator' retrieved from /home/airflow/.local/lib/python3.12/site-packages/airflow/example_dags/example_python_operator.py
[2025-09-16T14:59:12.119+0000] {logging_mixin.py:188} INFO - [2025-09-16T14:59:12.119+0000] {dag.py:3096} INFO - Sync 1 DAGs
[2025-09-16T14:59:12.137+0000] {logging_mixin.py:188} INFO - [2025-09-16T14:59:12.137+0000] {dag.py:3954} INFO - Setting next_dagrun for example_python_operator to None, run_after=None
[2025-09-16T14:59:12.166+0000] {processor.py:183} INFO - Processing /home/airflow/.local/lib/python3.12/site-packages/airflow/example_dags/example_python_operator.py took 0.097 seconds
[2025-09-16T14:59:42.323+0000] {processor.py:161} INFO - Started process (PID=741) to work on /home/airflow/.local/lib/python3.12/site-packages/airflow/example_dags/example_python_operator.py
[2025-09-16T14:59:42.324+0000] {processor.py:830} INFO - Processing file /home/airflow/.local/lib/python3.12/site-packages/airflow/example_dags/example_python_operator.py for tasks to queue
[2025-09-16T14:59:42.326+0000] {logging_mixin.py:188} INFO - [2025-09-16T14:59:42.326+0000] {dagbag.py:545} INFO - Filling up the DagBag from /home/airflow/.local/lib/python3.12/site-packages/airflow/example_dags/example_python_operator.py
[2025-09-16T14:59:42.340+0000] {processor.py:840} INFO - DAG(s) 'example_python_operator' retrieved from /home/airflow/.local/lib/python3.12/site-packages/airflow/example_dags/example_python_operator.py
[2025-09-16T14:59:42.367+0000] {logging_mixin.py:188} INFO - [2025-09-16T14:59:42.367+0000] {dag.py:3096} INFO - Sync 1 DAGs
[2025-09-16T14:59:42.388+0000] {logging_mixin.py:188} INFO - [2025-09-16T14:59:42.388+0000] {dag.py:3954} INFO - Setting next_dagrun for example_python_operator to None, run_after=None
[2025-09-16T14:59:42.421+0000] {processor.py:183} INFO - Processing /home/airflow/.local/lib/python3.12/site-packages/airflow/example_dags/example_python_operator.py took 0.104 seconds
[2025-09-16T15:00:12.612+0000] {processor.py:161} INFO - Started process (PID=801) to work on /home/airflow/.local/lib/python3.12/site-packages/airflow/example_dags/example_python_operator.py
[2025-09-16T15:00:12.614+0000] {processor.py:830} INFO - Processing file /home/airflow/.local/lib/python3.12/site-packages/airflow/example_dags/example_python_operator.py for tasks to queue
[2025-09-16T15:00:12.616+0000] {logging_mixin.py:188} INFO - [2025-09-16T15:00:12.615+0000] {dagbag.py:545} INFO - Filling up the DagBag from /home/airflow/.local/lib/python3.12/site-packages/airflow/example_dags/example_python_operator.py
[2025-09-16T15:00:12.628+0000] {processor.py:840} INFO - DAG(s) 'example_python_operator' retrieved from /home/airflow/.local/lib/python3.12/site-packages/airflow/example_dags/example_python_operator.py
[2025-09-16T15:00:12.653+0000] {logging_mixin.py:188} INFO - [2025-09-16T15:00:12.652+0000] {dag.py:3096} INFO - Sync 1 DAGs
[2025-09-16T15:00:12.672+0000] {logging_mixin.py:188} INFO - [2025-09-16T15:00:12.671+0000] {dag.py:3954} INFO - Setting next_dagrun for example_python_operator to None, run_after=None
[2025-09-16T15:00:12.701+0000] {processor.py:183} INFO - Processing /home/airflow/.local/lib/python3.12/site-packages/airflow/example_dags/example_python_operator.py took 0.095 seconds
[2025-09-16T15:01:48.822+0000] {processor.py:161} INFO - Started process (PID=78) to work on /home/airflow/.local/lib/python3.12/site-packages/airflow/example_dags/example_python_operator.py
[2025-09-16T15:01:48.825+0000] {processor.py:830} INFO - Processing file /home/airflow/.local/lib/python3.12/site-packages/airflow/example_dags/example_python_operator.py for tasks to queue
[2025-09-16T15:01:48.830+0000] {logging_mixin.py:188} INFO - [2025-09-16T15:01:48.829+0000] {dagbag.py:545} INFO - Filling up the DagBag from /home/airflow/.local/lib/python3.12/site-packages/airflow/example_dags/example_python_operator.py
[2025-09-16T15:01:48.859+0000] {processor.py:840} INFO - DAG(s) 'example_python_operator' retrieved from /home/airflow/.local/lib/python3.12/site-packages/airflow/example_dags/example_python_operator.py
[2025-09-16T15:01:49.105+0000] {logging_mixin.py:188} INFO - [2025-09-16T15:01:49.104+0000] {dag.py:3096} INFO - Sync 1 DAGs
[2025-09-16T15:01:49.124+0000] {logging_mixin.py:188} INFO - [2025-09-16T15:01:49.123+0000] {dag.py:3954} INFO - Setting next_dagrun for example_python_operator to None, run_after=None
[2025-09-16T15:01:49.176+0000] {processor.py:183} INFO - Processing /home/airflow/.local/lib/python3.12/site-packages/airflow/example_dags/example_python_operator.py took 0.365 seconds
[2025-09-16T15:02:19.857+0000] {processor.py:161} INFO - Started process (PID=144) to work on /home/airflow/.local/lib/python3.12/site-packages/airflow/example_dags/example_python_operator.py
[2025-09-16T15:02:19.859+0000] {processor.py:830} INFO - Processing file /home/airflow/.local/lib/python3.12/site-packages/airflow/example_dags/example_python_operator.py for tasks to queue
[2025-09-16T15:02:19.863+0000] {logging_mixin.py:188} INFO - [2025-09-16T15:02:19.863+0000] {dagbag.py:545} INFO - Filling up the DagBag from /home/airflow/.local/lib/python3.12/site-packages/airflow/example_dags/example_python_operator.py
[2025-09-16T15:02:19.892+0000] {processor.py:840} INFO - DAG(s) 'example_python_operator' retrieved from /home/airflow/.local/lib/python3.12/site-packages/airflow/example_dags/example_python_operator.py
[2025-09-16T15:02:19.919+0000] {logging_mixin.py:188} INFO - [2025-09-16T15:02:19.919+0000] {dag.py:3096} INFO - Sync 1 DAGs
[2025-09-16T15:02:19.946+0000] {logging_mixin.py:188} INFO - [2025-09-16T15:02:19.946+0000] {dag.py:3954} INFO - Setting next_dagrun for example_python_operator to None, run_after=None
[2025-09-16T15:02:19.990+0000] {processor.py:183} INFO - Processing /home/airflow/.local/lib/python3.12/site-packages/airflow/example_dags/example_python_operator.py took 0.146 seconds
[2025-09-16T15:02:51.109+0000] {processor.py:161} INFO - Started process (PID=204) to work on /home/airflow/.local/lib/python3.12/site-packages/airflow/example_dags/example_python_operator.py
[2025-09-16T15:02:51.110+0000] {processor.py:830} INFO - Processing file /home/airflow/.local/lib/python3.12/site-packages/airflow/example_dags/example_python_operator.py for tasks to queue
[2025-09-16T15:02:51.113+0000] {logging_mixin.py:188} INFO - [2025-09-16T15:02:51.113+0000] {dagbag.py:545} INFO - Filling up the DagBag from /home/airflow/.local/lib/python3.12/site-packages/airflow/example_dags/example_python_operator.py
[2025-09-16T15:02:51.131+0000] {processor.py:840} INFO - DAG(s) 'example_python_operator' retrieved from /home/airflow/.local/lib/python3.12/site-packages/airflow/example_dags/example_python_operator.py
[2025-09-16T15:02:51.277+0000] {logging_mixin.py:188} INFO - [2025-09-16T15:02:51.276+0000] {dag.py:3096} INFO - Sync 1 DAGs
[2025-09-16T15:02:51.291+0000] {logging_mixin.py:188} INFO - [2025-09-16T15:02:51.291+0000] {dag.py:3954} INFO - Setting next_dagrun for example_python_operator to None, run_after=None
[2025-09-16T15:02:51.317+0000] {processor.py:183} INFO - Processing /home/airflow/.local/lib/python3.12/site-packages/airflow/example_dags/example_python_operator.py took 0.216 seconds
[2025-09-16T15:03:22.309+0000] {processor.py:161} INFO - Started process (PID=263) to work on /home/airflow/.local/lib/python3.12/site-packages/airflow/example_dags/example_python_operator.py
[2025-09-16T15:03:22.312+0000] {processor.py:830} INFO - Processing file /home/airflow/.local/lib/python3.12/site-packages/airflow/example_dags/example_python_operator.py for tasks to queue
[2025-09-16T15:03:22.318+0000] {logging_mixin.py:188} INFO - [2025-09-16T15:03:22.317+0000] {dagbag.py:545} INFO - Filling up the DagBag from /home/airflow/.local/lib/python3.12/site-packages/airflow/example_dags/example_python_operator.py
[2025-09-16T15:03:22.349+0000] {processor.py:840} INFO - DAG(s) 'example_python_operator' retrieved from /home/airflow/.local/lib/python3.12/site-packages/airflow/example_dags/example_python_operator.py
[2025-09-16T15:03:22.407+0000] {logging_mixin.py:188} INFO - [2025-09-16T15:03:22.406+0000] {dag.py:3096} INFO - Sync 1 DAGs
[2025-09-16T15:03:22.436+0000] {logging_mixin.py:188} INFO - [2025-09-16T15:03:22.436+0000] {dag.py:3954} INFO - Setting next_dagrun for example_python_operator to None, run_after=None
[2025-09-16T15:03:22.482+0000] {processor.py:183} INFO - Processing /home/airflow/.local/lib/python3.12/site-packages/airflow/example_dags/example_python_operator.py took 0.190 seconds
[2025-09-16T15:03:52.631+0000] {processor.py:161} INFO - Started process (PID=322) to work on /home/airflow/.local/lib/python3.12/site-packages/airflow/example_dags/example_python_operator.py
[2025-09-16T15:03:52.633+0000] {processor.py:830} INFO - Processing file /home/airflow/.local/lib/python3.12/site-packages/airflow/example_dags/example_python_operator.py for tasks to queue
[2025-09-16T15:03:52.638+0000] {logging_mixin.py:188} INFO - [2025-09-16T15:03:52.638+0000] {dagbag.py:545} INFO - Filling up the DagBag from /home/airflow/.local/lib/python3.12/site-packages/airflow/example_dags/example_python_operator.py
[2025-09-16T15:03:52.661+0000] {processor.py:840} INFO - DAG(s) 'example_python_operator' retrieved from /home/airflow/.local/lib/python3.12/site-packages/airflow/example_dags/example_python_operator.py
[2025-09-16T15:03:52.705+0000] {logging_mixin.py:188} INFO - [2025-09-16T15:03:52.705+0000] {dag.py:3096} INFO - Sync 1 DAGs
[2025-09-16T15:03:52.727+0000] {logging_mixin.py:188} INFO - [2025-09-16T15:03:52.727+0000] {dag.py:3954} INFO - Setting next_dagrun for example_python_operator to None, run_after=None
[2025-09-16T15:03:52.760+0000] {processor.py:183} INFO - Processing /home/airflow/.local/lib/python3.12/site-packages/airflow/example_dags/example_python_operator.py took 0.139 seconds
[2025-09-16T15:04:23.053+0000] {processor.py:161} INFO - Started process (PID=382) to work on /home/airflow/.local/lib/python3.12/site-packages/airflow/example_dags/example_python_operator.py
[2025-09-16T15:04:23.055+0000] {processor.py:830} INFO - Processing file /home/airflow/.local/lib/python3.12/site-packages/airflow/example_dags/example_python_operator.py for tasks to queue
[2025-09-16T15:04:23.058+0000] {logging_mixin.py:188} INFO - [2025-09-16T15:04:23.058+0000] {dagbag.py:545} INFO - Filling up the DagBag from /home/airflow/.local/lib/python3.12/site-packages/airflow/example_dags/example_python_operator.py
[2025-09-16T15:04:23.071+0000] {processor.py:840} INFO - DAG(s) 'example_python_operator' retrieved from /home/airflow/.local/lib/python3.12/site-packages/airflow/example_dags/example_python_operator.py
[2025-09-16T15:04:23.098+0000] {logging_mixin.py:188} INFO - [2025-09-16T15:04:23.098+0000] {dag.py:3096} INFO - Sync 1 DAGs
[2025-09-16T15:04:23.114+0000] {logging_mixin.py:188} INFO - [2025-09-16T15:04:23.114+0000] {dag.py:3954} INFO - Setting next_dagrun for example_python_operator to None, run_after=None
[2025-09-16T15:04:23.139+0000] {processor.py:183} INFO - Processing /home/airflow/.local/lib/python3.12/site-packages/airflow/example_dags/example_python_operator.py took 0.093 seconds
[2025-09-16T15:04:53.589+0000] {processor.py:161} INFO - Started process (PID=442) to work on /home/airflow/.local/lib/python3.12/site-packages/airflow/example_dags/example_python_operator.py
[2025-09-16T15:04:53.590+0000] {processor.py:830} INFO - Processing file /home/airflow/.local/lib/python3.12/site-packages/airflow/example_dags/example_python_operator.py for tasks to queue
[2025-09-16T15:04:53.593+0000] {logging_mixin.py:188} INFO - [2025-09-16T15:04:53.593+0000] {dagbag.py:545} INFO - Filling up the DagBag from /home/airflow/.local/lib/python3.12/site-packages/airflow/example_dags/example_python_operator.py
[2025-09-16T15:04:53.605+0000] {processor.py:840} INFO - DAG(s) 'example_python_operator' retrieved from /home/airflow/.local/lib/python3.12/site-packages/airflow/example_dags/example_python_operator.py
[2025-09-16T15:04:53.635+0000] {logging_mixin.py:188} INFO - [2025-09-16T15:04:53.635+0000] {dag.py:3096} INFO - Sync 1 DAGs
[2025-09-16T15:04:53.651+0000] {logging_mixin.py:188} INFO - [2025-09-16T15:04:53.650+0000] {dag.py:3954} INFO - Setting next_dagrun for example_python_operator to None, run_after=None
[2025-09-16T15:04:53.676+0000] {processor.py:183} INFO - Processing /home/airflow/.local/lib/python3.12/site-packages/airflow/example_dags/example_python_operator.py took 0.094 seconds
[2025-09-16T15:05:24.378+0000] {processor.py:161} INFO - Started process (PID=501) to work on /home/airflow/.local/lib/python3.12/site-packages/airflow/example_dags/example_python_operator.py
[2025-09-16T15:05:24.379+0000] {processor.py:830} INFO - Processing file /home/airflow/.local/lib/python3.12/site-packages/airflow/example_dags/example_python_operator.py for tasks to queue
[2025-09-16T15:05:24.382+0000] {logging_mixin.py:188} INFO - [2025-09-16T15:05:24.381+0000] {dagbag.py:545} INFO - Filling up the DagBag from /home/airflow/.local/lib/python3.12/site-packages/airflow/example_dags/example_python_operator.py
[2025-09-16T15:05:24.396+0000] {processor.py:840} INFO - DAG(s) 'example_python_operator' retrieved from /home/airflow/.local/lib/python3.12/site-packages/airflow/example_dags/example_python_operator.py
[2025-09-16T15:05:24.424+0000] {logging_mixin.py:188} INFO - [2025-09-16T15:05:24.424+0000] {dag.py:3096} INFO - Sync 1 DAGs
[2025-09-16T15:05:24.441+0000] {logging_mixin.py:188} INFO - [2025-09-16T15:05:24.441+0000] {dag.py:3954} INFO - Setting next_dagrun for example_python_operator to None, run_after=None
[2025-09-16T15:05:24.466+0000] {processor.py:183} INFO - Processing /home/airflow/.local/lib/python3.12/site-packages/airflow/example_dags/example_python_operator.py took 0.097 seconds
[2025-09-16T15:05:54.968+0000] {processor.py:161} INFO - Started process (PID=561) to work on /home/airflow/.local/lib/python3.12/site-packages/airflow/example_dags/example_python_operator.py
[2025-09-16T15:05:54.970+0000] {processor.py:830} INFO - Processing file /home/airflow/.local/lib/python3.12/site-packages/airflow/example_dags/example_python_operator.py for tasks to queue
[2025-09-16T15:05:54.972+0000] {logging_mixin.py:188} INFO - [2025-09-16T15:05:54.972+0000] {dagbag.py:545} INFO - Filling up the DagBag from /home/airflow/.local/lib/python3.12/site-packages/airflow/example_dags/example_python_operator.py
[2025-09-16T15:05:54.984+0000] {processor.py:840} INFO - DAG(s) 'example_python_operator' retrieved from /home/airflow/.local/lib/python3.12/site-packages/airflow/example_dags/example_python_operator.py
[2025-09-16T15:05:55.009+0000] {logging_mixin.py:188} INFO - [2025-09-16T15:05:55.009+0000] {dag.py:3096} INFO - Sync 1 DAGs
[2025-09-16T15:05:55.026+0000] {logging_mixin.py:188} INFO - [2025-09-16T15:05:55.025+0000] {dag.py:3954} INFO - Setting next_dagrun for example_python_operator to None, run_after=None
[2025-09-16T15:05:55.051+0000] {processor.py:183} INFO - Processing /home/airflow/.local/lib/python3.12/site-packages/airflow/example_dags/example_python_operator.py took 0.088 seconds
[2025-09-16T15:06:25.554+0000] {processor.py:161} INFO - Started process (PID=621) to work on /home/airflow/.local/lib/python3.12/site-packages/airflow/example_dags/example_python_operator.py
[2025-09-16T15:06:25.556+0000] {processor.py:830} INFO - Processing file /home/airflow/.local/lib/python3.12/site-packages/airflow/example_dags/example_python_operator.py for tasks to queue
[2025-09-16T15:06:25.558+0000] {logging_mixin.py:188} INFO - [2025-09-16T15:06:25.558+0000] {dagbag.py:545} INFO - Filling up the DagBag from /home/airflow/.local/lib/python3.12/site-packages/airflow/example_dags/example_python_operator.py
[2025-09-16T15:06:25.570+0000] {processor.py:840} INFO - DAG(s) 'example_python_operator' retrieved from /home/airflow/.local/lib/python3.12/site-packages/airflow/example_dags/example_python_operator.py
[2025-09-16T15:06:25.596+0000] {logging_mixin.py:188} INFO - [2025-09-16T15:06:25.596+0000] {dag.py:3096} INFO - Sync 1 DAGs
[2025-09-16T15:06:25.614+0000] {logging_mixin.py:188} INFO - [2025-09-16T15:06:25.613+0000] {dag.py:3954} INFO - Setting next_dagrun for example_python_operator to None, run_after=None
[2025-09-16T15:06:25.640+0000] {processor.py:183} INFO - Processing /home/airflow/.local/lib/python3.12/site-packages/airflow/example_dags/example_python_operator.py took 0.093 seconds
[2025-09-16T15:06:55.969+0000] {processor.py:161} INFO - Started process (PID=681) to work on /home/airflow/.local/lib/python3.12/site-packages/airflow/example_dags/example_python_operator.py
[2025-09-16T15:06:55.971+0000] {processor.py:830} INFO - Processing file /home/airflow/.local/lib/python3.12/site-packages/airflow/example_dags/example_python_operator.py for tasks to queue
[2025-09-16T15:06:55.973+0000] {logging_mixin.py:188} INFO - [2025-09-16T15:06:55.973+0000] {dagbag.py:545} INFO - Filling up the DagBag from /home/airflow/.local/lib/python3.12/site-packages/airflow/example_dags/example_python_operator.py
[2025-09-16T15:06:55.986+0000] {processor.py:840} INFO - DAG(s) 'example_python_operator' retrieved from /home/airflow/.local/lib/python3.12/site-packages/airflow/example_dags/example_python_operator.py
[2025-09-16T15:06:56.016+0000] {logging_mixin.py:188} INFO - [2025-09-16T15:06:56.015+0000] {dag.py:3096} INFO - Sync 1 DAGs
[2025-09-16T15:06:56.034+0000] {logging_mixin.py:188} INFO - [2025-09-16T15:06:56.034+0000] {dag.py:3954} INFO - Setting next_dagrun for example_python_operator to None, run_after=None
[2025-09-16T15:06:56.064+0000] {processor.py:183} INFO - Processing /home/airflow/.local/lib/python3.12/site-packages/airflow/example_dags/example_python_operator.py took 0.101 seconds
[2025-09-16T15:07:26.542+0000] {processor.py:161} INFO - Started process (PID=741) to work on /home/airflow/.local/lib/python3.12/site-packages/airflow/example_dags/example_python_operator.py
[2025-09-16T15:07:26.543+0000] {processor.py:830} INFO - Processing file /home/airflow/.local/lib/python3.12/site-packages/airflow/example_dags/example_python_operator.py for tasks to queue
[2025-09-16T15:07:26.547+0000] {logging_mixin.py:188} INFO - [2025-09-16T15:07:26.546+0000] {dagbag.py:545} INFO - Filling up the DagBag from /home/airflow/.local/lib/python3.12/site-packages/airflow/example_dags/example_python_operator.py
[2025-09-16T15:07:26.559+0000] {processor.py:840} INFO - DAG(s) 'example_python_operator' retrieved from /home/airflow/.local/lib/python3.12/site-packages/airflow/example_dags/example_python_operator.py
[2025-09-16T15:07:26.586+0000] {logging_mixin.py:188} INFO - [2025-09-16T15:07:26.585+0000] {dag.py:3096} INFO - Sync 1 DAGs
[2025-09-16T15:07:26.603+0000] {logging_mixin.py:188} INFO - [2025-09-16T15:07:26.602+0000] {dag.py:3954} INFO - Setting next_dagrun for example_python_operator to None, run_after=None
[2025-09-16T15:07:26.634+0000] {processor.py:183} INFO - Processing /home/airflow/.local/lib/python3.12/site-packages/airflow/example_dags/example_python_operator.py took 0.097 seconds
[2025-09-16T15:07:57.001+0000] {processor.py:161} INFO - Started process (PID=801) to work on /home/airflow/.local/lib/python3.12/site-packages/airflow/example_dags/example_python_operator.py
[2025-09-16T15:07:57.002+0000] {processor.py:830} INFO - Processing file /home/airflow/.local/lib/python3.12/site-packages/airflow/example_dags/example_python_operator.py for tasks to queue
[2025-09-16T15:07:57.005+0000] {logging_mixin.py:188} INFO - [2025-09-16T15:07:57.005+0000] {dagbag.py:545} INFO - Filling up the DagBag from /home/airflow/.local/lib/python3.12/site-packages/airflow/example_dags/example_python_operator.py
[2025-09-16T15:07:57.019+0000] {processor.py:840} INFO - DAG(s) 'example_python_operator' retrieved from /home/airflow/.local/lib/python3.12/site-packages/airflow/example_dags/example_python_operator.py
[2025-09-16T15:07:57.052+0000] {logging_mixin.py:188} INFO - [2025-09-16T15:07:57.052+0000] {dag.py:3096} INFO - Sync 1 DAGs
[2025-09-16T15:07:57.073+0000] {logging_mixin.py:188} INFO - [2025-09-16T15:07:57.072+0000] {dag.py:3954} INFO - Setting next_dagrun for example_python_operator to None, run_after=None
[2025-09-16T15:07:57.103+0000] {processor.py:183} INFO - Processing /home/airflow/.local/lib/python3.12/site-packages/airflow/example_dags/example_python_operator.py took 0.112 seconds
[2025-09-16T15:08:28.052+0000] {processor.py:161} INFO - Started process (PID=861) to work on /home/airflow/.local/lib/python3.12/site-packages/airflow/example_dags/example_python_operator.py
[2025-09-16T15:08:28.054+0000] {processor.py:830} INFO - Processing file /home/airflow/.local/lib/python3.12/site-packages/airflow/example_dags/example_python_operator.py for tasks to queue
[2025-09-16T15:08:28.057+0000] {logging_mixin.py:188} INFO - [2025-09-16T15:08:28.057+0000] {dagbag.py:545} INFO - Filling up the DagBag from /home/airflow/.local/lib/python3.12/site-packages/airflow/example_dags/example_python_operator.py
[2025-09-16T15:08:28.073+0000] {processor.py:840} INFO - DAG(s) 'example_python_operator' retrieved from /home/airflow/.local/lib/python3.12/site-packages/airflow/example_dags/example_python_operator.py
[2025-09-16T15:08:28.107+0000] {logging_mixin.py:188} INFO - [2025-09-16T15:08:28.107+0000] {dag.py:3096} INFO - Sync 1 DAGs
[2025-09-16T15:08:28.127+0000] {logging_mixin.py:188} INFO - [2025-09-16T15:08:28.127+0000] {dag.py:3954} INFO - Setting next_dagrun for example_python_operator to None, run_after=None
[2025-09-16T15:08:28.155+0000] {processor.py:183} INFO - Processing /home/airflow/.local/lib/python3.12/site-packages/airflow/example_dags/example_python_operator.py took 0.112 seconds
[2025-09-16T15:08:58.287+0000] {processor.py:161} INFO - Started process (PID=921) to work on /home/airflow/.local/lib/python3.12/site-packages/airflow/example_dags/example_python_operator.py
[2025-09-16T15:08:58.288+0000] {processor.py:830} INFO - Processing file /home/airflow/.local/lib/python3.12/site-packages/airflow/example_dags/example_python_operator.py for tasks to queue
[2025-09-16T15:08:58.292+0000] {logging_mixin.py:188} INFO - [2025-09-16T15:08:58.291+0000] {dagbag.py:545} INFO - Filling up the DagBag from /home/airflow/.local/lib/python3.12/site-packages/airflow/example_dags/example_python_operator.py
[2025-09-16T15:08:58.303+0000] {processor.py:840} INFO - DAG(s) 'example_python_operator' retrieved from /home/airflow/.local/lib/python3.12/site-packages/airflow/example_dags/example_python_operator.py
[2025-09-16T15:08:58.330+0000] {logging_mixin.py:188} INFO - [2025-09-16T15:08:58.329+0000] {dag.py:3096} INFO - Sync 1 DAGs
[2025-09-16T15:08:58.346+0000] {logging_mixin.py:188} INFO - [2025-09-16T15:08:58.346+0000] {dag.py:3954} INFO - Setting next_dagrun for example_python_operator to None, run_after=None
[2025-09-16T15:08:58.406+0000] {processor.py:183} INFO - Processing /home/airflow/.local/lib/python3.12/site-packages/airflow/example_dags/example_python_operator.py took 0.126 seconds
[2025-09-16T15:09:28.625+0000] {processor.py:161} INFO - Started process (PID=981) to work on /home/airflow/.local/lib/python3.12/site-packages/airflow/example_dags/example_python_operator.py
[2025-09-16T15:09:28.628+0000] {processor.py:830} INFO - Processing file /home/airflow/.local/lib/python3.12/site-packages/airflow/example_dags/example_python_operator.py for tasks to queue
[2025-09-16T15:09:28.632+0000] {logging_mixin.py:188} INFO - [2025-09-16T15:09:28.631+0000] {dagbag.py:545} INFO - Filling up the DagBag from /home/airflow/.local/lib/python3.12/site-packages/airflow/example_dags/example_python_operator.py
[2025-09-16T15:09:28.642+0000] {processor.py:840} INFO - DAG(s) 'example_python_operator' retrieved from /home/airflow/.local/lib/python3.12/site-packages/airflow/example_dags/example_python_operator.py
[2025-09-16T15:09:28.669+0000] {logging_mixin.py:188} INFO - [2025-09-16T15:09:28.668+0000] {dag.py:3096} INFO - Sync 1 DAGs
[2025-09-16T15:09:28.687+0000] {logging_mixin.py:188} INFO - [2025-09-16T15:09:28.687+0000] {dag.py:3954} INFO - Setting next_dagrun for example_python_operator to None, run_after=None
[2025-09-16T15:09:28.714+0000] {processor.py:183} INFO - Processing /home/airflow/.local/lib/python3.12/site-packages/airflow/example_dags/example_python_operator.py took 0.094 seconds
[2025-09-16T15:09:58.960+0000] {processor.py:161} INFO - Started process (PID=1041) to work on /home/airflow/.local/lib/python3.12/site-packages/airflow/example_dags/example_python_operator.py
[2025-09-16T15:09:58.962+0000] {processor.py:830} INFO - Processing file /home/airflow/.local/lib/python3.12/site-packages/airflow/example_dags/example_python_operator.py for tasks to queue
[2025-09-16T15:09:58.965+0000] {logging_mixin.py:188} INFO - [2025-09-16T15:09:58.964+0000] {dagbag.py:545} INFO - Filling up the DagBag from /home/airflow/.local/lib/python3.12/site-packages/airflow/example_dags/example_python_operator.py
[2025-09-16T15:09:58.978+0000] {processor.py:840} INFO - DAG(s) 'example_python_operator' retrieved from /home/airflow/.local/lib/python3.12/site-packages/airflow/example_dags/example_python_operator.py
[2025-09-16T15:09:59.006+0000] {logging_mixin.py:188} INFO - [2025-09-16T15:09:59.005+0000] {dag.py:3096} INFO - Sync 1 DAGs
[2025-09-16T15:09:59.024+0000] {logging_mixin.py:188} INFO - [2025-09-16T15:09:59.024+0000] {dag.py:3954} INFO - Setting next_dagrun for example_python_operator to None, run_after=None
[2025-09-16T15:09:59.050+0000] {processor.py:183} INFO - Processing /home/airflow/.local/lib/python3.12/site-packages/airflow/example_dags/example_python_operator.py took 0.096 seconds
[2025-09-16T15:10:29.525+0000] {processor.py:161} INFO - Started process (PID=1101) to work on /home/airflow/.local/lib/python3.12/site-packages/airflow/example_dags/example_python_operator.py
[2025-09-16T15:10:29.527+0000] {processor.py:830} INFO - Processing file /home/airflow/.local/lib/python3.12/site-packages/airflow/example_dags/example_python_operator.py for tasks to queue
[2025-09-16T15:10:29.530+0000] {logging_mixin.py:188} INFO - [2025-09-16T15:10:29.530+0000] {dagbag.py:545} INFO - Filling up the DagBag from /home/airflow/.local/lib/python3.12/site-packages/airflow/example_dags/example_python_operator.py
[2025-09-16T15:10:29.542+0000] {processor.py:840} INFO - DAG(s) 'example_python_operator' retrieved from /home/airflow/.local/lib/python3.12/site-packages/airflow/example_dags/example_python_operator.py
[2025-09-16T15:10:29.570+0000] {logging_mixin.py:188} INFO - [2025-09-16T15:10:29.569+0000] {dag.py:3096} INFO - Sync 1 DAGs
[2025-09-16T15:10:29.586+0000] {logging_mixin.py:188} INFO - [2025-09-16T15:10:29.585+0000] {dag.py:3954} INFO - Setting next_dagrun for example_python_operator to None, run_after=None
[2025-09-16T15:10:29.611+0000] {processor.py:183} INFO - Processing /home/airflow/.local/lib/python3.12/site-packages/airflow/example_dags/example_python_operator.py took 0.091 seconds
[2025-09-16T15:11:00.264+0000] {processor.py:161} INFO - Started process (PID=1161) to work on /home/airflow/.local/lib/python3.12/site-packages/airflow/example_dags/example_python_operator.py
[2025-09-16T15:11:00.266+0000] {processor.py:830} INFO - Processing file /home/airflow/.local/lib/python3.12/site-packages/airflow/example_dags/example_python_operator.py for tasks to queue
[2025-09-16T15:11:00.268+0000] {logging_mixin.py:188} INFO - [2025-09-16T15:11:00.268+0000] {dagbag.py:545} INFO - Filling up the DagBag from /home/airflow/.local/lib/python3.12/site-packages/airflow/example_dags/example_python_operator.py
[2025-09-16T15:11:00.281+0000] {processor.py:840} INFO - DAG(s) 'example_python_operator' retrieved from /home/airflow/.local/lib/python3.12/site-packages/airflow/example_dags/example_python_operator.py
[2025-09-16T15:11:00.308+0000] {logging_mixin.py:188} INFO - [2025-09-16T15:11:00.308+0000] {dag.py:3096} INFO - Sync 1 DAGs
[2025-09-16T15:11:00.325+0000] {logging_mixin.py:188} INFO - [2025-09-16T15:11:00.324+0000] {dag.py:3954} INFO - Setting next_dagrun for example_python_operator to None, run_after=None
[2025-09-16T15:11:00.350+0000] {processor.py:183} INFO - Processing /home/airflow/.local/lib/python3.12/site-packages/airflow/example_dags/example_python_operator.py took 0.092 seconds
[2025-09-16T15:11:30.798+0000] {processor.py:161} INFO - Started process (PID=1221) to work on /home/airflow/.local/lib/python3.12/site-packages/airflow/example_dags/example_python_operator.py
[2025-09-16T15:11:30.800+0000] {processor.py:830} INFO - Processing file /home/airflow/.local/lib/python3.12/site-packages/airflow/example_dags/example_python_operator.py for tasks to queue
[2025-09-16T15:11:30.802+0000] {logging_mixin.py:188} INFO - [2025-09-16T15:11:30.802+0000] {dagbag.py:545} INFO - Filling up the DagBag from /home/airflow/.local/lib/python3.12/site-packages/airflow/example_dags/example_python_operator.py
[2025-09-16T15:11:30.814+0000] {processor.py:840} INFO - DAG(s) 'example_python_operator' retrieved from /home/airflow/.local/lib/python3.12/site-packages/airflow/example_dags/example_python_operator.py
[2025-09-16T15:11:30.840+0000] {logging_mixin.py:188} INFO - [2025-09-16T15:11:30.840+0000] {dag.py:3096} INFO - Sync 1 DAGs
[2025-09-16T15:11:30.856+0000] {logging_mixin.py:188} INFO - [2025-09-16T15:11:30.855+0000] {dag.py:3954} INFO - Setting next_dagrun for example_python_operator to None, run_after=None
[2025-09-16T15:11:30.880+0000] {processor.py:183} INFO - Processing /home/airflow/.local/lib/python3.12/site-packages/airflow/example_dags/example_python_operator.py took 0.088 seconds
[2025-09-16T15:12:01.351+0000] {processor.py:161} INFO - Started process (PID=1281) to work on /home/airflow/.local/lib/python3.12/site-packages/airflow/example_dags/example_python_operator.py
[2025-09-16T15:12:01.352+0000] {processor.py:830} INFO - Processing file /home/airflow/.local/lib/python3.12/site-packages/airflow/example_dags/example_python_operator.py for tasks to queue
[2025-09-16T15:12:01.355+0000] {logging_mixin.py:188} INFO - [2025-09-16T15:12:01.354+0000] {dagbag.py:545} INFO - Filling up the DagBag from /home/airflow/.local/lib/python3.12/site-packages/airflow/example_dags/example_python_operator.py
[2025-09-16T15:12:01.367+0000] {processor.py:840} INFO - DAG(s) 'example_python_operator' retrieved from /home/airflow/.local/lib/python3.12/site-packages/airflow/example_dags/example_python_operator.py
[2025-09-16T15:12:01.393+0000] {logging_mixin.py:188} INFO - [2025-09-16T15:12:01.392+0000] {dag.py:3096} INFO - Sync 1 DAGs
[2025-09-16T15:12:01.411+0000] {logging_mixin.py:188} INFO - [2025-09-16T15:12:01.410+0000] {dag.py:3954} INFO - Setting next_dagrun for example_python_operator to None, run_after=None
[2025-09-16T15:12:01.442+0000] {processor.py:183} INFO - Processing /home/airflow/.local/lib/python3.12/site-packages/airflow/example_dags/example_python_operator.py took 0.098 seconds
[2025-09-16T15:12:31.983+0000] {processor.py:161} INFO - Started process (PID=1341) to work on /home/airflow/.local/lib/python3.12/site-packages/airflow/example_dags/example_python_operator.py
[2025-09-16T15:12:31.985+0000] {processor.py:830} INFO - Processing file /home/airflow/.local/lib/python3.12/site-packages/airflow/example_dags/example_python_operator.py for tasks to queue
[2025-09-16T15:12:31.987+0000] {logging_mixin.py:188} INFO - [2025-09-16T15:12:31.987+0000] {dagbag.py:545} INFO - Filling up the DagBag from /home/airflow/.local/lib/python3.12/site-packages/airflow/example_dags/example_python_operator.py
[2025-09-16T15:12:31.997+0000] {processor.py:840} INFO - DAG(s) 'example_python_operator' retrieved from /home/airflow/.local/lib/python3.12/site-packages/airflow/example_dags/example_python_operator.py
[2025-09-16T15:12:32.020+0000] {logging_mixin.py:188} INFO - [2025-09-16T15:12:32.020+0000] {dag.py:3096} INFO - Sync 1 DAGs
[2025-09-16T15:12:32.035+0000] {logging_mixin.py:188} INFO - [2025-09-16T15:12:32.034+0000] {dag.py:3954} INFO - Setting next_dagrun for example_python_operator to None, run_after=None
[2025-09-16T15:12:32.064+0000] {processor.py:183} INFO - Processing /home/airflow/.local/lib/python3.12/site-packages/airflow/example_dags/example_python_operator.py took 0.086 seconds
[2025-09-16T15:13:02.449+0000] {processor.py:161} INFO - Started process (PID=1401) to work on /home/airflow/.local/lib/python3.12/site-packages/airflow/example_dags/example_python_operator.py
[2025-09-16T15:13:02.451+0000] {processor.py:830} INFO - Processing file /home/airflow/.local/lib/python3.12/site-packages/airflow/example_dags/example_python_operator.py for tasks to queue
[2025-09-16T15:13:02.457+0000] {logging_mixin.py:188} INFO - [2025-09-16T15:13:02.456+0000] {dagbag.py:545} INFO - Filling up the DagBag from /home/airflow/.local/lib/python3.12/site-packages/airflow/example_dags/example_python_operator.py
[2025-09-16T15:13:02.486+0000] {processor.py:840} INFO - DAG(s) 'example_python_operator' retrieved from /home/airflow/.local/lib/python3.12/site-packages/airflow/example_dags/example_python_operator.py
[2025-09-16T15:13:02.540+0000] {logging_mixin.py:188} INFO - [2025-09-16T15:13:02.539+0000] {dag.py:3096} INFO - Sync 1 DAGs
[2025-09-16T15:13:02.572+0000] {logging_mixin.py:188} INFO - [2025-09-16T15:13:02.570+0000] {dag.py:3954} INFO - Setting next_dagrun for example_python_operator to None, run_after=None
[2025-09-16T15:13:02.627+0000] {processor.py:183} INFO - Processing /home/airflow/.local/lib/python3.12/site-packages/airflow/example_dags/example_python_operator.py took 0.190 seconds
[2025-09-16T15:13:32.806+0000] {processor.py:161} INFO - Started process (PID=1461) to work on /home/airflow/.local/lib/python3.12/site-packages/airflow/example_dags/example_python_operator.py
[2025-09-16T15:13:32.809+0000] {processor.py:830} INFO - Processing file /home/airflow/.local/lib/python3.12/site-packages/airflow/example_dags/example_python_operator.py for tasks to queue
[2025-09-16T15:13:32.815+0000] {logging_mixin.py:188} INFO - [2025-09-16T15:13:32.814+0000] {dagbag.py:545} INFO - Filling up the DagBag from /home/airflow/.local/lib/python3.12/site-packages/airflow/example_dags/example_python_operator.py
[2025-09-16T15:13:32.850+0000] {processor.py:840} INFO - DAG(s) 'example_python_operator' retrieved from /home/airflow/.local/lib/python3.12/site-packages/airflow/example_dags/example_python_operator.py
[2025-09-16T15:13:32.918+0000] {logging_mixin.py:188} INFO - [2025-09-16T15:13:32.918+0000] {dag.py:3096} INFO - Sync 1 DAGs
[2025-09-16T15:13:32.988+0000] {logging_mixin.py:188} INFO - [2025-09-16T15:13:32.986+0000] {dag.py:3954} INFO - Setting next_dagrun for example_python_operator to None, run_after=None
[2025-09-16T15:13:33.060+0000] {processor.py:183} INFO - Processing /home/airflow/.local/lib/python3.12/site-packages/airflow/example_dags/example_python_operator.py took 0.270 seconds
