[2025-09-16T14:07:53.667+0000] {processor.py:161} INFO - Started process (PID=141) to work on /home/airflow/.local/lib/python3.12/site-packages/airflow/example_dags/example_short_circuit_operator.py
[2025-09-16T14:07:53.669+0000] {processor.py:830} INFO - Processing file /home/airflow/.local/lib/python3.12/site-packages/airflow/example_dags/example_short_circuit_operator.py for tasks to queue
[2025-09-16T14:07:53.674+0000] {logging_mixin.py:188} INFO - [2025-09-16T14:07:53.673+0000] {dagbag.py:545} INFO - Filling up the DagBag from /home/airflow/.local/lib/python3.12/site-packages/airflow/example_dags/example_short_circuit_operator.py
[2025-09-16T14:07:53.699+0000] {processor.py:840} INFO - DAG(s) 'example_short_circuit_operator' retrieved from /home/airflow/.local/lib/python3.12/site-packages/airflow/example_dags/example_short_circuit_operator.py
[2025-09-16T14:07:53.853+0000] {logging_mixin.py:188} INFO - [2025-09-16T14:07:53.853+0000] {dag.py:3096} INFO - Sync 1 DAGs
[2025-09-16T14:07:54.032+0000] {logging_mixin.py:188} INFO - [2025-09-16T14:07:54.032+0000] {dag.py:3954} INFO - Setting next_dagrun for example_short_circuit_operator to 2025-09-15 00:00:00+00:00, run_after=2025-09-16 00:00:00+00:00
[2025-09-16T14:07:54.091+0000] {processor.py:183} INFO - Processing /home/airflow/.local/lib/python3.12/site-packages/airflow/example_dags/example_short_circuit_operator.py took 0.433 seconds
[2025-09-16T14:08:24.610+0000] {processor.py:161} INFO - Started process (PID=201) to work on /home/airflow/.local/lib/python3.12/site-packages/airflow/example_dags/example_short_circuit_operator.py
[2025-09-16T14:08:24.611+0000] {processor.py:830} INFO - Processing file /home/airflow/.local/lib/python3.12/site-packages/airflow/example_dags/example_short_circuit_operator.py for tasks to queue
[2025-09-16T14:08:24.614+0000] {logging_mixin.py:188} INFO - [2025-09-16T14:08:24.614+0000] {dagbag.py:545} INFO - Filling up the DagBag from /home/airflow/.local/lib/python3.12/site-packages/airflow/example_dags/example_short_circuit_operator.py
[2025-09-16T14:08:24.623+0000] {processor.py:840} INFO - DAG(s) 'example_short_circuit_operator' retrieved from /home/airflow/.local/lib/python3.12/site-packages/airflow/example_dags/example_short_circuit_operator.py
[2025-09-16T14:08:24.772+0000] {logging_mixin.py:188} INFO - [2025-09-16T14:08:24.772+0000] {dag.py:3096} INFO - Sync 1 DAGs
[2025-09-16T14:08:24.806+0000] {logging_mixin.py:188} INFO - [2025-09-16T14:08:24.806+0000] {dag.py:3954} INFO - Setting next_dagrun for example_short_circuit_operator to 2025-09-15 00:00:00+00:00, run_after=2025-09-16 00:00:00+00:00
[2025-09-16T14:08:24.836+0000] {processor.py:183} INFO - Processing /home/airflow/.local/lib/python3.12/site-packages/airflow/example_dags/example_short_circuit_operator.py took 0.233 seconds
[2025-09-16T14:08:55.641+0000] {processor.py:161} INFO - Started process (PID=261) to work on /home/airflow/.local/lib/python3.12/site-packages/airflow/example_dags/example_short_circuit_operator.py
[2025-09-16T14:08:55.642+0000] {processor.py:830} INFO - Processing file /home/airflow/.local/lib/python3.12/site-packages/airflow/example_dags/example_short_circuit_operator.py for tasks to queue
[2025-09-16T14:08:55.645+0000] {logging_mixin.py:188} INFO - [2025-09-16T14:08:55.645+0000] {dagbag.py:545} INFO - Filling up the DagBag from /home/airflow/.local/lib/python3.12/site-packages/airflow/example_dags/example_short_circuit_operator.py
[2025-09-16T14:08:55.654+0000] {processor.py:840} INFO - DAG(s) 'example_short_circuit_operator' retrieved from /home/airflow/.local/lib/python3.12/site-packages/airflow/example_dags/example_short_circuit_operator.py
[2025-09-16T14:08:55.688+0000] {logging_mixin.py:188} INFO - [2025-09-16T14:08:55.687+0000] {dag.py:3096} INFO - Sync 1 DAGs
[2025-09-16T14:08:55.721+0000] {logging_mixin.py:188} INFO - [2025-09-16T14:08:55.721+0000] {dag.py:3954} INFO - Setting next_dagrun for example_short_circuit_operator to 2025-09-15 00:00:00+00:00, run_after=2025-09-16 00:00:00+00:00
[2025-09-16T14:08:55.748+0000] {processor.py:183} INFO - Processing /home/airflow/.local/lib/python3.12/site-packages/airflow/example_dags/example_short_circuit_operator.py took 0.115 seconds
[2025-09-16T14:09:26.742+0000] {processor.py:161} INFO - Started process (PID=321) to work on /home/airflow/.local/lib/python3.12/site-packages/airflow/example_dags/example_short_circuit_operator.py
[2025-09-16T14:09:26.744+0000] {processor.py:830} INFO - Processing file /home/airflow/.local/lib/python3.12/site-packages/airflow/example_dags/example_short_circuit_operator.py for tasks to queue
[2025-09-16T14:09:26.747+0000] {logging_mixin.py:188} INFO - [2025-09-16T14:09:26.747+0000] {dagbag.py:545} INFO - Filling up the DagBag from /home/airflow/.local/lib/python3.12/site-packages/airflow/example_dags/example_short_circuit_operator.py
[2025-09-16T14:09:26.761+0000] {processor.py:840} INFO - DAG(s) 'example_short_circuit_operator' retrieved from /home/airflow/.local/lib/python3.12/site-packages/airflow/example_dags/example_short_circuit_operator.py
[2025-09-16T14:09:26.796+0000] {logging_mixin.py:188} INFO - [2025-09-16T14:09:26.795+0000] {dag.py:3096} INFO - Sync 1 DAGs
[2025-09-16T14:09:26.832+0000] {logging_mixin.py:188} INFO - [2025-09-16T14:09:26.831+0000] {dag.py:3954} INFO - Setting next_dagrun for example_short_circuit_operator to 2025-09-15 00:00:00+00:00, run_after=2025-09-16 00:00:00+00:00
[2025-09-16T14:09:26.873+0000] {processor.py:183} INFO - Processing /home/airflow/.local/lib/python3.12/site-packages/airflow/example_dags/example_short_circuit_operator.py took 0.139 seconds
[2025-09-16T14:09:57.818+0000] {processor.py:161} INFO - Started process (PID=381) to work on /home/airflow/.local/lib/python3.12/site-packages/airflow/example_dags/example_short_circuit_operator.py
[2025-09-16T14:09:57.820+0000] {processor.py:830} INFO - Processing file /home/airflow/.local/lib/python3.12/site-packages/airflow/example_dags/example_short_circuit_operator.py for tasks to queue
[2025-09-16T14:09:57.823+0000] {logging_mixin.py:188} INFO - [2025-09-16T14:09:57.822+0000] {dagbag.py:545} INFO - Filling up the DagBag from /home/airflow/.local/lib/python3.12/site-packages/airflow/example_dags/example_short_circuit_operator.py
[2025-09-16T14:09:57.832+0000] {processor.py:840} INFO - DAG(s) 'example_short_circuit_operator' retrieved from /home/airflow/.local/lib/python3.12/site-packages/airflow/example_dags/example_short_circuit_operator.py
[2025-09-16T14:09:57.862+0000] {logging_mixin.py:188} INFO - [2025-09-16T14:09:57.862+0000] {dag.py:3096} INFO - Sync 1 DAGs
[2025-09-16T14:09:57.893+0000] {logging_mixin.py:188} INFO - [2025-09-16T14:09:57.892+0000] {dag.py:3954} INFO - Setting next_dagrun for example_short_circuit_operator to 2025-09-15 00:00:00+00:00, run_after=2025-09-16 00:00:00+00:00
[2025-09-16T14:09:57.945+0000] {processor.py:183} INFO - Processing /home/airflow/.local/lib/python3.12/site-packages/airflow/example_dags/example_short_circuit_operator.py took 0.134 seconds
[2025-09-16T14:10:28.126+0000] {processor.py:161} INFO - Started process (PID=439) to work on /home/airflow/.local/lib/python3.12/site-packages/airflow/example_dags/example_short_circuit_operator.py
[2025-09-16T14:10:28.129+0000] {processor.py:830} INFO - Processing file /home/airflow/.local/lib/python3.12/site-packages/airflow/example_dags/example_short_circuit_operator.py for tasks to queue
[2025-09-16T14:10:28.132+0000] {logging_mixin.py:188} INFO - [2025-09-16T14:10:28.132+0000] {dagbag.py:545} INFO - Filling up the DagBag from /home/airflow/.local/lib/python3.12/site-packages/airflow/example_dags/example_short_circuit_operator.py
[2025-09-16T14:10:28.144+0000] {processor.py:840} INFO - DAG(s) 'example_short_circuit_operator' retrieved from /home/airflow/.local/lib/python3.12/site-packages/airflow/example_dags/example_short_circuit_operator.py
[2025-09-16T14:10:28.180+0000] {logging_mixin.py:188} INFO - [2025-09-16T14:10:28.180+0000] {dag.py:3096} INFO - Sync 1 DAGs
[2025-09-16T14:10:28.220+0000] {logging_mixin.py:188} INFO - [2025-09-16T14:10:28.220+0000] {dag.py:3954} INFO - Setting next_dagrun for example_short_circuit_operator to 2025-09-15 00:00:00+00:00, run_after=2025-09-16 00:00:00+00:00
[2025-09-16T14:10:28.252+0000] {processor.py:183} INFO - Processing /home/airflow/.local/lib/python3.12/site-packages/airflow/example_dags/example_short_circuit_operator.py took 0.137 seconds
[2025-09-16T14:10:58.657+0000] {processor.py:161} INFO - Started process (PID=499) to work on /home/airflow/.local/lib/python3.12/site-packages/airflow/example_dags/example_short_circuit_operator.py
[2025-09-16T14:10:58.659+0000] {processor.py:830} INFO - Processing file /home/airflow/.local/lib/python3.12/site-packages/airflow/example_dags/example_short_circuit_operator.py for tasks to queue
[2025-09-16T14:10:58.661+0000] {logging_mixin.py:188} INFO - [2025-09-16T14:10:58.661+0000] {dagbag.py:545} INFO - Filling up the DagBag from /home/airflow/.local/lib/python3.12/site-packages/airflow/example_dags/example_short_circuit_operator.py
[2025-09-16T14:10:58.670+0000] {processor.py:840} INFO - DAG(s) 'example_short_circuit_operator' retrieved from /home/airflow/.local/lib/python3.12/site-packages/airflow/example_dags/example_short_circuit_operator.py
[2025-09-16T14:10:58.702+0000] {logging_mixin.py:188} INFO - [2025-09-16T14:10:58.702+0000] {dag.py:3096} INFO - Sync 1 DAGs
[2025-09-16T14:10:58.736+0000] {logging_mixin.py:188} INFO - [2025-09-16T14:10:58.736+0000] {dag.py:3954} INFO - Setting next_dagrun for example_short_circuit_operator to 2025-09-15 00:00:00+00:00, run_after=2025-09-16 00:00:00+00:00
[2025-09-16T14:10:58.768+0000] {processor.py:183} INFO - Processing /home/airflow/.local/lib/python3.12/site-packages/airflow/example_dags/example_short_circuit_operator.py took 0.119 seconds
[2025-09-16T14:11:29.174+0000] {processor.py:161} INFO - Started process (PID=559) to work on /home/airflow/.local/lib/python3.12/site-packages/airflow/example_dags/example_short_circuit_operator.py
[2025-09-16T14:11:29.176+0000] {processor.py:830} INFO - Processing file /home/airflow/.local/lib/python3.12/site-packages/airflow/example_dags/example_short_circuit_operator.py for tasks to queue
[2025-09-16T14:11:29.179+0000] {logging_mixin.py:188} INFO - [2025-09-16T14:11:29.178+0000] {dagbag.py:545} INFO - Filling up the DagBag from /home/airflow/.local/lib/python3.12/site-packages/airflow/example_dags/example_short_circuit_operator.py
[2025-09-16T14:11:29.190+0000] {processor.py:840} INFO - DAG(s) 'example_short_circuit_operator' retrieved from /home/airflow/.local/lib/python3.12/site-packages/airflow/example_dags/example_short_circuit_operator.py
[2025-09-16T14:11:29.224+0000] {logging_mixin.py:188} INFO - [2025-09-16T14:11:29.224+0000] {dag.py:3096} INFO - Sync 1 DAGs
[2025-09-16T14:11:29.269+0000] {logging_mixin.py:188} INFO - [2025-09-16T14:11:29.269+0000] {dag.py:3954} INFO - Setting next_dagrun for example_short_circuit_operator to 2025-09-15 00:00:00+00:00, run_after=2025-09-16 00:00:00+00:00
[2025-09-16T14:11:29.332+0000] {processor.py:183} INFO - Processing /home/airflow/.local/lib/python3.12/site-packages/airflow/example_dags/example_short_circuit_operator.py took 0.166 seconds
[2025-09-16T14:12:00.024+0000] {processor.py:161} INFO - Started process (PID=619) to work on /home/airflow/.local/lib/python3.12/site-packages/airflow/example_dags/example_short_circuit_operator.py
[2025-09-16T14:12:00.029+0000] {processor.py:830} INFO - Processing file /home/airflow/.local/lib/python3.12/site-packages/airflow/example_dags/example_short_circuit_operator.py for tasks to queue
[2025-09-16T14:12:00.040+0000] {logging_mixin.py:188} INFO - [2025-09-16T14:12:00.039+0000] {dagbag.py:545} INFO - Filling up the DagBag from /home/airflow/.local/lib/python3.12/site-packages/airflow/example_dags/example_short_circuit_operator.py
[2025-09-16T14:12:00.064+0000] {processor.py:840} INFO - DAG(s) 'example_short_circuit_operator' retrieved from /home/airflow/.local/lib/python3.12/site-packages/airflow/example_dags/example_short_circuit_operator.py
[2025-09-16T14:12:00.126+0000] {logging_mixin.py:188} INFO - [2025-09-16T14:12:00.126+0000] {dag.py:3096} INFO - Sync 1 DAGs
[2025-09-16T14:12:00.179+0000] {logging_mixin.py:188} INFO - [2025-09-16T14:12:00.178+0000] {dag.py:3954} INFO - Setting next_dagrun for example_short_circuit_operator to 2025-09-15 00:00:00+00:00, run_after=2025-09-16 00:00:00+00:00
[2025-09-16T14:12:00.247+0000] {processor.py:183} INFO - Processing /home/airflow/.local/lib/python3.12/site-packages/airflow/example_dags/example_short_circuit_operator.py took 0.247 seconds
[2025-09-16T14:12:30.763+0000] {processor.py:161} INFO - Started process (PID=679) to work on /home/airflow/.local/lib/python3.12/site-packages/airflow/example_dags/example_short_circuit_operator.py
[2025-09-16T14:12:30.765+0000] {processor.py:830} INFO - Processing file /home/airflow/.local/lib/python3.12/site-packages/airflow/example_dags/example_short_circuit_operator.py for tasks to queue
[2025-09-16T14:12:30.768+0000] {logging_mixin.py:188} INFO - [2025-09-16T14:12:30.767+0000] {dagbag.py:545} INFO - Filling up the DagBag from /home/airflow/.local/lib/python3.12/site-packages/airflow/example_dags/example_short_circuit_operator.py
[2025-09-16T14:12:30.778+0000] {processor.py:840} INFO - DAG(s) 'example_short_circuit_operator' retrieved from /home/airflow/.local/lib/python3.12/site-packages/airflow/example_dags/example_short_circuit_operator.py
[2025-09-16T14:12:30.815+0000] {logging_mixin.py:188} INFO - [2025-09-16T14:12:30.814+0000] {dag.py:3096} INFO - Sync 1 DAGs
[2025-09-16T14:12:30.853+0000] {logging_mixin.py:188} INFO - [2025-09-16T14:12:30.853+0000] {dag.py:3954} INFO - Setting next_dagrun for example_short_circuit_operator to 2025-09-15 00:00:00+00:00, run_after=2025-09-16 00:00:00+00:00
[2025-09-16T14:12:30.921+0000] {processor.py:183} INFO - Processing /home/airflow/.local/lib/python3.12/site-packages/airflow/example_dags/example_short_circuit_operator.py took 0.166 seconds
[2025-09-16T14:13:01.169+0000] {processor.py:161} INFO - Started process (PID=739) to work on /home/airflow/.local/lib/python3.12/site-packages/airflow/example_dags/example_short_circuit_operator.py
[2025-09-16T14:13:01.171+0000] {processor.py:830} INFO - Processing file /home/airflow/.local/lib/python3.12/site-packages/airflow/example_dags/example_short_circuit_operator.py for tasks to queue
[2025-09-16T14:13:01.174+0000] {logging_mixin.py:188} INFO - [2025-09-16T14:13:01.173+0000] {dagbag.py:545} INFO - Filling up the DagBag from /home/airflow/.local/lib/python3.12/site-packages/airflow/example_dags/example_short_circuit_operator.py
[2025-09-16T14:13:01.183+0000] {processor.py:840} INFO - DAG(s) 'example_short_circuit_operator' retrieved from /home/airflow/.local/lib/python3.12/site-packages/airflow/example_dags/example_short_circuit_operator.py
[2025-09-16T14:13:01.223+0000] {logging_mixin.py:188} INFO - [2025-09-16T14:13:01.222+0000] {dag.py:3096} INFO - Sync 1 DAGs
[2025-09-16T14:13:01.267+0000] {logging_mixin.py:188} INFO - [2025-09-16T14:13:01.266+0000] {dag.py:3954} INFO - Setting next_dagrun for example_short_circuit_operator to 2025-09-15 00:00:00+00:00, run_after=2025-09-16 00:00:00+00:00
[2025-09-16T14:13:01.298+0000] {processor.py:183} INFO - Processing /home/airflow/.local/lib/python3.12/site-packages/airflow/example_dags/example_short_circuit_operator.py took 0.137 seconds
[2025-09-16T14:13:31.724+0000] {processor.py:161} INFO - Started process (PID=799) to work on /home/airflow/.local/lib/python3.12/site-packages/airflow/example_dags/example_short_circuit_operator.py
[2025-09-16T14:13:31.725+0000] {processor.py:830} INFO - Processing file /home/airflow/.local/lib/python3.12/site-packages/airflow/example_dags/example_short_circuit_operator.py for tasks to queue
[2025-09-16T14:13:31.727+0000] {logging_mixin.py:188} INFO - [2025-09-16T14:13:31.727+0000] {dagbag.py:545} INFO - Filling up the DagBag from /home/airflow/.local/lib/python3.12/site-packages/airflow/example_dags/example_short_circuit_operator.py
[2025-09-16T14:13:31.737+0000] {processor.py:840} INFO - DAG(s) 'example_short_circuit_operator' retrieved from /home/airflow/.local/lib/python3.12/site-packages/airflow/example_dags/example_short_circuit_operator.py
[2025-09-16T14:13:31.770+0000] {logging_mixin.py:188} INFO - [2025-09-16T14:13:31.770+0000] {dag.py:3096} INFO - Sync 1 DAGs
[2025-09-16T14:13:31.802+0000] {logging_mixin.py:188} INFO - [2025-09-16T14:13:31.802+0000] {dag.py:3954} INFO - Setting next_dagrun for example_short_circuit_operator to 2025-09-15 00:00:00+00:00, run_after=2025-09-16 00:00:00+00:00
[2025-09-16T14:13:31.859+0000] {processor.py:183} INFO - Processing /home/airflow/.local/lib/python3.12/site-packages/airflow/example_dags/example_short_circuit_operator.py took 0.145 seconds
[2025-09-16T14:14:02.312+0000] {processor.py:161} INFO - Started process (PID=865) to work on /home/airflow/.local/lib/python3.12/site-packages/airflow/example_dags/example_short_circuit_operator.py
[2025-09-16T14:14:02.313+0000] {processor.py:830} INFO - Processing file /home/airflow/.local/lib/python3.12/site-packages/airflow/example_dags/example_short_circuit_operator.py for tasks to queue
[2025-09-16T14:14:02.316+0000] {logging_mixin.py:188} INFO - [2025-09-16T14:14:02.316+0000] {dagbag.py:545} INFO - Filling up the DagBag from /home/airflow/.local/lib/python3.12/site-packages/airflow/example_dags/example_short_circuit_operator.py
[2025-09-16T14:14:02.329+0000] {processor.py:840} INFO - DAG(s) 'example_short_circuit_operator' retrieved from /home/airflow/.local/lib/python3.12/site-packages/airflow/example_dags/example_short_circuit_operator.py
[2025-09-16T14:14:02.366+0000] {logging_mixin.py:188} INFO - [2025-09-16T14:14:02.365+0000] {dag.py:3096} INFO - Sync 1 DAGs
[2025-09-16T14:14:02.400+0000] {logging_mixin.py:188} INFO - [2025-09-16T14:14:02.399+0000] {dag.py:3954} INFO - Setting next_dagrun for example_short_circuit_operator to 2025-09-15 00:00:00+00:00, run_after=2025-09-16 00:00:00+00:00
[2025-09-16T14:14:02.441+0000] {processor.py:183} INFO - Processing /home/airflow/.local/lib/python3.12/site-packages/airflow/example_dags/example_short_circuit_operator.py took 0.137 seconds
[2025-09-16T14:14:32.738+0000] {processor.py:161} INFO - Started process (PID=929) to work on /home/airflow/.local/lib/python3.12/site-packages/airflow/example_dags/example_short_circuit_operator.py
[2025-09-16T14:14:32.739+0000] {processor.py:830} INFO - Processing file /home/airflow/.local/lib/python3.12/site-packages/airflow/example_dags/example_short_circuit_operator.py for tasks to queue
[2025-09-16T14:14:32.742+0000] {logging_mixin.py:188} INFO - [2025-09-16T14:14:32.742+0000] {dagbag.py:545} INFO - Filling up the DagBag from /home/airflow/.local/lib/python3.12/site-packages/airflow/example_dags/example_short_circuit_operator.py
[2025-09-16T14:14:32.754+0000] {processor.py:840} INFO - DAG(s) 'example_short_circuit_operator' retrieved from /home/airflow/.local/lib/python3.12/site-packages/airflow/example_dags/example_short_circuit_operator.py
[2025-09-16T14:14:32.791+0000] {logging_mixin.py:188} INFO - [2025-09-16T14:14:32.791+0000] {dag.py:3096} INFO - Sync 1 DAGs
[2025-09-16T14:14:32.829+0000] {logging_mixin.py:188} INFO - [2025-09-16T14:14:32.828+0000] {dag.py:3954} INFO - Setting next_dagrun for example_short_circuit_operator to 2025-09-15 00:00:00+00:00, run_after=2025-09-16 00:00:00+00:00
[2025-09-16T14:14:32.864+0000] {processor.py:183} INFO - Processing /home/airflow/.local/lib/python3.12/site-packages/airflow/example_dags/example_short_circuit_operator.py took 0.136 seconds
[2025-09-16T14:16:44.345+0000] {processor.py:161} INFO - Started process (PID=94) to work on /home/airflow/.local/lib/python3.12/site-packages/airflow/example_dags/example_short_circuit_operator.py
[2025-09-16T14:16:44.347+0000] {processor.py:830} INFO - Processing file /home/airflow/.local/lib/python3.12/site-packages/airflow/example_dags/example_short_circuit_operator.py for tasks to queue
[2025-09-16T14:16:44.350+0000] {logging_mixin.py:188} INFO - [2025-09-16T14:16:44.349+0000] {dagbag.py:545} INFO - Filling up the DagBag from /home/airflow/.local/lib/python3.12/site-packages/airflow/example_dags/example_short_circuit_operator.py
[2025-09-16T14:16:44.369+0000] {processor.py:840} INFO - DAG(s) 'example_short_circuit_operator' retrieved from /home/airflow/.local/lib/python3.12/site-packages/airflow/example_dags/example_short_circuit_operator.py
[2025-09-16T14:16:44.549+0000] {logging_mixin.py:188} INFO - [2025-09-16T14:16:44.549+0000] {dag.py:3096} INFO - Sync 1 DAGs
[2025-09-16T14:16:44.578+0000] {logging_mixin.py:188} INFO - [2025-09-16T14:16:44.577+0000] {dag.py:3954} INFO - Setting next_dagrun for example_short_circuit_operator to 2025-09-15 00:00:00+00:00, run_after=2025-09-16 00:00:00+00:00
[2025-09-16T14:16:44.610+0000] {processor.py:183} INFO - Processing /home/airflow/.local/lib/python3.12/site-packages/airflow/example_dags/example_short_circuit_operator.py took 0.274 seconds
[2025-09-16T14:17:15.295+0000] {processor.py:161} INFO - Started process (PID=155) to work on /home/airflow/.local/lib/python3.12/site-packages/airflow/example_dags/example_short_circuit_operator.py
[2025-09-16T14:17:15.297+0000] {processor.py:830} INFO - Processing file /home/airflow/.local/lib/python3.12/site-packages/airflow/example_dags/example_short_circuit_operator.py for tasks to queue
[2025-09-16T14:17:15.300+0000] {logging_mixin.py:188} INFO - [2025-09-16T14:17:15.299+0000] {dagbag.py:545} INFO - Filling up the DagBag from /home/airflow/.local/lib/python3.12/site-packages/airflow/example_dags/example_short_circuit_operator.py
[2025-09-16T14:17:15.309+0000] {processor.py:840} INFO - DAG(s) 'example_short_circuit_operator' retrieved from /home/airflow/.local/lib/python3.12/site-packages/airflow/example_dags/example_short_circuit_operator.py
[2025-09-16T14:17:15.339+0000] {logging_mixin.py:188} INFO - [2025-09-16T14:17:15.339+0000] {dag.py:3096} INFO - Sync 1 DAGs
[2025-09-16T14:17:15.369+0000] {logging_mixin.py:188} INFO - [2025-09-16T14:17:15.369+0000] {dag.py:3954} INFO - Setting next_dagrun for example_short_circuit_operator to 2025-09-15 00:00:00+00:00, run_after=2025-09-16 00:00:00+00:00
[2025-09-16T14:17:15.399+0000] {processor.py:183} INFO - Processing /home/airflow/.local/lib/python3.12/site-packages/airflow/example_dags/example_short_circuit_operator.py took 0.112 seconds
[2025-09-16T14:17:46.529+0000] {processor.py:161} INFO - Started process (PID=215) to work on /home/airflow/.local/lib/python3.12/site-packages/airflow/example_dags/example_short_circuit_operator.py
[2025-09-16T14:17:46.531+0000] {processor.py:830} INFO - Processing file /home/airflow/.local/lib/python3.12/site-packages/airflow/example_dags/example_short_circuit_operator.py for tasks to queue
[2025-09-16T14:17:46.534+0000] {logging_mixin.py:188} INFO - [2025-09-16T14:17:46.534+0000] {dagbag.py:545} INFO - Filling up the DagBag from /home/airflow/.local/lib/python3.12/site-packages/airflow/example_dags/example_short_circuit_operator.py
[2025-09-16T14:17:46.546+0000] {processor.py:840} INFO - DAG(s) 'example_short_circuit_operator' retrieved from /home/airflow/.local/lib/python3.12/site-packages/airflow/example_dags/example_short_circuit_operator.py
[2025-09-16T14:17:46.609+0000] {logging_mixin.py:188} INFO - [2025-09-16T14:17:46.608+0000] {dag.py:3096} INFO - Sync 1 DAGs
[2025-09-16T14:17:46.658+0000] {logging_mixin.py:188} INFO - [2025-09-16T14:17:46.657+0000] {dag.py:3954} INFO - Setting next_dagrun for example_short_circuit_operator to 2025-09-15 00:00:00+00:00, run_after=2025-09-16 00:00:00+00:00
[2025-09-16T14:17:46.695+0000] {processor.py:183} INFO - Processing /home/airflow/.local/lib/python3.12/site-packages/airflow/example_dags/example_short_circuit_operator.py took 0.178 seconds
[2025-09-16T14:18:17.428+0000] {processor.py:161} INFO - Started process (PID=275) to work on /home/airflow/.local/lib/python3.12/site-packages/airflow/example_dags/example_short_circuit_operator.py
[2025-09-16T14:18:17.430+0000] {processor.py:830} INFO - Processing file /home/airflow/.local/lib/python3.12/site-packages/airflow/example_dags/example_short_circuit_operator.py for tasks to queue
[2025-09-16T14:18:17.432+0000] {logging_mixin.py:188} INFO - [2025-09-16T14:18:17.432+0000] {dagbag.py:545} INFO - Filling up the DagBag from /home/airflow/.local/lib/python3.12/site-packages/airflow/example_dags/example_short_circuit_operator.py
[2025-09-16T14:18:17.442+0000] {processor.py:840} INFO - DAG(s) 'example_short_circuit_operator' retrieved from /home/airflow/.local/lib/python3.12/site-packages/airflow/example_dags/example_short_circuit_operator.py
[2025-09-16T14:18:17.472+0000] {logging_mixin.py:188} INFO - [2025-09-16T14:18:17.472+0000] {dag.py:3096} INFO - Sync 1 DAGs
[2025-09-16T14:18:17.500+0000] {logging_mixin.py:188} INFO - [2025-09-16T14:18:17.499+0000] {dag.py:3954} INFO - Setting next_dagrun for example_short_circuit_operator to 2025-09-15 00:00:00+00:00, run_after=2025-09-16 00:00:00+00:00
[2025-09-16T14:18:17.525+0000] {processor.py:183} INFO - Processing /home/airflow/.local/lib/python3.12/site-packages/airflow/example_dags/example_short_circuit_operator.py took 0.104 seconds
[2025-09-16T14:18:48.088+0000] {processor.py:161} INFO - Started process (PID=335) to work on /home/airflow/.local/lib/python3.12/site-packages/airflow/example_dags/example_short_circuit_operator.py
[2025-09-16T14:18:48.090+0000] {processor.py:830} INFO - Processing file /home/airflow/.local/lib/python3.12/site-packages/airflow/example_dags/example_short_circuit_operator.py for tasks to queue
[2025-09-16T14:18:48.092+0000] {logging_mixin.py:188} INFO - [2025-09-16T14:18:48.092+0000] {dagbag.py:545} INFO - Filling up the DagBag from /home/airflow/.local/lib/python3.12/site-packages/airflow/example_dags/example_short_circuit_operator.py
[2025-09-16T14:18:48.099+0000] {processor.py:840} INFO - DAG(s) 'example_short_circuit_operator' retrieved from /home/airflow/.local/lib/python3.12/site-packages/airflow/example_dags/example_short_circuit_operator.py
[2025-09-16T14:18:48.131+0000] {logging_mixin.py:188} INFO - [2025-09-16T14:18:48.130+0000] {dag.py:3096} INFO - Sync 1 DAGs
[2025-09-16T14:18:48.160+0000] {logging_mixin.py:188} INFO - [2025-09-16T14:18:48.160+0000] {dag.py:3954} INFO - Setting next_dagrun for example_short_circuit_operator to 2025-09-15 00:00:00+00:00, run_after=2025-09-16 00:00:00+00:00
[2025-09-16T14:18:48.186+0000] {processor.py:183} INFO - Processing /home/airflow/.local/lib/python3.12/site-packages/airflow/example_dags/example_short_circuit_operator.py took 0.104 seconds
[2025-09-16T14:19:18.504+0000] {processor.py:161} INFO - Started process (PID=394) to work on /home/airflow/.local/lib/python3.12/site-packages/airflow/example_dags/example_short_circuit_operator.py
[2025-09-16T14:19:18.507+0000] {processor.py:830} INFO - Processing file /home/airflow/.local/lib/python3.12/site-packages/airflow/example_dags/example_short_circuit_operator.py for tasks to queue
[2025-09-16T14:19:18.509+0000] {logging_mixin.py:188} INFO - [2025-09-16T14:19:18.509+0000] {dagbag.py:545} INFO - Filling up the DagBag from /home/airflow/.local/lib/python3.12/site-packages/airflow/example_dags/example_short_circuit_operator.py
[2025-09-16T14:19:18.520+0000] {processor.py:840} INFO - DAG(s) 'example_short_circuit_operator' retrieved from /home/airflow/.local/lib/python3.12/site-packages/airflow/example_dags/example_short_circuit_operator.py
[2025-09-16T14:19:18.558+0000] {logging_mixin.py:188} INFO - [2025-09-16T14:19:18.557+0000] {dag.py:3096} INFO - Sync 1 DAGs
[2025-09-16T14:19:18.597+0000] {logging_mixin.py:188} INFO - [2025-09-16T14:19:18.597+0000] {dag.py:3954} INFO - Setting next_dagrun for example_short_circuit_operator to 2025-09-15 00:00:00+00:00, run_after=2025-09-16 00:00:00+00:00
[2025-09-16T14:19:18.632+0000] {processor.py:183} INFO - Processing /home/airflow/.local/lib/python3.12/site-packages/airflow/example_dags/example_short_circuit_operator.py took 0.138 seconds
[2025-09-16T14:19:48.815+0000] {processor.py:161} INFO - Started process (PID=454) to work on /home/airflow/.local/lib/python3.12/site-packages/airflow/example_dags/example_short_circuit_operator.py
[2025-09-16T14:19:48.816+0000] {processor.py:830} INFO - Processing file /home/airflow/.local/lib/python3.12/site-packages/airflow/example_dags/example_short_circuit_operator.py for tasks to queue
[2025-09-16T14:19:48.819+0000] {logging_mixin.py:188} INFO - [2025-09-16T14:19:48.819+0000] {dagbag.py:545} INFO - Filling up the DagBag from /home/airflow/.local/lib/python3.12/site-packages/airflow/example_dags/example_short_circuit_operator.py
[2025-09-16T14:19:48.829+0000] {processor.py:840} INFO - DAG(s) 'example_short_circuit_operator' retrieved from /home/airflow/.local/lib/python3.12/site-packages/airflow/example_dags/example_short_circuit_operator.py
[2025-09-16T14:19:48.905+0000] {logging_mixin.py:188} INFO - [2025-09-16T14:19:48.905+0000] {dag.py:3096} INFO - Sync 1 DAGs
[2025-09-16T14:19:48.939+0000] {logging_mixin.py:188} INFO - [2025-09-16T14:19:48.938+0000] {dag.py:3954} INFO - Setting next_dagrun for example_short_circuit_operator to 2025-09-15 00:00:00+00:00, run_after=2025-09-16 00:00:00+00:00
[2025-09-16T14:19:48.965+0000] {processor.py:183} INFO - Processing /home/airflow/.local/lib/python3.12/site-packages/airflow/example_dags/example_short_circuit_operator.py took 0.159 seconds
[2025-09-16T14:20:19.485+0000] {processor.py:161} INFO - Started process (PID=514) to work on /home/airflow/.local/lib/python3.12/site-packages/airflow/example_dags/example_short_circuit_operator.py
[2025-09-16T14:20:19.487+0000] {processor.py:830} INFO - Processing file /home/airflow/.local/lib/python3.12/site-packages/airflow/example_dags/example_short_circuit_operator.py for tasks to queue
[2025-09-16T14:20:19.490+0000] {logging_mixin.py:188} INFO - [2025-09-16T14:20:19.489+0000] {dagbag.py:545} INFO - Filling up the DagBag from /home/airflow/.local/lib/python3.12/site-packages/airflow/example_dags/example_short_circuit_operator.py
[2025-09-16T14:20:19.501+0000] {processor.py:840} INFO - DAG(s) 'example_short_circuit_operator' retrieved from /home/airflow/.local/lib/python3.12/site-packages/airflow/example_dags/example_short_circuit_operator.py
[2025-09-16T14:20:19.533+0000] {logging_mixin.py:188} INFO - [2025-09-16T14:20:19.533+0000] {dag.py:3096} INFO - Sync 1 DAGs
[2025-09-16T14:20:19.565+0000] {logging_mixin.py:188} INFO - [2025-09-16T14:20:19.564+0000] {dag.py:3954} INFO - Setting next_dagrun for example_short_circuit_operator to 2025-09-15 00:00:00+00:00, run_after=2025-09-16 00:00:00+00:00
[2025-09-16T14:20:19.591+0000] {processor.py:183} INFO - Processing /home/airflow/.local/lib/python3.12/site-packages/airflow/example_dags/example_short_circuit_operator.py took 0.115 seconds
[2025-09-16T14:20:50.137+0000] {processor.py:161} INFO - Started process (PID=574) to work on /home/airflow/.local/lib/python3.12/site-packages/airflow/example_dags/example_short_circuit_operator.py
[2025-09-16T14:20:50.139+0000] {processor.py:830} INFO - Processing file /home/airflow/.local/lib/python3.12/site-packages/airflow/example_dags/example_short_circuit_operator.py for tasks to queue
[2025-09-16T14:20:50.141+0000] {logging_mixin.py:188} INFO - [2025-09-16T14:20:50.141+0000] {dagbag.py:545} INFO - Filling up the DagBag from /home/airflow/.local/lib/python3.12/site-packages/airflow/example_dags/example_short_circuit_operator.py
[2025-09-16T14:20:50.151+0000] {processor.py:840} INFO - DAG(s) 'example_short_circuit_operator' retrieved from /home/airflow/.local/lib/python3.12/site-packages/airflow/example_dags/example_short_circuit_operator.py
[2025-09-16T14:20:50.183+0000] {logging_mixin.py:188} INFO - [2025-09-16T14:20:50.183+0000] {dag.py:3096} INFO - Sync 1 DAGs
[2025-09-16T14:20:50.223+0000] {logging_mixin.py:188} INFO - [2025-09-16T14:20:50.222+0000] {dag.py:3954} INFO - Setting next_dagrun for example_short_circuit_operator to 2025-09-15 00:00:00+00:00, run_after=2025-09-16 00:00:00+00:00
[2025-09-16T14:20:50.257+0000] {processor.py:183} INFO - Processing /home/airflow/.local/lib/python3.12/site-packages/airflow/example_dags/example_short_circuit_operator.py took 0.128 seconds
[2025-09-16T14:54:09.965+0000] {processor.py:161} INFO - Started process (PID=93) to work on /home/airflow/.local/lib/python3.12/site-packages/airflow/example_dags/example_short_circuit_operator.py
[2025-09-16T14:54:09.967+0000] {processor.py:830} INFO - Processing file /home/airflow/.local/lib/python3.12/site-packages/airflow/example_dags/example_short_circuit_operator.py for tasks to queue
[2025-09-16T14:54:09.971+0000] {logging_mixin.py:188} INFO - [2025-09-16T14:54:09.970+0000] {dagbag.py:545} INFO - Filling up the DagBag from /home/airflow/.local/lib/python3.12/site-packages/airflow/example_dags/example_short_circuit_operator.py
[2025-09-16T14:54:09.990+0000] {processor.py:840} INFO - DAG(s) 'example_short_circuit_operator' retrieved from /home/airflow/.local/lib/python3.12/site-packages/airflow/example_dags/example_short_circuit_operator.py
[2025-09-16T14:54:10.185+0000] {logging_mixin.py:188} INFO - [2025-09-16T14:54:10.185+0000] {dag.py:3096} INFO - Sync 1 DAGs
[2025-09-16T14:54:10.217+0000] {logging_mixin.py:188} INFO - [2025-09-16T14:54:10.216+0000] {dag.py:3954} INFO - Setting next_dagrun for example_short_circuit_operator to 2025-09-15 00:00:00+00:00, run_after=2025-09-16 00:00:00+00:00
[2025-09-16T14:54:10.250+0000] {processor.py:183} INFO - Processing /home/airflow/.local/lib/python3.12/site-packages/airflow/example_dags/example_short_circuit_operator.py took 0.294 seconds
[2025-09-16T14:54:40.449+0000] {processor.py:161} INFO - Started process (PID=153) to work on /home/airflow/.local/lib/python3.12/site-packages/airflow/example_dags/example_short_circuit_operator.py
[2025-09-16T14:54:40.451+0000] {processor.py:830} INFO - Processing file /home/airflow/.local/lib/python3.12/site-packages/airflow/example_dags/example_short_circuit_operator.py for tasks to queue
[2025-09-16T14:54:40.454+0000] {logging_mixin.py:188} INFO - [2025-09-16T14:54:40.453+0000] {dagbag.py:545} INFO - Filling up the DagBag from /home/airflow/.local/lib/python3.12/site-packages/airflow/example_dags/example_short_circuit_operator.py
[2025-09-16T14:54:40.463+0000] {processor.py:840} INFO - DAG(s) 'example_short_circuit_operator' retrieved from /home/airflow/.local/lib/python3.12/site-packages/airflow/example_dags/example_short_circuit_operator.py
[2025-09-16T14:54:40.492+0000] {logging_mixin.py:188} INFO - [2025-09-16T14:54:40.491+0000] {dag.py:3096} INFO - Sync 1 DAGs
[2025-09-16T14:54:40.519+0000] {logging_mixin.py:188} INFO - [2025-09-16T14:54:40.519+0000] {dag.py:3954} INFO - Setting next_dagrun for example_short_circuit_operator to 2025-09-15 00:00:00+00:00, run_after=2025-09-16 00:00:00+00:00
[2025-09-16T14:54:40.542+0000] {processor.py:183} INFO - Processing /home/airflow/.local/lib/python3.12/site-packages/airflow/example_dags/example_short_circuit_operator.py took 0.100 seconds
[2025-09-16T14:55:11.462+0000] {processor.py:161} INFO - Started process (PID=214) to work on /home/airflow/.local/lib/python3.12/site-packages/airflow/example_dags/example_short_circuit_operator.py
[2025-09-16T14:55:11.464+0000] {processor.py:830} INFO - Processing file /home/airflow/.local/lib/python3.12/site-packages/airflow/example_dags/example_short_circuit_operator.py for tasks to queue
[2025-09-16T14:55:11.467+0000] {logging_mixin.py:188} INFO - [2025-09-16T14:55:11.467+0000] {dagbag.py:545} INFO - Filling up the DagBag from /home/airflow/.local/lib/python3.12/site-packages/airflow/example_dags/example_short_circuit_operator.py
[2025-09-16T14:55:11.479+0000] {processor.py:840} INFO - DAG(s) 'example_short_circuit_operator' retrieved from /home/airflow/.local/lib/python3.12/site-packages/airflow/example_dags/example_short_circuit_operator.py
[2025-09-16T14:55:11.514+0000] {logging_mixin.py:188} INFO - [2025-09-16T14:55:11.513+0000] {dag.py:3096} INFO - Sync 1 DAGs
[2025-09-16T14:55:11.545+0000] {logging_mixin.py:188} INFO - [2025-09-16T14:55:11.545+0000] {dag.py:3954} INFO - Setting next_dagrun for example_short_circuit_operator to 2025-09-15 00:00:00+00:00, run_after=2025-09-16 00:00:00+00:00
[2025-09-16T14:55:11.574+0000] {processor.py:183} INFO - Processing /home/airflow/.local/lib/python3.12/site-packages/airflow/example_dags/example_short_circuit_operator.py took 0.122 seconds
[2025-09-16T14:55:42.664+0000] {processor.py:161} INFO - Started process (PID=274) to work on /home/airflow/.local/lib/python3.12/site-packages/airflow/example_dags/example_short_circuit_operator.py
[2025-09-16T14:55:42.665+0000] {processor.py:830} INFO - Processing file /home/airflow/.local/lib/python3.12/site-packages/airflow/example_dags/example_short_circuit_operator.py for tasks to queue
[2025-09-16T14:55:42.667+0000] {logging_mixin.py:188} INFO - [2025-09-16T14:55:42.667+0000] {dagbag.py:545} INFO - Filling up the DagBag from /home/airflow/.local/lib/python3.12/site-packages/airflow/example_dags/example_short_circuit_operator.py
[2025-09-16T14:55:42.675+0000] {processor.py:840} INFO - DAG(s) 'example_short_circuit_operator' retrieved from /home/airflow/.local/lib/python3.12/site-packages/airflow/example_dags/example_short_circuit_operator.py
[2025-09-16T14:55:42.701+0000] {logging_mixin.py:188} INFO - [2025-09-16T14:55:42.701+0000] {dag.py:3096} INFO - Sync 1 DAGs
[2025-09-16T14:55:42.727+0000] {logging_mixin.py:188} INFO - [2025-09-16T14:55:42.727+0000] {dag.py:3954} INFO - Setting next_dagrun for example_short_circuit_operator to 2025-09-15 00:00:00+00:00, run_after=2025-09-16 00:00:00+00:00
[2025-09-16T14:55:42.755+0000] {processor.py:183} INFO - Processing /home/airflow/.local/lib/python3.12/site-packages/airflow/example_dags/example_short_circuit_operator.py took 0.098 seconds
[2025-09-16T14:56:13.597+0000] {processor.py:161} INFO - Started process (PID=334) to work on /home/airflow/.local/lib/python3.12/site-packages/airflow/example_dags/example_short_circuit_operator.py
[2025-09-16T14:56:13.599+0000] {processor.py:830} INFO - Processing file /home/airflow/.local/lib/python3.12/site-packages/airflow/example_dags/example_short_circuit_operator.py for tasks to queue
[2025-09-16T14:56:13.602+0000] {logging_mixin.py:188} INFO - [2025-09-16T14:56:13.601+0000] {dagbag.py:545} INFO - Filling up the DagBag from /home/airflow/.local/lib/python3.12/site-packages/airflow/example_dags/example_short_circuit_operator.py
[2025-09-16T14:56:13.612+0000] {processor.py:840} INFO - DAG(s) 'example_short_circuit_operator' retrieved from /home/airflow/.local/lib/python3.12/site-packages/airflow/example_dags/example_short_circuit_operator.py
[2025-09-16T14:56:13.645+0000] {logging_mixin.py:188} INFO - [2025-09-16T14:56:13.644+0000] {dag.py:3096} INFO - Sync 1 DAGs
[2025-09-16T14:56:13.677+0000] {logging_mixin.py:188} INFO - [2025-09-16T14:56:13.677+0000] {dag.py:3954} INFO - Setting next_dagrun for example_short_circuit_operator to 2025-09-15 00:00:00+00:00, run_after=2025-09-16 00:00:00+00:00
[2025-09-16T14:56:13.706+0000] {processor.py:183} INFO - Processing /home/airflow/.local/lib/python3.12/site-packages/airflow/example_dags/example_short_circuit_operator.py took 0.118 seconds
[2025-09-16T14:56:44.256+0000] {processor.py:161} INFO - Started process (PID=394) to work on /home/airflow/.local/lib/python3.12/site-packages/airflow/example_dags/example_short_circuit_operator.py
[2025-09-16T14:56:44.258+0000] {processor.py:830} INFO - Processing file /home/airflow/.local/lib/python3.12/site-packages/airflow/example_dags/example_short_circuit_operator.py for tasks to queue
[2025-09-16T14:56:44.262+0000] {logging_mixin.py:188} INFO - [2025-09-16T14:56:44.261+0000] {dagbag.py:545} INFO - Filling up the DagBag from /home/airflow/.local/lib/python3.12/site-packages/airflow/example_dags/example_short_circuit_operator.py
[2025-09-16T14:56:44.277+0000] {processor.py:840} INFO - DAG(s) 'example_short_circuit_operator' retrieved from /home/airflow/.local/lib/python3.12/site-packages/airflow/example_dags/example_short_circuit_operator.py
[2025-09-16T14:56:44.318+0000] {logging_mixin.py:188} INFO - [2025-09-16T14:56:44.318+0000] {dag.py:3096} INFO - Sync 1 DAGs
[2025-09-16T14:56:44.357+0000] {logging_mixin.py:188} INFO - [2025-09-16T14:56:44.356+0000] {dag.py:3954} INFO - Setting next_dagrun for example_short_circuit_operator to 2025-09-15 00:00:00+00:00, run_after=2025-09-16 00:00:00+00:00
[2025-09-16T14:56:44.398+0000] {processor.py:183} INFO - Processing /home/airflow/.local/lib/python3.12/site-packages/airflow/example_dags/example_short_circuit_operator.py took 0.152 seconds
[2025-09-16T14:57:15.349+0000] {processor.py:161} INFO - Started process (PID=454) to work on /home/airflow/.local/lib/python3.12/site-packages/airflow/example_dags/example_short_circuit_operator.py
[2025-09-16T14:57:15.351+0000] {processor.py:830} INFO - Processing file /home/airflow/.local/lib/python3.12/site-packages/airflow/example_dags/example_short_circuit_operator.py for tasks to queue
[2025-09-16T14:57:15.354+0000] {logging_mixin.py:188} INFO - [2025-09-16T14:57:15.353+0000] {dagbag.py:545} INFO - Filling up the DagBag from /home/airflow/.local/lib/python3.12/site-packages/airflow/example_dags/example_short_circuit_operator.py
[2025-09-16T14:57:15.364+0000] {processor.py:840} INFO - DAG(s) 'example_short_circuit_operator' retrieved from /home/airflow/.local/lib/python3.12/site-packages/airflow/example_dags/example_short_circuit_operator.py
[2025-09-16T14:57:15.396+0000] {logging_mixin.py:188} INFO - [2025-09-16T14:57:15.396+0000] {dag.py:3096} INFO - Sync 1 DAGs
[2025-09-16T14:57:15.431+0000] {logging_mixin.py:188} INFO - [2025-09-16T14:57:15.431+0000] {dag.py:3954} INFO - Setting next_dagrun for example_short_circuit_operator to 2025-09-15 00:00:00+00:00, run_after=2025-09-16 00:00:00+00:00
[2025-09-16T14:57:15.458+0000] {processor.py:183} INFO - Processing /home/airflow/.local/lib/python3.12/site-packages/airflow/example_dags/example_short_circuit_operator.py took 0.118 seconds
[2025-09-16T14:57:45.521+0000] {processor.py:161} INFO - Started process (PID=512) to work on /home/airflow/.local/lib/python3.12/site-packages/airflow/example_dags/example_short_circuit_operator.py
[2025-09-16T14:57:45.523+0000] {processor.py:830} INFO - Processing file /home/airflow/.local/lib/python3.12/site-packages/airflow/example_dags/example_short_circuit_operator.py for tasks to queue
[2025-09-16T14:57:45.526+0000] {logging_mixin.py:188} INFO - [2025-09-16T14:57:45.525+0000] {dagbag.py:545} INFO - Filling up the DagBag from /home/airflow/.local/lib/python3.12/site-packages/airflow/example_dags/example_short_circuit_operator.py
[2025-09-16T14:57:45.535+0000] {processor.py:840} INFO - DAG(s) 'example_short_circuit_operator' retrieved from /home/airflow/.local/lib/python3.12/site-packages/airflow/example_dags/example_short_circuit_operator.py
[2025-09-16T14:57:45.564+0000] {logging_mixin.py:188} INFO - [2025-09-16T14:57:45.564+0000] {dag.py:3096} INFO - Sync 1 DAGs
[2025-09-16T14:57:45.593+0000] {logging_mixin.py:188} INFO - [2025-09-16T14:57:45.593+0000] {dag.py:3954} INFO - Setting next_dagrun for example_short_circuit_operator to 2025-09-15 00:00:00+00:00, run_after=2025-09-16 00:00:00+00:00
[2025-09-16T14:57:45.619+0000] {processor.py:183} INFO - Processing /home/airflow/.local/lib/python3.12/site-packages/airflow/example_dags/example_short_circuit_operator.py took 0.106 seconds
[2025-09-16T14:58:16.088+0000] {processor.py:161} INFO - Started process (PID=574) to work on /home/airflow/.local/lib/python3.12/site-packages/airflow/example_dags/example_short_circuit_operator.py
[2025-09-16T14:58:16.090+0000] {processor.py:830} INFO - Processing file /home/airflow/.local/lib/python3.12/site-packages/airflow/example_dags/example_short_circuit_operator.py for tasks to queue
[2025-09-16T14:58:16.094+0000] {logging_mixin.py:188} INFO - [2025-09-16T14:58:16.093+0000] {dagbag.py:545} INFO - Filling up the DagBag from /home/airflow/.local/lib/python3.12/site-packages/airflow/example_dags/example_short_circuit_operator.py
[2025-09-16T14:58:16.104+0000] {processor.py:840} INFO - DAG(s) 'example_short_circuit_operator' retrieved from /home/airflow/.local/lib/python3.12/site-packages/airflow/example_dags/example_short_circuit_operator.py
[2025-09-16T14:58:16.138+0000] {logging_mixin.py:188} INFO - [2025-09-16T14:58:16.138+0000] {dag.py:3096} INFO - Sync 1 DAGs
[2025-09-16T14:58:16.167+0000] {logging_mixin.py:188} INFO - [2025-09-16T14:58:16.167+0000] {dag.py:3954} INFO - Setting next_dagrun for example_short_circuit_operator to 2025-09-15 00:00:00+00:00, run_after=2025-09-16 00:00:00+00:00
[2025-09-16T14:58:16.196+0000] {processor.py:183} INFO - Processing /home/airflow/.local/lib/python3.12/site-packages/airflow/example_dags/example_short_circuit_operator.py took 0.116 seconds
[2025-09-16T14:58:46.346+0000] {processor.py:161} INFO - Started process (PID=633) to work on /home/airflow/.local/lib/python3.12/site-packages/airflow/example_dags/example_short_circuit_operator.py
[2025-09-16T14:58:46.348+0000] {processor.py:830} INFO - Processing file /home/airflow/.local/lib/python3.12/site-packages/airflow/example_dags/example_short_circuit_operator.py for tasks to queue
[2025-09-16T14:58:46.350+0000] {logging_mixin.py:188} INFO - [2025-09-16T14:58:46.350+0000] {dagbag.py:545} INFO - Filling up the DagBag from /home/airflow/.local/lib/python3.12/site-packages/airflow/example_dags/example_short_circuit_operator.py
[2025-09-16T14:58:46.358+0000] {processor.py:840} INFO - DAG(s) 'example_short_circuit_operator' retrieved from /home/airflow/.local/lib/python3.12/site-packages/airflow/example_dags/example_short_circuit_operator.py
[2025-09-16T14:58:46.393+0000] {logging_mixin.py:188} INFO - [2025-09-16T14:58:46.393+0000] {dag.py:3096} INFO - Sync 1 DAGs
[2025-09-16T14:58:46.423+0000] {logging_mixin.py:188} INFO - [2025-09-16T14:58:46.423+0000] {dag.py:3954} INFO - Setting next_dagrun for example_short_circuit_operator to 2025-09-15 00:00:00+00:00, run_after=2025-09-16 00:00:00+00:00
[2025-09-16T14:58:46.454+0000] {processor.py:183} INFO - Processing /home/airflow/.local/lib/python3.12/site-packages/airflow/example_dags/example_short_circuit_operator.py took 0.113 seconds
[2025-09-16T14:59:16.749+0000] {processor.py:161} INFO - Started process (PID=693) to work on /home/airflow/.local/lib/python3.12/site-packages/airflow/example_dags/example_short_circuit_operator.py
[2025-09-16T14:59:16.750+0000] {processor.py:830} INFO - Processing file /home/airflow/.local/lib/python3.12/site-packages/airflow/example_dags/example_short_circuit_operator.py for tasks to queue
[2025-09-16T14:59:16.753+0000] {logging_mixin.py:188} INFO - [2025-09-16T14:59:16.752+0000] {dagbag.py:545} INFO - Filling up the DagBag from /home/airflow/.local/lib/python3.12/site-packages/airflow/example_dags/example_short_circuit_operator.py
[2025-09-16T14:59:16.764+0000] {processor.py:840} INFO - DAG(s) 'example_short_circuit_operator' retrieved from /home/airflow/.local/lib/python3.12/site-packages/airflow/example_dags/example_short_circuit_operator.py
[2025-09-16T14:59:16.793+0000] {logging_mixin.py:188} INFO - [2025-09-16T14:59:16.793+0000] {dag.py:3096} INFO - Sync 1 DAGs
[2025-09-16T14:59:16.824+0000] {logging_mixin.py:188} INFO - [2025-09-16T14:59:16.824+0000] {dag.py:3954} INFO - Setting next_dagrun for example_short_circuit_operator to 2025-09-15 00:00:00+00:00, run_after=2025-09-16 00:00:00+00:00
[2025-09-16T14:59:16.858+0000] {processor.py:183} INFO - Processing /home/airflow/.local/lib/python3.12/site-packages/airflow/example_dags/example_short_circuit_operator.py took 0.116 seconds
[2025-09-16T14:59:47.874+0000] {processor.py:161} INFO - Started process (PID=753) to work on /home/airflow/.local/lib/python3.12/site-packages/airflow/example_dags/example_short_circuit_operator.py
[2025-09-16T14:59:47.876+0000] {processor.py:830} INFO - Processing file /home/airflow/.local/lib/python3.12/site-packages/airflow/example_dags/example_short_circuit_operator.py for tasks to queue
[2025-09-16T14:59:47.879+0000] {logging_mixin.py:188} INFO - [2025-09-16T14:59:47.879+0000] {dagbag.py:545} INFO - Filling up the DagBag from /home/airflow/.local/lib/python3.12/site-packages/airflow/example_dags/example_short_circuit_operator.py
[2025-09-16T14:59:47.887+0000] {processor.py:840} INFO - DAG(s) 'example_short_circuit_operator' retrieved from /home/airflow/.local/lib/python3.12/site-packages/airflow/example_dags/example_short_circuit_operator.py
[2025-09-16T14:59:47.922+0000] {logging_mixin.py:188} INFO - [2025-09-16T14:59:47.921+0000] {dag.py:3096} INFO - Sync 1 DAGs
[2025-09-16T14:59:47.954+0000] {logging_mixin.py:188} INFO - [2025-09-16T14:59:47.954+0000] {dag.py:3954} INFO - Setting next_dagrun for example_short_circuit_operator to 2025-09-15 00:00:00+00:00, run_after=2025-09-16 00:00:00+00:00
[2025-09-16T14:59:47.987+0000] {processor.py:183} INFO - Processing /home/airflow/.local/lib/python3.12/site-packages/airflow/example_dags/example_short_circuit_operator.py took 0.118 seconds
[2025-09-16T15:00:18.042+0000] {processor.py:161} INFO - Started process (PID=812) to work on /home/airflow/.local/lib/python3.12/site-packages/airflow/example_dags/example_short_circuit_operator.py
[2025-09-16T15:00:18.044+0000] {processor.py:830} INFO - Processing file /home/airflow/.local/lib/python3.12/site-packages/airflow/example_dags/example_short_circuit_operator.py for tasks to queue
[2025-09-16T15:00:18.046+0000] {logging_mixin.py:188} INFO - [2025-09-16T15:00:18.046+0000] {dagbag.py:545} INFO - Filling up the DagBag from /home/airflow/.local/lib/python3.12/site-packages/airflow/example_dags/example_short_circuit_operator.py
[2025-09-16T15:00:18.054+0000] {processor.py:840} INFO - DAG(s) 'example_short_circuit_operator' retrieved from /home/airflow/.local/lib/python3.12/site-packages/airflow/example_dags/example_short_circuit_operator.py
[2025-09-16T15:00:18.081+0000] {logging_mixin.py:188} INFO - [2025-09-16T15:00:18.080+0000] {dag.py:3096} INFO - Sync 1 DAGs
[2025-09-16T15:00:18.108+0000] {logging_mixin.py:188} INFO - [2025-09-16T15:00:18.108+0000] {dag.py:3954} INFO - Setting next_dagrun for example_short_circuit_operator to 2025-09-15 00:00:00+00:00, run_after=2025-09-16 00:00:00+00:00
[2025-09-16T15:00:18.131+0000] {processor.py:183} INFO - Processing /home/airflow/.local/lib/python3.12/site-packages/airflow/example_dags/example_short_circuit_operator.py took 0.095 seconds
[2025-09-16T15:01:52.140+0000] {processor.py:161} INFO - Started process (PID=94) to work on /home/airflow/.local/lib/python3.12/site-packages/airflow/example_dags/example_short_circuit_operator.py
[2025-09-16T15:01:52.143+0000] {processor.py:830} INFO - Processing file /home/airflow/.local/lib/python3.12/site-packages/airflow/example_dags/example_short_circuit_operator.py for tasks to queue
[2025-09-16T15:01:52.147+0000] {logging_mixin.py:188} INFO - [2025-09-16T15:01:52.146+0000] {dagbag.py:545} INFO - Filling up the DagBag from /home/airflow/.local/lib/python3.12/site-packages/airflow/example_dags/example_short_circuit_operator.py
[2025-09-16T15:01:52.168+0000] {processor.py:840} INFO - DAG(s) 'example_short_circuit_operator' retrieved from /home/airflow/.local/lib/python3.12/site-packages/airflow/example_dags/example_short_circuit_operator.py
[2025-09-16T15:01:52.451+0000] {logging_mixin.py:188} INFO - [2025-09-16T15:01:52.450+0000] {dag.py:3096} INFO - Sync 1 DAGs
[2025-09-16T15:01:52.497+0000] {logging_mixin.py:188} INFO - [2025-09-16T15:01:52.496+0000] {dag.py:3954} INFO - Setting next_dagrun for example_short_circuit_operator to 2025-09-15 00:00:00+00:00, run_after=2025-09-16 00:00:00+00:00
[2025-09-16T15:01:52.545+0000] {processor.py:183} INFO - Processing /home/airflow/.local/lib/python3.12/site-packages/airflow/example_dags/example_short_circuit_operator.py took 0.419 seconds
[2025-09-16T15:02:22.766+0000] {processor.py:161} INFO - Started process (PID=154) to work on /home/airflow/.local/lib/python3.12/site-packages/airflow/example_dags/example_short_circuit_operator.py
[2025-09-16T15:02:22.768+0000] {processor.py:830} INFO - Processing file /home/airflow/.local/lib/python3.12/site-packages/airflow/example_dags/example_short_circuit_operator.py for tasks to queue
[2025-09-16T15:02:22.772+0000] {logging_mixin.py:188} INFO - [2025-09-16T15:02:22.771+0000] {dagbag.py:545} INFO - Filling up the DagBag from /home/airflow/.local/lib/python3.12/site-packages/airflow/example_dags/example_short_circuit_operator.py
[2025-09-16T15:02:22.785+0000] {processor.py:840} INFO - DAG(s) 'example_short_circuit_operator' retrieved from /home/airflow/.local/lib/python3.12/site-packages/airflow/example_dags/example_short_circuit_operator.py
[2025-09-16T15:02:22.804+0000] {logging_mixin.py:188} INFO - [2025-09-16T15:02:22.804+0000] {dag.py:3096} INFO - Sync 1 DAGs
[2025-09-16T15:02:22.847+0000] {logging_mixin.py:188} INFO - [2025-09-16T15:02:22.846+0000] {dag.py:3954} INFO - Setting next_dagrun for example_short_circuit_operator to 2025-09-15 00:00:00+00:00, run_after=2025-09-16 00:00:00+00:00
[2025-09-16T15:02:22.879+0000] {processor.py:183} INFO - Processing /home/airflow/.local/lib/python3.12/site-packages/airflow/example_dags/example_short_circuit_operator.py took 0.123 seconds
[2025-09-16T15:02:53.573+0000] {processor.py:161} INFO - Started process (PID=214) to work on /home/airflow/.local/lib/python3.12/site-packages/airflow/example_dags/example_short_circuit_operator.py
[2025-09-16T15:02:53.575+0000] {processor.py:830} INFO - Processing file /home/airflow/.local/lib/python3.12/site-packages/airflow/example_dags/example_short_circuit_operator.py for tasks to queue
[2025-09-16T15:02:53.579+0000] {logging_mixin.py:188} INFO - [2025-09-16T15:02:53.578+0000] {dagbag.py:545} INFO - Filling up the DagBag from /home/airflow/.local/lib/python3.12/site-packages/airflow/example_dags/example_short_circuit_operator.py
[2025-09-16T15:02:53.591+0000] {processor.py:840} INFO - DAG(s) 'example_short_circuit_operator' retrieved from /home/airflow/.local/lib/python3.12/site-packages/airflow/example_dags/example_short_circuit_operator.py
[2025-09-16T15:02:53.845+0000] {logging_mixin.py:188} INFO - [2025-09-16T15:02:53.845+0000] {dag.py:3096} INFO - Sync 1 DAGs
[2025-09-16T15:02:53.896+0000] {logging_mixin.py:188} INFO - [2025-09-16T15:02:53.895+0000] {dag.py:3954} INFO - Setting next_dagrun for example_short_circuit_operator to 2025-09-15 00:00:00+00:00, run_after=2025-09-16 00:00:00+00:00
[2025-09-16T15:02:53.945+0000] {processor.py:183} INFO - Processing /home/airflow/.local/lib/python3.12/site-packages/airflow/example_dags/example_short_circuit_operator.py took 0.380 seconds
[2025-09-16T15:03:24.051+0000] {processor.py:161} INFO - Started process (PID=274) to work on /home/airflow/.local/lib/python3.12/site-packages/airflow/example_dags/example_short_circuit_operator.py
[2025-09-16T15:03:24.053+0000] {processor.py:830} INFO - Processing file /home/airflow/.local/lib/python3.12/site-packages/airflow/example_dags/example_short_circuit_operator.py for tasks to queue
[2025-09-16T15:03:24.056+0000] {logging_mixin.py:188} INFO - [2025-09-16T15:03:24.055+0000] {dagbag.py:545} INFO - Filling up the DagBag from /home/airflow/.local/lib/python3.12/site-packages/airflow/example_dags/example_short_circuit_operator.py
[2025-09-16T15:03:24.067+0000] {processor.py:840} INFO - DAG(s) 'example_short_circuit_operator' retrieved from /home/airflow/.local/lib/python3.12/site-packages/airflow/example_dags/example_short_circuit_operator.py
[2025-09-16T15:03:24.103+0000] {logging_mixin.py:188} INFO - [2025-09-16T15:03:24.102+0000] {dag.py:3096} INFO - Sync 1 DAGs
[2025-09-16T15:03:24.134+0000] {logging_mixin.py:188} INFO - [2025-09-16T15:03:24.134+0000] {dag.py:3954} INFO - Setting next_dagrun for example_short_circuit_operator to 2025-09-15 00:00:00+00:00, run_after=2025-09-16 00:00:00+00:00
[2025-09-16T15:03:24.162+0000] {processor.py:183} INFO - Processing /home/airflow/.local/lib/python3.12/site-packages/airflow/example_dags/example_short_circuit_operator.py took 0.120 seconds
[2025-09-16T15:03:55.099+0000] {processor.py:161} INFO - Started process (PID=334) to work on /home/airflow/.local/lib/python3.12/site-packages/airflow/example_dags/example_short_circuit_operator.py
[2025-09-16T15:03:55.100+0000] {processor.py:830} INFO - Processing file /home/airflow/.local/lib/python3.12/site-packages/airflow/example_dags/example_short_circuit_operator.py for tasks to queue
[2025-09-16T15:03:55.104+0000] {logging_mixin.py:188} INFO - [2025-09-16T15:03:55.103+0000] {dagbag.py:545} INFO - Filling up the DagBag from /home/airflow/.local/lib/python3.12/site-packages/airflow/example_dags/example_short_circuit_operator.py
[2025-09-16T15:03:55.116+0000] {processor.py:840} INFO - DAG(s) 'example_short_circuit_operator' retrieved from /home/airflow/.local/lib/python3.12/site-packages/airflow/example_dags/example_short_circuit_operator.py
[2025-09-16T15:03:55.152+0000] {logging_mixin.py:188} INFO - [2025-09-16T15:03:55.151+0000] {dag.py:3096} INFO - Sync 1 DAGs
[2025-09-16T15:03:55.189+0000] {logging_mixin.py:188} INFO - [2025-09-16T15:03:55.188+0000] {dag.py:3954} INFO - Setting next_dagrun for example_short_circuit_operator to 2025-09-15 00:00:00+00:00, run_after=2025-09-16 00:00:00+00:00
[2025-09-16T15:03:55.220+0000] {processor.py:183} INFO - Processing /home/airflow/.local/lib/python3.12/site-packages/airflow/example_dags/example_short_circuit_operator.py took 0.131 seconds
[2025-09-16T15:04:26.093+0000] {processor.py:161} INFO - Started process (PID=394) to work on /home/airflow/.local/lib/python3.12/site-packages/airflow/example_dags/example_short_circuit_operator.py
[2025-09-16T15:04:26.094+0000] {processor.py:830} INFO - Processing file /home/airflow/.local/lib/python3.12/site-packages/airflow/example_dags/example_short_circuit_operator.py for tasks to queue
[2025-09-16T15:04:26.097+0000] {logging_mixin.py:188} INFO - [2025-09-16T15:04:26.097+0000] {dagbag.py:545} INFO - Filling up the DagBag from /home/airflow/.local/lib/python3.12/site-packages/airflow/example_dags/example_short_circuit_operator.py
[2025-09-16T15:04:26.108+0000] {processor.py:840} INFO - DAG(s) 'example_short_circuit_operator' retrieved from /home/airflow/.local/lib/python3.12/site-packages/airflow/example_dags/example_short_circuit_operator.py
[2025-09-16T15:04:26.145+0000] {logging_mixin.py:188} INFO - [2025-09-16T15:04:26.145+0000] {dag.py:3096} INFO - Sync 1 DAGs
[2025-09-16T15:04:26.179+0000] {logging_mixin.py:188} INFO - [2025-09-16T15:04:26.179+0000] {dag.py:3954} INFO - Setting next_dagrun for example_short_circuit_operator to 2025-09-15 00:00:00+00:00, run_after=2025-09-16 00:00:00+00:00
[2025-09-16T15:04:26.212+0000] {processor.py:183} INFO - Processing /home/airflow/.local/lib/python3.12/site-packages/airflow/example_dags/example_short_circuit_operator.py took 0.128 seconds
[2025-09-16T15:04:57.077+0000] {processor.py:161} INFO - Started process (PID=454) to work on /home/airflow/.local/lib/python3.12/site-packages/airflow/example_dags/example_short_circuit_operator.py
[2025-09-16T15:04:57.079+0000] {processor.py:830} INFO - Processing file /home/airflow/.local/lib/python3.12/site-packages/airflow/example_dags/example_short_circuit_operator.py for tasks to queue
[2025-09-16T15:04:57.083+0000] {logging_mixin.py:188} INFO - [2025-09-16T15:04:57.083+0000] {dagbag.py:545} INFO - Filling up the DagBag from /home/airflow/.local/lib/python3.12/site-packages/airflow/example_dags/example_short_circuit_operator.py
[2025-09-16T15:04:57.094+0000] {processor.py:840} INFO - DAG(s) 'example_short_circuit_operator' retrieved from /home/airflow/.local/lib/python3.12/site-packages/airflow/example_dags/example_short_circuit_operator.py
[2025-09-16T15:04:57.129+0000] {logging_mixin.py:188} INFO - [2025-09-16T15:04:57.129+0000] {dag.py:3096} INFO - Sync 1 DAGs
[2025-09-16T15:04:57.161+0000] {logging_mixin.py:188} INFO - [2025-09-16T15:04:57.160+0000] {dag.py:3954} INFO - Setting next_dagrun for example_short_circuit_operator to 2025-09-15 00:00:00+00:00, run_after=2025-09-16 00:00:00+00:00
[2025-09-16T15:04:57.189+0000] {processor.py:183} INFO - Processing /home/airflow/.local/lib/python3.12/site-packages/airflow/example_dags/example_short_circuit_operator.py took 0.123 seconds
[2025-09-16T15:05:27.665+0000] {processor.py:161} INFO - Started process (PID=513) to work on /home/airflow/.local/lib/python3.12/site-packages/airflow/example_dags/example_short_circuit_operator.py
[2025-09-16T15:05:27.667+0000] {processor.py:830} INFO - Processing file /home/airflow/.local/lib/python3.12/site-packages/airflow/example_dags/example_short_circuit_operator.py for tasks to queue
[2025-09-16T15:05:27.670+0000] {logging_mixin.py:188} INFO - [2025-09-16T15:05:27.669+0000] {dagbag.py:545} INFO - Filling up the DagBag from /home/airflow/.local/lib/python3.12/site-packages/airflow/example_dags/example_short_circuit_operator.py
[2025-09-16T15:05:27.679+0000] {processor.py:840} INFO - DAG(s) 'example_short_circuit_operator' retrieved from /home/airflow/.local/lib/python3.12/site-packages/airflow/example_dags/example_short_circuit_operator.py
[2025-09-16T15:05:27.716+0000] {logging_mixin.py:188} INFO - [2025-09-16T15:05:27.715+0000] {dag.py:3096} INFO - Sync 1 DAGs
[2025-09-16T15:05:27.758+0000] {logging_mixin.py:188} INFO - [2025-09-16T15:05:27.758+0000] {dag.py:3954} INFO - Setting next_dagrun for example_short_circuit_operator to 2025-09-15 00:00:00+00:00, run_after=2025-09-16 00:00:00+00:00
[2025-09-16T15:05:27.795+0000] {processor.py:183} INFO - Processing /home/airflow/.local/lib/python3.12/site-packages/airflow/example_dags/example_short_circuit_operator.py took 0.137 seconds
[2025-09-16T15:05:58.022+0000] {processor.py:161} INFO - Started process (PID=572) to work on /home/airflow/.local/lib/python3.12/site-packages/airflow/example_dags/example_short_circuit_operator.py
[2025-09-16T15:05:58.023+0000] {processor.py:830} INFO - Processing file /home/airflow/.local/lib/python3.12/site-packages/airflow/example_dags/example_short_circuit_operator.py for tasks to queue
[2025-09-16T15:05:58.025+0000] {logging_mixin.py:188} INFO - [2025-09-16T15:05:58.025+0000] {dagbag.py:545} INFO - Filling up the DagBag from /home/airflow/.local/lib/python3.12/site-packages/airflow/example_dags/example_short_circuit_operator.py
[2025-09-16T15:05:58.033+0000] {processor.py:840} INFO - DAG(s) 'example_short_circuit_operator' retrieved from /home/airflow/.local/lib/python3.12/site-packages/airflow/example_dags/example_short_circuit_operator.py
[2025-09-16T15:05:58.060+0000] {logging_mixin.py:188} INFO - [2025-09-16T15:05:58.059+0000] {dag.py:3096} INFO - Sync 1 DAGs
[2025-09-16T15:05:58.087+0000] {logging_mixin.py:188} INFO - [2025-09-16T15:05:58.086+0000] {dag.py:3954} INFO - Setting next_dagrun for example_short_circuit_operator to 2025-09-15 00:00:00+00:00, run_after=2025-09-16 00:00:00+00:00
[2025-09-16T15:05:58.118+0000] {processor.py:183} INFO - Processing /home/airflow/.local/lib/python3.12/site-packages/airflow/example_dags/example_short_circuit_operator.py took 0.102 seconds
[2025-09-16T15:06:28.734+0000] {processor.py:161} INFO - Started process (PID=632) to work on /home/airflow/.local/lib/python3.12/site-packages/airflow/example_dags/example_short_circuit_operator.py
[2025-09-16T15:06:28.735+0000] {processor.py:830} INFO - Processing file /home/airflow/.local/lib/python3.12/site-packages/airflow/example_dags/example_short_circuit_operator.py for tasks to queue
[2025-09-16T15:06:28.737+0000] {logging_mixin.py:188} INFO - [2025-09-16T15:06:28.737+0000] {dagbag.py:545} INFO - Filling up the DagBag from /home/airflow/.local/lib/python3.12/site-packages/airflow/example_dags/example_short_circuit_operator.py
[2025-09-16T15:06:28.745+0000] {processor.py:840} INFO - DAG(s) 'example_short_circuit_operator' retrieved from /home/airflow/.local/lib/python3.12/site-packages/airflow/example_dags/example_short_circuit_operator.py
[2025-09-16T15:06:28.771+0000] {logging_mixin.py:188} INFO - [2025-09-16T15:06:28.771+0000] {dag.py:3096} INFO - Sync 1 DAGs
[2025-09-16T15:06:28.800+0000] {logging_mixin.py:188} INFO - [2025-09-16T15:06:28.800+0000] {dag.py:3954} INFO - Setting next_dagrun for example_short_circuit_operator to 2025-09-15 00:00:00+00:00, run_after=2025-09-16 00:00:00+00:00
[2025-09-16T15:06:28.829+0000] {processor.py:183} INFO - Processing /home/airflow/.local/lib/python3.12/site-packages/airflow/example_dags/example_short_circuit_operator.py took 0.101 seconds
[2025-09-16T15:06:59.193+0000] {processor.py:161} INFO - Started process (PID=691) to work on /home/airflow/.local/lib/python3.12/site-packages/airflow/example_dags/example_short_circuit_operator.py
[2025-09-16T15:06:59.194+0000] {processor.py:830} INFO - Processing file /home/airflow/.local/lib/python3.12/site-packages/airflow/example_dags/example_short_circuit_operator.py for tasks to queue
[2025-09-16T15:06:59.196+0000] {logging_mixin.py:188} INFO - [2025-09-16T15:06:59.196+0000] {dagbag.py:545} INFO - Filling up the DagBag from /home/airflow/.local/lib/python3.12/site-packages/airflow/example_dags/example_short_circuit_operator.py
[2025-09-16T15:06:59.203+0000] {processor.py:840} INFO - DAG(s) 'example_short_circuit_operator' retrieved from /home/airflow/.local/lib/python3.12/site-packages/airflow/example_dags/example_short_circuit_operator.py
[2025-09-16T15:06:59.228+0000] {logging_mixin.py:188} INFO - [2025-09-16T15:06:59.228+0000] {dag.py:3096} INFO - Sync 1 DAGs
[2025-09-16T15:06:59.252+0000] {logging_mixin.py:188} INFO - [2025-09-16T15:06:59.251+0000] {dag.py:3954} INFO - Setting next_dagrun for example_short_circuit_operator to 2025-09-15 00:00:00+00:00, run_after=2025-09-16 00:00:00+00:00
[2025-09-16T15:06:59.275+0000] {processor.py:183} INFO - Processing /home/airflow/.local/lib/python3.12/site-packages/airflow/example_dags/example_short_circuit_operator.py took 0.088 seconds
[2025-09-16T15:07:29.378+0000] {processor.py:161} INFO - Started process (PID=751) to work on /home/airflow/.local/lib/python3.12/site-packages/airflow/example_dags/example_short_circuit_operator.py
[2025-09-16T15:07:29.380+0000] {processor.py:830} INFO - Processing file /home/airflow/.local/lib/python3.12/site-packages/airflow/example_dags/example_short_circuit_operator.py for tasks to queue
[2025-09-16T15:07:29.383+0000] {logging_mixin.py:188} INFO - [2025-09-16T15:07:29.382+0000] {dagbag.py:545} INFO - Filling up the DagBag from /home/airflow/.local/lib/python3.12/site-packages/airflow/example_dags/example_short_circuit_operator.py
[2025-09-16T15:07:29.392+0000] {processor.py:840} INFO - DAG(s) 'example_short_circuit_operator' retrieved from /home/airflow/.local/lib/python3.12/site-packages/airflow/example_dags/example_short_circuit_operator.py
[2025-09-16T15:07:29.422+0000] {logging_mixin.py:188} INFO - [2025-09-16T15:07:29.422+0000] {dag.py:3096} INFO - Sync 1 DAGs
[2025-09-16T15:07:29.451+0000] {logging_mixin.py:188} INFO - [2025-09-16T15:07:29.450+0000] {dag.py:3954} INFO - Setting next_dagrun for example_short_circuit_operator to 2025-09-15 00:00:00+00:00, run_after=2025-09-16 00:00:00+00:00
[2025-09-16T15:07:29.473+0000] {processor.py:183} INFO - Processing /home/airflow/.local/lib/python3.12/site-packages/airflow/example_dags/example_short_circuit_operator.py took 0.103 seconds
[2025-09-16T15:07:59.672+0000] {processor.py:161} INFO - Started process (PID=811) to work on /home/airflow/.local/lib/python3.12/site-packages/airflow/example_dags/example_short_circuit_operator.py
[2025-09-16T15:07:59.674+0000] {processor.py:830} INFO - Processing file /home/airflow/.local/lib/python3.12/site-packages/airflow/example_dags/example_short_circuit_operator.py for tasks to queue
[2025-09-16T15:07:59.677+0000] {logging_mixin.py:188} INFO - [2025-09-16T15:07:59.676+0000] {dagbag.py:545} INFO - Filling up the DagBag from /home/airflow/.local/lib/python3.12/site-packages/airflow/example_dags/example_short_circuit_operator.py
[2025-09-16T15:07:59.689+0000] {processor.py:840} INFO - DAG(s) 'example_short_circuit_operator' retrieved from /home/airflow/.local/lib/python3.12/site-packages/airflow/example_dags/example_short_circuit_operator.py
[2025-09-16T15:07:59.727+0000] {logging_mixin.py:188} INFO - [2025-09-16T15:07:59.727+0000] {dag.py:3096} INFO - Sync 1 DAGs
[2025-09-16T15:07:59.763+0000] {logging_mixin.py:188} INFO - [2025-09-16T15:07:59.762+0000] {dag.py:3954} INFO - Setting next_dagrun for example_short_circuit_operator to 2025-09-15 00:00:00+00:00, run_after=2025-09-16 00:00:00+00:00
[2025-09-16T15:07:59.795+0000] {processor.py:183} INFO - Processing /home/airflow/.local/lib/python3.12/site-packages/airflow/example_dags/example_short_circuit_operator.py took 0.132 seconds
[2025-09-16T15:08:30.136+0000] {processor.py:161} INFO - Started process (PID=871) to work on /home/airflow/.local/lib/python3.12/site-packages/airflow/example_dags/example_short_circuit_operator.py
[2025-09-16T15:08:30.137+0000] {processor.py:830} INFO - Processing file /home/airflow/.local/lib/python3.12/site-packages/airflow/example_dags/example_short_circuit_operator.py for tasks to queue
[2025-09-16T15:08:30.140+0000] {logging_mixin.py:188} INFO - [2025-09-16T15:08:30.139+0000] {dagbag.py:545} INFO - Filling up the DagBag from /home/airflow/.local/lib/python3.12/site-packages/airflow/example_dags/example_short_circuit_operator.py
[2025-09-16T15:08:30.151+0000] {processor.py:840} INFO - DAG(s) 'example_short_circuit_operator' retrieved from /home/airflow/.local/lib/python3.12/site-packages/airflow/example_dags/example_short_circuit_operator.py
[2025-09-16T15:08:30.191+0000] {logging_mixin.py:188} INFO - [2025-09-16T15:08:30.190+0000] {dag.py:3096} INFO - Sync 1 DAGs
[2025-09-16T15:08:30.229+0000] {logging_mixin.py:188} INFO - [2025-09-16T15:08:30.229+0000] {dag.py:3954} INFO - Setting next_dagrun for example_short_circuit_operator to 2025-09-15 00:00:00+00:00, run_after=2025-09-16 00:00:00+00:00
[2025-09-16T15:08:30.270+0000] {processor.py:183} INFO - Processing /home/airflow/.local/lib/python3.12/site-packages/airflow/example_dags/example_short_circuit_operator.py took 0.143 seconds
[2025-09-16T15:09:00.556+0000] {processor.py:161} INFO - Started process (PID=931) to work on /home/airflow/.local/lib/python3.12/site-packages/airflow/example_dags/example_short_circuit_operator.py
[2025-09-16T15:09:00.558+0000] {processor.py:830} INFO - Processing file /home/airflow/.local/lib/python3.12/site-packages/airflow/example_dags/example_short_circuit_operator.py for tasks to queue
[2025-09-16T15:09:00.563+0000] {logging_mixin.py:188} INFO - [2025-09-16T15:09:00.562+0000] {dagbag.py:545} INFO - Filling up the DagBag from /home/airflow/.local/lib/python3.12/site-packages/airflow/example_dags/example_short_circuit_operator.py
[2025-09-16T15:09:00.574+0000] {processor.py:840} INFO - DAG(s) 'example_short_circuit_operator' retrieved from /home/airflow/.local/lib/python3.12/site-packages/airflow/example_dags/example_short_circuit_operator.py
[2025-09-16T15:09:00.609+0000] {logging_mixin.py:188} INFO - [2025-09-16T15:09:00.609+0000] {dag.py:3096} INFO - Sync 1 DAGs
[2025-09-16T15:09:00.640+0000] {logging_mixin.py:188} INFO - [2025-09-16T15:09:00.640+0000] {dag.py:3954} INFO - Setting next_dagrun for example_short_circuit_operator to 2025-09-15 00:00:00+00:00, run_after=2025-09-16 00:00:00+00:00
[2025-09-16T15:09:00.668+0000] {processor.py:183} INFO - Processing /home/airflow/.local/lib/python3.12/site-packages/airflow/example_dags/example_short_circuit_operator.py took 0.121 seconds
[2025-09-16T15:09:31.521+0000] {processor.py:161} INFO - Started process (PID=991) to work on /home/airflow/.local/lib/python3.12/site-packages/airflow/example_dags/example_short_circuit_operator.py
[2025-09-16T15:09:31.523+0000] {processor.py:830} INFO - Processing file /home/airflow/.local/lib/python3.12/site-packages/airflow/example_dags/example_short_circuit_operator.py for tasks to queue
[2025-09-16T15:09:31.526+0000] {logging_mixin.py:188} INFO - [2025-09-16T15:09:31.525+0000] {dagbag.py:545} INFO - Filling up the DagBag from /home/airflow/.local/lib/python3.12/site-packages/airflow/example_dags/example_short_circuit_operator.py
[2025-09-16T15:09:31.535+0000] {processor.py:840} INFO - DAG(s) 'example_short_circuit_operator' retrieved from /home/airflow/.local/lib/python3.12/site-packages/airflow/example_dags/example_short_circuit_operator.py
[2025-09-16T15:09:31.563+0000] {logging_mixin.py:188} INFO - [2025-09-16T15:09:31.563+0000] {dag.py:3096} INFO - Sync 1 DAGs
[2025-09-16T15:09:31.589+0000] {logging_mixin.py:188} INFO - [2025-09-16T15:09:31.589+0000] {dag.py:3954} INFO - Setting next_dagrun for example_short_circuit_operator to 2025-09-15 00:00:00+00:00, run_after=2025-09-16 00:00:00+00:00
[2025-09-16T15:09:31.614+0000] {processor.py:183} INFO - Processing /home/airflow/.local/lib/python3.12/site-packages/airflow/example_dags/example_short_circuit_operator.py took 0.101 seconds
[2025-09-16T15:10:02.050+0000] {processor.py:161} INFO - Started process (PID=1051) to work on /home/airflow/.local/lib/python3.12/site-packages/airflow/example_dags/example_short_circuit_operator.py
[2025-09-16T15:10:02.052+0000] {processor.py:830} INFO - Processing file /home/airflow/.local/lib/python3.12/site-packages/airflow/example_dags/example_short_circuit_operator.py for tasks to queue
[2025-09-16T15:10:02.056+0000] {logging_mixin.py:188} INFO - [2025-09-16T15:10:02.055+0000] {dagbag.py:545} INFO - Filling up the DagBag from /home/airflow/.local/lib/python3.12/site-packages/airflow/example_dags/example_short_circuit_operator.py
[2025-09-16T15:10:02.067+0000] {processor.py:840} INFO - DAG(s) 'example_short_circuit_operator' retrieved from /home/airflow/.local/lib/python3.12/site-packages/airflow/example_dags/example_short_circuit_operator.py
[2025-09-16T15:10:02.099+0000] {logging_mixin.py:188} INFO - [2025-09-16T15:10:02.099+0000] {dag.py:3096} INFO - Sync 1 DAGs
[2025-09-16T15:10:02.128+0000] {logging_mixin.py:188} INFO - [2025-09-16T15:10:02.128+0000] {dag.py:3954} INFO - Setting next_dagrun for example_short_circuit_operator to 2025-09-15 00:00:00+00:00, run_after=2025-09-16 00:00:00+00:00
[2025-09-16T15:10:02.154+0000] {processor.py:183} INFO - Processing /home/airflow/.local/lib/python3.12/site-packages/airflow/example_dags/example_short_circuit_operator.py took 0.111 seconds
[2025-09-16T15:10:32.516+0000] {processor.py:161} INFO - Started process (PID=1111) to work on /home/airflow/.local/lib/python3.12/site-packages/airflow/example_dags/example_short_circuit_operator.py
[2025-09-16T15:10:32.517+0000] {processor.py:830} INFO - Processing file /home/airflow/.local/lib/python3.12/site-packages/airflow/example_dags/example_short_circuit_operator.py for tasks to queue
[2025-09-16T15:10:32.519+0000] {logging_mixin.py:188} INFO - [2025-09-16T15:10:32.519+0000] {dagbag.py:545} INFO - Filling up the DagBag from /home/airflow/.local/lib/python3.12/site-packages/airflow/example_dags/example_short_circuit_operator.py
[2025-09-16T15:10:32.526+0000] {processor.py:840} INFO - DAG(s) 'example_short_circuit_operator' retrieved from /home/airflow/.local/lib/python3.12/site-packages/airflow/example_dags/example_short_circuit_operator.py
[2025-09-16T15:10:32.554+0000] {logging_mixin.py:188} INFO - [2025-09-16T15:10:32.554+0000] {dag.py:3096} INFO - Sync 1 DAGs
[2025-09-16T15:10:32.581+0000] {logging_mixin.py:188} INFO - [2025-09-16T15:10:32.581+0000] {dag.py:3954} INFO - Setting next_dagrun for example_short_circuit_operator to 2025-09-15 00:00:00+00:00, run_after=2025-09-16 00:00:00+00:00
[2025-09-16T15:10:32.631+0000] {processor.py:183} INFO - Processing /home/airflow/.local/lib/python3.12/site-packages/airflow/example_dags/example_short_circuit_operator.py took 0.121 seconds
[2025-09-16T15:11:02.928+0000] {processor.py:161} INFO - Started process (PID=1171) to work on /home/airflow/.local/lib/python3.12/site-packages/airflow/example_dags/example_short_circuit_operator.py
[2025-09-16T15:11:02.930+0000] {processor.py:830} INFO - Processing file /home/airflow/.local/lib/python3.12/site-packages/airflow/example_dags/example_short_circuit_operator.py for tasks to queue
[2025-09-16T15:11:02.932+0000] {logging_mixin.py:188} INFO - [2025-09-16T15:11:02.932+0000] {dagbag.py:545} INFO - Filling up the DagBag from /home/airflow/.local/lib/python3.12/site-packages/airflow/example_dags/example_short_circuit_operator.py
[2025-09-16T15:11:02.942+0000] {processor.py:840} INFO - DAG(s) 'example_short_circuit_operator' retrieved from /home/airflow/.local/lib/python3.12/site-packages/airflow/example_dags/example_short_circuit_operator.py
[2025-09-16T15:11:02.972+0000] {logging_mixin.py:188} INFO - [2025-09-16T15:11:02.972+0000] {dag.py:3096} INFO - Sync 1 DAGs
[2025-09-16T15:11:03.001+0000] {logging_mixin.py:188} INFO - [2025-09-16T15:11:03.001+0000] {dag.py:3954} INFO - Setting next_dagrun for example_short_circuit_operator to 2025-09-15 00:00:00+00:00, run_after=2025-09-16 00:00:00+00:00
[2025-09-16T15:11:03.026+0000] {processor.py:183} INFO - Processing /home/airflow/.local/lib/python3.12/site-packages/airflow/example_dags/example_short_circuit_operator.py took 0.106 seconds
[2025-09-16T15:11:33.388+0000] {processor.py:161} INFO - Started process (PID=1230) to work on /home/airflow/.local/lib/python3.12/site-packages/airflow/example_dags/example_short_circuit_operator.py
[2025-09-16T15:11:33.389+0000] {processor.py:830} INFO - Processing file /home/airflow/.local/lib/python3.12/site-packages/airflow/example_dags/example_short_circuit_operator.py for tasks to queue
[2025-09-16T15:11:33.392+0000] {logging_mixin.py:188} INFO - [2025-09-16T15:11:33.392+0000] {dagbag.py:545} INFO - Filling up the DagBag from /home/airflow/.local/lib/python3.12/site-packages/airflow/example_dags/example_short_circuit_operator.py
[2025-09-16T15:11:33.402+0000] {processor.py:840} INFO - DAG(s) 'example_short_circuit_operator' retrieved from /home/airflow/.local/lib/python3.12/site-packages/airflow/example_dags/example_short_circuit_operator.py
[2025-09-16T15:11:33.432+0000] {logging_mixin.py:188} INFO - [2025-09-16T15:11:33.432+0000] {dag.py:3096} INFO - Sync 1 DAGs
[2025-09-16T15:11:33.460+0000] {logging_mixin.py:188} INFO - [2025-09-16T15:11:33.459+0000] {dag.py:3954} INFO - Setting next_dagrun for example_short_circuit_operator to 2025-09-15 00:00:00+00:00, run_after=2025-09-16 00:00:00+00:00
[2025-09-16T15:11:33.511+0000] {processor.py:183} INFO - Processing /home/airflow/.local/lib/python3.12/site-packages/airflow/example_dags/example_short_circuit_operator.py took 0.130 seconds
[2025-09-16T15:12:03.825+0000] {processor.py:161} INFO - Started process (PID=1290) to work on /home/airflow/.local/lib/python3.12/site-packages/airflow/example_dags/example_short_circuit_operator.py
[2025-09-16T15:12:03.826+0000] {processor.py:830} INFO - Processing file /home/airflow/.local/lib/python3.12/site-packages/airflow/example_dags/example_short_circuit_operator.py for tasks to queue
[2025-09-16T15:12:03.830+0000] {logging_mixin.py:188} INFO - [2025-09-16T15:12:03.829+0000] {dagbag.py:545} INFO - Filling up the DagBag from /home/airflow/.local/lib/python3.12/site-packages/airflow/example_dags/example_short_circuit_operator.py
[2025-09-16T15:12:03.841+0000] {processor.py:840} INFO - DAG(s) 'example_short_circuit_operator' retrieved from /home/airflow/.local/lib/python3.12/site-packages/airflow/example_dags/example_short_circuit_operator.py
[2025-09-16T15:12:03.875+0000] {logging_mixin.py:188} INFO - [2025-09-16T15:12:03.874+0000] {dag.py:3096} INFO - Sync 1 DAGs
[2025-09-16T15:12:03.906+0000] {logging_mixin.py:188} INFO - [2025-09-16T15:12:03.906+0000] {dag.py:3954} INFO - Setting next_dagrun for example_short_circuit_operator to 2025-09-15 00:00:00+00:00, run_after=2025-09-16 00:00:00+00:00
[2025-09-16T15:12:03.972+0000] {processor.py:183} INFO - Processing /home/airflow/.local/lib/python3.12/site-packages/airflow/example_dags/example_short_circuit_operator.py took 0.158 seconds
[2025-09-16T15:12:34.647+0000] {processor.py:161} INFO - Started process (PID=1350) to work on /home/airflow/.local/lib/python3.12/site-packages/airflow/example_dags/example_short_circuit_operator.py
[2025-09-16T15:12:34.649+0000] {processor.py:830} INFO - Processing file /home/airflow/.local/lib/python3.12/site-packages/airflow/example_dags/example_short_circuit_operator.py for tasks to queue
[2025-09-16T15:12:34.652+0000] {logging_mixin.py:188} INFO - [2025-09-16T15:12:34.651+0000] {dagbag.py:545} INFO - Filling up the DagBag from /home/airflow/.local/lib/python3.12/site-packages/airflow/example_dags/example_short_circuit_operator.py
[2025-09-16T15:12:34.661+0000] {processor.py:840} INFO - DAG(s) 'example_short_circuit_operator' retrieved from /home/airflow/.local/lib/python3.12/site-packages/airflow/example_dags/example_short_circuit_operator.py
[2025-09-16T15:12:34.694+0000] {logging_mixin.py:188} INFO - [2025-09-16T15:12:34.693+0000] {dag.py:3096} INFO - Sync 1 DAGs
[2025-09-16T15:12:34.723+0000] {logging_mixin.py:188} INFO - [2025-09-16T15:12:34.723+0000] {dag.py:3954} INFO - Setting next_dagrun for example_short_circuit_operator to 2025-09-15 00:00:00+00:00, run_after=2025-09-16 00:00:00+00:00
[2025-09-16T15:12:34.751+0000] {processor.py:183} INFO - Processing /home/airflow/.local/lib/python3.12/site-packages/airflow/example_dags/example_short_circuit_operator.py took 0.112 seconds
[2025-09-16T15:13:05.304+0000] {processor.py:161} INFO - Started process (PID=1410) to work on /home/airflow/.local/lib/python3.12/site-packages/airflow/example_dags/example_short_circuit_operator.py
[2025-09-16T15:13:05.306+0000] {processor.py:830} INFO - Processing file /home/airflow/.local/lib/python3.12/site-packages/airflow/example_dags/example_short_circuit_operator.py for tasks to queue
[2025-09-16T15:13:05.309+0000] {logging_mixin.py:188} INFO - [2025-09-16T15:13:05.308+0000] {dagbag.py:545} INFO - Filling up the DagBag from /home/airflow/.local/lib/python3.12/site-packages/airflow/example_dags/example_short_circuit_operator.py
[2025-09-16T15:13:05.320+0000] {processor.py:840} INFO - DAG(s) 'example_short_circuit_operator' retrieved from /home/airflow/.local/lib/python3.12/site-packages/airflow/example_dags/example_short_circuit_operator.py
[2025-09-16T15:13:05.356+0000] {logging_mixin.py:188} INFO - [2025-09-16T15:13:05.356+0000] {dag.py:3096} INFO - Sync 1 DAGs
[2025-09-16T15:13:05.388+0000] {logging_mixin.py:188} INFO - [2025-09-16T15:13:05.388+0000] {dag.py:3954} INFO - Setting next_dagrun for example_short_circuit_operator to 2025-09-15 00:00:00+00:00, run_after=2025-09-16 00:00:00+00:00
[2025-09-16T15:13:05.430+0000] {processor.py:183} INFO - Processing /home/airflow/.local/lib/python3.12/site-packages/airflow/example_dags/example_short_circuit_operator.py took 0.137 seconds
[2025-09-16T15:13:35.737+0000] {processor.py:161} INFO - Started process (PID=1470) to work on /home/airflow/.local/lib/python3.12/site-packages/airflow/example_dags/example_short_circuit_operator.py
[2025-09-16T15:13:35.739+0000] {processor.py:830} INFO - Processing file /home/airflow/.local/lib/python3.12/site-packages/airflow/example_dags/example_short_circuit_operator.py for tasks to queue
[2025-09-16T15:13:35.742+0000] {logging_mixin.py:188} INFO - [2025-09-16T15:13:35.742+0000] {dagbag.py:545} INFO - Filling up the DagBag from /home/airflow/.local/lib/python3.12/site-packages/airflow/example_dags/example_short_circuit_operator.py
[2025-09-16T15:13:35.754+0000] {processor.py:840} INFO - DAG(s) 'example_short_circuit_operator' retrieved from /home/airflow/.local/lib/python3.12/site-packages/airflow/example_dags/example_short_circuit_operator.py
[2025-09-16T15:13:35.793+0000] {logging_mixin.py:188} INFO - [2025-09-16T15:13:35.793+0000] {dag.py:3096} INFO - Sync 1 DAGs
[2025-09-16T15:13:35.827+0000] {logging_mixin.py:188} INFO - [2025-09-16T15:13:35.826+0000] {dag.py:3954} INFO - Setting next_dagrun for example_short_circuit_operator to 2025-09-15 00:00:00+00:00, run_after=2025-09-16 00:00:00+00:00
[2025-09-16T15:13:35.857+0000] {processor.py:183} INFO - Processing /home/airflow/.local/lib/python3.12/site-packages/airflow/example_dags/example_short_circuit_operator.py took 0.128 seconds
