[2025-09-16T14:08:01.137+0000] {processor.py:161} INFO - Started process (PID=169) to work on /home/airflow/.local/lib/python3.12/site-packages/airflow/example_dags/example_short_circuit_decorator.py
[2025-09-16T14:08:01.146+0000] {processor.py:830} INFO - Processing file /home/airflow/.local/lib/python3.12/site-packages/airflow/example_dags/example_short_circuit_decorator.py for tasks to queue
[2025-09-16T14:08:01.168+0000] {logging_mixin.py:188} INFO - [2025-09-16T14:08:01.166+0000] {dagbag.py:545} INFO - Filling up the DagBag from /home/airflow/.local/lib/python3.12/site-packages/airflow/example_dags/example_short_circuit_decorator.py
[2025-09-16T14:08:01.223+0000] {processor.py:840} INFO - DAG(s) 'example_short_circuit_decorator' retrieved from /home/airflow/.local/lib/python3.12/site-packages/airflow/example_dags/example_short_circuit_decorator.py
[2025-09-16T14:08:01.273+0000] {logging_mixin.py:188} INFO - [2025-09-16T14:08:01.273+0000] {dag.py:3096} INFO - Sync 1 DAGs
[2025-09-16T14:08:01.328+0000] {logging_mixin.py:188} INFO - [2025-09-16T14:08:01.327+0000] {dag.py:3954} INFO - Setting next_dagrun for example_short_circuit_decorator to 2025-09-15 00:00:00+00:00, run_after=2025-09-16 00:00:00+00:00
[2025-09-16T14:08:01.387+0000] {processor.py:183} INFO - Processing /home/airflow/.local/lib/python3.12/site-packages/airflow/example_dags/example_short_circuit_decorator.py took 0.342 seconds
[2025-09-16T14:08:31.837+0000] {processor.py:161} INFO - Started process (PID=229) to work on /home/airflow/.local/lib/python3.12/site-packages/airflow/example_dags/example_short_circuit_decorator.py
[2025-09-16T14:08:31.838+0000] {processor.py:830} INFO - Processing file /home/airflow/.local/lib/python3.12/site-packages/airflow/example_dags/example_short_circuit_decorator.py for tasks to queue
[2025-09-16T14:08:31.842+0000] {logging_mixin.py:188} INFO - [2025-09-16T14:08:31.841+0000] {dagbag.py:545} INFO - Filling up the DagBag from /home/airflow/.local/lib/python3.12/site-packages/airflow/example_dags/example_short_circuit_decorator.py
[2025-09-16T14:08:31.859+0000] {processor.py:840} INFO - DAG(s) 'example_short_circuit_decorator' retrieved from /home/airflow/.local/lib/python3.12/site-packages/airflow/example_dags/example_short_circuit_decorator.py
[2025-09-16T14:08:32.017+0000] {logging_mixin.py:188} INFO - [2025-09-16T14:08:32.017+0000] {dag.py:3096} INFO - Sync 1 DAGs
[2025-09-16T14:08:32.046+0000] {logging_mixin.py:188} INFO - [2025-09-16T14:08:32.046+0000] {dag.py:3954} INFO - Setting next_dagrun for example_short_circuit_decorator to 2025-09-15 00:00:00+00:00, run_after=2025-09-16 00:00:00+00:00
[2025-09-16T14:08:32.077+0000] {processor.py:183} INFO - Processing /home/airflow/.local/lib/python3.12/site-packages/airflow/example_dags/example_short_circuit_decorator.py took 0.249 seconds
[2025-09-16T14:09:02.520+0000] {processor.py:161} INFO - Started process (PID=289) to work on /home/airflow/.local/lib/python3.12/site-packages/airflow/example_dags/example_short_circuit_decorator.py
[2025-09-16T14:09:02.522+0000] {processor.py:830} INFO - Processing file /home/airflow/.local/lib/python3.12/site-packages/airflow/example_dags/example_short_circuit_decorator.py for tasks to queue
[2025-09-16T14:09:02.526+0000] {logging_mixin.py:188} INFO - [2025-09-16T14:09:02.525+0000] {dagbag.py:545} INFO - Filling up the DagBag from /home/airflow/.local/lib/python3.12/site-packages/airflow/example_dags/example_short_circuit_decorator.py
[2025-09-16T14:09:02.540+0000] {processor.py:840} INFO - DAG(s) 'example_short_circuit_decorator' retrieved from /home/airflow/.local/lib/python3.12/site-packages/airflow/example_dags/example_short_circuit_decorator.py
[2025-09-16T14:09:02.579+0000] {logging_mixin.py:188} INFO - [2025-09-16T14:09:02.579+0000] {dag.py:3096} INFO - Sync 1 DAGs
[2025-09-16T14:09:02.618+0000] {logging_mixin.py:188} INFO - [2025-09-16T14:09:02.617+0000] {dag.py:3954} INFO - Setting next_dagrun for example_short_circuit_decorator to 2025-09-15 00:00:00+00:00, run_after=2025-09-16 00:00:00+00:00
[2025-09-16T14:09:02.705+0000] {processor.py:183} INFO - Processing /home/airflow/.local/lib/python3.12/site-packages/airflow/example_dags/example_short_circuit_decorator.py took 0.195 seconds
[2025-09-16T14:09:33.492+0000] {processor.py:161} INFO - Started process (PID=349) to work on /home/airflow/.local/lib/python3.12/site-packages/airflow/example_dags/example_short_circuit_decorator.py
[2025-09-16T14:09:33.494+0000] {processor.py:830} INFO - Processing file /home/airflow/.local/lib/python3.12/site-packages/airflow/example_dags/example_short_circuit_decorator.py for tasks to queue
[2025-09-16T14:09:33.497+0000] {logging_mixin.py:188} INFO - [2025-09-16T14:09:33.496+0000] {dagbag.py:545} INFO - Filling up the DagBag from /home/airflow/.local/lib/python3.12/site-packages/airflow/example_dags/example_short_circuit_decorator.py
[2025-09-16T14:09:33.507+0000] {processor.py:840} INFO - DAG(s) 'example_short_circuit_decorator' retrieved from /home/airflow/.local/lib/python3.12/site-packages/airflow/example_dags/example_short_circuit_decorator.py
[2025-09-16T14:09:33.539+0000] {logging_mixin.py:188} INFO - [2025-09-16T14:09:33.538+0000] {dag.py:3096} INFO - Sync 1 DAGs
[2025-09-16T14:09:33.567+0000] {logging_mixin.py:188} INFO - [2025-09-16T14:09:33.567+0000] {dag.py:3954} INFO - Setting next_dagrun for example_short_circuit_decorator to 2025-09-15 00:00:00+00:00, run_after=2025-09-16 00:00:00+00:00
[2025-09-16T14:09:33.594+0000] {processor.py:183} INFO - Processing /home/airflow/.local/lib/python3.12/site-packages/airflow/example_dags/example_short_circuit_decorator.py took 0.110 seconds
[2025-09-16T14:10:04.404+0000] {processor.py:161} INFO - Started process (PID=409) to work on /home/airflow/.local/lib/python3.12/site-packages/airflow/example_dags/example_short_circuit_decorator.py
[2025-09-16T14:10:04.405+0000] {processor.py:830} INFO - Processing file /home/airflow/.local/lib/python3.12/site-packages/airflow/example_dags/example_short_circuit_decorator.py for tasks to queue
[2025-09-16T14:10:04.408+0000] {logging_mixin.py:188} INFO - [2025-09-16T14:10:04.408+0000] {dagbag.py:545} INFO - Filling up the DagBag from /home/airflow/.local/lib/python3.12/site-packages/airflow/example_dags/example_short_circuit_decorator.py
[2025-09-16T14:10:04.420+0000] {processor.py:840} INFO - DAG(s) 'example_short_circuit_decorator' retrieved from /home/airflow/.local/lib/python3.12/site-packages/airflow/example_dags/example_short_circuit_decorator.py
[2025-09-16T14:10:04.452+0000] {logging_mixin.py:188} INFO - [2025-09-16T14:10:04.452+0000] {dag.py:3096} INFO - Sync 1 DAGs
[2025-09-16T14:10:04.483+0000] {logging_mixin.py:188} INFO - [2025-09-16T14:10:04.483+0000] {dag.py:3954} INFO - Setting next_dagrun for example_short_circuit_decorator to 2025-09-15 00:00:00+00:00, run_after=2025-09-16 00:00:00+00:00
[2025-09-16T14:10:04.512+0000] {processor.py:183} INFO - Processing /home/airflow/.local/lib/python3.12/site-packages/airflow/example_dags/example_short_circuit_decorator.py took 0.116 seconds
[2025-09-16T14:10:34.943+0000] {processor.py:161} INFO - Started process (PID=469) to work on /home/airflow/.local/lib/python3.12/site-packages/airflow/example_dags/example_short_circuit_decorator.py
[2025-09-16T14:10:34.945+0000] {processor.py:830} INFO - Processing file /home/airflow/.local/lib/python3.12/site-packages/airflow/example_dags/example_short_circuit_decorator.py for tasks to queue
[2025-09-16T14:10:34.949+0000] {logging_mixin.py:188} INFO - [2025-09-16T14:10:34.948+0000] {dagbag.py:545} INFO - Filling up the DagBag from /home/airflow/.local/lib/python3.12/site-packages/airflow/example_dags/example_short_circuit_decorator.py
[2025-09-16T14:10:34.965+0000] {processor.py:840} INFO - DAG(s) 'example_short_circuit_decorator' retrieved from /home/airflow/.local/lib/python3.12/site-packages/airflow/example_dags/example_short_circuit_decorator.py
[2025-09-16T14:10:35.002+0000] {logging_mixin.py:188} INFO - [2025-09-16T14:10:35.002+0000] {dag.py:3096} INFO - Sync 1 DAGs
[2025-09-16T14:10:35.037+0000] {logging_mixin.py:188} INFO - [2025-09-16T14:10:35.037+0000] {dag.py:3954} INFO - Setting next_dagrun for example_short_circuit_decorator to 2025-09-15 00:00:00+00:00, run_after=2025-09-16 00:00:00+00:00
[2025-09-16T14:10:35.069+0000] {processor.py:183} INFO - Processing /home/airflow/.local/lib/python3.12/site-packages/airflow/example_dags/example_short_circuit_decorator.py took 0.137 seconds
[2025-09-16T14:11:05.770+0000] {processor.py:161} INFO - Started process (PID=529) to work on /home/airflow/.local/lib/python3.12/site-packages/airflow/example_dags/example_short_circuit_decorator.py
[2025-09-16T14:11:05.772+0000] {processor.py:830} INFO - Processing file /home/airflow/.local/lib/python3.12/site-packages/airflow/example_dags/example_short_circuit_decorator.py for tasks to queue
[2025-09-16T14:11:05.775+0000] {logging_mixin.py:188} INFO - [2025-09-16T14:11:05.774+0000] {dagbag.py:545} INFO - Filling up the DagBag from /home/airflow/.local/lib/python3.12/site-packages/airflow/example_dags/example_short_circuit_decorator.py
[2025-09-16T14:11:05.789+0000] {processor.py:840} INFO - DAG(s) 'example_short_circuit_decorator' retrieved from /home/airflow/.local/lib/python3.12/site-packages/airflow/example_dags/example_short_circuit_decorator.py
[2025-09-16T14:11:05.826+0000] {logging_mixin.py:188} INFO - [2025-09-16T14:11:05.825+0000] {dag.py:3096} INFO - Sync 1 DAGs
[2025-09-16T14:11:05.855+0000] {logging_mixin.py:188} INFO - [2025-09-16T14:11:05.855+0000] {dag.py:3954} INFO - Setting next_dagrun for example_short_circuit_decorator to 2025-09-15 00:00:00+00:00, run_after=2025-09-16 00:00:00+00:00
[2025-09-16T14:11:05.882+0000] {processor.py:183} INFO - Processing /home/airflow/.local/lib/python3.12/site-packages/airflow/example_dags/example_short_circuit_decorator.py took 0.120 seconds
[2025-09-16T14:11:36.169+0000] {processor.py:161} INFO - Started process (PID=589) to work on /home/airflow/.local/lib/python3.12/site-packages/airflow/example_dags/example_short_circuit_decorator.py
[2025-09-16T14:11:36.171+0000] {processor.py:830} INFO - Processing file /home/airflow/.local/lib/python3.12/site-packages/airflow/example_dags/example_short_circuit_decorator.py for tasks to queue
[2025-09-16T14:11:36.174+0000] {logging_mixin.py:188} INFO - [2025-09-16T14:11:36.174+0000] {dagbag.py:545} INFO - Filling up the DagBag from /home/airflow/.local/lib/python3.12/site-packages/airflow/example_dags/example_short_circuit_decorator.py
[2025-09-16T14:11:36.190+0000] {processor.py:840} INFO - DAG(s) 'example_short_circuit_decorator' retrieved from /home/airflow/.local/lib/python3.12/site-packages/airflow/example_dags/example_short_circuit_decorator.py
[2025-09-16T14:11:36.227+0000] {logging_mixin.py:188} INFO - [2025-09-16T14:11:36.226+0000] {dag.py:3096} INFO - Sync 1 DAGs
[2025-09-16T14:11:36.260+0000] {logging_mixin.py:188} INFO - [2025-09-16T14:11:36.259+0000] {dag.py:3954} INFO - Setting next_dagrun for example_short_circuit_decorator to 2025-09-15 00:00:00+00:00, run_after=2025-09-16 00:00:00+00:00
[2025-09-16T14:11:36.295+0000] {processor.py:183} INFO - Processing /home/airflow/.local/lib/python3.12/site-packages/airflow/example_dags/example_short_circuit_decorator.py took 0.135 seconds
[2025-09-16T14:12:07.205+0000] {processor.py:161} INFO - Started process (PID=649) to work on /home/airflow/.local/lib/python3.12/site-packages/airflow/example_dags/example_short_circuit_decorator.py
[2025-09-16T14:12:07.207+0000] {processor.py:830} INFO - Processing file /home/airflow/.local/lib/python3.12/site-packages/airflow/example_dags/example_short_circuit_decorator.py for tasks to queue
[2025-09-16T14:12:07.211+0000] {logging_mixin.py:188} INFO - [2025-09-16T14:12:07.210+0000] {dagbag.py:545} INFO - Filling up the DagBag from /home/airflow/.local/lib/python3.12/site-packages/airflow/example_dags/example_short_circuit_decorator.py
[2025-09-16T14:12:07.225+0000] {processor.py:840} INFO - DAG(s) 'example_short_circuit_decorator' retrieved from /home/airflow/.local/lib/python3.12/site-packages/airflow/example_dags/example_short_circuit_decorator.py
[2025-09-16T14:12:07.258+0000] {logging_mixin.py:188} INFO - [2025-09-16T14:12:07.257+0000] {dag.py:3096} INFO - Sync 1 DAGs
[2025-09-16T14:12:07.288+0000] {logging_mixin.py:188} INFO - [2025-09-16T14:12:07.288+0000] {dag.py:3954} INFO - Setting next_dagrun for example_short_circuit_decorator to 2025-09-15 00:00:00+00:00, run_after=2025-09-16 00:00:00+00:00
[2025-09-16T14:12:07.331+0000] {processor.py:183} INFO - Processing /home/airflow/.local/lib/python3.12/site-packages/airflow/example_dags/example_short_circuit_decorator.py took 0.135 seconds
[2025-09-16T14:12:37.606+0000] {processor.py:161} INFO - Started process (PID=709) to work on /home/airflow/.local/lib/python3.12/site-packages/airflow/example_dags/example_short_circuit_decorator.py
[2025-09-16T14:12:37.608+0000] {processor.py:830} INFO - Processing file /home/airflow/.local/lib/python3.12/site-packages/airflow/example_dags/example_short_circuit_decorator.py for tasks to queue
[2025-09-16T14:12:37.611+0000] {logging_mixin.py:188} INFO - [2025-09-16T14:12:37.610+0000] {dagbag.py:545} INFO - Filling up the DagBag from /home/airflow/.local/lib/python3.12/site-packages/airflow/example_dags/example_short_circuit_decorator.py
[2025-09-16T14:12:37.631+0000] {processor.py:840} INFO - DAG(s) 'example_short_circuit_decorator' retrieved from /home/airflow/.local/lib/python3.12/site-packages/airflow/example_dags/example_short_circuit_decorator.py
[2025-09-16T14:12:37.668+0000] {logging_mixin.py:188} INFO - [2025-09-16T14:12:37.667+0000] {dag.py:3096} INFO - Sync 1 DAGs
[2025-09-16T14:12:37.700+0000] {logging_mixin.py:188} INFO - [2025-09-16T14:12:37.699+0000] {dag.py:3954} INFO - Setting next_dagrun for example_short_circuit_decorator to 2025-09-15 00:00:00+00:00, run_after=2025-09-16 00:00:00+00:00
[2025-09-16T14:12:37.731+0000] {processor.py:183} INFO - Processing /home/airflow/.local/lib/python3.12/site-packages/airflow/example_dags/example_short_circuit_decorator.py took 0.135 seconds
[2025-09-16T14:13:08.268+0000] {processor.py:161} INFO - Started process (PID=769) to work on /home/airflow/.local/lib/python3.12/site-packages/airflow/example_dags/example_short_circuit_decorator.py
[2025-09-16T14:13:08.270+0000] {processor.py:830} INFO - Processing file /home/airflow/.local/lib/python3.12/site-packages/airflow/example_dags/example_short_circuit_decorator.py for tasks to queue
[2025-09-16T14:13:08.273+0000] {logging_mixin.py:188} INFO - [2025-09-16T14:13:08.272+0000] {dagbag.py:545} INFO - Filling up the DagBag from /home/airflow/.local/lib/python3.12/site-packages/airflow/example_dags/example_short_circuit_decorator.py
[2025-09-16T14:13:08.284+0000] {processor.py:840} INFO - DAG(s) 'example_short_circuit_decorator' retrieved from /home/airflow/.local/lib/python3.12/site-packages/airflow/example_dags/example_short_circuit_decorator.py
[2025-09-16T14:13:08.316+0000] {logging_mixin.py:188} INFO - [2025-09-16T14:13:08.316+0000] {dag.py:3096} INFO - Sync 1 DAGs
[2025-09-16T14:13:08.350+0000] {logging_mixin.py:188} INFO - [2025-09-16T14:13:08.350+0000] {dag.py:3954} INFO - Setting next_dagrun for example_short_circuit_decorator to 2025-09-15 00:00:00+00:00, run_after=2025-09-16 00:00:00+00:00
[2025-09-16T14:13:08.385+0000] {processor.py:183} INFO - Processing /home/airflow/.local/lib/python3.12/site-packages/airflow/example_dags/example_short_circuit_decorator.py took 0.124 seconds
[2025-09-16T14:13:38.909+0000] {processor.py:161} INFO - Started process (PID=829) to work on /home/airflow/.local/lib/python3.12/site-packages/airflow/example_dags/example_short_circuit_decorator.py
[2025-09-16T14:13:38.910+0000] {processor.py:830} INFO - Processing file /home/airflow/.local/lib/python3.12/site-packages/airflow/example_dags/example_short_circuit_decorator.py for tasks to queue
[2025-09-16T14:13:38.914+0000] {logging_mixin.py:188} INFO - [2025-09-16T14:13:38.913+0000] {dagbag.py:545} INFO - Filling up the DagBag from /home/airflow/.local/lib/python3.12/site-packages/airflow/example_dags/example_short_circuit_decorator.py
[2025-09-16T14:13:38.932+0000] {processor.py:840} INFO - DAG(s) 'example_short_circuit_decorator' retrieved from /home/airflow/.local/lib/python3.12/site-packages/airflow/example_dags/example_short_circuit_decorator.py
[2025-09-16T14:13:38.969+0000] {logging_mixin.py:188} INFO - [2025-09-16T14:13:38.969+0000] {dag.py:3096} INFO - Sync 1 DAGs
[2025-09-16T14:13:39.003+0000] {logging_mixin.py:188} INFO - [2025-09-16T14:13:39.003+0000] {dag.py:3954} INFO - Setting next_dagrun for example_short_circuit_decorator to 2025-09-15 00:00:00+00:00, run_after=2025-09-16 00:00:00+00:00
[2025-09-16T14:13:39.046+0000] {processor.py:183} INFO - Processing /home/airflow/.local/lib/python3.12/site-packages/airflow/example_dags/example_short_circuit_decorator.py took 0.147 seconds
[2025-09-16T14:14:10.258+0000] {processor.py:161} INFO - Started process (PID=895) to work on /home/airflow/.local/lib/python3.12/site-packages/airflow/example_dags/example_short_circuit_decorator.py
[2025-09-16T14:14:10.260+0000] {processor.py:830} INFO - Processing file /home/airflow/.local/lib/python3.12/site-packages/airflow/example_dags/example_short_circuit_decorator.py for tasks to queue
[2025-09-16T14:14:10.265+0000] {logging_mixin.py:188} INFO - [2025-09-16T14:14:10.264+0000] {dagbag.py:545} INFO - Filling up the DagBag from /home/airflow/.local/lib/python3.12/site-packages/airflow/example_dags/example_short_circuit_decorator.py
[2025-09-16T14:14:10.280+0000] {processor.py:840} INFO - DAG(s) 'example_short_circuit_decorator' retrieved from /home/airflow/.local/lib/python3.12/site-packages/airflow/example_dags/example_short_circuit_decorator.py
[2025-09-16T14:14:10.324+0000] {logging_mixin.py:188} INFO - [2025-09-16T14:14:10.323+0000] {dag.py:3096} INFO - Sync 1 DAGs
[2025-09-16T14:14:10.370+0000] {logging_mixin.py:188} INFO - [2025-09-16T14:14:10.369+0000] {dag.py:3954} INFO - Setting next_dagrun for example_short_circuit_decorator to 2025-09-15 00:00:00+00:00, run_after=2025-09-16 00:00:00+00:00
[2025-09-16T14:14:10.420+0000] {processor.py:183} INFO - Processing /home/airflow/.local/lib/python3.12/site-packages/airflow/example_dags/example_short_circuit_decorator.py took 0.172 seconds
[2025-09-16T14:14:40.875+0000] {processor.py:161} INFO - Started process (PID=957) to work on /home/airflow/.local/lib/python3.12/site-packages/airflow/example_dags/example_short_circuit_decorator.py
[2025-09-16T14:14:40.877+0000] {processor.py:830} INFO - Processing file /home/airflow/.local/lib/python3.12/site-packages/airflow/example_dags/example_short_circuit_decorator.py for tasks to queue
[2025-09-16T14:14:40.880+0000] {logging_mixin.py:188} INFO - [2025-09-16T14:14:40.879+0000] {dagbag.py:545} INFO - Filling up the DagBag from /home/airflow/.local/lib/python3.12/site-packages/airflow/example_dags/example_short_circuit_decorator.py
[2025-09-16T14:14:40.896+0000] {processor.py:840} INFO - DAG(s) 'example_short_circuit_decorator' retrieved from /home/airflow/.local/lib/python3.12/site-packages/airflow/example_dags/example_short_circuit_decorator.py
[2025-09-16T14:14:40.931+0000] {logging_mixin.py:188} INFO - [2025-09-16T14:14:40.931+0000] {dag.py:3096} INFO - Sync 1 DAGs
[2025-09-16T14:14:40.966+0000] {logging_mixin.py:188} INFO - [2025-09-16T14:14:40.965+0000] {dag.py:3954} INFO - Setting next_dagrun for example_short_circuit_decorator to 2025-09-15 00:00:00+00:00, run_after=2025-09-16 00:00:00+00:00
[2025-09-16T14:14:41.001+0000] {processor.py:183} INFO - Processing /home/airflow/.local/lib/python3.12/site-packages/airflow/example_dags/example_short_circuit_decorator.py took 0.135 seconds
[2025-09-16T14:16:49.394+0000] {processor.py:161} INFO - Started process (PID=122) to work on /home/airflow/.local/lib/python3.12/site-packages/airflow/example_dags/example_short_circuit_decorator.py
[2025-09-16T14:16:49.396+0000] {processor.py:830} INFO - Processing file /home/airflow/.local/lib/python3.12/site-packages/airflow/example_dags/example_short_circuit_decorator.py for tasks to queue
[2025-09-16T14:16:49.399+0000] {logging_mixin.py:188} INFO - [2025-09-16T14:16:49.398+0000] {dagbag.py:545} INFO - Filling up the DagBag from /home/airflow/.local/lib/python3.12/site-packages/airflow/example_dags/example_short_circuit_decorator.py
[2025-09-16T14:16:49.414+0000] {processor.py:840} INFO - DAG(s) 'example_short_circuit_decorator' retrieved from /home/airflow/.local/lib/python3.12/site-packages/airflow/example_dags/example_short_circuit_decorator.py
[2025-09-16T14:16:49.576+0000] {logging_mixin.py:188} INFO - [2025-09-16T14:16:49.575+0000] {dag.py:3096} INFO - Sync 1 DAGs
[2025-09-16T14:16:49.611+0000] {logging_mixin.py:188} INFO - [2025-09-16T14:16:49.611+0000] {dag.py:3954} INFO - Setting next_dagrun for example_short_circuit_decorator to 2025-09-15 00:00:00+00:00, run_after=2025-09-16 00:00:00+00:00
[2025-09-16T14:16:49.647+0000] {processor.py:183} INFO - Processing /home/airflow/.local/lib/python3.12/site-packages/airflow/example_dags/example_short_circuit_decorator.py took 0.262 seconds
[2025-09-16T14:17:19.714+0000] {processor.py:161} INFO - Started process (PID=183) to work on /home/airflow/.local/lib/python3.12/site-packages/airflow/example_dags/example_short_circuit_decorator.py
[2025-09-16T14:17:19.715+0000] {processor.py:830} INFO - Processing file /home/airflow/.local/lib/python3.12/site-packages/airflow/example_dags/example_short_circuit_decorator.py for tasks to queue
[2025-09-16T14:17:19.718+0000] {logging_mixin.py:188} INFO - [2025-09-16T14:17:19.717+0000] {dagbag.py:545} INFO - Filling up the DagBag from /home/airflow/.local/lib/python3.12/site-packages/airflow/example_dags/example_short_circuit_decorator.py
[2025-09-16T14:17:19.730+0000] {processor.py:840} INFO - DAG(s) 'example_short_circuit_decorator' retrieved from /home/airflow/.local/lib/python3.12/site-packages/airflow/example_dags/example_short_circuit_decorator.py
[2025-09-16T14:17:19.764+0000] {logging_mixin.py:188} INFO - [2025-09-16T14:17:19.764+0000] {dag.py:3096} INFO - Sync 1 DAGs
[2025-09-16T14:17:19.792+0000] {logging_mixin.py:188} INFO - [2025-09-16T14:17:19.791+0000] {dag.py:3954} INFO - Setting next_dagrun for example_short_circuit_decorator to 2025-09-15 00:00:00+00:00, run_after=2025-09-16 00:00:00+00:00
[2025-09-16T14:17:19.826+0000] {processor.py:183} INFO - Processing /home/airflow/.local/lib/python3.12/site-packages/airflow/example_dags/example_short_circuit_decorator.py took 0.120 seconds
[2025-09-16T14:17:50.281+0000] {processor.py:161} INFO - Started process (PID=243) to work on /home/airflow/.local/lib/python3.12/site-packages/airflow/example_dags/example_short_circuit_decorator.py
[2025-09-16T14:17:50.283+0000] {processor.py:830} INFO - Processing file /home/airflow/.local/lib/python3.12/site-packages/airflow/example_dags/example_short_circuit_decorator.py for tasks to queue
[2025-09-16T14:17:50.288+0000] {logging_mixin.py:188} INFO - [2025-09-16T14:17:50.287+0000] {dagbag.py:545} INFO - Filling up the DagBag from /home/airflow/.local/lib/python3.12/site-packages/airflow/example_dags/example_short_circuit_decorator.py
[2025-09-16T14:17:50.300+0000] {processor.py:840} INFO - DAG(s) 'example_short_circuit_decorator' retrieved from /home/airflow/.local/lib/python3.12/site-packages/airflow/example_dags/example_short_circuit_decorator.py
[2025-09-16T14:17:50.336+0000] {logging_mixin.py:188} INFO - [2025-09-16T14:17:50.336+0000] {dag.py:3096} INFO - Sync 1 DAGs
[2025-09-16T14:17:50.371+0000] {logging_mixin.py:188} INFO - [2025-09-16T14:17:50.370+0000] {dag.py:3954} INFO - Setting next_dagrun for example_short_circuit_decorator to 2025-09-15 00:00:00+00:00, run_after=2025-09-16 00:00:00+00:00
[2025-09-16T14:17:50.401+0000] {processor.py:183} INFO - Processing /home/airflow/.local/lib/python3.12/site-packages/airflow/example_dags/example_short_circuit_decorator.py took 0.131 seconds
[2025-09-16T14:18:20.747+0000] {processor.py:161} INFO - Started process (PID=303) to work on /home/airflow/.local/lib/python3.12/site-packages/airflow/example_dags/example_short_circuit_decorator.py
[2025-09-16T14:18:20.749+0000] {processor.py:830} INFO - Processing file /home/airflow/.local/lib/python3.12/site-packages/airflow/example_dags/example_short_circuit_decorator.py for tasks to queue
[2025-09-16T14:18:20.752+0000] {logging_mixin.py:188} INFO - [2025-09-16T14:18:20.751+0000] {dagbag.py:545} INFO - Filling up the DagBag from /home/airflow/.local/lib/python3.12/site-packages/airflow/example_dags/example_short_circuit_decorator.py
[2025-09-16T14:18:20.766+0000] {processor.py:840} INFO - DAG(s) 'example_short_circuit_decorator' retrieved from /home/airflow/.local/lib/python3.12/site-packages/airflow/example_dags/example_short_circuit_decorator.py
[2025-09-16T14:18:20.814+0000] {logging_mixin.py:188} INFO - [2025-09-16T14:18:20.814+0000] {dag.py:3096} INFO - Sync 1 DAGs
[2025-09-16T14:18:20.849+0000] {logging_mixin.py:188} INFO - [2025-09-16T14:18:20.848+0000] {dag.py:3954} INFO - Setting next_dagrun for example_short_circuit_decorator to 2025-09-15 00:00:00+00:00, run_after=2025-09-16 00:00:00+00:00
[2025-09-16T14:18:20.879+0000] {processor.py:183} INFO - Processing /home/airflow/.local/lib/python3.12/site-packages/airflow/example_dags/example_short_circuit_decorator.py took 0.141 seconds
[2025-09-16T14:18:51.202+0000] {processor.py:161} INFO - Started process (PID=363) to work on /home/airflow/.local/lib/python3.12/site-packages/airflow/example_dags/example_short_circuit_decorator.py
[2025-09-16T14:18:51.204+0000] {processor.py:830} INFO - Processing file /home/airflow/.local/lib/python3.12/site-packages/airflow/example_dags/example_short_circuit_decorator.py for tasks to queue
[2025-09-16T14:18:51.206+0000] {logging_mixin.py:188} INFO - [2025-09-16T14:18:51.206+0000] {dagbag.py:545} INFO - Filling up the DagBag from /home/airflow/.local/lib/python3.12/site-packages/airflow/example_dags/example_short_circuit_decorator.py
[2025-09-16T14:18:51.218+0000] {processor.py:840} INFO - DAG(s) 'example_short_circuit_decorator' retrieved from /home/airflow/.local/lib/python3.12/site-packages/airflow/example_dags/example_short_circuit_decorator.py
[2025-09-16T14:18:51.249+0000] {logging_mixin.py:188} INFO - [2025-09-16T14:18:51.248+0000] {dag.py:3096} INFO - Sync 1 DAGs
[2025-09-16T14:18:51.278+0000] {logging_mixin.py:188} INFO - [2025-09-16T14:18:51.278+0000] {dag.py:3954} INFO - Setting next_dagrun for example_short_circuit_decorator to 2025-09-15 00:00:00+00:00, run_after=2025-09-16 00:00:00+00:00
[2025-09-16T14:18:51.305+0000] {processor.py:183} INFO - Processing /home/airflow/.local/lib/python3.12/site-packages/airflow/example_dags/example_short_circuit_decorator.py took 0.112 seconds
[2025-09-16T14:19:22.206+0000] {processor.py:161} INFO - Started process (PID=422) to work on /home/airflow/.local/lib/python3.12/site-packages/airflow/example_dags/example_short_circuit_decorator.py
[2025-09-16T14:19:22.208+0000] {processor.py:830} INFO - Processing file /home/airflow/.local/lib/python3.12/site-packages/airflow/example_dags/example_short_circuit_decorator.py for tasks to queue
[2025-09-16T14:19:22.210+0000] {logging_mixin.py:188} INFO - [2025-09-16T14:19:22.210+0000] {dagbag.py:545} INFO - Filling up the DagBag from /home/airflow/.local/lib/python3.12/site-packages/airflow/example_dags/example_short_circuit_decorator.py
[2025-09-16T14:19:22.222+0000] {processor.py:840} INFO - DAG(s) 'example_short_circuit_decorator' retrieved from /home/airflow/.local/lib/python3.12/site-packages/airflow/example_dags/example_short_circuit_decorator.py
[2025-09-16T14:19:22.254+0000] {logging_mixin.py:188} INFO - [2025-09-16T14:19:22.254+0000] {dag.py:3096} INFO - Sync 1 DAGs
[2025-09-16T14:19:22.288+0000] {logging_mixin.py:188} INFO - [2025-09-16T14:19:22.288+0000] {dag.py:3954} INFO - Setting next_dagrun for example_short_circuit_decorator to 2025-09-15 00:00:00+00:00, run_after=2025-09-16 00:00:00+00:00
[2025-09-16T14:19:22.320+0000] {processor.py:183} INFO - Processing /home/airflow/.local/lib/python3.12/site-packages/airflow/example_dags/example_short_circuit_decorator.py took 0.122 seconds
[2025-09-16T14:19:52.907+0000] {processor.py:161} INFO - Started process (PID=482) to work on /home/airflow/.local/lib/python3.12/site-packages/airflow/example_dags/example_short_circuit_decorator.py
[2025-09-16T14:19:52.909+0000] {processor.py:830} INFO - Processing file /home/airflow/.local/lib/python3.12/site-packages/airflow/example_dags/example_short_circuit_decorator.py for tasks to queue
[2025-09-16T14:19:52.912+0000] {logging_mixin.py:188} INFO - [2025-09-16T14:19:52.912+0000] {dagbag.py:545} INFO - Filling up the DagBag from /home/airflow/.local/lib/python3.12/site-packages/airflow/example_dags/example_short_circuit_decorator.py
[2025-09-16T14:19:52.925+0000] {processor.py:840} INFO - DAG(s) 'example_short_circuit_decorator' retrieved from /home/airflow/.local/lib/python3.12/site-packages/airflow/example_dags/example_short_circuit_decorator.py
[2025-09-16T14:19:52.966+0000] {logging_mixin.py:188} INFO - [2025-09-16T14:19:52.966+0000] {dag.py:3096} INFO - Sync 1 DAGs
[2025-09-16T14:19:53.003+0000] {logging_mixin.py:188} INFO - [2025-09-16T14:19:53.002+0000] {dag.py:3954} INFO - Setting next_dagrun for example_short_circuit_decorator to 2025-09-15 00:00:00+00:00, run_after=2025-09-16 00:00:00+00:00
[2025-09-16T14:19:53.031+0000] {processor.py:183} INFO - Processing /home/airflow/.local/lib/python3.12/site-packages/airflow/example_dags/example_short_circuit_decorator.py took 0.133 seconds
[2025-09-16T14:20:23.259+0000] {processor.py:161} INFO - Started process (PID=542) to work on /home/airflow/.local/lib/python3.12/site-packages/airflow/example_dags/example_short_circuit_decorator.py
[2025-09-16T14:20:23.261+0000] {processor.py:830} INFO - Processing file /home/airflow/.local/lib/python3.12/site-packages/airflow/example_dags/example_short_circuit_decorator.py for tasks to queue
[2025-09-16T14:20:23.263+0000] {logging_mixin.py:188} INFO - [2025-09-16T14:20:23.263+0000] {dagbag.py:545} INFO - Filling up the DagBag from /home/airflow/.local/lib/python3.12/site-packages/airflow/example_dags/example_short_circuit_decorator.py
[2025-09-16T14:20:23.278+0000] {processor.py:840} INFO - DAG(s) 'example_short_circuit_decorator' retrieved from /home/airflow/.local/lib/python3.12/site-packages/airflow/example_dags/example_short_circuit_decorator.py
[2025-09-16T14:20:23.321+0000] {logging_mixin.py:188} INFO - [2025-09-16T14:20:23.320+0000] {dag.py:3096} INFO - Sync 1 DAGs
[2025-09-16T14:20:23.359+0000] {logging_mixin.py:188} INFO - [2025-09-16T14:20:23.358+0000] {dag.py:3954} INFO - Setting next_dagrun for example_short_circuit_decorator to 2025-09-15 00:00:00+00:00, run_after=2025-09-16 00:00:00+00:00
[2025-09-16T14:20:23.421+0000] {processor.py:183} INFO - Processing /home/airflow/.local/lib/python3.12/site-packages/airflow/example_dags/example_short_circuit_decorator.py took 0.172 seconds
[2025-09-16T14:20:55.162+0000] {processor.py:161} INFO - Started process (PID=604) to work on /home/airflow/.local/lib/python3.12/site-packages/airflow/example_dags/example_short_circuit_decorator.py
[2025-09-16T14:20:55.165+0000] {processor.py:830} INFO - Processing file /home/airflow/.local/lib/python3.12/site-packages/airflow/example_dags/example_short_circuit_decorator.py for tasks to queue
[2025-09-16T14:20:55.170+0000] {logging_mixin.py:188} INFO - [2025-09-16T14:20:55.170+0000] {dagbag.py:545} INFO - Filling up the DagBag from /home/airflow/.local/lib/python3.12/site-packages/airflow/example_dags/example_short_circuit_decorator.py
[2025-09-16T14:20:55.187+0000] {processor.py:840} INFO - DAG(s) 'example_short_circuit_decorator' retrieved from /home/airflow/.local/lib/python3.12/site-packages/airflow/example_dags/example_short_circuit_decorator.py
[2025-09-16T14:20:55.238+0000] {logging_mixin.py:188} INFO - [2025-09-16T14:20:55.238+0000] {dag.py:3096} INFO - Sync 1 DAGs
[2025-09-16T14:20:55.279+0000] {logging_mixin.py:188} INFO - [2025-09-16T14:20:55.278+0000] {dag.py:3954} INFO - Setting next_dagrun for example_short_circuit_decorator to 2025-09-15 00:00:00+00:00, run_after=2025-09-16 00:00:00+00:00
[2025-09-16T14:20:55.317+0000] {processor.py:183} INFO - Processing /home/airflow/.local/lib/python3.12/site-packages/airflow/example_dags/example_short_circuit_decorator.py took 0.167 seconds
[2025-09-16T14:54:14.833+0000] {processor.py:161} INFO - Started process (PID=121) to work on /home/airflow/.local/lib/python3.12/site-packages/airflow/example_dags/example_short_circuit_decorator.py
[2025-09-16T14:54:14.838+0000] {processor.py:830} INFO - Processing file /home/airflow/.local/lib/python3.12/site-packages/airflow/example_dags/example_short_circuit_decorator.py for tasks to queue
[2025-09-16T14:54:14.844+0000] {logging_mixin.py:188} INFO - [2025-09-16T14:54:14.843+0000] {dagbag.py:545} INFO - Filling up the DagBag from /home/airflow/.local/lib/python3.12/site-packages/airflow/example_dags/example_short_circuit_decorator.py
[2025-09-16T14:54:14.868+0000] {processor.py:840} INFO - DAG(s) 'example_short_circuit_decorator' retrieved from /home/airflow/.local/lib/python3.12/site-packages/airflow/example_dags/example_short_circuit_decorator.py
[2025-09-16T14:54:15.054+0000] {logging_mixin.py:188} INFO - [2025-09-16T14:54:15.053+0000] {dag.py:3096} INFO - Sync 1 DAGs
[2025-09-16T14:54:15.081+0000] {logging_mixin.py:188} INFO - [2025-09-16T14:54:15.081+0000] {dag.py:3954} INFO - Setting next_dagrun for example_short_circuit_decorator to 2025-09-15 00:00:00+00:00, run_after=2025-09-16 00:00:00+00:00
[2025-09-16T14:54:15.114+0000] {processor.py:183} INFO - Processing /home/airflow/.local/lib/python3.12/site-packages/airflow/example_dags/example_short_circuit_decorator.py took 0.294 seconds
[2025-09-16T14:54:45.531+0000] {processor.py:161} INFO - Started process (PID=181) to work on /home/airflow/.local/lib/python3.12/site-packages/airflow/example_dags/example_short_circuit_decorator.py
[2025-09-16T14:54:45.533+0000] {processor.py:830} INFO - Processing file /home/airflow/.local/lib/python3.12/site-packages/airflow/example_dags/example_short_circuit_decorator.py for tasks to queue
[2025-09-16T14:54:45.536+0000] {logging_mixin.py:188} INFO - [2025-09-16T14:54:45.536+0000] {dagbag.py:545} INFO - Filling up the DagBag from /home/airflow/.local/lib/python3.12/site-packages/airflow/example_dags/example_short_circuit_decorator.py
[2025-09-16T14:54:45.547+0000] {processor.py:840} INFO - DAG(s) 'example_short_circuit_decorator' retrieved from /home/airflow/.local/lib/python3.12/site-packages/airflow/example_dags/example_short_circuit_decorator.py
[2025-09-16T14:54:45.578+0000] {logging_mixin.py:188} INFO - [2025-09-16T14:54:45.577+0000] {dag.py:3096} INFO - Sync 1 DAGs
[2025-09-16T14:54:45.609+0000] {logging_mixin.py:188} INFO - [2025-09-16T14:54:45.608+0000] {dag.py:3954} INFO - Setting next_dagrun for example_short_circuit_decorator to 2025-09-15 00:00:00+00:00, run_after=2025-09-16 00:00:00+00:00
[2025-09-16T14:54:45.637+0000] {processor.py:183} INFO - Processing /home/airflow/.local/lib/python3.12/site-packages/airflow/example_dags/example_short_circuit_decorator.py took 0.113 seconds
[2025-09-16T14:55:16.151+0000] {processor.py:161} INFO - Started process (PID=242) to work on /home/airflow/.local/lib/python3.12/site-packages/airflow/example_dags/example_short_circuit_decorator.py
[2025-09-16T14:55:16.153+0000] {processor.py:830} INFO - Processing file /home/airflow/.local/lib/python3.12/site-packages/airflow/example_dags/example_short_circuit_decorator.py for tasks to queue
[2025-09-16T14:55:16.155+0000] {logging_mixin.py:188} INFO - [2025-09-16T14:55:16.155+0000] {dagbag.py:545} INFO - Filling up the DagBag from /home/airflow/.local/lib/python3.12/site-packages/airflow/example_dags/example_short_circuit_decorator.py
[2025-09-16T14:55:16.167+0000] {processor.py:840} INFO - DAG(s) 'example_short_circuit_decorator' retrieved from /home/airflow/.local/lib/python3.12/site-packages/airflow/example_dags/example_short_circuit_decorator.py
[2025-09-16T14:55:16.197+0000] {logging_mixin.py:188} INFO - [2025-09-16T14:55:16.197+0000] {dag.py:3096} INFO - Sync 1 DAGs
[2025-09-16T14:55:16.224+0000] {logging_mixin.py:188} INFO - [2025-09-16T14:55:16.224+0000] {dag.py:3954} INFO - Setting next_dagrun for example_short_circuit_decorator to 2025-09-15 00:00:00+00:00, run_after=2025-09-16 00:00:00+00:00
[2025-09-16T14:55:16.251+0000] {processor.py:183} INFO - Processing /home/airflow/.local/lib/python3.12/site-packages/airflow/example_dags/example_short_circuit_decorator.py took 0.107 seconds
[2025-09-16T14:55:46.976+0000] {processor.py:161} INFO - Started process (PID=302) to work on /home/airflow/.local/lib/python3.12/site-packages/airflow/example_dags/example_short_circuit_decorator.py
[2025-09-16T14:55:46.977+0000] {processor.py:830} INFO - Processing file /home/airflow/.local/lib/python3.12/site-packages/airflow/example_dags/example_short_circuit_decorator.py for tasks to queue
[2025-09-16T14:55:46.980+0000] {logging_mixin.py:188} INFO - [2025-09-16T14:55:46.980+0000] {dagbag.py:545} INFO - Filling up the DagBag from /home/airflow/.local/lib/python3.12/site-packages/airflow/example_dags/example_short_circuit_decorator.py
[2025-09-16T14:55:46.995+0000] {processor.py:840} INFO - DAG(s) 'example_short_circuit_decorator' retrieved from /home/airflow/.local/lib/python3.12/site-packages/airflow/example_dags/example_short_circuit_decorator.py
[2025-09-16T14:55:47.030+0000] {logging_mixin.py:188} INFO - [2025-09-16T14:55:47.029+0000] {dag.py:3096} INFO - Sync 1 DAGs
[2025-09-16T14:55:47.061+0000] {logging_mixin.py:188} INFO - [2025-09-16T14:55:47.060+0000] {dag.py:3954} INFO - Setting next_dagrun for example_short_circuit_decorator to 2025-09-15 00:00:00+00:00, run_after=2025-09-16 00:00:00+00:00
[2025-09-16T14:55:47.102+0000] {processor.py:183} INFO - Processing /home/airflow/.local/lib/python3.12/site-packages/airflow/example_dags/example_short_circuit_decorator.py took 0.135 seconds
[2025-09-16T14:56:18.002+0000] {processor.py:161} INFO - Started process (PID=362) to work on /home/airflow/.local/lib/python3.12/site-packages/airflow/example_dags/example_short_circuit_decorator.py
[2025-09-16T14:56:18.004+0000] {processor.py:830} INFO - Processing file /home/airflow/.local/lib/python3.12/site-packages/airflow/example_dags/example_short_circuit_decorator.py for tasks to queue
[2025-09-16T14:56:18.006+0000] {logging_mixin.py:188} INFO - [2025-09-16T14:56:18.006+0000] {dagbag.py:545} INFO - Filling up the DagBag from /home/airflow/.local/lib/python3.12/site-packages/airflow/example_dags/example_short_circuit_decorator.py
[2025-09-16T14:56:18.018+0000] {processor.py:840} INFO - DAG(s) 'example_short_circuit_decorator' retrieved from /home/airflow/.local/lib/python3.12/site-packages/airflow/example_dags/example_short_circuit_decorator.py
[2025-09-16T14:56:18.050+0000] {logging_mixin.py:188} INFO - [2025-09-16T14:56:18.049+0000] {dag.py:3096} INFO - Sync 1 DAGs
[2025-09-16T14:56:18.077+0000] {logging_mixin.py:188} INFO - [2025-09-16T14:56:18.077+0000] {dag.py:3954} INFO - Setting next_dagrun for example_short_circuit_decorator to 2025-09-15 00:00:00+00:00, run_after=2025-09-16 00:00:00+00:00
[2025-09-16T14:56:18.122+0000] {processor.py:183} INFO - Processing /home/airflow/.local/lib/python3.12/site-packages/airflow/example_dags/example_short_circuit_decorator.py took 0.128 seconds
[2025-09-16T14:56:48.552+0000] {processor.py:161} INFO - Started process (PID=422) to work on /home/airflow/.local/lib/python3.12/site-packages/airflow/example_dags/example_short_circuit_decorator.py
[2025-09-16T14:56:48.554+0000] {processor.py:830} INFO - Processing file /home/airflow/.local/lib/python3.12/site-packages/airflow/example_dags/example_short_circuit_decorator.py for tasks to queue
[2025-09-16T14:56:48.560+0000] {logging_mixin.py:188} INFO - [2025-09-16T14:56:48.559+0000] {dagbag.py:545} INFO - Filling up the DagBag from /home/airflow/.local/lib/python3.12/site-packages/airflow/example_dags/example_short_circuit_decorator.py
[2025-09-16T14:56:48.578+0000] {processor.py:840} INFO - DAG(s) 'example_short_circuit_decorator' retrieved from /home/airflow/.local/lib/python3.12/site-packages/airflow/example_dags/example_short_circuit_decorator.py
[2025-09-16T14:56:48.629+0000] {logging_mixin.py:188} INFO - [2025-09-16T14:56:48.628+0000] {dag.py:3096} INFO - Sync 1 DAGs
[2025-09-16T14:56:48.670+0000] {logging_mixin.py:188} INFO - [2025-09-16T14:56:48.670+0000] {dag.py:3954} INFO - Setting next_dagrun for example_short_circuit_decorator to 2025-09-15 00:00:00+00:00, run_after=2025-09-16 00:00:00+00:00
[2025-09-16T14:56:48.715+0000] {processor.py:183} INFO - Processing /home/airflow/.local/lib/python3.12/site-packages/airflow/example_dags/example_short_circuit_decorator.py took 0.172 seconds
[2025-09-16T14:57:19.467+0000] {processor.py:161} INFO - Started process (PID=482) to work on /home/airflow/.local/lib/python3.12/site-packages/airflow/example_dags/example_short_circuit_decorator.py
[2025-09-16T14:57:19.469+0000] {processor.py:830} INFO - Processing file /home/airflow/.local/lib/python3.12/site-packages/airflow/example_dags/example_short_circuit_decorator.py for tasks to queue
[2025-09-16T14:57:19.473+0000] {logging_mixin.py:188} INFO - [2025-09-16T14:57:19.473+0000] {dagbag.py:545} INFO - Filling up the DagBag from /home/airflow/.local/lib/python3.12/site-packages/airflow/example_dags/example_short_circuit_decorator.py
[2025-09-16T14:57:19.495+0000] {processor.py:840} INFO - DAG(s) 'example_short_circuit_decorator' retrieved from /home/airflow/.local/lib/python3.12/site-packages/airflow/example_dags/example_short_circuit_decorator.py
[2025-09-16T14:57:19.543+0000] {logging_mixin.py:188} INFO - [2025-09-16T14:57:19.542+0000] {dag.py:3096} INFO - Sync 1 DAGs
[2025-09-16T14:57:19.590+0000] {logging_mixin.py:188} INFO - [2025-09-16T14:57:19.590+0000] {dag.py:3954} INFO - Setting next_dagrun for example_short_circuit_decorator to 2025-09-15 00:00:00+00:00, run_after=2025-09-16 00:00:00+00:00
[2025-09-16T14:57:19.630+0000] {processor.py:183} INFO - Processing /home/airflow/.local/lib/python3.12/site-packages/airflow/example_dags/example_short_circuit_decorator.py took 0.176 seconds
[2025-09-16T14:57:50.377+0000] {processor.py:161} INFO - Started process (PID=542) to work on /home/airflow/.local/lib/python3.12/site-packages/airflow/example_dags/example_short_circuit_decorator.py
[2025-09-16T14:57:50.379+0000] {processor.py:830} INFO - Processing file /home/airflow/.local/lib/python3.12/site-packages/airflow/example_dags/example_short_circuit_decorator.py for tasks to queue
[2025-09-16T14:57:50.383+0000] {logging_mixin.py:188} INFO - [2025-09-16T14:57:50.382+0000] {dagbag.py:545} INFO - Filling up the DagBag from /home/airflow/.local/lib/python3.12/site-packages/airflow/example_dags/example_short_circuit_decorator.py
[2025-09-16T14:57:50.398+0000] {processor.py:840} INFO - DAG(s) 'example_short_circuit_decorator' retrieved from /home/airflow/.local/lib/python3.12/site-packages/airflow/example_dags/example_short_circuit_decorator.py
[2025-09-16T14:57:50.428+0000] {logging_mixin.py:188} INFO - [2025-09-16T14:57:50.428+0000] {dag.py:3096} INFO - Sync 1 DAGs
[2025-09-16T14:57:50.460+0000] {logging_mixin.py:188} INFO - [2025-09-16T14:57:50.459+0000] {dag.py:3954} INFO - Setting next_dagrun for example_short_circuit_decorator to 2025-09-15 00:00:00+00:00, run_after=2025-09-16 00:00:00+00:00
[2025-09-16T14:57:50.486+0000] {processor.py:183} INFO - Processing /home/airflow/.local/lib/python3.12/site-packages/airflow/example_dags/example_short_circuit_decorator.py took 0.122 seconds
[2025-09-16T14:58:20.910+0000] {processor.py:161} INFO - Started process (PID=602) to work on /home/airflow/.local/lib/python3.12/site-packages/airflow/example_dags/example_short_circuit_decorator.py
[2025-09-16T14:58:20.913+0000] {processor.py:830} INFO - Processing file /home/airflow/.local/lib/python3.12/site-packages/airflow/example_dags/example_short_circuit_decorator.py for tasks to queue
[2025-09-16T14:58:20.916+0000] {logging_mixin.py:188} INFO - [2025-09-16T14:58:20.915+0000] {dagbag.py:545} INFO - Filling up the DagBag from /home/airflow/.local/lib/python3.12/site-packages/airflow/example_dags/example_short_circuit_decorator.py
[2025-09-16T14:58:20.925+0000] {processor.py:840} INFO - DAG(s) 'example_short_circuit_decorator' retrieved from /home/airflow/.local/lib/python3.12/site-packages/airflow/example_dags/example_short_circuit_decorator.py
[2025-09-16T14:58:20.952+0000] {logging_mixin.py:188} INFO - [2025-09-16T14:58:20.952+0000] {dag.py:3096} INFO - Sync 1 DAGs
[2025-09-16T14:58:20.996+0000] {logging_mixin.py:188} INFO - [2025-09-16T14:58:20.996+0000] {dag.py:3954} INFO - Setting next_dagrun for example_short_circuit_decorator to 2025-09-15 00:00:00+00:00, run_after=2025-09-16 00:00:00+00:00
[2025-09-16T14:58:21.050+0000] {processor.py:183} INFO - Processing /home/airflow/.local/lib/python3.12/site-packages/airflow/example_dags/example_short_circuit_decorator.py took 0.146 seconds
[2025-09-16T14:58:52.037+0000] {processor.py:161} INFO - Started process (PID=661) to work on /home/airflow/.local/lib/python3.12/site-packages/airflow/example_dags/example_short_circuit_decorator.py
[2025-09-16T14:58:52.039+0000] {processor.py:830} INFO - Processing file /home/airflow/.local/lib/python3.12/site-packages/airflow/example_dags/example_short_circuit_decorator.py for tasks to queue
[2025-09-16T14:58:52.042+0000] {logging_mixin.py:188} INFO - [2025-09-16T14:58:52.042+0000] {dagbag.py:545} INFO - Filling up the DagBag from /home/airflow/.local/lib/python3.12/site-packages/airflow/example_dags/example_short_circuit_decorator.py
[2025-09-16T14:58:52.054+0000] {processor.py:840} INFO - DAG(s) 'example_short_circuit_decorator' retrieved from /home/airflow/.local/lib/python3.12/site-packages/airflow/example_dags/example_short_circuit_decorator.py
[2025-09-16T14:58:52.087+0000] {logging_mixin.py:188} INFO - [2025-09-16T14:58:52.086+0000] {dag.py:3096} INFO - Sync 1 DAGs
[2025-09-16T14:58:52.126+0000] {logging_mixin.py:188} INFO - [2025-09-16T14:58:52.126+0000] {dag.py:3954} INFO - Setting next_dagrun for example_short_circuit_decorator to 2025-09-15 00:00:00+00:00, run_after=2025-09-16 00:00:00+00:00
[2025-09-16T14:58:52.165+0000] {processor.py:183} INFO - Processing /home/airflow/.local/lib/python3.12/site-packages/airflow/example_dags/example_short_circuit_decorator.py took 0.136 seconds
[2025-09-16T14:59:22.307+0000] {processor.py:161} INFO - Started process (PID=721) to work on /home/airflow/.local/lib/python3.12/site-packages/airflow/example_dags/example_short_circuit_decorator.py
[2025-09-16T14:59:22.309+0000] {processor.py:830} INFO - Processing file /home/airflow/.local/lib/python3.12/site-packages/airflow/example_dags/example_short_circuit_decorator.py for tasks to queue
[2025-09-16T14:59:22.312+0000] {logging_mixin.py:188} INFO - [2025-09-16T14:59:22.311+0000] {dagbag.py:545} INFO - Filling up the DagBag from /home/airflow/.local/lib/python3.12/site-packages/airflow/example_dags/example_short_circuit_decorator.py
[2025-09-16T14:59:22.322+0000] {processor.py:840} INFO - DAG(s) 'example_short_circuit_decorator' retrieved from /home/airflow/.local/lib/python3.12/site-packages/airflow/example_dags/example_short_circuit_decorator.py
[2025-09-16T14:59:22.352+0000] {logging_mixin.py:188} INFO - [2025-09-16T14:59:22.352+0000] {dag.py:3096} INFO - Sync 1 DAGs
[2025-09-16T14:59:22.384+0000] {logging_mixin.py:188} INFO - [2025-09-16T14:59:22.383+0000] {dag.py:3954} INFO - Setting next_dagrun for example_short_circuit_decorator to 2025-09-15 00:00:00+00:00, run_after=2025-09-16 00:00:00+00:00
[2025-09-16T14:59:22.411+0000] {processor.py:183} INFO - Processing /home/airflow/.local/lib/python3.12/site-packages/airflow/example_dags/example_short_circuit_decorator.py took 0.111 seconds
[2025-09-16T14:59:52.672+0000] {processor.py:161} INFO - Started process (PID=781) to work on /home/airflow/.local/lib/python3.12/site-packages/airflow/example_dags/example_short_circuit_decorator.py
[2025-09-16T14:59:52.674+0000] {processor.py:830} INFO - Processing file /home/airflow/.local/lib/python3.12/site-packages/airflow/example_dags/example_short_circuit_decorator.py for tasks to queue
[2025-09-16T14:59:52.677+0000] {logging_mixin.py:188} INFO - [2025-09-16T14:59:52.676+0000] {dagbag.py:545} INFO - Filling up the DagBag from /home/airflow/.local/lib/python3.12/site-packages/airflow/example_dags/example_short_circuit_decorator.py
[2025-09-16T14:59:52.687+0000] {processor.py:840} INFO - DAG(s) 'example_short_circuit_decorator' retrieved from /home/airflow/.local/lib/python3.12/site-packages/airflow/example_dags/example_short_circuit_decorator.py
[2025-09-16T14:59:52.714+0000] {logging_mixin.py:188} INFO - [2025-09-16T14:59:52.714+0000] {dag.py:3096} INFO - Sync 1 DAGs
[2025-09-16T14:59:52.741+0000] {logging_mixin.py:188} INFO - [2025-09-16T14:59:52.741+0000] {dag.py:3954} INFO - Setting next_dagrun for example_short_circuit_decorator to 2025-09-15 00:00:00+00:00, run_after=2025-09-16 00:00:00+00:00
[2025-09-16T14:59:52.772+0000] {processor.py:183} INFO - Processing /home/airflow/.local/lib/python3.12/site-packages/airflow/example_dags/example_short_circuit_decorator.py took 0.107 seconds
[2025-09-16T15:00:22.972+0000] {processor.py:161} INFO - Started process (PID=841) to work on /home/airflow/.local/lib/python3.12/site-packages/airflow/example_dags/example_short_circuit_decorator.py
[2025-09-16T15:00:22.973+0000] {processor.py:830} INFO - Processing file /home/airflow/.local/lib/python3.12/site-packages/airflow/example_dags/example_short_circuit_decorator.py for tasks to queue
[2025-09-16T15:00:22.976+0000] {logging_mixin.py:188} INFO - [2025-09-16T15:00:22.976+0000] {dagbag.py:545} INFO - Filling up the DagBag from /home/airflow/.local/lib/python3.12/site-packages/airflow/example_dags/example_short_circuit_decorator.py
[2025-09-16T15:00:22.990+0000] {processor.py:840} INFO - DAG(s) 'example_short_circuit_decorator' retrieved from /home/airflow/.local/lib/python3.12/site-packages/airflow/example_dags/example_short_circuit_decorator.py
[2025-09-16T15:00:23.018+0000] {logging_mixin.py:188} INFO - [2025-09-16T15:00:23.017+0000] {dag.py:3096} INFO - Sync 1 DAGs
[2025-09-16T15:00:23.045+0000] {logging_mixin.py:188} INFO - [2025-09-16T15:00:23.045+0000] {dag.py:3954} INFO - Setting next_dagrun for example_short_circuit_decorator to 2025-09-15 00:00:00+00:00, run_after=2025-09-16 00:00:00+00:00
[2025-09-16T15:00:23.071+0000] {processor.py:183} INFO - Processing /home/airflow/.local/lib/python3.12/site-packages/airflow/example_dags/example_short_circuit_decorator.py took 0.105 seconds
[2025-09-16T15:01:57.518+0000] {processor.py:161} INFO - Started process (PID=122) to work on /home/airflow/.local/lib/python3.12/site-packages/airflow/example_dags/example_short_circuit_decorator.py
[2025-09-16T15:01:57.520+0000] {processor.py:830} INFO - Processing file /home/airflow/.local/lib/python3.12/site-packages/airflow/example_dags/example_short_circuit_decorator.py for tasks to queue
[2025-09-16T15:01:57.523+0000] {logging_mixin.py:188} INFO - [2025-09-16T15:01:57.523+0000] {dagbag.py:545} INFO - Filling up the DagBag from /home/airflow/.local/lib/python3.12/site-packages/airflow/example_dags/example_short_circuit_decorator.py
[2025-09-16T15:01:57.534+0000] {processor.py:840} INFO - DAG(s) 'example_short_circuit_decorator' retrieved from /home/airflow/.local/lib/python3.12/site-packages/airflow/example_dags/example_short_circuit_decorator.py
[2025-09-16T15:01:57.690+0000] {logging_mixin.py:188} INFO - [2025-09-16T15:01:57.689+0000] {dag.py:3096} INFO - Sync 1 DAGs
[2025-09-16T15:01:57.719+0000] {logging_mixin.py:188} INFO - [2025-09-16T15:01:57.719+0000] {dag.py:3954} INFO - Setting next_dagrun for example_short_circuit_decorator to 2025-09-15 00:00:00+00:00, run_after=2025-09-16 00:00:00+00:00
[2025-09-16T15:01:57.749+0000] {processor.py:183} INFO - Processing /home/airflow/.local/lib/python3.12/site-packages/airflow/example_dags/example_short_circuit_decorator.py took 0.238 seconds
[2025-09-16T15:02:28.645+0000] {processor.py:161} INFO - Started process (PID=182) to work on /home/airflow/.local/lib/python3.12/site-packages/airflow/example_dags/example_short_circuit_decorator.py
[2025-09-16T15:02:28.647+0000] {processor.py:830} INFO - Processing file /home/airflow/.local/lib/python3.12/site-packages/airflow/example_dags/example_short_circuit_decorator.py for tasks to queue
[2025-09-16T15:02:28.650+0000] {logging_mixin.py:188} INFO - [2025-09-16T15:02:28.649+0000] {dagbag.py:545} INFO - Filling up the DagBag from /home/airflow/.local/lib/python3.12/site-packages/airflow/example_dags/example_short_circuit_decorator.py
[2025-09-16T15:02:28.660+0000] {processor.py:840} INFO - DAG(s) 'example_short_circuit_decorator' retrieved from /home/airflow/.local/lib/python3.12/site-packages/airflow/example_dags/example_short_circuit_decorator.py
[2025-09-16T15:02:28.675+0000] {logging_mixin.py:188} INFO - [2025-09-16T15:02:28.675+0000] {dag.py:3096} INFO - Sync 1 DAGs
[2025-09-16T15:02:28.708+0000] {logging_mixin.py:188} INFO - [2025-09-16T15:02:28.708+0000] {dag.py:3954} INFO - Setting next_dagrun for example_short_circuit_decorator to 2025-09-15 00:00:00+00:00, run_after=2025-09-16 00:00:00+00:00
[2025-09-16T15:02:28.788+0000] {processor.py:183} INFO - Processing /home/airflow/.local/lib/python3.12/site-packages/airflow/example_dags/example_short_circuit_decorator.py took 0.150 seconds
[2025-09-16T15:02:59.752+0000] {processor.py:161} INFO - Started process (PID=242) to work on /home/airflow/.local/lib/python3.12/site-packages/airflow/example_dags/example_short_circuit_decorator.py
[2025-09-16T15:02:59.754+0000] {processor.py:830} INFO - Processing file /home/airflow/.local/lib/python3.12/site-packages/airflow/example_dags/example_short_circuit_decorator.py for tasks to queue
[2025-09-16T15:02:59.759+0000] {logging_mixin.py:188} INFO - [2025-09-16T15:02:59.758+0000] {dagbag.py:545} INFO - Filling up the DagBag from /home/airflow/.local/lib/python3.12/site-packages/airflow/example_dags/example_short_circuit_decorator.py
[2025-09-16T15:02:59.784+0000] {processor.py:840} INFO - DAG(s) 'example_short_circuit_decorator' retrieved from /home/airflow/.local/lib/python3.12/site-packages/airflow/example_dags/example_short_circuit_decorator.py
[2025-09-16T15:02:59.986+0000] {logging_mixin.py:188} INFO - [2025-09-16T15:02:59.986+0000] {dag.py:3096} INFO - Sync 1 DAGs
[2025-09-16T15:03:00.023+0000] {logging_mixin.py:188} INFO - [2025-09-16T15:03:00.022+0000] {dag.py:3954} INFO - Setting next_dagrun for example_short_circuit_decorator to 2025-09-15 00:00:00+00:00, run_after=2025-09-16 00:00:00+00:00
[2025-09-16T15:03:00.055+0000] {processor.py:183} INFO - Processing /home/airflow/.local/lib/python3.12/site-packages/airflow/example_dags/example_short_circuit_decorator.py took 0.320 seconds
[2025-09-16T15:03:30.677+0000] {processor.py:161} INFO - Started process (PID=302) to work on /home/airflow/.local/lib/python3.12/site-packages/airflow/example_dags/example_short_circuit_decorator.py
[2025-09-16T15:03:30.679+0000] {processor.py:830} INFO - Processing file /home/airflow/.local/lib/python3.12/site-packages/airflow/example_dags/example_short_circuit_decorator.py for tasks to queue
[2025-09-16T15:03:30.682+0000] {logging_mixin.py:188} INFO - [2025-09-16T15:03:30.681+0000] {dagbag.py:545} INFO - Filling up the DagBag from /home/airflow/.local/lib/python3.12/site-packages/airflow/example_dags/example_short_circuit_decorator.py
[2025-09-16T15:03:30.694+0000] {processor.py:840} INFO - DAG(s) 'example_short_circuit_decorator' retrieved from /home/airflow/.local/lib/python3.12/site-packages/airflow/example_dags/example_short_circuit_decorator.py
[2025-09-16T15:03:30.727+0000] {logging_mixin.py:188} INFO - [2025-09-16T15:03:30.727+0000] {dag.py:3096} INFO - Sync 1 DAGs
[2025-09-16T15:03:30.755+0000] {logging_mixin.py:188} INFO - [2025-09-16T15:03:30.755+0000] {dag.py:3954} INFO - Setting next_dagrun for example_short_circuit_decorator to 2025-09-15 00:00:00+00:00, run_after=2025-09-16 00:00:00+00:00
[2025-09-16T15:03:30.782+0000] {processor.py:183} INFO - Processing /home/airflow/.local/lib/python3.12/site-packages/airflow/example_dags/example_short_circuit_decorator.py took 0.113 seconds
[2025-09-16T15:04:00.968+0000] {processor.py:161} INFO - Started process (PID=362) to work on /home/airflow/.local/lib/python3.12/site-packages/airflow/example_dags/example_short_circuit_decorator.py
[2025-09-16T15:04:00.971+0000] {processor.py:830} INFO - Processing file /home/airflow/.local/lib/python3.12/site-packages/airflow/example_dags/example_short_circuit_decorator.py for tasks to queue
[2025-09-16T15:04:00.975+0000] {logging_mixin.py:188} INFO - [2025-09-16T15:04:00.974+0000] {dagbag.py:545} INFO - Filling up the DagBag from /home/airflow/.local/lib/python3.12/site-packages/airflow/example_dags/example_short_circuit_decorator.py
[2025-09-16T15:04:00.991+0000] {processor.py:840} INFO - DAG(s) 'example_short_circuit_decorator' retrieved from /home/airflow/.local/lib/python3.12/site-packages/airflow/example_dags/example_short_circuit_decorator.py
[2025-09-16T15:04:01.032+0000] {logging_mixin.py:188} INFO - [2025-09-16T15:04:01.031+0000] {dag.py:3096} INFO - Sync 1 DAGs
[2025-09-16T15:04:01.069+0000] {logging_mixin.py:188} INFO - [2025-09-16T15:04:01.069+0000] {dag.py:3954} INFO - Setting next_dagrun for example_short_circuit_decorator to 2025-09-15 00:00:00+00:00, run_after=2025-09-16 00:00:00+00:00
[2025-09-16T15:04:01.101+0000] {processor.py:183} INFO - Processing /home/airflow/.local/lib/python3.12/site-packages/airflow/example_dags/example_short_circuit_decorator.py took 0.145 seconds
[2025-09-16T15:04:31.182+0000] {processor.py:161} INFO - Started process (PID=422) to work on /home/airflow/.local/lib/python3.12/site-packages/airflow/example_dags/example_short_circuit_decorator.py
[2025-09-16T15:04:31.184+0000] {processor.py:830} INFO - Processing file /home/airflow/.local/lib/python3.12/site-packages/airflow/example_dags/example_short_circuit_decorator.py for tasks to queue
[2025-09-16T15:04:31.188+0000] {logging_mixin.py:188} INFO - [2025-09-16T15:04:31.187+0000] {dagbag.py:545} INFO - Filling up the DagBag from /home/airflow/.local/lib/python3.12/site-packages/airflow/example_dags/example_short_circuit_decorator.py
[2025-09-16T15:04:31.207+0000] {processor.py:840} INFO - DAG(s) 'example_short_circuit_decorator' retrieved from /home/airflow/.local/lib/python3.12/site-packages/airflow/example_dags/example_short_circuit_decorator.py
[2025-09-16T15:04:31.254+0000] {logging_mixin.py:188} INFO - [2025-09-16T15:04:31.254+0000] {dag.py:3096} INFO - Sync 1 DAGs
[2025-09-16T15:04:31.292+0000] {logging_mixin.py:188} INFO - [2025-09-16T15:04:31.292+0000] {dag.py:3954} INFO - Setting next_dagrun for example_short_circuit_decorator to 2025-09-15 00:00:00+00:00, run_after=2025-09-16 00:00:00+00:00
[2025-09-16T15:04:31.329+0000] {processor.py:183} INFO - Processing /home/airflow/.local/lib/python3.12/site-packages/airflow/example_dags/example_short_circuit_decorator.py took 0.159 seconds
[2025-09-16T15:05:01.697+0000] {processor.py:161} INFO - Started process (PID=482) to work on /home/airflow/.local/lib/python3.12/site-packages/airflow/example_dags/example_short_circuit_decorator.py
[2025-09-16T15:05:01.699+0000] {processor.py:830} INFO - Processing file /home/airflow/.local/lib/python3.12/site-packages/airflow/example_dags/example_short_circuit_decorator.py for tasks to queue
[2025-09-16T15:05:01.704+0000] {logging_mixin.py:188} INFO - [2025-09-16T15:05:01.703+0000] {dagbag.py:545} INFO - Filling up the DagBag from /home/airflow/.local/lib/python3.12/site-packages/airflow/example_dags/example_short_circuit_decorator.py
[2025-09-16T15:05:01.720+0000] {processor.py:840} INFO - DAG(s) 'example_short_circuit_decorator' retrieved from /home/airflow/.local/lib/python3.12/site-packages/airflow/example_dags/example_short_circuit_decorator.py
[2025-09-16T15:05:01.764+0000] {logging_mixin.py:188} INFO - [2025-09-16T15:05:01.763+0000] {dag.py:3096} INFO - Sync 1 DAGs
[2025-09-16T15:05:01.800+0000] {logging_mixin.py:188} INFO - [2025-09-16T15:05:01.800+0000] {dag.py:3954} INFO - Setting next_dagrun for example_short_circuit_decorator to 2025-09-15 00:00:00+00:00, run_after=2025-09-16 00:00:00+00:00
[2025-09-16T15:05:01.834+0000] {processor.py:183} INFO - Processing /home/airflow/.local/lib/python3.12/site-packages/airflow/example_dags/example_short_circuit_decorator.py took 0.148 seconds
[2025-09-16T15:05:32.180+0000] {processor.py:161} INFO - Started process (PID=541) to work on /home/airflow/.local/lib/python3.12/site-packages/airflow/example_dags/example_short_circuit_decorator.py
[2025-09-16T15:05:32.182+0000] {processor.py:830} INFO - Processing file /home/airflow/.local/lib/python3.12/site-packages/airflow/example_dags/example_short_circuit_decorator.py for tasks to queue
[2025-09-16T15:05:32.184+0000] {logging_mixin.py:188} INFO - [2025-09-16T15:05:32.184+0000] {dagbag.py:545} INFO - Filling up the DagBag from /home/airflow/.local/lib/python3.12/site-packages/airflow/example_dags/example_short_circuit_decorator.py
[2025-09-16T15:05:32.196+0000] {processor.py:840} INFO - DAG(s) 'example_short_circuit_decorator' retrieved from /home/airflow/.local/lib/python3.12/site-packages/airflow/example_dags/example_short_circuit_decorator.py
[2025-09-16T15:05:32.225+0000] {logging_mixin.py:188} INFO - [2025-09-16T15:05:32.225+0000] {dag.py:3096} INFO - Sync 1 DAGs
[2025-09-16T15:05:32.254+0000] {logging_mixin.py:188} INFO - [2025-09-16T15:05:32.254+0000] {dag.py:3954} INFO - Setting next_dagrun for example_short_circuit_decorator to 2025-09-15 00:00:00+00:00, run_after=2025-09-16 00:00:00+00:00
[2025-09-16T15:05:32.279+0000] {processor.py:183} INFO - Processing /home/airflow/.local/lib/python3.12/site-packages/airflow/example_dags/example_short_circuit_decorator.py took 0.106 seconds
[2025-09-16T15:06:02.864+0000] {processor.py:161} INFO - Started process (PID=601) to work on /home/airflow/.local/lib/python3.12/site-packages/airflow/example_dags/example_short_circuit_decorator.py
[2025-09-16T15:06:02.865+0000] {processor.py:830} INFO - Processing file /home/airflow/.local/lib/python3.12/site-packages/airflow/example_dags/example_short_circuit_decorator.py for tasks to queue
[2025-09-16T15:06:02.868+0000] {logging_mixin.py:188} INFO - [2025-09-16T15:06:02.868+0000] {dagbag.py:545} INFO - Filling up the DagBag from /home/airflow/.local/lib/python3.12/site-packages/airflow/example_dags/example_short_circuit_decorator.py
[2025-09-16T15:06:02.878+0000] {processor.py:840} INFO - DAG(s) 'example_short_circuit_decorator' retrieved from /home/airflow/.local/lib/python3.12/site-packages/airflow/example_dags/example_short_circuit_decorator.py
[2025-09-16T15:06:02.909+0000] {logging_mixin.py:188} INFO - [2025-09-16T15:06:02.908+0000] {dag.py:3096} INFO - Sync 1 DAGs
[2025-09-16T15:06:02.935+0000] {logging_mixin.py:188} INFO - [2025-09-16T15:06:02.935+0000] {dag.py:3954} INFO - Setting next_dagrun for example_short_circuit_decorator to 2025-09-15 00:00:00+00:00, run_after=2025-09-16 00:00:00+00:00
[2025-09-16T15:06:02.972+0000] {processor.py:183} INFO - Processing /home/airflow/.local/lib/python3.12/site-packages/airflow/example_dags/example_short_circuit_decorator.py took 0.116 seconds
[2025-09-16T15:06:33.472+0000] {processor.py:161} INFO - Started process (PID=661) to work on /home/airflow/.local/lib/python3.12/site-packages/airflow/example_dags/example_short_circuit_decorator.py
[2025-09-16T15:06:33.474+0000] {processor.py:830} INFO - Processing file /home/airflow/.local/lib/python3.12/site-packages/airflow/example_dags/example_short_circuit_decorator.py for tasks to queue
[2025-09-16T15:06:33.477+0000] {logging_mixin.py:188} INFO - [2025-09-16T15:06:33.476+0000] {dagbag.py:545} INFO - Filling up the DagBag from /home/airflow/.local/lib/python3.12/site-packages/airflow/example_dags/example_short_circuit_decorator.py
[2025-09-16T15:06:33.489+0000] {processor.py:840} INFO - DAG(s) 'example_short_circuit_decorator' retrieved from /home/airflow/.local/lib/python3.12/site-packages/airflow/example_dags/example_short_circuit_decorator.py
[2025-09-16T15:06:33.523+0000] {logging_mixin.py:188} INFO - [2025-09-16T15:06:33.522+0000] {dag.py:3096} INFO - Sync 1 DAGs
[2025-09-16T15:06:33.579+0000] {logging_mixin.py:188} INFO - [2025-09-16T15:06:33.578+0000] {dag.py:3954} INFO - Setting next_dagrun for example_short_circuit_decorator to 2025-09-15 00:00:00+00:00, run_after=2025-09-16 00:00:00+00:00
[2025-09-16T15:06:33.664+0000] {processor.py:183} INFO - Processing /home/airflow/.local/lib/python3.12/site-packages/airflow/example_dags/example_short_circuit_decorator.py took 0.199 seconds
[2025-09-16T15:07:03.845+0000] {processor.py:161} INFO - Started process (PID=721) to work on /home/airflow/.local/lib/python3.12/site-packages/airflow/example_dags/example_short_circuit_decorator.py
[2025-09-16T15:07:03.847+0000] {processor.py:830} INFO - Processing file /home/airflow/.local/lib/python3.12/site-packages/airflow/example_dags/example_short_circuit_decorator.py for tasks to queue
[2025-09-16T15:07:03.851+0000] {logging_mixin.py:188} INFO - [2025-09-16T15:07:03.850+0000] {dagbag.py:545} INFO - Filling up the DagBag from /home/airflow/.local/lib/python3.12/site-packages/airflow/example_dags/example_short_circuit_decorator.py
[2025-09-16T15:07:03.864+0000] {processor.py:840} INFO - DAG(s) 'example_short_circuit_decorator' retrieved from /home/airflow/.local/lib/python3.12/site-packages/airflow/example_dags/example_short_circuit_decorator.py
[2025-09-16T15:07:03.904+0000] {logging_mixin.py:188} INFO - [2025-09-16T15:07:03.904+0000] {dag.py:3096} INFO - Sync 1 DAGs
[2025-09-16T15:07:03.947+0000] {logging_mixin.py:188} INFO - [2025-09-16T15:07:03.946+0000] {dag.py:3954} INFO - Setting next_dagrun for example_short_circuit_decorator to 2025-09-15 00:00:00+00:00, run_after=2025-09-16 00:00:00+00:00
[2025-09-16T15:07:03.987+0000] {processor.py:183} INFO - Processing /home/airflow/.local/lib/python3.12/site-packages/airflow/example_dags/example_short_circuit_decorator.py took 0.150 seconds
[2025-09-16T15:07:34.525+0000] {processor.py:161} INFO - Started process (PID=781) to work on /home/airflow/.local/lib/python3.12/site-packages/airflow/example_dags/example_short_circuit_decorator.py
[2025-09-16T15:07:34.527+0000] {processor.py:830} INFO - Processing file /home/airflow/.local/lib/python3.12/site-packages/airflow/example_dags/example_short_circuit_decorator.py for tasks to queue
[2025-09-16T15:07:34.533+0000] {logging_mixin.py:188} INFO - [2025-09-16T15:07:34.533+0000] {dagbag.py:545} INFO - Filling up the DagBag from /home/airflow/.local/lib/python3.12/site-packages/airflow/example_dags/example_short_circuit_decorator.py
[2025-09-16T15:07:34.550+0000] {processor.py:840} INFO - DAG(s) 'example_short_circuit_decorator' retrieved from /home/airflow/.local/lib/python3.12/site-packages/airflow/example_dags/example_short_circuit_decorator.py
[2025-09-16T15:07:34.600+0000] {logging_mixin.py:188} INFO - [2025-09-16T15:07:34.599+0000] {dag.py:3096} INFO - Sync 1 DAGs
[2025-09-16T15:07:34.647+0000] {logging_mixin.py:188} INFO - [2025-09-16T15:07:34.647+0000] {dag.py:3954} INFO - Setting next_dagrun for example_short_circuit_decorator to 2025-09-15 00:00:00+00:00, run_after=2025-09-16 00:00:00+00:00
[2025-09-16T15:07:34.691+0000] {processor.py:183} INFO - Processing /home/airflow/.local/lib/python3.12/site-packages/airflow/example_dags/example_short_circuit_decorator.py took 0.174 seconds
[2025-09-16T15:08:05.282+0000] {processor.py:161} INFO - Started process (PID=841) to work on /home/airflow/.local/lib/python3.12/site-packages/airflow/example_dags/example_short_circuit_decorator.py
[2025-09-16T15:08:05.284+0000] {processor.py:830} INFO - Processing file /home/airflow/.local/lib/python3.12/site-packages/airflow/example_dags/example_short_circuit_decorator.py for tasks to queue
[2025-09-16T15:08:05.288+0000] {logging_mixin.py:188} INFO - [2025-09-16T15:08:05.288+0000] {dagbag.py:545} INFO - Filling up the DagBag from /home/airflow/.local/lib/python3.12/site-packages/airflow/example_dags/example_short_circuit_decorator.py
[2025-09-16T15:08:05.307+0000] {processor.py:840} INFO - DAG(s) 'example_short_circuit_decorator' retrieved from /home/airflow/.local/lib/python3.12/site-packages/airflow/example_dags/example_short_circuit_decorator.py
[2025-09-16T15:08:05.353+0000] {logging_mixin.py:188} INFO - [2025-09-16T15:08:05.353+0000] {dag.py:3096} INFO - Sync 1 DAGs
[2025-09-16T15:08:05.399+0000] {logging_mixin.py:188} INFO - [2025-09-16T15:08:05.398+0000] {dag.py:3954} INFO - Setting next_dagrun for example_short_circuit_decorator to 2025-09-15 00:00:00+00:00, run_after=2025-09-16 00:00:00+00:00
[2025-09-16T15:08:05.442+0000] {processor.py:183} INFO - Processing /home/airflow/.local/lib/python3.12/site-packages/airflow/example_dags/example_short_circuit_decorator.py took 0.173 seconds
[2025-09-16T15:08:36.324+0000] {processor.py:161} INFO - Started process (PID=901) to work on /home/airflow/.local/lib/python3.12/site-packages/airflow/example_dags/example_short_circuit_decorator.py
[2025-09-16T15:08:36.326+0000] {processor.py:830} INFO - Processing file /home/airflow/.local/lib/python3.12/site-packages/airflow/example_dags/example_short_circuit_decorator.py for tasks to queue
[2025-09-16T15:08:36.328+0000] {logging_mixin.py:188} INFO - [2025-09-16T15:08:36.328+0000] {dagbag.py:545} INFO - Filling up the DagBag from /home/airflow/.local/lib/python3.12/site-packages/airflow/example_dags/example_short_circuit_decorator.py
[2025-09-16T15:08:36.338+0000] {processor.py:840} INFO - DAG(s) 'example_short_circuit_decorator' retrieved from /home/airflow/.local/lib/python3.12/site-packages/airflow/example_dags/example_short_circuit_decorator.py
[2025-09-16T15:08:36.366+0000] {logging_mixin.py:188} INFO - [2025-09-16T15:08:36.365+0000] {dag.py:3096} INFO - Sync 1 DAGs
[2025-09-16T15:08:36.391+0000] {logging_mixin.py:188} INFO - [2025-09-16T15:08:36.391+0000] {dag.py:3954} INFO - Setting next_dagrun for example_short_circuit_decorator to 2025-09-15 00:00:00+00:00, run_after=2025-09-16 00:00:00+00:00
[2025-09-16T15:08:36.413+0000] {processor.py:183} INFO - Processing /home/airflow/.local/lib/python3.12/site-packages/airflow/example_dags/example_short_circuit_decorator.py took 0.095 seconds
[2025-09-16T15:09:06.941+0000] {processor.py:161} INFO - Started process (PID=961) to work on /home/airflow/.local/lib/python3.12/site-packages/airflow/example_dags/example_short_circuit_decorator.py
[2025-09-16T15:09:06.943+0000] {processor.py:830} INFO - Processing file /home/airflow/.local/lib/python3.12/site-packages/airflow/example_dags/example_short_circuit_decorator.py for tasks to queue
[2025-09-16T15:09:06.946+0000] {logging_mixin.py:188} INFO - [2025-09-16T15:09:06.945+0000] {dagbag.py:545} INFO - Filling up the DagBag from /home/airflow/.local/lib/python3.12/site-packages/airflow/example_dags/example_short_circuit_decorator.py
[2025-09-16T15:09:06.958+0000] {processor.py:840} INFO - DAG(s) 'example_short_circuit_decorator' retrieved from /home/airflow/.local/lib/python3.12/site-packages/airflow/example_dags/example_short_circuit_decorator.py
[2025-09-16T15:09:06.995+0000] {logging_mixin.py:188} INFO - [2025-09-16T15:09:06.995+0000] {dag.py:3096} INFO - Sync 1 DAGs
[2025-09-16T15:09:07.030+0000] {logging_mixin.py:188} INFO - [2025-09-16T15:09:07.030+0000] {dag.py:3954} INFO - Setting next_dagrun for example_short_circuit_decorator to 2025-09-15 00:00:00+00:00, run_after=2025-09-16 00:00:00+00:00
[2025-09-16T15:09:07.057+0000] {processor.py:183} INFO - Processing /home/airflow/.local/lib/python3.12/site-packages/airflow/example_dags/example_short_circuit_decorator.py took 0.124 seconds
[2025-09-16T15:09:37.554+0000] {processor.py:161} INFO - Started process (PID=1021) to work on /home/airflow/.local/lib/python3.12/site-packages/airflow/example_dags/example_short_circuit_decorator.py
[2025-09-16T15:09:37.555+0000] {processor.py:830} INFO - Processing file /home/airflow/.local/lib/python3.12/site-packages/airflow/example_dags/example_short_circuit_decorator.py for tasks to queue
[2025-09-16T15:09:37.558+0000] {logging_mixin.py:188} INFO - [2025-09-16T15:09:37.558+0000] {dagbag.py:545} INFO - Filling up the DagBag from /home/airflow/.local/lib/python3.12/site-packages/airflow/example_dags/example_short_circuit_decorator.py
[2025-09-16T15:09:37.570+0000] {processor.py:840} INFO - DAG(s) 'example_short_circuit_decorator' retrieved from /home/airflow/.local/lib/python3.12/site-packages/airflow/example_dags/example_short_circuit_decorator.py
[2025-09-16T15:09:37.605+0000] {logging_mixin.py:188} INFO - [2025-09-16T15:09:37.604+0000] {dag.py:3096} INFO - Sync 1 DAGs
[2025-09-16T15:09:37.639+0000] {logging_mixin.py:188} INFO - [2025-09-16T15:09:37.638+0000] {dag.py:3954} INFO - Setting next_dagrun for example_short_circuit_decorator to 2025-09-15 00:00:00+00:00, run_after=2025-09-16 00:00:00+00:00
[2025-09-16T15:09:37.682+0000] {processor.py:183} INFO - Processing /home/airflow/.local/lib/python3.12/site-packages/airflow/example_dags/example_short_circuit_decorator.py took 0.136 seconds
[2025-09-16T15:10:07.945+0000] {processor.py:161} INFO - Started process (PID=1081) to work on /home/airflow/.local/lib/python3.12/site-packages/airflow/example_dags/example_short_circuit_decorator.py
[2025-09-16T15:10:07.947+0000] {processor.py:830} INFO - Processing file /home/airflow/.local/lib/python3.12/site-packages/airflow/example_dags/example_short_circuit_decorator.py for tasks to queue
[2025-09-16T15:10:07.950+0000] {logging_mixin.py:188} INFO - [2025-09-16T15:10:07.950+0000] {dagbag.py:545} INFO - Filling up the DagBag from /home/airflow/.local/lib/python3.12/site-packages/airflow/example_dags/example_short_circuit_decorator.py
[2025-09-16T15:10:07.962+0000] {processor.py:840} INFO - DAG(s) 'example_short_circuit_decorator' retrieved from /home/airflow/.local/lib/python3.12/site-packages/airflow/example_dags/example_short_circuit_decorator.py
[2025-09-16T15:10:07.995+0000] {logging_mixin.py:188} INFO - [2025-09-16T15:10:07.995+0000] {dag.py:3096} INFO - Sync 1 DAGs
[2025-09-16T15:10:08.024+0000] {logging_mixin.py:188} INFO - [2025-09-16T15:10:08.024+0000] {dag.py:3954} INFO - Setting next_dagrun for example_short_circuit_decorator to 2025-09-15 00:00:00+00:00, run_after=2025-09-16 00:00:00+00:00
[2025-09-16T15:10:08.054+0000] {processor.py:183} INFO - Processing /home/airflow/.local/lib/python3.12/site-packages/airflow/example_dags/example_short_circuit_decorator.py took 0.117 seconds
[2025-09-16T15:10:38.597+0000] {processor.py:161} INFO - Started process (PID=1141) to work on /home/airflow/.local/lib/python3.12/site-packages/airflow/example_dags/example_short_circuit_decorator.py
[2025-09-16T15:10:38.599+0000] {processor.py:830} INFO - Processing file /home/airflow/.local/lib/python3.12/site-packages/airflow/example_dags/example_short_circuit_decorator.py for tasks to queue
[2025-09-16T15:10:38.603+0000] {logging_mixin.py:188} INFO - [2025-09-16T15:10:38.603+0000] {dagbag.py:545} INFO - Filling up the DagBag from /home/airflow/.local/lib/python3.12/site-packages/airflow/example_dags/example_short_circuit_decorator.py
[2025-09-16T15:10:38.617+0000] {processor.py:840} INFO - DAG(s) 'example_short_circuit_decorator' retrieved from /home/airflow/.local/lib/python3.12/site-packages/airflow/example_dags/example_short_circuit_decorator.py
[2025-09-16T15:10:38.649+0000] {logging_mixin.py:188} INFO - [2025-09-16T15:10:38.649+0000] {dag.py:3096} INFO - Sync 1 DAGs
[2025-09-16T15:10:38.678+0000] {logging_mixin.py:188} INFO - [2025-09-16T15:10:38.678+0000] {dag.py:3954} INFO - Setting next_dagrun for example_short_circuit_decorator to 2025-09-15 00:00:00+00:00, run_after=2025-09-16 00:00:00+00:00
[2025-09-16T15:10:38.704+0000] {processor.py:183} INFO - Processing /home/airflow/.local/lib/python3.12/site-packages/airflow/example_dags/example_short_circuit_decorator.py took 0.116 seconds
[2025-09-16T15:11:09.106+0000] {processor.py:161} INFO - Started process (PID=1201) to work on /home/airflow/.local/lib/python3.12/site-packages/airflow/example_dags/example_short_circuit_decorator.py
[2025-09-16T15:11:09.108+0000] {processor.py:830} INFO - Processing file /home/airflow/.local/lib/python3.12/site-packages/airflow/example_dags/example_short_circuit_decorator.py for tasks to queue
[2025-09-16T15:11:09.111+0000] {logging_mixin.py:188} INFO - [2025-09-16T15:11:09.111+0000] {dagbag.py:545} INFO - Filling up the DagBag from /home/airflow/.local/lib/python3.12/site-packages/airflow/example_dags/example_short_circuit_decorator.py
[2025-09-16T15:11:09.127+0000] {processor.py:840} INFO - DAG(s) 'example_short_circuit_decorator' retrieved from /home/airflow/.local/lib/python3.12/site-packages/airflow/example_dags/example_short_circuit_decorator.py
[2025-09-16T15:11:09.161+0000] {logging_mixin.py:188} INFO - [2025-09-16T15:11:09.160+0000] {dag.py:3096} INFO - Sync 1 DAGs
[2025-09-16T15:11:09.191+0000] {logging_mixin.py:188} INFO - [2025-09-16T15:11:09.190+0000] {dag.py:3954} INFO - Setting next_dagrun for example_short_circuit_decorator to 2025-09-15 00:00:00+00:00, run_after=2025-09-16 00:00:00+00:00
[2025-09-16T15:11:09.222+0000] {processor.py:183} INFO - Processing /home/airflow/.local/lib/python3.12/site-packages/airflow/example_dags/example_short_circuit_decorator.py took 0.124 seconds
[2025-09-16T15:11:40.752+0000] {processor.py:161} INFO - Started process (PID=1261) to work on /home/airflow/.local/lib/python3.12/site-packages/airflow/example_dags/example_short_circuit_decorator.py
[2025-09-16T15:11:40.754+0000] {processor.py:830} INFO - Processing file /home/airflow/.local/lib/python3.12/site-packages/airflow/example_dags/example_short_circuit_decorator.py for tasks to queue
[2025-09-16T15:11:40.757+0000] {logging_mixin.py:188} INFO - [2025-09-16T15:11:40.756+0000] {dagbag.py:545} INFO - Filling up the DagBag from /home/airflow/.local/lib/python3.12/site-packages/airflow/example_dags/example_short_circuit_decorator.py
[2025-09-16T15:11:40.768+0000] {processor.py:840} INFO - DAG(s) 'example_short_circuit_decorator' retrieved from /home/airflow/.local/lib/python3.12/site-packages/airflow/example_dags/example_short_circuit_decorator.py
[2025-09-16T15:11:40.796+0000] {logging_mixin.py:188} INFO - [2025-09-16T15:11:40.795+0000] {dag.py:3096} INFO - Sync 1 DAGs
[2025-09-16T15:11:40.824+0000] {logging_mixin.py:188} INFO - [2025-09-16T15:11:40.824+0000] {dag.py:3954} INFO - Setting next_dagrun for example_short_circuit_decorator to 2025-09-15 00:00:00+00:00, run_after=2025-09-16 00:00:00+00:00
[2025-09-16T15:11:40.859+0000] {processor.py:183} INFO - Processing /home/airflow/.local/lib/python3.12/site-packages/airflow/example_dags/example_short_circuit_decorator.py took 0.115 seconds
[2025-09-16T15:12:11.375+0000] {processor.py:161} INFO - Started process (PID=1321) to work on /home/airflow/.local/lib/python3.12/site-packages/airflow/example_dags/example_short_circuit_decorator.py
[2025-09-16T15:12:11.377+0000] {processor.py:830} INFO - Processing file /home/airflow/.local/lib/python3.12/site-packages/airflow/example_dags/example_short_circuit_decorator.py for tasks to queue
[2025-09-16T15:12:11.379+0000] {logging_mixin.py:188} INFO - [2025-09-16T15:12:11.379+0000] {dagbag.py:545} INFO - Filling up the DagBag from /home/airflow/.local/lib/python3.12/site-packages/airflow/example_dags/example_short_circuit_decorator.py
[2025-09-16T15:12:11.391+0000] {processor.py:840} INFO - DAG(s) 'example_short_circuit_decorator' retrieved from /home/airflow/.local/lib/python3.12/site-packages/airflow/example_dags/example_short_circuit_decorator.py
[2025-09-16T15:12:11.421+0000] {logging_mixin.py:188} INFO - [2025-09-16T15:12:11.420+0000] {dag.py:3096} INFO - Sync 1 DAGs
[2025-09-16T15:12:11.450+0000] {logging_mixin.py:188} INFO - [2025-09-16T15:12:11.450+0000] {dag.py:3954} INFO - Setting next_dagrun for example_short_circuit_decorator to 2025-09-15 00:00:00+00:00, run_after=2025-09-16 00:00:00+00:00
[2025-09-16T15:12:11.475+0000] {processor.py:183} INFO - Processing /home/airflow/.local/lib/python3.12/site-packages/airflow/example_dags/example_short_circuit_decorator.py took 0.108 seconds
[2025-09-16T15:12:42.400+0000] {processor.py:161} INFO - Started process (PID=1381) to work on /home/airflow/.local/lib/python3.12/site-packages/airflow/example_dags/example_short_circuit_decorator.py
[2025-09-16T15:12:42.402+0000] {processor.py:830} INFO - Processing file /home/airflow/.local/lib/python3.12/site-packages/airflow/example_dags/example_short_circuit_decorator.py for tasks to queue
[2025-09-16T15:12:42.405+0000] {logging_mixin.py:188} INFO - [2025-09-16T15:12:42.405+0000] {dagbag.py:545} INFO - Filling up the DagBag from /home/airflow/.local/lib/python3.12/site-packages/airflow/example_dags/example_short_circuit_decorator.py
[2025-09-16T15:12:42.420+0000] {processor.py:840} INFO - DAG(s) 'example_short_circuit_decorator' retrieved from /home/airflow/.local/lib/python3.12/site-packages/airflow/example_dags/example_short_circuit_decorator.py
[2025-09-16T15:12:42.456+0000] {logging_mixin.py:188} INFO - [2025-09-16T15:12:42.456+0000] {dag.py:3096} INFO - Sync 1 DAGs
[2025-09-16T15:12:42.493+0000] {logging_mixin.py:188} INFO - [2025-09-16T15:12:42.493+0000] {dag.py:3954} INFO - Setting next_dagrun for example_short_circuit_decorator to 2025-09-15 00:00:00+00:00, run_after=2025-09-16 00:00:00+00:00
[2025-09-16T15:12:42.531+0000] {processor.py:183} INFO - Processing /home/airflow/.local/lib/python3.12/site-packages/airflow/example_dags/example_short_circuit_decorator.py took 0.140 seconds
[2025-09-16T15:13:13.280+0000] {processor.py:161} INFO - Started process (PID=1441) to work on /home/airflow/.local/lib/python3.12/site-packages/airflow/example_dags/example_short_circuit_decorator.py
[2025-09-16T15:13:13.282+0000] {processor.py:830} INFO - Processing file /home/airflow/.local/lib/python3.12/site-packages/airflow/example_dags/example_short_circuit_decorator.py for tasks to queue
[2025-09-16T15:13:13.285+0000] {logging_mixin.py:188} INFO - [2025-09-16T15:13:13.284+0000] {dagbag.py:545} INFO - Filling up the DagBag from /home/airflow/.local/lib/python3.12/site-packages/airflow/example_dags/example_short_circuit_decorator.py
[2025-09-16T15:13:13.295+0000] {processor.py:840} INFO - DAG(s) 'example_short_circuit_decorator' retrieved from /home/airflow/.local/lib/python3.12/site-packages/airflow/example_dags/example_short_circuit_decorator.py
[2025-09-16T15:13:13.326+0000] {logging_mixin.py:188} INFO - [2025-09-16T15:13:13.326+0000] {dag.py:3096} INFO - Sync 1 DAGs
[2025-09-16T15:13:13.357+0000] {logging_mixin.py:188} INFO - [2025-09-16T15:13:13.356+0000] {dag.py:3954} INFO - Setting next_dagrun for example_short_circuit_decorator to 2025-09-15 00:00:00+00:00, run_after=2025-09-16 00:00:00+00:00
[2025-09-16T15:13:13.396+0000] {processor.py:183} INFO - Processing /home/airflow/.local/lib/python3.12/site-packages/airflow/example_dags/example_short_circuit_decorator.py took 0.123 seconds
[2025-09-16T15:13:43.821+0000] {processor.py:161} INFO - Started process (PID=1500) to work on /home/airflow/.local/lib/python3.12/site-packages/airflow/example_dags/example_short_circuit_decorator.py
[2025-09-16T15:13:43.823+0000] {processor.py:830} INFO - Processing file /home/airflow/.local/lib/python3.12/site-packages/airflow/example_dags/example_short_circuit_decorator.py for tasks to queue
[2025-09-16T15:13:43.825+0000] {logging_mixin.py:188} INFO - [2025-09-16T15:13:43.825+0000] {dagbag.py:545} INFO - Filling up the DagBag from /home/airflow/.local/lib/python3.12/site-packages/airflow/example_dags/example_short_circuit_decorator.py
[2025-09-16T15:13:43.837+0000] {processor.py:840} INFO - DAG(s) 'example_short_circuit_decorator' retrieved from /home/airflow/.local/lib/python3.12/site-packages/airflow/example_dags/example_short_circuit_decorator.py
[2025-09-16T15:13:43.868+0000] {logging_mixin.py:188} INFO - [2025-09-16T15:13:43.867+0000] {dag.py:3096} INFO - Sync 1 DAGs
[2025-09-16T15:13:43.896+0000] {logging_mixin.py:188} INFO - [2025-09-16T15:13:43.896+0000] {dag.py:3954} INFO - Setting next_dagrun for example_short_circuit_decorator to 2025-09-15 00:00:00+00:00, run_after=2025-09-16 00:00:00+00:00
[2025-09-16T15:13:44.100+0000] {processor.py:183} INFO - Processing /home/airflow/.local/lib/python3.12/site-packages/airflow/example_dags/example_short_circuit_decorator.py took 0.287 seconds
