[2025-09-16T14:07:48.870+0000] {processor.py:161} INFO - Started process (PID=121) to work on /home/airflow/.local/lib/python3.12/site-packages/airflow/example_dags/example_dynamic_task_mapping_with_no_taskflow_operators.py
[2025-09-16T14:07:48.873+0000] {processor.py:830} INFO - Processing file /home/airflow/.local/lib/python3.12/site-packages/airflow/example_dags/example_dynamic_task_mapping_with_no_taskflow_operators.py for tasks to queue
[2025-09-16T14:07:48.878+0000] {logging_mixin.py:188} INFO - [2025-09-16T14:07:48.878+0000] {dagbag.py:545} INFO - Filling up the DagBag from /home/airflow/.local/lib/python3.12/site-packages/airflow/example_dags/example_dynamic_task_mapping_with_no_taskflow_operators.py
[2025-09-16T14:07:48.926+0000] {processor.py:840} INFO - DAG(s) 'example_dynamic_task_mapping_with_no_taskflow_operators' retrieved from /home/airflow/.local/lib/python3.12/site-packages/airflow/example_dags/example_dynamic_task_mapping_with_no_taskflow_operators.py
[2025-09-16T14:07:48.982+0000] {logging_mixin.py:188} INFO - [2025-09-16T14:07:48.981+0000] {dag.py:3096} INFO - Sync 1 DAGs
[2025-09-16T14:07:49.033+0000] {logging_mixin.py:188} INFO - [2025-09-16T14:07:49.033+0000] {dag.py:3954} INFO - Setting next_dagrun for example_dynamic_task_mapping_with_no_taskflow_operators to 2025-09-15 00:00:00+00:00, run_after=2025-09-16 00:00:00+00:00
[2025-09-16T14:07:49.074+0000] {processor.py:183} INFO - Processing /home/airflow/.local/lib/python3.12/site-packages/airflow/example_dags/example_dynamic_task_mapping_with_no_taskflow_operators.py took 0.211 seconds
[2025-09-16T14:08:19.550+0000] {processor.py:161} INFO - Started process (PID=186) to work on /home/airflow/.local/lib/python3.12/site-packages/airflow/example_dags/example_dynamic_task_mapping_with_no_taskflow_operators.py
[2025-09-16T14:08:19.552+0000] {processor.py:830} INFO - Processing file /home/airflow/.local/lib/python3.12/site-packages/airflow/example_dags/example_dynamic_task_mapping_with_no_taskflow_operators.py for tasks to queue
[2025-09-16T14:08:19.556+0000] {logging_mixin.py:188} INFO - [2025-09-16T14:08:19.556+0000] {dagbag.py:545} INFO - Filling up the DagBag from /home/airflow/.local/lib/python3.12/site-packages/airflow/example_dags/example_dynamic_task_mapping_with_no_taskflow_operators.py
[2025-09-16T14:08:19.571+0000] {processor.py:840} INFO - DAG(s) 'example_dynamic_task_mapping_with_no_taskflow_operators' retrieved from /home/airflow/.local/lib/python3.12/site-packages/airflow/example_dags/example_dynamic_task_mapping_with_no_taskflow_operators.py
[2025-09-16T14:08:19.998+0000] {logging_mixin.py:188} INFO - [2025-09-16T14:08:19.997+0000] {dag.py:3096} INFO - Sync 1 DAGs
[2025-09-16T14:08:20.058+0000] {logging_mixin.py:188} INFO - [2025-09-16T14:08:20.057+0000] {dag.py:3954} INFO - Setting next_dagrun for example_dynamic_task_mapping_with_no_taskflow_operators to 2025-09-15 00:00:00+00:00, run_after=2025-09-16 00:00:00+00:00
[2025-09-16T14:08:20.127+0000] {processor.py:183} INFO - Processing /home/airflow/.local/lib/python3.12/site-packages/airflow/example_dags/example_dynamic_task_mapping_with_no_taskflow_operators.py took 0.595 seconds
[2025-09-16T14:08:50.498+0000] {processor.py:161} INFO - Started process (PID=246) to work on /home/airflow/.local/lib/python3.12/site-packages/airflow/example_dags/example_dynamic_task_mapping_with_no_taskflow_operators.py
[2025-09-16T14:08:50.499+0000] {processor.py:830} INFO - Processing file /home/airflow/.local/lib/python3.12/site-packages/airflow/example_dags/example_dynamic_task_mapping_with_no_taskflow_operators.py for tasks to queue
[2025-09-16T14:08:50.523+0000] {logging_mixin.py:188} INFO - [2025-09-16T14:08:50.522+0000] {dagbag.py:545} INFO - Filling up the DagBag from /home/airflow/.local/lib/python3.12/site-packages/airflow/example_dags/example_dynamic_task_mapping_with_no_taskflow_operators.py
[2025-09-16T14:08:50.535+0000] {processor.py:840} INFO - DAG(s) 'example_dynamic_task_mapping_with_no_taskflow_operators' retrieved from /home/airflow/.local/lib/python3.12/site-packages/airflow/example_dags/example_dynamic_task_mapping_with_no_taskflow_operators.py
[2025-09-16T14:08:50.567+0000] {logging_mixin.py:188} INFO - [2025-09-16T14:08:50.567+0000] {dag.py:3096} INFO - Sync 1 DAGs
[2025-09-16T14:08:50.609+0000] {logging_mixin.py:188} INFO - [2025-09-16T14:08:50.609+0000] {dag.py:3954} INFO - Setting next_dagrun for example_dynamic_task_mapping_with_no_taskflow_operators to 2025-09-15 00:00:00+00:00, run_after=2025-09-16 00:00:00+00:00
[2025-09-16T14:08:50.660+0000] {processor.py:183} INFO - Processing /home/airflow/.local/lib/python3.12/site-packages/airflow/example_dags/example_dynamic_task_mapping_with_no_taskflow_operators.py took 0.172 seconds
[2025-09-16T14:09:20.986+0000] {processor.py:161} INFO - Started process (PID=306) to work on /home/airflow/.local/lib/python3.12/site-packages/airflow/example_dags/example_dynamic_task_mapping_with_no_taskflow_operators.py
[2025-09-16T14:09:20.988+0000] {processor.py:830} INFO - Processing file /home/airflow/.local/lib/python3.12/site-packages/airflow/example_dags/example_dynamic_task_mapping_with_no_taskflow_operators.py for tasks to queue
[2025-09-16T14:09:20.991+0000] {logging_mixin.py:188} INFO - [2025-09-16T14:09:20.991+0000] {dagbag.py:545} INFO - Filling up the DagBag from /home/airflow/.local/lib/python3.12/site-packages/airflow/example_dags/example_dynamic_task_mapping_with_no_taskflow_operators.py
[2025-09-16T14:09:21.003+0000] {processor.py:840} INFO - DAG(s) 'example_dynamic_task_mapping_with_no_taskflow_operators' retrieved from /home/airflow/.local/lib/python3.12/site-packages/airflow/example_dags/example_dynamic_task_mapping_with_no_taskflow_operators.py
[2025-09-16T14:09:21.035+0000] {logging_mixin.py:188} INFO - [2025-09-16T14:09:21.034+0000] {dag.py:3096} INFO - Sync 1 DAGs
[2025-09-16T14:09:21.067+0000] {logging_mixin.py:188} INFO - [2025-09-16T14:09:21.067+0000] {dag.py:3954} INFO - Setting next_dagrun for example_dynamic_task_mapping_with_no_taskflow_operators to 2025-09-15 00:00:00+00:00, run_after=2025-09-16 00:00:00+00:00
[2025-09-16T14:09:21.096+0000] {processor.py:183} INFO - Processing /home/airflow/.local/lib/python3.12/site-packages/airflow/example_dags/example_dynamic_task_mapping_with_no_taskflow_operators.py took 0.118 seconds
[2025-09-16T14:09:51.772+0000] {processor.py:161} INFO - Started process (PID=366) to work on /home/airflow/.local/lib/python3.12/site-packages/airflow/example_dags/example_dynamic_task_mapping_with_no_taskflow_operators.py
[2025-09-16T14:09:51.774+0000] {processor.py:830} INFO - Processing file /home/airflow/.local/lib/python3.12/site-packages/airflow/example_dags/example_dynamic_task_mapping_with_no_taskflow_operators.py for tasks to queue
[2025-09-16T14:09:51.777+0000] {logging_mixin.py:188} INFO - [2025-09-16T14:09:51.777+0000] {dagbag.py:545} INFO - Filling up the DagBag from /home/airflow/.local/lib/python3.12/site-packages/airflow/example_dags/example_dynamic_task_mapping_with_no_taskflow_operators.py
[2025-09-16T14:09:51.792+0000] {processor.py:840} INFO - DAG(s) 'example_dynamic_task_mapping_with_no_taskflow_operators' retrieved from /home/airflow/.local/lib/python3.12/site-packages/airflow/example_dags/example_dynamic_task_mapping_with_no_taskflow_operators.py
[2025-09-16T14:09:51.826+0000] {logging_mixin.py:188} INFO - [2025-09-16T14:09:51.826+0000] {dag.py:3096} INFO - Sync 1 DAGs
[2025-09-16T14:09:51.878+0000] {logging_mixin.py:188} INFO - [2025-09-16T14:09:51.877+0000] {dag.py:3954} INFO - Setting next_dagrun for example_dynamic_task_mapping_with_no_taskflow_operators to 2025-09-15 00:00:00+00:00, run_after=2025-09-16 00:00:00+00:00
[2025-09-16T14:09:51.920+0000] {processor.py:183} INFO - Processing /home/airflow/.local/lib/python3.12/site-packages/airflow/example_dags/example_dynamic_task_mapping_with_no_taskflow_operators.py took 0.157 seconds
[2025-09-16T14:10:22.292+0000] {processor.py:161} INFO - Started process (PID=426) to work on /home/airflow/.local/lib/python3.12/site-packages/airflow/example_dags/example_dynamic_task_mapping_with_no_taskflow_operators.py
[2025-09-16T14:10:22.294+0000] {processor.py:830} INFO - Processing file /home/airflow/.local/lib/python3.12/site-packages/airflow/example_dags/example_dynamic_task_mapping_with_no_taskflow_operators.py for tasks to queue
[2025-09-16T14:10:22.297+0000] {logging_mixin.py:188} INFO - [2025-09-16T14:10:22.296+0000] {dagbag.py:545} INFO - Filling up the DagBag from /home/airflow/.local/lib/python3.12/site-packages/airflow/example_dags/example_dynamic_task_mapping_with_no_taskflow_operators.py
[2025-09-16T14:10:22.307+0000] {processor.py:840} INFO - DAG(s) 'example_dynamic_task_mapping_with_no_taskflow_operators' retrieved from /home/airflow/.local/lib/python3.12/site-packages/airflow/example_dags/example_dynamic_task_mapping_with_no_taskflow_operators.py
[2025-09-16T14:10:22.336+0000] {logging_mixin.py:188} INFO - [2025-09-16T14:10:22.336+0000] {dag.py:3096} INFO - Sync 1 DAGs
[2025-09-16T14:10:22.371+0000] {logging_mixin.py:188} INFO - [2025-09-16T14:10:22.371+0000] {dag.py:3954} INFO - Setting next_dagrun for example_dynamic_task_mapping_with_no_taskflow_operators to 2025-09-15 00:00:00+00:00, run_after=2025-09-16 00:00:00+00:00
[2025-09-16T14:10:22.403+0000] {processor.py:183} INFO - Processing /home/airflow/.local/lib/python3.12/site-packages/airflow/example_dags/example_dynamic_task_mapping_with_no_taskflow_operators.py took 0.121 seconds
[2025-09-16T14:10:52.552+0000] {processor.py:161} INFO - Started process (PID=486) to work on /home/airflow/.local/lib/python3.12/site-packages/airflow/example_dags/example_dynamic_task_mapping_with_no_taskflow_operators.py
[2025-09-16T14:10:52.554+0000] {processor.py:830} INFO - Processing file /home/airflow/.local/lib/python3.12/site-packages/airflow/example_dags/example_dynamic_task_mapping_with_no_taskflow_operators.py for tasks to queue
[2025-09-16T14:10:52.558+0000] {logging_mixin.py:188} INFO - [2025-09-16T14:10:52.558+0000] {dagbag.py:545} INFO - Filling up the DagBag from /home/airflow/.local/lib/python3.12/site-packages/airflow/example_dags/example_dynamic_task_mapping_with_no_taskflow_operators.py
[2025-09-16T14:10:52.574+0000] {processor.py:840} INFO - DAG(s) 'example_dynamic_task_mapping_with_no_taskflow_operators' retrieved from /home/airflow/.local/lib/python3.12/site-packages/airflow/example_dags/example_dynamic_task_mapping_with_no_taskflow_operators.py
[2025-09-16T14:10:52.616+0000] {logging_mixin.py:188} INFO - [2025-09-16T14:10:52.616+0000] {dag.py:3096} INFO - Sync 1 DAGs
[2025-09-16T14:10:52.653+0000] {logging_mixin.py:188} INFO - [2025-09-16T14:10:52.652+0000] {dag.py:3954} INFO - Setting next_dagrun for example_dynamic_task_mapping_with_no_taskflow_operators to 2025-09-15 00:00:00+00:00, run_after=2025-09-16 00:00:00+00:00
[2025-09-16T14:10:52.681+0000] {processor.py:183} INFO - Processing /home/airflow/.local/lib/python3.12/site-packages/airflow/example_dags/example_dynamic_task_mapping_with_no_taskflow_operators.py took 0.141 seconds
[2025-09-16T14:11:23.288+0000] {processor.py:161} INFO - Started process (PID=546) to work on /home/airflow/.local/lib/python3.12/site-packages/airflow/example_dags/example_dynamic_task_mapping_with_no_taskflow_operators.py
[2025-09-16T14:11:23.290+0000] {processor.py:830} INFO - Processing file /home/airflow/.local/lib/python3.12/site-packages/airflow/example_dags/example_dynamic_task_mapping_with_no_taskflow_operators.py for tasks to queue
[2025-09-16T14:11:23.292+0000] {logging_mixin.py:188} INFO - [2025-09-16T14:11:23.292+0000] {dagbag.py:545} INFO - Filling up the DagBag from /home/airflow/.local/lib/python3.12/site-packages/airflow/example_dags/example_dynamic_task_mapping_with_no_taskflow_operators.py
[2025-09-16T14:11:23.299+0000] {processor.py:840} INFO - DAG(s) 'example_dynamic_task_mapping_with_no_taskflow_operators' retrieved from /home/airflow/.local/lib/python3.12/site-packages/airflow/example_dags/example_dynamic_task_mapping_with_no_taskflow_operators.py
[2025-09-16T14:11:23.323+0000] {logging_mixin.py:188} INFO - [2025-09-16T14:11:23.322+0000] {dag.py:3096} INFO - Sync 1 DAGs
[2025-09-16T14:11:23.350+0000] {logging_mixin.py:188} INFO - [2025-09-16T14:11:23.350+0000] {dag.py:3954} INFO - Setting next_dagrun for example_dynamic_task_mapping_with_no_taskflow_operators to 2025-09-15 00:00:00+00:00, run_after=2025-09-16 00:00:00+00:00
[2025-09-16T14:11:23.376+0000] {processor.py:183} INFO - Processing /home/airflow/.local/lib/python3.12/site-packages/airflow/example_dags/example_dynamic_task_mapping_with_no_taskflow_operators.py took 0.094 seconds
[2025-09-16T14:11:53.685+0000] {processor.py:161} INFO - Started process (PID=606) to work on /home/airflow/.local/lib/python3.12/site-packages/airflow/example_dags/example_dynamic_task_mapping_with_no_taskflow_operators.py
[2025-09-16T14:11:53.688+0000] {processor.py:830} INFO - Processing file /home/airflow/.local/lib/python3.12/site-packages/airflow/example_dags/example_dynamic_task_mapping_with_no_taskflow_operators.py for tasks to queue
[2025-09-16T14:11:53.691+0000] {logging_mixin.py:188} INFO - [2025-09-16T14:11:53.690+0000] {dagbag.py:545} INFO - Filling up the DagBag from /home/airflow/.local/lib/python3.12/site-packages/airflow/example_dags/example_dynamic_task_mapping_with_no_taskflow_operators.py
[2025-09-16T14:11:53.704+0000] {processor.py:840} INFO - DAG(s) 'example_dynamic_task_mapping_with_no_taskflow_operators' retrieved from /home/airflow/.local/lib/python3.12/site-packages/airflow/example_dags/example_dynamic_task_mapping_with_no_taskflow_operators.py
[2025-09-16T14:11:53.736+0000] {logging_mixin.py:188} INFO - [2025-09-16T14:11:53.735+0000] {dag.py:3096} INFO - Sync 1 DAGs
[2025-09-16T14:11:53.772+0000] {logging_mixin.py:188} INFO - [2025-09-16T14:11:53.772+0000] {dag.py:3954} INFO - Setting next_dagrun for example_dynamic_task_mapping_with_no_taskflow_operators to 2025-09-15 00:00:00+00:00, run_after=2025-09-16 00:00:00+00:00
[2025-09-16T14:11:53.810+0000] {processor.py:183} INFO - Processing /home/airflow/.local/lib/python3.12/site-packages/airflow/example_dags/example_dynamic_task_mapping_with_no_taskflow_operators.py took 0.134 seconds
[2025-09-16T14:12:23.966+0000] {processor.py:161} INFO - Started process (PID=666) to work on /home/airflow/.local/lib/python3.12/site-packages/airflow/example_dags/example_dynamic_task_mapping_with_no_taskflow_operators.py
[2025-09-16T14:12:23.969+0000] {processor.py:830} INFO - Processing file /home/airflow/.local/lib/python3.12/site-packages/airflow/example_dags/example_dynamic_task_mapping_with_no_taskflow_operators.py for tasks to queue
[2025-09-16T14:12:23.971+0000] {logging_mixin.py:188} INFO - [2025-09-16T14:12:23.971+0000] {dagbag.py:545} INFO - Filling up the DagBag from /home/airflow/.local/lib/python3.12/site-packages/airflow/example_dags/example_dynamic_task_mapping_with_no_taskflow_operators.py
[2025-09-16T14:12:23.980+0000] {processor.py:840} INFO - DAG(s) 'example_dynamic_task_mapping_with_no_taskflow_operators' retrieved from /home/airflow/.local/lib/python3.12/site-packages/airflow/example_dags/example_dynamic_task_mapping_with_no_taskflow_operators.py
[2025-09-16T14:12:24.008+0000] {logging_mixin.py:188} INFO - [2025-09-16T14:12:24.008+0000] {dag.py:3096} INFO - Sync 1 DAGs
[2025-09-16T14:12:24.040+0000] {logging_mixin.py:188} INFO - [2025-09-16T14:12:24.040+0000] {dag.py:3954} INFO - Setting next_dagrun for example_dynamic_task_mapping_with_no_taskflow_operators to 2025-09-15 00:00:00+00:00, run_after=2025-09-16 00:00:00+00:00
[2025-09-16T14:12:24.077+0000] {processor.py:183} INFO - Processing /home/airflow/.local/lib/python3.12/site-packages/airflow/example_dags/example_dynamic_task_mapping_with_no_taskflow_operators.py took 0.120 seconds
[2025-09-16T14:12:54.365+0000] {processor.py:161} INFO - Started process (PID=726) to work on /home/airflow/.local/lib/python3.12/site-packages/airflow/example_dags/example_dynamic_task_mapping_with_no_taskflow_operators.py
[2025-09-16T14:12:54.367+0000] {processor.py:830} INFO - Processing file /home/airflow/.local/lib/python3.12/site-packages/airflow/example_dags/example_dynamic_task_mapping_with_no_taskflow_operators.py for tasks to queue
[2025-09-16T14:12:54.369+0000] {logging_mixin.py:188} INFO - [2025-09-16T14:12:54.369+0000] {dagbag.py:545} INFO - Filling up the DagBag from /home/airflow/.local/lib/python3.12/site-packages/airflow/example_dags/example_dynamic_task_mapping_with_no_taskflow_operators.py
[2025-09-16T14:12:54.378+0000] {processor.py:840} INFO - DAG(s) 'example_dynamic_task_mapping_with_no_taskflow_operators' retrieved from /home/airflow/.local/lib/python3.12/site-packages/airflow/example_dags/example_dynamic_task_mapping_with_no_taskflow_operators.py
[2025-09-16T14:12:54.403+0000] {logging_mixin.py:188} INFO - [2025-09-16T14:12:54.403+0000] {dag.py:3096} INFO - Sync 1 DAGs
[2025-09-16T14:12:54.434+0000] {logging_mixin.py:188} INFO - [2025-09-16T14:12:54.433+0000] {dag.py:3954} INFO - Setting next_dagrun for example_dynamic_task_mapping_with_no_taskflow_operators to 2025-09-15 00:00:00+00:00, run_after=2025-09-16 00:00:00+00:00
[2025-09-16T14:12:54.466+0000] {processor.py:183} INFO - Processing /home/airflow/.local/lib/python3.12/site-packages/airflow/example_dags/example_dynamic_task_mapping_with_no_taskflow_operators.py took 0.107 seconds
[2025-09-16T14:13:24.668+0000] {processor.py:161} INFO - Started process (PID=786) to work on /home/airflow/.local/lib/python3.12/site-packages/airflow/example_dags/example_dynamic_task_mapping_with_no_taskflow_operators.py
[2025-09-16T14:13:24.670+0000] {processor.py:830} INFO - Processing file /home/airflow/.local/lib/python3.12/site-packages/airflow/example_dags/example_dynamic_task_mapping_with_no_taskflow_operators.py for tasks to queue
[2025-09-16T14:13:24.674+0000] {logging_mixin.py:188} INFO - [2025-09-16T14:13:24.673+0000] {dagbag.py:545} INFO - Filling up the DagBag from /home/airflow/.local/lib/python3.12/site-packages/airflow/example_dags/example_dynamic_task_mapping_with_no_taskflow_operators.py
[2025-09-16T14:13:24.683+0000] {processor.py:840} INFO - DAG(s) 'example_dynamic_task_mapping_with_no_taskflow_operators' retrieved from /home/airflow/.local/lib/python3.12/site-packages/airflow/example_dags/example_dynamic_task_mapping_with_no_taskflow_operators.py
[2025-09-16T14:13:24.718+0000] {logging_mixin.py:188} INFO - [2025-09-16T14:13:24.718+0000] {dag.py:3096} INFO - Sync 1 DAGs
[2025-09-16T14:13:24.757+0000] {logging_mixin.py:188} INFO - [2025-09-16T14:13:24.756+0000] {dag.py:3954} INFO - Setting next_dagrun for example_dynamic_task_mapping_with_no_taskflow_operators to 2025-09-15 00:00:00+00:00, run_after=2025-09-16 00:00:00+00:00
[2025-09-16T14:13:24.799+0000] {processor.py:183} INFO - Processing /home/airflow/.local/lib/python3.12/site-packages/airflow/example_dags/example_dynamic_task_mapping_with_no_taskflow_operators.py took 0.142 seconds
[2025-09-16T14:13:55.335+0000] {processor.py:161} INFO - Started process (PID=850) to work on /home/airflow/.local/lib/python3.12/site-packages/airflow/example_dags/example_dynamic_task_mapping_with_no_taskflow_operators.py
[2025-09-16T14:13:55.337+0000] {processor.py:830} INFO - Processing file /home/airflow/.local/lib/python3.12/site-packages/airflow/example_dags/example_dynamic_task_mapping_with_no_taskflow_operators.py for tasks to queue
[2025-09-16T14:13:55.340+0000] {logging_mixin.py:188} INFO - [2025-09-16T14:13:55.339+0000] {dagbag.py:545} INFO - Filling up the DagBag from /home/airflow/.local/lib/python3.12/site-packages/airflow/example_dags/example_dynamic_task_mapping_with_no_taskflow_operators.py
[2025-09-16T14:13:55.349+0000] {processor.py:840} INFO - DAG(s) 'example_dynamic_task_mapping_with_no_taskflow_operators' retrieved from /home/airflow/.local/lib/python3.12/site-packages/airflow/example_dags/example_dynamic_task_mapping_with_no_taskflow_operators.py
[2025-09-16T14:13:55.378+0000] {logging_mixin.py:188} INFO - [2025-09-16T14:13:55.377+0000] {dag.py:3096} INFO - Sync 1 DAGs
[2025-09-16T14:13:55.414+0000] {logging_mixin.py:188} INFO - [2025-09-16T14:13:55.414+0000] {dag.py:3954} INFO - Setting next_dagrun for example_dynamic_task_mapping_with_no_taskflow_operators to 2025-09-15 00:00:00+00:00, run_after=2025-09-16 00:00:00+00:00
[2025-09-16T14:13:55.445+0000] {processor.py:183} INFO - Processing /home/airflow/.local/lib/python3.12/site-packages/airflow/example_dags/example_dynamic_task_mapping_with_no_taskflow_operators.py took 0.120 seconds
[2025-09-16T14:14:25.925+0000] {processor.py:161} INFO - Started process (PID=915) to work on /home/airflow/.local/lib/python3.12/site-packages/airflow/example_dags/example_dynamic_task_mapping_with_no_taskflow_operators.py
[2025-09-16T14:14:25.927+0000] {processor.py:830} INFO - Processing file /home/airflow/.local/lib/python3.12/site-packages/airflow/example_dags/example_dynamic_task_mapping_with_no_taskflow_operators.py for tasks to queue
[2025-09-16T14:14:25.932+0000] {logging_mixin.py:188} INFO - [2025-09-16T14:14:25.931+0000] {dagbag.py:545} INFO - Filling up the DagBag from /home/airflow/.local/lib/python3.12/site-packages/airflow/example_dags/example_dynamic_task_mapping_with_no_taskflow_operators.py
[2025-09-16T14:14:25.942+0000] {processor.py:840} INFO - DAG(s) 'example_dynamic_task_mapping_with_no_taskflow_operators' retrieved from /home/airflow/.local/lib/python3.12/site-packages/airflow/example_dags/example_dynamic_task_mapping_with_no_taskflow_operators.py
[2025-09-16T14:14:25.989+0000] {logging_mixin.py:188} INFO - [2025-09-16T14:14:25.988+0000] {dag.py:3096} INFO - Sync 1 DAGs
[2025-09-16T14:14:26.058+0000] {logging_mixin.py:188} INFO - [2025-09-16T14:14:26.058+0000] {dag.py:3954} INFO - Setting next_dagrun for example_dynamic_task_mapping_with_no_taskflow_operators to 2025-09-15 00:00:00+00:00, run_after=2025-09-16 00:00:00+00:00
[2025-09-16T14:14:26.100+0000] {processor.py:183} INFO - Processing /home/airflow/.local/lib/python3.12/site-packages/airflow/example_dags/example_dynamic_task_mapping_with_no_taskflow_operators.py took 0.185 seconds
[2025-09-16T14:14:56.437+0000] {processor.py:161} INFO - Started process (PID=974) to work on /home/airflow/.local/lib/python3.12/site-packages/airflow/example_dags/example_dynamic_task_mapping_with_no_taskflow_operators.py
[2025-09-16T14:14:56.438+0000] {processor.py:830} INFO - Processing file /home/airflow/.local/lib/python3.12/site-packages/airflow/example_dags/example_dynamic_task_mapping_with_no_taskflow_operators.py for tasks to queue
[2025-09-16T14:14:56.441+0000] {logging_mixin.py:188} INFO - [2025-09-16T14:14:56.441+0000] {dagbag.py:545} INFO - Filling up the DagBag from /home/airflow/.local/lib/python3.12/site-packages/airflow/example_dags/example_dynamic_task_mapping_with_no_taskflow_operators.py
[2025-09-16T14:14:56.451+0000] {processor.py:840} INFO - DAG(s) 'example_dynamic_task_mapping_with_no_taskflow_operators' retrieved from /home/airflow/.local/lib/python3.12/site-packages/airflow/example_dags/example_dynamic_task_mapping_with_no_taskflow_operators.py
[2025-09-16T14:14:56.477+0000] {logging_mixin.py:188} INFO - [2025-09-16T14:14:56.476+0000] {dag.py:3096} INFO - Sync 1 DAGs
[2025-09-16T14:14:56.510+0000] {logging_mixin.py:188} INFO - [2025-09-16T14:14:56.509+0000] {dag.py:3954} INFO - Setting next_dagrun for example_dynamic_task_mapping_with_no_taskflow_operators to 2025-09-15 00:00:00+00:00, run_after=2025-09-16 00:00:00+00:00
[2025-09-16T14:14:56.537+0000] {processor.py:183} INFO - Processing /home/airflow/.local/lib/python3.12/site-packages/airflow/example_dags/example_dynamic_task_mapping_with_no_taskflow_operators.py took 0.108 seconds
[2025-09-16T14:16:39.495+0000] {processor.py:161} INFO - Started process (PID=80) to work on /home/airflow/.local/lib/python3.12/site-packages/airflow/example_dags/example_dynamic_task_mapping_with_no_taskflow_operators.py
[2025-09-16T14:16:39.498+0000] {processor.py:830} INFO - Processing file /home/airflow/.local/lib/python3.12/site-packages/airflow/example_dags/example_dynamic_task_mapping_with_no_taskflow_operators.py for tasks to queue
[2025-09-16T14:16:39.505+0000] {logging_mixin.py:188} INFO - [2025-09-16T14:16:39.504+0000] {dagbag.py:545} INFO - Filling up the DagBag from /home/airflow/.local/lib/python3.12/site-packages/airflow/example_dags/example_dynamic_task_mapping_with_no_taskflow_operators.py
[2025-09-16T14:16:39.609+0000] {processor.py:840} INFO - DAG(s) 'example_dynamic_task_mapping_with_no_taskflow_operators' retrieved from /home/airflow/.local/lib/python3.12/site-packages/airflow/example_dags/example_dynamic_task_mapping_with_no_taskflow_operators.py
[2025-09-16T14:16:40.226+0000] {logging_mixin.py:188} INFO - [2025-09-16T14:16:40.226+0000] {dag.py:3096} INFO - Sync 1 DAGs
[2025-09-16T14:16:40.279+0000] {logging_mixin.py:188} INFO - [2025-09-16T14:16:40.278+0000] {dag.py:3954} INFO - Setting next_dagrun for example_dynamic_task_mapping_with_no_taskflow_operators to 2025-09-15 00:00:00+00:00, run_after=2025-09-16 00:00:00+00:00
[2025-09-16T14:16:40.329+0000] {processor.py:183} INFO - Processing /home/airflow/.local/lib/python3.12/site-packages/airflow/example_dags/example_dynamic_task_mapping_with_no_taskflow_operators.py took 0.858 seconds
[2025-09-16T14:17:10.485+0000] {processor.py:161} INFO - Started process (PID=140) to work on /home/airflow/.local/lib/python3.12/site-packages/airflow/example_dags/example_dynamic_task_mapping_with_no_taskflow_operators.py
[2025-09-16T14:17:10.488+0000] {processor.py:830} INFO - Processing file /home/airflow/.local/lib/python3.12/site-packages/airflow/example_dags/example_dynamic_task_mapping_with_no_taskflow_operators.py for tasks to queue
[2025-09-16T14:17:10.493+0000] {logging_mixin.py:188} INFO - [2025-09-16T14:17:10.492+0000] {dagbag.py:545} INFO - Filling up the DagBag from /home/airflow/.local/lib/python3.12/site-packages/airflow/example_dags/example_dynamic_task_mapping_with_no_taskflow_operators.py
[2025-09-16T14:17:10.506+0000] {processor.py:840} INFO - DAG(s) 'example_dynamic_task_mapping_with_no_taskflow_operators' retrieved from /home/airflow/.local/lib/python3.12/site-packages/airflow/example_dags/example_dynamic_task_mapping_with_no_taskflow_operators.py
[2025-09-16T14:17:10.546+0000] {logging_mixin.py:188} INFO - [2025-09-16T14:17:10.545+0000] {dag.py:3096} INFO - Sync 1 DAGs
[2025-09-16T14:17:10.593+0000] {logging_mixin.py:188} INFO - [2025-09-16T14:17:10.592+0000] {dag.py:3954} INFO - Setting next_dagrun for example_dynamic_task_mapping_with_no_taskflow_operators to 2025-09-15 00:00:00+00:00, run_after=2025-09-16 00:00:00+00:00
[2025-09-16T14:17:10.629+0000] {processor.py:183} INFO - Processing /home/airflow/.local/lib/python3.12/site-packages/airflow/example_dags/example_dynamic_task_mapping_with_no_taskflow_operators.py took 0.159 seconds
[2025-09-16T14:17:41.508+0000] {processor.py:161} INFO - Started process (PID=200) to work on /home/airflow/.local/lib/python3.12/site-packages/airflow/example_dags/example_dynamic_task_mapping_with_no_taskflow_operators.py
[2025-09-16T14:17:41.516+0000] {processor.py:830} INFO - Processing file /home/airflow/.local/lib/python3.12/site-packages/airflow/example_dags/example_dynamic_task_mapping_with_no_taskflow_operators.py for tasks to queue
[2025-09-16T14:17:41.541+0000] {logging_mixin.py:188} INFO - [2025-09-16T14:17:41.535+0000] {dagbag.py:545} INFO - Filling up the DagBag from /home/airflow/.local/lib/python3.12/site-packages/airflow/example_dags/example_dynamic_task_mapping_with_no_taskflow_operators.py
[2025-09-16T14:17:41.634+0000] {processor.py:840} INFO - DAG(s) 'example_dynamic_task_mapping_with_no_taskflow_operators' retrieved from /home/airflow/.local/lib/python3.12/site-packages/airflow/example_dags/example_dynamic_task_mapping_with_no_taskflow_operators.py
[2025-09-16T14:17:41.848+0000] {logging_mixin.py:188} INFO - [2025-09-16T14:17:41.847+0000] {dag.py:3096} INFO - Sync 1 DAGs
[2025-09-16T14:17:42.090+0000] {logging_mixin.py:188} INFO - [2025-09-16T14:17:42.089+0000] {dag.py:3954} INFO - Setting next_dagrun for example_dynamic_task_mapping_with_no_taskflow_operators to 2025-09-15 00:00:00+00:00, run_after=2025-09-16 00:00:00+00:00
[2025-09-16T14:17:42.191+0000] {processor.py:183} INFO - Processing /home/airflow/.local/lib/python3.12/site-packages/airflow/example_dags/example_dynamic_task_mapping_with_no_taskflow_operators.py took 0.733 seconds
[2025-09-16T14:18:12.276+0000] {processor.py:161} INFO - Started process (PID=260) to work on /home/airflow/.local/lib/python3.12/site-packages/airflow/example_dags/example_dynamic_task_mapping_with_no_taskflow_operators.py
[2025-09-16T14:18:12.278+0000] {processor.py:830} INFO - Processing file /home/airflow/.local/lib/python3.12/site-packages/airflow/example_dags/example_dynamic_task_mapping_with_no_taskflow_operators.py for tasks to queue
[2025-09-16T14:18:12.282+0000] {logging_mixin.py:188} INFO - [2025-09-16T14:18:12.281+0000] {dagbag.py:545} INFO - Filling up the DagBag from /home/airflow/.local/lib/python3.12/site-packages/airflow/example_dags/example_dynamic_task_mapping_with_no_taskflow_operators.py
[2025-09-16T14:18:12.293+0000] {processor.py:840} INFO - DAG(s) 'example_dynamic_task_mapping_with_no_taskflow_operators' retrieved from /home/airflow/.local/lib/python3.12/site-packages/airflow/example_dags/example_dynamic_task_mapping_with_no_taskflow_operators.py
[2025-09-16T14:18:12.323+0000] {logging_mixin.py:188} INFO - [2025-09-16T14:18:12.323+0000] {dag.py:3096} INFO - Sync 1 DAGs
[2025-09-16T14:18:12.359+0000] {logging_mixin.py:188} INFO - [2025-09-16T14:18:12.358+0000] {dag.py:3954} INFO - Setting next_dagrun for example_dynamic_task_mapping_with_no_taskflow_operators to 2025-09-15 00:00:00+00:00, run_after=2025-09-16 00:00:00+00:00
[2025-09-16T14:18:12.391+0000] {processor.py:183} INFO - Processing /home/airflow/.local/lib/python3.12/site-packages/airflow/example_dags/example_dynamic_task_mapping_with_no_taskflow_operators.py took 0.125 seconds
[2025-09-16T14:18:42.766+0000] {processor.py:161} INFO - Started process (PID=320) to work on /home/airflow/.local/lib/python3.12/site-packages/airflow/example_dags/example_dynamic_task_mapping_with_no_taskflow_operators.py
[2025-09-16T14:18:42.767+0000] {processor.py:830} INFO - Processing file /home/airflow/.local/lib/python3.12/site-packages/airflow/example_dags/example_dynamic_task_mapping_with_no_taskflow_operators.py for tasks to queue
[2025-09-16T14:18:42.770+0000] {logging_mixin.py:188} INFO - [2025-09-16T14:18:42.769+0000] {dagbag.py:545} INFO - Filling up the DagBag from /home/airflow/.local/lib/python3.12/site-packages/airflow/example_dags/example_dynamic_task_mapping_with_no_taskflow_operators.py
[2025-09-16T14:18:42.777+0000] {processor.py:840} INFO - DAG(s) 'example_dynamic_task_mapping_with_no_taskflow_operators' retrieved from /home/airflow/.local/lib/python3.12/site-packages/airflow/example_dags/example_dynamic_task_mapping_with_no_taskflow_operators.py
[2025-09-16T14:18:42.801+0000] {logging_mixin.py:188} INFO - [2025-09-16T14:18:42.801+0000] {dag.py:3096} INFO - Sync 1 DAGs
[2025-09-16T14:18:42.829+0000] {logging_mixin.py:188} INFO - [2025-09-16T14:18:42.828+0000] {dag.py:3954} INFO - Setting next_dagrun for example_dynamic_task_mapping_with_no_taskflow_operators to 2025-09-15 00:00:00+00:00, run_after=2025-09-16 00:00:00+00:00
[2025-09-16T14:18:42.901+0000] {processor.py:183} INFO - Processing /home/airflow/.local/lib/python3.12/site-packages/airflow/example_dags/example_dynamic_task_mapping_with_no_taskflow_operators.py took 0.141 seconds
[2025-09-16T14:19:13.801+0000] {processor.py:161} INFO - Started process (PID=381) to work on /home/airflow/.local/lib/python3.12/site-packages/airflow/example_dags/example_dynamic_task_mapping_with_no_taskflow_operators.py
[2025-09-16T14:19:13.803+0000] {processor.py:830} INFO - Processing file /home/airflow/.local/lib/python3.12/site-packages/airflow/example_dags/example_dynamic_task_mapping_with_no_taskflow_operators.py for tasks to queue
[2025-09-16T14:19:13.805+0000] {logging_mixin.py:188} INFO - [2025-09-16T14:19:13.805+0000] {dagbag.py:545} INFO - Filling up the DagBag from /home/airflow/.local/lib/python3.12/site-packages/airflow/example_dags/example_dynamic_task_mapping_with_no_taskflow_operators.py
[2025-09-16T14:19:13.813+0000] {processor.py:840} INFO - DAG(s) 'example_dynamic_task_mapping_with_no_taskflow_operators' retrieved from /home/airflow/.local/lib/python3.12/site-packages/airflow/example_dags/example_dynamic_task_mapping_with_no_taskflow_operators.py
[2025-09-16T14:19:13.848+0000] {logging_mixin.py:188} INFO - [2025-09-16T14:19:13.847+0000] {dag.py:3096} INFO - Sync 1 DAGs
[2025-09-16T14:19:13.885+0000] {logging_mixin.py:188} INFO - [2025-09-16T14:19:13.884+0000] {dag.py:3954} INFO - Setting next_dagrun for example_dynamic_task_mapping_with_no_taskflow_operators to 2025-09-15 00:00:00+00:00, run_after=2025-09-16 00:00:00+00:00
[2025-09-16T14:19:13.915+0000] {processor.py:183} INFO - Processing /home/airflow/.local/lib/python3.12/site-packages/airflow/example_dags/example_dynamic_task_mapping_with_no_taskflow_operators.py took 0.122 seconds
[2025-09-16T14:19:44.182+0000] {processor.py:161} INFO - Started process (PID=441) to work on /home/airflow/.local/lib/python3.12/site-packages/airflow/example_dags/example_dynamic_task_mapping_with_no_taskflow_operators.py
[2025-09-16T14:19:44.184+0000] {processor.py:830} INFO - Processing file /home/airflow/.local/lib/python3.12/site-packages/airflow/example_dags/example_dynamic_task_mapping_with_no_taskflow_operators.py for tasks to queue
[2025-09-16T14:19:44.186+0000] {logging_mixin.py:188} INFO - [2025-09-16T14:19:44.185+0000] {dagbag.py:545} INFO - Filling up the DagBag from /home/airflow/.local/lib/python3.12/site-packages/airflow/example_dags/example_dynamic_task_mapping_with_no_taskflow_operators.py
[2025-09-16T14:19:44.193+0000] {processor.py:840} INFO - DAG(s) 'example_dynamic_task_mapping_with_no_taskflow_operators' retrieved from /home/airflow/.local/lib/python3.12/site-packages/airflow/example_dags/example_dynamic_task_mapping_with_no_taskflow_operators.py
[2025-09-16T14:19:44.218+0000] {logging_mixin.py:188} INFO - [2025-09-16T14:19:44.218+0000] {dag.py:3096} INFO - Sync 1 DAGs
[2025-09-16T14:19:44.248+0000] {logging_mixin.py:188} INFO - [2025-09-16T14:19:44.248+0000] {dag.py:3954} INFO - Setting next_dagrun for example_dynamic_task_mapping_with_no_taskflow_operators to 2025-09-15 00:00:00+00:00, run_after=2025-09-16 00:00:00+00:00
[2025-09-16T14:19:44.274+0000] {processor.py:183} INFO - Processing /home/airflow/.local/lib/python3.12/site-packages/airflow/example_dags/example_dynamic_task_mapping_with_no_taskflow_operators.py took 0.098 seconds
[2025-09-16T14:20:14.524+0000] {processor.py:161} INFO - Started process (PID=501) to work on /home/airflow/.local/lib/python3.12/site-packages/airflow/example_dags/example_dynamic_task_mapping_with_no_taskflow_operators.py
[2025-09-16T14:20:14.526+0000] {processor.py:830} INFO - Processing file /home/airflow/.local/lib/python3.12/site-packages/airflow/example_dags/example_dynamic_task_mapping_with_no_taskflow_operators.py for tasks to queue
[2025-09-16T14:20:14.529+0000] {logging_mixin.py:188} INFO - [2025-09-16T14:20:14.529+0000] {dagbag.py:545} INFO - Filling up the DagBag from /home/airflow/.local/lib/python3.12/site-packages/airflow/example_dags/example_dynamic_task_mapping_with_no_taskflow_operators.py
[2025-09-16T14:20:14.540+0000] {processor.py:840} INFO - DAG(s) 'example_dynamic_task_mapping_with_no_taskflow_operators' retrieved from /home/airflow/.local/lib/python3.12/site-packages/airflow/example_dags/example_dynamic_task_mapping_with_no_taskflow_operators.py
[2025-09-16T14:20:14.571+0000] {logging_mixin.py:188} INFO - [2025-09-16T14:20:14.571+0000] {dag.py:3096} INFO - Sync 1 DAGs
[2025-09-16T14:20:14.617+0000] {logging_mixin.py:188} INFO - [2025-09-16T14:20:14.616+0000] {dag.py:3954} INFO - Setting next_dagrun for example_dynamic_task_mapping_with_no_taskflow_operators to 2025-09-15 00:00:00+00:00, run_after=2025-09-16 00:00:00+00:00
[2025-09-16T14:20:14.666+0000] {processor.py:183} INFO - Processing /home/airflow/.local/lib/python3.12/site-packages/airflow/example_dags/example_dynamic_task_mapping_with_no_taskflow_operators.py took 0.151 seconds
[2025-09-16T14:20:44.925+0000] {processor.py:161} INFO - Started process (PID=561) to work on /home/airflow/.local/lib/python3.12/site-packages/airflow/example_dags/example_dynamic_task_mapping_with_no_taskflow_operators.py
[2025-09-16T14:20:44.927+0000] {processor.py:830} INFO - Processing file /home/airflow/.local/lib/python3.12/site-packages/airflow/example_dags/example_dynamic_task_mapping_with_no_taskflow_operators.py for tasks to queue
[2025-09-16T14:20:44.930+0000] {logging_mixin.py:188} INFO - [2025-09-16T14:20:44.929+0000] {dagbag.py:545} INFO - Filling up the DagBag from /home/airflow/.local/lib/python3.12/site-packages/airflow/example_dags/example_dynamic_task_mapping_with_no_taskflow_operators.py
[2025-09-16T14:20:44.939+0000] {processor.py:840} INFO - DAG(s) 'example_dynamic_task_mapping_with_no_taskflow_operators' retrieved from /home/airflow/.local/lib/python3.12/site-packages/airflow/example_dags/example_dynamic_task_mapping_with_no_taskflow_operators.py
[2025-09-16T14:20:44.965+0000] {logging_mixin.py:188} INFO - [2025-09-16T14:20:44.964+0000] {dag.py:3096} INFO - Sync 1 DAGs
[2025-09-16T14:20:44.994+0000] {logging_mixin.py:188} INFO - [2025-09-16T14:20:44.993+0000] {dag.py:3954} INFO - Setting next_dagrun for example_dynamic_task_mapping_with_no_taskflow_operators to 2025-09-15 00:00:00+00:00, run_after=2025-09-16 00:00:00+00:00
[2025-09-16T14:20:45.019+0000] {processor.py:183} INFO - Processing /home/airflow/.local/lib/python3.12/site-packages/airflow/example_dags/example_dynamic_task_mapping_with_no_taskflow_operators.py took 0.101 seconds
[2025-09-16T14:54:04.967+0000] {processor.py:161} INFO - Started process (PID=79) to work on /home/airflow/.local/lib/python3.12/site-packages/airflow/example_dags/example_dynamic_task_mapping_with_no_taskflow_operators.py
[2025-09-16T14:54:04.970+0000] {processor.py:830} INFO - Processing file /home/airflow/.local/lib/python3.12/site-packages/airflow/example_dags/example_dynamic_task_mapping_with_no_taskflow_operators.py for tasks to queue
[2025-09-16T14:54:04.975+0000] {logging_mixin.py:188} INFO - [2025-09-16T14:54:04.974+0000] {dagbag.py:545} INFO - Filling up the DagBag from /home/airflow/.local/lib/python3.12/site-packages/airflow/example_dags/example_dynamic_task_mapping_with_no_taskflow_operators.py
[2025-09-16T14:54:05.049+0000] {processor.py:840} INFO - DAG(s) 'example_dynamic_task_mapping_with_no_taskflow_operators' retrieved from /home/airflow/.local/lib/python3.12/site-packages/airflow/example_dags/example_dynamic_task_mapping_with_no_taskflow_operators.py
[2025-09-16T14:54:05.555+0000] {logging_mixin.py:188} INFO - [2025-09-16T14:54:05.555+0000] {dag.py:3096} INFO - Sync 1 DAGs
[2025-09-16T14:54:05.596+0000] {logging_mixin.py:188} INFO - [2025-09-16T14:54:05.596+0000] {dag.py:3954} INFO - Setting next_dagrun for example_dynamic_task_mapping_with_no_taskflow_operators to 2025-09-15 00:00:00+00:00, run_after=2025-09-16 00:00:00+00:00
[2025-09-16T14:54:05.644+0000] {processor.py:183} INFO - Processing /home/airflow/.local/lib/python3.12/site-packages/airflow/example_dags/example_dynamic_task_mapping_with_no_taskflow_operators.py took 0.687 seconds
[2025-09-16T14:54:35.757+0000] {processor.py:161} INFO - Started process (PID=138) to work on /home/airflow/.local/lib/python3.12/site-packages/airflow/example_dags/example_dynamic_task_mapping_with_no_taskflow_operators.py
[2025-09-16T14:54:35.758+0000] {processor.py:830} INFO - Processing file /home/airflow/.local/lib/python3.12/site-packages/airflow/example_dags/example_dynamic_task_mapping_with_no_taskflow_operators.py for tasks to queue
[2025-09-16T14:54:35.762+0000] {logging_mixin.py:188} INFO - [2025-09-16T14:54:35.762+0000] {dagbag.py:545} INFO - Filling up the DagBag from /home/airflow/.local/lib/python3.12/site-packages/airflow/example_dags/example_dynamic_task_mapping_with_no_taskflow_operators.py
[2025-09-16T14:54:35.768+0000] {processor.py:840} INFO - DAG(s) 'example_dynamic_task_mapping_with_no_taskflow_operators' retrieved from /home/airflow/.local/lib/python3.12/site-packages/airflow/example_dags/example_dynamic_task_mapping_with_no_taskflow_operators.py
[2025-09-16T14:54:35.793+0000] {logging_mixin.py:188} INFO - [2025-09-16T14:54:35.793+0000] {dag.py:3096} INFO - Sync 1 DAGs
[2025-09-16T14:54:35.831+0000] {logging_mixin.py:188} INFO - [2025-09-16T14:54:35.830+0000] {dag.py:3954} INFO - Setting next_dagrun for example_dynamic_task_mapping_with_no_taskflow_operators to 2025-09-15 00:00:00+00:00, run_after=2025-09-16 00:00:00+00:00
[2025-09-16T14:54:35.860+0000] {processor.py:183} INFO - Processing /home/airflow/.local/lib/python3.12/site-packages/airflow/example_dags/example_dynamic_task_mapping_with_no_taskflow_operators.py took 0.109 seconds
[2025-09-16T14:55:06.009+0000] {processor.py:161} INFO - Started process (PID=199) to work on /home/airflow/.local/lib/python3.12/site-packages/airflow/example_dags/example_dynamic_task_mapping_with_no_taskflow_operators.py
[2025-09-16T14:55:06.011+0000] {processor.py:830} INFO - Processing file /home/airflow/.local/lib/python3.12/site-packages/airflow/example_dags/example_dynamic_task_mapping_with_no_taskflow_operators.py for tasks to queue
[2025-09-16T14:55:06.015+0000] {logging_mixin.py:188} INFO - [2025-09-16T14:55:06.013+0000] {dagbag.py:545} INFO - Filling up the DagBag from /home/airflow/.local/lib/python3.12/site-packages/airflow/example_dags/example_dynamic_task_mapping_with_no_taskflow_operators.py
[2025-09-16T14:55:06.024+0000] {processor.py:840} INFO - DAG(s) 'example_dynamic_task_mapping_with_no_taskflow_operators' retrieved from /home/airflow/.local/lib/python3.12/site-packages/airflow/example_dags/example_dynamic_task_mapping_with_no_taskflow_operators.py
[2025-09-16T14:55:06.053+0000] {logging_mixin.py:188} INFO - [2025-09-16T14:55:06.052+0000] {dag.py:3096} INFO - Sync 1 DAGs
[2025-09-16T14:55:06.086+0000] {logging_mixin.py:188} INFO - [2025-09-16T14:55:06.086+0000] {dag.py:3954} INFO - Setting next_dagrun for example_dynamic_task_mapping_with_no_taskflow_operators to 2025-09-15 00:00:00+00:00, run_after=2025-09-16 00:00:00+00:00
[2025-09-16T14:55:06.112+0000] {processor.py:183} INFO - Processing /home/airflow/.local/lib/python3.12/site-packages/airflow/example_dags/example_dynamic_task_mapping_with_no_taskflow_operators.py took 0.110 seconds
[2025-09-16T14:55:36.648+0000] {processor.py:161} INFO - Started process (PID=259) to work on /home/airflow/.local/lib/python3.12/site-packages/airflow/example_dags/example_dynamic_task_mapping_with_no_taskflow_operators.py
[2025-09-16T14:55:36.650+0000] {processor.py:830} INFO - Processing file /home/airflow/.local/lib/python3.12/site-packages/airflow/example_dags/example_dynamic_task_mapping_with_no_taskflow_operators.py for tasks to queue
[2025-09-16T14:55:36.654+0000] {logging_mixin.py:188} INFO - [2025-09-16T14:55:36.653+0000] {dagbag.py:545} INFO - Filling up the DagBag from /home/airflow/.local/lib/python3.12/site-packages/airflow/example_dags/example_dynamic_task_mapping_with_no_taskflow_operators.py
[2025-09-16T14:55:36.666+0000] {processor.py:840} INFO - DAG(s) 'example_dynamic_task_mapping_with_no_taskflow_operators' retrieved from /home/airflow/.local/lib/python3.12/site-packages/airflow/example_dags/example_dynamic_task_mapping_with_no_taskflow_operators.py
[2025-09-16T14:55:36.701+0000] {logging_mixin.py:188} INFO - [2025-09-16T14:55:36.700+0000] {dag.py:3096} INFO - Sync 1 DAGs
[2025-09-16T14:55:36.736+0000] {logging_mixin.py:188} INFO - [2025-09-16T14:55:36.736+0000] {dag.py:3954} INFO - Setting next_dagrun for example_dynamic_task_mapping_with_no_taskflow_operators to 2025-09-15 00:00:00+00:00, run_after=2025-09-16 00:00:00+00:00
[2025-09-16T14:55:36.777+0000] {processor.py:183} INFO - Processing /home/airflow/.local/lib/python3.12/site-packages/airflow/example_dags/example_dynamic_task_mapping_with_no_taskflow_operators.py took 0.140 seconds
[2025-09-16T14:56:06.878+0000] {processor.py:161} INFO - Started process (PID=319) to work on /home/airflow/.local/lib/python3.12/site-packages/airflow/example_dags/example_dynamic_task_mapping_with_no_taskflow_operators.py
[2025-09-16T14:56:06.880+0000] {processor.py:830} INFO - Processing file /home/airflow/.local/lib/python3.12/site-packages/airflow/example_dags/example_dynamic_task_mapping_with_no_taskflow_operators.py for tasks to queue
[2025-09-16T14:56:06.882+0000] {logging_mixin.py:188} INFO - [2025-09-16T14:56:06.882+0000] {dagbag.py:545} INFO - Filling up the DagBag from /home/airflow/.local/lib/python3.12/site-packages/airflow/example_dags/example_dynamic_task_mapping_with_no_taskflow_operators.py
[2025-09-16T14:56:06.890+0000] {processor.py:840} INFO - DAG(s) 'example_dynamic_task_mapping_with_no_taskflow_operators' retrieved from /home/airflow/.local/lib/python3.12/site-packages/airflow/example_dags/example_dynamic_task_mapping_with_no_taskflow_operators.py
[2025-09-16T14:56:06.913+0000] {logging_mixin.py:188} INFO - [2025-09-16T14:56:06.913+0000] {dag.py:3096} INFO - Sync 1 DAGs
[2025-09-16T14:56:06.938+0000] {logging_mixin.py:188} INFO - [2025-09-16T14:56:06.938+0000] {dag.py:3954} INFO - Setting next_dagrun for example_dynamic_task_mapping_with_no_taskflow_operators to 2025-09-15 00:00:00+00:00, run_after=2025-09-16 00:00:00+00:00
[2025-09-16T14:56:06.977+0000] {processor.py:183} INFO - Processing /home/airflow/.local/lib/python3.12/site-packages/airflow/example_dags/example_dynamic_task_mapping_with_no_taskflow_operators.py took 0.105 seconds
[2025-09-16T14:56:37.563+0000] {processor.py:161} INFO - Started process (PID=379) to work on /home/airflow/.local/lib/python3.12/site-packages/airflow/example_dags/example_dynamic_task_mapping_with_no_taskflow_operators.py
[2025-09-16T14:56:37.564+0000] {processor.py:830} INFO - Processing file /home/airflow/.local/lib/python3.12/site-packages/airflow/example_dags/example_dynamic_task_mapping_with_no_taskflow_operators.py for tasks to queue
[2025-09-16T14:56:37.567+0000] {logging_mixin.py:188} INFO - [2025-09-16T14:56:37.566+0000] {dagbag.py:545} INFO - Filling up the DagBag from /home/airflow/.local/lib/python3.12/site-packages/airflow/example_dags/example_dynamic_task_mapping_with_no_taskflow_operators.py
[2025-09-16T14:56:37.574+0000] {processor.py:840} INFO - DAG(s) 'example_dynamic_task_mapping_with_no_taskflow_operators' retrieved from /home/airflow/.local/lib/python3.12/site-packages/airflow/example_dags/example_dynamic_task_mapping_with_no_taskflow_operators.py
[2025-09-16T14:56:37.615+0000] {logging_mixin.py:188} INFO - [2025-09-16T14:56:37.614+0000] {dag.py:3096} INFO - Sync 1 DAGs
[2025-09-16T14:56:37.680+0000] {logging_mixin.py:188} INFO - [2025-09-16T14:56:37.679+0000] {dag.py:3954} INFO - Setting next_dagrun for example_dynamic_task_mapping_with_no_taskflow_operators to 2025-09-15 00:00:00+00:00, run_after=2025-09-16 00:00:00+00:00
[2025-09-16T14:56:37.721+0000] {processor.py:183} INFO - Processing /home/airflow/.local/lib/python3.12/site-packages/airflow/example_dags/example_dynamic_task_mapping_with_no_taskflow_operators.py took 0.164 seconds
[2025-09-16T14:57:08.319+0000] {processor.py:161} INFO - Started process (PID=439) to work on /home/airflow/.local/lib/python3.12/site-packages/airflow/example_dags/example_dynamic_task_mapping_with_no_taskflow_operators.py
[2025-09-16T14:57:08.321+0000] {processor.py:830} INFO - Processing file /home/airflow/.local/lib/python3.12/site-packages/airflow/example_dags/example_dynamic_task_mapping_with_no_taskflow_operators.py for tasks to queue
[2025-09-16T14:57:08.324+0000] {logging_mixin.py:188} INFO - [2025-09-16T14:57:08.324+0000] {dagbag.py:545} INFO - Filling up the DagBag from /home/airflow/.local/lib/python3.12/site-packages/airflow/example_dags/example_dynamic_task_mapping_with_no_taskflow_operators.py
[2025-09-16T14:57:08.336+0000] {processor.py:840} INFO - DAG(s) 'example_dynamic_task_mapping_with_no_taskflow_operators' retrieved from /home/airflow/.local/lib/python3.12/site-packages/airflow/example_dags/example_dynamic_task_mapping_with_no_taskflow_operators.py
[2025-09-16T14:57:08.366+0000] {logging_mixin.py:188} INFO - [2025-09-16T14:57:08.365+0000] {dag.py:3096} INFO - Sync 1 DAGs
[2025-09-16T14:57:08.395+0000] {logging_mixin.py:188} INFO - [2025-09-16T14:57:08.395+0000] {dag.py:3954} INFO - Setting next_dagrun for example_dynamic_task_mapping_with_no_taskflow_operators to 2025-09-15 00:00:00+00:00, run_after=2025-09-16 00:00:00+00:00
[2025-09-16T14:57:08.422+0000] {processor.py:183} INFO - Processing /home/airflow/.local/lib/python3.12/site-packages/airflow/example_dags/example_dynamic_task_mapping_with_no_taskflow_operators.py took 0.111 seconds
[2025-09-16T14:57:38.618+0000] {processor.py:161} INFO - Started process (PID=499) to work on /home/airflow/.local/lib/python3.12/site-packages/airflow/example_dags/example_dynamic_task_mapping_with_no_taskflow_operators.py
[2025-09-16T14:57:38.619+0000] {processor.py:830} INFO - Processing file /home/airflow/.local/lib/python3.12/site-packages/airflow/example_dags/example_dynamic_task_mapping_with_no_taskflow_operators.py for tasks to queue
[2025-09-16T14:57:38.622+0000] {logging_mixin.py:188} INFO - [2025-09-16T14:57:38.621+0000] {dagbag.py:545} INFO - Filling up the DagBag from /home/airflow/.local/lib/python3.12/site-packages/airflow/example_dags/example_dynamic_task_mapping_with_no_taskflow_operators.py
[2025-09-16T14:57:38.630+0000] {processor.py:840} INFO - DAG(s) 'example_dynamic_task_mapping_with_no_taskflow_operators' retrieved from /home/airflow/.local/lib/python3.12/site-packages/airflow/example_dags/example_dynamic_task_mapping_with_no_taskflow_operators.py
[2025-09-16T14:57:38.655+0000] {logging_mixin.py:188} INFO - [2025-09-16T14:57:38.654+0000] {dag.py:3096} INFO - Sync 1 DAGs
[2025-09-16T14:57:38.694+0000] {logging_mixin.py:188} INFO - [2025-09-16T14:57:38.694+0000] {dag.py:3954} INFO - Setting next_dagrun for example_dynamic_task_mapping_with_no_taskflow_operators to 2025-09-15 00:00:00+00:00, run_after=2025-09-16 00:00:00+00:00
[2025-09-16T14:57:38.730+0000] {processor.py:183} INFO - Processing /home/airflow/.local/lib/python3.12/site-packages/airflow/example_dags/example_dynamic_task_mapping_with_no_taskflow_operators.py took 0.118 seconds
[2025-09-16T14:58:09.009+0000] {processor.py:161} INFO - Started process (PID=559) to work on /home/airflow/.local/lib/python3.12/site-packages/airflow/example_dags/example_dynamic_task_mapping_with_no_taskflow_operators.py
[2025-09-16T14:58:09.011+0000] {processor.py:830} INFO - Processing file /home/airflow/.local/lib/python3.12/site-packages/airflow/example_dags/example_dynamic_task_mapping_with_no_taskflow_operators.py for tasks to queue
[2025-09-16T14:58:09.015+0000] {logging_mixin.py:188} INFO - [2025-09-16T14:58:09.014+0000] {dagbag.py:545} INFO - Filling up the DagBag from /home/airflow/.local/lib/python3.12/site-packages/airflow/example_dags/example_dynamic_task_mapping_with_no_taskflow_operators.py
[2025-09-16T14:58:09.027+0000] {processor.py:840} INFO - DAG(s) 'example_dynamic_task_mapping_with_no_taskflow_operators' retrieved from /home/airflow/.local/lib/python3.12/site-packages/airflow/example_dags/example_dynamic_task_mapping_with_no_taskflow_operators.py
[2025-09-16T14:58:09.062+0000] {logging_mixin.py:188} INFO - [2025-09-16T14:58:09.061+0000] {dag.py:3096} INFO - Sync 1 DAGs
[2025-09-16T14:58:09.095+0000] {logging_mixin.py:188} INFO - [2025-09-16T14:58:09.095+0000] {dag.py:3954} INFO - Setting next_dagrun for example_dynamic_task_mapping_with_no_taskflow_operators to 2025-09-15 00:00:00+00:00, run_after=2025-09-16 00:00:00+00:00
[2025-09-16T14:58:09.123+0000] {processor.py:183} INFO - Processing /home/airflow/.local/lib/python3.12/site-packages/airflow/example_dags/example_dynamic_task_mapping_with_no_taskflow_operators.py took 0.127 seconds
[2025-09-16T14:58:39.459+0000] {processor.py:161} INFO - Started process (PID=618) to work on /home/airflow/.local/lib/python3.12/site-packages/airflow/example_dags/example_dynamic_task_mapping_with_no_taskflow_operators.py
[2025-09-16T14:58:39.461+0000] {processor.py:830} INFO - Processing file /home/airflow/.local/lib/python3.12/site-packages/airflow/example_dags/example_dynamic_task_mapping_with_no_taskflow_operators.py for tasks to queue
[2025-09-16T14:58:39.464+0000] {logging_mixin.py:188} INFO - [2025-09-16T14:58:39.464+0000] {dagbag.py:545} INFO - Filling up the DagBag from /home/airflow/.local/lib/python3.12/site-packages/airflow/example_dags/example_dynamic_task_mapping_with_no_taskflow_operators.py
[2025-09-16T14:58:39.472+0000] {processor.py:840} INFO - DAG(s) 'example_dynamic_task_mapping_with_no_taskflow_operators' retrieved from /home/airflow/.local/lib/python3.12/site-packages/airflow/example_dags/example_dynamic_task_mapping_with_no_taskflow_operators.py
[2025-09-16T14:58:39.498+0000] {logging_mixin.py:188} INFO - [2025-09-16T14:58:39.498+0000] {dag.py:3096} INFO - Sync 1 DAGs
[2025-09-16T14:58:39.531+0000] {logging_mixin.py:188} INFO - [2025-09-16T14:58:39.530+0000] {dag.py:3954} INFO - Setting next_dagrun for example_dynamic_task_mapping_with_no_taskflow_operators to 2025-09-15 00:00:00+00:00, run_after=2025-09-16 00:00:00+00:00
[2025-09-16T14:58:39.555+0000] {processor.py:183} INFO - Processing /home/airflow/.local/lib/python3.12/site-packages/airflow/example_dags/example_dynamic_task_mapping_with_no_taskflow_operators.py took 0.103 seconds
[2025-09-16T14:59:09.914+0000] {processor.py:161} INFO - Started process (PID=678) to work on /home/airflow/.local/lib/python3.12/site-packages/airflow/example_dags/example_dynamic_task_mapping_with_no_taskflow_operators.py
[2025-09-16T14:59:09.915+0000] {processor.py:830} INFO - Processing file /home/airflow/.local/lib/python3.12/site-packages/airflow/example_dags/example_dynamic_task_mapping_with_no_taskflow_operators.py for tasks to queue
[2025-09-16T14:59:09.918+0000] {logging_mixin.py:188} INFO - [2025-09-16T14:59:09.918+0000] {dagbag.py:545} INFO - Filling up the DagBag from /home/airflow/.local/lib/python3.12/site-packages/airflow/example_dags/example_dynamic_task_mapping_with_no_taskflow_operators.py
[2025-09-16T14:59:09.927+0000] {processor.py:840} INFO - DAG(s) 'example_dynamic_task_mapping_with_no_taskflow_operators' retrieved from /home/airflow/.local/lib/python3.12/site-packages/airflow/example_dags/example_dynamic_task_mapping_with_no_taskflow_operators.py
[2025-09-16T14:59:09.953+0000] {logging_mixin.py:188} INFO - [2025-09-16T14:59:09.952+0000] {dag.py:3096} INFO - Sync 1 DAGs
[2025-09-16T14:59:09.983+0000] {logging_mixin.py:188} INFO - [2025-09-16T14:59:09.982+0000] {dag.py:3954} INFO - Setting next_dagrun for example_dynamic_task_mapping_with_no_taskflow_operators to 2025-09-15 00:00:00+00:00, run_after=2025-09-16 00:00:00+00:00
[2025-09-16T14:59:10.006+0000] {processor.py:183} INFO - Processing /home/airflow/.local/lib/python3.12/site-packages/airflow/example_dags/example_dynamic_task_mapping_with_no_taskflow_operators.py took 0.100 seconds
[2025-09-16T14:59:40.164+0000] {processor.py:161} INFO - Started process (PID=738) to work on /home/airflow/.local/lib/python3.12/site-packages/airflow/example_dags/example_dynamic_task_mapping_with_no_taskflow_operators.py
[2025-09-16T14:59:40.166+0000] {processor.py:830} INFO - Processing file /home/airflow/.local/lib/python3.12/site-packages/airflow/example_dags/example_dynamic_task_mapping_with_no_taskflow_operators.py for tasks to queue
[2025-09-16T14:59:40.170+0000] {logging_mixin.py:188} INFO - [2025-09-16T14:59:40.169+0000] {dagbag.py:545} INFO - Filling up the DagBag from /home/airflow/.local/lib/python3.12/site-packages/airflow/example_dags/example_dynamic_task_mapping_with_no_taskflow_operators.py
[2025-09-16T14:59:40.180+0000] {processor.py:840} INFO - DAG(s) 'example_dynamic_task_mapping_with_no_taskflow_operators' retrieved from /home/airflow/.local/lib/python3.12/site-packages/airflow/example_dags/example_dynamic_task_mapping_with_no_taskflow_operators.py
[2025-09-16T14:59:40.206+0000] {logging_mixin.py:188} INFO - [2025-09-16T14:59:40.206+0000] {dag.py:3096} INFO - Sync 1 DAGs
[2025-09-16T14:59:40.236+0000] {logging_mixin.py:188} INFO - [2025-09-16T14:59:40.236+0000] {dag.py:3954} INFO - Setting next_dagrun for example_dynamic_task_mapping_with_no_taskflow_operators to 2025-09-15 00:00:00+00:00, run_after=2025-09-16 00:00:00+00:00
[2025-09-16T14:59:40.260+0000] {processor.py:183} INFO - Processing /home/airflow/.local/lib/python3.12/site-packages/airflow/example_dags/example_dynamic_task_mapping_with_no_taskflow_operators.py took 0.105 seconds
[2025-09-16T15:00:10.451+0000] {processor.py:161} INFO - Started process (PID=798) to work on /home/airflow/.local/lib/python3.12/site-packages/airflow/example_dags/example_dynamic_task_mapping_with_no_taskflow_operators.py
[2025-09-16T15:00:10.453+0000] {processor.py:830} INFO - Processing file /home/airflow/.local/lib/python3.12/site-packages/airflow/example_dags/example_dynamic_task_mapping_with_no_taskflow_operators.py for tasks to queue
[2025-09-16T15:00:10.457+0000] {logging_mixin.py:188} INFO - [2025-09-16T15:00:10.456+0000] {dagbag.py:545} INFO - Filling up the DagBag from /home/airflow/.local/lib/python3.12/site-packages/airflow/example_dags/example_dynamic_task_mapping_with_no_taskflow_operators.py
[2025-09-16T15:00:10.469+0000] {processor.py:840} INFO - DAG(s) 'example_dynamic_task_mapping_with_no_taskflow_operators' retrieved from /home/airflow/.local/lib/python3.12/site-packages/airflow/example_dags/example_dynamic_task_mapping_with_no_taskflow_operators.py
[2025-09-16T15:00:10.501+0000] {logging_mixin.py:188} INFO - [2025-09-16T15:00:10.500+0000] {dag.py:3096} INFO - Sync 1 DAGs
[2025-09-16T15:00:10.534+0000] {logging_mixin.py:188} INFO - [2025-09-16T15:00:10.534+0000] {dag.py:3954} INFO - Setting next_dagrun for example_dynamic_task_mapping_with_no_taskflow_operators to 2025-09-15 00:00:00+00:00, run_after=2025-09-16 00:00:00+00:00
[2025-09-16T15:00:10.563+0000] {processor.py:183} INFO - Processing /home/airflow/.local/lib/python3.12/site-packages/airflow/example_dags/example_dynamic_task_mapping_with_no_taskflow_operators.py took 0.123 seconds
[2025-09-16T15:01:46.705+0000] {processor.py:161} INFO - Started process (PID=74) to work on /home/airflow/.local/lib/python3.12/site-packages/airflow/example_dags/example_dynamic_task_mapping_with_no_taskflow_operators.py
[2025-09-16T15:01:46.708+0000] {processor.py:830} INFO - Processing file /home/airflow/.local/lib/python3.12/site-packages/airflow/example_dags/example_dynamic_task_mapping_with_no_taskflow_operators.py for tasks to queue
[2025-09-16T15:01:46.716+0000] {logging_mixin.py:188} INFO - [2025-09-16T15:01:46.715+0000] {dagbag.py:545} INFO - Filling up the DagBag from /home/airflow/.local/lib/python3.12/site-packages/airflow/example_dags/example_dynamic_task_mapping_with_no_taskflow_operators.py
[2025-09-16T15:01:46.772+0000] {processor.py:840} INFO - DAG(s) 'example_dynamic_task_mapping_with_no_taskflow_operators' retrieved from /home/airflow/.local/lib/python3.12/site-packages/airflow/example_dags/example_dynamic_task_mapping_with_no_taskflow_operators.py
[2025-09-16T15:01:47.237+0000] {logging_mixin.py:188} INFO - [2025-09-16T15:01:47.236+0000] {dag.py:3096} INFO - Sync 1 DAGs
[2025-09-16T15:01:47.308+0000] {logging_mixin.py:188} INFO - [2025-09-16T15:01:47.308+0000] {dag.py:3954} INFO - Setting next_dagrun for example_dynamic_task_mapping_with_no_taskflow_operators to 2025-09-15 00:00:00+00:00, run_after=2025-09-16 00:00:00+00:00
[2025-09-16T15:01:47.364+0000] {processor.py:183} INFO - Processing /home/airflow/.local/lib/python3.12/site-packages/airflow/example_dags/example_dynamic_task_mapping_with_no_taskflow_operators.py took 0.687 seconds
[2025-09-16T15:02:17.599+0000] {processor.py:161} INFO - Started process (PID=133) to work on /home/airflow/.local/lib/python3.12/site-packages/airflow/example_dags/example_dynamic_task_mapping_with_no_taskflow_operators.py
[2025-09-16T15:02:17.601+0000] {processor.py:830} INFO - Processing file /home/airflow/.local/lib/python3.12/site-packages/airflow/example_dags/example_dynamic_task_mapping_with_no_taskflow_operators.py for tasks to queue
[2025-09-16T15:02:17.606+0000] {logging_mixin.py:188} INFO - [2025-09-16T15:02:17.605+0000] {dagbag.py:545} INFO - Filling up the DagBag from /home/airflow/.local/lib/python3.12/site-packages/airflow/example_dags/example_dynamic_task_mapping_with_no_taskflow_operators.py
[2025-09-16T15:02:17.622+0000] {processor.py:840} INFO - DAG(s) 'example_dynamic_task_mapping_with_no_taskflow_operators' retrieved from /home/airflow/.local/lib/python3.12/site-packages/airflow/example_dags/example_dynamic_task_mapping_with_no_taskflow_operators.py
[2025-09-16T15:02:17.648+0000] {logging_mixin.py:188} INFO - [2025-09-16T15:02:17.648+0000] {dag.py:3096} INFO - Sync 1 DAGs
[2025-09-16T15:02:17.709+0000] {logging_mixin.py:188} INFO - [2025-09-16T15:02:17.709+0000] {dag.py:3954} INFO - Setting next_dagrun for example_dynamic_task_mapping_with_no_taskflow_operators to 2025-09-15 00:00:00+00:00, run_after=2025-09-16 00:00:00+00:00
[2025-09-16T15:02:17.762+0000] {processor.py:183} INFO - Processing /home/airflow/.local/lib/python3.12/site-packages/airflow/example_dags/example_dynamic_task_mapping_with_no_taskflow_operators.py took 0.176 seconds
[2025-09-16T15:02:48.485+0000] {processor.py:161} INFO - Started process (PID=193) to work on /home/airflow/.local/lib/python3.12/site-packages/airflow/example_dags/example_dynamic_task_mapping_with_no_taskflow_operators.py
[2025-09-16T15:02:48.487+0000] {processor.py:830} INFO - Processing file /home/airflow/.local/lib/python3.12/site-packages/airflow/example_dags/example_dynamic_task_mapping_with_no_taskflow_operators.py for tasks to queue
[2025-09-16T15:02:48.490+0000] {logging_mixin.py:188} INFO - [2025-09-16T15:02:48.489+0000] {dagbag.py:545} INFO - Filling up the DagBag from /home/airflow/.local/lib/python3.12/site-packages/airflow/example_dags/example_dynamic_task_mapping_with_no_taskflow_operators.py
[2025-09-16T15:02:48.499+0000] {processor.py:840} INFO - DAG(s) 'example_dynamic_task_mapping_with_no_taskflow_operators' retrieved from /home/airflow/.local/lib/python3.12/site-packages/airflow/example_dags/example_dynamic_task_mapping_with_no_taskflow_operators.py
[2025-09-16T15:02:48.633+0000] {logging_mixin.py:188} INFO - [2025-09-16T15:02:48.633+0000] {dag.py:3096} INFO - Sync 1 DAGs
[2025-09-16T15:02:48.660+0000] {logging_mixin.py:188} INFO - [2025-09-16T15:02:48.659+0000] {dag.py:3954} INFO - Setting next_dagrun for example_dynamic_task_mapping_with_no_taskflow_operators to 2025-09-15 00:00:00+00:00, run_after=2025-09-16 00:00:00+00:00
[2025-09-16T15:02:48.695+0000] {processor.py:183} INFO - Processing /home/airflow/.local/lib/python3.12/site-packages/airflow/example_dags/example_dynamic_task_mapping_with_no_taskflow_operators.py took 0.217 seconds
[2025-09-16T15:03:19.004+0000] {processor.py:161} INFO - Started process (PID=253) to work on /home/airflow/.local/lib/python3.12/site-packages/airflow/example_dags/example_dynamic_task_mapping_with_no_taskflow_operators.py
[2025-09-16T15:03:19.006+0000] {processor.py:830} INFO - Processing file /home/airflow/.local/lib/python3.12/site-packages/airflow/example_dags/example_dynamic_task_mapping_with_no_taskflow_operators.py for tasks to queue
[2025-09-16T15:03:19.009+0000] {logging_mixin.py:188} INFO - [2025-09-16T15:03:19.008+0000] {dagbag.py:545} INFO - Filling up the DagBag from /home/airflow/.local/lib/python3.12/site-packages/airflow/example_dags/example_dynamic_task_mapping_with_no_taskflow_operators.py
[2025-09-16T15:03:19.018+0000] {processor.py:840} INFO - DAG(s) 'example_dynamic_task_mapping_with_no_taskflow_operators' retrieved from /home/airflow/.local/lib/python3.12/site-packages/airflow/example_dags/example_dynamic_task_mapping_with_no_taskflow_operators.py
[2025-09-16T15:03:19.045+0000] {logging_mixin.py:188} INFO - [2025-09-16T15:03:19.045+0000] {dag.py:3096} INFO - Sync 1 DAGs
[2025-09-16T15:03:19.075+0000] {logging_mixin.py:188} INFO - [2025-09-16T15:03:19.075+0000] {dag.py:3954} INFO - Setting next_dagrun for example_dynamic_task_mapping_with_no_taskflow_operators to 2025-09-15 00:00:00+00:00, run_after=2025-09-16 00:00:00+00:00
[2025-09-16T15:03:19.099+0000] {processor.py:183} INFO - Processing /home/airflow/.local/lib/python3.12/site-packages/airflow/example_dags/example_dynamic_task_mapping_with_no_taskflow_operators.py took 0.103 seconds
[2025-09-16T15:03:49.274+0000] {processor.py:161} INFO - Started process (PID=313) to work on /home/airflow/.local/lib/python3.12/site-packages/airflow/example_dags/example_dynamic_task_mapping_with_no_taskflow_operators.py
[2025-09-16T15:03:49.276+0000] {processor.py:830} INFO - Processing file /home/airflow/.local/lib/python3.12/site-packages/airflow/example_dags/example_dynamic_task_mapping_with_no_taskflow_operators.py for tasks to queue
[2025-09-16T15:03:49.279+0000] {logging_mixin.py:188} INFO - [2025-09-16T15:03:49.278+0000] {dagbag.py:545} INFO - Filling up the DagBag from /home/airflow/.local/lib/python3.12/site-packages/airflow/example_dags/example_dynamic_task_mapping_with_no_taskflow_operators.py
[2025-09-16T15:03:49.288+0000] {processor.py:840} INFO - DAG(s) 'example_dynamic_task_mapping_with_no_taskflow_operators' retrieved from /home/airflow/.local/lib/python3.12/site-packages/airflow/example_dags/example_dynamic_task_mapping_with_no_taskflow_operators.py
[2025-09-16T15:03:49.311+0000] {logging_mixin.py:188} INFO - [2025-09-16T15:03:49.311+0000] {dag.py:3096} INFO - Sync 1 DAGs
[2025-09-16T15:03:49.341+0000] {logging_mixin.py:188} INFO - [2025-09-16T15:03:49.341+0000] {dag.py:3954} INFO - Setting next_dagrun for example_dynamic_task_mapping_with_no_taskflow_operators to 2025-09-15 00:00:00+00:00, run_after=2025-09-16 00:00:00+00:00
[2025-09-16T15:03:49.370+0000] {processor.py:183} INFO - Processing /home/airflow/.local/lib/python3.12/site-packages/airflow/example_dags/example_dynamic_task_mapping_with_no_taskflow_operators.py took 0.104 seconds
[2025-09-16T15:04:19.778+0000] {processor.py:161} INFO - Started process (PID=379) to work on /home/airflow/.local/lib/python3.12/site-packages/airflow/example_dags/example_dynamic_task_mapping_with_no_taskflow_operators.py
[2025-09-16T15:04:19.780+0000] {processor.py:830} INFO - Processing file /home/airflow/.local/lib/python3.12/site-packages/airflow/example_dags/example_dynamic_task_mapping_with_no_taskflow_operators.py for tasks to queue
[2025-09-16T15:04:19.783+0000] {logging_mixin.py:188} INFO - [2025-09-16T15:04:19.782+0000] {dagbag.py:545} INFO - Filling up the DagBag from /home/airflow/.local/lib/python3.12/site-packages/airflow/example_dags/example_dynamic_task_mapping_with_no_taskflow_operators.py
[2025-09-16T15:04:19.792+0000] {processor.py:840} INFO - DAG(s) 'example_dynamic_task_mapping_with_no_taskflow_operators' retrieved from /home/airflow/.local/lib/python3.12/site-packages/airflow/example_dags/example_dynamic_task_mapping_with_no_taskflow_operators.py
[2025-09-16T15:04:19.819+0000] {logging_mixin.py:188} INFO - [2025-09-16T15:04:19.818+0000] {dag.py:3096} INFO - Sync 1 DAGs
[2025-09-16T15:04:19.851+0000] {logging_mixin.py:188} INFO - [2025-09-16T15:04:19.851+0000] {dag.py:3954} INFO - Setting next_dagrun for example_dynamic_task_mapping_with_no_taskflow_operators to 2025-09-15 00:00:00+00:00, run_after=2025-09-16 00:00:00+00:00
[2025-09-16T15:04:19.882+0000] {processor.py:183} INFO - Processing /home/airflow/.local/lib/python3.12/site-packages/airflow/example_dags/example_dynamic_task_mapping_with_no_taskflow_operators.py took 0.112 seconds
[2025-09-16T15:04:50.370+0000] {processor.py:161} INFO - Started process (PID=439) to work on /home/airflow/.local/lib/python3.12/site-packages/airflow/example_dags/example_dynamic_task_mapping_with_no_taskflow_operators.py
[2025-09-16T15:04:50.371+0000] {processor.py:830} INFO - Processing file /home/airflow/.local/lib/python3.12/site-packages/airflow/example_dags/example_dynamic_task_mapping_with_no_taskflow_operators.py for tasks to queue
[2025-09-16T15:04:50.373+0000] {logging_mixin.py:188} INFO - [2025-09-16T15:04:50.373+0000] {dagbag.py:545} INFO - Filling up the DagBag from /home/airflow/.local/lib/python3.12/site-packages/airflow/example_dags/example_dynamic_task_mapping_with_no_taskflow_operators.py
[2025-09-16T15:04:50.381+0000] {processor.py:840} INFO - DAG(s) 'example_dynamic_task_mapping_with_no_taskflow_operators' retrieved from /home/airflow/.local/lib/python3.12/site-packages/airflow/example_dags/example_dynamic_task_mapping_with_no_taskflow_operators.py
[2025-09-16T15:04:50.403+0000] {logging_mixin.py:188} INFO - [2025-09-16T15:04:50.402+0000] {dag.py:3096} INFO - Sync 1 DAGs
[2025-09-16T15:04:50.428+0000] {logging_mixin.py:188} INFO - [2025-09-16T15:04:50.428+0000] {dag.py:3954} INFO - Setting next_dagrun for example_dynamic_task_mapping_with_no_taskflow_operators to 2025-09-15 00:00:00+00:00, run_after=2025-09-16 00:00:00+00:00
[2025-09-16T15:04:50.454+0000] {processor.py:183} INFO - Processing /home/airflow/.local/lib/python3.12/site-packages/airflow/example_dags/example_dynamic_task_mapping_with_no_taskflow_operators.py took 0.091 seconds
[2025-09-16T15:05:21.134+0000] {processor.py:161} INFO - Started process (PID=498) to work on /home/airflow/.local/lib/python3.12/site-packages/airflow/example_dags/example_dynamic_task_mapping_with_no_taskflow_operators.py
[2025-09-16T15:05:21.136+0000] {processor.py:830} INFO - Processing file /home/airflow/.local/lib/python3.12/site-packages/airflow/example_dags/example_dynamic_task_mapping_with_no_taskflow_operators.py for tasks to queue
[2025-09-16T15:05:21.139+0000] {logging_mixin.py:188} INFO - [2025-09-16T15:05:21.138+0000] {dagbag.py:545} INFO - Filling up the DagBag from /home/airflow/.local/lib/python3.12/site-packages/airflow/example_dags/example_dynamic_task_mapping_with_no_taskflow_operators.py
[2025-09-16T15:05:21.146+0000] {processor.py:840} INFO - DAG(s) 'example_dynamic_task_mapping_with_no_taskflow_operators' retrieved from /home/airflow/.local/lib/python3.12/site-packages/airflow/example_dags/example_dynamic_task_mapping_with_no_taskflow_operators.py
[2025-09-16T15:05:21.170+0000] {logging_mixin.py:188} INFO - [2025-09-16T15:05:21.170+0000] {dag.py:3096} INFO - Sync 1 DAGs
[2025-09-16T15:05:21.195+0000] {logging_mixin.py:188} INFO - [2025-09-16T15:05:21.195+0000] {dag.py:3954} INFO - Setting next_dagrun for example_dynamic_task_mapping_with_no_taskflow_operators to 2025-09-15 00:00:00+00:00, run_after=2025-09-16 00:00:00+00:00
[2025-09-16T15:05:21.217+0000] {processor.py:183} INFO - Processing /home/airflow/.local/lib/python3.12/site-packages/airflow/example_dags/example_dynamic_task_mapping_with_no_taskflow_operators.py took 0.090 seconds
[2025-09-16T15:05:51.729+0000] {processor.py:161} INFO - Started process (PID=558) to work on /home/airflow/.local/lib/python3.12/site-packages/airflow/example_dags/example_dynamic_task_mapping_with_no_taskflow_operators.py
[2025-09-16T15:05:51.731+0000] {processor.py:830} INFO - Processing file /home/airflow/.local/lib/python3.12/site-packages/airflow/example_dags/example_dynamic_task_mapping_with_no_taskflow_operators.py for tasks to queue
[2025-09-16T15:05:51.734+0000] {logging_mixin.py:188} INFO - [2025-09-16T15:05:51.734+0000] {dagbag.py:545} INFO - Filling up the DagBag from /home/airflow/.local/lib/python3.12/site-packages/airflow/example_dags/example_dynamic_task_mapping_with_no_taskflow_operators.py
[2025-09-16T15:05:51.744+0000] {processor.py:840} INFO - DAG(s) 'example_dynamic_task_mapping_with_no_taskflow_operators' retrieved from /home/airflow/.local/lib/python3.12/site-packages/airflow/example_dags/example_dynamic_task_mapping_with_no_taskflow_operators.py
[2025-09-16T15:05:51.770+0000] {logging_mixin.py:188} INFO - [2025-09-16T15:05:51.770+0000] {dag.py:3096} INFO - Sync 1 DAGs
[2025-09-16T15:05:51.796+0000] {logging_mixin.py:188} INFO - [2025-09-16T15:05:51.796+0000] {dag.py:3954} INFO - Setting next_dagrun for example_dynamic_task_mapping_with_no_taskflow_operators to 2025-09-15 00:00:00+00:00, run_after=2025-09-16 00:00:00+00:00
[2025-09-16T15:05:51.820+0000] {processor.py:183} INFO - Processing /home/airflow/.local/lib/python3.12/site-packages/airflow/example_dags/example_dynamic_task_mapping_with_no_taskflow_operators.py took 0.100 seconds
[2025-09-16T15:06:22.304+0000] {processor.py:161} INFO - Started process (PID=618) to work on /home/airflow/.local/lib/python3.12/site-packages/airflow/example_dags/example_dynamic_task_mapping_with_no_taskflow_operators.py
[2025-09-16T15:06:22.305+0000] {processor.py:830} INFO - Processing file /home/airflow/.local/lib/python3.12/site-packages/airflow/example_dags/example_dynamic_task_mapping_with_no_taskflow_operators.py for tasks to queue
[2025-09-16T15:06:22.308+0000] {logging_mixin.py:188} INFO - [2025-09-16T15:06:22.308+0000] {dagbag.py:545} INFO - Filling up the DagBag from /home/airflow/.local/lib/python3.12/site-packages/airflow/example_dags/example_dynamic_task_mapping_with_no_taskflow_operators.py
[2025-09-16T15:06:22.318+0000] {processor.py:840} INFO - DAG(s) 'example_dynamic_task_mapping_with_no_taskflow_operators' retrieved from /home/airflow/.local/lib/python3.12/site-packages/airflow/example_dags/example_dynamic_task_mapping_with_no_taskflow_operators.py
[2025-09-16T15:06:22.345+0000] {logging_mixin.py:188} INFO - [2025-09-16T15:06:22.345+0000] {dag.py:3096} INFO - Sync 1 DAGs
[2025-09-16T15:06:22.375+0000] {logging_mixin.py:188} INFO - [2025-09-16T15:06:22.374+0000] {dag.py:3954} INFO - Setting next_dagrun for example_dynamic_task_mapping_with_no_taskflow_operators to 2025-09-15 00:00:00+00:00, run_after=2025-09-16 00:00:00+00:00
[2025-09-16T15:06:22.400+0000] {processor.py:183} INFO - Processing /home/airflow/.local/lib/python3.12/site-packages/airflow/example_dags/example_dynamic_task_mapping_with_no_taskflow_operators.py took 0.106 seconds
[2025-09-16T15:06:52.782+0000] {processor.py:161} INFO - Started process (PID=678) to work on /home/airflow/.local/lib/python3.12/site-packages/airflow/example_dags/example_dynamic_task_mapping_with_no_taskflow_operators.py
[2025-09-16T15:06:52.784+0000] {processor.py:830} INFO - Processing file /home/airflow/.local/lib/python3.12/site-packages/airflow/example_dags/example_dynamic_task_mapping_with_no_taskflow_operators.py for tasks to queue
[2025-09-16T15:06:52.786+0000] {logging_mixin.py:188} INFO - [2025-09-16T15:06:52.786+0000] {dagbag.py:545} INFO - Filling up the DagBag from /home/airflow/.local/lib/python3.12/site-packages/airflow/example_dags/example_dynamic_task_mapping_with_no_taskflow_operators.py
[2025-09-16T15:06:52.794+0000] {processor.py:840} INFO - DAG(s) 'example_dynamic_task_mapping_with_no_taskflow_operators' retrieved from /home/airflow/.local/lib/python3.12/site-packages/airflow/example_dags/example_dynamic_task_mapping_with_no_taskflow_operators.py
[2025-09-16T15:06:52.817+0000] {logging_mixin.py:188} INFO - [2025-09-16T15:06:52.817+0000] {dag.py:3096} INFO - Sync 1 DAGs
[2025-09-16T15:06:52.847+0000] {logging_mixin.py:188} INFO - [2025-09-16T15:06:52.846+0000] {dag.py:3954} INFO - Setting next_dagrun for example_dynamic_task_mapping_with_no_taskflow_operators to 2025-09-15 00:00:00+00:00, run_after=2025-09-16 00:00:00+00:00
[2025-09-16T15:06:52.873+0000] {processor.py:183} INFO - Processing /home/airflow/.local/lib/python3.12/site-packages/airflow/example_dags/example_dynamic_task_mapping_with_no_taskflow_operators.py took 0.097 seconds
[2025-09-16T15:07:23.280+0000] {processor.py:161} INFO - Started process (PID=738) to work on /home/airflow/.local/lib/python3.12/site-packages/airflow/example_dags/example_dynamic_task_mapping_with_no_taskflow_operators.py
[2025-09-16T15:07:23.282+0000] {processor.py:830} INFO - Processing file /home/airflow/.local/lib/python3.12/site-packages/airflow/example_dags/example_dynamic_task_mapping_with_no_taskflow_operators.py for tasks to queue
[2025-09-16T15:07:23.285+0000] {logging_mixin.py:188} INFO - [2025-09-16T15:07:23.285+0000] {dagbag.py:545} INFO - Filling up the DagBag from /home/airflow/.local/lib/python3.12/site-packages/airflow/example_dags/example_dynamic_task_mapping_with_no_taskflow_operators.py
[2025-09-16T15:07:23.295+0000] {processor.py:840} INFO - DAG(s) 'example_dynamic_task_mapping_with_no_taskflow_operators' retrieved from /home/airflow/.local/lib/python3.12/site-packages/airflow/example_dags/example_dynamic_task_mapping_with_no_taskflow_operators.py
[2025-09-16T15:07:23.324+0000] {logging_mixin.py:188} INFO - [2025-09-16T15:07:23.323+0000] {dag.py:3096} INFO - Sync 1 DAGs
[2025-09-16T15:07:23.353+0000] {logging_mixin.py:188} INFO - [2025-09-16T15:07:23.353+0000] {dag.py:3954} INFO - Setting next_dagrun for example_dynamic_task_mapping_with_no_taskflow_operators to 2025-09-15 00:00:00+00:00, run_after=2025-09-16 00:00:00+00:00
[2025-09-16T15:07:23.381+0000] {processor.py:183} INFO - Processing /home/airflow/.local/lib/python3.12/site-packages/airflow/example_dags/example_dynamic_task_mapping_with_no_taskflow_operators.py took 0.109 seconds
[2025-09-16T15:07:53.970+0000] {processor.py:161} INFO - Started process (PID=798) to work on /home/airflow/.local/lib/python3.12/site-packages/airflow/example_dags/example_dynamic_task_mapping_with_no_taskflow_operators.py
[2025-09-16T15:07:53.972+0000] {processor.py:830} INFO - Processing file /home/airflow/.local/lib/python3.12/site-packages/airflow/example_dags/example_dynamic_task_mapping_with_no_taskflow_operators.py for tasks to queue
[2025-09-16T15:07:53.979+0000] {logging_mixin.py:188} INFO - [2025-09-16T15:07:53.978+0000] {dagbag.py:545} INFO - Filling up the DagBag from /home/airflow/.local/lib/python3.12/site-packages/airflow/example_dags/example_dynamic_task_mapping_with_no_taskflow_operators.py
[2025-09-16T15:07:53.997+0000] {processor.py:840} INFO - DAG(s) 'example_dynamic_task_mapping_with_no_taskflow_operators' retrieved from /home/airflow/.local/lib/python3.12/site-packages/airflow/example_dags/example_dynamic_task_mapping_with_no_taskflow_operators.py
[2025-09-16T15:07:54.042+0000] {logging_mixin.py:188} INFO - [2025-09-16T15:07:54.041+0000] {dag.py:3096} INFO - Sync 1 DAGs
[2025-09-16T15:07:54.085+0000] {logging_mixin.py:188} INFO - [2025-09-16T15:07:54.085+0000] {dag.py:3954} INFO - Setting next_dagrun for example_dynamic_task_mapping_with_no_taskflow_operators to 2025-09-15 00:00:00+00:00, run_after=2025-09-16 00:00:00+00:00
[2025-09-16T15:07:54.117+0000] {processor.py:183} INFO - Processing /home/airflow/.local/lib/python3.12/site-packages/airflow/example_dags/example_dynamic_task_mapping_with_no_taskflow_operators.py took 0.165 seconds
[2025-09-16T15:08:24.792+0000] {processor.py:161} INFO - Started process (PID=858) to work on /home/airflow/.local/lib/python3.12/site-packages/airflow/example_dags/example_dynamic_task_mapping_with_no_taskflow_operators.py
[2025-09-16T15:08:24.794+0000] {processor.py:830} INFO - Processing file /home/airflow/.local/lib/python3.12/site-packages/airflow/example_dags/example_dynamic_task_mapping_with_no_taskflow_operators.py for tasks to queue
[2025-09-16T15:08:24.796+0000] {logging_mixin.py:188} INFO - [2025-09-16T15:08:24.796+0000] {dagbag.py:545} INFO - Filling up the DagBag from /home/airflow/.local/lib/python3.12/site-packages/airflow/example_dags/example_dynamic_task_mapping_with_no_taskflow_operators.py
[2025-09-16T15:08:24.804+0000] {processor.py:840} INFO - DAG(s) 'example_dynamic_task_mapping_with_no_taskflow_operators' retrieved from /home/airflow/.local/lib/python3.12/site-packages/airflow/example_dags/example_dynamic_task_mapping_with_no_taskflow_operators.py
[2025-09-16T15:08:24.826+0000] {logging_mixin.py:188} INFO - [2025-09-16T15:08:24.825+0000] {dag.py:3096} INFO - Sync 1 DAGs
[2025-09-16T15:08:24.851+0000] {logging_mixin.py:188} INFO - [2025-09-16T15:08:24.850+0000] {dag.py:3954} INFO - Setting next_dagrun for example_dynamic_task_mapping_with_no_taskflow_operators to 2025-09-15 00:00:00+00:00, run_after=2025-09-16 00:00:00+00:00
[2025-09-16T15:08:24.876+0000] {processor.py:183} INFO - Processing /home/airflow/.local/lib/python3.12/site-packages/airflow/example_dags/example_dynamic_task_mapping_with_no_taskflow_operators.py took 0.090 seconds
[2025-09-16T15:08:55.075+0000] {processor.py:161} INFO - Started process (PID=918) to work on /home/airflow/.local/lib/python3.12/site-packages/airflow/example_dags/example_dynamic_task_mapping_with_no_taskflow_operators.py
[2025-09-16T15:08:55.077+0000] {processor.py:830} INFO - Processing file /home/airflow/.local/lib/python3.12/site-packages/airflow/example_dags/example_dynamic_task_mapping_with_no_taskflow_operators.py for tasks to queue
[2025-09-16T15:08:55.081+0000] {logging_mixin.py:188} INFO - [2025-09-16T15:08:55.080+0000] {dagbag.py:545} INFO - Filling up the DagBag from /home/airflow/.local/lib/python3.12/site-packages/airflow/example_dags/example_dynamic_task_mapping_with_no_taskflow_operators.py
[2025-09-16T15:08:55.088+0000] {processor.py:840} INFO - DAG(s) 'example_dynamic_task_mapping_with_no_taskflow_operators' retrieved from /home/airflow/.local/lib/python3.12/site-packages/airflow/example_dags/example_dynamic_task_mapping_with_no_taskflow_operators.py
[2025-09-16T15:08:55.111+0000] {logging_mixin.py:188} INFO - [2025-09-16T15:08:55.110+0000] {dag.py:3096} INFO - Sync 1 DAGs
[2025-09-16T15:08:55.140+0000] {logging_mixin.py:188} INFO - [2025-09-16T15:08:55.140+0000] {dag.py:3954} INFO - Setting next_dagrun for example_dynamic_task_mapping_with_no_taskflow_operators to 2025-09-15 00:00:00+00:00, run_after=2025-09-16 00:00:00+00:00
[2025-09-16T15:08:55.167+0000] {processor.py:183} INFO - Processing /home/airflow/.local/lib/python3.12/site-packages/airflow/example_dags/example_dynamic_task_mapping_with_no_taskflow_operators.py took 0.098 seconds
[2025-09-16T15:09:25.404+0000] {processor.py:161} INFO - Started process (PID=978) to work on /home/airflow/.local/lib/python3.12/site-packages/airflow/example_dags/example_dynamic_task_mapping_with_no_taskflow_operators.py
[2025-09-16T15:09:25.406+0000] {processor.py:830} INFO - Processing file /home/airflow/.local/lib/python3.12/site-packages/airflow/example_dags/example_dynamic_task_mapping_with_no_taskflow_operators.py for tasks to queue
[2025-09-16T15:09:25.411+0000] {logging_mixin.py:188} INFO - [2025-09-16T15:09:25.410+0000] {dagbag.py:545} INFO - Filling up the DagBag from /home/airflow/.local/lib/python3.12/site-packages/airflow/example_dags/example_dynamic_task_mapping_with_no_taskflow_operators.py
[2025-09-16T15:09:25.418+0000] {processor.py:840} INFO - DAG(s) 'example_dynamic_task_mapping_with_no_taskflow_operators' retrieved from /home/airflow/.local/lib/python3.12/site-packages/airflow/example_dags/example_dynamic_task_mapping_with_no_taskflow_operators.py
[2025-09-16T15:09:25.437+0000] {logging_mixin.py:188} INFO - [2025-09-16T15:09:25.437+0000] {dag.py:3096} INFO - Sync 1 DAGs
[2025-09-16T15:09:25.461+0000] {logging_mixin.py:188} INFO - [2025-09-16T15:09:25.460+0000] {dag.py:3954} INFO - Setting next_dagrun for example_dynamic_task_mapping_with_no_taskflow_operators to 2025-09-15 00:00:00+00:00, run_after=2025-09-16 00:00:00+00:00
[2025-09-16T15:09:25.481+0000] {processor.py:183} INFO - Processing /home/airflow/.local/lib/python3.12/site-packages/airflow/example_dags/example_dynamic_task_mapping_with_no_taskflow_operators.py took 0.082 seconds
[2025-09-16T15:09:55.950+0000] {processor.py:161} INFO - Started process (PID=1038) to work on /home/airflow/.local/lib/python3.12/site-packages/airflow/example_dags/example_dynamic_task_mapping_with_no_taskflow_operators.py
[2025-09-16T15:09:55.951+0000] {processor.py:830} INFO - Processing file /home/airflow/.local/lib/python3.12/site-packages/airflow/example_dags/example_dynamic_task_mapping_with_no_taskflow_operators.py for tasks to queue
[2025-09-16T15:09:55.953+0000] {logging_mixin.py:188} INFO - [2025-09-16T15:09:55.953+0000] {dagbag.py:545} INFO - Filling up the DagBag from /home/airflow/.local/lib/python3.12/site-packages/airflow/example_dags/example_dynamic_task_mapping_with_no_taskflow_operators.py
[2025-09-16T15:09:55.960+0000] {processor.py:840} INFO - DAG(s) 'example_dynamic_task_mapping_with_no_taskflow_operators' retrieved from /home/airflow/.local/lib/python3.12/site-packages/airflow/example_dags/example_dynamic_task_mapping_with_no_taskflow_operators.py
[2025-09-16T15:09:55.982+0000] {logging_mixin.py:188} INFO - [2025-09-16T15:09:55.981+0000] {dag.py:3096} INFO - Sync 1 DAGs
[2025-09-16T15:09:56.009+0000] {logging_mixin.py:188} INFO - [2025-09-16T15:09:56.009+0000] {dag.py:3954} INFO - Setting next_dagrun for example_dynamic_task_mapping_with_no_taskflow_operators to 2025-09-15 00:00:00+00:00, run_after=2025-09-16 00:00:00+00:00
[2025-09-16T15:09:56.034+0000] {processor.py:183} INFO - Processing /home/airflow/.local/lib/python3.12/site-packages/airflow/example_dags/example_dynamic_task_mapping_with_no_taskflow_operators.py took 0.090 seconds
[2025-09-16T15:10:26.317+0000] {processor.py:161} INFO - Started process (PID=1098) to work on /home/airflow/.local/lib/python3.12/site-packages/airflow/example_dags/example_dynamic_task_mapping_with_no_taskflow_operators.py
[2025-09-16T15:10:26.319+0000] {processor.py:830} INFO - Processing file /home/airflow/.local/lib/python3.12/site-packages/airflow/example_dags/example_dynamic_task_mapping_with_no_taskflow_operators.py for tasks to queue
[2025-09-16T15:10:26.322+0000] {logging_mixin.py:188} INFO - [2025-09-16T15:10:26.321+0000] {dagbag.py:545} INFO - Filling up the DagBag from /home/airflow/.local/lib/python3.12/site-packages/airflow/example_dags/example_dynamic_task_mapping_with_no_taskflow_operators.py
[2025-09-16T15:10:26.332+0000] {processor.py:840} INFO - DAG(s) 'example_dynamic_task_mapping_with_no_taskflow_operators' retrieved from /home/airflow/.local/lib/python3.12/site-packages/airflow/example_dags/example_dynamic_task_mapping_with_no_taskflow_operators.py
[2025-09-16T15:10:26.363+0000] {logging_mixin.py:188} INFO - [2025-09-16T15:10:26.362+0000] {dag.py:3096} INFO - Sync 1 DAGs
[2025-09-16T15:10:26.393+0000] {logging_mixin.py:188} INFO - [2025-09-16T15:10:26.393+0000] {dag.py:3954} INFO - Setting next_dagrun for example_dynamic_task_mapping_with_no_taskflow_operators to 2025-09-15 00:00:00+00:00, run_after=2025-09-16 00:00:00+00:00
[2025-09-16T15:10:26.421+0000] {processor.py:183} INFO - Processing /home/airflow/.local/lib/python3.12/site-packages/airflow/example_dags/example_dynamic_task_mapping_with_no_taskflow_operators.py took 0.111 seconds
[2025-09-16T15:10:57.028+0000] {processor.py:161} INFO - Started process (PID=1158) to work on /home/airflow/.local/lib/python3.12/site-packages/airflow/example_dags/example_dynamic_task_mapping_with_no_taskflow_operators.py
[2025-09-16T15:10:57.030+0000] {processor.py:830} INFO - Processing file /home/airflow/.local/lib/python3.12/site-packages/airflow/example_dags/example_dynamic_task_mapping_with_no_taskflow_operators.py for tasks to queue
[2025-09-16T15:10:57.033+0000] {logging_mixin.py:188} INFO - [2025-09-16T15:10:57.032+0000] {dagbag.py:545} INFO - Filling up the DagBag from /home/airflow/.local/lib/python3.12/site-packages/airflow/example_dags/example_dynamic_task_mapping_with_no_taskflow_operators.py
[2025-09-16T15:10:57.043+0000] {processor.py:840} INFO - DAG(s) 'example_dynamic_task_mapping_with_no_taskflow_operators' retrieved from /home/airflow/.local/lib/python3.12/site-packages/airflow/example_dags/example_dynamic_task_mapping_with_no_taskflow_operators.py
[2025-09-16T15:10:57.071+0000] {logging_mixin.py:188} INFO - [2025-09-16T15:10:57.071+0000] {dag.py:3096} INFO - Sync 1 DAGs
[2025-09-16T15:10:57.100+0000] {logging_mixin.py:188} INFO - [2025-09-16T15:10:57.100+0000] {dag.py:3954} INFO - Setting next_dagrun for example_dynamic_task_mapping_with_no_taskflow_operators to 2025-09-15 00:00:00+00:00, run_after=2025-09-16 00:00:00+00:00
[2025-09-16T15:10:57.128+0000] {processor.py:183} INFO - Processing /home/airflow/.local/lib/python3.12/site-packages/airflow/example_dags/example_dynamic_task_mapping_with_no_taskflow_operators.py took 0.107 seconds
[2025-09-16T15:11:27.568+0000] {processor.py:161} INFO - Started process (PID=1218) to work on /home/airflow/.local/lib/python3.12/site-packages/airflow/example_dags/example_dynamic_task_mapping_with_no_taskflow_operators.py
[2025-09-16T15:11:27.569+0000] {processor.py:830} INFO - Processing file /home/airflow/.local/lib/python3.12/site-packages/airflow/example_dags/example_dynamic_task_mapping_with_no_taskflow_operators.py for tasks to queue
[2025-09-16T15:11:27.573+0000] {logging_mixin.py:188} INFO - [2025-09-16T15:11:27.572+0000] {dagbag.py:545} INFO - Filling up the DagBag from /home/airflow/.local/lib/python3.12/site-packages/airflow/example_dags/example_dynamic_task_mapping_with_no_taskflow_operators.py
[2025-09-16T15:11:27.580+0000] {processor.py:840} INFO - DAG(s) 'example_dynamic_task_mapping_with_no_taskflow_operators' retrieved from /home/airflow/.local/lib/python3.12/site-packages/airflow/example_dags/example_dynamic_task_mapping_with_no_taskflow_operators.py
[2025-09-16T15:11:27.604+0000] {logging_mixin.py:188} INFO - [2025-09-16T15:11:27.604+0000] {dag.py:3096} INFO - Sync 1 DAGs
[2025-09-16T15:11:27.631+0000] {logging_mixin.py:188} INFO - [2025-09-16T15:11:27.630+0000] {dag.py:3954} INFO - Setting next_dagrun for example_dynamic_task_mapping_with_no_taskflow_operators to 2025-09-15 00:00:00+00:00, run_after=2025-09-16 00:00:00+00:00
[2025-09-16T15:11:27.654+0000] {processor.py:183} INFO - Processing /home/airflow/.local/lib/python3.12/site-packages/airflow/example_dags/example_dynamic_task_mapping_with_no_taskflow_operators.py took 0.093 seconds
[2025-09-16T15:11:58.187+0000] {processor.py:161} INFO - Started process (PID=1278) to work on /home/airflow/.local/lib/python3.12/site-packages/airflow/example_dags/example_dynamic_task_mapping_with_no_taskflow_operators.py
[2025-09-16T15:11:58.188+0000] {processor.py:830} INFO - Processing file /home/airflow/.local/lib/python3.12/site-packages/airflow/example_dags/example_dynamic_task_mapping_with_no_taskflow_operators.py for tasks to queue
[2025-09-16T15:11:58.191+0000] {logging_mixin.py:188} INFO - [2025-09-16T15:11:58.190+0000] {dagbag.py:545} INFO - Filling up the DagBag from /home/airflow/.local/lib/python3.12/site-packages/airflow/example_dags/example_dynamic_task_mapping_with_no_taskflow_operators.py
[2025-09-16T15:11:58.199+0000] {processor.py:840} INFO - DAG(s) 'example_dynamic_task_mapping_with_no_taskflow_operators' retrieved from /home/airflow/.local/lib/python3.12/site-packages/airflow/example_dags/example_dynamic_task_mapping_with_no_taskflow_operators.py
[2025-09-16T15:11:58.223+0000] {logging_mixin.py:188} INFO - [2025-09-16T15:11:58.222+0000] {dag.py:3096} INFO - Sync 1 DAGs
[2025-09-16T15:11:58.255+0000] {logging_mixin.py:188} INFO - [2025-09-16T15:11:58.254+0000] {dag.py:3954} INFO - Setting next_dagrun for example_dynamic_task_mapping_with_no_taskflow_operators to 2025-09-15 00:00:00+00:00, run_after=2025-09-16 00:00:00+00:00
[2025-09-16T15:11:58.280+0000] {processor.py:183} INFO - Processing /home/airflow/.local/lib/python3.12/site-packages/airflow/example_dags/example_dynamic_task_mapping_with_no_taskflow_operators.py took 0.099 seconds
[2025-09-16T15:12:28.807+0000] {processor.py:161} INFO - Started process (PID=1338) to work on /home/airflow/.local/lib/python3.12/site-packages/airflow/example_dags/example_dynamic_task_mapping_with_no_taskflow_operators.py
[2025-09-16T15:12:28.809+0000] {processor.py:830} INFO - Processing file /home/airflow/.local/lib/python3.12/site-packages/airflow/example_dags/example_dynamic_task_mapping_with_no_taskflow_operators.py for tasks to queue
[2025-09-16T15:12:28.813+0000] {logging_mixin.py:188} INFO - [2025-09-16T15:12:28.813+0000] {dagbag.py:545} INFO - Filling up the DagBag from /home/airflow/.local/lib/python3.12/site-packages/airflow/example_dags/example_dynamic_task_mapping_with_no_taskflow_operators.py
[2025-09-16T15:12:28.820+0000] {processor.py:840} INFO - DAG(s) 'example_dynamic_task_mapping_with_no_taskflow_operators' retrieved from /home/airflow/.local/lib/python3.12/site-packages/airflow/example_dags/example_dynamic_task_mapping_with_no_taskflow_operators.py
[2025-09-16T15:12:28.842+0000] {logging_mixin.py:188} INFO - [2025-09-16T15:12:28.841+0000] {dag.py:3096} INFO - Sync 1 DAGs
[2025-09-16T15:12:28.866+0000] {logging_mixin.py:188} INFO - [2025-09-16T15:12:28.866+0000] {dag.py:3954} INFO - Setting next_dagrun for example_dynamic_task_mapping_with_no_taskflow_operators to 2025-09-15 00:00:00+00:00, run_after=2025-09-16 00:00:00+00:00
[2025-09-16T15:12:28.886+0000] {processor.py:183} INFO - Processing /home/airflow/.local/lib/python3.12/site-packages/airflow/example_dags/example_dynamic_task_mapping_with_no_taskflow_operators.py took 0.085 seconds
[2025-09-16T15:12:59.036+0000] {processor.py:161} INFO - Started process (PID=1398) to work on /home/airflow/.local/lib/python3.12/site-packages/airflow/example_dags/example_dynamic_task_mapping_with_no_taskflow_operators.py
[2025-09-16T15:12:59.038+0000] {processor.py:830} INFO - Processing file /home/airflow/.local/lib/python3.12/site-packages/airflow/example_dags/example_dynamic_task_mapping_with_no_taskflow_operators.py for tasks to queue
[2025-09-16T15:12:59.043+0000] {logging_mixin.py:188} INFO - [2025-09-16T15:12:59.042+0000] {dagbag.py:545} INFO - Filling up the DagBag from /home/airflow/.local/lib/python3.12/site-packages/airflow/example_dags/example_dynamic_task_mapping_with_no_taskflow_operators.py
[2025-09-16T15:12:59.057+0000] {processor.py:840} INFO - DAG(s) 'example_dynamic_task_mapping_with_no_taskflow_operators' retrieved from /home/airflow/.local/lib/python3.12/site-packages/airflow/example_dags/example_dynamic_task_mapping_with_no_taskflow_operators.py
[2025-09-16T15:12:59.098+0000] {logging_mixin.py:188} INFO - [2025-09-16T15:12:59.098+0000] {dag.py:3096} INFO - Sync 1 DAGs
[2025-09-16T15:12:59.141+0000] {logging_mixin.py:188} INFO - [2025-09-16T15:12:59.141+0000] {dag.py:3954} INFO - Setting next_dagrun for example_dynamic_task_mapping_with_no_taskflow_operators to 2025-09-15 00:00:00+00:00, run_after=2025-09-16 00:00:00+00:00
[2025-09-16T15:12:59.177+0000] {processor.py:183} INFO - Processing /home/airflow/.local/lib/python3.12/site-packages/airflow/example_dags/example_dynamic_task_mapping_with_no_taskflow_operators.py took 0.151 seconds
[2025-09-16T15:13:29.348+0000] {processor.py:161} INFO - Started process (PID=1458) to work on /home/airflow/.local/lib/python3.12/site-packages/airflow/example_dags/example_dynamic_task_mapping_with_no_taskflow_operators.py
[2025-09-16T15:13:29.349+0000] {processor.py:830} INFO - Processing file /home/airflow/.local/lib/python3.12/site-packages/airflow/example_dags/example_dynamic_task_mapping_with_no_taskflow_operators.py for tasks to queue
[2025-09-16T15:13:29.352+0000] {logging_mixin.py:188} INFO - [2025-09-16T15:13:29.351+0000] {dagbag.py:545} INFO - Filling up the DagBag from /home/airflow/.local/lib/python3.12/site-packages/airflow/example_dags/example_dynamic_task_mapping_with_no_taskflow_operators.py
[2025-09-16T15:13:29.360+0000] {processor.py:840} INFO - DAG(s) 'example_dynamic_task_mapping_with_no_taskflow_operators' retrieved from /home/airflow/.local/lib/python3.12/site-packages/airflow/example_dags/example_dynamic_task_mapping_with_no_taskflow_operators.py
[2025-09-16T15:13:29.384+0000] {logging_mixin.py:188} INFO - [2025-09-16T15:13:29.384+0000] {dag.py:3096} INFO - Sync 1 DAGs
[2025-09-16T15:13:29.412+0000] {logging_mixin.py:188} INFO - [2025-09-16T15:13:29.412+0000] {dag.py:3954} INFO - Setting next_dagrun for example_dynamic_task_mapping_with_no_taskflow_operators to 2025-09-15 00:00:00+00:00, run_after=2025-09-16 00:00:00+00:00
[2025-09-16T15:13:29.438+0000] {processor.py:183} INFO - Processing /home/airflow/.local/lib/python3.12/site-packages/airflow/example_dags/example_dynamic_task_mapping_with_no_taskflow_operators.py took 0.098 seconds
[2025-09-16T15:13:59.922+0000] {processor.py:161} INFO - Started process (PID=1518) to work on /home/airflow/.local/lib/python3.12/site-packages/airflow/example_dags/example_dynamic_task_mapping_with_no_taskflow_operators.py
[2025-09-16T15:13:59.924+0000] {processor.py:830} INFO - Processing file /home/airflow/.local/lib/python3.12/site-packages/airflow/example_dags/example_dynamic_task_mapping_with_no_taskflow_operators.py for tasks to queue
[2025-09-16T15:13:59.927+0000] {logging_mixin.py:188} INFO - [2025-09-16T15:13:59.926+0000] {dagbag.py:545} INFO - Filling up the DagBag from /home/airflow/.local/lib/python3.12/site-packages/airflow/example_dags/example_dynamic_task_mapping_with_no_taskflow_operators.py
[2025-09-16T15:13:59.937+0000] {processor.py:840} INFO - DAG(s) 'example_dynamic_task_mapping_with_no_taskflow_operators' retrieved from /home/airflow/.local/lib/python3.12/site-packages/airflow/example_dags/example_dynamic_task_mapping_with_no_taskflow_operators.py
[2025-09-16T15:13:59.967+0000] {logging_mixin.py:188} INFO - [2025-09-16T15:13:59.967+0000] {dag.py:3096} INFO - Sync 1 DAGs
[2025-09-16T15:14:00.000+0000] {logging_mixin.py:188} INFO - [2025-09-16T15:14:00.000+0000] {dag.py:3954} INFO - Setting next_dagrun for example_dynamic_task_mapping_with_no_taskflow_operators to 2025-09-15 00:00:00+00:00, run_after=2025-09-16 00:00:00+00:00
[2025-09-16T15:14:00.048+0000] {processor.py:183} INFO - Processing /home/airflow/.local/lib/python3.12/site-packages/airflow/example_dags/example_dynamic_task_mapping_with_no_taskflow_operators.py took 0.133 seconds
