[2025-09-16T14:07:50.405+0000] {processor.py:161} INFO - Started process (PID=132) to work on /home/airflow/.local/lib/python3.12/site-packages/airflow/example_dags/example_dag_decorator.py
[2025-09-16T14:07:50.412+0000] {processor.py:830} INFO - Processing file /home/airflow/.local/lib/python3.12/site-packages/airflow/example_dags/example_dag_decorator.py for tasks to queue
[2025-09-16T14:07:50.427+0000] {logging_mixin.py:188} INFO - [2025-09-16T14:07:50.425+0000] {dagbag.py:545} INFO - Filling up the DagBag from /home/airflow/.local/lib/python3.12/site-packages/airflow/example_dags/example_dag_decorator.py
[2025-09-16T14:07:51.354+0000] {processor.py:840} INFO - DAG(s) 'example_dag_decorator' retrieved from /home/airflow/.local/lib/python3.12/site-packages/airflow/example_dags/example_dag_decorator.py
[2025-09-16T14:07:51.416+0000] {logging_mixin.py:188} INFO - [2025-09-16T14:07:51.415+0000] {dag.py:3096} INFO - Sync 1 DAGs
[2025-09-16T14:07:51.511+0000] {logging_mixin.py:188} INFO - [2025-09-16T14:07:51.510+0000] {dag.py:3954} INFO - Setting next_dagrun for example_dag_decorator to None, run_after=None
[2025-09-16T14:07:51.633+0000] {processor.py:183} INFO - Processing /home/airflow/.local/lib/python3.12/site-packages/airflow/example_dags/example_dag_decorator.py took 1.272 seconds
[2025-09-16T14:08:22.277+0000] {processor.py:161} INFO - Started process (PID=190) to work on /home/airflow/.local/lib/python3.12/site-packages/airflow/example_dags/example_dag_decorator.py
[2025-09-16T14:08:22.280+0000] {processor.py:830} INFO - Processing file /home/airflow/.local/lib/python3.12/site-packages/airflow/example_dags/example_dag_decorator.py for tasks to queue
[2025-09-16T14:08:22.284+0000] {logging_mixin.py:188} INFO - [2025-09-16T14:08:22.284+0000] {dagbag.py:545} INFO - Filling up the DagBag from /home/airflow/.local/lib/python3.12/site-packages/airflow/example_dags/example_dag_decorator.py
[2025-09-16T14:08:22.501+0000] {processor.py:840} INFO - DAG(s) 'example_dag_decorator' retrieved from /home/airflow/.local/lib/python3.12/site-packages/airflow/example_dags/example_dag_decorator.py
[2025-09-16T14:08:22.689+0000] {logging_mixin.py:188} INFO - [2025-09-16T14:08:22.689+0000] {dag.py:3096} INFO - Sync 1 DAGs
[2025-09-16T14:08:22.710+0000] {logging_mixin.py:188} INFO - [2025-09-16T14:08:22.709+0000] {dag.py:3954} INFO - Setting next_dagrun for example_dag_decorator to None, run_after=None
[2025-09-16T14:08:22.747+0000] {processor.py:183} INFO - Processing /home/airflow/.local/lib/python3.12/site-packages/airflow/example_dags/example_dag_decorator.py took 0.480 seconds
[2025-09-16T14:08:52.847+0000] {processor.py:161} INFO - Started process (PID=251) to work on /home/airflow/.local/lib/python3.12/site-packages/airflow/example_dags/example_dag_decorator.py
[2025-09-16T14:08:52.853+0000] {processor.py:830} INFO - Processing file /home/airflow/.local/lib/python3.12/site-packages/airflow/example_dags/example_dag_decorator.py for tasks to queue
[2025-09-16T14:08:52.868+0000] {logging_mixin.py:188} INFO - [2025-09-16T14:08:52.866+0000] {dagbag.py:545} INFO - Filling up the DagBag from /home/airflow/.local/lib/python3.12/site-packages/airflow/example_dags/example_dag_decorator.py
[2025-09-16T14:08:53.144+0000] {processor.py:840} INFO - DAG(s) 'example_dag_decorator' retrieved from /home/airflow/.local/lib/python3.12/site-packages/airflow/example_dags/example_dag_decorator.py
[2025-09-16T14:08:53.399+0000] {logging_mixin.py:188} INFO - [2025-09-16T14:08:53.399+0000] {dag.py:3096} INFO - Sync 1 DAGs
[2025-09-16T14:08:53.427+0000] {logging_mixin.py:188} INFO - [2025-09-16T14:08:53.427+0000] {dag.py:3954} INFO - Setting next_dagrun for example_dag_decorator to None, run_after=None
[2025-09-16T14:08:53.474+0000] {processor.py:183} INFO - Processing /home/airflow/.local/lib/python3.12/site-packages/airflow/example_dags/example_dag_decorator.py took 0.656 seconds
[2025-09-16T14:09:24.229+0000] {processor.py:161} INFO - Started process (PID=311) to work on /home/airflow/.local/lib/python3.12/site-packages/airflow/example_dags/example_dag_decorator.py
[2025-09-16T14:09:24.231+0000] {processor.py:830} INFO - Processing file /home/airflow/.local/lib/python3.12/site-packages/airflow/example_dags/example_dag_decorator.py for tasks to queue
[2025-09-16T14:09:24.234+0000] {logging_mixin.py:188} INFO - [2025-09-16T14:09:24.233+0000] {dagbag.py:545} INFO - Filling up the DagBag from /home/airflow/.local/lib/python3.12/site-packages/airflow/example_dags/example_dag_decorator.py
[2025-09-16T14:09:24.418+0000] {processor.py:840} INFO - DAG(s) 'example_dag_decorator' retrieved from /home/airflow/.local/lib/python3.12/site-packages/airflow/example_dags/example_dag_decorator.py
[2025-09-16T14:09:24.564+0000] {logging_mixin.py:188} INFO - [2025-09-16T14:09:24.564+0000] {dag.py:3096} INFO - Sync 1 DAGs
[2025-09-16T14:09:24.580+0000] {logging_mixin.py:188} INFO - [2025-09-16T14:09:24.580+0000] {dag.py:3954} INFO - Setting next_dagrun for example_dag_decorator to None, run_after=None
[2025-09-16T14:09:24.644+0000] {processor.py:183} INFO - Processing /home/airflow/.local/lib/python3.12/site-packages/airflow/example_dags/example_dag_decorator.py took 0.425 seconds
[2025-09-16T14:09:55.015+0000] {processor.py:161} INFO - Started process (PID=371) to work on /home/airflow/.local/lib/python3.12/site-packages/airflow/example_dags/example_dag_decorator.py
[2025-09-16T14:09:55.017+0000] {processor.py:830} INFO - Processing file /home/airflow/.local/lib/python3.12/site-packages/airflow/example_dags/example_dag_decorator.py for tasks to queue
[2025-09-16T14:09:55.020+0000] {logging_mixin.py:188} INFO - [2025-09-16T14:09:55.020+0000] {dagbag.py:545} INFO - Filling up the DagBag from /home/airflow/.local/lib/python3.12/site-packages/airflow/example_dags/example_dag_decorator.py
[2025-09-16T14:09:55.184+0000] {processor.py:840} INFO - DAG(s) 'example_dag_decorator' retrieved from /home/airflow/.local/lib/python3.12/site-packages/airflow/example_dags/example_dag_decorator.py
[2025-09-16T14:09:55.312+0000] {logging_mixin.py:188} INFO - [2025-09-16T14:09:55.312+0000] {dag.py:3096} INFO - Sync 1 DAGs
[2025-09-16T14:09:55.328+0000] {logging_mixin.py:188} INFO - [2025-09-16T14:09:55.327+0000] {dag.py:3954} INFO - Setting next_dagrun for example_dag_decorator to None, run_after=None
[2025-09-16T14:09:55.355+0000] {processor.py:183} INFO - Processing /home/airflow/.local/lib/python3.12/site-packages/airflow/example_dags/example_dag_decorator.py took 0.347 seconds
[2025-09-16T14:10:25.511+0000] {processor.py:161} INFO - Started process (PID=431) to work on /home/airflow/.local/lib/python3.12/site-packages/airflow/example_dags/example_dag_decorator.py
[2025-09-16T14:10:25.513+0000] {processor.py:830} INFO - Processing file /home/airflow/.local/lib/python3.12/site-packages/airflow/example_dags/example_dag_decorator.py for tasks to queue
[2025-09-16T14:10:25.515+0000] {logging_mixin.py:188} INFO - [2025-09-16T14:10:25.515+0000] {dagbag.py:545} INFO - Filling up the DagBag from /home/airflow/.local/lib/python3.12/site-packages/airflow/example_dags/example_dag_decorator.py
[2025-09-16T14:10:25.665+0000] {processor.py:840} INFO - DAG(s) 'example_dag_decorator' retrieved from /home/airflow/.local/lib/python3.12/site-packages/airflow/example_dags/example_dag_decorator.py
[2025-09-16T14:10:25.808+0000] {logging_mixin.py:188} INFO - [2025-09-16T14:10:25.808+0000] {dag.py:3096} INFO - Sync 1 DAGs
[2025-09-16T14:10:25.824+0000] {logging_mixin.py:188} INFO - [2025-09-16T14:10:25.824+0000] {dag.py:3954} INFO - Setting next_dagrun for example_dag_decorator to None, run_after=None
[2025-09-16T14:10:25.852+0000] {processor.py:183} INFO - Processing /home/airflow/.local/lib/python3.12/site-packages/airflow/example_dags/example_dag_decorator.py took 0.348 seconds
[2025-09-16T14:10:56.058+0000] {processor.py:161} INFO - Started process (PID=493) to work on /home/airflow/.local/lib/python3.12/site-packages/airflow/example_dags/example_dag_decorator.py
[2025-09-16T14:10:56.059+0000] {processor.py:830} INFO - Processing file /home/airflow/.local/lib/python3.12/site-packages/airflow/example_dags/example_dag_decorator.py for tasks to queue
[2025-09-16T14:10:56.062+0000] {logging_mixin.py:188} INFO - [2025-09-16T14:10:56.061+0000] {dagbag.py:545} INFO - Filling up the DagBag from /home/airflow/.local/lib/python3.12/site-packages/airflow/example_dags/example_dag_decorator.py
[2025-09-16T14:10:56.213+0000] {processor.py:840} INFO - DAG(s) 'example_dag_decorator' retrieved from /home/airflow/.local/lib/python3.12/site-packages/airflow/example_dags/example_dag_decorator.py
[2025-09-16T14:10:56.337+0000] {logging_mixin.py:188} INFO - [2025-09-16T14:10:56.337+0000] {dag.py:3096} INFO - Sync 1 DAGs
[2025-09-16T14:10:56.349+0000] {logging_mixin.py:188} INFO - [2025-09-16T14:10:56.349+0000] {dag.py:3954} INFO - Setting next_dagrun for example_dag_decorator to None, run_after=None
[2025-09-16T14:10:56.379+0000] {processor.py:183} INFO - Processing /home/airflow/.local/lib/python3.12/site-packages/airflow/example_dags/example_dag_decorator.py took 0.329 seconds
[2025-09-16T14:11:26.510+0000] {processor.py:161} INFO - Started process (PID=551) to work on /home/airflow/.local/lib/python3.12/site-packages/airflow/example_dags/example_dag_decorator.py
[2025-09-16T14:11:26.511+0000] {processor.py:830} INFO - Processing file /home/airflow/.local/lib/python3.12/site-packages/airflow/example_dags/example_dag_decorator.py for tasks to queue
[2025-09-16T14:11:26.514+0000] {logging_mixin.py:188} INFO - [2025-09-16T14:11:26.513+0000] {dagbag.py:545} INFO - Filling up the DagBag from /home/airflow/.local/lib/python3.12/site-packages/airflow/example_dags/example_dag_decorator.py
[2025-09-16T14:11:26.681+0000] {processor.py:840} INFO - DAG(s) 'example_dag_decorator' retrieved from /home/airflow/.local/lib/python3.12/site-packages/airflow/example_dags/example_dag_decorator.py
[2025-09-16T14:11:26.861+0000] {logging_mixin.py:188} INFO - [2025-09-16T14:11:26.861+0000] {dag.py:3096} INFO - Sync 1 DAGs
[2025-09-16T14:11:26.880+0000] {logging_mixin.py:188} INFO - [2025-09-16T14:11:26.879+0000] {dag.py:3954} INFO - Setting next_dagrun for example_dag_decorator to None, run_after=None
[2025-09-16T14:11:26.911+0000] {processor.py:183} INFO - Processing /home/airflow/.local/lib/python3.12/site-packages/airflow/example_dags/example_dag_decorator.py took 0.411 seconds
[2025-09-16T14:11:57.258+0000] {processor.py:161} INFO - Started process (PID=613) to work on /home/airflow/.local/lib/python3.12/site-packages/airflow/example_dags/example_dag_decorator.py
[2025-09-16T14:11:57.262+0000] {processor.py:830} INFO - Processing file /home/airflow/.local/lib/python3.12/site-packages/airflow/example_dags/example_dag_decorator.py for tasks to queue
[2025-09-16T14:11:57.268+0000] {logging_mixin.py:188} INFO - [2025-09-16T14:11:57.267+0000] {dagbag.py:545} INFO - Filling up the DagBag from /home/airflow/.local/lib/python3.12/site-packages/airflow/example_dags/example_dag_decorator.py
[2025-09-16T14:11:57.464+0000] {processor.py:840} INFO - DAG(s) 'example_dag_decorator' retrieved from /home/airflow/.local/lib/python3.12/site-packages/airflow/example_dags/example_dag_decorator.py
[2025-09-16T14:11:57.613+0000] {logging_mixin.py:188} INFO - [2025-09-16T14:11:57.613+0000] {dag.py:3096} INFO - Sync 1 DAGs
[2025-09-16T14:11:57.629+0000] {logging_mixin.py:188} INFO - [2025-09-16T14:11:57.629+0000] {dag.py:3954} INFO - Setting next_dagrun for example_dag_decorator to None, run_after=None
[2025-09-16T14:11:57.660+0000] {processor.py:183} INFO - Processing /home/airflow/.local/lib/python3.12/site-packages/airflow/example_dags/example_dag_decorator.py took 0.416 seconds
[2025-09-16T14:12:28.352+0000] {processor.py:161} INFO - Started process (PID=673) to work on /home/airflow/.local/lib/python3.12/site-packages/airflow/example_dags/example_dag_decorator.py
[2025-09-16T14:12:28.354+0000] {processor.py:830} INFO - Processing file /home/airflow/.local/lib/python3.12/site-packages/airflow/example_dags/example_dag_decorator.py for tasks to queue
[2025-09-16T14:12:28.357+0000] {logging_mixin.py:188} INFO - [2025-09-16T14:12:28.357+0000] {dagbag.py:545} INFO - Filling up the DagBag from /home/airflow/.local/lib/python3.12/site-packages/airflow/example_dags/example_dag_decorator.py
[2025-09-16T14:12:28.562+0000] {processor.py:840} INFO - DAG(s) 'example_dag_decorator' retrieved from /home/airflow/.local/lib/python3.12/site-packages/airflow/example_dags/example_dag_decorator.py
[2025-09-16T14:12:28.775+0000] {logging_mixin.py:188} INFO - [2025-09-16T14:12:28.774+0000] {dag.py:3096} INFO - Sync 1 DAGs
[2025-09-16T14:12:28.794+0000] {logging_mixin.py:188} INFO - [2025-09-16T14:12:28.793+0000] {dag.py:3954} INFO - Setting next_dagrun for example_dag_decorator to None, run_after=None
[2025-09-16T14:12:28.828+0000] {processor.py:183} INFO - Processing /home/airflow/.local/lib/python3.12/site-packages/airflow/example_dags/example_dag_decorator.py took 0.487 seconds
[2025-09-16T14:12:58.943+0000] {processor.py:161} INFO - Started process (PID=734) to work on /home/airflow/.local/lib/python3.12/site-packages/airflow/example_dags/example_dag_decorator.py
[2025-09-16T14:12:58.945+0000] {processor.py:830} INFO - Processing file /home/airflow/.local/lib/python3.12/site-packages/airflow/example_dags/example_dag_decorator.py for tasks to queue
[2025-09-16T14:12:58.947+0000] {logging_mixin.py:188} INFO - [2025-09-16T14:12:58.947+0000] {dagbag.py:545} INFO - Filling up the DagBag from /home/airflow/.local/lib/python3.12/site-packages/airflow/example_dags/example_dag_decorator.py
[2025-09-16T14:12:59.109+0000] {processor.py:840} INFO - DAG(s) 'example_dag_decorator' retrieved from /home/airflow/.local/lib/python3.12/site-packages/airflow/example_dags/example_dag_decorator.py
[2025-09-16T14:12:59.265+0000] {logging_mixin.py:188} INFO - [2025-09-16T14:12:59.264+0000] {dag.py:3096} INFO - Sync 1 DAGs
[2025-09-16T14:12:59.279+0000] {logging_mixin.py:188} INFO - [2025-09-16T14:12:59.279+0000] {dag.py:3954} INFO - Setting next_dagrun for example_dag_decorator to None, run_after=None
[2025-09-16T14:12:59.308+0000] {processor.py:183} INFO - Processing /home/airflow/.local/lib/python3.12/site-packages/airflow/example_dags/example_dag_decorator.py took 0.373 seconds
[2025-09-16T14:13:30.178+0000] {processor.py:161} INFO - Started process (PID=794) to work on /home/airflow/.local/lib/python3.12/site-packages/airflow/example_dags/example_dag_decorator.py
[2025-09-16T14:13:30.180+0000] {processor.py:830} INFO - Processing file /home/airflow/.local/lib/python3.12/site-packages/airflow/example_dags/example_dag_decorator.py for tasks to queue
[2025-09-16T14:13:30.183+0000] {logging_mixin.py:188} INFO - [2025-09-16T14:13:30.182+0000] {dagbag.py:545} INFO - Filling up the DagBag from /home/airflow/.local/lib/python3.12/site-packages/airflow/example_dags/example_dag_decorator.py
[2025-09-16T14:13:30.416+0000] {processor.py:840} INFO - DAG(s) 'example_dag_decorator' retrieved from /home/airflow/.local/lib/python3.12/site-packages/airflow/example_dags/example_dag_decorator.py
[2025-09-16T14:13:30.604+0000] {logging_mixin.py:188} INFO - [2025-09-16T14:13:30.603+0000] {dag.py:3096} INFO - Sync 1 DAGs
[2025-09-16T14:13:30.620+0000] {logging_mixin.py:188} INFO - [2025-09-16T14:13:30.619+0000] {dag.py:3954} INFO - Setting next_dagrun for example_dag_decorator to None, run_after=None
[2025-09-16T14:13:30.659+0000] {processor.py:183} INFO - Processing /home/airflow/.local/lib/python3.12/site-packages/airflow/example_dags/example_dag_decorator.py took 0.489 seconds
[2025-09-16T14:14:00.900+0000] {processor.py:161} INFO - Started process (PID=862) to work on /home/airflow/.local/lib/python3.12/site-packages/airflow/example_dags/example_dag_decorator.py
[2025-09-16T14:14:00.902+0000] {processor.py:830} INFO - Processing file /home/airflow/.local/lib/python3.12/site-packages/airflow/example_dags/example_dag_decorator.py for tasks to queue
[2025-09-16T14:14:00.906+0000] {logging_mixin.py:188} INFO - [2025-09-16T14:14:00.906+0000] {dagbag.py:545} INFO - Filling up the DagBag from /home/airflow/.local/lib/python3.12/site-packages/airflow/example_dags/example_dag_decorator.py
[2025-09-16T14:14:01.275+0000] {processor.py:840} INFO - DAG(s) 'example_dag_decorator' retrieved from /home/airflow/.local/lib/python3.12/site-packages/airflow/example_dags/example_dag_decorator.py
[2025-09-16T14:14:01.510+0000] {logging_mixin.py:188} INFO - [2025-09-16T14:14:01.509+0000] {dag.py:3096} INFO - Sync 1 DAGs
[2025-09-16T14:14:01.528+0000] {logging_mixin.py:188} INFO - [2025-09-16T14:14:01.527+0000] {dag.py:3954} INFO - Setting next_dagrun for example_dag_decorator to None, run_after=None
[2025-09-16T14:14:01.569+0000] {processor.py:183} INFO - Processing /home/airflow/.local/lib/python3.12/site-packages/airflow/example_dags/example_dag_decorator.py took 0.680 seconds
[2025-09-16T14:14:31.741+0000] {processor.py:161} INFO - Started process (PID=927) to work on /home/airflow/.local/lib/python3.12/site-packages/airflow/example_dags/example_dag_decorator.py
[2025-09-16T14:14:31.743+0000] {processor.py:830} INFO - Processing file /home/airflow/.local/lib/python3.12/site-packages/airflow/example_dags/example_dag_decorator.py for tasks to queue
[2025-09-16T14:14:31.747+0000] {logging_mixin.py:188} INFO - [2025-09-16T14:14:31.746+0000] {dagbag.py:545} INFO - Filling up the DagBag from /home/airflow/.local/lib/python3.12/site-packages/airflow/example_dags/example_dag_decorator.py
[2025-09-16T14:14:31.928+0000] {processor.py:840} INFO - DAG(s) 'example_dag_decorator' retrieved from /home/airflow/.local/lib/python3.12/site-packages/airflow/example_dags/example_dag_decorator.py
[2025-09-16T14:14:32.089+0000] {logging_mixin.py:188} INFO - [2025-09-16T14:14:32.088+0000] {dag.py:3096} INFO - Sync 1 DAGs
[2025-09-16T14:14:32.105+0000] {logging_mixin.py:188} INFO - [2025-09-16T14:14:32.105+0000] {dag.py:3954} INFO - Setting next_dagrun for example_dag_decorator to None, run_after=None
[2025-09-16T14:14:32.143+0000] {processor.py:183} INFO - Processing /home/airflow/.local/lib/python3.12/site-packages/airflow/example_dags/example_dag_decorator.py took 0.414 seconds
[2025-09-16T14:16:41.843+0000] {processor.py:161} INFO - Started process (PID=85) to work on /home/airflow/.local/lib/python3.12/site-packages/airflow/example_dags/example_dag_decorator.py
[2025-09-16T14:16:41.845+0000] {processor.py:830} INFO - Processing file /home/airflow/.local/lib/python3.12/site-packages/airflow/example_dags/example_dag_decorator.py for tasks to queue
[2025-09-16T14:16:41.849+0000] {logging_mixin.py:188} INFO - [2025-09-16T14:16:41.848+0000] {dagbag.py:545} INFO - Filling up the DagBag from /home/airflow/.local/lib/python3.12/site-packages/airflow/example_dags/example_dag_decorator.py
[2025-09-16T14:16:42.450+0000] {processor.py:840} INFO - DAG(s) 'example_dag_decorator' retrieved from /home/airflow/.local/lib/python3.12/site-packages/airflow/example_dags/example_dag_decorator.py
[2025-09-16T14:16:42.669+0000] {logging_mixin.py:188} INFO - [2025-09-16T14:16:42.668+0000] {dag.py:3096} INFO - Sync 1 DAGs
[2025-09-16T14:16:42.697+0000] {logging_mixin.py:188} INFO - [2025-09-16T14:16:42.696+0000] {dag.py:3954} INFO - Setting next_dagrun for example_dag_decorator to None, run_after=None
[2025-09-16T14:16:42.745+0000] {processor.py:183} INFO - Processing /home/airflow/.local/lib/python3.12/site-packages/airflow/example_dags/example_dag_decorator.py took 0.911 seconds
[2025-09-16T14:17:13.538+0000] {processor.py:161} INFO - Started process (PID=146) to work on /home/airflow/.local/lib/python3.12/site-packages/airflow/example_dags/example_dag_decorator.py
[2025-09-16T14:17:13.540+0000] {processor.py:830} INFO - Processing file /home/airflow/.local/lib/python3.12/site-packages/airflow/example_dags/example_dag_decorator.py for tasks to queue
[2025-09-16T14:17:13.546+0000] {logging_mixin.py:188} INFO - [2025-09-16T14:17:13.545+0000] {dagbag.py:545} INFO - Filling up the DagBag from /home/airflow/.local/lib/python3.12/site-packages/airflow/example_dags/example_dag_decorator.py
[2025-09-16T14:17:13.709+0000] {processor.py:840} INFO - DAG(s) 'example_dag_decorator' retrieved from /home/airflow/.local/lib/python3.12/site-packages/airflow/example_dags/example_dag_decorator.py
[2025-09-16T14:17:13.849+0000] {logging_mixin.py:188} INFO - [2025-09-16T14:17:13.849+0000] {dag.py:3096} INFO - Sync 1 DAGs
[2025-09-16T14:17:13.865+0000] {logging_mixin.py:188} INFO - [2025-09-16T14:17:13.865+0000] {dag.py:3954} INFO - Setting next_dagrun for example_dag_decorator to None, run_after=None
[2025-09-16T14:17:13.897+0000] {processor.py:183} INFO - Processing /home/airflow/.local/lib/python3.12/site-packages/airflow/example_dags/example_dag_decorator.py took 0.367 seconds
[2025-09-16T14:17:44.416+0000] {processor.py:161} INFO - Started process (PID=207) to work on /home/airflow/.local/lib/python3.12/site-packages/airflow/example_dags/example_dag_decorator.py
[2025-09-16T14:17:44.418+0000] {processor.py:830} INFO - Processing file /home/airflow/.local/lib/python3.12/site-packages/airflow/example_dags/example_dag_decorator.py for tasks to queue
[2025-09-16T14:17:44.422+0000] {logging_mixin.py:188} INFO - [2025-09-16T14:17:44.421+0000] {dagbag.py:545} INFO - Filling up the DagBag from /home/airflow/.local/lib/python3.12/site-packages/airflow/example_dags/example_dag_decorator.py
[2025-09-16T14:17:44.732+0000] {processor.py:840} INFO - DAG(s) 'example_dag_decorator' retrieved from /home/airflow/.local/lib/python3.12/site-packages/airflow/example_dags/example_dag_decorator.py
[2025-09-16T14:17:45.138+0000] {logging_mixin.py:188} INFO - [2025-09-16T14:17:45.138+0000] {dag.py:3096} INFO - Sync 1 DAGs
[2025-09-16T14:17:45.205+0000] {logging_mixin.py:188} INFO - [2025-09-16T14:17:45.204+0000] {dag.py:3954} INFO - Setting next_dagrun for example_dag_decorator to None, run_after=None
[2025-09-16T14:17:45.278+0000] {processor.py:183} INFO - Processing /home/airflow/.local/lib/python3.12/site-packages/airflow/example_dags/example_dag_decorator.py took 0.872 seconds
[2025-09-16T14:18:15.581+0000] {processor.py:161} INFO - Started process (PID=265) to work on /home/airflow/.local/lib/python3.12/site-packages/airflow/example_dags/example_dag_decorator.py
[2025-09-16T14:18:15.583+0000] {processor.py:830} INFO - Processing file /home/airflow/.local/lib/python3.12/site-packages/airflow/example_dags/example_dag_decorator.py for tasks to queue
[2025-09-16T14:18:15.587+0000] {logging_mixin.py:188} INFO - [2025-09-16T14:18:15.586+0000] {dagbag.py:545} INFO - Filling up the DagBag from /home/airflow/.local/lib/python3.12/site-packages/airflow/example_dags/example_dag_decorator.py
[2025-09-16T14:18:15.746+0000] {processor.py:840} INFO - DAG(s) 'example_dag_decorator' retrieved from /home/airflow/.local/lib/python3.12/site-packages/airflow/example_dags/example_dag_decorator.py
[2025-09-16T14:18:15.893+0000] {logging_mixin.py:188} INFO - [2025-09-16T14:18:15.893+0000] {dag.py:3096} INFO - Sync 1 DAGs
[2025-09-16T14:18:15.908+0000] {logging_mixin.py:188} INFO - [2025-09-16T14:18:15.907+0000] {dag.py:3954} INFO - Setting next_dagrun for example_dag_decorator to None, run_after=None
[2025-09-16T14:18:15.933+0000] {processor.py:183} INFO - Processing /home/airflow/.local/lib/python3.12/site-packages/airflow/example_dags/example_dag_decorator.py took 0.360 seconds
[2025-09-16T14:18:46.022+0000] {processor.py:161} INFO - Started process (PID=325) to work on /home/airflow/.local/lib/python3.12/site-packages/airflow/example_dags/example_dag_decorator.py
[2025-09-16T14:18:46.024+0000] {processor.py:830} INFO - Processing file /home/airflow/.local/lib/python3.12/site-packages/airflow/example_dags/example_dag_decorator.py for tasks to queue
[2025-09-16T14:18:46.027+0000] {logging_mixin.py:188} INFO - [2025-09-16T14:18:46.026+0000] {dagbag.py:545} INFO - Filling up the DagBag from /home/airflow/.local/lib/python3.12/site-packages/airflow/example_dags/example_dag_decorator.py
[2025-09-16T14:18:46.181+0000] {processor.py:840} INFO - DAG(s) 'example_dag_decorator' retrieved from /home/airflow/.local/lib/python3.12/site-packages/airflow/example_dags/example_dag_decorator.py
[2025-09-16T14:18:46.214+0000] {logging_mixin.py:188} INFO - [2025-09-16T14:18:46.213+0000] {dag.py:3096} INFO - Sync 1 DAGs
[2025-09-16T14:18:46.230+0000] {logging_mixin.py:188} INFO - [2025-09-16T14:18:46.230+0000] {dag.py:3954} INFO - Setting next_dagrun for example_dag_decorator to None, run_after=None
[2025-09-16T14:18:46.264+0000] {processor.py:183} INFO - Processing /home/airflow/.local/lib/python3.12/site-packages/airflow/example_dags/example_dag_decorator.py took 0.250 seconds
[2025-09-16T14:19:16.450+0000] {processor.py:161} INFO - Started process (PID=387) to work on /home/airflow/.local/lib/python3.12/site-packages/airflow/example_dags/example_dag_decorator.py
[2025-09-16T14:19:16.452+0000] {processor.py:830} INFO - Processing file /home/airflow/.local/lib/python3.12/site-packages/airflow/example_dags/example_dag_decorator.py for tasks to queue
[2025-09-16T14:19:16.455+0000] {logging_mixin.py:188} INFO - [2025-09-16T14:19:16.454+0000] {dagbag.py:545} INFO - Filling up the DagBag from /home/airflow/.local/lib/python3.12/site-packages/airflow/example_dags/example_dag_decorator.py
[2025-09-16T14:19:16.622+0000] {processor.py:840} INFO - DAG(s) 'example_dag_decorator' retrieved from /home/airflow/.local/lib/python3.12/site-packages/airflow/example_dags/example_dag_decorator.py
[2025-09-16T14:19:16.786+0000] {logging_mixin.py:188} INFO - [2025-09-16T14:19:16.786+0000] {dag.py:3096} INFO - Sync 1 DAGs
[2025-09-16T14:19:16.804+0000] {logging_mixin.py:188} INFO - [2025-09-16T14:19:16.804+0000] {dag.py:3954} INFO - Setting next_dagrun for example_dag_decorator to None, run_after=None
[2025-09-16T14:19:16.845+0000] {processor.py:183} INFO - Processing /home/airflow/.local/lib/python3.12/site-packages/airflow/example_dags/example_dag_decorator.py took 0.404 seconds
[2025-09-16T14:19:47.737+0000] {processor.py:161} INFO - Started process (PID=447) to work on /home/airflow/.local/lib/python3.12/site-packages/airflow/example_dags/example_dag_decorator.py
[2025-09-16T14:19:47.743+0000] {processor.py:830} INFO - Processing file /home/airflow/.local/lib/python3.12/site-packages/airflow/example_dags/example_dag_decorator.py for tasks to queue
[2025-09-16T14:19:47.746+0000] {logging_mixin.py:188} INFO - [2025-09-16T14:19:47.746+0000] {dagbag.py:545} INFO - Filling up the DagBag from /home/airflow/.local/lib/python3.12/site-packages/airflow/example_dags/example_dag_decorator.py
[2025-09-16T14:19:47.898+0000] {processor.py:840} INFO - DAG(s) 'example_dag_decorator' retrieved from /home/airflow/.local/lib/python3.12/site-packages/airflow/example_dags/example_dag_decorator.py
[2025-09-16T14:19:48.055+0000] {logging_mixin.py:188} INFO - [2025-09-16T14:19:48.055+0000] {dag.py:3096} INFO - Sync 1 DAGs
[2025-09-16T14:19:48.071+0000] {logging_mixin.py:188} INFO - [2025-09-16T14:19:48.071+0000] {dag.py:3954} INFO - Setting next_dagrun for example_dag_decorator to None, run_after=None
[2025-09-16T14:19:48.098+0000] {processor.py:183} INFO - Processing /home/airflow/.local/lib/python3.12/site-packages/airflow/example_dags/example_dag_decorator.py took 0.368 seconds
[2025-09-16T14:20:18.751+0000] {processor.py:161} INFO - Started process (PID=507) to work on /home/airflow/.local/lib/python3.12/site-packages/airflow/example_dags/example_dag_decorator.py
[2025-09-16T14:20:18.752+0000] {processor.py:830} INFO - Processing file /home/airflow/.local/lib/python3.12/site-packages/airflow/example_dags/example_dag_decorator.py for tasks to queue
[2025-09-16T14:20:18.755+0000] {logging_mixin.py:188} INFO - [2025-09-16T14:20:18.755+0000] {dagbag.py:545} INFO - Filling up the DagBag from /home/airflow/.local/lib/python3.12/site-packages/airflow/example_dags/example_dag_decorator.py
[2025-09-16T14:20:18.957+0000] {processor.py:840} INFO - DAG(s) 'example_dag_decorator' retrieved from /home/airflow/.local/lib/python3.12/site-packages/airflow/example_dags/example_dag_decorator.py
[2025-09-16T14:20:19.115+0000] {logging_mixin.py:188} INFO - [2025-09-16T14:20:19.114+0000] {dag.py:3096} INFO - Sync 1 DAGs
[2025-09-16T14:20:19.135+0000] {logging_mixin.py:188} INFO - [2025-09-16T14:20:19.134+0000] {dag.py:3954} INFO - Setting next_dagrun for example_dag_decorator to None, run_after=None
[2025-09-16T14:20:19.191+0000] {processor.py:183} INFO - Processing /home/airflow/.local/lib/python3.12/site-packages/airflow/example_dags/example_dag_decorator.py took 0.451 seconds
[2025-09-16T14:20:49.254+0000] {processor.py:161} INFO - Started process (PID=567) to work on /home/airflow/.local/lib/python3.12/site-packages/airflow/example_dags/example_dag_decorator.py
[2025-09-16T14:20:49.256+0000] {processor.py:830} INFO - Processing file /home/airflow/.local/lib/python3.12/site-packages/airflow/example_dags/example_dag_decorator.py for tasks to queue
[2025-09-16T14:20:49.259+0000] {logging_mixin.py:188} INFO - [2025-09-16T14:20:49.259+0000] {dagbag.py:545} INFO - Filling up the DagBag from /home/airflow/.local/lib/python3.12/site-packages/airflow/example_dags/example_dag_decorator.py
[2025-09-16T14:20:49.425+0000] {processor.py:840} INFO - DAG(s) 'example_dag_decorator' retrieved from /home/airflow/.local/lib/python3.12/site-packages/airflow/example_dags/example_dag_decorator.py
[2025-09-16T14:20:49.603+0000] {logging_mixin.py:188} INFO - [2025-09-16T14:20:49.603+0000] {dag.py:3096} INFO - Sync 1 DAGs
[2025-09-16T14:20:49.621+0000] {logging_mixin.py:188} INFO - [2025-09-16T14:20:49.620+0000] {dag.py:3954} INFO - Setting next_dagrun for example_dag_decorator to None, run_after=None
[2025-09-16T14:20:49.662+0000] {processor.py:183} INFO - Processing /home/airflow/.local/lib/python3.12/site-packages/airflow/example_dags/example_dag_decorator.py took 0.416 seconds
[2025-09-16T14:54:07.632+0000] {processor.py:161} INFO - Started process (PID=84) to work on /home/airflow/.local/lib/python3.12/site-packages/airflow/example_dags/example_dag_decorator.py
[2025-09-16T14:54:07.638+0000] {processor.py:830} INFO - Processing file /home/airflow/.local/lib/python3.12/site-packages/airflow/example_dags/example_dag_decorator.py for tasks to queue
[2025-09-16T14:54:07.643+0000] {logging_mixin.py:188} INFO - [2025-09-16T14:54:07.642+0000] {dagbag.py:545} INFO - Filling up the DagBag from /home/airflow/.local/lib/python3.12/site-packages/airflow/example_dags/example_dag_decorator.py
[2025-09-16T14:54:08.234+0000] {processor.py:840} INFO - DAG(s) 'example_dag_decorator' retrieved from /home/airflow/.local/lib/python3.12/site-packages/airflow/example_dags/example_dag_decorator.py
[2025-09-16T14:54:08.449+0000] {logging_mixin.py:188} INFO - [2025-09-16T14:54:08.448+0000] {dag.py:3096} INFO - Sync 1 DAGs
[2025-09-16T14:54:08.473+0000] {logging_mixin.py:188} INFO - [2025-09-16T14:54:08.472+0000] {dag.py:3954} INFO - Setting next_dagrun for example_dag_decorator to None, run_after=None
[2025-09-16T14:54:08.515+0000] {processor.py:183} INFO - Processing /home/airflow/.local/lib/python3.12/site-packages/airflow/example_dags/example_dag_decorator.py took 0.896 seconds
[2025-09-16T14:54:38.821+0000] {processor.py:161} INFO - Started process (PID=143) to work on /home/airflow/.local/lib/python3.12/site-packages/airflow/example_dags/example_dag_decorator.py
[2025-09-16T14:54:38.823+0000] {processor.py:830} INFO - Processing file /home/airflow/.local/lib/python3.12/site-packages/airflow/example_dags/example_dag_decorator.py for tasks to queue
[2025-09-16T14:54:38.827+0000] {logging_mixin.py:188} INFO - [2025-09-16T14:54:38.826+0000] {dagbag.py:545} INFO - Filling up the DagBag from /home/airflow/.local/lib/python3.12/site-packages/airflow/example_dags/example_dag_decorator.py
[2025-09-16T14:54:38.989+0000] {processor.py:840} INFO - DAG(s) 'example_dag_decorator' retrieved from /home/airflow/.local/lib/python3.12/site-packages/airflow/example_dags/example_dag_decorator.py
[2025-09-16T14:54:39.142+0000] {logging_mixin.py:188} INFO - [2025-09-16T14:54:39.142+0000] {dag.py:3096} INFO - Sync 1 DAGs
[2025-09-16T14:54:39.159+0000] {logging_mixin.py:188} INFO - [2025-09-16T14:54:39.159+0000] {dag.py:3954} INFO - Setting next_dagrun for example_dag_decorator to None, run_after=None
[2025-09-16T14:54:39.219+0000] {processor.py:183} INFO - Processing /home/airflow/.local/lib/python3.12/site-packages/airflow/example_dags/example_dag_decorator.py took 0.408 seconds
[2025-09-16T14:55:10.066+0000] {processor.py:161} INFO - Started process (PID=204) to work on /home/airflow/.local/lib/python3.12/site-packages/airflow/example_dags/example_dag_decorator.py
[2025-09-16T14:55:10.068+0000] {processor.py:830} INFO - Processing file /home/airflow/.local/lib/python3.12/site-packages/airflow/example_dags/example_dag_decorator.py for tasks to queue
[2025-09-16T14:55:10.070+0000] {logging_mixin.py:188} INFO - [2025-09-16T14:55:10.070+0000] {dagbag.py:545} INFO - Filling up the DagBag from /home/airflow/.local/lib/python3.12/site-packages/airflow/example_dags/example_dag_decorator.py
[2025-09-16T14:55:10.223+0000] {processor.py:840} INFO - DAG(s) 'example_dag_decorator' retrieved from /home/airflow/.local/lib/python3.12/site-packages/airflow/example_dags/example_dag_decorator.py
[2025-09-16T14:55:10.260+0000] {logging_mixin.py:188} INFO - [2025-09-16T14:55:10.260+0000] {dag.py:3096} INFO - Sync 1 DAGs
[2025-09-16T14:55:10.279+0000] {logging_mixin.py:188} INFO - [2025-09-16T14:55:10.278+0000] {dag.py:3954} INFO - Setting next_dagrun for example_dag_decorator to None, run_after=None
[2025-09-16T14:55:10.312+0000] {processor.py:183} INFO - Processing /home/airflow/.local/lib/python3.12/site-packages/airflow/example_dags/example_dag_decorator.py took 0.252 seconds
[2025-09-16T14:55:40.885+0000] {processor.py:161} INFO - Started process (PID=263) to work on /home/airflow/.local/lib/python3.12/site-packages/airflow/example_dags/example_dag_decorator.py
[2025-09-16T14:55:40.888+0000] {processor.py:830} INFO - Processing file /home/airflow/.local/lib/python3.12/site-packages/airflow/example_dags/example_dag_decorator.py for tasks to queue
[2025-09-16T14:55:40.892+0000] {logging_mixin.py:188} INFO - [2025-09-16T14:55:40.892+0000] {dagbag.py:545} INFO - Filling up the DagBag from /home/airflow/.local/lib/python3.12/site-packages/airflow/example_dags/example_dag_decorator.py
[2025-09-16T14:55:41.092+0000] {processor.py:840} INFO - DAG(s) 'example_dag_decorator' retrieved from /home/airflow/.local/lib/python3.12/site-packages/airflow/example_dags/example_dag_decorator.py
[2025-09-16T14:55:41.124+0000] {logging_mixin.py:188} INFO - [2025-09-16T14:55:41.124+0000] {dag.py:3096} INFO - Sync 1 DAGs
[2025-09-16T14:55:41.141+0000] {logging_mixin.py:188} INFO - [2025-09-16T14:55:41.140+0000] {dag.py:3954} INFO - Setting next_dagrun for example_dag_decorator to None, run_after=None
[2025-09-16T14:55:41.192+0000] {processor.py:183} INFO - Processing /home/airflow/.local/lib/python3.12/site-packages/airflow/example_dags/example_dag_decorator.py took 0.324 seconds
[2025-09-16T14:56:11.252+0000] {processor.py:161} INFO - Started process (PID=324) to work on /home/airflow/.local/lib/python3.12/site-packages/airflow/example_dags/example_dag_decorator.py
[2025-09-16T14:56:11.255+0000] {processor.py:830} INFO - Processing file /home/airflow/.local/lib/python3.12/site-packages/airflow/example_dags/example_dag_decorator.py for tasks to queue
[2025-09-16T14:56:11.262+0000] {logging_mixin.py:188} INFO - [2025-09-16T14:56:11.260+0000] {dagbag.py:545} INFO - Filling up the DagBag from /home/airflow/.local/lib/python3.12/site-packages/airflow/example_dags/example_dag_decorator.py
[2025-09-16T14:56:11.548+0000] {processor.py:840} INFO - DAG(s) 'example_dag_decorator' retrieved from /home/airflow/.local/lib/python3.12/site-packages/airflow/example_dags/example_dag_decorator.py
[2025-09-16T14:56:11.765+0000] {logging_mixin.py:188} INFO - [2025-09-16T14:56:11.765+0000] {dag.py:3096} INFO - Sync 1 DAGs
[2025-09-16T14:56:11.783+0000] {logging_mixin.py:188} INFO - [2025-09-16T14:56:11.782+0000] {dag.py:3954} INFO - Setting next_dagrun for example_dag_decorator to None, run_after=None
[2025-09-16T14:56:11.825+0000] {processor.py:183} INFO - Processing /home/airflow/.local/lib/python3.12/site-packages/airflow/example_dags/example_dag_decorator.py took 0.590 seconds
[2025-09-16T14:56:42.716+0000] {processor.py:161} INFO - Started process (PID=385) to work on /home/airflow/.local/lib/python3.12/site-packages/airflow/example_dags/example_dag_decorator.py
[2025-09-16T14:56:42.717+0000] {processor.py:830} INFO - Processing file /home/airflow/.local/lib/python3.12/site-packages/airflow/example_dags/example_dag_decorator.py for tasks to queue
[2025-09-16T14:56:42.720+0000] {logging_mixin.py:188} INFO - [2025-09-16T14:56:42.720+0000] {dagbag.py:545} INFO - Filling up the DagBag from /home/airflow/.local/lib/python3.12/site-packages/airflow/example_dags/example_dag_decorator.py
[2025-09-16T14:56:42.888+0000] {processor.py:840} INFO - DAG(s) 'example_dag_decorator' retrieved from /home/airflow/.local/lib/python3.12/site-packages/airflow/example_dags/example_dag_decorator.py
[2025-09-16T14:56:43.056+0000] {logging_mixin.py:188} INFO - [2025-09-16T14:56:43.055+0000] {dag.py:3096} INFO - Sync 1 DAGs
[2025-09-16T14:56:43.074+0000] {logging_mixin.py:188} INFO - [2025-09-16T14:56:43.074+0000] {dag.py:3954} INFO - Setting next_dagrun for example_dag_decorator to None, run_after=None
[2025-09-16T14:56:43.107+0000] {processor.py:183} INFO - Processing /home/airflow/.local/lib/python3.12/site-packages/airflow/example_dags/example_dag_decorator.py took 0.400 seconds
[2025-09-16T14:57:13.560+0000] {processor.py:161} INFO - Started process (PID=445) to work on /home/airflow/.local/lib/python3.12/site-packages/airflow/example_dags/example_dag_decorator.py
[2025-09-16T14:57:13.562+0000] {processor.py:830} INFO - Processing file /home/airflow/.local/lib/python3.12/site-packages/airflow/example_dags/example_dag_decorator.py for tasks to queue
[2025-09-16T14:57:13.564+0000] {logging_mixin.py:188} INFO - [2025-09-16T14:57:13.564+0000] {dagbag.py:545} INFO - Filling up the DagBag from /home/airflow/.local/lib/python3.12/site-packages/airflow/example_dags/example_dag_decorator.py
[2025-09-16T14:57:13.731+0000] {processor.py:840} INFO - DAG(s) 'example_dag_decorator' retrieved from /home/airflow/.local/lib/python3.12/site-packages/airflow/example_dags/example_dag_decorator.py
[2025-09-16T14:57:13.879+0000] {logging_mixin.py:188} INFO - [2025-09-16T14:57:13.879+0000] {dag.py:3096} INFO - Sync 1 DAGs
[2025-09-16T14:57:13.893+0000] {logging_mixin.py:188} INFO - [2025-09-16T14:57:13.893+0000] {dag.py:3954} INFO - Setting next_dagrun for example_dag_decorator to None, run_after=None
[2025-09-16T14:57:13.919+0000] {processor.py:183} INFO - Processing /home/airflow/.local/lib/python3.12/site-packages/airflow/example_dags/example_dag_decorator.py took 0.364 seconds
[2025-09-16T14:57:43.992+0000] {processor.py:161} INFO - Started process (PID=507) to work on /home/airflow/.local/lib/python3.12/site-packages/airflow/example_dags/example_dag_decorator.py
[2025-09-16T14:57:43.995+0000] {processor.py:830} INFO - Processing file /home/airflow/.local/lib/python3.12/site-packages/airflow/example_dags/example_dag_decorator.py for tasks to queue
[2025-09-16T14:57:43.998+0000] {logging_mixin.py:188} INFO - [2025-09-16T14:57:43.997+0000] {dagbag.py:545} INFO - Filling up the DagBag from /home/airflow/.local/lib/python3.12/site-packages/airflow/example_dags/example_dag_decorator.py
[2025-09-16T14:57:44.143+0000] {processor.py:840} INFO - DAG(s) 'example_dag_decorator' retrieved from /home/airflow/.local/lib/python3.12/site-packages/airflow/example_dags/example_dag_decorator.py
[2025-09-16T14:57:44.279+0000] {logging_mixin.py:188} INFO - [2025-09-16T14:57:44.278+0000] {dag.py:3096} INFO - Sync 1 DAGs
[2025-09-16T14:57:44.292+0000] {logging_mixin.py:188} INFO - [2025-09-16T14:57:44.292+0000] {dag.py:3954} INFO - Setting next_dagrun for example_dag_decorator to None, run_after=None
[2025-09-16T14:57:44.316+0000] {processor.py:183} INFO - Processing /home/airflow/.local/lib/python3.12/site-packages/airflow/example_dags/example_dag_decorator.py took 0.333 seconds
[2025-09-16T14:58:14.526+0000] {processor.py:161} INFO - Started process (PID=567) to work on /home/airflow/.local/lib/python3.12/site-packages/airflow/example_dags/example_dag_decorator.py
[2025-09-16T14:58:14.528+0000] {processor.py:830} INFO - Processing file /home/airflow/.local/lib/python3.12/site-packages/airflow/example_dags/example_dag_decorator.py for tasks to queue
[2025-09-16T14:58:14.530+0000] {logging_mixin.py:188} INFO - [2025-09-16T14:58:14.530+0000] {dagbag.py:545} INFO - Filling up the DagBag from /home/airflow/.local/lib/python3.12/site-packages/airflow/example_dags/example_dag_decorator.py
[2025-09-16T14:58:14.680+0000] {processor.py:840} INFO - DAG(s) 'example_dag_decorator' retrieved from /home/airflow/.local/lib/python3.12/site-packages/airflow/example_dags/example_dag_decorator.py
[2025-09-16T14:58:14.827+0000] {logging_mixin.py:188} INFO - [2025-09-16T14:58:14.827+0000] {dag.py:3096} INFO - Sync 1 DAGs
[2025-09-16T14:58:14.843+0000] {logging_mixin.py:188} INFO - [2025-09-16T14:58:14.843+0000] {dag.py:3954} INFO - Setting next_dagrun for example_dag_decorator to None, run_after=None
[2025-09-16T14:58:14.874+0000] {processor.py:183} INFO - Processing /home/airflow/.local/lib/python3.12/site-packages/airflow/example_dags/example_dag_decorator.py took 0.354 seconds
[2025-09-16T14:58:44.931+0000] {processor.py:161} INFO - Started process (PID=627) to work on /home/airflow/.local/lib/python3.12/site-packages/airflow/example_dags/example_dag_decorator.py
[2025-09-16T14:58:44.933+0000] {processor.py:830} INFO - Processing file /home/airflow/.local/lib/python3.12/site-packages/airflow/example_dags/example_dag_decorator.py for tasks to queue
[2025-09-16T14:58:44.935+0000] {logging_mixin.py:188} INFO - [2025-09-16T14:58:44.935+0000] {dagbag.py:545} INFO - Filling up the DagBag from /home/airflow/.local/lib/python3.12/site-packages/airflow/example_dags/example_dag_decorator.py
[2025-09-16T14:58:45.075+0000] {processor.py:840} INFO - DAG(s) 'example_dag_decorator' retrieved from /home/airflow/.local/lib/python3.12/site-packages/airflow/example_dags/example_dag_decorator.py
[2025-09-16T14:58:45.108+0000] {logging_mixin.py:188} INFO - [2025-09-16T14:58:45.107+0000] {dag.py:3096} INFO - Sync 1 DAGs
[2025-09-16T14:58:45.124+0000] {logging_mixin.py:188} INFO - [2025-09-16T14:58:45.124+0000] {dag.py:3954} INFO - Setting next_dagrun for example_dag_decorator to None, run_after=None
[2025-09-16T14:58:45.148+0000] {processor.py:183} INFO - Processing /home/airflow/.local/lib/python3.12/site-packages/airflow/example_dags/example_dag_decorator.py took 0.223 seconds
[2025-09-16T14:59:15.208+0000] {processor.py:161} INFO - Started process (PID=686) to work on /home/airflow/.local/lib/python3.12/site-packages/airflow/example_dags/example_dag_decorator.py
[2025-09-16T14:59:15.210+0000] {processor.py:830} INFO - Processing file /home/airflow/.local/lib/python3.12/site-packages/airflow/example_dags/example_dag_decorator.py for tasks to queue
[2025-09-16T14:59:15.212+0000] {logging_mixin.py:188} INFO - [2025-09-16T14:59:15.212+0000] {dagbag.py:545} INFO - Filling up the DagBag from /home/airflow/.local/lib/python3.12/site-packages/airflow/example_dags/example_dag_decorator.py
[2025-09-16T14:59:15.358+0000] {processor.py:840} INFO - DAG(s) 'example_dag_decorator' retrieved from /home/airflow/.local/lib/python3.12/site-packages/airflow/example_dags/example_dag_decorator.py
[2025-09-16T14:59:15.520+0000] {logging_mixin.py:188} INFO - [2025-09-16T14:59:15.519+0000] {dag.py:3096} INFO - Sync 1 DAGs
[2025-09-16T14:59:15.536+0000] {logging_mixin.py:188} INFO - [2025-09-16T14:59:15.535+0000] {dag.py:3954} INFO - Setting next_dagrun for example_dag_decorator to None, run_after=None
[2025-09-16T14:59:15.564+0000] {processor.py:183} INFO - Processing /home/airflow/.local/lib/python3.12/site-packages/airflow/example_dags/example_dag_decorator.py took 0.362 seconds
[2025-09-16T14:59:45.781+0000] {processor.py:161} INFO - Started process (PID=745) to work on /home/airflow/.local/lib/python3.12/site-packages/airflow/example_dags/example_dag_decorator.py
[2025-09-16T14:59:45.781+0000] {processor.py:830} INFO - Processing file /home/airflow/.local/lib/python3.12/site-packages/airflow/example_dags/example_dag_decorator.py for tasks to queue
[2025-09-16T14:59:45.783+0000] {logging_mixin.py:188} INFO - [2025-09-16T14:59:45.783+0000] {dagbag.py:545} INFO - Filling up the DagBag from /home/airflow/.local/lib/python3.12/site-packages/airflow/example_dags/example_dag_decorator.py
[2025-09-16T14:59:45.943+0000] {processor.py:840} INFO - DAG(s) 'example_dag_decorator' retrieved from /home/airflow/.local/lib/python3.12/site-packages/airflow/example_dags/example_dag_decorator.py
[2025-09-16T14:59:46.092+0000] {logging_mixin.py:188} INFO - [2025-09-16T14:59:46.092+0000] {dag.py:3096} INFO - Sync 1 DAGs
[2025-09-16T14:59:46.108+0000] {logging_mixin.py:188} INFO - [2025-09-16T14:59:46.107+0000] {dag.py:3954} INFO - Setting next_dagrun for example_dag_decorator to None, run_after=None
[2025-09-16T14:59:46.137+0000] {processor.py:183} INFO - Processing /home/airflow/.local/lib/python3.12/site-packages/airflow/example_dags/example_dag_decorator.py took 0.362 seconds
[2025-09-16T15:00:16.954+0000] {processor.py:161} INFO - Started process (PID=805) to work on /home/airflow/.local/lib/python3.12/site-packages/airflow/example_dags/example_dag_decorator.py
[2025-09-16T15:00:16.956+0000] {processor.py:830} INFO - Processing file /home/airflow/.local/lib/python3.12/site-packages/airflow/example_dags/example_dag_decorator.py for tasks to queue
[2025-09-16T15:00:16.958+0000] {logging_mixin.py:188} INFO - [2025-09-16T15:00:16.958+0000] {dagbag.py:545} INFO - Filling up the DagBag from /home/airflow/.local/lib/python3.12/site-packages/airflow/example_dags/example_dag_decorator.py
[2025-09-16T15:00:17.101+0000] {processor.py:840} INFO - DAG(s) 'example_dag_decorator' retrieved from /home/airflow/.local/lib/python3.12/site-packages/airflow/example_dags/example_dag_decorator.py
[2025-09-16T15:00:17.272+0000] {logging_mixin.py:188} INFO - [2025-09-16T15:00:17.271+0000] {dag.py:3096} INFO - Sync 1 DAGs
[2025-09-16T15:00:17.293+0000] {logging_mixin.py:188} INFO - [2025-09-16T15:00:17.292+0000] {dag.py:3954} INFO - Setting next_dagrun for example_dag_decorator to None, run_after=None
[2025-09-16T15:00:17.332+0000] {processor.py:183} INFO - Processing /home/airflow/.local/lib/python3.12/site-packages/airflow/example_dags/example_dag_decorator.py took 0.387 seconds
[2025-09-16T15:01:49.334+0000] {processor.py:161} INFO - Started process (PID=85) to work on /home/airflow/.local/lib/python3.12/site-packages/airflow/example_dags/example_dag_decorator.py
[2025-09-16T15:01:49.337+0000] {processor.py:830} INFO - Processing file /home/airflow/.local/lib/python3.12/site-packages/airflow/example_dags/example_dag_decorator.py for tasks to queue
[2025-09-16T15:01:49.344+0000] {logging_mixin.py:188} INFO - [2025-09-16T15:01:49.343+0000] {dagbag.py:545} INFO - Filling up the DagBag from /home/airflow/.local/lib/python3.12/site-packages/airflow/example_dags/example_dag_decorator.py
[2025-09-16T15:01:49.718+0000] {processor.py:840} INFO - DAG(s) 'example_dag_decorator' retrieved from /home/airflow/.local/lib/python3.12/site-packages/airflow/example_dags/example_dag_decorator.py
[2025-09-16T15:01:50.039+0000] {logging_mixin.py:188} INFO - [2025-09-16T15:01:50.038+0000] {dag.py:3096} INFO - Sync 1 DAGs
[2025-09-16T15:01:50.066+0000] {logging_mixin.py:188} INFO - [2025-09-16T15:01:50.066+0000] {dag.py:3954} INFO - Setting next_dagrun for example_dag_decorator to None, run_after=None
[2025-09-16T15:01:50.119+0000] {processor.py:183} INFO - Processing /home/airflow/.local/lib/python3.12/site-packages/airflow/example_dags/example_dag_decorator.py took 0.808 seconds
[2025-09-16T15:02:20.214+0000] {processor.py:161} INFO - Started process (PID=146) to work on /home/airflow/.local/lib/python3.12/site-packages/airflow/example_dags/example_dag_decorator.py
[2025-09-16T15:02:20.217+0000] {processor.py:830} INFO - Processing file /home/airflow/.local/lib/python3.12/site-packages/airflow/example_dags/example_dag_decorator.py for tasks to queue
[2025-09-16T15:02:20.221+0000] {logging_mixin.py:188} INFO - [2025-09-16T15:02:20.220+0000] {dagbag.py:545} INFO - Filling up the DagBag from /home/airflow/.local/lib/python3.12/site-packages/airflow/example_dags/example_dag_decorator.py
[2025-09-16T15:02:20.413+0000] {processor.py:840} INFO - DAG(s) 'example_dag_decorator' retrieved from /home/airflow/.local/lib/python3.12/site-packages/airflow/example_dags/example_dag_decorator.py
[2025-09-16T15:02:20.430+0000] {logging_mixin.py:188} INFO - [2025-09-16T15:02:20.430+0000] {dag.py:3096} INFO - Sync 1 DAGs
[2025-09-16T15:02:20.450+0000] {logging_mixin.py:188} INFO - [2025-09-16T15:02:20.450+0000] {dag.py:3954} INFO - Setting next_dagrun for example_dag_decorator to None, run_after=None
[2025-09-16T15:02:20.482+0000] {processor.py:183} INFO - Processing /home/airflow/.local/lib/python3.12/site-packages/airflow/example_dags/example_dag_decorator.py took 0.281 seconds
[2025-09-16T15:02:51.369+0000] {processor.py:161} INFO - Started process (PID=205) to work on /home/airflow/.local/lib/python3.12/site-packages/airflow/example_dags/example_dag_decorator.py
[2025-09-16T15:02:51.371+0000] {processor.py:830} INFO - Processing file /home/airflow/.local/lib/python3.12/site-packages/airflow/example_dags/example_dag_decorator.py for tasks to queue
[2025-09-16T15:02:51.374+0000] {logging_mixin.py:188} INFO - [2025-09-16T15:02:51.373+0000] {dagbag.py:545} INFO - Filling up the DagBag from /home/airflow/.local/lib/python3.12/site-packages/airflow/example_dags/example_dag_decorator.py
[2025-09-16T15:02:51.514+0000] {processor.py:840} INFO - DAG(s) 'example_dag_decorator' retrieved from /home/airflow/.local/lib/python3.12/site-packages/airflow/example_dags/example_dag_decorator.py
[2025-09-16T15:02:51.644+0000] {logging_mixin.py:188} INFO - [2025-09-16T15:02:51.644+0000] {dag.py:3096} INFO - Sync 1 DAGs
[2025-09-16T15:02:51.659+0000] {logging_mixin.py:188} INFO - [2025-09-16T15:02:51.658+0000] {dag.py:3954} INFO - Setting next_dagrun for example_dag_decorator to None, run_after=None
[2025-09-16T15:02:51.687+0000] {processor.py:183} INFO - Processing /home/airflow/.local/lib/python3.12/site-packages/airflow/example_dags/example_dag_decorator.py took 0.326 seconds
[2025-09-16T15:03:22.559+0000] {processor.py:161} INFO - Started process (PID=265) to work on /home/airflow/.local/lib/python3.12/site-packages/airflow/example_dags/example_dag_decorator.py
[2025-09-16T15:03:22.561+0000] {processor.py:830} INFO - Processing file /home/airflow/.local/lib/python3.12/site-packages/airflow/example_dags/example_dag_decorator.py for tasks to queue
[2025-09-16T15:03:22.564+0000] {logging_mixin.py:188} INFO - [2025-09-16T15:03:22.564+0000] {dagbag.py:545} INFO - Filling up the DagBag from /home/airflow/.local/lib/python3.12/site-packages/airflow/example_dags/example_dag_decorator.py
[2025-09-16T15:03:22.731+0000] {processor.py:840} INFO - DAG(s) 'example_dag_decorator' retrieved from /home/airflow/.local/lib/python3.12/site-packages/airflow/example_dags/example_dag_decorator.py
[2025-09-16T15:03:22.921+0000] {logging_mixin.py:188} INFO - [2025-09-16T15:03:22.921+0000] {dag.py:3096} INFO - Sync 1 DAGs
[2025-09-16T15:03:22.939+0000] {logging_mixin.py:188} INFO - [2025-09-16T15:03:22.939+0000] {dag.py:3954} INFO - Setting next_dagrun for example_dag_decorator to None, run_after=None
[2025-09-16T15:03:22.979+0000] {processor.py:183} INFO - Processing /home/airflow/.local/lib/python3.12/site-packages/airflow/example_dags/example_dag_decorator.py took 0.432 seconds
[2025-09-16T15:03:53.671+0000] {processor.py:161} INFO - Started process (PID=324) to work on /home/airflow/.local/lib/python3.12/site-packages/airflow/example_dags/example_dag_decorator.py
[2025-09-16T15:03:53.673+0000] {processor.py:830} INFO - Processing file /home/airflow/.local/lib/python3.12/site-packages/airflow/example_dags/example_dag_decorator.py for tasks to queue
[2025-09-16T15:03:53.676+0000] {logging_mixin.py:188} INFO - [2025-09-16T15:03:53.676+0000] {dagbag.py:545} INFO - Filling up the DagBag from /home/airflow/.local/lib/python3.12/site-packages/airflow/example_dags/example_dag_decorator.py
[2025-09-16T15:03:53.990+0000] {processor.py:840} INFO - DAG(s) 'example_dag_decorator' retrieved from /home/airflow/.local/lib/python3.12/site-packages/airflow/example_dags/example_dag_decorator.py
[2025-09-16T15:03:54.059+0000] {logging_mixin.py:188} INFO - [2025-09-16T15:03:54.059+0000] {dag.py:3096} INFO - Sync 1 DAGs
[2025-09-16T15:03:54.089+0000] {logging_mixin.py:188} INFO - [2025-09-16T15:03:54.088+0000] {dag.py:3954} INFO - Setting next_dagrun for example_dag_decorator to None, run_after=None
[2025-09-16T15:03:54.127+0000] {processor.py:183} INFO - Processing /home/airflow/.local/lib/python3.12/site-packages/airflow/example_dags/example_dag_decorator.py took 0.467 seconds
[2025-09-16T15:04:24.210+0000] {processor.py:161} INFO - Started process (PID=383) to work on /home/airflow/.local/lib/python3.12/site-packages/airflow/example_dags/example_dag_decorator.py
[2025-09-16T15:04:24.212+0000] {processor.py:830} INFO - Processing file /home/airflow/.local/lib/python3.12/site-packages/airflow/example_dags/example_dag_decorator.py for tasks to queue
[2025-09-16T15:04:24.214+0000] {logging_mixin.py:188} INFO - [2025-09-16T15:04:24.214+0000] {dagbag.py:545} INFO - Filling up the DagBag from /home/airflow/.local/lib/python3.12/site-packages/airflow/example_dags/example_dag_decorator.py
[2025-09-16T15:04:24.374+0000] {processor.py:840} INFO - DAG(s) 'example_dag_decorator' retrieved from /home/airflow/.local/lib/python3.12/site-packages/airflow/example_dags/example_dag_decorator.py
[2025-09-16T15:04:24.503+0000] {logging_mixin.py:188} INFO - [2025-09-16T15:04:24.502+0000] {dag.py:3096} INFO - Sync 1 DAGs
[2025-09-16T15:04:24.516+0000] {logging_mixin.py:188} INFO - [2025-09-16T15:04:24.516+0000] {dag.py:3954} INFO - Setting next_dagrun for example_dag_decorator to None, run_after=None
[2025-09-16T15:04:24.542+0000] {processor.py:183} INFO - Processing /home/airflow/.local/lib/python3.12/site-packages/airflow/example_dags/example_dag_decorator.py took 0.339 seconds
[2025-09-16T15:04:54.775+0000] {processor.py:161} INFO - Started process (PID=443) to work on /home/airflow/.local/lib/python3.12/site-packages/airflow/example_dags/example_dag_decorator.py
[2025-09-16T15:04:54.778+0000] {processor.py:830} INFO - Processing file /home/airflow/.local/lib/python3.12/site-packages/airflow/example_dags/example_dag_decorator.py for tasks to queue
[2025-09-16T15:04:54.780+0000] {logging_mixin.py:188} INFO - [2025-09-16T15:04:54.780+0000] {dagbag.py:545} INFO - Filling up the DagBag from /home/airflow/.local/lib/python3.12/site-packages/airflow/example_dags/example_dag_decorator.py
[2025-09-16T15:04:54.918+0000] {processor.py:840} INFO - DAG(s) 'example_dag_decorator' retrieved from /home/airflow/.local/lib/python3.12/site-packages/airflow/example_dags/example_dag_decorator.py
[2025-09-16T15:04:55.040+0000] {logging_mixin.py:188} INFO - [2025-09-16T15:04:55.039+0000] {dag.py:3096} INFO - Sync 1 DAGs
[2025-09-16T15:04:55.052+0000] {logging_mixin.py:188} INFO - [2025-09-16T15:04:55.052+0000] {dag.py:3954} INFO - Setting next_dagrun for example_dag_decorator to None, run_after=None
[2025-09-16T15:04:55.075+0000] {processor.py:183} INFO - Processing /home/airflow/.local/lib/python3.12/site-packages/airflow/example_dags/example_dag_decorator.py took 0.306 seconds
[2025-09-16T15:05:25.486+0000] {processor.py:161} INFO - Started process (PID=502) to work on /home/airflow/.local/lib/python3.12/site-packages/airflow/example_dags/example_dag_decorator.py
[2025-09-16T15:05:25.488+0000] {processor.py:830} INFO - Processing file /home/airflow/.local/lib/python3.12/site-packages/airflow/example_dags/example_dag_decorator.py for tasks to queue
[2025-09-16T15:05:25.492+0000] {logging_mixin.py:188} INFO - [2025-09-16T15:05:25.492+0000] {dagbag.py:545} INFO - Filling up the DagBag from /home/airflow/.local/lib/python3.12/site-packages/airflow/example_dags/example_dag_decorator.py
[2025-09-16T15:05:25.622+0000] {processor.py:840} INFO - DAG(s) 'example_dag_decorator' retrieved from /home/airflow/.local/lib/python3.12/site-packages/airflow/example_dags/example_dag_decorator.py
[2025-09-16T15:05:25.749+0000] {logging_mixin.py:188} INFO - [2025-09-16T15:05:25.749+0000] {dag.py:3096} INFO - Sync 1 DAGs
[2025-09-16T15:05:25.763+0000] {logging_mixin.py:188} INFO - [2025-09-16T15:05:25.763+0000] {dag.py:3954} INFO - Setting next_dagrun for example_dag_decorator to None, run_after=None
[2025-09-16T15:05:25.788+0000] {processor.py:183} INFO - Processing /home/airflow/.local/lib/python3.12/site-packages/airflow/example_dags/example_dag_decorator.py took 0.307 seconds
[2025-09-16T15:05:55.976+0000] {processor.py:161} INFO - Started process (PID=562) to work on /home/airflow/.local/lib/python3.12/site-packages/airflow/example_dags/example_dag_decorator.py
[2025-09-16T15:05:55.977+0000] {processor.py:830} INFO - Processing file /home/airflow/.local/lib/python3.12/site-packages/airflow/example_dags/example_dag_decorator.py for tasks to queue
[2025-09-16T15:05:55.981+0000] {logging_mixin.py:188} INFO - [2025-09-16T15:05:55.981+0000] {dagbag.py:545} INFO - Filling up the DagBag from /home/airflow/.local/lib/python3.12/site-packages/airflow/example_dags/example_dag_decorator.py
[2025-09-16T15:05:56.128+0000] {processor.py:840} INFO - DAG(s) 'example_dag_decorator' retrieved from /home/airflow/.local/lib/python3.12/site-packages/airflow/example_dags/example_dag_decorator.py
[2025-09-16T15:05:56.255+0000] {logging_mixin.py:188} INFO - [2025-09-16T15:05:56.254+0000] {dag.py:3096} INFO - Sync 1 DAGs
[2025-09-16T15:05:56.269+0000] {logging_mixin.py:188} INFO - [2025-09-16T15:05:56.269+0000] {dag.py:3954} INFO - Setting next_dagrun for example_dag_decorator to None, run_after=None
[2025-09-16T15:05:56.298+0000] {processor.py:183} INFO - Processing /home/airflow/.local/lib/python3.12/site-packages/airflow/example_dags/example_dag_decorator.py took 0.329 seconds
[2025-09-16T15:06:26.661+0000] {processor.py:161} INFO - Started process (PID=622) to work on /home/airflow/.local/lib/python3.12/site-packages/airflow/example_dags/example_dag_decorator.py
[2025-09-16T15:06:26.663+0000] {processor.py:830} INFO - Processing file /home/airflow/.local/lib/python3.12/site-packages/airflow/example_dags/example_dag_decorator.py for tasks to queue
[2025-09-16T15:06:26.666+0000] {logging_mixin.py:188} INFO - [2025-09-16T15:06:26.665+0000] {dagbag.py:545} INFO - Filling up the DagBag from /home/airflow/.local/lib/python3.12/site-packages/airflow/example_dags/example_dag_decorator.py
[2025-09-16T15:06:26.837+0000] {processor.py:840} INFO - DAG(s) 'example_dag_decorator' retrieved from /home/airflow/.local/lib/python3.12/site-packages/airflow/example_dags/example_dag_decorator.py
[2025-09-16T15:06:27.000+0000] {logging_mixin.py:188} INFO - [2025-09-16T15:06:27.000+0000] {dag.py:3096} INFO - Sync 1 DAGs
[2025-09-16T15:06:27.017+0000] {logging_mixin.py:188} INFO - [2025-09-16T15:06:27.016+0000] {dag.py:3954} INFO - Setting next_dagrun for example_dag_decorator to None, run_after=None
[2025-09-16T15:06:27.043+0000] {processor.py:183} INFO - Processing /home/airflow/.local/lib/python3.12/site-packages/airflow/example_dags/example_dag_decorator.py took 0.388 seconds
[2025-09-16T15:06:57.134+0000] {processor.py:161} INFO - Started process (PID=683) to work on /home/airflow/.local/lib/python3.12/site-packages/airflow/example_dags/example_dag_decorator.py
[2025-09-16T15:06:57.136+0000] {processor.py:830} INFO - Processing file /home/airflow/.local/lib/python3.12/site-packages/airflow/example_dags/example_dag_decorator.py for tasks to queue
[2025-09-16T15:06:57.139+0000] {logging_mixin.py:188} INFO - [2025-09-16T15:06:57.138+0000] {dagbag.py:545} INFO - Filling up the DagBag from /home/airflow/.local/lib/python3.12/site-packages/airflow/example_dags/example_dag_decorator.py
[2025-09-16T15:06:57.288+0000] {processor.py:840} INFO - DAG(s) 'example_dag_decorator' retrieved from /home/airflow/.local/lib/python3.12/site-packages/airflow/example_dags/example_dag_decorator.py
[2025-09-16T15:06:57.425+0000] {logging_mixin.py:188} INFO - [2025-09-16T15:06:57.424+0000] {dag.py:3096} INFO - Sync 1 DAGs
[2025-09-16T15:06:57.438+0000] {logging_mixin.py:188} INFO - [2025-09-16T15:06:57.437+0000] {dag.py:3954} INFO - Setting next_dagrun for example_dag_decorator to None, run_after=None
[2025-09-16T15:06:57.461+0000] {processor.py:183} INFO - Processing /home/airflow/.local/lib/python3.12/site-packages/airflow/example_dags/example_dag_decorator.py took 0.333 seconds
[2025-09-16T15:07:27.623+0000] {processor.py:161} INFO - Started process (PID=742) to work on /home/airflow/.local/lib/python3.12/site-packages/airflow/example_dags/example_dag_decorator.py
[2025-09-16T15:07:27.625+0000] {processor.py:830} INFO - Processing file /home/airflow/.local/lib/python3.12/site-packages/airflow/example_dags/example_dag_decorator.py for tasks to queue
[2025-09-16T15:07:27.627+0000] {logging_mixin.py:188} INFO - [2025-09-16T15:07:27.627+0000] {dagbag.py:545} INFO - Filling up the DagBag from /home/airflow/.local/lib/python3.12/site-packages/airflow/example_dags/example_dag_decorator.py
[2025-09-16T15:07:27.792+0000] {processor.py:840} INFO - DAG(s) 'example_dag_decorator' retrieved from /home/airflow/.local/lib/python3.12/site-packages/airflow/example_dags/example_dag_decorator.py
[2025-09-16T15:07:27.927+0000] {logging_mixin.py:188} INFO - [2025-09-16T15:07:27.927+0000] {dag.py:3096} INFO - Sync 1 DAGs
[2025-09-16T15:07:27.941+0000] {logging_mixin.py:188} INFO - [2025-09-16T15:07:27.940+0000] {dag.py:3954} INFO - Setting next_dagrun for example_dag_decorator to None, run_after=None
[2025-09-16T15:07:27.964+0000] {processor.py:183} INFO - Processing /home/airflow/.local/lib/python3.12/site-packages/airflow/example_dags/example_dag_decorator.py took 0.349 seconds
[2025-09-16T15:07:58.204+0000] {processor.py:161} INFO - Started process (PID=804) to work on /home/airflow/.local/lib/python3.12/site-packages/airflow/example_dags/example_dag_decorator.py
[2025-09-16T15:07:58.206+0000] {processor.py:830} INFO - Processing file /home/airflow/.local/lib/python3.12/site-packages/airflow/example_dags/example_dag_decorator.py for tasks to queue
[2025-09-16T15:07:58.209+0000] {logging_mixin.py:188} INFO - [2025-09-16T15:07:58.209+0000] {dagbag.py:545} INFO - Filling up the DagBag from /home/airflow/.local/lib/python3.12/site-packages/airflow/example_dags/example_dag_decorator.py
[2025-09-16T15:07:58.360+0000] {processor.py:840} INFO - DAG(s) 'example_dag_decorator' retrieved from /home/airflow/.local/lib/python3.12/site-packages/airflow/example_dags/example_dag_decorator.py
[2025-09-16T15:07:58.393+0000] {logging_mixin.py:188} INFO - [2025-09-16T15:07:58.392+0000] {dag.py:3096} INFO - Sync 1 DAGs
[2025-09-16T15:07:58.413+0000] {logging_mixin.py:188} INFO - [2025-09-16T15:07:58.413+0000] {dag.py:3954} INFO - Setting next_dagrun for example_dag_decorator to None, run_after=None
[2025-09-16T15:07:58.447+0000] {processor.py:183} INFO - Processing /home/airflow/.local/lib/python3.12/site-packages/airflow/example_dags/example_dag_decorator.py took 0.252 seconds
[2025-09-16T15:08:29.249+0000] {processor.py:161} INFO - Started process (PID=864) to work on /home/airflow/.local/lib/python3.12/site-packages/airflow/example_dags/example_dag_decorator.py
[2025-09-16T15:08:29.251+0000] {processor.py:830} INFO - Processing file /home/airflow/.local/lib/python3.12/site-packages/airflow/example_dags/example_dag_decorator.py for tasks to queue
[2025-09-16T15:08:29.256+0000] {logging_mixin.py:188} INFO - [2025-09-16T15:08:29.255+0000] {dagbag.py:545} INFO - Filling up the DagBag from /home/airflow/.local/lib/python3.12/site-packages/airflow/example_dags/example_dag_decorator.py
[2025-09-16T15:08:29.429+0000] {processor.py:840} INFO - DAG(s) 'example_dag_decorator' retrieved from /home/airflow/.local/lib/python3.12/site-packages/airflow/example_dags/example_dag_decorator.py
[2025-09-16T15:08:29.589+0000] {logging_mixin.py:188} INFO - [2025-09-16T15:08:29.588+0000] {dag.py:3096} INFO - Sync 1 DAGs
[2025-09-16T15:08:29.608+0000] {logging_mixin.py:188} INFO - [2025-09-16T15:08:29.608+0000] {dag.py:3954} INFO - Setting next_dagrun for example_dag_decorator to None, run_after=None
[2025-09-16T15:08:29.638+0000] {processor.py:183} INFO - Processing /home/airflow/.local/lib/python3.12/site-packages/airflow/example_dags/example_dag_decorator.py took 0.401 seconds
[2025-09-16T15:08:59.798+0000] {processor.py:161} INFO - Started process (PID=925) to work on /home/airflow/.local/lib/python3.12/site-packages/airflow/example_dags/example_dag_decorator.py
[2025-09-16T15:08:59.799+0000] {processor.py:830} INFO - Processing file /home/airflow/.local/lib/python3.12/site-packages/airflow/example_dags/example_dag_decorator.py for tasks to queue
[2025-09-16T15:08:59.802+0000] {logging_mixin.py:188} INFO - [2025-09-16T15:08:59.802+0000] {dagbag.py:545} INFO - Filling up the DagBag from /home/airflow/.local/lib/python3.12/site-packages/airflow/example_dags/example_dag_decorator.py
[2025-09-16T15:08:59.986+0000] {processor.py:840} INFO - DAG(s) 'example_dag_decorator' retrieved from /home/airflow/.local/lib/python3.12/site-packages/airflow/example_dags/example_dag_decorator.py
[2025-09-16T15:09:00.376+0000] {logging_mixin.py:188} INFO - [2025-09-16T15:09:00.376+0000] {dag.py:3096} INFO - Sync 1 DAGs
[2025-09-16T15:09:00.390+0000] {logging_mixin.py:188} INFO - [2025-09-16T15:09:00.390+0000] {dag.py:3954} INFO - Setting next_dagrun for example_dag_decorator to None, run_after=None
[2025-09-16T15:09:00.463+0000] {processor.py:183} INFO - Processing /home/airflow/.local/lib/python3.12/site-packages/airflow/example_dags/example_dag_decorator.py took 0.672 seconds
[2025-09-16T15:09:31.013+0000] {processor.py:161} INFO - Started process (PID=986) to work on /home/airflow/.local/lib/python3.12/site-packages/airflow/example_dags/example_dag_decorator.py
[2025-09-16T15:09:31.015+0000] {processor.py:830} INFO - Processing file /home/airflow/.local/lib/python3.12/site-packages/airflow/example_dags/example_dag_decorator.py for tasks to queue
[2025-09-16T15:09:31.017+0000] {logging_mixin.py:188} INFO - [2025-09-16T15:09:31.017+0000] {dagbag.py:545} INFO - Filling up the DagBag from /home/airflow/.local/lib/python3.12/site-packages/airflow/example_dags/example_dag_decorator.py
[2025-09-16T15:09:31.152+0000] {processor.py:840} INFO - DAG(s) 'example_dag_decorator' retrieved from /home/airflow/.local/lib/python3.12/site-packages/airflow/example_dags/example_dag_decorator.py
[2025-09-16T15:09:31.438+0000] {logging_mixin.py:188} INFO - [2025-09-16T15:09:31.438+0000] {dag.py:3096} INFO - Sync 1 DAGs
[2025-09-16T15:09:31.450+0000] {logging_mixin.py:188} INFO - [2025-09-16T15:09:31.450+0000] {dag.py:3954} INFO - Setting next_dagrun for example_dag_decorator to None, run_after=None
[2025-09-16T15:09:31.471+0000] {processor.py:183} INFO - Processing /home/airflow/.local/lib/python3.12/site-packages/airflow/example_dags/example_dag_decorator.py took 0.464 seconds
[2025-09-16T15:10:01.539+0000] {processor.py:161} INFO - Started process (PID=1049) to work on /home/airflow/.local/lib/python3.12/site-packages/airflow/example_dags/example_dag_decorator.py
[2025-09-16T15:10:01.541+0000] {processor.py:830} INFO - Processing file /home/airflow/.local/lib/python3.12/site-packages/airflow/example_dags/example_dag_decorator.py for tasks to queue
[2025-09-16T15:10:01.543+0000] {logging_mixin.py:188} INFO - [2025-09-16T15:10:01.543+0000] {dagbag.py:545} INFO - Filling up the DagBag from /home/airflow/.local/lib/python3.12/site-packages/airflow/example_dags/example_dag_decorator.py
[2025-09-16T15:10:01.686+0000] {processor.py:840} INFO - DAG(s) 'example_dag_decorator' retrieved from /home/airflow/.local/lib/python3.12/site-packages/airflow/example_dags/example_dag_decorator.py
[2025-09-16T15:10:01.947+0000] {logging_mixin.py:188} INFO - [2025-09-16T15:10:01.946+0000] {dag.py:3096} INFO - Sync 1 DAGs
[2025-09-16T15:10:01.959+0000] {logging_mixin.py:188} INFO - [2025-09-16T15:10:01.959+0000] {dag.py:3954} INFO - Setting next_dagrun for example_dag_decorator to None, run_after=None
[2025-09-16T15:10:01.983+0000] {processor.py:183} INFO - Processing /home/airflow/.local/lib/python3.12/site-packages/airflow/example_dags/example_dag_decorator.py took 0.452 seconds
[2025-09-16T15:10:32.036+0000] {processor.py:161} INFO - Started process (PID=1109) to work on /home/airflow/.local/lib/python3.12/site-packages/airflow/example_dags/example_dag_decorator.py
[2025-09-16T15:10:32.038+0000] {processor.py:830} INFO - Processing file /home/airflow/.local/lib/python3.12/site-packages/airflow/example_dags/example_dag_decorator.py for tasks to queue
[2025-09-16T15:10:32.041+0000] {logging_mixin.py:188} INFO - [2025-09-16T15:10:32.040+0000] {dagbag.py:545} INFO - Filling up the DagBag from /home/airflow/.local/lib/python3.12/site-packages/airflow/example_dags/example_dag_decorator.py
[2025-09-16T15:10:32.180+0000] {processor.py:840} INFO - DAG(s) 'example_dag_decorator' retrieved from /home/airflow/.local/lib/python3.12/site-packages/airflow/example_dags/example_dag_decorator.py
[2025-09-16T15:10:32.426+0000] {logging_mixin.py:188} INFO - [2025-09-16T15:10:32.426+0000] {dag.py:3096} INFO - Sync 1 DAGs
[2025-09-16T15:10:32.437+0000] {logging_mixin.py:188} INFO - [2025-09-16T15:10:32.437+0000] {dag.py:3954} INFO - Setting next_dagrun for example_dag_decorator to None, run_after=None
[2025-09-16T15:10:32.458+0000] {processor.py:183} INFO - Processing /home/airflow/.local/lib/python3.12/site-packages/airflow/example_dags/example_dag_decorator.py took 0.429 seconds
[2025-09-16T15:11:02.629+0000] {processor.py:161} INFO - Started process (PID=1169) to work on /home/airflow/.local/lib/python3.12/site-packages/airflow/example_dags/example_dag_decorator.py
[2025-09-16T15:11:02.630+0000] {processor.py:830} INFO - Processing file /home/airflow/.local/lib/python3.12/site-packages/airflow/example_dags/example_dag_decorator.py for tasks to queue
[2025-09-16T15:11:02.633+0000] {logging_mixin.py:188} INFO - [2025-09-16T15:11:02.633+0000] {dagbag.py:545} INFO - Filling up the DagBag from /home/airflow/.local/lib/python3.12/site-packages/airflow/example_dags/example_dag_decorator.py
[2025-09-16T15:11:02.784+0000] {processor.py:840} INFO - DAG(s) 'example_dag_decorator' retrieved from /home/airflow/.local/lib/python3.12/site-packages/airflow/example_dags/example_dag_decorator.py
[2025-09-16T15:11:03.057+0000] {logging_mixin.py:188} INFO - [2025-09-16T15:11:03.056+0000] {dag.py:3096} INFO - Sync 1 DAGs
[2025-09-16T15:11:03.069+0000] {logging_mixin.py:188} INFO - [2025-09-16T15:11:03.069+0000] {dag.py:3954} INFO - Setting next_dagrun for example_dag_decorator to None, run_after=None
[2025-09-16T15:11:03.094+0000] {processor.py:183} INFO - Processing /home/airflow/.local/lib/python3.12/site-packages/airflow/example_dags/example_dag_decorator.py took 0.473 seconds
[2025-09-16T15:11:33.447+0000] {processor.py:161} INFO - Started process (PID=1231) to work on /home/airflow/.local/lib/python3.12/site-packages/airflow/example_dags/example_dag_decorator.py
[2025-09-16T15:11:33.449+0000] {processor.py:830} INFO - Processing file /home/airflow/.local/lib/python3.12/site-packages/airflow/example_dags/example_dag_decorator.py for tasks to queue
[2025-09-16T15:11:33.452+0000] {logging_mixin.py:188} INFO - [2025-09-16T15:11:33.451+0000] {dagbag.py:545} INFO - Filling up the DagBag from /home/airflow/.local/lib/python3.12/site-packages/airflow/example_dags/example_dag_decorator.py
[2025-09-16T15:11:33.601+0000] {processor.py:840} INFO - DAG(s) 'example_dag_decorator' retrieved from /home/airflow/.local/lib/python3.12/site-packages/airflow/example_dags/example_dag_decorator.py
[2025-09-16T15:11:33.946+0000] {logging_mixin.py:188} INFO - [2025-09-16T15:11:33.946+0000] {dag.py:3096} INFO - Sync 1 DAGs
[2025-09-16T15:11:33.960+0000] {logging_mixin.py:188} INFO - [2025-09-16T15:11:33.959+0000] {dag.py:3954} INFO - Setting next_dagrun for example_dag_decorator to None, run_after=None
[2025-09-16T15:11:33.986+0000] {processor.py:183} INFO - Processing /home/airflow/.local/lib/python3.12/site-packages/airflow/example_dags/example_dag_decorator.py took 0.546 seconds
[2025-09-16T15:12:04.182+0000] {processor.py:161} INFO - Started process (PID=1292) to work on /home/airflow/.local/lib/python3.12/site-packages/airflow/example_dags/example_dag_decorator.py
[2025-09-16T15:12:04.184+0000] {processor.py:830} INFO - Processing file /home/airflow/.local/lib/python3.12/site-packages/airflow/example_dags/example_dag_decorator.py for tasks to queue
[2025-09-16T15:12:04.189+0000] {logging_mixin.py:188} INFO - [2025-09-16T15:12:04.188+0000] {dagbag.py:545} INFO - Filling up the DagBag from /home/airflow/.local/lib/python3.12/site-packages/airflow/example_dags/example_dag_decorator.py
[2025-09-16T15:12:04.382+0000] {processor.py:840} INFO - DAG(s) 'example_dag_decorator' retrieved from /home/airflow/.local/lib/python3.12/site-packages/airflow/example_dags/example_dag_decorator.py
[2025-09-16T15:12:04.630+0000] {logging_mixin.py:188} INFO - [2025-09-16T15:12:04.630+0000] {dag.py:3096} INFO - Sync 1 DAGs
[2025-09-16T15:12:04.644+0000] {logging_mixin.py:188} INFO - [2025-09-16T15:12:04.644+0000] {dag.py:3954} INFO - Setting next_dagrun for example_dag_decorator to None, run_after=None
[2025-09-16T15:12:04.669+0000] {processor.py:183} INFO - Processing /home/airflow/.local/lib/python3.12/site-packages/airflow/example_dags/example_dag_decorator.py took 0.500 seconds
[2025-09-16T15:12:34.795+0000] {processor.py:161} INFO - Started process (PID=1352) to work on /home/airflow/.local/lib/python3.12/site-packages/airflow/example_dags/example_dag_decorator.py
[2025-09-16T15:12:34.797+0000] {processor.py:830} INFO - Processing file /home/airflow/.local/lib/python3.12/site-packages/airflow/example_dags/example_dag_decorator.py for tasks to queue
[2025-09-16T15:12:34.800+0000] {logging_mixin.py:188} INFO - [2025-09-16T15:12:34.800+0000] {dagbag.py:545} INFO - Filling up the DagBag from /home/airflow/.local/lib/python3.12/site-packages/airflow/example_dags/example_dag_decorator.py
[2025-09-16T15:12:35.215+0000] {processor.py:840} INFO - DAG(s) 'example_dag_decorator' retrieved from /home/airflow/.local/lib/python3.12/site-packages/airflow/example_dags/example_dag_decorator.py
[2025-09-16T15:12:35.340+0000] {logging_mixin.py:188} INFO - [2025-09-16T15:12:35.340+0000] {dag.py:3096} INFO - Sync 1 DAGs
[2025-09-16T15:12:35.353+0000] {logging_mixin.py:188} INFO - [2025-09-16T15:12:35.353+0000] {dag.py:3954} INFO - Setting next_dagrun for example_dag_decorator to None, run_after=None
[2025-09-16T15:12:35.376+0000] {processor.py:183} INFO - Processing /home/airflow/.local/lib/python3.12/site-packages/airflow/example_dags/example_dag_decorator.py took 0.588 seconds
[2025-09-16T15:13:05.483+0000] {processor.py:161} INFO - Started process (PID=1412) to work on /home/airflow/.local/lib/python3.12/site-packages/airflow/example_dags/example_dag_decorator.py
[2025-09-16T15:13:05.484+0000] {processor.py:830} INFO - Processing file /home/airflow/.local/lib/python3.12/site-packages/airflow/example_dags/example_dag_decorator.py for tasks to queue
[2025-09-16T15:13:05.488+0000] {logging_mixin.py:188} INFO - [2025-09-16T15:13:05.488+0000] {dagbag.py:545} INFO - Filling up the DagBag from /home/airflow/.local/lib/python3.12/site-packages/airflow/example_dags/example_dag_decorator.py
[2025-09-16T15:13:05.824+0000] {processor.py:840} INFO - DAG(s) 'example_dag_decorator' retrieved from /home/airflow/.local/lib/python3.12/site-packages/airflow/example_dags/example_dag_decorator.py
[2025-09-16T15:13:06.005+0000] {logging_mixin.py:188} INFO - [2025-09-16T15:13:06.004+0000] {dag.py:3096} INFO - Sync 1 DAGs
[2025-09-16T15:13:06.020+0000] {logging_mixin.py:188} INFO - [2025-09-16T15:13:06.019+0000] {dag.py:3954} INFO - Setting next_dagrun for example_dag_decorator to None, run_after=None
[2025-09-16T15:13:06.048+0000] {processor.py:183} INFO - Processing /home/airflow/.local/lib/python3.12/site-packages/airflow/example_dags/example_dag_decorator.py took 0.573 seconds
[2025-09-16T15:13:36.918+0000] {processor.py:161} INFO - Started process (PID=1472) to work on /home/airflow/.local/lib/python3.12/site-packages/airflow/example_dags/example_dag_decorator.py
[2025-09-16T15:13:36.920+0000] {processor.py:830} INFO - Processing file /home/airflow/.local/lib/python3.12/site-packages/airflow/example_dags/example_dag_decorator.py for tasks to queue
[2025-09-16T15:13:36.923+0000] {logging_mixin.py:188} INFO - [2025-09-16T15:13:36.922+0000] {dagbag.py:545} INFO - Filling up the DagBag from /home/airflow/.local/lib/python3.12/site-packages/airflow/example_dags/example_dag_decorator.py
[2025-09-16T15:13:37.286+0000] {processor.py:840} INFO - DAG(s) 'example_dag_decorator' retrieved from /home/airflow/.local/lib/python3.12/site-packages/airflow/example_dags/example_dag_decorator.py
[2025-09-16T15:13:37.318+0000] {logging_mixin.py:188} INFO - [2025-09-16T15:13:37.317+0000] {dag.py:3096} INFO - Sync 1 DAGs
[2025-09-16T15:13:37.338+0000] {logging_mixin.py:188} INFO - [2025-09-16T15:13:37.337+0000] {dag.py:3954} INFO - Setting next_dagrun for example_dag_decorator to None, run_after=None
[2025-09-16T15:13:37.382+0000] {processor.py:183} INFO - Processing /home/airflow/.local/lib/python3.12/site-packages/airflow/example_dags/example_dag_decorator.py took 0.471 seconds
