[2025-09-16T14:07:53.079+0000] {processor.py:161} INFO - Started process (PID=138) to work on /home/airflow/.local/lib/python3.12/site-packages/airflow/example_dags/example_display_name.py
[2025-09-16T14:07:53.080+0000] {processor.py:830} INFO - Processing file /home/airflow/.local/lib/python3.12/site-packages/airflow/example_dags/example_display_name.py for tasks to queue
[2025-09-16T14:07:53.083+0000] {logging_mixin.py:188} INFO - [2025-09-16T14:07:53.083+0000] {dagbag.py:545} INFO - Filling up the DagBag from /home/airflow/.local/lib/python3.12/site-packages/airflow/example_dags/example_display_name.py
[2025-09-16T14:07:53.098+0000] {processor.py:840} INFO - DAG(s) 'example_display_name' retrieved from /home/airflow/.local/lib/python3.12/site-packages/airflow/example_dags/example_display_name.py
[2025-09-16T14:07:53.131+0000] {logging_mixin.py:188} INFO - [2025-09-16T14:07:53.131+0000] {dag.py:3096} INFO - Sync 1 DAGs
[2025-09-16T14:07:53.210+0000] {logging_mixin.py:188} INFO - [2025-09-16T14:07:53.210+0000] {dag.py:3954} INFO - Setting next_dagrun for example_display_name to None, run_after=None
[2025-09-16T14:07:53.283+0000] {processor.py:183} INFO - Processing /home/airflow/.local/lib/python3.12/site-packages/airflow/example_dags/example_display_name.py took 0.213 seconds
[2025-09-16T14:08:23.896+0000] {processor.py:161} INFO - Started process (PID=198) to work on /home/airflow/.local/lib/python3.12/site-packages/airflow/example_dags/example_display_name.py
[2025-09-16T14:08:23.898+0000] {processor.py:830} INFO - Processing file /home/airflow/.local/lib/python3.12/site-packages/airflow/example_dags/example_display_name.py for tasks to queue
[2025-09-16T14:08:23.908+0000] {logging_mixin.py:188} INFO - [2025-09-16T14:08:23.906+0000] {dagbag.py:545} INFO - Filling up the DagBag from /home/airflow/.local/lib/python3.12/site-packages/airflow/example_dags/example_display_name.py
[2025-09-16T14:08:23.933+0000] {processor.py:840} INFO - DAG(s) 'example_display_name' retrieved from /home/airflow/.local/lib/python3.12/site-packages/airflow/example_dags/example_display_name.py
[2025-09-16T14:08:24.092+0000] {logging_mixin.py:188} INFO - [2025-09-16T14:08:24.091+0000] {dag.py:3096} INFO - Sync 1 DAGs
[2025-09-16T14:08:24.107+0000] {logging_mixin.py:188} INFO - [2025-09-16T14:08:24.107+0000] {dag.py:3954} INFO - Setting next_dagrun for example_display_name to None, run_after=None
[2025-09-16T14:08:24.197+0000] {processor.py:183} INFO - Processing /home/airflow/.local/lib/python3.12/site-packages/airflow/example_dags/example_display_name.py took 0.312 seconds
[2025-09-16T14:08:54.942+0000] {processor.py:161} INFO - Started process (PID=258) to work on /home/airflow/.local/lib/python3.12/site-packages/airflow/example_dags/example_display_name.py
[2025-09-16T14:08:54.944+0000] {processor.py:830} INFO - Processing file /home/airflow/.local/lib/python3.12/site-packages/airflow/example_dags/example_display_name.py for tasks to queue
[2025-09-16T14:08:54.948+0000] {logging_mixin.py:188} INFO - [2025-09-16T14:08:54.948+0000] {dagbag.py:545} INFO - Filling up the DagBag from /home/airflow/.local/lib/python3.12/site-packages/airflow/example_dags/example_display_name.py
[2025-09-16T14:08:54.956+0000] {processor.py:840} INFO - DAG(s) 'example_display_name' retrieved from /home/airflow/.local/lib/python3.12/site-packages/airflow/example_dags/example_display_name.py
[2025-09-16T14:08:54.991+0000] {logging_mixin.py:188} INFO - [2025-09-16T14:08:54.990+0000] {dag.py:3096} INFO - Sync 1 DAGs
[2025-09-16T14:08:55.015+0000] {logging_mixin.py:188} INFO - [2025-09-16T14:08:55.014+0000] {dag.py:3954} INFO - Setting next_dagrun for example_display_name to None, run_after=None
[2025-09-16T14:08:55.107+0000] {processor.py:183} INFO - Processing /home/airflow/.local/lib/python3.12/site-packages/airflow/example_dags/example_display_name.py took 0.174 seconds
[2025-09-16T14:09:25.925+0000] {processor.py:161} INFO - Started process (PID=318) to work on /home/airflow/.local/lib/python3.12/site-packages/airflow/example_dags/example_display_name.py
[2025-09-16T14:09:25.926+0000] {processor.py:830} INFO - Processing file /home/airflow/.local/lib/python3.12/site-packages/airflow/example_dags/example_display_name.py for tasks to queue
[2025-09-16T14:09:25.930+0000] {logging_mixin.py:188} INFO - [2025-09-16T14:09:25.929+0000] {dagbag.py:545} INFO - Filling up the DagBag from /home/airflow/.local/lib/python3.12/site-packages/airflow/example_dags/example_display_name.py
[2025-09-16T14:09:25.938+0000] {processor.py:840} INFO - DAG(s) 'example_display_name' retrieved from /home/airflow/.local/lib/python3.12/site-packages/airflow/example_dags/example_display_name.py
[2025-09-16T14:09:25.976+0000] {logging_mixin.py:188} INFO - [2025-09-16T14:09:25.975+0000] {dag.py:3096} INFO - Sync 1 DAGs
[2025-09-16T14:09:26.005+0000] {logging_mixin.py:188} INFO - [2025-09-16T14:09:26.005+0000] {dag.py:3954} INFO - Setting next_dagrun for example_display_name to None, run_after=None
[2025-09-16T14:09:26.050+0000] {processor.py:183} INFO - Processing /home/airflow/.local/lib/python3.12/site-packages/airflow/example_dags/example_display_name.py took 0.134 seconds
[2025-09-16T14:09:56.434+0000] {processor.py:161} INFO - Started process (PID=376) to work on /home/airflow/.local/lib/python3.12/site-packages/airflow/example_dags/example_display_name.py
[2025-09-16T14:09:56.437+0000] {processor.py:830} INFO - Processing file /home/airflow/.local/lib/python3.12/site-packages/airflow/example_dags/example_display_name.py for tasks to queue
[2025-09-16T14:09:56.439+0000] {logging_mixin.py:188} INFO - [2025-09-16T14:09:56.438+0000] {dagbag.py:545} INFO - Filling up the DagBag from /home/airflow/.local/lib/python3.12/site-packages/airflow/example_dags/example_display_name.py
[2025-09-16T14:09:56.445+0000] {processor.py:840} INFO - DAG(s) 'example_display_name' retrieved from /home/airflow/.local/lib/python3.12/site-packages/airflow/example_dags/example_display_name.py
[2025-09-16T14:09:56.470+0000] {logging_mixin.py:188} INFO - [2025-09-16T14:09:56.469+0000] {dag.py:3096} INFO - Sync 1 DAGs
[2025-09-16T14:09:56.486+0000] {logging_mixin.py:188} INFO - [2025-09-16T14:09:56.486+0000] {dag.py:3954} INFO - Setting next_dagrun for example_display_name to None, run_after=None
[2025-09-16T14:09:56.525+0000] {processor.py:183} INFO - Processing /home/airflow/.local/lib/python3.12/site-packages/airflow/example_dags/example_display_name.py took 0.096 seconds
[2025-09-16T14:10:26.914+0000] {processor.py:161} INFO - Started process (PID=436) to work on /home/airflow/.local/lib/python3.12/site-packages/airflow/example_dags/example_display_name.py
[2025-09-16T14:10:26.916+0000] {processor.py:830} INFO - Processing file /home/airflow/.local/lib/python3.12/site-packages/airflow/example_dags/example_display_name.py for tasks to queue
[2025-09-16T14:10:26.919+0000] {logging_mixin.py:188} INFO - [2025-09-16T14:10:26.918+0000] {dagbag.py:545} INFO - Filling up the DagBag from /home/airflow/.local/lib/python3.12/site-packages/airflow/example_dags/example_display_name.py
[2025-09-16T14:10:26.927+0000] {processor.py:840} INFO - DAG(s) 'example_display_name' retrieved from /home/airflow/.local/lib/python3.12/site-packages/airflow/example_dags/example_display_name.py
[2025-09-16T14:10:26.954+0000] {logging_mixin.py:188} INFO - [2025-09-16T14:10:26.954+0000] {dag.py:3096} INFO - Sync 1 DAGs
[2025-09-16T14:10:26.972+0000] {logging_mixin.py:188} INFO - [2025-09-16T14:10:26.972+0000] {dag.py:3954} INFO - Setting next_dagrun for example_display_name to None, run_after=None
[2025-09-16T14:10:27.002+0000] {processor.py:183} INFO - Processing /home/airflow/.local/lib/python3.12/site-packages/airflow/example_dags/example_display_name.py took 0.094 seconds
[2025-09-16T14:10:57.471+0000] {processor.py:161} INFO - Started process (PID=496) to work on /home/airflow/.local/lib/python3.12/site-packages/airflow/example_dags/example_display_name.py
[2025-09-16T14:10:57.473+0000] {processor.py:830} INFO - Processing file /home/airflow/.local/lib/python3.12/site-packages/airflow/example_dags/example_display_name.py for tasks to queue
[2025-09-16T14:10:57.475+0000] {logging_mixin.py:188} INFO - [2025-09-16T14:10:57.474+0000] {dagbag.py:545} INFO - Filling up the DagBag from /home/airflow/.local/lib/python3.12/site-packages/airflow/example_dags/example_display_name.py
[2025-09-16T14:10:57.481+0000] {processor.py:840} INFO - DAG(s) 'example_display_name' retrieved from /home/airflow/.local/lib/python3.12/site-packages/airflow/example_dags/example_display_name.py
[2025-09-16T14:10:57.507+0000] {logging_mixin.py:188} INFO - [2025-09-16T14:10:57.506+0000] {dag.py:3096} INFO - Sync 1 DAGs
[2025-09-16T14:10:57.524+0000] {logging_mixin.py:188} INFO - [2025-09-16T14:10:57.523+0000] {dag.py:3954} INFO - Setting next_dagrun for example_display_name to None, run_after=None
[2025-09-16T14:10:57.550+0000] {processor.py:183} INFO - Processing /home/airflow/.local/lib/python3.12/site-packages/airflow/example_dags/example_display_name.py took 0.084 seconds
[2025-09-16T14:11:27.977+0000] {processor.py:161} INFO - Started process (PID=556) to work on /home/airflow/.local/lib/python3.12/site-packages/airflow/example_dags/example_display_name.py
[2025-09-16T14:11:27.979+0000] {processor.py:830} INFO - Processing file /home/airflow/.local/lib/python3.12/site-packages/airflow/example_dags/example_display_name.py for tasks to queue
[2025-09-16T14:11:27.981+0000] {logging_mixin.py:188} INFO - [2025-09-16T14:11:27.981+0000] {dagbag.py:545} INFO - Filling up the DagBag from /home/airflow/.local/lib/python3.12/site-packages/airflow/example_dags/example_display_name.py
[2025-09-16T14:11:27.988+0000] {processor.py:840} INFO - DAG(s) 'example_display_name' retrieved from /home/airflow/.local/lib/python3.12/site-packages/airflow/example_dags/example_display_name.py
[2025-09-16T14:11:28.014+0000] {logging_mixin.py:188} INFO - [2025-09-16T14:11:28.013+0000] {dag.py:3096} INFO - Sync 1 DAGs
[2025-09-16T14:11:28.031+0000] {logging_mixin.py:188} INFO - [2025-09-16T14:11:28.031+0000] {dag.py:3954} INFO - Setting next_dagrun for example_display_name to None, run_after=None
[2025-09-16T14:11:28.063+0000] {processor.py:183} INFO - Processing /home/airflow/.local/lib/python3.12/site-packages/airflow/example_dags/example_display_name.py took 0.092 seconds
[2025-09-16T14:11:58.734+0000] {processor.py:161} INFO - Started process (PID=616) to work on /home/airflow/.local/lib/python3.12/site-packages/airflow/example_dags/example_display_name.py
[2025-09-16T14:11:58.736+0000] {processor.py:830} INFO - Processing file /home/airflow/.local/lib/python3.12/site-packages/airflow/example_dags/example_display_name.py for tasks to queue
[2025-09-16T14:11:58.740+0000] {logging_mixin.py:188} INFO - [2025-09-16T14:11:58.739+0000] {dagbag.py:545} INFO - Filling up the DagBag from /home/airflow/.local/lib/python3.12/site-packages/airflow/example_dags/example_display_name.py
[2025-09-16T14:11:58.750+0000] {processor.py:840} INFO - DAG(s) 'example_display_name' retrieved from /home/airflow/.local/lib/python3.12/site-packages/airflow/example_dags/example_display_name.py
[2025-09-16T14:11:58.788+0000] {logging_mixin.py:188} INFO - [2025-09-16T14:11:58.787+0000] {dag.py:3096} INFO - Sync 1 DAGs
[2025-09-16T14:11:58.811+0000] {logging_mixin.py:188} INFO - [2025-09-16T14:11:58.811+0000] {dag.py:3954} INFO - Setting next_dagrun for example_display_name to None, run_after=None
[2025-09-16T14:11:58.858+0000] {processor.py:183} INFO - Processing /home/airflow/.local/lib/python3.12/site-packages/airflow/example_dags/example_display_name.py took 0.133 seconds
[2025-09-16T14:12:29.564+0000] {processor.py:161} INFO - Started process (PID=676) to work on /home/airflow/.local/lib/python3.12/site-packages/airflow/example_dags/example_display_name.py
[2025-09-16T14:12:29.566+0000] {processor.py:830} INFO - Processing file /home/airflow/.local/lib/python3.12/site-packages/airflow/example_dags/example_display_name.py for tasks to queue
[2025-09-16T14:12:29.569+0000] {logging_mixin.py:188} INFO - [2025-09-16T14:12:29.568+0000] {dagbag.py:545} INFO - Filling up the DagBag from /home/airflow/.local/lib/python3.12/site-packages/airflow/example_dags/example_display_name.py
[2025-09-16T14:12:29.578+0000] {processor.py:840} INFO - DAG(s) 'example_display_name' retrieved from /home/airflow/.local/lib/python3.12/site-packages/airflow/example_dags/example_display_name.py
[2025-09-16T14:12:29.609+0000] {logging_mixin.py:188} INFO - [2025-09-16T14:12:29.608+0000] {dag.py:3096} INFO - Sync 1 DAGs
[2025-09-16T14:12:29.628+0000] {logging_mixin.py:188} INFO - [2025-09-16T14:12:29.627+0000] {dag.py:3954} INFO - Setting next_dagrun for example_display_name to None, run_after=None
[2025-09-16T14:12:29.671+0000] {processor.py:183} INFO - Processing /home/airflow/.local/lib/python3.12/site-packages/airflow/example_dags/example_display_name.py took 0.115 seconds
[2025-09-16T14:12:59.951+0000] {processor.py:161} INFO - Started process (PID=736) to work on /home/airflow/.local/lib/python3.12/site-packages/airflow/example_dags/example_display_name.py
[2025-09-16T14:12:59.952+0000] {processor.py:830} INFO - Processing file /home/airflow/.local/lib/python3.12/site-packages/airflow/example_dags/example_display_name.py for tasks to queue
[2025-09-16T14:12:59.955+0000] {logging_mixin.py:188} INFO - [2025-09-16T14:12:59.955+0000] {dagbag.py:545} INFO - Filling up the DagBag from /home/airflow/.local/lib/python3.12/site-packages/airflow/example_dags/example_display_name.py
[2025-09-16T14:12:59.963+0000] {processor.py:840} INFO - DAG(s) 'example_display_name' retrieved from /home/airflow/.local/lib/python3.12/site-packages/airflow/example_dags/example_display_name.py
[2025-09-16T14:12:59.989+0000] {logging_mixin.py:188} INFO - [2025-09-16T14:12:59.989+0000] {dag.py:3096} INFO - Sync 1 DAGs
[2025-09-16T14:13:00.009+0000] {logging_mixin.py:188} INFO - [2025-09-16T14:13:00.009+0000] {dag.py:3954} INFO - Setting next_dagrun for example_display_name to None, run_after=None
[2025-09-16T14:13:00.060+0000] {processor.py:183} INFO - Processing /home/airflow/.local/lib/python3.12/site-packages/airflow/example_dags/example_display_name.py took 0.117 seconds
[2025-09-16T14:13:30.436+0000] {processor.py:161} INFO - Started process (PID=796) to work on /home/airflow/.local/lib/python3.12/site-packages/airflow/example_dags/example_display_name.py
[2025-09-16T14:13:30.438+0000] {processor.py:830} INFO - Processing file /home/airflow/.local/lib/python3.12/site-packages/airflow/example_dags/example_display_name.py for tasks to queue
[2025-09-16T14:13:30.442+0000] {logging_mixin.py:188} INFO - [2025-09-16T14:13:30.441+0000] {dagbag.py:545} INFO - Filling up the DagBag from /home/airflow/.local/lib/python3.12/site-packages/airflow/example_dags/example_display_name.py
[2025-09-16T14:13:30.455+0000] {processor.py:840} INFO - DAG(s) 'example_display_name' retrieved from /home/airflow/.local/lib/python3.12/site-packages/airflow/example_dags/example_display_name.py
[2025-09-16T14:13:30.493+0000] {logging_mixin.py:188} INFO - [2025-09-16T14:13:30.493+0000] {dag.py:3096} INFO - Sync 1 DAGs
[2025-09-16T14:13:30.518+0000] {logging_mixin.py:188} INFO - [2025-09-16T14:13:30.518+0000] {dag.py:3954} INFO - Setting next_dagrun for example_display_name to None, run_after=None
[2025-09-16T14:13:30.551+0000] {processor.py:183} INFO - Processing /home/airflow/.local/lib/python3.12/site-packages/airflow/example_dags/example_display_name.py took 0.128 seconds
[2025-09-16T14:14:00.705+0000] {processor.py:161} INFO - Started process (PID=861) to work on /home/airflow/.local/lib/python3.12/site-packages/airflow/example_dags/example_display_name.py
[2025-09-16T14:14:00.707+0000] {processor.py:830} INFO - Processing file /home/airflow/.local/lib/python3.12/site-packages/airflow/example_dags/example_display_name.py for tasks to queue
[2025-09-16T14:14:00.710+0000] {logging_mixin.py:188} INFO - [2025-09-16T14:14:00.710+0000] {dagbag.py:545} INFO - Filling up the DagBag from /home/airflow/.local/lib/python3.12/site-packages/airflow/example_dags/example_display_name.py
[2025-09-16T14:14:00.724+0000] {processor.py:840} INFO - DAG(s) 'example_display_name' retrieved from /home/airflow/.local/lib/python3.12/site-packages/airflow/example_dags/example_display_name.py
[2025-09-16T14:14:00.767+0000] {logging_mixin.py:188} INFO - [2025-09-16T14:14:00.766+0000] {dag.py:3096} INFO - Sync 1 DAGs
[2025-09-16T14:14:00.792+0000] {logging_mixin.py:188} INFO - [2025-09-16T14:14:00.791+0000] {dag.py:3954} INFO - Setting next_dagrun for example_display_name to None, run_after=None
[2025-09-16T14:14:00.850+0000] {processor.py:183} INFO - Processing /home/airflow/.local/lib/python3.12/site-packages/airflow/example_dags/example_display_name.py took 0.159 seconds
[2025-09-16T14:14:31.199+0000] {processor.py:161} INFO - Started process (PID=925) to work on /home/airflow/.local/lib/python3.12/site-packages/airflow/example_dags/example_display_name.py
[2025-09-16T14:14:31.200+0000] {processor.py:830} INFO - Processing file /home/airflow/.local/lib/python3.12/site-packages/airflow/example_dags/example_display_name.py for tasks to queue
[2025-09-16T14:14:31.204+0000] {logging_mixin.py:188} INFO - [2025-09-16T14:14:31.203+0000] {dagbag.py:545} INFO - Filling up the DagBag from /home/airflow/.local/lib/python3.12/site-packages/airflow/example_dags/example_display_name.py
[2025-09-16T14:14:31.214+0000] {processor.py:840} INFO - DAG(s) 'example_display_name' retrieved from /home/airflow/.local/lib/python3.12/site-packages/airflow/example_dags/example_display_name.py
[2025-09-16T14:14:31.248+0000] {logging_mixin.py:188} INFO - [2025-09-16T14:14:31.247+0000] {dag.py:3096} INFO - Sync 1 DAGs
[2025-09-16T14:14:31.269+0000] {logging_mixin.py:188} INFO - [2025-09-16T14:14:31.268+0000] {dag.py:3954} INFO - Setting next_dagrun for example_display_name to None, run_after=None
[2025-09-16T14:14:31.305+0000] {processor.py:183} INFO - Processing /home/airflow/.local/lib/python3.12/site-packages/airflow/example_dags/example_display_name.py took 0.117 seconds
[2025-09-16T14:15:01.549+0000] {processor.py:161} INFO - Started process (PID=985) to work on /home/airflow/.local/lib/python3.12/site-packages/airflow/example_dags/example_display_name.py
[2025-09-16T14:15:01.558+0000] {processor.py:830} INFO - Processing file /home/airflow/.local/lib/python3.12/site-packages/airflow/example_dags/example_display_name.py for tasks to queue
[2025-09-16T14:15:01.576+0000] {logging_mixin.py:188} INFO - [2025-09-16T14:15:01.574+0000] {dagbag.py:545} INFO - Filling up the DagBag from /home/airflow/.local/lib/python3.12/site-packages/airflow/example_dags/example_display_name.py
[2025-09-16T14:15:01.595+0000] {processor.py:840} INFO - DAG(s) 'example_display_name' retrieved from /home/airflow/.local/lib/python3.12/site-packages/airflow/example_dags/example_display_name.py
[2025-09-16T14:15:01.656+0000] {logging_mixin.py:188} INFO - [2025-09-16T14:15:01.656+0000] {dag.py:3096} INFO - Sync 1 DAGs
[2025-09-16T14:15:01.750+0000] {logging_mixin.py:188} INFO - [2025-09-16T14:15:01.749+0000] {dag.py:3954} INFO - Setting next_dagrun for example_display_name to None, run_after=None
[2025-09-16T14:15:01.878+0000] {processor.py:183} INFO - Processing /home/airflow/.local/lib/python3.12/site-packages/airflow/example_dags/example_display_name.py took 0.376 seconds
[2025-09-16T14:16:43.750+0000] {processor.py:161} INFO - Started process (PID=91) to work on /home/airflow/.local/lib/python3.12/site-packages/airflow/example_dags/example_display_name.py
[2025-09-16T14:16:43.754+0000] {processor.py:830} INFO - Processing file /home/airflow/.local/lib/python3.12/site-packages/airflow/example_dags/example_display_name.py for tasks to queue
[2025-09-16T14:16:43.759+0000] {logging_mixin.py:188} INFO - [2025-09-16T14:16:43.759+0000] {dagbag.py:545} INFO - Filling up the DagBag from /home/airflow/.local/lib/python3.12/site-packages/airflow/example_dags/example_display_name.py
[2025-09-16T14:16:43.790+0000] {processor.py:840} INFO - DAG(s) 'example_display_name' retrieved from /home/airflow/.local/lib/python3.12/site-packages/airflow/example_dags/example_display_name.py
[2025-09-16T14:16:43.994+0000] {logging_mixin.py:188} INFO - [2025-09-16T14:16:43.994+0000] {dag.py:3096} INFO - Sync 1 DAGs
[2025-09-16T14:16:44.016+0000] {logging_mixin.py:188} INFO - [2025-09-16T14:16:44.015+0000] {dag.py:3954} INFO - Setting next_dagrun for example_display_name to None, run_after=None
[2025-09-16T14:16:44.051+0000] {processor.py:183} INFO - Processing /home/airflow/.local/lib/python3.12/site-packages/airflow/example_dags/example_display_name.py took 0.319 seconds
[2025-09-16T14:17:14.115+0000] {processor.py:161} INFO - Started process (PID=152) to work on /home/airflow/.local/lib/python3.12/site-packages/airflow/example_dags/example_display_name.py
[2025-09-16T14:17:14.116+0000] {processor.py:830} INFO - Processing file /home/airflow/.local/lib/python3.12/site-packages/airflow/example_dags/example_display_name.py for tasks to queue
[2025-09-16T14:17:14.119+0000] {logging_mixin.py:188} INFO - [2025-09-16T14:17:14.119+0000] {dagbag.py:545} INFO - Filling up the DagBag from /home/airflow/.local/lib/python3.12/site-packages/airflow/example_dags/example_display_name.py
[2025-09-16T14:17:14.127+0000] {processor.py:840} INFO - DAG(s) 'example_display_name' retrieved from /home/airflow/.local/lib/python3.12/site-packages/airflow/example_dags/example_display_name.py
[2025-09-16T14:17:14.155+0000] {logging_mixin.py:188} INFO - [2025-09-16T14:17:14.155+0000] {dag.py:3096} INFO - Sync 1 DAGs
[2025-09-16T14:17:14.173+0000] {logging_mixin.py:188} INFO - [2025-09-16T14:17:14.172+0000] {dag.py:3954} INFO - Setting next_dagrun for example_display_name to None, run_after=None
[2025-09-16T14:17:14.197+0000] {processor.py:183} INFO - Processing /home/airflow/.local/lib/python3.12/site-packages/airflow/example_dags/example_display_name.py took 0.090 seconds
[2025-09-16T14:17:46.095+0000] {processor.py:161} INFO - Started process (PID=212) to work on /home/airflow/.local/lib/python3.12/site-packages/airflow/example_dags/example_display_name.py
[2025-09-16T14:17:46.097+0000] {processor.py:830} INFO - Processing file /home/airflow/.local/lib/python3.12/site-packages/airflow/example_dags/example_display_name.py for tasks to queue
[2025-09-16T14:17:46.101+0000] {logging_mixin.py:188} INFO - [2025-09-16T14:17:46.100+0000] {dagbag.py:545} INFO - Filling up the DagBag from /home/airflow/.local/lib/python3.12/site-packages/airflow/example_dags/example_display_name.py
[2025-09-16T14:17:46.117+0000] {processor.py:840} INFO - DAG(s) 'example_display_name' retrieved from /home/airflow/.local/lib/python3.12/site-packages/airflow/example_dags/example_display_name.py
[2025-09-16T14:17:46.160+0000] {logging_mixin.py:188} INFO - [2025-09-16T14:17:46.159+0000] {dag.py:3096} INFO - Sync 1 DAGs
[2025-09-16T14:17:46.202+0000] {logging_mixin.py:188} INFO - [2025-09-16T14:17:46.201+0000] {dag.py:3954} INFO - Setting next_dagrun for example_display_name to None, run_after=None
[2025-09-16T14:17:46.248+0000] {processor.py:183} INFO - Processing /home/airflow/.local/lib/python3.12/site-packages/airflow/example_dags/example_display_name.py took 0.168 seconds
[2025-09-16T14:18:17.068+0000] {processor.py:161} INFO - Started process (PID=272) to work on /home/airflow/.local/lib/python3.12/site-packages/airflow/example_dags/example_display_name.py
[2025-09-16T14:18:17.070+0000] {processor.py:830} INFO - Processing file /home/airflow/.local/lib/python3.12/site-packages/airflow/example_dags/example_display_name.py for tasks to queue
[2025-09-16T14:18:17.072+0000] {logging_mixin.py:188} INFO - [2025-09-16T14:18:17.072+0000] {dagbag.py:545} INFO - Filling up the DagBag from /home/airflow/.local/lib/python3.12/site-packages/airflow/example_dags/example_display_name.py
[2025-09-16T14:18:17.080+0000] {processor.py:840} INFO - DAG(s) 'example_display_name' retrieved from /home/airflow/.local/lib/python3.12/site-packages/airflow/example_dags/example_display_name.py
[2025-09-16T14:18:17.104+0000] {logging_mixin.py:188} INFO - [2025-09-16T14:18:17.104+0000] {dag.py:3096} INFO - Sync 1 DAGs
[2025-09-16T14:18:17.122+0000] {logging_mixin.py:188} INFO - [2025-09-16T14:18:17.122+0000] {dag.py:3954} INFO - Setting next_dagrun for example_display_name to None, run_after=None
[2025-09-16T14:18:17.165+0000] {processor.py:183} INFO - Processing /home/airflow/.local/lib/python3.12/site-packages/airflow/example_dags/example_display_name.py took 0.105 seconds
[2025-09-16T14:18:47.798+0000] {processor.py:161} INFO - Started process (PID=332) to work on /home/airflow/.local/lib/python3.12/site-packages/airflow/example_dags/example_display_name.py
[2025-09-16T14:18:47.799+0000] {processor.py:830} INFO - Processing file /home/airflow/.local/lib/python3.12/site-packages/airflow/example_dags/example_display_name.py for tasks to queue
[2025-09-16T14:18:47.802+0000] {logging_mixin.py:188} INFO - [2025-09-16T14:18:47.802+0000] {dagbag.py:545} INFO - Filling up the DagBag from /home/airflow/.local/lib/python3.12/site-packages/airflow/example_dags/example_display_name.py
[2025-09-16T14:18:47.809+0000] {processor.py:840} INFO - DAG(s) 'example_display_name' retrieved from /home/airflow/.local/lib/python3.12/site-packages/airflow/example_dags/example_display_name.py
[2025-09-16T14:18:47.835+0000] {logging_mixin.py:188} INFO - [2025-09-16T14:18:47.834+0000] {dag.py:3096} INFO - Sync 1 DAGs
[2025-09-16T14:18:47.851+0000] {logging_mixin.py:188} INFO - [2025-09-16T14:18:47.850+0000] {dag.py:3954} INFO - Setting next_dagrun for example_display_name to None, run_after=None
[2025-09-16T14:18:47.900+0000] {processor.py:183} INFO - Processing /home/airflow/.local/lib/python3.12/site-packages/airflow/example_dags/example_display_name.py took 0.110 seconds
[2025-09-16T14:19:18.151+0000] {processor.py:161} INFO - Started process (PID=391) to work on /home/airflow/.local/lib/python3.12/site-packages/airflow/example_dags/example_display_name.py
[2025-09-16T14:19:18.153+0000] {processor.py:830} INFO - Processing file /home/airflow/.local/lib/python3.12/site-packages/airflow/example_dags/example_display_name.py for tasks to queue
[2025-09-16T14:19:18.156+0000] {logging_mixin.py:188} INFO - [2025-09-16T14:19:18.155+0000] {dagbag.py:545} INFO - Filling up the DagBag from /home/airflow/.local/lib/python3.12/site-packages/airflow/example_dags/example_display_name.py
[2025-09-16T14:19:18.164+0000] {processor.py:840} INFO - DAG(s) 'example_display_name' retrieved from /home/airflow/.local/lib/python3.12/site-packages/airflow/example_dags/example_display_name.py
[2025-09-16T14:19:18.190+0000] {logging_mixin.py:188} INFO - [2025-09-16T14:19:18.189+0000] {dag.py:3096} INFO - Sync 1 DAGs
[2025-09-16T14:19:18.207+0000] {logging_mixin.py:188} INFO - [2025-09-16T14:19:18.207+0000] {dag.py:3954} INFO - Setting next_dagrun for example_display_name to None, run_after=None
[2025-09-16T14:19:18.243+0000] {processor.py:183} INFO - Processing /home/airflow/.local/lib/python3.12/site-packages/airflow/example_dags/example_display_name.py took 0.100 seconds
[2025-09-16T14:19:48.332+0000] {processor.py:161} INFO - Started process (PID=451) to work on /home/airflow/.local/lib/python3.12/site-packages/airflow/example_dags/example_display_name.py
[2025-09-16T14:19:48.334+0000] {processor.py:830} INFO - Processing file /home/airflow/.local/lib/python3.12/site-packages/airflow/example_dags/example_display_name.py for tasks to queue
[2025-09-16T14:19:48.337+0000] {logging_mixin.py:188} INFO - [2025-09-16T14:19:48.336+0000] {dagbag.py:545} INFO - Filling up the DagBag from /home/airflow/.local/lib/python3.12/site-packages/airflow/example_dags/example_display_name.py
[2025-09-16T14:19:48.344+0000] {processor.py:840} INFO - DAG(s) 'example_display_name' retrieved from /home/airflow/.local/lib/python3.12/site-packages/airflow/example_dags/example_display_name.py
[2025-09-16T14:19:48.366+0000] {logging_mixin.py:188} INFO - [2025-09-16T14:19:48.365+0000] {dag.py:3096} INFO - Sync 1 DAGs
[2025-09-16T14:19:48.382+0000] {logging_mixin.py:188} INFO - [2025-09-16T14:19:48.381+0000] {dag.py:3954} INFO - Setting next_dagrun for example_display_name to None, run_after=None
[2025-09-16T14:19:48.436+0000] {processor.py:183} INFO - Processing /home/airflow/.local/lib/python3.12/site-packages/airflow/example_dags/example_display_name.py took 0.111 seconds
[2025-09-16T14:20:19.241+0000] {processor.py:161} INFO - Started process (PID=511) to work on /home/airflow/.local/lib/python3.12/site-packages/airflow/example_dags/example_display_name.py
[2025-09-16T14:20:19.243+0000] {processor.py:830} INFO - Processing file /home/airflow/.local/lib/python3.12/site-packages/airflow/example_dags/example_display_name.py for tasks to queue
[2025-09-16T14:20:19.246+0000] {logging_mixin.py:188} INFO - [2025-09-16T14:20:19.245+0000] {dagbag.py:545} INFO - Filling up the DagBag from /home/airflow/.local/lib/python3.12/site-packages/airflow/example_dags/example_display_name.py
[2025-09-16T14:20:19.254+0000] {processor.py:840} INFO - DAG(s) 'example_display_name' retrieved from /home/airflow/.local/lib/python3.12/site-packages/airflow/example_dags/example_display_name.py
[2025-09-16T14:20:19.282+0000] {logging_mixin.py:188} INFO - [2025-09-16T14:20:19.282+0000] {dag.py:3096} INFO - Sync 1 DAGs
[2025-09-16T14:20:19.301+0000] {logging_mixin.py:188} INFO - [2025-09-16T14:20:19.300+0000] {dag.py:3954} INFO - Setting next_dagrun for example_display_name to None, run_after=None
[2025-09-16T14:20:19.329+0000] {processor.py:183} INFO - Processing /home/airflow/.local/lib/python3.12/site-packages/airflow/example_dags/example_display_name.py took 0.097 seconds
[2025-09-16T14:20:49.724+0000] {processor.py:161} INFO - Started process (PID=571) to work on /home/airflow/.local/lib/python3.12/site-packages/airflow/example_dags/example_display_name.py
[2025-09-16T14:20:49.726+0000] {processor.py:830} INFO - Processing file /home/airflow/.local/lib/python3.12/site-packages/airflow/example_dags/example_display_name.py for tasks to queue
[2025-09-16T14:20:49.731+0000] {logging_mixin.py:188} INFO - [2025-09-16T14:20:49.730+0000] {dagbag.py:545} INFO - Filling up the DagBag from /home/airflow/.local/lib/python3.12/site-packages/airflow/example_dags/example_display_name.py
[2025-09-16T14:20:49.741+0000] {processor.py:840} INFO - DAG(s) 'example_display_name' retrieved from /home/airflow/.local/lib/python3.12/site-packages/airflow/example_dags/example_display_name.py
[2025-09-16T14:20:49.776+0000] {logging_mixin.py:188} INFO - [2025-09-16T14:20:49.776+0000] {dag.py:3096} INFO - Sync 1 DAGs
[2025-09-16T14:20:49.805+0000] {logging_mixin.py:188} INFO - [2025-09-16T14:20:49.804+0000] {dag.py:3954} INFO - Setting next_dagrun for example_display_name to None, run_after=None
[2025-09-16T14:20:49.867+0000] {processor.py:183} INFO - Processing /home/airflow/.local/lib/python3.12/site-packages/airflow/example_dags/example_display_name.py took 0.152 seconds
[2025-09-16T14:54:09.233+0000] {processor.py:161} INFO - Started process (PID=90) to work on /home/airflow/.local/lib/python3.12/site-packages/airflow/example_dags/example_display_name.py
[2025-09-16T14:54:09.235+0000] {processor.py:830} INFO - Processing file /home/airflow/.local/lib/python3.12/site-packages/airflow/example_dags/example_display_name.py for tasks to queue
[2025-09-16T14:54:09.238+0000] {logging_mixin.py:188} INFO - [2025-09-16T14:54:09.237+0000] {dagbag.py:545} INFO - Filling up the DagBag from /home/airflow/.local/lib/python3.12/site-packages/airflow/example_dags/example_display_name.py
[2025-09-16T14:54:09.250+0000] {processor.py:840} INFO - DAG(s) 'example_display_name' retrieved from /home/airflow/.local/lib/python3.12/site-packages/airflow/example_dags/example_display_name.py
[2025-09-16T14:54:09.429+0000] {logging_mixin.py:188} INFO - [2025-09-16T14:54:09.428+0000] {dag.py:3096} INFO - Sync 1 DAGs
[2025-09-16T14:54:09.456+0000] {logging_mixin.py:188} INFO - [2025-09-16T14:54:09.455+0000] {dag.py:3954} INFO - Setting next_dagrun for example_display_name to None, run_after=None
[2025-09-16T14:54:09.498+0000] {processor.py:183} INFO - Processing /home/airflow/.local/lib/python3.12/site-packages/airflow/example_dags/example_display_name.py took 0.274 seconds
[2025-09-16T14:54:39.784+0000] {processor.py:161} INFO - Started process (PID=150) to work on /home/airflow/.local/lib/python3.12/site-packages/airflow/example_dags/example_display_name.py
[2025-09-16T14:54:39.786+0000] {processor.py:830} INFO - Processing file /home/airflow/.local/lib/python3.12/site-packages/airflow/example_dags/example_display_name.py for tasks to queue
[2025-09-16T14:54:39.789+0000] {logging_mixin.py:188} INFO - [2025-09-16T14:54:39.788+0000] {dagbag.py:545} INFO - Filling up the DagBag from /home/airflow/.local/lib/python3.12/site-packages/airflow/example_dags/example_display_name.py
[2025-09-16T14:54:39.799+0000] {processor.py:840} INFO - DAG(s) 'example_display_name' retrieved from /home/airflow/.local/lib/python3.12/site-packages/airflow/example_dags/example_display_name.py
[2025-09-16T14:54:39.840+0000] {logging_mixin.py:188} INFO - [2025-09-16T14:54:39.839+0000] {dag.py:3096} INFO - Sync 1 DAGs
[2025-09-16T14:54:39.875+0000] {logging_mixin.py:188} INFO - [2025-09-16T14:54:39.874+0000] {dag.py:3954} INFO - Setting next_dagrun for example_display_name to None, run_after=None
[2025-09-16T14:54:39.928+0000] {processor.py:183} INFO - Processing /home/airflow/.local/lib/python3.12/site-packages/airflow/example_dags/example_display_name.py took 0.153 seconds
[2025-09-16T14:55:11.082+0000] {processor.py:161} INFO - Started process (PID=211) to work on /home/airflow/.local/lib/python3.12/site-packages/airflow/example_dags/example_display_name.py
[2025-09-16T14:55:11.087+0000] {processor.py:830} INFO - Processing file /home/airflow/.local/lib/python3.12/site-packages/airflow/example_dags/example_display_name.py for tasks to queue
[2025-09-16T14:55:11.092+0000] {logging_mixin.py:188} INFO - [2025-09-16T14:55:11.091+0000] {dagbag.py:545} INFO - Filling up the DagBag from /home/airflow/.local/lib/python3.12/site-packages/airflow/example_dags/example_display_name.py
[2025-09-16T14:55:11.107+0000] {processor.py:840} INFO - DAG(s) 'example_display_name' retrieved from /home/airflow/.local/lib/python3.12/site-packages/airflow/example_dags/example_display_name.py
[2025-09-16T14:55:11.146+0000] {logging_mixin.py:188} INFO - [2025-09-16T14:55:11.145+0000] {dag.py:3096} INFO - Sync 1 DAGs
[2025-09-16T14:55:11.168+0000] {logging_mixin.py:188} INFO - [2025-09-16T14:55:11.168+0000] {dag.py:3954} INFO - Setting next_dagrun for example_display_name to None, run_after=None
[2025-09-16T14:55:11.202+0000] {processor.py:183} INFO - Processing /home/airflow/.local/lib/python3.12/site-packages/airflow/example_dags/example_display_name.py took 0.134 seconds
[2025-09-16T14:55:42.327+0000] {processor.py:161} INFO - Started process (PID=271) to work on /home/airflow/.local/lib/python3.12/site-packages/airflow/example_dags/example_display_name.py
[2025-09-16T14:55:42.328+0000] {processor.py:830} INFO - Processing file /home/airflow/.local/lib/python3.12/site-packages/airflow/example_dags/example_display_name.py for tasks to queue
[2025-09-16T14:55:42.331+0000] {logging_mixin.py:188} INFO - [2025-09-16T14:55:42.331+0000] {dagbag.py:545} INFO - Filling up the DagBag from /home/airflow/.local/lib/python3.12/site-packages/airflow/example_dags/example_display_name.py
[2025-09-16T14:55:42.338+0000] {processor.py:840} INFO - DAG(s) 'example_display_name' retrieved from /home/airflow/.local/lib/python3.12/site-packages/airflow/example_dags/example_display_name.py
[2025-09-16T14:55:42.361+0000] {logging_mixin.py:188} INFO - [2025-09-16T14:55:42.361+0000] {dag.py:3096} INFO - Sync 1 DAGs
[2025-09-16T14:55:42.377+0000] {logging_mixin.py:188} INFO - [2025-09-16T14:55:42.376+0000] {dag.py:3954} INFO - Setting next_dagrun for example_display_name to None, run_after=None
[2025-09-16T14:55:42.421+0000] {processor.py:183} INFO - Processing /home/airflow/.local/lib/python3.12/site-packages/airflow/example_dags/example_display_name.py took 0.102 seconds
[2025-09-16T14:56:13.292+0000] {processor.py:161} INFO - Started process (PID=331) to work on /home/airflow/.local/lib/python3.12/site-packages/airflow/example_dags/example_display_name.py
[2025-09-16T14:56:13.294+0000] {processor.py:830} INFO - Processing file /home/airflow/.local/lib/python3.12/site-packages/airflow/example_dags/example_display_name.py for tasks to queue
[2025-09-16T14:56:13.297+0000] {logging_mixin.py:188} INFO - [2025-09-16T14:56:13.297+0000] {dagbag.py:545} INFO - Filling up the DagBag from /home/airflow/.local/lib/python3.12/site-packages/airflow/example_dags/example_display_name.py
[2025-09-16T14:56:13.306+0000] {processor.py:840} INFO - DAG(s) 'example_display_name' retrieved from /home/airflow/.local/lib/python3.12/site-packages/airflow/example_dags/example_display_name.py
[2025-09-16T14:56:13.342+0000] {logging_mixin.py:188} INFO - [2025-09-16T14:56:13.341+0000] {dag.py:3096} INFO - Sync 1 DAGs
[2025-09-16T14:56:13.363+0000] {logging_mixin.py:188} INFO - [2025-09-16T14:56:13.362+0000] {dag.py:3954} INFO - Setting next_dagrun for example_display_name to None, run_after=None
[2025-09-16T14:56:13.393+0000] {processor.py:183} INFO - Processing /home/airflow/.local/lib/python3.12/site-packages/airflow/example_dags/example_display_name.py took 0.112 seconds
[2025-09-16T14:56:43.613+0000] {processor.py:161} INFO - Started process (PID=390) to work on /home/airflow/.local/lib/python3.12/site-packages/airflow/example_dags/example_display_name.py
[2025-09-16T14:56:43.614+0000] {processor.py:830} INFO - Processing file /home/airflow/.local/lib/python3.12/site-packages/airflow/example_dags/example_display_name.py for tasks to queue
[2025-09-16T14:56:43.617+0000] {logging_mixin.py:188} INFO - [2025-09-16T14:56:43.617+0000] {dagbag.py:545} INFO - Filling up the DagBag from /home/airflow/.local/lib/python3.12/site-packages/airflow/example_dags/example_display_name.py
[2025-09-16T14:56:43.625+0000] {processor.py:840} INFO - DAG(s) 'example_display_name' retrieved from /home/airflow/.local/lib/python3.12/site-packages/airflow/example_dags/example_display_name.py
[2025-09-16T14:56:43.655+0000] {logging_mixin.py:188} INFO - [2025-09-16T14:56:43.655+0000] {dag.py:3096} INFO - Sync 1 DAGs
[2025-09-16T14:56:43.681+0000] {logging_mixin.py:188} INFO - [2025-09-16T14:56:43.680+0000] {dag.py:3954} INFO - Setting next_dagrun for example_display_name to None, run_after=None
[2025-09-16T14:56:43.719+0000] {processor.py:183} INFO - Processing /home/airflow/.local/lib/python3.12/site-packages/airflow/example_dags/example_display_name.py took 0.115 seconds
[2025-09-16T14:57:13.968+0000] {processor.py:161} INFO - Started process (PID=449) to work on /home/airflow/.local/lib/python3.12/site-packages/airflow/example_dags/example_display_name.py
[2025-09-16T14:57:13.969+0000] {processor.py:830} INFO - Processing file /home/airflow/.local/lib/python3.12/site-packages/airflow/example_dags/example_display_name.py for tasks to queue
[2025-09-16T14:57:13.973+0000] {logging_mixin.py:188} INFO - [2025-09-16T14:57:13.972+0000] {dagbag.py:545} INFO - Filling up the DagBag from /home/airflow/.local/lib/python3.12/site-packages/airflow/example_dags/example_display_name.py
[2025-09-16T14:57:13.981+0000] {processor.py:840} INFO - DAG(s) 'example_display_name' retrieved from /home/airflow/.local/lib/python3.12/site-packages/airflow/example_dags/example_display_name.py
[2025-09-16T14:57:14.008+0000] {logging_mixin.py:188} INFO - [2025-09-16T14:57:14.008+0000] {dag.py:3096} INFO - Sync 1 DAGs
[2025-09-16T14:57:14.027+0000] {logging_mixin.py:188} INFO - [2025-09-16T14:57:14.026+0000] {dag.py:3954} INFO - Setting next_dagrun for example_display_name to None, run_after=None
[2025-09-16T14:57:14.054+0000] {processor.py:183} INFO - Processing /home/airflow/.local/lib/python3.12/site-packages/airflow/example_dags/example_display_name.py took 0.095 seconds
[2025-09-16T14:57:44.274+0000] {processor.py:161} INFO - Started process (PID=509) to work on /home/airflow/.local/lib/python3.12/site-packages/airflow/example_dags/example_display_name.py
[2025-09-16T14:57:44.275+0000] {processor.py:830} INFO - Processing file /home/airflow/.local/lib/python3.12/site-packages/airflow/example_dags/example_display_name.py for tasks to queue
[2025-09-16T14:57:44.278+0000] {logging_mixin.py:188} INFO - [2025-09-16T14:57:44.278+0000] {dagbag.py:545} INFO - Filling up the DagBag from /home/airflow/.local/lib/python3.12/site-packages/airflow/example_dags/example_display_name.py
[2025-09-16T14:57:44.286+0000] {processor.py:840} INFO - DAG(s) 'example_display_name' retrieved from /home/airflow/.local/lib/python3.12/site-packages/airflow/example_dags/example_display_name.py
[2025-09-16T14:57:44.310+0000] {logging_mixin.py:188} INFO - [2025-09-16T14:57:44.310+0000] {dag.py:3096} INFO - Sync 1 DAGs
[2025-09-16T14:57:44.327+0000] {logging_mixin.py:188} INFO - [2025-09-16T14:57:44.327+0000] {dag.py:3954} INFO - Setting next_dagrun for example_display_name to None, run_after=None
[2025-09-16T14:57:44.354+0000] {processor.py:183} INFO - Processing /home/airflow/.local/lib/python3.12/site-packages/airflow/example_dags/example_display_name.py took 0.088 seconds
[2025-09-16T14:58:14.920+0000] {processor.py:161} INFO - Started process (PID=571) to work on /home/airflow/.local/lib/python3.12/site-packages/airflow/example_dags/example_display_name.py
[2025-09-16T14:58:14.922+0000] {processor.py:830} INFO - Processing file /home/airflow/.local/lib/python3.12/site-packages/airflow/example_dags/example_display_name.py for tasks to queue
[2025-09-16T14:58:14.925+0000] {logging_mixin.py:188} INFO - [2025-09-16T14:58:14.925+0000] {dagbag.py:545} INFO - Filling up the DagBag from /home/airflow/.local/lib/python3.12/site-packages/airflow/example_dags/example_display_name.py
[2025-09-16T14:58:14.934+0000] {processor.py:840} INFO - DAG(s) 'example_display_name' retrieved from /home/airflow/.local/lib/python3.12/site-packages/airflow/example_dags/example_display_name.py
[2025-09-16T14:58:14.960+0000] {logging_mixin.py:188} INFO - [2025-09-16T14:58:14.960+0000] {dag.py:3096} INFO - Sync 1 DAGs
[2025-09-16T14:58:14.985+0000] {logging_mixin.py:188} INFO - [2025-09-16T14:58:14.985+0000] {dag.py:3954} INFO - Setting next_dagrun for example_display_name to None, run_after=None
[2025-09-16T14:58:15.017+0000] {processor.py:183} INFO - Processing /home/airflow/.local/lib/python3.12/site-packages/airflow/example_dags/example_display_name.py took 0.105 seconds
[2025-09-16T14:58:45.191+0000] {processor.py:161} INFO - Started process (PID=630) to work on /home/airflow/.local/lib/python3.12/site-packages/airflow/example_dags/example_display_name.py
[2025-09-16T14:58:45.192+0000] {processor.py:830} INFO - Processing file /home/airflow/.local/lib/python3.12/site-packages/airflow/example_dags/example_display_name.py for tasks to queue
[2025-09-16T14:58:45.195+0000] {logging_mixin.py:188} INFO - [2025-09-16T14:58:45.195+0000] {dagbag.py:545} INFO - Filling up the DagBag from /home/airflow/.local/lib/python3.12/site-packages/airflow/example_dags/example_display_name.py
[2025-09-16T14:58:45.202+0000] {processor.py:840} INFO - DAG(s) 'example_display_name' retrieved from /home/airflow/.local/lib/python3.12/site-packages/airflow/example_dags/example_display_name.py
[2025-09-16T14:58:45.226+0000] {logging_mixin.py:188} INFO - [2025-09-16T14:58:45.225+0000] {dag.py:3096} INFO - Sync 1 DAGs
[2025-09-16T14:58:45.242+0000] {logging_mixin.py:188} INFO - [2025-09-16T14:58:45.242+0000] {dag.py:3954} INFO - Setting next_dagrun for example_display_name to None, run_after=None
[2025-09-16T14:58:45.267+0000] {processor.py:183} INFO - Processing /home/airflow/.local/lib/python3.12/site-packages/airflow/example_dags/example_display_name.py took 0.083 seconds
[2025-09-16T14:59:15.612+0000] {processor.py:161} INFO - Started process (PID=690) to work on /home/airflow/.local/lib/python3.12/site-packages/airflow/example_dags/example_display_name.py
[2025-09-16T14:59:15.615+0000] {processor.py:830} INFO - Processing file /home/airflow/.local/lib/python3.12/site-packages/airflow/example_dags/example_display_name.py for tasks to queue
[2025-09-16T14:59:15.618+0000] {logging_mixin.py:188} INFO - [2025-09-16T14:59:15.617+0000] {dagbag.py:545} INFO - Filling up the DagBag from /home/airflow/.local/lib/python3.12/site-packages/airflow/example_dags/example_display_name.py
[2025-09-16T14:59:15.626+0000] {processor.py:840} INFO - DAG(s) 'example_display_name' retrieved from /home/airflow/.local/lib/python3.12/site-packages/airflow/example_dags/example_display_name.py
[2025-09-16T14:59:15.651+0000] {logging_mixin.py:188} INFO - [2025-09-16T14:59:15.651+0000] {dag.py:3096} INFO - Sync 1 DAGs
[2025-09-16T14:59:15.668+0000] {logging_mixin.py:188} INFO - [2025-09-16T14:59:15.668+0000] {dag.py:3954} INFO - Setting next_dagrun for example_display_name to None, run_after=None
[2025-09-16T14:59:15.692+0000] {processor.py:183} INFO - Processing /home/airflow/.local/lib/python3.12/site-packages/airflow/example_dags/example_display_name.py took 0.088 seconds
[2025-09-16T14:59:46.698+0000] {processor.py:161} INFO - Started process (PID=750) to work on /home/airflow/.local/lib/python3.12/site-packages/airflow/example_dags/example_display_name.py
[2025-09-16T14:59:46.700+0000] {processor.py:830} INFO - Processing file /home/airflow/.local/lib/python3.12/site-packages/airflow/example_dags/example_display_name.py for tasks to queue
[2025-09-16T14:59:46.702+0000] {logging_mixin.py:188} INFO - [2025-09-16T14:59:46.702+0000] {dagbag.py:545} INFO - Filling up the DagBag from /home/airflow/.local/lib/python3.12/site-packages/airflow/example_dags/example_display_name.py
[2025-09-16T14:59:46.709+0000] {processor.py:840} INFO - DAG(s) 'example_display_name' retrieved from /home/airflow/.local/lib/python3.12/site-packages/airflow/example_dags/example_display_name.py
[2025-09-16T14:59:46.732+0000] {logging_mixin.py:188} INFO - [2025-09-16T14:59:46.732+0000] {dag.py:3096} INFO - Sync 1 DAGs
[2025-09-16T14:59:46.748+0000] {logging_mixin.py:188} INFO - [2025-09-16T14:59:46.748+0000] {dag.py:3954} INFO - Setting next_dagrun for example_display_name to None, run_after=None
[2025-09-16T14:59:46.778+0000] {processor.py:183} INFO - Processing /home/airflow/.local/lib/python3.12/site-packages/airflow/example_dags/example_display_name.py took 0.086 seconds
[2025-09-16T15:00:17.899+0000] {processor.py:161} INFO - Started process (PID=810) to work on /home/airflow/.local/lib/python3.12/site-packages/airflow/example_dags/example_display_name.py
[2025-09-16T15:00:17.900+0000] {processor.py:830} INFO - Processing file /home/airflow/.local/lib/python3.12/site-packages/airflow/example_dags/example_display_name.py for tasks to queue
[2025-09-16T15:00:17.903+0000] {logging_mixin.py:188} INFO - [2025-09-16T15:00:17.902+0000] {dagbag.py:545} INFO - Filling up the DagBag from /home/airflow/.local/lib/python3.12/site-packages/airflow/example_dags/example_display_name.py
[2025-09-16T15:00:17.910+0000] {processor.py:840} INFO - DAG(s) 'example_display_name' retrieved from /home/airflow/.local/lib/python3.12/site-packages/airflow/example_dags/example_display_name.py
[2025-09-16T15:00:17.932+0000] {logging_mixin.py:188} INFO - [2025-09-16T15:00:17.932+0000] {dag.py:3096} INFO - Sync 1 DAGs
[2025-09-16T15:00:17.948+0000] {logging_mixin.py:188} INFO - [2025-09-16T15:00:17.948+0000] {dag.py:3954} INFO - Setting next_dagrun for example_display_name to None, run_after=None
[2025-09-16T15:00:17.973+0000] {processor.py:183} INFO - Processing /home/airflow/.local/lib/python3.12/site-packages/airflow/example_dags/example_display_name.py took 0.081 seconds
[2025-09-16T15:01:51.231+0000] {processor.py:161} INFO - Started process (PID=91) to work on /home/airflow/.local/lib/python3.12/site-packages/airflow/example_dags/example_display_name.py
[2025-09-16T15:01:51.234+0000] {processor.py:830} INFO - Processing file /home/airflow/.local/lib/python3.12/site-packages/airflow/example_dags/example_display_name.py for tasks to queue
[2025-09-16T15:01:51.242+0000] {logging_mixin.py:188} INFO - [2025-09-16T15:01:51.240+0000] {dagbag.py:545} INFO - Filling up the DagBag from /home/airflow/.local/lib/python3.12/site-packages/airflow/example_dags/example_display_name.py
[2025-09-16T15:01:51.281+0000] {processor.py:840} INFO - DAG(s) 'example_display_name' retrieved from /home/airflow/.local/lib/python3.12/site-packages/airflow/example_dags/example_display_name.py
[2025-09-16T15:01:51.640+0000] {logging_mixin.py:188} INFO - [2025-09-16T15:01:51.640+0000] {dag.py:3096} INFO - Sync 1 DAGs
[2025-09-16T15:01:51.669+0000] {logging_mixin.py:188} INFO - [2025-09-16T15:01:51.668+0000] {dag.py:3954} INFO - Setting next_dagrun for example_display_name to None, run_after=None
[2025-09-16T15:01:51.726+0000] {processor.py:183} INFO - Processing /home/airflow/.local/lib/python3.12/site-packages/airflow/example_dags/example_display_name.py took 0.519 seconds
[2025-09-16T15:02:22.403+0000] {processor.py:161} INFO - Started process (PID=151) to work on /home/airflow/.local/lib/python3.12/site-packages/airflow/example_dags/example_display_name.py
[2025-09-16T15:02:22.404+0000] {processor.py:830} INFO - Processing file /home/airflow/.local/lib/python3.12/site-packages/airflow/example_dags/example_display_name.py for tasks to queue
[2025-09-16T15:02:22.408+0000] {logging_mixin.py:188} INFO - [2025-09-16T15:02:22.407+0000] {dagbag.py:545} INFO - Filling up the DagBag from /home/airflow/.local/lib/python3.12/site-packages/airflow/example_dags/example_display_name.py
[2025-09-16T15:02:22.416+0000] {processor.py:840} INFO - DAG(s) 'example_display_name' retrieved from /home/airflow/.local/lib/python3.12/site-packages/airflow/example_dags/example_display_name.py
[2025-09-16T15:02:22.436+0000] {logging_mixin.py:188} INFO - [2025-09-16T15:02:22.436+0000] {dag.py:3096} INFO - Sync 1 DAGs
[2025-09-16T15:02:22.458+0000] {logging_mixin.py:188} INFO - [2025-09-16T15:02:22.458+0000] {dag.py:3954} INFO - Setting next_dagrun for example_display_name to None, run_after=None
[2025-09-16T15:02:22.521+0000] {processor.py:183} INFO - Processing /home/airflow/.local/lib/python3.12/site-packages/airflow/example_dags/example_display_name.py took 0.130 seconds
[2025-09-16T15:02:53.066+0000] {processor.py:161} INFO - Started process (PID=211) to work on /home/airflow/.local/lib/python3.12/site-packages/airflow/example_dags/example_display_name.py
[2025-09-16T15:02:53.068+0000] {processor.py:830} INFO - Processing file /home/airflow/.local/lib/python3.12/site-packages/airflow/example_dags/example_display_name.py for tasks to queue
[2025-09-16T15:02:53.071+0000] {logging_mixin.py:188} INFO - [2025-09-16T15:02:53.071+0000] {dagbag.py:545} INFO - Filling up the DagBag from /home/airflow/.local/lib/python3.12/site-packages/airflow/example_dags/example_display_name.py
[2025-09-16T15:02:53.080+0000] {processor.py:840} INFO - DAG(s) 'example_display_name' retrieved from /home/airflow/.local/lib/python3.12/site-packages/airflow/example_dags/example_display_name.py
[2025-09-16T15:02:53.231+0000] {logging_mixin.py:188} INFO - [2025-09-16T15:02:53.230+0000] {dag.py:3096} INFO - Sync 1 DAGs
[2025-09-16T15:02:53.245+0000] {logging_mixin.py:188} INFO - [2025-09-16T15:02:53.244+0000] {dag.py:3954} INFO - Setting next_dagrun for example_display_name to None, run_after=None
[2025-09-16T15:02:53.271+0000] {processor.py:183} INFO - Processing /home/airflow/.local/lib/python3.12/site-packages/airflow/example_dags/example_display_name.py took 0.213 seconds
[2025-09-16T15:03:23.580+0000] {processor.py:161} INFO - Started process (PID=271) to work on /home/airflow/.local/lib/python3.12/site-packages/airflow/example_dags/example_display_name.py
[2025-09-16T15:03:23.582+0000] {processor.py:830} INFO - Processing file /home/airflow/.local/lib/python3.12/site-packages/airflow/example_dags/example_display_name.py for tasks to queue
[2025-09-16T15:03:23.585+0000] {logging_mixin.py:188} INFO - [2025-09-16T15:03:23.585+0000] {dagbag.py:545} INFO - Filling up the DagBag from /home/airflow/.local/lib/python3.12/site-packages/airflow/example_dags/example_display_name.py
[2025-09-16T15:03:23.594+0000] {processor.py:840} INFO - DAG(s) 'example_display_name' retrieved from /home/airflow/.local/lib/python3.12/site-packages/airflow/example_dags/example_display_name.py
[2025-09-16T15:03:23.624+0000] {logging_mixin.py:188} INFO - [2025-09-16T15:03:23.624+0000] {dag.py:3096} INFO - Sync 1 DAGs
[2025-09-16T15:03:23.644+0000] {logging_mixin.py:188} INFO - [2025-09-16T15:03:23.643+0000] {dag.py:3954} INFO - Setting next_dagrun for example_display_name to None, run_after=None
[2025-09-16T15:03:23.675+0000] {processor.py:183} INFO - Processing /home/airflow/.local/lib/python3.12/site-packages/airflow/example_dags/example_display_name.py took 0.103 seconds
[2025-09-16T15:03:54.805+0000] {processor.py:161} INFO - Started process (PID=331) to work on /home/airflow/.local/lib/python3.12/site-packages/airflow/example_dags/example_display_name.py
[2025-09-16T15:03:54.807+0000] {processor.py:830} INFO - Processing file /home/airflow/.local/lib/python3.12/site-packages/airflow/example_dags/example_display_name.py for tasks to queue
[2025-09-16T15:03:54.810+0000] {logging_mixin.py:188} INFO - [2025-09-16T15:03:54.809+0000] {dagbag.py:545} INFO - Filling up the DagBag from /home/airflow/.local/lib/python3.12/site-packages/airflow/example_dags/example_display_name.py
[2025-09-16T15:03:54.820+0000] {processor.py:840} INFO - DAG(s) 'example_display_name' retrieved from /home/airflow/.local/lib/python3.12/site-packages/airflow/example_dags/example_display_name.py
[2025-09-16T15:03:54.856+0000] {logging_mixin.py:188} INFO - [2025-09-16T15:03:54.856+0000] {dag.py:3096} INFO - Sync 1 DAGs
[2025-09-16T15:03:54.883+0000] {logging_mixin.py:188} INFO - [2025-09-16T15:03:54.882+0000] {dag.py:3954} INFO - Setting next_dagrun for example_display_name to None, run_after=None
[2025-09-16T15:03:54.918+0000] {processor.py:183} INFO - Processing /home/airflow/.local/lib/python3.12/site-packages/airflow/example_dags/example_display_name.py took 0.122 seconds
[2025-09-16T15:04:25.891+0000] {processor.py:161} INFO - Started process (PID=391) to work on /home/airflow/.local/lib/python3.12/site-packages/airflow/example_dags/example_display_name.py
[2025-09-16T15:04:25.892+0000] {processor.py:830} INFO - Processing file /home/airflow/.local/lib/python3.12/site-packages/airflow/example_dags/example_display_name.py for tasks to queue
[2025-09-16T15:04:25.896+0000] {logging_mixin.py:188} INFO - [2025-09-16T15:04:25.895+0000] {dagbag.py:545} INFO - Filling up the DagBag from /home/airflow/.local/lib/python3.12/site-packages/airflow/example_dags/example_display_name.py
[2025-09-16T15:04:25.904+0000] {processor.py:840} INFO - DAG(s) 'example_display_name' retrieved from /home/airflow/.local/lib/python3.12/site-packages/airflow/example_dags/example_display_name.py
[2025-09-16T15:04:25.938+0000] {logging_mixin.py:188} INFO - [2025-09-16T15:04:25.938+0000] {dag.py:3096} INFO - Sync 1 DAGs
[2025-09-16T15:04:25.959+0000] {logging_mixin.py:188} INFO - [2025-09-16T15:04:25.958+0000] {dag.py:3954} INFO - Setting next_dagrun for example_display_name to None, run_after=None
[2025-09-16T15:04:25.991+0000] {processor.py:183} INFO - Processing /home/airflow/.local/lib/python3.12/site-packages/airflow/example_dags/example_display_name.py took 0.109 seconds
[2025-09-16T15:04:56.754+0000] {processor.py:161} INFO - Started process (PID=451) to work on /home/airflow/.local/lib/python3.12/site-packages/airflow/example_dags/example_display_name.py
[2025-09-16T15:04:56.756+0000] {processor.py:830} INFO - Processing file /home/airflow/.local/lib/python3.12/site-packages/airflow/example_dags/example_display_name.py for tasks to queue
[2025-09-16T15:04:56.759+0000] {logging_mixin.py:188} INFO - [2025-09-16T15:04:56.758+0000] {dagbag.py:545} INFO - Filling up the DagBag from /home/airflow/.local/lib/python3.12/site-packages/airflow/example_dags/example_display_name.py
[2025-09-16T15:04:56.766+0000] {processor.py:840} INFO - DAG(s) 'example_display_name' retrieved from /home/airflow/.local/lib/python3.12/site-packages/airflow/example_dags/example_display_name.py
[2025-09-16T15:04:56.792+0000] {logging_mixin.py:188} INFO - [2025-09-16T15:04:56.792+0000] {dag.py:3096} INFO - Sync 1 DAGs
[2025-09-16T15:04:56.811+0000] {logging_mixin.py:188} INFO - [2025-09-16T15:04:56.811+0000] {dag.py:3954} INFO - Setting next_dagrun for example_display_name to None, run_after=None
[2025-09-16T15:04:56.838+0000] {processor.py:183} INFO - Processing /home/airflow/.local/lib/python3.12/site-packages/airflow/example_dags/example_display_name.py took 0.091 seconds
[2025-09-16T15:05:27.162+0000] {processor.py:161} INFO - Started process (PID=509) to work on /home/airflow/.local/lib/python3.12/site-packages/airflow/example_dags/example_display_name.py
[2025-09-16T15:05:27.163+0000] {processor.py:830} INFO - Processing file /home/airflow/.local/lib/python3.12/site-packages/airflow/example_dags/example_display_name.py for tasks to queue
[2025-09-16T15:05:27.166+0000] {logging_mixin.py:188} INFO - [2025-09-16T15:05:27.166+0000] {dagbag.py:545} INFO - Filling up the DagBag from /home/airflow/.local/lib/python3.12/site-packages/airflow/example_dags/example_display_name.py
[2025-09-16T15:05:27.173+0000] {processor.py:840} INFO - DAG(s) 'example_display_name' retrieved from /home/airflow/.local/lib/python3.12/site-packages/airflow/example_dags/example_display_name.py
[2025-09-16T15:05:27.198+0000] {logging_mixin.py:188} INFO - [2025-09-16T15:05:27.197+0000] {dag.py:3096} INFO - Sync 1 DAGs
[2025-09-16T15:05:27.216+0000] {logging_mixin.py:188} INFO - [2025-09-16T15:05:27.215+0000] {dag.py:3954} INFO - Setting next_dagrun for example_display_name to None, run_after=None
[2025-09-16T15:05:27.245+0000] {processor.py:183} INFO - Processing /home/airflow/.local/lib/python3.12/site-packages/airflow/example_dags/example_display_name.py took 0.090 seconds
[2025-09-16T15:05:57.648+0000] {processor.py:161} INFO - Started process (PID=568) to work on /home/airflow/.local/lib/python3.12/site-packages/airflow/example_dags/example_display_name.py
[2025-09-16T15:05:57.649+0000] {processor.py:830} INFO - Processing file /home/airflow/.local/lib/python3.12/site-packages/airflow/example_dags/example_display_name.py for tasks to queue
[2025-09-16T15:05:57.652+0000] {logging_mixin.py:188} INFO - [2025-09-16T15:05:57.651+0000] {dagbag.py:545} INFO - Filling up the DagBag from /home/airflow/.local/lib/python3.12/site-packages/airflow/example_dags/example_display_name.py
[2025-09-16T15:05:57.657+0000] {processor.py:840} INFO - DAG(s) 'example_display_name' retrieved from /home/airflow/.local/lib/python3.12/site-packages/airflow/example_dags/example_display_name.py
[2025-09-16T15:05:57.678+0000] {logging_mixin.py:188} INFO - [2025-09-16T15:05:57.677+0000] {dag.py:3096} INFO - Sync 1 DAGs
[2025-09-16T15:05:57.693+0000] {logging_mixin.py:188} INFO - [2025-09-16T15:05:57.693+0000] {dag.py:3954} INFO - Setting next_dagrun for example_display_name to None, run_after=None
[2025-09-16T15:05:57.720+0000] {processor.py:183} INFO - Processing /home/airflow/.local/lib/python3.12/site-packages/airflow/example_dags/example_display_name.py took 0.077 seconds
[2025-09-16T15:06:28.373+0000] {processor.py:161} INFO - Started process (PID=628) to work on /home/airflow/.local/lib/python3.12/site-packages/airflow/example_dags/example_display_name.py
[2025-09-16T15:06:28.374+0000] {processor.py:830} INFO - Processing file /home/airflow/.local/lib/python3.12/site-packages/airflow/example_dags/example_display_name.py for tasks to queue
[2025-09-16T15:06:28.377+0000] {logging_mixin.py:188} INFO - [2025-09-16T15:06:28.376+0000] {dagbag.py:545} INFO - Filling up the DagBag from /home/airflow/.local/lib/python3.12/site-packages/airflow/example_dags/example_display_name.py
[2025-09-16T15:06:28.384+0000] {processor.py:840} INFO - DAG(s) 'example_display_name' retrieved from /home/airflow/.local/lib/python3.12/site-packages/airflow/example_dags/example_display_name.py
[2025-09-16T15:06:28.408+0000] {logging_mixin.py:188} INFO - [2025-09-16T15:06:28.408+0000] {dag.py:3096} INFO - Sync 1 DAGs
[2025-09-16T15:06:28.425+0000] {logging_mixin.py:188} INFO - [2025-09-16T15:06:28.425+0000] {dag.py:3954} INFO - Setting next_dagrun for example_display_name to None, run_after=None
[2025-09-16T15:06:28.450+0000] {processor.py:183} INFO - Processing /home/airflow/.local/lib/python3.12/site-packages/airflow/example_dags/example_display_name.py took 0.084 seconds
[2025-09-16T15:06:58.855+0000] {processor.py:161} INFO - Started process (PID=688) to work on /home/airflow/.local/lib/python3.12/site-packages/airflow/example_dags/example_display_name.py
[2025-09-16T15:06:58.857+0000] {processor.py:830} INFO - Processing file /home/airflow/.local/lib/python3.12/site-packages/airflow/example_dags/example_display_name.py for tasks to queue
[2025-09-16T15:06:58.859+0000] {logging_mixin.py:188} INFO - [2025-09-16T15:06:58.859+0000] {dagbag.py:545} INFO - Filling up the DagBag from /home/airflow/.local/lib/python3.12/site-packages/airflow/example_dags/example_display_name.py
[2025-09-16T15:06:58.866+0000] {processor.py:840} INFO - DAG(s) 'example_display_name' retrieved from /home/airflow/.local/lib/python3.12/site-packages/airflow/example_dags/example_display_name.py
[2025-09-16T15:06:58.890+0000] {logging_mixin.py:188} INFO - [2025-09-16T15:06:58.889+0000] {dag.py:3096} INFO - Sync 1 DAGs
[2025-09-16T15:06:58.905+0000] {logging_mixin.py:188} INFO - [2025-09-16T15:06:58.904+0000] {dag.py:3954} INFO - Setting next_dagrun for example_display_name to None, run_after=None
[2025-09-16T15:06:58.931+0000] {processor.py:183} INFO - Processing /home/airflow/.local/lib/python3.12/site-packages/airflow/example_dags/example_display_name.py took 0.083 seconds
[2025-09-16T15:07:29.118+0000] {processor.py:161} INFO - Started process (PID=748) to work on /home/airflow/.local/lib/python3.12/site-packages/airflow/example_dags/example_display_name.py
[2025-09-16T15:07:29.120+0000] {processor.py:830} INFO - Processing file /home/airflow/.local/lib/python3.12/site-packages/airflow/example_dags/example_display_name.py for tasks to queue
[2025-09-16T15:07:29.123+0000] {logging_mixin.py:188} INFO - [2025-09-16T15:07:29.123+0000] {dagbag.py:545} INFO - Filling up the DagBag from /home/airflow/.local/lib/python3.12/site-packages/airflow/example_dags/example_display_name.py
[2025-09-16T15:07:29.131+0000] {processor.py:840} INFO - DAG(s) 'example_display_name' retrieved from /home/airflow/.local/lib/python3.12/site-packages/airflow/example_dags/example_display_name.py
[2025-09-16T15:07:29.159+0000] {logging_mixin.py:188} INFO - [2025-09-16T15:07:29.158+0000] {dag.py:3096} INFO - Sync 1 DAGs
[2025-09-16T15:07:29.175+0000] {logging_mixin.py:188} INFO - [2025-09-16T15:07:29.175+0000] {dag.py:3954} INFO - Setting next_dagrun for example_display_name to None, run_after=None
[2025-09-16T15:07:29.201+0000] {processor.py:183} INFO - Processing /home/airflow/.local/lib/python3.12/site-packages/airflow/example_dags/example_display_name.py took 0.091 seconds
[2025-09-16T15:07:59.371+0000] {processor.py:161} INFO - Started process (PID=808) to work on /home/airflow/.local/lib/python3.12/site-packages/airflow/example_dags/example_display_name.py
[2025-09-16T15:07:59.372+0000] {processor.py:830} INFO - Processing file /home/airflow/.local/lib/python3.12/site-packages/airflow/example_dags/example_display_name.py for tasks to queue
[2025-09-16T15:07:59.375+0000] {logging_mixin.py:188} INFO - [2025-09-16T15:07:59.374+0000] {dagbag.py:545} INFO - Filling up the DagBag from /home/airflow/.local/lib/python3.12/site-packages/airflow/example_dags/example_display_name.py
[2025-09-16T15:07:59.382+0000] {processor.py:840} INFO - DAG(s) 'example_display_name' retrieved from /home/airflow/.local/lib/python3.12/site-packages/airflow/example_dags/example_display_name.py
[2025-09-16T15:07:59.408+0000] {logging_mixin.py:188} INFO - [2025-09-16T15:07:59.407+0000] {dag.py:3096} INFO - Sync 1 DAGs
[2025-09-16T15:07:59.425+0000] {logging_mixin.py:188} INFO - [2025-09-16T15:07:59.424+0000] {dag.py:3954} INFO - Setting next_dagrun for example_display_name to None, run_after=None
[2025-09-16T15:07:59.450+0000] {processor.py:183} INFO - Processing /home/airflow/.local/lib/python3.12/site-packages/airflow/example_dags/example_display_name.py took 0.087 seconds
[2025-09-16T15:08:29.749+0000] {processor.py:161} INFO - Started process (PID=868) to work on /home/airflow/.local/lib/python3.12/site-packages/airflow/example_dags/example_display_name.py
[2025-09-16T15:08:29.751+0000] {processor.py:830} INFO - Processing file /home/airflow/.local/lib/python3.12/site-packages/airflow/example_dags/example_display_name.py for tasks to queue
[2025-09-16T15:08:29.755+0000] {logging_mixin.py:188} INFO - [2025-09-16T15:08:29.754+0000] {dagbag.py:545} INFO - Filling up the DagBag from /home/airflow/.local/lib/python3.12/site-packages/airflow/example_dags/example_display_name.py
[2025-09-16T15:08:29.765+0000] {processor.py:840} INFO - DAG(s) 'example_display_name' retrieved from /home/airflow/.local/lib/python3.12/site-packages/airflow/example_dags/example_display_name.py
[2025-09-16T15:08:29.798+0000] {logging_mixin.py:188} INFO - [2025-09-16T15:08:29.798+0000] {dag.py:3096} INFO - Sync 1 DAGs
[2025-09-16T15:08:29.821+0000] {logging_mixin.py:188} INFO - [2025-09-16T15:08:29.820+0000] {dag.py:3954} INFO - Setting next_dagrun for example_display_name to None, run_after=None
[2025-09-16T15:08:29.884+0000] {processor.py:183} INFO - Processing /home/airflow/.local/lib/python3.12/site-packages/airflow/example_dags/example_display_name.py took 0.144 seconds
[2025-09-16T15:09:00.213+0000] {processor.py:161} INFO - Started process (PID=928) to work on /home/airflow/.local/lib/python3.12/site-packages/airflow/example_dags/example_display_name.py
[2025-09-16T15:09:00.215+0000] {processor.py:830} INFO - Processing file /home/airflow/.local/lib/python3.12/site-packages/airflow/example_dags/example_display_name.py for tasks to queue
[2025-09-16T15:09:00.219+0000] {logging_mixin.py:188} INFO - [2025-09-16T15:09:00.218+0000] {dagbag.py:545} INFO - Filling up the DagBag from /home/airflow/.local/lib/python3.12/site-packages/airflow/example_dags/example_display_name.py
[2025-09-16T15:09:00.231+0000] {processor.py:840} INFO - DAG(s) 'example_display_name' retrieved from /home/airflow/.local/lib/python3.12/site-packages/airflow/example_dags/example_display_name.py
[2025-09-16T15:09:00.270+0000] {logging_mixin.py:188} INFO - [2025-09-16T15:09:00.270+0000] {dag.py:3096} INFO - Sync 1 DAGs
[2025-09-16T15:09:00.296+0000] {logging_mixin.py:188} INFO - [2025-09-16T15:09:00.296+0000] {dag.py:3954} INFO - Setting next_dagrun for example_display_name to None, run_after=None
[2025-09-16T15:09:00.335+0000] {processor.py:183} INFO - Processing /home/airflow/.local/lib/python3.12/site-packages/airflow/example_dags/example_display_name.py took 0.133 seconds
[2025-09-16T15:09:31.171+0000] {processor.py:161} INFO - Started process (PID=988) to work on /home/airflow/.local/lib/python3.12/site-packages/airflow/example_dags/example_display_name.py
[2025-09-16T15:09:31.173+0000] {processor.py:830} INFO - Processing file /home/airflow/.local/lib/python3.12/site-packages/airflow/example_dags/example_display_name.py for tasks to queue
[2025-09-16T15:09:31.176+0000] {logging_mixin.py:188} INFO - [2025-09-16T15:09:31.175+0000] {dagbag.py:545} INFO - Filling up the DagBag from /home/airflow/.local/lib/python3.12/site-packages/airflow/example_dags/example_display_name.py
[2025-09-16T15:09:31.183+0000] {processor.py:840} INFO - DAG(s) 'example_display_name' retrieved from /home/airflow/.local/lib/python3.12/site-packages/airflow/example_dags/example_display_name.py
[2025-09-16T15:09:31.211+0000] {logging_mixin.py:188} INFO - [2025-09-16T15:09:31.211+0000] {dag.py:3096} INFO - Sync 1 DAGs
[2025-09-16T15:09:31.228+0000] {logging_mixin.py:188} INFO - [2025-09-16T15:09:31.227+0000] {dag.py:3954} INFO - Setting next_dagrun for example_display_name to None, run_after=None
[2025-09-16T15:09:31.252+0000] {processor.py:183} INFO - Processing /home/airflow/.local/lib/python3.12/site-packages/airflow/example_dags/example_display_name.py took 0.088 seconds
[2025-09-16T15:10:01.417+0000] {processor.py:161} INFO - Started process (PID=1047) to work on /home/airflow/.local/lib/python3.12/site-packages/airflow/example_dags/example_display_name.py
[2025-09-16T15:10:01.419+0000] {processor.py:830} INFO - Processing file /home/airflow/.local/lib/python3.12/site-packages/airflow/example_dags/example_display_name.py for tasks to queue
[2025-09-16T15:10:01.423+0000] {logging_mixin.py:188} INFO - [2025-09-16T15:10:01.422+0000] {dagbag.py:545} INFO - Filling up the DagBag from /home/airflow/.local/lib/python3.12/site-packages/airflow/example_dags/example_display_name.py
[2025-09-16T15:10:01.430+0000] {processor.py:840} INFO - DAG(s) 'example_display_name' retrieved from /home/airflow/.local/lib/python3.12/site-packages/airflow/example_dags/example_display_name.py
[2025-09-16T15:10:01.454+0000] {logging_mixin.py:188} INFO - [2025-09-16T15:10:01.453+0000] {dag.py:3096} INFO - Sync 1 DAGs
[2025-09-16T15:10:01.469+0000] {logging_mixin.py:188} INFO - [2025-09-16T15:10:01.469+0000] {dag.py:3954} INFO - Setting next_dagrun for example_display_name to None, run_after=None
[2025-09-16T15:10:01.493+0000] {processor.py:183} INFO - Processing /home/airflow/.local/lib/python3.12/site-packages/airflow/example_dags/example_display_name.py took 0.082 seconds
[2025-09-16T15:10:31.848+0000] {processor.py:161} INFO - Started process (PID=1107) to work on /home/airflow/.local/lib/python3.12/site-packages/airflow/example_dags/example_display_name.py
[2025-09-16T15:10:31.849+0000] {processor.py:830} INFO - Processing file /home/airflow/.local/lib/python3.12/site-packages/airflow/example_dags/example_display_name.py for tasks to queue
[2025-09-16T15:10:31.852+0000] {logging_mixin.py:188} INFO - [2025-09-16T15:10:31.851+0000] {dagbag.py:545} INFO - Filling up the DagBag from /home/airflow/.local/lib/python3.12/site-packages/airflow/example_dags/example_display_name.py
[2025-09-16T15:10:31.858+0000] {processor.py:840} INFO - DAG(s) 'example_display_name' retrieved from /home/airflow/.local/lib/python3.12/site-packages/airflow/example_dags/example_display_name.py
[2025-09-16T15:10:31.891+0000] {logging_mixin.py:188} INFO - [2025-09-16T15:10:31.890+0000] {dag.py:3096} INFO - Sync 1 DAGs
[2025-09-16T15:10:31.914+0000] {logging_mixin.py:188} INFO - [2025-09-16T15:10:31.913+0000] {dag.py:3954} INFO - Setting next_dagrun for example_display_name to None, run_after=None
[2025-09-16T15:10:31.949+0000] {processor.py:183} INFO - Processing /home/airflow/.local/lib/python3.12/site-packages/airflow/example_dags/example_display_name.py took 0.106 seconds
[2025-09-16T15:11:02.470+0000] {processor.py:161} INFO - Started process (PID=1167) to work on /home/airflow/.local/lib/python3.12/site-packages/airflow/example_dags/example_display_name.py
[2025-09-16T15:11:02.472+0000] {processor.py:830} INFO - Processing file /home/airflow/.local/lib/python3.12/site-packages/airflow/example_dags/example_display_name.py for tasks to queue
[2025-09-16T15:11:02.475+0000] {logging_mixin.py:188} INFO - [2025-09-16T15:11:02.474+0000] {dagbag.py:545} INFO - Filling up the DagBag from /home/airflow/.local/lib/python3.12/site-packages/airflow/example_dags/example_display_name.py
[2025-09-16T15:11:02.481+0000] {processor.py:840} INFO - DAG(s) 'example_display_name' retrieved from /home/airflow/.local/lib/python3.12/site-packages/airflow/example_dags/example_display_name.py
[2025-09-16T15:11:02.504+0000] {logging_mixin.py:188} INFO - [2025-09-16T15:11:02.504+0000] {dag.py:3096} INFO - Sync 1 DAGs
[2025-09-16T15:11:02.520+0000] {logging_mixin.py:188} INFO - [2025-09-16T15:11:02.520+0000] {dag.py:3954} INFO - Setting next_dagrun for example_display_name to None, run_after=None
[2025-09-16T15:11:02.545+0000] {processor.py:183} INFO - Processing /home/airflow/.local/lib/python3.12/site-packages/airflow/example_dags/example_display_name.py took 0.081 seconds
[2025-09-16T15:11:33.116+0000] {processor.py:161} INFO - Started process (PID=1227) to work on /home/airflow/.local/lib/python3.12/site-packages/airflow/example_dags/example_display_name.py
[2025-09-16T15:11:33.118+0000] {processor.py:830} INFO - Processing file /home/airflow/.local/lib/python3.12/site-packages/airflow/example_dags/example_display_name.py for tasks to queue
[2025-09-16T15:11:33.120+0000] {logging_mixin.py:188} INFO - [2025-09-16T15:11:33.120+0000] {dagbag.py:545} INFO - Filling up the DagBag from /home/airflow/.local/lib/python3.12/site-packages/airflow/example_dags/example_display_name.py
[2025-09-16T15:11:33.126+0000] {processor.py:840} INFO - DAG(s) 'example_display_name' retrieved from /home/airflow/.local/lib/python3.12/site-packages/airflow/example_dags/example_display_name.py
[2025-09-16T15:11:33.149+0000] {logging_mixin.py:188} INFO - [2025-09-16T15:11:33.149+0000] {dag.py:3096} INFO - Sync 1 DAGs
[2025-09-16T15:11:33.165+0000] {logging_mixin.py:188} INFO - [2025-09-16T15:11:33.164+0000] {dag.py:3954} INFO - Setting next_dagrun for example_display_name to None, run_after=None
[2025-09-16T15:11:33.192+0000] {processor.py:183} INFO - Processing /home/airflow/.local/lib/python3.12/site-packages/airflow/example_dags/example_display_name.py took 0.081 seconds
[2025-09-16T15:12:03.562+0000] {processor.py:161} INFO - Started process (PID=1287) to work on /home/airflow/.local/lib/python3.12/site-packages/airflow/example_dags/example_display_name.py
[2025-09-16T15:12:03.564+0000] {processor.py:830} INFO - Processing file /home/airflow/.local/lib/python3.12/site-packages/airflow/example_dags/example_display_name.py for tasks to queue
[2025-09-16T15:12:03.567+0000] {logging_mixin.py:188} INFO - [2025-09-16T15:12:03.566+0000] {dagbag.py:545} INFO - Filling up the DagBag from /home/airflow/.local/lib/python3.12/site-packages/airflow/example_dags/example_display_name.py
[2025-09-16T15:12:03.574+0000] {processor.py:840} INFO - DAG(s) 'example_display_name' retrieved from /home/airflow/.local/lib/python3.12/site-packages/airflow/example_dags/example_display_name.py
[2025-09-16T15:12:03.594+0000] {logging_mixin.py:188} INFO - [2025-09-16T15:12:03.594+0000] {dag.py:3096} INFO - Sync 1 DAGs
[2025-09-16T15:12:03.609+0000] {logging_mixin.py:188} INFO - [2025-09-16T15:12:03.609+0000] {dag.py:3954} INFO - Setting next_dagrun for example_display_name to None, run_after=None
[2025-09-16T15:12:03.634+0000] {processor.py:183} INFO - Processing /home/airflow/.local/lib/python3.12/site-packages/airflow/example_dags/example_display_name.py took 0.077 seconds
[2025-09-16T15:12:34.193+0000] {processor.py:161} INFO - Started process (PID=1347) to work on /home/airflow/.local/lib/python3.12/site-packages/airflow/example_dags/example_display_name.py
[2025-09-16T15:12:34.195+0000] {processor.py:830} INFO - Processing file /home/airflow/.local/lib/python3.12/site-packages/airflow/example_dags/example_display_name.py for tasks to queue
[2025-09-16T15:12:34.200+0000] {logging_mixin.py:188} INFO - [2025-09-16T15:12:34.199+0000] {dagbag.py:545} INFO - Filling up the DagBag from /home/airflow/.local/lib/python3.12/site-packages/airflow/example_dags/example_display_name.py
[2025-09-16T15:12:34.215+0000] {processor.py:840} INFO - DAG(s) 'example_display_name' retrieved from /home/airflow/.local/lib/python3.12/site-packages/airflow/example_dags/example_display_name.py
[2025-09-16T15:12:34.265+0000] {logging_mixin.py:188} INFO - [2025-09-16T15:12:34.265+0000] {dag.py:3096} INFO - Sync 1 DAGs
[2025-09-16T15:12:34.305+0000] {logging_mixin.py:188} INFO - [2025-09-16T15:12:34.304+0000] {dag.py:3954} INFO - Setting next_dagrun for example_display_name to None, run_after=None
[2025-09-16T15:12:34.364+0000] {processor.py:183} INFO - Processing /home/airflow/.local/lib/python3.12/site-packages/airflow/example_dags/example_display_name.py took 0.185 seconds
[2025-09-16T15:13:04.935+0000] {processor.py:161} INFO - Started process (PID=1407) to work on /home/airflow/.local/lib/python3.12/site-packages/airflow/example_dags/example_display_name.py
[2025-09-16T15:13:04.937+0000] {processor.py:830} INFO - Processing file /home/airflow/.local/lib/python3.12/site-packages/airflow/example_dags/example_display_name.py for tasks to queue
[2025-09-16T15:13:04.941+0000] {logging_mixin.py:188} INFO - [2025-09-16T15:13:04.940+0000] {dagbag.py:545} INFO - Filling up the DagBag from /home/airflow/.local/lib/python3.12/site-packages/airflow/example_dags/example_display_name.py
[2025-09-16T15:13:04.952+0000] {processor.py:840} INFO - DAG(s) 'example_display_name' retrieved from /home/airflow/.local/lib/python3.12/site-packages/airflow/example_dags/example_display_name.py
[2025-09-16T15:13:04.985+0000] {logging_mixin.py:188} INFO - [2025-09-16T15:13:04.984+0000] {dag.py:3096} INFO - Sync 1 DAGs
[2025-09-16T15:13:05.005+0000] {logging_mixin.py:188} INFO - [2025-09-16T15:13:05.005+0000] {dag.py:3954} INFO - Setting next_dagrun for example_display_name to None, run_after=None
[2025-09-16T15:13:05.073+0000] {processor.py:183} INFO - Processing /home/airflow/.local/lib/python3.12/site-packages/airflow/example_dags/example_display_name.py took 0.148 seconds
[2025-09-16T15:13:35.384+0000] {processor.py:161} INFO - Started process (PID=1467) to work on /home/airflow/.local/lib/python3.12/site-packages/airflow/example_dags/example_display_name.py
[2025-09-16T15:13:35.387+0000] {processor.py:830} INFO - Processing file /home/airflow/.local/lib/python3.12/site-packages/airflow/example_dags/example_display_name.py for tasks to queue
[2025-09-16T15:13:35.391+0000] {logging_mixin.py:188} INFO - [2025-09-16T15:13:35.390+0000] {dagbag.py:545} INFO - Filling up the DagBag from /home/airflow/.local/lib/python3.12/site-packages/airflow/example_dags/example_display_name.py
[2025-09-16T15:13:35.403+0000] {processor.py:840} INFO - DAG(s) 'example_display_name' retrieved from /home/airflow/.local/lib/python3.12/site-packages/airflow/example_dags/example_display_name.py
[2025-09-16T15:13:35.441+0000] {logging_mixin.py:188} INFO - [2025-09-16T15:13:35.441+0000] {dag.py:3096} INFO - Sync 1 DAGs
[2025-09-16T15:13:35.467+0000] {logging_mixin.py:188} INFO - [2025-09-16T15:13:35.467+0000] {dag.py:3954} INFO - Setting next_dagrun for example_display_name to None, run_after=None
[2025-09-16T15:13:35.503+0000] {processor.py:183} INFO - Processing /home/airflow/.local/lib/python3.12/site-packages/airflow/example_dags/example_display_name.py took 0.129 seconds
