[2025-09-16T14:07:58.864+0000] {processor.py:161} INFO - Started process (PID=158) to work on /home/airflow/.local/lib/python3.12/site-packages/airflow/example_dags/example_nested_branch_dag.py
[2025-09-16T14:07:58.871+0000] {processor.py:830} INFO - Processing file /home/airflow/.local/lib/python3.12/site-packages/airflow/example_dags/example_nested_branch_dag.py for tasks to queue
[2025-09-16T14:07:58.892+0000] {logging_mixin.py:188} INFO - [2025-09-16T14:07:58.891+0000] {dagbag.py:545} INFO - Filling up the DagBag from /home/airflow/.local/lib/python3.12/site-packages/airflow/example_dags/example_nested_branch_dag.py
[2025-09-16T14:07:58.981+0000] {processor.py:840} INFO - DAG(s) 'example_nested_branch_dag' retrieved from /home/airflow/.local/lib/python3.12/site-packages/airflow/example_dags/example_nested_branch_dag.py
[2025-09-16T14:07:59.076+0000] {logging_mixin.py:188} INFO - [2025-09-16T14:07:59.075+0000] {dag.py:3096} INFO - Sync 1 DAGs
[2025-09-16T14:07:59.248+0000] {logging_mixin.py:188} INFO - [2025-09-16T14:07:59.248+0000] {dag.py:3954} INFO - Setting next_dagrun for example_nested_branch_dag to 2025-09-15 00:00:00+00:00, run_after=2025-09-16 00:00:00+00:00
[2025-09-16T14:07:59.322+0000] {processor.py:183} INFO - Processing /home/airflow/.local/lib/python3.12/site-packages/airflow/example_dags/example_nested_branch_dag.py took 0.510 seconds
[2025-09-16T14:08:29.945+0000] {processor.py:161} INFO - Started process (PID=218) to work on /home/airflow/.local/lib/python3.12/site-packages/airflow/example_dags/example_nested_branch_dag.py
[2025-09-16T14:08:29.947+0000] {processor.py:830} INFO - Processing file /home/airflow/.local/lib/python3.12/site-packages/airflow/example_dags/example_nested_branch_dag.py for tasks to queue
[2025-09-16T14:08:29.950+0000] {logging_mixin.py:188} INFO - [2025-09-16T14:08:29.950+0000] {dagbag.py:545} INFO - Filling up the DagBag from /home/airflow/.local/lib/python3.12/site-packages/airflow/example_dags/example_nested_branch_dag.py
[2025-09-16T14:08:29.965+0000] {processor.py:840} INFO - DAG(s) 'example_nested_branch_dag' retrieved from /home/airflow/.local/lib/python3.12/site-packages/airflow/example_dags/example_nested_branch_dag.py
[2025-09-16T14:08:30.207+0000] {logging_mixin.py:188} INFO - [2025-09-16T14:08:30.206+0000] {dag.py:3096} INFO - Sync 1 DAGs
[2025-09-16T14:08:30.263+0000] {logging_mixin.py:188} INFO - [2025-09-16T14:08:30.262+0000] {dag.py:3954} INFO - Setting next_dagrun for example_nested_branch_dag to 2025-09-15 00:00:00+00:00, run_after=2025-09-16 00:00:00+00:00
[2025-09-16T14:08:30.304+0000] {processor.py:183} INFO - Processing /home/airflow/.local/lib/python3.12/site-packages/airflow/example_dags/example_nested_branch_dag.py took 0.367 seconds
[2025-09-16T14:09:00.439+0000] {processor.py:161} INFO - Started process (PID=278) to work on /home/airflow/.local/lib/python3.12/site-packages/airflow/example_dags/example_nested_branch_dag.py
[2025-09-16T14:09:00.441+0000] {processor.py:830} INFO - Processing file /home/airflow/.local/lib/python3.12/site-packages/airflow/example_dags/example_nested_branch_dag.py for tasks to queue
[2025-09-16T14:09:00.444+0000] {logging_mixin.py:188} INFO - [2025-09-16T14:09:00.444+0000] {dagbag.py:545} INFO - Filling up the DagBag from /home/airflow/.local/lib/python3.12/site-packages/airflow/example_dags/example_nested_branch_dag.py
[2025-09-16T14:09:00.461+0000] {processor.py:840} INFO - DAG(s) 'example_nested_branch_dag' retrieved from /home/airflow/.local/lib/python3.12/site-packages/airflow/example_dags/example_nested_branch_dag.py
[2025-09-16T14:09:00.501+0000] {logging_mixin.py:188} INFO - [2025-09-16T14:09:00.501+0000] {dag.py:3096} INFO - Sync 1 DAGs
[2025-09-16T14:09:00.548+0000] {logging_mixin.py:188} INFO - [2025-09-16T14:09:00.547+0000] {dag.py:3954} INFO - Setting next_dagrun for example_nested_branch_dag to 2025-09-15 00:00:00+00:00, run_after=2025-09-16 00:00:00+00:00
[2025-09-16T14:09:00.588+0000] {processor.py:183} INFO - Processing /home/airflow/.local/lib/python3.12/site-packages/airflow/example_dags/example_nested_branch_dag.py took 0.158 seconds
[2025-09-16T14:09:31.415+0000] {processor.py:161} INFO - Started process (PID=338) to work on /home/airflow/.local/lib/python3.12/site-packages/airflow/example_dags/example_nested_branch_dag.py
[2025-09-16T14:09:31.417+0000] {processor.py:830} INFO - Processing file /home/airflow/.local/lib/python3.12/site-packages/airflow/example_dags/example_nested_branch_dag.py for tasks to queue
[2025-09-16T14:09:31.421+0000] {logging_mixin.py:188} INFO - [2025-09-16T14:09:31.420+0000] {dagbag.py:545} INFO - Filling up the DagBag from /home/airflow/.local/lib/python3.12/site-packages/airflow/example_dags/example_nested_branch_dag.py
[2025-09-16T14:09:31.432+0000] {processor.py:840} INFO - DAG(s) 'example_nested_branch_dag' retrieved from /home/airflow/.local/lib/python3.12/site-packages/airflow/example_dags/example_nested_branch_dag.py
[2025-09-16T14:09:31.458+0000] {logging_mixin.py:188} INFO - [2025-09-16T14:09:31.458+0000] {dag.py:3096} INFO - Sync 1 DAGs
[2025-09-16T14:09:31.491+0000] {logging_mixin.py:188} INFO - [2025-09-16T14:09:31.490+0000] {dag.py:3954} INFO - Setting next_dagrun for example_nested_branch_dag to 2025-09-15 00:00:00+00:00, run_after=2025-09-16 00:00:00+00:00
[2025-09-16T14:09:31.549+0000] {processor.py:183} INFO - Processing /home/airflow/.local/lib/python3.12/site-packages/airflow/example_dags/example_nested_branch_dag.py took 0.139 seconds
[2025-09-16T14:10:02.312+0000] {processor.py:161} INFO - Started process (PID=398) to work on /home/airflow/.local/lib/python3.12/site-packages/airflow/example_dags/example_nested_branch_dag.py
[2025-09-16T14:10:02.313+0000] {processor.py:830} INFO - Processing file /home/airflow/.local/lib/python3.12/site-packages/airflow/example_dags/example_nested_branch_dag.py for tasks to queue
[2025-09-16T14:10:02.317+0000] {logging_mixin.py:188} INFO - [2025-09-16T14:10:02.316+0000] {dagbag.py:545} INFO - Filling up the DagBag from /home/airflow/.local/lib/python3.12/site-packages/airflow/example_dags/example_nested_branch_dag.py
[2025-09-16T14:10:02.335+0000] {processor.py:840} INFO - DAG(s) 'example_nested_branch_dag' retrieved from /home/airflow/.local/lib/python3.12/site-packages/airflow/example_dags/example_nested_branch_dag.py
[2025-09-16T14:10:02.377+0000] {logging_mixin.py:188} INFO - [2025-09-16T14:10:02.377+0000] {dag.py:3096} INFO - Sync 1 DAGs
[2025-09-16T14:10:02.417+0000] {logging_mixin.py:188} INFO - [2025-09-16T14:10:02.417+0000] {dag.py:3954} INFO - Setting next_dagrun for example_nested_branch_dag to 2025-09-15 00:00:00+00:00, run_after=2025-09-16 00:00:00+00:00
[2025-09-16T14:10:02.466+0000] {processor.py:183} INFO - Processing /home/airflow/.local/lib/python3.12/site-packages/airflow/example_dags/example_nested_branch_dag.py took 0.164 seconds
[2025-09-16T14:10:32.809+0000] {processor.py:161} INFO - Started process (PID=458) to work on /home/airflow/.local/lib/python3.12/site-packages/airflow/example_dags/example_nested_branch_dag.py
[2025-09-16T14:10:32.811+0000] {processor.py:830} INFO - Processing file /home/airflow/.local/lib/python3.12/site-packages/airflow/example_dags/example_nested_branch_dag.py for tasks to queue
[2025-09-16T14:10:32.814+0000] {logging_mixin.py:188} INFO - [2025-09-16T14:10:32.813+0000] {dagbag.py:545} INFO - Filling up the DagBag from /home/airflow/.local/lib/python3.12/site-packages/airflow/example_dags/example_nested_branch_dag.py
[2025-09-16T14:10:32.831+0000] {processor.py:840} INFO - DAG(s) 'example_nested_branch_dag' retrieved from /home/airflow/.local/lib/python3.12/site-packages/airflow/example_dags/example_nested_branch_dag.py
[2025-09-16T14:10:32.869+0000] {logging_mixin.py:188} INFO - [2025-09-16T14:10:32.869+0000] {dag.py:3096} INFO - Sync 1 DAGs
[2025-09-16T14:10:32.905+0000] {logging_mixin.py:188} INFO - [2025-09-16T14:10:32.904+0000] {dag.py:3954} INFO - Setting next_dagrun for example_nested_branch_dag to 2025-09-15 00:00:00+00:00, run_after=2025-09-16 00:00:00+00:00
[2025-09-16T14:10:33.030+0000] {processor.py:183} INFO - Processing /home/airflow/.local/lib/python3.12/site-packages/airflow/example_dags/example_nested_branch_dag.py took 0.230 seconds
[2025-09-16T14:11:03.709+0000] {processor.py:161} INFO - Started process (PID=518) to work on /home/airflow/.local/lib/python3.12/site-packages/airflow/example_dags/example_nested_branch_dag.py
[2025-09-16T14:11:03.711+0000] {processor.py:830} INFO - Processing file /home/airflow/.local/lib/python3.12/site-packages/airflow/example_dags/example_nested_branch_dag.py for tasks to queue
[2025-09-16T14:11:03.715+0000] {logging_mixin.py:188} INFO - [2025-09-16T14:11:03.714+0000] {dagbag.py:545} INFO - Filling up the DagBag from /home/airflow/.local/lib/python3.12/site-packages/airflow/example_dags/example_nested_branch_dag.py
[2025-09-16T14:11:03.733+0000] {processor.py:840} INFO - DAG(s) 'example_nested_branch_dag' retrieved from /home/airflow/.local/lib/python3.12/site-packages/airflow/example_dags/example_nested_branch_dag.py
[2025-09-16T14:11:03.781+0000] {logging_mixin.py:188} INFO - [2025-09-16T14:11:03.780+0000] {dag.py:3096} INFO - Sync 1 DAGs
[2025-09-16T14:11:03.841+0000] {logging_mixin.py:188} INFO - [2025-09-16T14:11:03.840+0000] {dag.py:3954} INFO - Setting next_dagrun for example_nested_branch_dag to 2025-09-15 00:00:00+00:00, run_after=2025-09-16 00:00:00+00:00
[2025-09-16T14:11:03.879+0000] {processor.py:183} INFO - Processing /home/airflow/.local/lib/python3.12/site-packages/airflow/example_dags/example_nested_branch_dag.py took 0.181 seconds
[2025-09-16T14:11:34.224+0000] {processor.py:161} INFO - Started process (PID=578) to work on /home/airflow/.local/lib/python3.12/site-packages/airflow/example_dags/example_nested_branch_dag.py
[2025-09-16T14:11:34.226+0000] {processor.py:830} INFO - Processing file /home/airflow/.local/lib/python3.12/site-packages/airflow/example_dags/example_nested_branch_dag.py for tasks to queue
[2025-09-16T14:11:34.228+0000] {logging_mixin.py:188} INFO - [2025-09-16T14:11:34.228+0000] {dagbag.py:545} INFO - Filling up the DagBag from /home/airflow/.local/lib/python3.12/site-packages/airflow/example_dags/example_nested_branch_dag.py
[2025-09-16T14:11:34.241+0000] {processor.py:840} INFO - DAG(s) 'example_nested_branch_dag' retrieved from /home/airflow/.local/lib/python3.12/site-packages/airflow/example_dags/example_nested_branch_dag.py
[2025-09-16T14:11:34.273+0000] {logging_mixin.py:188} INFO - [2025-09-16T14:11:34.272+0000] {dag.py:3096} INFO - Sync 1 DAGs
[2025-09-16T14:11:34.305+0000] {logging_mixin.py:188} INFO - [2025-09-16T14:11:34.305+0000] {dag.py:3954} INFO - Setting next_dagrun for example_nested_branch_dag to 2025-09-15 00:00:00+00:00, run_after=2025-09-16 00:00:00+00:00
[2025-09-16T14:11:34.335+0000] {processor.py:183} INFO - Processing /home/airflow/.local/lib/python3.12/site-packages/airflow/example_dags/example_nested_branch_dag.py took 0.119 seconds
[2025-09-16T14:12:05.061+0000] {processor.py:161} INFO - Started process (PID=638) to work on /home/airflow/.local/lib/python3.12/site-packages/airflow/example_dags/example_nested_branch_dag.py
[2025-09-16T14:12:05.063+0000] {processor.py:830} INFO - Processing file /home/airflow/.local/lib/python3.12/site-packages/airflow/example_dags/example_nested_branch_dag.py for tasks to queue
[2025-09-16T14:12:05.065+0000] {logging_mixin.py:188} INFO - [2025-09-16T14:12:05.065+0000] {dagbag.py:545} INFO - Filling up the DagBag from /home/airflow/.local/lib/python3.12/site-packages/airflow/example_dags/example_nested_branch_dag.py
[2025-09-16T14:12:05.079+0000] {processor.py:840} INFO - DAG(s) 'example_nested_branch_dag' retrieved from /home/airflow/.local/lib/python3.12/site-packages/airflow/example_dags/example_nested_branch_dag.py
[2025-09-16T14:12:05.124+0000] {logging_mixin.py:188} INFO - [2025-09-16T14:12:05.123+0000] {dag.py:3096} INFO - Sync 1 DAGs
[2025-09-16T14:12:05.173+0000] {logging_mixin.py:188} INFO - [2025-09-16T14:12:05.172+0000] {dag.py:3954} INFO - Setting next_dagrun for example_nested_branch_dag to 2025-09-15 00:00:00+00:00, run_after=2025-09-16 00:00:00+00:00
[2025-09-16T14:12:05.206+0000] {processor.py:183} INFO - Processing /home/airflow/.local/lib/python3.12/site-packages/airflow/example_dags/example_nested_branch_dag.py took 0.153 seconds
[2025-09-16T14:12:35.595+0000] {processor.py:161} INFO - Started process (PID=698) to work on /home/airflow/.local/lib/python3.12/site-packages/airflow/example_dags/example_nested_branch_dag.py
[2025-09-16T14:12:35.596+0000] {processor.py:830} INFO - Processing file /home/airflow/.local/lib/python3.12/site-packages/airflow/example_dags/example_nested_branch_dag.py for tasks to queue
[2025-09-16T14:12:35.599+0000] {logging_mixin.py:188} INFO - [2025-09-16T14:12:35.599+0000] {dagbag.py:545} INFO - Filling up the DagBag from /home/airflow/.local/lib/python3.12/site-packages/airflow/example_dags/example_nested_branch_dag.py
[2025-09-16T14:12:35.612+0000] {processor.py:840} INFO - DAG(s) 'example_nested_branch_dag' retrieved from /home/airflow/.local/lib/python3.12/site-packages/airflow/example_dags/example_nested_branch_dag.py
[2025-09-16T14:12:35.644+0000] {logging_mixin.py:188} INFO - [2025-09-16T14:12:35.644+0000] {dag.py:3096} INFO - Sync 1 DAGs
[2025-09-16T14:12:35.686+0000] {logging_mixin.py:188} INFO - [2025-09-16T14:12:35.685+0000] {dag.py:3954} INFO - Setting next_dagrun for example_nested_branch_dag to 2025-09-15 00:00:00+00:00, run_after=2025-09-16 00:00:00+00:00
[2025-09-16T14:12:35.724+0000] {processor.py:183} INFO - Processing /home/airflow/.local/lib/python3.12/site-packages/airflow/example_dags/example_nested_branch_dag.py took 0.136 seconds
[2025-09-16T14:13:06.280+0000] {processor.py:161} INFO - Started process (PID=758) to work on /home/airflow/.local/lib/python3.12/site-packages/airflow/example_dags/example_nested_branch_dag.py
[2025-09-16T14:13:06.282+0000] {processor.py:830} INFO - Processing file /home/airflow/.local/lib/python3.12/site-packages/airflow/example_dags/example_nested_branch_dag.py for tasks to queue
[2025-09-16T14:13:06.285+0000] {logging_mixin.py:188} INFO - [2025-09-16T14:13:06.285+0000] {dagbag.py:545} INFO - Filling up the DagBag from /home/airflow/.local/lib/python3.12/site-packages/airflow/example_dags/example_nested_branch_dag.py
[2025-09-16T14:13:06.296+0000] {processor.py:840} INFO - DAG(s) 'example_nested_branch_dag' retrieved from /home/airflow/.local/lib/python3.12/site-packages/airflow/example_dags/example_nested_branch_dag.py
[2025-09-16T14:13:06.324+0000] {logging_mixin.py:188} INFO - [2025-09-16T14:13:06.324+0000] {dag.py:3096} INFO - Sync 1 DAGs
[2025-09-16T14:13:06.357+0000] {logging_mixin.py:188} INFO - [2025-09-16T14:13:06.356+0000] {dag.py:3954} INFO - Setting next_dagrun for example_nested_branch_dag to 2025-09-15 00:00:00+00:00, run_after=2025-09-16 00:00:00+00:00
[2025-09-16T14:13:06.401+0000] {processor.py:183} INFO - Processing /home/airflow/.local/lib/python3.12/site-packages/airflow/example_dags/example_nested_branch_dag.py took 0.127 seconds
[2025-09-16T14:13:36.735+0000] {processor.py:161} INFO - Started process (PID=818) to work on /home/airflow/.local/lib/python3.12/site-packages/airflow/example_dags/example_nested_branch_dag.py
[2025-09-16T14:13:36.738+0000] {processor.py:830} INFO - Processing file /home/airflow/.local/lib/python3.12/site-packages/airflow/example_dags/example_nested_branch_dag.py for tasks to queue
[2025-09-16T14:13:36.742+0000] {logging_mixin.py:188} INFO - [2025-09-16T14:13:36.741+0000] {dagbag.py:545} INFO - Filling up the DagBag from /home/airflow/.local/lib/python3.12/site-packages/airflow/example_dags/example_nested_branch_dag.py
[2025-09-16T14:13:36.764+0000] {processor.py:840} INFO - DAG(s) 'example_nested_branch_dag' retrieved from /home/airflow/.local/lib/python3.12/site-packages/airflow/example_dags/example_nested_branch_dag.py
[2025-09-16T14:13:36.808+0000] {logging_mixin.py:188} INFO - [2025-09-16T14:13:36.807+0000] {dag.py:3096} INFO - Sync 1 DAGs
[2025-09-16T14:13:36.852+0000] {logging_mixin.py:188} INFO - [2025-09-16T14:13:36.851+0000] {dag.py:3954} INFO - Setting next_dagrun for example_nested_branch_dag to 2025-09-15 00:00:00+00:00, run_after=2025-09-16 00:00:00+00:00
[2025-09-16T14:13:36.892+0000] {processor.py:183} INFO - Processing /home/airflow/.local/lib/python3.12/site-packages/airflow/example_dags/example_nested_branch_dag.py took 0.168 seconds
[2025-09-16T14:14:07.746+0000] {processor.py:161} INFO - Started process (PID=882) to work on /home/airflow/.local/lib/python3.12/site-packages/airflow/example_dags/example_nested_branch_dag.py
[2025-09-16T14:14:07.748+0000] {processor.py:830} INFO - Processing file /home/airflow/.local/lib/python3.12/site-packages/airflow/example_dags/example_nested_branch_dag.py for tasks to queue
[2025-09-16T14:14:07.750+0000] {logging_mixin.py:188} INFO - [2025-09-16T14:14:07.750+0000] {dagbag.py:545} INFO - Filling up the DagBag from /home/airflow/.local/lib/python3.12/site-packages/airflow/example_dags/example_nested_branch_dag.py
[2025-09-16T14:14:07.763+0000] {processor.py:840} INFO - DAG(s) 'example_nested_branch_dag' retrieved from /home/airflow/.local/lib/python3.12/site-packages/airflow/example_dags/example_nested_branch_dag.py
[2025-09-16T14:14:07.799+0000] {logging_mixin.py:188} INFO - [2025-09-16T14:14:07.798+0000] {dag.py:3096} INFO - Sync 1 DAGs
[2025-09-16T14:14:07.838+0000] {logging_mixin.py:188} INFO - [2025-09-16T14:14:07.838+0000] {dag.py:3954} INFO - Setting next_dagrun for example_nested_branch_dag to 2025-09-15 00:00:00+00:00, run_after=2025-09-16 00:00:00+00:00
[2025-09-16T14:14:07.869+0000] {processor.py:183} INFO - Processing /home/airflow/.local/lib/python3.12/site-packages/airflow/example_dags/example_nested_branch_dag.py took 0.129 seconds
[2025-09-16T14:14:38.404+0000] {processor.py:161} INFO - Started process (PID=946) to work on /home/airflow/.local/lib/python3.12/site-packages/airflow/example_dags/example_nested_branch_dag.py
[2025-09-16T14:14:38.406+0000] {processor.py:830} INFO - Processing file /home/airflow/.local/lib/python3.12/site-packages/airflow/example_dags/example_nested_branch_dag.py for tasks to queue
[2025-09-16T14:14:38.408+0000] {logging_mixin.py:188} INFO - [2025-09-16T14:14:38.408+0000] {dagbag.py:545} INFO - Filling up the DagBag from /home/airflow/.local/lib/python3.12/site-packages/airflow/example_dags/example_nested_branch_dag.py
[2025-09-16T14:14:38.424+0000] {processor.py:840} INFO - DAG(s) 'example_nested_branch_dag' retrieved from /home/airflow/.local/lib/python3.12/site-packages/airflow/example_dags/example_nested_branch_dag.py
[2025-09-16T14:14:38.462+0000] {logging_mixin.py:188} INFO - [2025-09-16T14:14:38.460+0000] {dag.py:3096} INFO - Sync 1 DAGs
[2025-09-16T14:14:38.518+0000] {logging_mixin.py:188} INFO - [2025-09-16T14:14:38.518+0000] {dag.py:3954} INFO - Setting next_dagrun for example_nested_branch_dag to 2025-09-15 00:00:00+00:00, run_after=2025-09-16 00:00:00+00:00
[2025-09-16T14:14:38.562+0000] {processor.py:183} INFO - Processing /home/airflow/.local/lib/python3.12/site-packages/airflow/example_dags/example_nested_branch_dag.py took 0.166 seconds
[2025-09-16T14:16:47.083+0000] {processor.py:161} INFO - Started process (PID=111) to work on /home/airflow/.local/lib/python3.12/site-packages/airflow/example_dags/example_nested_branch_dag.py
[2025-09-16T14:16:47.085+0000] {processor.py:830} INFO - Processing file /home/airflow/.local/lib/python3.12/site-packages/airflow/example_dags/example_nested_branch_dag.py for tasks to queue
[2025-09-16T14:16:47.089+0000] {logging_mixin.py:188} INFO - [2025-09-16T14:16:47.088+0000] {dagbag.py:545} INFO - Filling up the DagBag from /home/airflow/.local/lib/python3.12/site-packages/airflow/example_dags/example_nested_branch_dag.py
[2025-09-16T14:16:47.105+0000] {processor.py:840} INFO - DAG(s) 'example_nested_branch_dag' retrieved from /home/airflow/.local/lib/python3.12/site-packages/airflow/example_dags/example_nested_branch_dag.py
[2025-09-16T14:16:47.277+0000] {logging_mixin.py:188} INFO - [2025-09-16T14:16:47.277+0000] {dag.py:3096} INFO - Sync 1 DAGs
[2025-09-16T14:16:47.306+0000] {logging_mixin.py:188} INFO - [2025-09-16T14:16:47.306+0000] {dag.py:3954} INFO - Setting next_dagrun for example_nested_branch_dag to 2025-09-15 00:00:00+00:00, run_after=2025-09-16 00:00:00+00:00
[2025-09-16T14:16:47.335+0000] {processor.py:183} INFO - Processing /home/airflow/.local/lib/python3.12/site-packages/airflow/example_dags/example_nested_branch_dag.py took 0.261 seconds
[2025-09-16T14:17:17.424+0000] {processor.py:161} INFO - Started process (PID=172) to work on /home/airflow/.local/lib/python3.12/site-packages/airflow/example_dags/example_nested_branch_dag.py
[2025-09-16T14:17:17.425+0000] {processor.py:830} INFO - Processing file /home/airflow/.local/lib/python3.12/site-packages/airflow/example_dags/example_nested_branch_dag.py for tasks to queue
[2025-09-16T14:17:17.428+0000] {logging_mixin.py:188} INFO - [2025-09-16T14:17:17.428+0000] {dagbag.py:545} INFO - Filling up the DagBag from /home/airflow/.local/lib/python3.12/site-packages/airflow/example_dags/example_nested_branch_dag.py
[2025-09-16T14:17:17.440+0000] {processor.py:840} INFO - DAG(s) 'example_nested_branch_dag' retrieved from /home/airflow/.local/lib/python3.12/site-packages/airflow/example_dags/example_nested_branch_dag.py
[2025-09-16T14:17:17.468+0000] {logging_mixin.py:188} INFO - [2025-09-16T14:17:17.467+0000] {dag.py:3096} INFO - Sync 1 DAGs
[2025-09-16T14:17:17.501+0000] {logging_mixin.py:188} INFO - [2025-09-16T14:17:17.500+0000] {dag.py:3954} INFO - Setting next_dagrun for example_nested_branch_dag to 2025-09-15 00:00:00+00:00, run_after=2025-09-16 00:00:00+00:00
[2025-09-16T14:17:17.528+0000] {processor.py:183} INFO - Processing /home/airflow/.local/lib/python3.12/site-packages/airflow/example_dags/example_nested_branch_dag.py took 0.112 seconds
[2025-09-16T14:17:48.774+0000] {processor.py:161} INFO - Started process (PID=232) to work on /home/airflow/.local/lib/python3.12/site-packages/airflow/example_dags/example_nested_branch_dag.py
[2025-09-16T14:17:48.776+0000] {processor.py:830} INFO - Processing file /home/airflow/.local/lib/python3.12/site-packages/airflow/example_dags/example_nested_branch_dag.py for tasks to queue
[2025-09-16T14:17:48.779+0000] {logging_mixin.py:188} INFO - [2025-09-16T14:17:48.779+0000] {dagbag.py:545} INFO - Filling up the DagBag from /home/airflow/.local/lib/python3.12/site-packages/airflow/example_dags/example_nested_branch_dag.py
[2025-09-16T14:17:48.800+0000] {processor.py:840} INFO - DAG(s) 'example_nested_branch_dag' retrieved from /home/airflow/.local/lib/python3.12/site-packages/airflow/example_dags/example_nested_branch_dag.py
[2025-09-16T14:17:48.849+0000] {logging_mixin.py:188} INFO - [2025-09-16T14:17:48.849+0000] {dag.py:3096} INFO - Sync 1 DAGs
[2025-09-16T14:17:48.902+0000] {logging_mixin.py:188} INFO - [2025-09-16T14:17:48.901+0000] {dag.py:3954} INFO - Setting next_dagrun for example_nested_branch_dag to 2025-09-15 00:00:00+00:00, run_after=2025-09-16 00:00:00+00:00
[2025-09-16T14:17:48.949+0000] {processor.py:183} INFO - Processing /home/airflow/.local/lib/python3.12/site-packages/airflow/example_dags/example_nested_branch_dag.py took 0.186 seconds
[2025-09-16T14:18:19.635+0000] {processor.py:161} INFO - Started process (PID=292) to work on /home/airflow/.local/lib/python3.12/site-packages/airflow/example_dags/example_nested_branch_dag.py
[2025-09-16T14:18:19.638+0000] {processor.py:830} INFO - Processing file /home/airflow/.local/lib/python3.12/site-packages/airflow/example_dags/example_nested_branch_dag.py for tasks to queue
[2025-09-16T14:18:19.644+0000] {logging_mixin.py:188} INFO - [2025-09-16T14:18:19.643+0000] {dagbag.py:545} INFO - Filling up the DagBag from /home/airflow/.local/lib/python3.12/site-packages/airflow/example_dags/example_nested_branch_dag.py
[2025-09-16T14:18:19.665+0000] {processor.py:840} INFO - DAG(s) 'example_nested_branch_dag' retrieved from /home/airflow/.local/lib/python3.12/site-packages/airflow/example_dags/example_nested_branch_dag.py
[2025-09-16T14:18:19.702+0000] {logging_mixin.py:188} INFO - [2025-09-16T14:18:19.702+0000] {dag.py:3096} INFO - Sync 1 DAGs
[2025-09-16T14:18:19.741+0000] {logging_mixin.py:188} INFO - [2025-09-16T14:18:19.740+0000] {dag.py:3954} INFO - Setting next_dagrun for example_nested_branch_dag to 2025-09-15 00:00:00+00:00, run_after=2025-09-16 00:00:00+00:00
[2025-09-16T14:18:19.774+0000] {processor.py:183} INFO - Processing /home/airflow/.local/lib/python3.12/site-packages/airflow/example_dags/example_nested_branch_dag.py took 0.154 seconds
[2025-09-16T14:18:50.193+0000] {processor.py:161} INFO - Started process (PID=352) to work on /home/airflow/.local/lib/python3.12/site-packages/airflow/example_dags/example_nested_branch_dag.py
[2025-09-16T14:18:50.195+0000] {processor.py:830} INFO - Processing file /home/airflow/.local/lib/python3.12/site-packages/airflow/example_dags/example_nested_branch_dag.py for tasks to queue
[2025-09-16T14:18:50.198+0000] {logging_mixin.py:188} INFO - [2025-09-16T14:18:50.197+0000] {dagbag.py:545} INFO - Filling up the DagBag from /home/airflow/.local/lib/python3.12/site-packages/airflow/example_dags/example_nested_branch_dag.py
[2025-09-16T14:18:50.218+0000] {processor.py:840} INFO - DAG(s) 'example_nested_branch_dag' retrieved from /home/airflow/.local/lib/python3.12/site-packages/airflow/example_dags/example_nested_branch_dag.py
[2025-09-16T14:18:50.252+0000] {logging_mixin.py:188} INFO - [2025-09-16T14:18:50.252+0000] {dag.py:3096} INFO - Sync 1 DAGs
[2025-09-16T14:18:50.284+0000] {logging_mixin.py:188} INFO - [2025-09-16T14:18:50.283+0000] {dag.py:3954} INFO - Setting next_dagrun for example_nested_branch_dag to 2025-09-15 00:00:00+00:00, run_after=2025-09-16 00:00:00+00:00
[2025-09-16T14:18:50.310+0000] {processor.py:183} INFO - Processing /home/airflow/.local/lib/python3.12/site-packages/airflow/example_dags/example_nested_branch_dag.py took 0.128 seconds
[2025-09-16T14:19:20.967+0000] {processor.py:161} INFO - Started process (PID=411) to work on /home/airflow/.local/lib/python3.12/site-packages/airflow/example_dags/example_nested_branch_dag.py
[2025-09-16T14:19:20.969+0000] {processor.py:830} INFO - Processing file /home/airflow/.local/lib/python3.12/site-packages/airflow/example_dags/example_nested_branch_dag.py for tasks to queue
[2025-09-16T14:19:20.973+0000] {logging_mixin.py:188} INFO - [2025-09-16T14:19:20.972+0000] {dagbag.py:545} INFO - Filling up the DagBag from /home/airflow/.local/lib/python3.12/site-packages/airflow/example_dags/example_nested_branch_dag.py
[2025-09-16T14:19:20.992+0000] {processor.py:840} INFO - DAG(s) 'example_nested_branch_dag' retrieved from /home/airflow/.local/lib/python3.12/site-packages/airflow/example_dags/example_nested_branch_dag.py
[2025-09-16T14:19:21.031+0000] {logging_mixin.py:188} INFO - [2025-09-16T14:19:21.031+0000] {dag.py:3096} INFO - Sync 1 DAGs
[2025-09-16T14:19:21.071+0000] {logging_mixin.py:188} INFO - [2025-09-16T14:19:21.070+0000] {dag.py:3954} INFO - Setting next_dagrun for example_nested_branch_dag to 2025-09-15 00:00:00+00:00, run_after=2025-09-16 00:00:00+00:00
[2025-09-16T14:19:21.108+0000] {processor.py:183} INFO - Processing /home/airflow/.local/lib/python3.12/site-packages/airflow/example_dags/example_nested_branch_dag.py took 0.152 seconds
[2025-09-16T14:19:51.583+0000] {processor.py:161} INFO - Started process (PID=471) to work on /home/airflow/.local/lib/python3.12/site-packages/airflow/example_dags/example_nested_branch_dag.py
[2025-09-16T14:19:51.585+0000] {processor.py:830} INFO - Processing file /home/airflow/.local/lib/python3.12/site-packages/airflow/example_dags/example_nested_branch_dag.py for tasks to queue
[2025-09-16T14:19:51.588+0000] {logging_mixin.py:188} INFO - [2025-09-16T14:19:51.587+0000] {dagbag.py:545} INFO - Filling up the DagBag from /home/airflow/.local/lib/python3.12/site-packages/airflow/example_dags/example_nested_branch_dag.py
[2025-09-16T14:19:51.603+0000] {processor.py:840} INFO - DAG(s) 'example_nested_branch_dag' retrieved from /home/airflow/.local/lib/python3.12/site-packages/airflow/example_dags/example_nested_branch_dag.py
[2025-09-16T14:19:51.632+0000] {logging_mixin.py:188} INFO - [2025-09-16T14:19:51.631+0000] {dag.py:3096} INFO - Sync 1 DAGs
[2025-09-16T14:19:51.665+0000] {logging_mixin.py:188} INFO - [2025-09-16T14:19:51.664+0000] {dag.py:3954} INFO - Setting next_dagrun for example_nested_branch_dag to 2025-09-15 00:00:00+00:00, run_after=2025-09-16 00:00:00+00:00
[2025-09-16T14:19:51.695+0000] {processor.py:183} INFO - Processing /home/airflow/.local/lib/python3.12/site-packages/airflow/example_dags/example_nested_branch_dag.py took 0.120 seconds
[2025-09-16T14:20:22.045+0000] {processor.py:161} INFO - Started process (PID=531) to work on /home/airflow/.local/lib/python3.12/site-packages/airflow/example_dags/example_nested_branch_dag.py
[2025-09-16T14:20:22.047+0000] {processor.py:830} INFO - Processing file /home/airflow/.local/lib/python3.12/site-packages/airflow/example_dags/example_nested_branch_dag.py for tasks to queue
[2025-09-16T14:20:22.050+0000] {logging_mixin.py:188} INFO - [2025-09-16T14:20:22.049+0000] {dagbag.py:545} INFO - Filling up the DagBag from /home/airflow/.local/lib/python3.12/site-packages/airflow/example_dags/example_nested_branch_dag.py
[2025-09-16T14:20:22.063+0000] {processor.py:840} INFO - DAG(s) 'example_nested_branch_dag' retrieved from /home/airflow/.local/lib/python3.12/site-packages/airflow/example_dags/example_nested_branch_dag.py
[2025-09-16T14:20:22.105+0000] {logging_mixin.py:188} INFO - [2025-09-16T14:20:22.104+0000] {dag.py:3096} INFO - Sync 1 DAGs
[2025-09-16T14:20:22.145+0000] {logging_mixin.py:188} INFO - [2025-09-16T14:20:22.144+0000] {dag.py:3954} INFO - Setting next_dagrun for example_nested_branch_dag to 2025-09-15 00:00:00+00:00, run_after=2025-09-16 00:00:00+00:00
[2025-09-16T14:20:22.189+0000] {processor.py:183} INFO - Processing /home/airflow/.local/lib/python3.12/site-packages/airflow/example_dags/example_nested_branch_dag.py took 0.152 seconds
[2025-09-16T14:20:53.801+0000] {processor.py:161} INFO - Started process (PID=593) to work on /home/airflow/.local/lib/python3.12/site-packages/airflow/example_dags/example_nested_branch_dag.py
[2025-09-16T14:20:53.803+0000] {processor.py:830} INFO - Processing file /home/airflow/.local/lib/python3.12/site-packages/airflow/example_dags/example_nested_branch_dag.py for tasks to queue
[2025-09-16T14:20:53.806+0000] {logging_mixin.py:188} INFO - [2025-09-16T14:20:53.806+0000] {dagbag.py:545} INFO - Filling up the DagBag from /home/airflow/.local/lib/python3.12/site-packages/airflow/example_dags/example_nested_branch_dag.py
[2025-09-16T14:20:53.822+0000] {processor.py:840} INFO - DAG(s) 'example_nested_branch_dag' retrieved from /home/airflow/.local/lib/python3.12/site-packages/airflow/example_dags/example_nested_branch_dag.py
[2025-09-16T14:20:53.855+0000] {logging_mixin.py:188} INFO - [2025-09-16T14:20:53.854+0000] {dag.py:3096} INFO - Sync 1 DAGs
[2025-09-16T14:20:53.889+0000] {logging_mixin.py:188} INFO - [2025-09-16T14:20:53.888+0000] {dag.py:3954} INFO - Setting next_dagrun for example_nested_branch_dag to 2025-09-15 00:00:00+00:00, run_after=2025-09-16 00:00:00+00:00
[2025-09-16T14:20:53.917+0000] {processor.py:183} INFO - Processing /home/airflow/.local/lib/python3.12/site-packages/airflow/example_dags/example_nested_branch_dag.py took 0.127 seconds
[2025-09-16T14:54:13.052+0000] {processor.py:161} INFO - Started process (PID=110) to work on /home/airflow/.local/lib/python3.12/site-packages/airflow/example_dags/example_nested_branch_dag.py
[2025-09-16T14:54:13.054+0000] {processor.py:830} INFO - Processing file /home/airflow/.local/lib/python3.12/site-packages/airflow/example_dags/example_nested_branch_dag.py for tasks to queue
[2025-09-16T14:54:13.061+0000] {logging_mixin.py:188} INFO - [2025-09-16T14:54:13.060+0000] {dagbag.py:545} INFO - Filling up the DagBag from /home/airflow/.local/lib/python3.12/site-packages/airflow/example_dags/example_nested_branch_dag.py
[2025-09-16T14:54:13.076+0000] {processor.py:840} INFO - DAG(s) 'example_nested_branch_dag' retrieved from /home/airflow/.local/lib/python3.12/site-packages/airflow/example_dags/example_nested_branch_dag.py
[2025-09-16T14:54:13.223+0000] {logging_mixin.py:188} INFO - [2025-09-16T14:54:13.222+0000] {dag.py:3096} INFO - Sync 1 DAGs
[2025-09-16T14:54:13.251+0000] {logging_mixin.py:188} INFO - [2025-09-16T14:54:13.251+0000] {dag.py:3954} INFO - Setting next_dagrun for example_nested_branch_dag to 2025-09-15 00:00:00+00:00, run_after=2025-09-16 00:00:00+00:00
[2025-09-16T14:54:13.280+0000] {processor.py:183} INFO - Processing /home/airflow/.local/lib/python3.12/site-packages/airflow/example_dags/example_nested_branch_dag.py took 0.238 seconds
[2025-09-16T14:54:44.236+0000] {processor.py:161} INFO - Started process (PID=170) to work on /home/airflow/.local/lib/python3.12/site-packages/airflow/example_dags/example_nested_branch_dag.py
[2025-09-16T14:54:44.238+0000] {processor.py:830} INFO - Processing file /home/airflow/.local/lib/python3.12/site-packages/airflow/example_dags/example_nested_branch_dag.py for tasks to queue
[2025-09-16T14:54:44.241+0000] {logging_mixin.py:188} INFO - [2025-09-16T14:54:44.240+0000] {dagbag.py:545} INFO - Filling up the DagBag from /home/airflow/.local/lib/python3.12/site-packages/airflow/example_dags/example_nested_branch_dag.py
[2025-09-16T14:54:44.254+0000] {processor.py:840} INFO - DAG(s) 'example_nested_branch_dag' retrieved from /home/airflow/.local/lib/python3.12/site-packages/airflow/example_dags/example_nested_branch_dag.py
[2025-09-16T14:54:44.287+0000] {logging_mixin.py:188} INFO - [2025-09-16T14:54:44.286+0000] {dag.py:3096} INFO - Sync 1 DAGs
[2025-09-16T14:54:44.322+0000] {logging_mixin.py:188} INFO - [2025-09-16T14:54:44.321+0000] {dag.py:3954} INFO - Setting next_dagrun for example_nested_branch_dag to 2025-09-15 00:00:00+00:00, run_after=2025-09-16 00:00:00+00:00
[2025-09-16T14:54:44.355+0000] {processor.py:183} INFO - Processing /home/airflow/.local/lib/python3.12/site-packages/airflow/example_dags/example_nested_branch_dag.py took 0.125 seconds
[2025-09-16T14:55:15.185+0000] {processor.py:161} INFO - Started process (PID=231) to work on /home/airflow/.local/lib/python3.12/site-packages/airflow/example_dags/example_nested_branch_dag.py
[2025-09-16T14:55:15.186+0000] {processor.py:830} INFO - Processing file /home/airflow/.local/lib/python3.12/site-packages/airflow/example_dags/example_nested_branch_dag.py for tasks to queue
[2025-09-16T14:55:15.190+0000] {logging_mixin.py:188} INFO - [2025-09-16T14:55:15.189+0000] {dagbag.py:545} INFO - Filling up the DagBag from /home/airflow/.local/lib/python3.12/site-packages/airflow/example_dags/example_nested_branch_dag.py
[2025-09-16T14:55:15.204+0000] {processor.py:840} INFO - DAG(s) 'example_nested_branch_dag' retrieved from /home/airflow/.local/lib/python3.12/site-packages/airflow/example_dags/example_nested_branch_dag.py
[2025-09-16T14:55:15.234+0000] {logging_mixin.py:188} INFO - [2025-09-16T14:55:15.234+0000] {dag.py:3096} INFO - Sync 1 DAGs
[2025-09-16T14:55:15.267+0000] {logging_mixin.py:188} INFO - [2025-09-16T14:55:15.266+0000] {dag.py:3954} INFO - Setting next_dagrun for example_nested_branch_dag to 2025-09-15 00:00:00+00:00, run_after=2025-09-16 00:00:00+00:00
[2025-09-16T14:55:15.297+0000] {processor.py:183} INFO - Processing /home/airflow/.local/lib/python3.12/site-packages/airflow/example_dags/example_nested_branch_dag.py took 0.119 seconds
[2025-09-16T14:55:45.884+0000] {processor.py:161} INFO - Started process (PID=291) to work on /home/airflow/.local/lib/python3.12/site-packages/airflow/example_dags/example_nested_branch_dag.py
[2025-09-16T14:55:45.886+0000] {processor.py:830} INFO - Processing file /home/airflow/.local/lib/python3.12/site-packages/airflow/example_dags/example_nested_branch_dag.py for tasks to queue
[2025-09-16T14:55:45.889+0000] {logging_mixin.py:188} INFO - [2025-09-16T14:55:45.889+0000] {dagbag.py:545} INFO - Filling up the DagBag from /home/airflow/.local/lib/python3.12/site-packages/airflow/example_dags/example_nested_branch_dag.py
[2025-09-16T14:55:45.905+0000] {processor.py:840} INFO - DAG(s) 'example_nested_branch_dag' retrieved from /home/airflow/.local/lib/python3.12/site-packages/airflow/example_dags/example_nested_branch_dag.py
[2025-09-16T14:55:45.935+0000] {logging_mixin.py:188} INFO - [2025-09-16T14:55:45.935+0000] {dag.py:3096} INFO - Sync 1 DAGs
[2025-09-16T14:55:45.968+0000] {logging_mixin.py:188} INFO - [2025-09-16T14:55:45.967+0000] {dag.py:3954} INFO - Setting next_dagrun for example_nested_branch_dag to 2025-09-15 00:00:00+00:00, run_after=2025-09-16 00:00:00+00:00
[2025-09-16T14:55:46.011+0000] {processor.py:183} INFO - Processing /home/airflow/.local/lib/python3.12/site-packages/airflow/example_dags/example_nested_branch_dag.py took 0.135 seconds
[2025-09-16T14:56:16.954+0000] {processor.py:161} INFO - Started process (PID=351) to work on /home/airflow/.local/lib/python3.12/site-packages/airflow/example_dags/example_nested_branch_dag.py
[2025-09-16T14:56:16.955+0000] {processor.py:830} INFO - Processing file /home/airflow/.local/lib/python3.12/site-packages/airflow/example_dags/example_nested_branch_dag.py for tasks to queue
[2025-09-16T14:56:16.959+0000] {logging_mixin.py:188} INFO - [2025-09-16T14:56:16.958+0000] {dagbag.py:545} INFO - Filling up the DagBag from /home/airflow/.local/lib/python3.12/site-packages/airflow/example_dags/example_nested_branch_dag.py
[2025-09-16T14:56:16.972+0000] {processor.py:840} INFO - DAG(s) 'example_nested_branch_dag' retrieved from /home/airflow/.local/lib/python3.12/site-packages/airflow/example_dags/example_nested_branch_dag.py
[2025-09-16T14:56:17.014+0000] {logging_mixin.py:188} INFO - [2025-09-16T14:56:17.014+0000] {dag.py:3096} INFO - Sync 1 DAGs
[2025-09-16T14:56:17.047+0000] {logging_mixin.py:188} INFO - [2025-09-16T14:56:17.047+0000] {dag.py:3954} INFO - Setting next_dagrun for example_nested_branch_dag to 2025-09-15 00:00:00+00:00, run_after=2025-09-16 00:00:00+00:00
[2025-09-16T14:56:17.111+0000] {processor.py:183} INFO - Processing /home/airflow/.local/lib/python3.12/site-packages/airflow/example_dags/example_nested_branch_dag.py took 0.167 seconds
[2025-09-16T14:56:47.177+0000] {processor.py:161} INFO - Started process (PID=411) to work on /home/airflow/.local/lib/python3.12/site-packages/airflow/example_dags/example_nested_branch_dag.py
[2025-09-16T14:56:47.179+0000] {processor.py:830} INFO - Processing file /home/airflow/.local/lib/python3.12/site-packages/airflow/example_dags/example_nested_branch_dag.py for tasks to queue
[2025-09-16T14:56:47.182+0000] {logging_mixin.py:188} INFO - [2025-09-16T14:56:47.182+0000] {dagbag.py:545} INFO - Filling up the DagBag from /home/airflow/.local/lib/python3.12/site-packages/airflow/example_dags/example_nested_branch_dag.py
[2025-09-16T14:56:47.196+0000] {processor.py:840} INFO - DAG(s) 'example_nested_branch_dag' retrieved from /home/airflow/.local/lib/python3.12/site-packages/airflow/example_dags/example_nested_branch_dag.py
[2025-09-16T14:56:47.230+0000] {logging_mixin.py:188} INFO - [2025-09-16T14:56:47.230+0000] {dag.py:3096} INFO - Sync 1 DAGs
[2025-09-16T14:56:47.269+0000] {logging_mixin.py:188} INFO - [2025-09-16T14:56:47.268+0000] {dag.py:3954} INFO - Setting next_dagrun for example_nested_branch_dag to 2025-09-15 00:00:00+00:00, run_after=2025-09-16 00:00:00+00:00
[2025-09-16T14:56:47.312+0000] {processor.py:183} INFO - Processing /home/airflow/.local/lib/python3.12/site-packages/airflow/example_dags/example_nested_branch_dag.py took 0.142 seconds
[2025-09-16T14:57:17.952+0000] {processor.py:161} INFO - Started process (PID=471) to work on /home/airflow/.local/lib/python3.12/site-packages/airflow/example_dags/example_nested_branch_dag.py
[2025-09-16T14:57:17.954+0000] {processor.py:830} INFO - Processing file /home/airflow/.local/lib/python3.12/site-packages/airflow/example_dags/example_nested_branch_dag.py for tasks to queue
[2025-09-16T14:57:17.957+0000] {logging_mixin.py:188} INFO - [2025-09-16T14:57:17.957+0000] {dagbag.py:545} INFO - Filling up the DagBag from /home/airflow/.local/lib/python3.12/site-packages/airflow/example_dags/example_nested_branch_dag.py
[2025-09-16T14:57:17.971+0000] {processor.py:840} INFO - DAG(s) 'example_nested_branch_dag' retrieved from /home/airflow/.local/lib/python3.12/site-packages/airflow/example_dags/example_nested_branch_dag.py
[2025-09-16T14:57:18.002+0000] {logging_mixin.py:188} INFO - [2025-09-16T14:57:18.001+0000] {dag.py:3096} INFO - Sync 1 DAGs
[2025-09-16T14:57:18.036+0000] {logging_mixin.py:188} INFO - [2025-09-16T14:57:18.036+0000] {dag.py:3954} INFO - Setting next_dagrun for example_nested_branch_dag to 2025-09-15 00:00:00+00:00, run_after=2025-09-16 00:00:00+00:00
[2025-09-16T14:57:18.067+0000] {processor.py:183} INFO - Processing /home/airflow/.local/lib/python3.12/site-packages/airflow/example_dags/example_nested_branch_dag.py took 0.123 seconds
[2025-09-16T14:57:48.335+0000] {processor.py:161} INFO - Started process (PID=531) to work on /home/airflow/.local/lib/python3.12/site-packages/airflow/example_dags/example_nested_branch_dag.py
[2025-09-16T14:57:48.336+0000] {processor.py:830} INFO - Processing file /home/airflow/.local/lib/python3.12/site-packages/airflow/example_dags/example_nested_branch_dag.py for tasks to queue
[2025-09-16T14:57:48.339+0000] {logging_mixin.py:188} INFO - [2025-09-16T14:57:48.338+0000] {dagbag.py:545} INFO - Filling up the DagBag from /home/airflow/.local/lib/python3.12/site-packages/airflow/example_dags/example_nested_branch_dag.py
[2025-09-16T14:57:48.352+0000] {processor.py:840} INFO - DAG(s) 'example_nested_branch_dag' retrieved from /home/airflow/.local/lib/python3.12/site-packages/airflow/example_dags/example_nested_branch_dag.py
[2025-09-16T14:57:48.383+0000] {logging_mixin.py:188} INFO - [2025-09-16T14:57:48.382+0000] {dag.py:3096} INFO - Sync 1 DAGs
[2025-09-16T14:57:48.415+0000] {logging_mixin.py:188} INFO - [2025-09-16T14:57:48.415+0000] {dag.py:3954} INFO - Setting next_dagrun for example_nested_branch_dag to 2025-09-15 00:00:00+00:00, run_after=2025-09-16 00:00:00+00:00
[2025-09-16T14:57:48.445+0000] {processor.py:183} INFO - Processing /home/airflow/.local/lib/python3.12/site-packages/airflow/example_dags/example_nested_branch_dag.py took 0.118 seconds
[2025-09-16T14:58:18.803+0000] {processor.py:161} INFO - Started process (PID=591) to work on /home/airflow/.local/lib/python3.12/site-packages/airflow/example_dags/example_nested_branch_dag.py
[2025-09-16T14:58:18.805+0000] {processor.py:830} INFO - Processing file /home/airflow/.local/lib/python3.12/site-packages/airflow/example_dags/example_nested_branch_dag.py for tasks to queue
[2025-09-16T14:58:18.809+0000] {logging_mixin.py:188} INFO - [2025-09-16T14:58:18.809+0000] {dagbag.py:545} INFO - Filling up the DagBag from /home/airflow/.local/lib/python3.12/site-packages/airflow/example_dags/example_nested_branch_dag.py
[2025-09-16T14:58:18.827+0000] {processor.py:840} INFO - DAG(s) 'example_nested_branch_dag' retrieved from /home/airflow/.local/lib/python3.12/site-packages/airflow/example_dags/example_nested_branch_dag.py
[2025-09-16T14:58:18.873+0000] {logging_mixin.py:188} INFO - [2025-09-16T14:58:18.873+0000] {dag.py:3096} INFO - Sync 1 DAGs
[2025-09-16T14:58:18.923+0000] {logging_mixin.py:188} INFO - [2025-09-16T14:58:18.923+0000] {dag.py:3954} INFO - Setting next_dagrun for example_nested_branch_dag to 2025-09-15 00:00:00+00:00, run_after=2025-09-16 00:00:00+00:00
[2025-09-16T14:58:18.971+0000] {processor.py:183} INFO - Processing /home/airflow/.local/lib/python3.12/site-packages/airflow/example_dags/example_nested_branch_dag.py took 0.176 seconds
[2025-09-16T14:58:49.818+0000] {processor.py:161} INFO - Started process (PID=650) to work on /home/airflow/.local/lib/python3.12/site-packages/airflow/example_dags/example_nested_branch_dag.py
[2025-09-16T14:58:49.820+0000] {processor.py:830} INFO - Processing file /home/airflow/.local/lib/python3.12/site-packages/airflow/example_dags/example_nested_branch_dag.py for tasks to queue
[2025-09-16T14:58:49.823+0000] {logging_mixin.py:188} INFO - [2025-09-16T14:58:49.823+0000] {dagbag.py:545} INFO - Filling up the DagBag from /home/airflow/.local/lib/python3.12/site-packages/airflow/example_dags/example_nested_branch_dag.py
[2025-09-16T14:58:49.843+0000] {processor.py:840} INFO - DAG(s) 'example_nested_branch_dag' retrieved from /home/airflow/.local/lib/python3.12/site-packages/airflow/example_dags/example_nested_branch_dag.py
[2025-09-16T14:58:49.880+0000] {logging_mixin.py:188} INFO - [2025-09-16T14:58:49.880+0000] {dag.py:3096} INFO - Sync 1 DAGs
[2025-09-16T14:58:49.923+0000] {logging_mixin.py:188} INFO - [2025-09-16T14:58:49.923+0000] {dag.py:3954} INFO - Setting next_dagrun for example_nested_branch_dag to 2025-09-15 00:00:00+00:00, run_after=2025-09-16 00:00:00+00:00
[2025-09-16T14:58:49.963+0000] {processor.py:183} INFO - Processing /home/airflow/.local/lib/python3.12/site-packages/airflow/example_dags/example_nested_branch_dag.py took 0.154 seconds
[2025-09-16T14:59:20.244+0000] {processor.py:161} INFO - Started process (PID=710) to work on /home/airflow/.local/lib/python3.12/site-packages/airflow/example_dags/example_nested_branch_dag.py
[2025-09-16T14:59:20.246+0000] {processor.py:830} INFO - Processing file /home/airflow/.local/lib/python3.12/site-packages/airflow/example_dags/example_nested_branch_dag.py for tasks to queue
[2025-09-16T14:59:20.248+0000] {logging_mixin.py:188} INFO - [2025-09-16T14:59:20.248+0000] {dagbag.py:545} INFO - Filling up the DagBag from /home/airflow/.local/lib/python3.12/site-packages/airflow/example_dags/example_nested_branch_dag.py
[2025-09-16T14:59:20.263+0000] {processor.py:840} INFO - DAG(s) 'example_nested_branch_dag' retrieved from /home/airflow/.local/lib/python3.12/site-packages/airflow/example_dags/example_nested_branch_dag.py
[2025-09-16T14:59:20.289+0000] {logging_mixin.py:188} INFO - [2025-09-16T14:59:20.289+0000] {dag.py:3096} INFO - Sync 1 DAGs
[2025-09-16T14:59:20.317+0000] {logging_mixin.py:188} INFO - [2025-09-16T14:59:20.316+0000] {dag.py:3954} INFO - Setting next_dagrun for example_nested_branch_dag to 2025-09-15 00:00:00+00:00, run_after=2025-09-16 00:00:00+00:00
[2025-09-16T14:59:20.342+0000] {processor.py:183} INFO - Processing /home/airflow/.local/lib/python3.12/site-packages/airflow/example_dags/example_nested_branch_dag.py took 0.104 seconds
[2025-09-16T14:59:50.453+0000] {processor.py:161} INFO - Started process (PID=770) to work on /home/airflow/.local/lib/python3.12/site-packages/airflow/example_dags/example_nested_branch_dag.py
[2025-09-16T14:59:50.454+0000] {processor.py:830} INFO - Processing file /home/airflow/.local/lib/python3.12/site-packages/airflow/example_dags/example_nested_branch_dag.py for tasks to queue
[2025-09-16T14:59:50.457+0000] {logging_mixin.py:188} INFO - [2025-09-16T14:59:50.456+0000] {dagbag.py:545} INFO - Filling up the DagBag from /home/airflow/.local/lib/python3.12/site-packages/airflow/example_dags/example_nested_branch_dag.py
[2025-09-16T14:59:50.470+0000] {processor.py:840} INFO - DAG(s) 'example_nested_branch_dag' retrieved from /home/airflow/.local/lib/python3.12/site-packages/airflow/example_dags/example_nested_branch_dag.py
[2025-09-16T14:59:50.497+0000] {logging_mixin.py:188} INFO - [2025-09-16T14:59:50.497+0000] {dag.py:3096} INFO - Sync 1 DAGs
[2025-09-16T14:59:50.526+0000] {logging_mixin.py:188} INFO - [2025-09-16T14:59:50.526+0000] {dag.py:3954} INFO - Setting next_dagrun for example_nested_branch_dag to 2025-09-15 00:00:00+00:00, run_after=2025-09-16 00:00:00+00:00
[2025-09-16T14:59:50.553+0000] {processor.py:183} INFO - Processing /home/airflow/.local/lib/python3.12/site-packages/airflow/example_dags/example_nested_branch_dag.py took 0.108 seconds
[2025-09-16T15:00:20.677+0000] {processor.py:161} INFO - Started process (PID=830) to work on /home/airflow/.local/lib/python3.12/site-packages/airflow/example_dags/example_nested_branch_dag.py
[2025-09-16T15:00:20.679+0000] {processor.py:830} INFO - Processing file /home/airflow/.local/lib/python3.12/site-packages/airflow/example_dags/example_nested_branch_dag.py for tasks to queue
[2025-09-16T15:00:20.682+0000] {logging_mixin.py:188} INFO - [2025-09-16T15:00:20.682+0000] {dagbag.py:545} INFO - Filling up the DagBag from /home/airflow/.local/lib/python3.12/site-packages/airflow/example_dags/example_nested_branch_dag.py
[2025-09-16T15:00:20.697+0000] {processor.py:840} INFO - DAG(s) 'example_nested_branch_dag' retrieved from /home/airflow/.local/lib/python3.12/site-packages/airflow/example_dags/example_nested_branch_dag.py
[2025-09-16T15:00:20.729+0000] {logging_mixin.py:188} INFO - [2025-09-16T15:00:20.728+0000] {dag.py:3096} INFO - Sync 1 DAGs
[2025-09-16T15:00:20.761+0000] {logging_mixin.py:188} INFO - [2025-09-16T15:00:20.760+0000] {dag.py:3954} INFO - Setting next_dagrun for example_nested_branch_dag to 2025-09-15 00:00:00+00:00, run_after=2025-09-16 00:00:00+00:00
[2025-09-16T15:00:20.808+0000] {processor.py:183} INFO - Processing /home/airflow/.local/lib/python3.12/site-packages/airflow/example_dags/example_nested_branch_dag.py took 0.138 seconds
[2025-09-16T15:01:55.833+0000] {processor.py:161} INFO - Started process (PID=111) to work on /home/airflow/.local/lib/python3.12/site-packages/airflow/example_dags/example_nested_branch_dag.py
[2025-09-16T15:01:55.834+0000] {processor.py:830} INFO - Processing file /home/airflow/.local/lib/python3.12/site-packages/airflow/example_dags/example_nested_branch_dag.py for tasks to queue
[2025-09-16T15:01:55.838+0000] {logging_mixin.py:188} INFO - [2025-09-16T15:01:55.838+0000] {dagbag.py:545} INFO - Filling up the DagBag from /home/airflow/.local/lib/python3.12/site-packages/airflow/example_dags/example_nested_branch_dag.py
[2025-09-16T15:01:55.852+0000] {processor.py:840} INFO - DAG(s) 'example_nested_branch_dag' retrieved from /home/airflow/.local/lib/python3.12/site-packages/airflow/example_dags/example_nested_branch_dag.py
[2025-09-16T15:01:55.992+0000] {logging_mixin.py:188} INFO - [2025-09-16T15:01:55.991+0000] {dag.py:3096} INFO - Sync 1 DAGs
[2025-09-16T15:01:56.030+0000] {logging_mixin.py:188} INFO - [2025-09-16T15:01:56.029+0000] {dag.py:3954} INFO - Setting next_dagrun for example_nested_branch_dag to 2025-09-15 00:00:00+00:00, run_after=2025-09-16 00:00:00+00:00
[2025-09-16T15:01:56.071+0000] {processor.py:183} INFO - Processing /home/airflow/.local/lib/python3.12/site-packages/airflow/example_dags/example_nested_branch_dag.py took 0.247 seconds
[2025-09-16T15:02:26.356+0000] {processor.py:161} INFO - Started process (PID=171) to work on /home/airflow/.local/lib/python3.12/site-packages/airflow/example_dags/example_nested_branch_dag.py
[2025-09-16T15:02:26.358+0000] {processor.py:830} INFO - Processing file /home/airflow/.local/lib/python3.12/site-packages/airflow/example_dags/example_nested_branch_dag.py for tasks to queue
[2025-09-16T15:02:26.361+0000] {logging_mixin.py:188} INFO - [2025-09-16T15:02:26.361+0000] {dagbag.py:545} INFO - Filling up the DagBag from /home/airflow/.local/lib/python3.12/site-packages/airflow/example_dags/example_nested_branch_dag.py
[2025-09-16T15:02:26.376+0000] {processor.py:840} INFO - DAG(s) 'example_nested_branch_dag' retrieved from /home/airflow/.local/lib/python3.12/site-packages/airflow/example_dags/example_nested_branch_dag.py
[2025-09-16T15:02:26.393+0000] {logging_mixin.py:188} INFO - [2025-09-16T15:02:26.393+0000] {dag.py:3096} INFO - Sync 1 DAGs
[2025-09-16T15:02:26.429+0000] {logging_mixin.py:188} INFO - [2025-09-16T15:02:26.428+0000] {dag.py:3954} INFO - Setting next_dagrun for example_nested_branch_dag to 2025-09-15 00:00:00+00:00, run_after=2025-09-16 00:00:00+00:00
[2025-09-16T15:02:26.493+0000] {processor.py:183} INFO - Processing /home/airflow/.local/lib/python3.12/site-packages/airflow/example_dags/example_nested_branch_dag.py took 0.145 seconds
[2025-09-16T15:02:57.689+0000] {processor.py:161} INFO - Started process (PID=231) to work on /home/airflow/.local/lib/python3.12/site-packages/airflow/example_dags/example_nested_branch_dag.py
[2025-09-16T15:02:57.691+0000] {processor.py:830} INFO - Processing file /home/airflow/.local/lib/python3.12/site-packages/airflow/example_dags/example_nested_branch_dag.py for tasks to queue
[2025-09-16T15:02:57.694+0000] {logging_mixin.py:188} INFO - [2025-09-16T15:02:57.693+0000] {dagbag.py:545} INFO - Filling up the DagBag from /home/airflow/.local/lib/python3.12/site-packages/airflow/example_dags/example_nested_branch_dag.py
[2025-09-16T15:02:57.707+0000] {processor.py:840} INFO - DAG(s) 'example_nested_branch_dag' retrieved from /home/airflow/.local/lib/python3.12/site-packages/airflow/example_dags/example_nested_branch_dag.py
[2025-09-16T15:02:57.838+0000] {logging_mixin.py:188} INFO - [2025-09-16T15:02:57.837+0000] {dag.py:3096} INFO - Sync 1 DAGs
[2025-09-16T15:02:57.866+0000] {logging_mixin.py:188} INFO - [2025-09-16T15:02:57.866+0000] {dag.py:3954} INFO - Setting next_dagrun for example_nested_branch_dag to 2025-09-15 00:00:00+00:00, run_after=2025-09-16 00:00:00+00:00
[2025-09-16T15:02:57.893+0000] {processor.py:183} INFO - Processing /home/airflow/.local/lib/python3.12/site-packages/airflow/example_dags/example_nested_branch_dag.py took 0.214 seconds
[2025-09-16T15:03:28.541+0000] {processor.py:161} INFO - Started process (PID=291) to work on /home/airflow/.local/lib/python3.12/site-packages/airflow/example_dags/example_nested_branch_dag.py
[2025-09-16T15:03:28.543+0000] {processor.py:830} INFO - Processing file /home/airflow/.local/lib/python3.12/site-packages/airflow/example_dags/example_nested_branch_dag.py for tasks to queue
[2025-09-16T15:03:28.545+0000] {logging_mixin.py:188} INFO - [2025-09-16T15:03:28.545+0000] {dagbag.py:545} INFO - Filling up the DagBag from /home/airflow/.local/lib/python3.12/site-packages/airflow/example_dags/example_nested_branch_dag.py
[2025-09-16T15:03:28.558+0000] {processor.py:840} INFO - DAG(s) 'example_nested_branch_dag' retrieved from /home/airflow/.local/lib/python3.12/site-packages/airflow/example_dags/example_nested_branch_dag.py
[2025-09-16T15:03:28.590+0000] {logging_mixin.py:188} INFO - [2025-09-16T15:03:28.589+0000] {dag.py:3096} INFO - Sync 1 DAGs
[2025-09-16T15:03:28.620+0000] {logging_mixin.py:188} INFO - [2025-09-16T15:03:28.620+0000] {dag.py:3954} INFO - Setting next_dagrun for example_nested_branch_dag to 2025-09-15 00:00:00+00:00, run_after=2025-09-16 00:00:00+00:00
[2025-09-16T15:03:28.648+0000] {processor.py:183} INFO - Processing /home/airflow/.local/lib/python3.12/site-packages/airflow/example_dags/example_nested_branch_dag.py took 0.116 seconds
[2025-09-16T15:03:58.926+0000] {processor.py:161} INFO - Started process (PID=351) to work on /home/airflow/.local/lib/python3.12/site-packages/airflow/example_dags/example_nested_branch_dag.py
[2025-09-16T15:03:58.928+0000] {processor.py:830} INFO - Processing file /home/airflow/.local/lib/python3.12/site-packages/airflow/example_dags/example_nested_branch_dag.py for tasks to queue
[2025-09-16T15:03:58.930+0000] {logging_mixin.py:188} INFO - [2025-09-16T15:03:58.930+0000] {dagbag.py:545} INFO - Filling up the DagBag from /home/airflow/.local/lib/python3.12/site-packages/airflow/example_dags/example_nested_branch_dag.py
[2025-09-16T15:03:58.943+0000] {processor.py:840} INFO - DAG(s) 'example_nested_branch_dag' retrieved from /home/airflow/.local/lib/python3.12/site-packages/airflow/example_dags/example_nested_branch_dag.py
[2025-09-16T15:03:58.974+0000] {logging_mixin.py:188} INFO - [2025-09-16T15:03:58.974+0000] {dag.py:3096} INFO - Sync 1 DAGs
[2025-09-16T15:03:59.005+0000] {logging_mixin.py:188} INFO - [2025-09-16T15:03:59.005+0000] {dag.py:3954} INFO - Setting next_dagrun for example_nested_branch_dag to 2025-09-15 00:00:00+00:00, run_after=2025-09-16 00:00:00+00:00
[2025-09-16T15:03:59.036+0000] {processor.py:183} INFO - Processing /home/airflow/.local/lib/python3.12/site-packages/airflow/example_dags/example_nested_branch_dag.py took 0.116 seconds
[2025-09-16T15:04:29.750+0000] {processor.py:161} INFO - Started process (PID=411) to work on /home/airflow/.local/lib/python3.12/site-packages/airflow/example_dags/example_nested_branch_dag.py
[2025-09-16T15:04:29.752+0000] {processor.py:830} INFO - Processing file /home/airflow/.local/lib/python3.12/site-packages/airflow/example_dags/example_nested_branch_dag.py for tasks to queue
[2025-09-16T15:04:29.755+0000] {logging_mixin.py:188} INFO - [2025-09-16T15:04:29.754+0000] {dagbag.py:545} INFO - Filling up the DagBag from /home/airflow/.local/lib/python3.12/site-packages/airflow/example_dags/example_nested_branch_dag.py
[2025-09-16T15:04:29.771+0000] {processor.py:840} INFO - DAG(s) 'example_nested_branch_dag' retrieved from /home/airflow/.local/lib/python3.12/site-packages/airflow/example_dags/example_nested_branch_dag.py
[2025-09-16T15:04:29.805+0000] {logging_mixin.py:188} INFO - [2025-09-16T15:04:29.805+0000] {dag.py:3096} INFO - Sync 1 DAGs
[2025-09-16T15:04:29.844+0000] {logging_mixin.py:188} INFO - [2025-09-16T15:04:29.843+0000] {dag.py:3954} INFO - Setting next_dagrun for example_nested_branch_dag to 2025-09-15 00:00:00+00:00, run_after=2025-09-16 00:00:00+00:00
[2025-09-16T15:04:29.878+0000] {processor.py:183} INFO - Processing /home/airflow/.local/lib/python3.12/site-packages/airflow/example_dags/example_nested_branch_dag.py took 0.137 seconds
[2025-09-16T15:05:00.729+0000] {processor.py:161} INFO - Started process (PID=471) to work on /home/airflow/.local/lib/python3.12/site-packages/airflow/example_dags/example_nested_branch_dag.py
[2025-09-16T15:05:00.730+0000] {processor.py:830} INFO - Processing file /home/airflow/.local/lib/python3.12/site-packages/airflow/example_dags/example_nested_branch_dag.py for tasks to queue
[2025-09-16T15:05:00.734+0000] {logging_mixin.py:188} INFO - [2025-09-16T15:05:00.733+0000] {dagbag.py:545} INFO - Filling up the DagBag from /home/airflow/.local/lib/python3.12/site-packages/airflow/example_dags/example_nested_branch_dag.py
[2025-09-16T15:05:00.747+0000] {processor.py:840} INFO - DAG(s) 'example_nested_branch_dag' retrieved from /home/airflow/.local/lib/python3.12/site-packages/airflow/example_dags/example_nested_branch_dag.py
[2025-09-16T15:05:00.778+0000] {logging_mixin.py:188} INFO - [2025-09-16T15:05:00.778+0000] {dag.py:3096} INFO - Sync 1 DAGs
[2025-09-16T15:05:00.821+0000] {logging_mixin.py:188} INFO - [2025-09-16T15:05:00.821+0000] {dag.py:3954} INFO - Setting next_dagrun for example_nested_branch_dag to 2025-09-15 00:00:00+00:00, run_after=2025-09-16 00:00:00+00:00
[2025-09-16T15:05:00.853+0000] {processor.py:183} INFO - Processing /home/airflow/.local/lib/python3.12/site-packages/airflow/example_dags/example_nested_branch_dag.py took 0.132 seconds
[2025-09-16T15:05:31.272+0000] {processor.py:161} INFO - Started process (PID=530) to work on /home/airflow/.local/lib/python3.12/site-packages/airflow/example_dags/example_nested_branch_dag.py
[2025-09-16T15:05:31.274+0000] {processor.py:830} INFO - Processing file /home/airflow/.local/lib/python3.12/site-packages/airflow/example_dags/example_nested_branch_dag.py for tasks to queue
[2025-09-16T15:05:31.277+0000] {logging_mixin.py:188} INFO - [2025-09-16T15:05:31.276+0000] {dagbag.py:545} INFO - Filling up the DagBag from /home/airflow/.local/lib/python3.12/site-packages/airflow/example_dags/example_nested_branch_dag.py
[2025-09-16T15:05:31.290+0000] {processor.py:840} INFO - DAG(s) 'example_nested_branch_dag' retrieved from /home/airflow/.local/lib/python3.12/site-packages/airflow/example_dags/example_nested_branch_dag.py
[2025-09-16T15:05:31.315+0000] {logging_mixin.py:188} INFO - [2025-09-16T15:05:31.314+0000] {dag.py:3096} INFO - Sync 1 DAGs
[2025-09-16T15:05:31.345+0000] {logging_mixin.py:188} INFO - [2025-09-16T15:05:31.344+0000] {dag.py:3954} INFO - Setting next_dagrun for example_nested_branch_dag to 2025-09-15 00:00:00+00:00, run_after=2025-09-16 00:00:00+00:00
[2025-09-16T15:05:31.389+0000] {processor.py:183} INFO - Processing /home/airflow/.local/lib/python3.12/site-packages/airflow/example_dags/example_nested_branch_dag.py took 0.124 seconds
[2025-09-16T15:06:01.834+0000] {processor.py:161} INFO - Started process (PID=590) to work on /home/airflow/.local/lib/python3.12/site-packages/airflow/example_dags/example_nested_branch_dag.py
[2025-09-16T15:06:01.835+0000] {processor.py:830} INFO - Processing file /home/airflow/.local/lib/python3.12/site-packages/airflow/example_dags/example_nested_branch_dag.py for tasks to queue
[2025-09-16T15:06:01.837+0000] {logging_mixin.py:188} INFO - [2025-09-16T15:06:01.837+0000] {dagbag.py:545} INFO - Filling up the DagBag from /home/airflow/.local/lib/python3.12/site-packages/airflow/example_dags/example_nested_branch_dag.py
[2025-09-16T15:06:01.848+0000] {processor.py:840} INFO - DAG(s) 'example_nested_branch_dag' retrieved from /home/airflow/.local/lib/python3.12/site-packages/airflow/example_dags/example_nested_branch_dag.py
[2025-09-16T15:06:01.876+0000] {logging_mixin.py:188} INFO - [2025-09-16T15:06:01.875+0000] {dag.py:3096} INFO - Sync 1 DAGs
[2025-09-16T15:06:01.905+0000] {logging_mixin.py:188} INFO - [2025-09-16T15:06:01.904+0000] {dag.py:3954} INFO - Setting next_dagrun for example_nested_branch_dag to 2025-09-15 00:00:00+00:00, run_after=2025-09-16 00:00:00+00:00
[2025-09-16T15:06:01.930+0000] {processor.py:183} INFO - Processing /home/airflow/.local/lib/python3.12/site-packages/airflow/example_dags/example_nested_branch_dag.py took 0.102 seconds
[2025-09-16T15:06:32.440+0000] {processor.py:161} INFO - Started process (PID=650) to work on /home/airflow/.local/lib/python3.12/site-packages/airflow/example_dags/example_nested_branch_dag.py
[2025-09-16T15:06:32.441+0000] {processor.py:830} INFO - Processing file /home/airflow/.local/lib/python3.12/site-packages/airflow/example_dags/example_nested_branch_dag.py for tasks to queue
[2025-09-16T15:06:32.444+0000] {logging_mixin.py:188} INFO - [2025-09-16T15:06:32.444+0000] {dagbag.py:545} INFO - Filling up the DagBag from /home/airflow/.local/lib/python3.12/site-packages/airflow/example_dags/example_nested_branch_dag.py
[2025-09-16T15:06:32.462+0000] {processor.py:840} INFO - DAG(s) 'example_nested_branch_dag' retrieved from /home/airflow/.local/lib/python3.12/site-packages/airflow/example_dags/example_nested_branch_dag.py
[2025-09-16T15:06:32.509+0000] {logging_mixin.py:188} INFO - [2025-09-16T15:06:32.508+0000] {dag.py:3096} INFO - Sync 1 DAGs
[2025-09-16T15:06:32.551+0000] {logging_mixin.py:188} INFO - [2025-09-16T15:06:32.551+0000] {dag.py:3954} INFO - Setting next_dagrun for example_nested_branch_dag to 2025-09-15 00:00:00+00:00, run_after=2025-09-16 00:00:00+00:00
[2025-09-16T15:06:32.581+0000] {processor.py:183} INFO - Processing /home/airflow/.local/lib/python3.12/site-packages/airflow/example_dags/example_nested_branch_dag.py took 0.148 seconds
[2025-09-16T15:07:02.951+0000] {processor.py:161} INFO - Started process (PID=710) to work on /home/airflow/.local/lib/python3.12/site-packages/airflow/example_dags/example_nested_branch_dag.py
[2025-09-16T15:07:02.952+0000] {processor.py:830} INFO - Processing file /home/airflow/.local/lib/python3.12/site-packages/airflow/example_dags/example_nested_branch_dag.py for tasks to queue
[2025-09-16T15:07:02.955+0000] {logging_mixin.py:188} INFO - [2025-09-16T15:07:02.954+0000] {dagbag.py:545} INFO - Filling up the DagBag from /home/airflow/.local/lib/python3.12/site-packages/airflow/example_dags/example_nested_branch_dag.py
[2025-09-16T15:07:02.967+0000] {processor.py:840} INFO - DAG(s) 'example_nested_branch_dag' retrieved from /home/airflow/.local/lib/python3.12/site-packages/airflow/example_dags/example_nested_branch_dag.py
[2025-09-16T15:07:02.991+0000] {logging_mixin.py:188} INFO - [2025-09-16T15:07:02.990+0000] {dag.py:3096} INFO - Sync 1 DAGs
[2025-09-16T15:07:03.018+0000] {logging_mixin.py:188} INFO - [2025-09-16T15:07:03.017+0000] {dag.py:3954} INFO - Setting next_dagrun for example_nested_branch_dag to 2025-09-15 00:00:00+00:00, run_after=2025-09-16 00:00:00+00:00
[2025-09-16T15:07:03.042+0000] {processor.py:183} INFO - Processing /home/airflow/.local/lib/python3.12/site-packages/airflow/example_dags/example_nested_branch_dag.py took 0.098 seconds
[2025-09-16T15:07:33.347+0000] {processor.py:161} INFO - Started process (PID=770) to work on /home/airflow/.local/lib/python3.12/site-packages/airflow/example_dags/example_nested_branch_dag.py
[2025-09-16T15:07:33.349+0000] {processor.py:830} INFO - Processing file /home/airflow/.local/lib/python3.12/site-packages/airflow/example_dags/example_nested_branch_dag.py for tasks to queue
[2025-09-16T15:07:33.351+0000] {logging_mixin.py:188} INFO - [2025-09-16T15:07:33.351+0000] {dagbag.py:545} INFO - Filling up the DagBag from /home/airflow/.local/lib/python3.12/site-packages/airflow/example_dags/example_nested_branch_dag.py
[2025-09-16T15:07:33.365+0000] {processor.py:840} INFO - DAG(s) 'example_nested_branch_dag' retrieved from /home/airflow/.local/lib/python3.12/site-packages/airflow/example_dags/example_nested_branch_dag.py
[2025-09-16T15:07:33.392+0000] {logging_mixin.py:188} INFO - [2025-09-16T15:07:33.392+0000] {dag.py:3096} INFO - Sync 1 DAGs
[2025-09-16T15:07:33.423+0000] {logging_mixin.py:188} INFO - [2025-09-16T15:07:33.423+0000] {dag.py:3954} INFO - Setting next_dagrun for example_nested_branch_dag to 2025-09-15 00:00:00+00:00, run_after=2025-09-16 00:00:00+00:00
[2025-09-16T15:07:33.448+0000] {processor.py:183} INFO - Processing /home/airflow/.local/lib/python3.12/site-packages/airflow/example_dags/example_nested_branch_dag.py took 0.109 seconds
[2025-09-16T15:08:04.109+0000] {processor.py:161} INFO - Started process (PID=830) to work on /home/airflow/.local/lib/python3.12/site-packages/airflow/example_dags/example_nested_branch_dag.py
[2025-09-16T15:08:04.111+0000] {processor.py:830} INFO - Processing file /home/airflow/.local/lib/python3.12/site-packages/airflow/example_dags/example_nested_branch_dag.py for tasks to queue
[2025-09-16T15:08:04.114+0000] {logging_mixin.py:188} INFO - [2025-09-16T15:08:04.114+0000] {dagbag.py:545} INFO - Filling up the DagBag from /home/airflow/.local/lib/python3.12/site-packages/airflow/example_dags/example_nested_branch_dag.py
[2025-09-16T15:08:04.130+0000] {processor.py:840} INFO - DAG(s) 'example_nested_branch_dag' retrieved from /home/airflow/.local/lib/python3.12/site-packages/airflow/example_dags/example_nested_branch_dag.py
[2025-09-16T15:08:04.163+0000] {logging_mixin.py:188} INFO - [2025-09-16T15:08:04.162+0000] {dag.py:3096} INFO - Sync 1 DAGs
[2025-09-16T15:08:04.197+0000] {logging_mixin.py:188} INFO - [2025-09-16T15:08:04.197+0000] {dag.py:3954} INFO - Setting next_dagrun for example_nested_branch_dag to 2025-09-15 00:00:00+00:00, run_after=2025-09-16 00:00:00+00:00
[2025-09-16T15:08:04.245+0000] {processor.py:183} INFO - Processing /home/airflow/.local/lib/python3.12/site-packages/airflow/example_dags/example_nested_branch_dag.py took 0.147 seconds
[2025-09-16T15:08:34.318+0000] {processor.py:161} INFO - Started process (PID=890) to work on /home/airflow/.local/lib/python3.12/site-packages/airflow/example_dags/example_nested_branch_dag.py
[2025-09-16T15:08:34.320+0000] {processor.py:830} INFO - Processing file /home/airflow/.local/lib/python3.12/site-packages/airflow/example_dags/example_nested_branch_dag.py for tasks to queue
[2025-09-16T15:08:34.323+0000] {logging_mixin.py:188} INFO - [2025-09-16T15:08:34.322+0000] {dagbag.py:545} INFO - Filling up the DagBag from /home/airflow/.local/lib/python3.12/site-packages/airflow/example_dags/example_nested_branch_dag.py
[2025-09-16T15:08:34.335+0000] {processor.py:840} INFO - DAG(s) 'example_nested_branch_dag' retrieved from /home/airflow/.local/lib/python3.12/site-packages/airflow/example_dags/example_nested_branch_dag.py
[2025-09-16T15:08:34.363+0000] {logging_mixin.py:188} INFO - [2025-09-16T15:08:34.363+0000] {dag.py:3096} INFO - Sync 1 DAGs
[2025-09-16T15:08:34.398+0000] {logging_mixin.py:188} INFO - [2025-09-16T15:08:34.398+0000] {dag.py:3954} INFO - Setting next_dagrun for example_nested_branch_dag to 2025-09-15 00:00:00+00:00, run_after=2025-09-16 00:00:00+00:00
[2025-09-16T15:08:34.432+0000] {processor.py:183} INFO - Processing /home/airflow/.local/lib/python3.12/site-packages/airflow/example_dags/example_nested_branch_dag.py took 0.120 seconds
[2025-09-16T15:09:04.871+0000] {processor.py:161} INFO - Started process (PID=950) to work on /home/airflow/.local/lib/python3.12/site-packages/airflow/example_dags/example_nested_branch_dag.py
[2025-09-16T15:09:04.873+0000] {processor.py:830} INFO - Processing file /home/airflow/.local/lib/python3.12/site-packages/airflow/example_dags/example_nested_branch_dag.py for tasks to queue
[2025-09-16T15:09:04.876+0000] {logging_mixin.py:188} INFO - [2025-09-16T15:09:04.876+0000] {dagbag.py:545} INFO - Filling up the DagBag from /home/airflow/.local/lib/python3.12/site-packages/airflow/example_dags/example_nested_branch_dag.py
[2025-09-16T15:09:04.895+0000] {processor.py:840} INFO - DAG(s) 'example_nested_branch_dag' retrieved from /home/airflow/.local/lib/python3.12/site-packages/airflow/example_dags/example_nested_branch_dag.py
[2025-09-16T15:09:04.925+0000] {logging_mixin.py:188} INFO - [2025-09-16T15:09:04.925+0000] {dag.py:3096} INFO - Sync 1 DAGs
[2025-09-16T15:09:04.961+0000] {logging_mixin.py:188} INFO - [2025-09-16T15:09:04.961+0000] {dag.py:3954} INFO - Setting next_dagrun for example_nested_branch_dag to 2025-09-15 00:00:00+00:00, run_after=2025-09-16 00:00:00+00:00
[2025-09-16T15:09:05.003+0000] {processor.py:183} INFO - Processing /home/airflow/.local/lib/python3.12/site-packages/airflow/example_dags/example_nested_branch_dag.py took 0.139 seconds
[2025-09-16T15:09:35.538+0000] {processor.py:161} INFO - Started process (PID=1010) to work on /home/airflow/.local/lib/python3.12/site-packages/airflow/example_dags/example_nested_branch_dag.py
[2025-09-16T15:09:35.541+0000] {processor.py:830} INFO - Processing file /home/airflow/.local/lib/python3.12/site-packages/airflow/example_dags/example_nested_branch_dag.py for tasks to queue
[2025-09-16T15:09:35.546+0000] {logging_mixin.py:188} INFO - [2025-09-16T15:09:35.545+0000] {dagbag.py:545} INFO - Filling up the DagBag from /home/airflow/.local/lib/python3.12/site-packages/airflow/example_dags/example_nested_branch_dag.py
[2025-09-16T15:09:35.566+0000] {processor.py:840} INFO - DAG(s) 'example_nested_branch_dag' retrieved from /home/airflow/.local/lib/python3.12/site-packages/airflow/example_dags/example_nested_branch_dag.py
[2025-09-16T15:09:35.600+0000] {logging_mixin.py:188} INFO - [2025-09-16T15:09:35.599+0000] {dag.py:3096} INFO - Sync 1 DAGs
[2025-09-16T15:09:35.632+0000] {logging_mixin.py:188} INFO - [2025-09-16T15:09:35.632+0000] {dag.py:3954} INFO - Setting next_dagrun for example_nested_branch_dag to 2025-09-15 00:00:00+00:00, run_after=2025-09-16 00:00:00+00:00
[2025-09-16T15:09:35.671+0000] {processor.py:183} INFO - Processing /home/airflow/.local/lib/python3.12/site-packages/airflow/example_dags/example_nested_branch_dag.py took 0.142 seconds
[2025-09-16T15:10:06.840+0000] {processor.py:161} INFO - Started process (PID=1070) to work on /home/airflow/.local/lib/python3.12/site-packages/airflow/example_dags/example_nested_branch_dag.py
[2025-09-16T15:10:06.842+0000] {processor.py:830} INFO - Processing file /home/airflow/.local/lib/python3.12/site-packages/airflow/example_dags/example_nested_branch_dag.py for tasks to queue
[2025-09-16T15:10:06.845+0000] {logging_mixin.py:188} INFO - [2025-09-16T15:10:06.845+0000] {dagbag.py:545} INFO - Filling up the DagBag from /home/airflow/.local/lib/python3.12/site-packages/airflow/example_dags/example_nested_branch_dag.py
[2025-09-16T15:10:06.862+0000] {processor.py:840} INFO - DAG(s) 'example_nested_branch_dag' retrieved from /home/airflow/.local/lib/python3.12/site-packages/airflow/example_dags/example_nested_branch_dag.py
[2025-09-16T15:10:06.895+0000] {logging_mixin.py:188} INFO - [2025-09-16T15:10:06.894+0000] {dag.py:3096} INFO - Sync 1 DAGs
[2025-09-16T15:10:06.938+0000] {logging_mixin.py:188} INFO - [2025-09-16T15:10:06.937+0000] {dag.py:3954} INFO - Setting next_dagrun for example_nested_branch_dag to 2025-09-15 00:00:00+00:00, run_after=2025-09-16 00:00:00+00:00
[2025-09-16T15:10:06.974+0000] {processor.py:183} INFO - Processing /home/airflow/.local/lib/python3.12/site-packages/airflow/example_dags/example_nested_branch_dag.py took 0.144 seconds
[2025-09-16T15:10:37.228+0000] {processor.py:161} INFO - Started process (PID=1130) to work on /home/airflow/.local/lib/python3.12/site-packages/airflow/example_dags/example_nested_branch_dag.py
[2025-09-16T15:10:37.230+0000] {processor.py:830} INFO - Processing file /home/airflow/.local/lib/python3.12/site-packages/airflow/example_dags/example_nested_branch_dag.py for tasks to queue
[2025-09-16T15:10:37.238+0000] {logging_mixin.py:188} INFO - [2025-09-16T15:10:37.236+0000] {dagbag.py:545} INFO - Filling up the DagBag from /home/airflow/.local/lib/python3.12/site-packages/airflow/example_dags/example_nested_branch_dag.py
[2025-09-16T15:10:37.258+0000] {processor.py:840} INFO - DAG(s) 'example_nested_branch_dag' retrieved from /home/airflow/.local/lib/python3.12/site-packages/airflow/example_dags/example_nested_branch_dag.py
[2025-09-16T15:10:37.295+0000] {logging_mixin.py:188} INFO - [2025-09-16T15:10:37.295+0000] {dag.py:3096} INFO - Sync 1 DAGs
[2025-09-16T15:10:37.332+0000] {logging_mixin.py:188} INFO - [2025-09-16T15:10:37.331+0000] {dag.py:3954} INFO - Setting next_dagrun for example_nested_branch_dag to 2025-09-15 00:00:00+00:00, run_after=2025-09-16 00:00:00+00:00
[2025-09-16T15:10:37.367+0000] {processor.py:183} INFO - Processing /home/airflow/.local/lib/python3.12/site-packages/airflow/example_dags/example_nested_branch_dag.py took 0.150 seconds
[2025-09-16T15:11:07.581+0000] {processor.py:161} INFO - Started process (PID=1188) to work on /home/airflow/.local/lib/python3.12/site-packages/airflow/example_dags/example_nested_branch_dag.py
[2025-09-16T15:11:07.582+0000] {processor.py:830} INFO - Processing file /home/airflow/.local/lib/python3.12/site-packages/airflow/example_dags/example_nested_branch_dag.py for tasks to queue
[2025-09-16T15:11:07.585+0000] {logging_mixin.py:188} INFO - [2025-09-16T15:11:07.584+0000] {dagbag.py:545} INFO - Filling up the DagBag from /home/airflow/.local/lib/python3.12/site-packages/airflow/example_dags/example_nested_branch_dag.py
[2025-09-16T15:11:07.596+0000] {processor.py:840} INFO - DAG(s) 'example_nested_branch_dag' retrieved from /home/airflow/.local/lib/python3.12/site-packages/airflow/example_dags/example_nested_branch_dag.py
[2025-09-16T15:11:07.621+0000] {logging_mixin.py:188} INFO - [2025-09-16T15:11:07.621+0000] {dag.py:3096} INFO - Sync 1 DAGs
[2025-09-16T15:11:07.649+0000] {logging_mixin.py:188} INFO - [2025-09-16T15:11:07.648+0000] {dag.py:3954} INFO - Setting next_dagrun for example_nested_branch_dag to 2025-09-15 00:00:00+00:00, run_after=2025-09-16 00:00:00+00:00
[2025-09-16T15:11:07.672+0000] {processor.py:183} INFO - Processing /home/airflow/.local/lib/python3.12/site-packages/airflow/example_dags/example_nested_branch_dag.py took 0.098 seconds
[2025-09-16T15:11:38.238+0000] {processor.py:161} INFO - Started process (PID=1248) to work on /home/airflow/.local/lib/python3.12/site-packages/airflow/example_dags/example_nested_branch_dag.py
[2025-09-16T15:11:38.239+0000] {processor.py:830} INFO - Processing file /home/airflow/.local/lib/python3.12/site-packages/airflow/example_dags/example_nested_branch_dag.py for tasks to queue
[2025-09-16T15:11:38.242+0000] {logging_mixin.py:188} INFO - [2025-09-16T15:11:38.242+0000] {dagbag.py:545} INFO - Filling up the DagBag from /home/airflow/.local/lib/python3.12/site-packages/airflow/example_dags/example_nested_branch_dag.py
[2025-09-16T15:11:38.256+0000] {processor.py:840} INFO - DAG(s) 'example_nested_branch_dag' retrieved from /home/airflow/.local/lib/python3.12/site-packages/airflow/example_dags/example_nested_branch_dag.py
[2025-09-16T15:11:38.291+0000] {logging_mixin.py:188} INFO - [2025-09-16T15:11:38.290+0000] {dag.py:3096} INFO - Sync 1 DAGs
[2025-09-16T15:11:38.324+0000] {logging_mixin.py:188} INFO - [2025-09-16T15:11:38.324+0000] {dag.py:3954} INFO - Setting next_dagrun for example_nested_branch_dag to 2025-09-15 00:00:00+00:00, run_after=2025-09-16 00:00:00+00:00
[2025-09-16T15:11:38.353+0000] {processor.py:183} INFO - Processing /home/airflow/.local/lib/python3.12/site-packages/airflow/example_dags/example_nested_branch_dag.py took 0.123 seconds
[2025-09-16T15:12:08.463+0000] {processor.py:161} INFO - Started process (PID=1308) to work on /home/airflow/.local/lib/python3.12/site-packages/airflow/example_dags/example_nested_branch_dag.py
[2025-09-16T15:12:08.465+0000] {processor.py:830} INFO - Processing file /home/airflow/.local/lib/python3.12/site-packages/airflow/example_dags/example_nested_branch_dag.py for tasks to queue
[2025-09-16T15:12:08.468+0000] {logging_mixin.py:188} INFO - [2025-09-16T15:12:08.467+0000] {dagbag.py:545} INFO - Filling up the DagBag from /home/airflow/.local/lib/python3.12/site-packages/airflow/example_dags/example_nested_branch_dag.py
[2025-09-16T15:12:08.483+0000] {processor.py:840} INFO - DAG(s) 'example_nested_branch_dag' retrieved from /home/airflow/.local/lib/python3.12/site-packages/airflow/example_dags/example_nested_branch_dag.py
[2025-09-16T15:12:08.519+0000] {logging_mixin.py:188} INFO - [2025-09-16T15:12:08.519+0000] {dag.py:3096} INFO - Sync 1 DAGs
[2025-09-16T15:12:08.558+0000] {logging_mixin.py:188} INFO - [2025-09-16T15:12:08.558+0000] {dag.py:3954} INFO - Setting next_dagrun for example_nested_branch_dag to 2025-09-15 00:00:00+00:00, run_after=2025-09-16 00:00:00+00:00
[2025-09-16T15:12:08.585+0000] {processor.py:183} INFO - Processing /home/airflow/.local/lib/python3.12/site-packages/airflow/example_dags/example_nested_branch_dag.py took 0.130 seconds
[2025-09-16T15:12:38.829+0000] {processor.py:161} INFO - Started process (PID=1368) to work on /home/airflow/.local/lib/python3.12/site-packages/airflow/example_dags/example_nested_branch_dag.py
[2025-09-16T15:12:38.831+0000] {processor.py:830} INFO - Processing file /home/airflow/.local/lib/python3.12/site-packages/airflow/example_dags/example_nested_branch_dag.py for tasks to queue
[2025-09-16T15:12:38.833+0000] {logging_mixin.py:188} INFO - [2025-09-16T15:12:38.833+0000] {dagbag.py:545} INFO - Filling up the DagBag from /home/airflow/.local/lib/python3.12/site-packages/airflow/example_dags/example_nested_branch_dag.py
[2025-09-16T15:12:38.845+0000] {processor.py:840} INFO - DAG(s) 'example_nested_branch_dag' retrieved from /home/airflow/.local/lib/python3.12/site-packages/airflow/example_dags/example_nested_branch_dag.py
[2025-09-16T15:12:38.873+0000] {logging_mixin.py:188} INFO - [2025-09-16T15:12:38.873+0000] {dag.py:3096} INFO - Sync 1 DAGs
[2025-09-16T15:12:38.903+0000] {logging_mixin.py:188} INFO - [2025-09-16T15:12:38.903+0000] {dag.py:3954} INFO - Setting next_dagrun for example_nested_branch_dag to 2025-09-15 00:00:00+00:00, run_after=2025-09-16 00:00:00+00:00
[2025-09-16T15:12:38.948+0000] {processor.py:183} INFO - Processing /home/airflow/.local/lib/python3.12/site-packages/airflow/example_dags/example_nested_branch_dag.py took 0.126 seconds
[2025-09-16T15:13:09.457+0000] {processor.py:161} INFO - Started process (PID=1428) to work on /home/airflow/.local/lib/python3.12/site-packages/airflow/example_dags/example_nested_branch_dag.py
[2025-09-16T15:13:09.459+0000] {processor.py:830} INFO - Processing file /home/airflow/.local/lib/python3.12/site-packages/airflow/example_dags/example_nested_branch_dag.py for tasks to queue
[2025-09-16T15:13:09.461+0000] {logging_mixin.py:188} INFO - [2025-09-16T15:13:09.461+0000] {dagbag.py:545} INFO - Filling up the DagBag from /home/airflow/.local/lib/python3.12/site-packages/airflow/example_dags/example_nested_branch_dag.py
[2025-09-16T15:13:09.474+0000] {processor.py:840} INFO - DAG(s) 'example_nested_branch_dag' retrieved from /home/airflow/.local/lib/python3.12/site-packages/airflow/example_dags/example_nested_branch_dag.py
[2025-09-16T15:13:09.502+0000] {logging_mixin.py:188} INFO - [2025-09-16T15:13:09.502+0000] {dag.py:3096} INFO - Sync 1 DAGs
[2025-09-16T15:13:09.536+0000] {logging_mixin.py:188} INFO - [2025-09-16T15:13:09.536+0000] {dag.py:3954} INFO - Setting next_dagrun for example_nested_branch_dag to 2025-09-15 00:00:00+00:00, run_after=2025-09-16 00:00:00+00:00
[2025-09-16T15:13:09.567+0000] {processor.py:183} INFO - Processing /home/airflow/.local/lib/python3.12/site-packages/airflow/example_dags/example_nested_branch_dag.py took 0.117 seconds
[2025-09-16T15:13:39.695+0000] {processor.py:161} INFO - Started process (PID=1488) to work on /home/airflow/.local/lib/python3.12/site-packages/airflow/example_dags/example_nested_branch_dag.py
[2025-09-16T15:13:39.696+0000] {processor.py:830} INFO - Processing file /home/airflow/.local/lib/python3.12/site-packages/airflow/example_dags/example_nested_branch_dag.py for tasks to queue
[2025-09-16T15:13:39.700+0000] {logging_mixin.py:188} INFO - [2025-09-16T15:13:39.699+0000] {dagbag.py:545} INFO - Filling up the DagBag from /home/airflow/.local/lib/python3.12/site-packages/airflow/example_dags/example_nested_branch_dag.py
[2025-09-16T15:13:39.711+0000] {processor.py:840} INFO - DAG(s) 'example_nested_branch_dag' retrieved from /home/airflow/.local/lib/python3.12/site-packages/airflow/example_dags/example_nested_branch_dag.py
[2025-09-16T15:13:39.738+0000] {logging_mixin.py:188} INFO - [2025-09-16T15:13:39.737+0000] {dag.py:3096} INFO - Sync 1 DAGs
[2025-09-16T15:13:39.765+0000] {logging_mixin.py:188} INFO - [2025-09-16T15:13:39.765+0000] {dag.py:3954} INFO - Setting next_dagrun for example_nested_branch_dag to 2025-09-15 00:00:00+00:00, run_after=2025-09-16 00:00:00+00:00
[2025-09-16T15:13:39.789+0000] {processor.py:183} INFO - Processing /home/airflow/.local/lib/python3.12/site-packages/airflow/example_dags/example_nested_branch_dag.py took 0.101 seconds
