[2025-09-16T14:07:53.826+0000] {processor.py:161} INFO - Started process (PID=142) to work on /home/airflow/.local/lib/python3.12/site-packages/airflow/example_dags/example_branch_labels.py
[2025-09-16T14:07:53.833+0000] {processor.py:830} INFO - Processing file /home/airflow/.local/lib/python3.12/site-packages/airflow/example_dags/example_branch_labels.py for tasks to queue
[2025-09-16T14:07:53.849+0000] {logging_mixin.py:188} INFO - [2025-09-16T14:07:53.848+0000] {dagbag.py:545} INFO - Filling up the DagBag from /home/airflow/.local/lib/python3.12/site-packages/airflow/example_dags/example_branch_labels.py
[2025-09-16T14:07:53.936+0000] {processor.py:840} INFO - DAG(s) 'example_branch_labels' retrieved from /home/airflow/.local/lib/python3.12/site-packages/airflow/example_dags/example_branch_labels.py
[2025-09-16T14:07:54.056+0000] {logging_mixin.py:188} INFO - [2025-09-16T14:07:54.056+0000] {dag.py:3096} INFO - Sync 1 DAGs
[2025-09-16T14:07:54.175+0000] {logging_mixin.py:188} INFO - [2025-09-16T14:07:54.175+0000] {dag.py:3954} INFO - Setting next_dagrun for example_branch_labels to 2025-09-15 00:00:00+00:00, run_after=2025-09-16 00:00:00+00:00
[2025-09-16T14:07:54.217+0000] {processor.py:183} INFO - Processing /home/airflow/.local/lib/python3.12/site-packages/airflow/example_dags/example_branch_labels.py took 0.500 seconds
[2025-09-16T14:08:24.610+0000] {processor.py:161} INFO - Started process (PID=202) to work on /home/airflow/.local/lib/python3.12/site-packages/airflow/example_dags/example_branch_labels.py
[2025-09-16T14:08:24.611+0000] {processor.py:830} INFO - Processing file /home/airflow/.local/lib/python3.12/site-packages/airflow/example_dags/example_branch_labels.py for tasks to queue
[2025-09-16T14:08:24.614+0000] {logging_mixin.py:188} INFO - [2025-09-16T14:08:24.614+0000] {dagbag.py:545} INFO - Filling up the DagBag from /home/airflow/.local/lib/python3.12/site-packages/airflow/example_dags/example_branch_labels.py
[2025-09-16T14:08:24.623+0000] {processor.py:840} INFO - DAG(s) 'example_branch_labels' retrieved from /home/airflow/.local/lib/python3.12/site-packages/airflow/example_dags/example_branch_labels.py
[2025-09-16T14:08:24.768+0000] {logging_mixin.py:188} INFO - [2025-09-16T14:08:24.767+0000] {dag.py:3096} INFO - Sync 1 DAGs
[2025-09-16T14:08:24.800+0000] {logging_mixin.py:188} INFO - [2025-09-16T14:08:24.799+0000] {dag.py:3954} INFO - Setting next_dagrun for example_branch_labels to 2025-09-15 00:00:00+00:00, run_after=2025-09-16 00:00:00+00:00
[2025-09-16T14:08:24.829+0000] {processor.py:183} INFO - Processing /home/airflow/.local/lib/python3.12/site-packages/airflow/example_dags/example_branch_labels.py took 0.226 seconds
[2025-09-16T14:08:55.673+0000] {processor.py:161} INFO - Started process (PID=262) to work on /home/airflow/.local/lib/python3.12/site-packages/airflow/example_dags/example_branch_labels.py
[2025-09-16T14:08:55.675+0000] {processor.py:830} INFO - Processing file /home/airflow/.local/lib/python3.12/site-packages/airflow/example_dags/example_branch_labels.py for tasks to queue
[2025-09-16T14:08:55.678+0000] {logging_mixin.py:188} INFO - [2025-09-16T14:08:55.678+0000] {dagbag.py:545} INFO - Filling up the DagBag from /home/airflow/.local/lib/python3.12/site-packages/airflow/example_dags/example_branch_labels.py
[2025-09-16T14:08:55.689+0000] {processor.py:840} INFO - DAG(s) 'example_branch_labels' retrieved from /home/airflow/.local/lib/python3.12/site-packages/airflow/example_dags/example_branch_labels.py
[2025-09-16T14:08:55.721+0000] {logging_mixin.py:188} INFO - [2025-09-16T14:08:55.720+0000] {dag.py:3096} INFO - Sync 1 DAGs
[2025-09-16T14:08:55.752+0000] {logging_mixin.py:188} INFO - [2025-09-16T14:08:55.752+0000] {dag.py:3954} INFO - Setting next_dagrun for example_branch_labels to 2025-09-15 00:00:00+00:00, run_after=2025-09-16 00:00:00+00:00
[2025-09-16T14:08:55.782+0000] {processor.py:183} INFO - Processing /home/airflow/.local/lib/python3.12/site-packages/airflow/example_dags/example_branch_labels.py took 0.117 seconds
[2025-09-16T14:09:26.771+0000] {processor.py:161} INFO - Started process (PID=322) to work on /home/airflow/.local/lib/python3.12/site-packages/airflow/example_dags/example_branch_labels.py
[2025-09-16T14:09:26.773+0000] {processor.py:830} INFO - Processing file /home/airflow/.local/lib/python3.12/site-packages/airflow/example_dags/example_branch_labels.py for tasks to queue
[2025-09-16T14:09:26.776+0000] {logging_mixin.py:188} INFO - [2025-09-16T14:09:26.776+0000] {dagbag.py:545} INFO - Filling up the DagBag from /home/airflow/.local/lib/python3.12/site-packages/airflow/example_dags/example_branch_labels.py
[2025-09-16T14:09:26.789+0000] {processor.py:840} INFO - DAG(s) 'example_branch_labels' retrieved from /home/airflow/.local/lib/python3.12/site-packages/airflow/example_dags/example_branch_labels.py
[2025-09-16T14:09:26.828+0000] {logging_mixin.py:188} INFO - [2025-09-16T14:09:26.827+0000] {dag.py:3096} INFO - Sync 1 DAGs
[2025-09-16T14:09:26.862+0000] {logging_mixin.py:188} INFO - [2025-09-16T14:09:26.862+0000] {dag.py:3954} INFO - Setting next_dagrun for example_branch_labels to 2025-09-15 00:00:00+00:00, run_after=2025-09-16 00:00:00+00:00
[2025-09-16T14:09:26.891+0000] {processor.py:183} INFO - Processing /home/airflow/.local/lib/python3.12/site-packages/airflow/example_dags/example_branch_labels.py took 0.131 seconds
[2025-09-16T14:09:58.002+0000] {processor.py:161} INFO - Started process (PID=382) to work on /home/airflow/.local/lib/python3.12/site-packages/airflow/example_dags/example_branch_labels.py
[2025-09-16T14:09:58.004+0000] {processor.py:830} INFO - Processing file /home/airflow/.local/lib/python3.12/site-packages/airflow/example_dags/example_branch_labels.py for tasks to queue
[2025-09-16T14:09:58.008+0000] {logging_mixin.py:188} INFO - [2025-09-16T14:09:58.007+0000] {dagbag.py:545} INFO - Filling up the DagBag from /home/airflow/.local/lib/python3.12/site-packages/airflow/example_dags/example_branch_labels.py
[2025-09-16T14:09:58.019+0000] {processor.py:840} INFO - DAG(s) 'example_branch_labels' retrieved from /home/airflow/.local/lib/python3.12/site-packages/airflow/example_dags/example_branch_labels.py
[2025-09-16T14:09:58.056+0000] {logging_mixin.py:188} INFO - [2025-09-16T14:09:58.055+0000] {dag.py:3096} INFO - Sync 1 DAGs
[2025-09-16T14:09:58.096+0000] {logging_mixin.py:188} INFO - [2025-09-16T14:09:58.096+0000] {dag.py:3954} INFO - Setting next_dagrun for example_branch_labels to 2025-09-15 00:00:00+00:00, run_after=2025-09-16 00:00:00+00:00
[2025-09-16T14:09:58.131+0000] {processor.py:183} INFO - Processing /home/airflow/.local/lib/python3.12/site-packages/airflow/example_dags/example_branch_labels.py took 0.137 seconds
[2025-09-16T14:10:28.302+0000] {processor.py:161} INFO - Started process (PID=440) to work on /home/airflow/.local/lib/python3.12/site-packages/airflow/example_dags/example_branch_labels.py
[2025-09-16T14:10:28.314+0000] {processor.py:830} INFO - Processing file /home/airflow/.local/lib/python3.12/site-packages/airflow/example_dags/example_branch_labels.py for tasks to queue
[2025-09-16T14:10:28.330+0000] {logging_mixin.py:188} INFO - [2025-09-16T14:10:28.329+0000] {dagbag.py:545} INFO - Filling up the DagBag from /home/airflow/.local/lib/python3.12/site-packages/airflow/example_dags/example_branch_labels.py
[2025-09-16T14:10:28.374+0000] {processor.py:840} INFO - DAG(s) 'example_branch_labels' retrieved from /home/airflow/.local/lib/python3.12/site-packages/airflow/example_dags/example_branch_labels.py
[2025-09-16T14:10:28.459+0000] {logging_mixin.py:188} INFO - [2025-09-16T14:10:28.458+0000] {dag.py:3096} INFO - Sync 1 DAGs
[2025-09-16T14:10:28.506+0000] {logging_mixin.py:188} INFO - [2025-09-16T14:10:28.505+0000] {dag.py:3954} INFO - Setting next_dagrun for example_branch_labels to 2025-09-15 00:00:00+00:00, run_after=2025-09-16 00:00:00+00:00
[2025-09-16T14:10:28.540+0000] {processor.py:183} INFO - Processing /home/airflow/.local/lib/python3.12/site-packages/airflow/example_dags/example_branch_labels.py took 0.248 seconds
[2025-09-16T14:10:58.810+0000] {processor.py:161} INFO - Started process (PID=500) to work on /home/airflow/.local/lib/python3.12/site-packages/airflow/example_dags/example_branch_labels.py
[2025-09-16T14:10:58.812+0000] {processor.py:830} INFO - Processing file /home/airflow/.local/lib/python3.12/site-packages/airflow/example_dags/example_branch_labels.py for tasks to queue
[2025-09-16T14:10:58.814+0000] {logging_mixin.py:188} INFO - [2025-09-16T14:10:58.814+0000] {dagbag.py:545} INFO - Filling up the DagBag from /home/airflow/.local/lib/python3.12/site-packages/airflow/example_dags/example_branch_labels.py
[2025-09-16T14:10:58.825+0000] {processor.py:840} INFO - DAG(s) 'example_branch_labels' retrieved from /home/airflow/.local/lib/python3.12/site-packages/airflow/example_dags/example_branch_labels.py
[2025-09-16T14:10:58.850+0000] {logging_mixin.py:188} INFO - [2025-09-16T14:10:58.850+0000] {dag.py:3096} INFO - Sync 1 DAGs
[2025-09-16T14:10:58.880+0000] {logging_mixin.py:188} INFO - [2025-09-16T14:10:58.880+0000] {dag.py:3954} INFO - Setting next_dagrun for example_branch_labels to 2025-09-15 00:00:00+00:00, run_after=2025-09-16 00:00:00+00:00
[2025-09-16T14:10:58.928+0000] {processor.py:183} INFO - Processing /home/airflow/.local/lib/python3.12/site-packages/airflow/example_dags/example_branch_labels.py took 0.126 seconds
[2025-09-16T14:11:29.395+0000] {processor.py:161} INFO - Started process (PID=560) to work on /home/airflow/.local/lib/python3.12/site-packages/airflow/example_dags/example_branch_labels.py
[2025-09-16T14:11:29.397+0000] {processor.py:830} INFO - Processing file /home/airflow/.local/lib/python3.12/site-packages/airflow/example_dags/example_branch_labels.py for tasks to queue
[2025-09-16T14:11:29.399+0000] {logging_mixin.py:188} INFO - [2025-09-16T14:11:29.399+0000] {dagbag.py:545} INFO - Filling up the DagBag from /home/airflow/.local/lib/python3.12/site-packages/airflow/example_dags/example_branch_labels.py
[2025-09-16T14:11:29.410+0000] {processor.py:840} INFO - DAG(s) 'example_branch_labels' retrieved from /home/airflow/.local/lib/python3.12/site-packages/airflow/example_dags/example_branch_labels.py
[2025-09-16T14:11:29.439+0000] {logging_mixin.py:188} INFO - [2025-09-16T14:11:29.438+0000] {dag.py:3096} INFO - Sync 1 DAGs
[2025-09-16T14:11:29.473+0000] {logging_mixin.py:188} INFO - [2025-09-16T14:11:29.472+0000] {dag.py:3954} INFO - Setting next_dagrun for example_branch_labels to 2025-09-15 00:00:00+00:00, run_after=2025-09-16 00:00:00+00:00
[2025-09-16T14:11:29.535+0000] {processor.py:183} INFO - Processing /home/airflow/.local/lib/python3.12/site-packages/airflow/example_dags/example_branch_labels.py took 0.148 seconds
[2025-09-16T14:12:00.321+0000] {processor.py:161} INFO - Started process (PID=620) to work on /home/airflow/.local/lib/python3.12/site-packages/airflow/example_dags/example_branch_labels.py
[2025-09-16T14:12:00.323+0000] {processor.py:830} INFO - Processing file /home/airflow/.local/lib/python3.12/site-packages/airflow/example_dags/example_branch_labels.py for tasks to queue
[2025-09-16T14:12:00.327+0000] {logging_mixin.py:188} INFO - [2025-09-16T14:12:00.327+0000] {dagbag.py:545} INFO - Filling up the DagBag from /home/airflow/.local/lib/python3.12/site-packages/airflow/example_dags/example_branch_labels.py
[2025-09-16T14:12:00.348+0000] {processor.py:840} INFO - DAG(s) 'example_branch_labels' retrieved from /home/airflow/.local/lib/python3.12/site-packages/airflow/example_dags/example_branch_labels.py
[2025-09-16T14:12:00.394+0000] {logging_mixin.py:188} INFO - [2025-09-16T14:12:00.394+0000] {dag.py:3096} INFO - Sync 1 DAGs
[2025-09-16T14:12:00.444+0000] {logging_mixin.py:188} INFO - [2025-09-16T14:12:00.444+0000] {dag.py:3954} INFO - Setting next_dagrun for example_branch_labels to 2025-09-15 00:00:00+00:00, run_after=2025-09-16 00:00:00+00:00
[2025-09-16T14:12:00.497+0000] {processor.py:183} INFO - Processing /home/airflow/.local/lib/python3.12/site-packages/airflow/example_dags/example_branch_labels.py took 0.190 seconds
[2025-09-16T14:12:30.975+0000] {processor.py:161} INFO - Started process (PID=680) to work on /home/airflow/.local/lib/python3.12/site-packages/airflow/example_dags/example_branch_labels.py
[2025-09-16T14:12:30.977+0000] {processor.py:830} INFO - Processing file /home/airflow/.local/lib/python3.12/site-packages/airflow/example_dags/example_branch_labels.py for tasks to queue
[2025-09-16T14:12:30.980+0000] {logging_mixin.py:188} INFO - [2025-09-16T14:12:30.979+0000] {dagbag.py:545} INFO - Filling up the DagBag from /home/airflow/.local/lib/python3.12/site-packages/airflow/example_dags/example_branch_labels.py
[2025-09-16T14:12:30.991+0000] {processor.py:840} INFO - DAG(s) 'example_branch_labels' retrieved from /home/airflow/.local/lib/python3.12/site-packages/airflow/example_dags/example_branch_labels.py
[2025-09-16T14:12:31.020+0000] {logging_mixin.py:188} INFO - [2025-09-16T14:12:31.019+0000] {dag.py:3096} INFO - Sync 1 DAGs
[2025-09-16T14:12:31.055+0000] {logging_mixin.py:188} INFO - [2025-09-16T14:12:31.055+0000] {dag.py:3954} INFO - Setting next_dagrun for example_branch_labels to 2025-09-15 00:00:00+00:00, run_after=2025-09-16 00:00:00+00:00
[2025-09-16T14:12:31.091+0000] {processor.py:183} INFO - Processing /home/airflow/.local/lib/python3.12/site-packages/airflow/example_dags/example_branch_labels.py took 0.125 seconds
[2025-09-16T14:13:01.344+0000] {processor.py:161} INFO - Started process (PID=740) to work on /home/airflow/.local/lib/python3.12/site-packages/airflow/example_dags/example_branch_labels.py
[2025-09-16T14:13:01.346+0000] {processor.py:830} INFO - Processing file /home/airflow/.local/lib/python3.12/site-packages/airflow/example_dags/example_branch_labels.py for tasks to queue
[2025-09-16T14:13:01.349+0000] {logging_mixin.py:188} INFO - [2025-09-16T14:13:01.348+0000] {dagbag.py:545} INFO - Filling up the DagBag from /home/airflow/.local/lib/python3.12/site-packages/airflow/example_dags/example_branch_labels.py
[2025-09-16T14:13:01.360+0000] {processor.py:840} INFO - DAG(s) 'example_branch_labels' retrieved from /home/airflow/.local/lib/python3.12/site-packages/airflow/example_dags/example_branch_labels.py
[2025-09-16T14:13:01.388+0000] {logging_mixin.py:188} INFO - [2025-09-16T14:13:01.388+0000] {dag.py:3096} INFO - Sync 1 DAGs
[2025-09-16T14:13:01.420+0000] {logging_mixin.py:188} INFO - [2025-09-16T14:13:01.419+0000] {dag.py:3954} INFO - Setting next_dagrun for example_branch_labels to 2025-09-15 00:00:00+00:00, run_after=2025-09-16 00:00:00+00:00
[2025-09-16T14:13:01.470+0000] {processor.py:183} INFO - Processing /home/airflow/.local/lib/python3.12/site-packages/airflow/example_dags/example_branch_labels.py took 0.133 seconds
[2025-09-16T14:13:31.925+0000] {processor.py:161} INFO - Started process (PID=800) to work on /home/airflow/.local/lib/python3.12/site-packages/airflow/example_dags/example_branch_labels.py
[2025-09-16T14:13:31.927+0000] {processor.py:830} INFO - Processing file /home/airflow/.local/lib/python3.12/site-packages/airflow/example_dags/example_branch_labels.py for tasks to queue
[2025-09-16T14:13:31.930+0000] {logging_mixin.py:188} INFO - [2025-09-16T14:13:31.930+0000] {dagbag.py:545} INFO - Filling up the DagBag from /home/airflow/.local/lib/python3.12/site-packages/airflow/example_dags/example_branch_labels.py
[2025-09-16T14:13:31.943+0000] {processor.py:840} INFO - DAG(s) 'example_branch_labels' retrieved from /home/airflow/.local/lib/python3.12/site-packages/airflow/example_dags/example_branch_labels.py
[2025-09-16T14:13:31.982+0000] {logging_mixin.py:188} INFO - [2025-09-16T14:13:31.981+0000] {dag.py:3096} INFO - Sync 1 DAGs
[2025-09-16T14:13:32.018+0000] {logging_mixin.py:188} INFO - [2025-09-16T14:13:32.017+0000] {dag.py:3954} INFO - Setting next_dagrun for example_branch_labels to 2025-09-15 00:00:00+00:00, run_after=2025-09-16 00:00:00+00:00
[2025-09-16T14:13:32.051+0000] {processor.py:183} INFO - Processing /home/airflow/.local/lib/python3.12/site-packages/airflow/example_dags/example_branch_labels.py took 0.135 seconds
[2025-09-16T14:14:02.500+0000] {processor.py:161} INFO - Started process (PID=866) to work on /home/airflow/.local/lib/python3.12/site-packages/airflow/example_dags/example_branch_labels.py
[2025-09-16T14:14:02.501+0000] {processor.py:830} INFO - Processing file /home/airflow/.local/lib/python3.12/site-packages/airflow/example_dags/example_branch_labels.py for tasks to queue
[2025-09-16T14:14:02.505+0000] {logging_mixin.py:188} INFO - [2025-09-16T14:14:02.504+0000] {dagbag.py:545} INFO - Filling up the DagBag from /home/airflow/.local/lib/python3.12/site-packages/airflow/example_dags/example_branch_labels.py
[2025-09-16T14:14:02.516+0000] {processor.py:840} INFO - DAG(s) 'example_branch_labels' retrieved from /home/airflow/.local/lib/python3.12/site-packages/airflow/example_dags/example_branch_labels.py
[2025-09-16T14:14:02.548+0000] {logging_mixin.py:188} INFO - [2025-09-16T14:14:02.548+0000] {dag.py:3096} INFO - Sync 1 DAGs
[2025-09-16T14:14:02.585+0000] {logging_mixin.py:188} INFO - [2025-09-16T14:14:02.584+0000] {dag.py:3954} INFO - Setting next_dagrun for example_branch_labels to 2025-09-15 00:00:00+00:00, run_after=2025-09-16 00:00:00+00:00
[2025-09-16T14:14:02.627+0000] {processor.py:183} INFO - Processing /home/airflow/.local/lib/python3.12/site-packages/airflow/example_dags/example_branch_labels.py took 0.137 seconds
[2025-09-16T14:14:32.912+0000] {processor.py:161} INFO - Started process (PID=930) to work on /home/airflow/.local/lib/python3.12/site-packages/airflow/example_dags/example_branch_labels.py
[2025-09-16T14:14:32.914+0000] {processor.py:830} INFO - Processing file /home/airflow/.local/lib/python3.12/site-packages/airflow/example_dags/example_branch_labels.py for tasks to queue
[2025-09-16T14:14:32.917+0000] {logging_mixin.py:188} INFO - [2025-09-16T14:14:32.917+0000] {dagbag.py:545} INFO - Filling up the DagBag from /home/airflow/.local/lib/python3.12/site-packages/airflow/example_dags/example_branch_labels.py
[2025-09-16T14:14:32.932+0000] {processor.py:840} INFO - DAG(s) 'example_branch_labels' retrieved from /home/airflow/.local/lib/python3.12/site-packages/airflow/example_dags/example_branch_labels.py
[2025-09-16T14:14:32.967+0000] {logging_mixin.py:188} INFO - [2025-09-16T14:14:32.967+0000] {dag.py:3096} INFO - Sync 1 DAGs
[2025-09-16T14:14:33.005+0000] {logging_mixin.py:188} INFO - [2025-09-16T14:14:33.005+0000] {dag.py:3954} INFO - Setting next_dagrun for example_branch_labels to 2025-09-15 00:00:00+00:00, run_after=2025-09-16 00:00:00+00:00
[2025-09-16T14:14:33.037+0000] {processor.py:183} INFO - Processing /home/airflow/.local/lib/python3.12/site-packages/airflow/example_dags/example_branch_labels.py took 0.135 seconds
[2025-09-16T14:16:44.538+0000] {processor.py:161} INFO - Started process (PID=95) to work on /home/airflow/.local/lib/python3.12/site-packages/airflow/example_dags/example_branch_labels.py
[2025-09-16T14:16:44.539+0000] {processor.py:830} INFO - Processing file /home/airflow/.local/lib/python3.12/site-packages/airflow/example_dags/example_branch_labels.py for tasks to queue
[2025-09-16T14:16:44.542+0000] {logging_mixin.py:188} INFO - [2025-09-16T14:16:44.542+0000] {dagbag.py:545} INFO - Filling up the DagBag from /home/airflow/.local/lib/python3.12/site-packages/airflow/example_dags/example_branch_labels.py
[2025-09-16T14:16:44.559+0000] {processor.py:840} INFO - DAG(s) 'example_branch_labels' retrieved from /home/airflow/.local/lib/python3.12/site-packages/airflow/example_dags/example_branch_labels.py
[2025-09-16T14:16:44.729+0000] {logging_mixin.py:188} INFO - [2025-09-16T14:16:44.729+0000] {dag.py:3096} INFO - Sync 1 DAGs
[2025-09-16T14:16:44.760+0000] {logging_mixin.py:188} INFO - [2025-09-16T14:16:44.759+0000] {dag.py:3954} INFO - Setting next_dagrun for example_branch_labels to 2025-09-15 00:00:00+00:00, run_after=2025-09-16 00:00:00+00:00
[2025-09-16T14:16:44.799+0000] {processor.py:183} INFO - Processing /home/airflow/.local/lib/python3.12/site-packages/airflow/example_dags/example_branch_labels.py took 0.270 seconds
[2025-09-16T14:17:15.332+0000] {processor.py:161} INFO - Started process (PID=156) to work on /home/airflow/.local/lib/python3.12/site-packages/airflow/example_dags/example_branch_labels.py
[2025-09-16T14:17:15.334+0000] {processor.py:830} INFO - Processing file /home/airflow/.local/lib/python3.12/site-packages/airflow/example_dags/example_branch_labels.py for tasks to queue
[2025-09-16T14:17:15.337+0000] {logging_mixin.py:188} INFO - [2025-09-16T14:17:15.336+0000] {dagbag.py:545} INFO - Filling up the DagBag from /home/airflow/.local/lib/python3.12/site-packages/airflow/example_dags/example_branch_labels.py
[2025-09-16T14:17:15.347+0000] {processor.py:840} INFO - DAG(s) 'example_branch_labels' retrieved from /home/airflow/.local/lib/python3.12/site-packages/airflow/example_dags/example_branch_labels.py
[2025-09-16T14:17:15.380+0000] {logging_mixin.py:188} INFO - [2025-09-16T14:17:15.379+0000] {dag.py:3096} INFO - Sync 1 DAGs
[2025-09-16T14:17:15.413+0000] {logging_mixin.py:188} INFO - [2025-09-16T14:17:15.412+0000] {dag.py:3954} INFO - Setting next_dagrun for example_branch_labels to 2025-09-15 00:00:00+00:00, run_after=2025-09-16 00:00:00+00:00
[2025-09-16T14:17:15.442+0000] {processor.py:183} INFO - Processing /home/airflow/.local/lib/python3.12/site-packages/airflow/example_dags/example_branch_labels.py took 0.117 seconds
[2025-09-16T14:17:46.636+0000] {processor.py:161} INFO - Started process (PID=216) to work on /home/airflow/.local/lib/python3.12/site-packages/airflow/example_dags/example_branch_labels.py
[2025-09-16T14:17:46.638+0000] {processor.py:830} INFO - Processing file /home/airflow/.local/lib/python3.12/site-packages/airflow/example_dags/example_branch_labels.py for tasks to queue
[2025-09-16T14:17:46.643+0000] {logging_mixin.py:188} INFO - [2025-09-16T14:17:46.642+0000] {dagbag.py:545} INFO - Filling up the DagBag from /home/airflow/.local/lib/python3.12/site-packages/airflow/example_dags/example_branch_labels.py
[2025-09-16T14:17:46.662+0000] {processor.py:840} INFO - DAG(s) 'example_branch_labels' retrieved from /home/airflow/.local/lib/python3.12/site-packages/airflow/example_dags/example_branch_labels.py
[2025-09-16T14:17:46.708+0000] {logging_mixin.py:188} INFO - [2025-09-16T14:17:46.708+0000] {dag.py:3096} INFO - Sync 1 DAGs
[2025-09-16T14:17:46.752+0000] {logging_mixin.py:188} INFO - [2025-09-16T14:17:46.751+0000] {dag.py:3954} INFO - Setting next_dagrun for example_branch_labels to 2025-09-15 00:00:00+00:00, run_after=2025-09-16 00:00:00+00:00
[2025-09-16T14:17:46.790+0000] {processor.py:183} INFO - Processing /home/airflow/.local/lib/python3.12/site-packages/airflow/example_dags/example_branch_labels.py took 0.167 seconds
[2025-09-16T14:18:17.428+0000] {processor.py:161} INFO - Started process (PID=276) to work on /home/airflow/.local/lib/python3.12/site-packages/airflow/example_dags/example_branch_labels.py
[2025-09-16T14:18:17.430+0000] {processor.py:830} INFO - Processing file /home/airflow/.local/lib/python3.12/site-packages/airflow/example_dags/example_branch_labels.py for tasks to queue
[2025-09-16T14:18:17.432+0000] {logging_mixin.py:188} INFO - [2025-09-16T14:18:17.432+0000] {dagbag.py:545} INFO - Filling up the DagBag from /home/airflow/.local/lib/python3.12/site-packages/airflow/example_dags/example_branch_labels.py
[2025-09-16T14:18:17.442+0000] {processor.py:840} INFO - DAG(s) 'example_branch_labels' retrieved from /home/airflow/.local/lib/python3.12/site-packages/airflow/example_dags/example_branch_labels.py
[2025-09-16T14:18:17.469+0000] {logging_mixin.py:188} INFO - [2025-09-16T14:18:17.469+0000] {dag.py:3096} INFO - Sync 1 DAGs
[2025-09-16T14:18:17.500+0000] {logging_mixin.py:188} INFO - [2025-09-16T14:18:17.499+0000] {dag.py:3954} INFO - Setting next_dagrun for example_branch_labels to 2025-09-15 00:00:00+00:00, run_after=2025-09-16 00:00:00+00:00
[2025-09-16T14:18:17.523+0000] {processor.py:183} INFO - Processing /home/airflow/.local/lib/python3.12/site-packages/airflow/example_dags/example_branch_labels.py took 0.102 seconds
[2025-09-16T14:18:48.230+0000] {processor.py:161} INFO - Started process (PID=336) to work on /home/airflow/.local/lib/python3.12/site-packages/airflow/example_dags/example_branch_labels.py
[2025-09-16T14:18:48.231+0000] {processor.py:830} INFO - Processing file /home/airflow/.local/lib/python3.12/site-packages/airflow/example_dags/example_branch_labels.py for tasks to queue
[2025-09-16T14:18:48.235+0000] {logging_mixin.py:188} INFO - [2025-09-16T14:18:48.234+0000] {dagbag.py:545} INFO - Filling up the DagBag from /home/airflow/.local/lib/python3.12/site-packages/airflow/example_dags/example_branch_labels.py
[2025-09-16T14:18:48.244+0000] {processor.py:840} INFO - DAG(s) 'example_branch_labels' retrieved from /home/airflow/.local/lib/python3.12/site-packages/airflow/example_dags/example_branch_labels.py
[2025-09-16T14:18:48.270+0000] {logging_mixin.py:188} INFO - [2025-09-16T14:18:48.269+0000] {dag.py:3096} INFO - Sync 1 DAGs
[2025-09-16T14:18:48.298+0000] {logging_mixin.py:188} INFO - [2025-09-16T14:18:48.298+0000] {dag.py:3954} INFO - Setting next_dagrun for example_branch_labels to 2025-09-15 00:00:00+00:00, run_after=2025-09-16 00:00:00+00:00
[2025-09-16T14:18:48.323+0000] {processor.py:183} INFO - Processing /home/airflow/.local/lib/python3.12/site-packages/airflow/example_dags/example_branch_labels.py took 0.101 seconds
[2025-09-16T14:19:18.694+0000] {processor.py:161} INFO - Started process (PID=395) to work on /home/airflow/.local/lib/python3.12/site-packages/airflow/example_dags/example_branch_labels.py
[2025-09-16T14:19:18.697+0000] {processor.py:830} INFO - Processing file /home/airflow/.local/lib/python3.12/site-packages/airflow/example_dags/example_branch_labels.py for tasks to queue
[2025-09-16T14:19:18.700+0000] {logging_mixin.py:188} INFO - [2025-09-16T14:19:18.700+0000] {dagbag.py:545} INFO - Filling up the DagBag from /home/airflow/.local/lib/python3.12/site-packages/airflow/example_dags/example_branch_labels.py
[2025-09-16T14:19:18.711+0000] {processor.py:840} INFO - DAG(s) 'example_branch_labels' retrieved from /home/airflow/.local/lib/python3.12/site-packages/airflow/example_dags/example_branch_labels.py
[2025-09-16T14:19:18.750+0000] {logging_mixin.py:188} INFO - [2025-09-16T14:19:18.749+0000] {dag.py:3096} INFO - Sync 1 DAGs
[2025-09-16T14:19:18.789+0000] {logging_mixin.py:188} INFO - [2025-09-16T14:19:18.788+0000] {dag.py:3954} INFO - Setting next_dagrun for example_branch_labels to 2025-09-15 00:00:00+00:00, run_after=2025-09-16 00:00:00+00:00
[2025-09-16T14:19:18.826+0000] {processor.py:183} INFO - Processing /home/airflow/.local/lib/python3.12/site-packages/airflow/example_dags/example_branch_labels.py took 0.141 seconds
[2025-09-16T14:19:49.026+0000] {processor.py:161} INFO - Started process (PID=455) to work on /home/airflow/.local/lib/python3.12/site-packages/airflow/example_dags/example_branch_labels.py
[2025-09-16T14:19:49.028+0000] {processor.py:830} INFO - Processing file /home/airflow/.local/lib/python3.12/site-packages/airflow/example_dags/example_branch_labels.py for tasks to queue
[2025-09-16T14:19:49.031+0000] {logging_mixin.py:188} INFO - [2025-09-16T14:19:49.030+0000] {dagbag.py:545} INFO - Filling up the DagBag from /home/airflow/.local/lib/python3.12/site-packages/airflow/example_dags/example_branch_labels.py
[2025-09-16T14:19:49.042+0000] {processor.py:840} INFO - DAG(s) 'example_branch_labels' retrieved from /home/airflow/.local/lib/python3.12/site-packages/airflow/example_dags/example_branch_labels.py
[2025-09-16T14:19:49.072+0000] {logging_mixin.py:188} INFO - [2025-09-16T14:19:49.071+0000] {dag.py:3096} INFO - Sync 1 DAGs
[2025-09-16T14:19:49.107+0000] {logging_mixin.py:188} INFO - [2025-09-16T14:19:49.107+0000] {dag.py:3954} INFO - Setting next_dagrun for example_branch_labels to 2025-09-15 00:00:00+00:00, run_after=2025-09-16 00:00:00+00:00
[2025-09-16T14:19:49.146+0000] {processor.py:183} INFO - Processing /home/airflow/.local/lib/python3.12/site-packages/airflow/example_dags/example_branch_labels.py took 0.128 seconds
[2025-09-16T14:20:19.577+0000] {processor.py:161} INFO - Started process (PID=515) to work on /home/airflow/.local/lib/python3.12/site-packages/airflow/example_dags/example_branch_labels.py
[2025-09-16T14:20:19.578+0000] {processor.py:830} INFO - Processing file /home/airflow/.local/lib/python3.12/site-packages/airflow/example_dags/example_branch_labels.py for tasks to queue
[2025-09-16T14:20:19.581+0000] {logging_mixin.py:188} INFO - [2025-09-16T14:20:19.581+0000] {dagbag.py:545} INFO - Filling up the DagBag from /home/airflow/.local/lib/python3.12/site-packages/airflow/example_dags/example_branch_labels.py
[2025-09-16T14:20:19.592+0000] {processor.py:840} INFO - DAG(s) 'example_branch_labels' retrieved from /home/airflow/.local/lib/python3.12/site-packages/airflow/example_dags/example_branch_labels.py
[2025-09-16T14:20:19.622+0000] {logging_mixin.py:188} INFO - [2025-09-16T14:20:19.622+0000] {dag.py:3096} INFO - Sync 1 DAGs
[2025-09-16T14:20:19.651+0000] {logging_mixin.py:188} INFO - [2025-09-16T14:20:19.651+0000] {dag.py:3954} INFO - Setting next_dagrun for example_branch_labels to 2025-09-15 00:00:00+00:00, run_after=2025-09-16 00:00:00+00:00
[2025-09-16T14:20:19.676+0000] {processor.py:183} INFO - Processing /home/airflow/.local/lib/python3.12/site-packages/airflow/example_dags/example_branch_labels.py took 0.108 seconds
[2025-09-16T14:20:50.161+0000] {processor.py:161} INFO - Started process (PID=575) to work on /home/airflow/.local/lib/python3.12/site-packages/airflow/example_dags/example_branch_labels.py
[2025-09-16T14:20:50.163+0000] {processor.py:830} INFO - Processing file /home/airflow/.local/lib/python3.12/site-packages/airflow/example_dags/example_branch_labels.py for tasks to queue
[2025-09-16T14:20:50.166+0000] {logging_mixin.py:188} INFO - [2025-09-16T14:20:50.165+0000] {dagbag.py:545} INFO - Filling up the DagBag from /home/airflow/.local/lib/python3.12/site-packages/airflow/example_dags/example_branch_labels.py
[2025-09-16T14:20:50.176+0000] {processor.py:840} INFO - DAG(s) 'example_branch_labels' retrieved from /home/airflow/.local/lib/python3.12/site-packages/airflow/example_dags/example_branch_labels.py
[2025-09-16T14:20:50.212+0000] {logging_mixin.py:188} INFO - [2025-09-16T14:20:50.212+0000] {dag.py:3096} INFO - Sync 1 DAGs
[2025-09-16T14:20:50.250+0000] {logging_mixin.py:188} INFO - [2025-09-16T14:20:50.250+0000] {dag.py:3954} INFO - Setting next_dagrun for example_branch_labels to 2025-09-15 00:00:00+00:00, run_after=2025-09-16 00:00:00+00:00
[2025-09-16T14:20:50.281+0000] {processor.py:183} INFO - Processing /home/airflow/.local/lib/python3.12/site-packages/airflow/example_dags/example_branch_labels.py took 0.129 seconds
[2025-09-16T14:54:10.031+0000] {processor.py:161} INFO - Started process (PID=94) to work on /home/airflow/.local/lib/python3.12/site-packages/airflow/example_dags/example_branch_labels.py
[2025-09-16T14:54:10.033+0000] {processor.py:830} INFO - Processing file /home/airflow/.local/lib/python3.12/site-packages/airflow/example_dags/example_branch_labels.py for tasks to queue
[2025-09-16T14:54:10.036+0000] {logging_mixin.py:188} INFO - [2025-09-16T14:54:10.036+0000] {dagbag.py:545} INFO - Filling up the DagBag from /home/airflow/.local/lib/python3.12/site-packages/airflow/example_dags/example_branch_labels.py
[2025-09-16T14:54:10.053+0000] {processor.py:840} INFO - DAG(s) 'example_branch_labels' retrieved from /home/airflow/.local/lib/python3.12/site-packages/airflow/example_dags/example_branch_labels.py
[2025-09-16T14:54:10.226+0000] {logging_mixin.py:188} INFO - [2025-09-16T14:54:10.226+0000] {dag.py:3096} INFO - Sync 1 DAGs
[2025-09-16T14:54:10.258+0000] {logging_mixin.py:188} INFO - [2025-09-16T14:54:10.257+0000] {dag.py:3954} INFO - Setting next_dagrun for example_branch_labels to 2025-09-15 00:00:00+00:00, run_after=2025-09-16 00:00:00+00:00
[2025-09-16T14:54:10.287+0000] {processor.py:183} INFO - Processing /home/airflow/.local/lib/python3.12/site-packages/airflow/example_dags/example_branch_labels.py took 0.266 seconds
[2025-09-16T14:54:40.450+0000] {processor.py:161} INFO - Started process (PID=154) to work on /home/airflow/.local/lib/python3.12/site-packages/airflow/example_dags/example_branch_labels.py
[2025-09-16T14:54:40.451+0000] {processor.py:830} INFO - Processing file /home/airflow/.local/lib/python3.12/site-packages/airflow/example_dags/example_branch_labels.py for tasks to queue
[2025-09-16T14:54:40.454+0000] {logging_mixin.py:188} INFO - [2025-09-16T14:54:40.454+0000] {dagbag.py:545} INFO - Filling up the DagBag from /home/airflow/.local/lib/python3.12/site-packages/airflow/example_dags/example_branch_labels.py
[2025-09-16T14:54:40.464+0000] {processor.py:840} INFO - DAG(s) 'example_branch_labels' retrieved from /home/airflow/.local/lib/python3.12/site-packages/airflow/example_dags/example_branch_labels.py
[2025-09-16T14:54:40.490+0000] {logging_mixin.py:188} INFO - [2025-09-16T14:54:40.489+0000] {dag.py:3096} INFO - Sync 1 DAGs
[2025-09-16T14:54:40.517+0000] {logging_mixin.py:188} INFO - [2025-09-16T14:54:40.517+0000] {dag.py:3954} INFO - Setting next_dagrun for example_branch_labels to 2025-09-15 00:00:00+00:00, run_after=2025-09-16 00:00:00+00:00
[2025-09-16T14:54:40.540+0000] {processor.py:183} INFO - Processing /home/airflow/.local/lib/python3.12/site-packages/airflow/example_dags/example_branch_labels.py took 0.098 seconds
[2025-09-16T14:55:11.500+0000] {processor.py:161} INFO - Started process (PID=215) to work on /home/airflow/.local/lib/python3.12/site-packages/airflow/example_dags/example_branch_labels.py
[2025-09-16T14:55:11.502+0000] {processor.py:830} INFO - Processing file /home/airflow/.local/lib/python3.12/site-packages/airflow/example_dags/example_branch_labels.py for tasks to queue
[2025-09-16T14:55:11.505+0000] {logging_mixin.py:188} INFO - [2025-09-16T14:55:11.504+0000] {dagbag.py:545} INFO - Filling up the DagBag from /home/airflow/.local/lib/python3.12/site-packages/airflow/example_dags/example_branch_labels.py
[2025-09-16T14:55:11.516+0000] {processor.py:840} INFO - DAG(s) 'example_branch_labels' retrieved from /home/airflow/.local/lib/python3.12/site-packages/airflow/example_dags/example_branch_labels.py
[2025-09-16T14:55:11.547+0000] {logging_mixin.py:188} INFO - [2025-09-16T14:55:11.547+0000] {dag.py:3096} INFO - Sync 1 DAGs
[2025-09-16T14:55:11.587+0000] {logging_mixin.py:188} INFO - [2025-09-16T14:55:11.587+0000] {dag.py:3954} INFO - Setting next_dagrun for example_branch_labels to 2025-09-15 00:00:00+00:00, run_after=2025-09-16 00:00:00+00:00
[2025-09-16T14:55:11.627+0000] {processor.py:183} INFO - Processing /home/airflow/.local/lib/python3.12/site-packages/airflow/example_dags/example_branch_labels.py took 0.136 seconds
[2025-09-16T14:55:42.664+0000] {processor.py:161} INFO - Started process (PID=275) to work on /home/airflow/.local/lib/python3.12/site-packages/airflow/example_dags/example_branch_labels.py
[2025-09-16T14:55:42.666+0000] {processor.py:830} INFO - Processing file /home/airflow/.local/lib/python3.12/site-packages/airflow/example_dags/example_branch_labels.py for tasks to queue
[2025-09-16T14:55:42.668+0000] {logging_mixin.py:188} INFO - [2025-09-16T14:55:42.668+0000] {dagbag.py:545} INFO - Filling up the DagBag from /home/airflow/.local/lib/python3.12/site-packages/airflow/example_dags/example_branch_labels.py
[2025-09-16T14:55:42.676+0000] {processor.py:840} INFO - DAG(s) 'example_branch_labels' retrieved from /home/airflow/.local/lib/python3.12/site-packages/airflow/example_dags/example_branch_labels.py
[2025-09-16T14:55:42.700+0000] {logging_mixin.py:188} INFO - [2025-09-16T14:55:42.700+0000] {dag.py:3096} INFO - Sync 1 DAGs
[2025-09-16T14:55:42.727+0000] {logging_mixin.py:188} INFO - [2025-09-16T14:55:42.727+0000] {dag.py:3954} INFO - Setting next_dagrun for example_branch_labels to 2025-09-15 00:00:00+00:00, run_after=2025-09-16 00:00:00+00:00
[2025-09-16T14:55:42.755+0000] {processor.py:183} INFO - Processing /home/airflow/.local/lib/python3.12/site-packages/airflow/example_dags/example_branch_labels.py took 0.097 seconds
[2025-09-16T14:56:13.674+0000] {processor.py:161} INFO - Started process (PID=335) to work on /home/airflow/.local/lib/python3.12/site-packages/airflow/example_dags/example_branch_labels.py
[2025-09-16T14:56:13.676+0000] {processor.py:830} INFO - Processing file /home/airflow/.local/lib/python3.12/site-packages/airflow/example_dags/example_branch_labels.py for tasks to queue
[2025-09-16T14:56:13.679+0000] {logging_mixin.py:188} INFO - [2025-09-16T14:56:13.679+0000] {dagbag.py:545} INFO - Filling up the DagBag from /home/airflow/.local/lib/python3.12/site-packages/airflow/example_dags/example_branch_labels.py
[2025-09-16T14:56:13.690+0000] {processor.py:840} INFO - DAG(s) 'example_branch_labels' retrieved from /home/airflow/.local/lib/python3.12/site-packages/airflow/example_dags/example_branch_labels.py
[2025-09-16T14:56:13.726+0000] {logging_mixin.py:188} INFO - [2025-09-16T14:56:13.726+0000] {dag.py:3096} INFO - Sync 1 DAGs
[2025-09-16T14:56:13.759+0000] {logging_mixin.py:188} INFO - [2025-09-16T14:56:13.758+0000] {dag.py:3954} INFO - Setting next_dagrun for example_branch_labels to 2025-09-15 00:00:00+00:00, run_after=2025-09-16 00:00:00+00:00
[2025-09-16T14:56:13.784+0000] {processor.py:183} INFO - Processing /home/airflow/.local/lib/python3.12/site-packages/airflow/example_dags/example_branch_labels.py took 0.120 seconds
[2025-09-16T14:56:44.465+0000] {processor.py:161} INFO - Started process (PID=395) to work on /home/airflow/.local/lib/python3.12/site-packages/airflow/example_dags/example_branch_labels.py
[2025-09-16T14:56:44.467+0000] {processor.py:830} INFO - Processing file /home/airflow/.local/lib/python3.12/site-packages/airflow/example_dags/example_branch_labels.py for tasks to queue
[2025-09-16T14:56:44.470+0000] {logging_mixin.py:188} INFO - [2025-09-16T14:56:44.470+0000] {dagbag.py:545} INFO - Filling up the DagBag from /home/airflow/.local/lib/python3.12/site-packages/airflow/example_dags/example_branch_labels.py
[2025-09-16T14:56:44.482+0000] {processor.py:840} INFO - DAG(s) 'example_branch_labels' retrieved from /home/airflow/.local/lib/python3.12/site-packages/airflow/example_dags/example_branch_labels.py
[2025-09-16T14:56:44.519+0000] {logging_mixin.py:188} INFO - [2025-09-16T14:56:44.519+0000] {dag.py:3096} INFO - Sync 1 DAGs
[2025-09-16T14:56:44.556+0000] {logging_mixin.py:188} INFO - [2025-09-16T14:56:44.555+0000] {dag.py:3954} INFO - Setting next_dagrun for example_branch_labels to 2025-09-15 00:00:00+00:00, run_after=2025-09-16 00:00:00+00:00
[2025-09-16T14:56:44.585+0000] {processor.py:183} INFO - Processing /home/airflow/.local/lib/python3.12/site-packages/airflow/example_dags/example_branch_labels.py took 0.128 seconds
[2025-09-16T14:57:15.510+0000] {processor.py:161} INFO - Started process (PID=455) to work on /home/airflow/.local/lib/python3.12/site-packages/airflow/example_dags/example_branch_labels.py
[2025-09-16T14:57:15.512+0000] {processor.py:830} INFO - Processing file /home/airflow/.local/lib/python3.12/site-packages/airflow/example_dags/example_branch_labels.py for tasks to queue
[2025-09-16T14:57:15.516+0000] {logging_mixin.py:188} INFO - [2025-09-16T14:57:15.516+0000] {dagbag.py:545} INFO - Filling up the DagBag from /home/airflow/.local/lib/python3.12/site-packages/airflow/example_dags/example_branch_labels.py
[2025-09-16T14:57:15.532+0000] {processor.py:840} INFO - DAG(s) 'example_branch_labels' retrieved from /home/airflow/.local/lib/python3.12/site-packages/airflow/example_dags/example_branch_labels.py
[2025-09-16T14:57:15.568+0000] {logging_mixin.py:188} INFO - [2025-09-16T14:57:15.568+0000] {dag.py:3096} INFO - Sync 1 DAGs
[2025-09-16T14:57:15.605+0000] {logging_mixin.py:188} INFO - [2025-09-16T14:57:15.605+0000] {dag.py:3954} INFO - Setting next_dagrun for example_branch_labels to 2025-09-15 00:00:00+00:00, run_after=2025-09-16 00:00:00+00:00
[2025-09-16T14:57:15.639+0000] {processor.py:183} INFO - Processing /home/airflow/.local/lib/python3.12/site-packages/airflow/example_dags/example_branch_labels.py took 0.138 seconds
[2025-09-16T14:57:46.625+0000] {processor.py:161} INFO - Started process (PID=514) to work on /home/airflow/.local/lib/python3.12/site-packages/airflow/example_dags/example_branch_labels.py
[2025-09-16T14:57:46.627+0000] {processor.py:830} INFO - Processing file /home/airflow/.local/lib/python3.12/site-packages/airflow/example_dags/example_branch_labels.py for tasks to queue
[2025-09-16T14:57:46.629+0000] {logging_mixin.py:188} INFO - [2025-09-16T14:57:46.629+0000] {dagbag.py:545} INFO - Filling up the DagBag from /home/airflow/.local/lib/python3.12/site-packages/airflow/example_dags/example_branch_labels.py
[2025-09-16T14:57:46.638+0000] {processor.py:840} INFO - DAG(s) 'example_branch_labels' retrieved from /home/airflow/.local/lib/python3.12/site-packages/airflow/example_dags/example_branch_labels.py
[2025-09-16T14:57:46.664+0000] {logging_mixin.py:188} INFO - [2025-09-16T14:57:46.664+0000] {dag.py:3096} INFO - Sync 1 DAGs
[2025-09-16T14:57:46.698+0000] {logging_mixin.py:188} INFO - [2025-09-16T14:57:46.698+0000] {dag.py:3954} INFO - Setting next_dagrun for example_branch_labels to 2025-09-15 00:00:00+00:00, run_after=2025-09-16 00:00:00+00:00
[2025-09-16T14:57:46.727+0000] {processor.py:183} INFO - Processing /home/airflow/.local/lib/python3.12/site-packages/airflow/example_dags/example_branch_labels.py took 0.108 seconds
[2025-09-16T14:58:17.262+0000] {processor.py:161} INFO - Started process (PID=575) to work on /home/airflow/.local/lib/python3.12/site-packages/airflow/example_dags/example_branch_labels.py
[2025-09-16T14:58:17.263+0000] {processor.py:830} INFO - Processing file /home/airflow/.local/lib/python3.12/site-packages/airflow/example_dags/example_branch_labels.py for tasks to queue
[2025-09-16T14:58:17.266+0000] {logging_mixin.py:188} INFO - [2025-09-16T14:58:17.266+0000] {dagbag.py:545} INFO - Filling up the DagBag from /home/airflow/.local/lib/python3.12/site-packages/airflow/example_dags/example_branch_labels.py
[2025-09-16T14:58:17.275+0000] {processor.py:840} INFO - DAG(s) 'example_branch_labels' retrieved from /home/airflow/.local/lib/python3.12/site-packages/airflow/example_dags/example_branch_labels.py
[2025-09-16T14:58:17.302+0000] {logging_mixin.py:188} INFO - [2025-09-16T14:58:17.301+0000] {dag.py:3096} INFO - Sync 1 DAGs
[2025-09-16T14:58:17.329+0000] {logging_mixin.py:188} INFO - [2025-09-16T14:58:17.329+0000] {dag.py:3954} INFO - Setting next_dagrun for example_branch_labels to 2025-09-15 00:00:00+00:00, run_after=2025-09-16 00:00:00+00:00
[2025-09-16T14:58:17.356+0000] {processor.py:183} INFO - Processing /home/airflow/.local/lib/python3.12/site-packages/airflow/example_dags/example_branch_labels.py took 0.100 seconds
[2025-09-16T14:58:47.513+0000] {processor.py:161} INFO - Started process (PID=634) to work on /home/airflow/.local/lib/python3.12/site-packages/airflow/example_dags/example_branch_labels.py
[2025-09-16T14:58:47.515+0000] {processor.py:830} INFO - Processing file /home/airflow/.local/lib/python3.12/site-packages/airflow/example_dags/example_branch_labels.py for tasks to queue
[2025-09-16T14:58:47.517+0000] {logging_mixin.py:188} INFO - [2025-09-16T14:58:47.517+0000] {dagbag.py:545} INFO - Filling up the DagBag from /home/airflow/.local/lib/python3.12/site-packages/airflow/example_dags/example_branch_labels.py
[2025-09-16T14:58:47.526+0000] {processor.py:840} INFO - DAG(s) 'example_branch_labels' retrieved from /home/airflow/.local/lib/python3.12/site-packages/airflow/example_dags/example_branch_labels.py
[2025-09-16T14:58:47.551+0000] {logging_mixin.py:188} INFO - [2025-09-16T14:58:47.551+0000] {dag.py:3096} INFO - Sync 1 DAGs
[2025-09-16T14:58:47.581+0000] {logging_mixin.py:188} INFO - [2025-09-16T14:58:47.580+0000] {dag.py:3954} INFO - Setting next_dagrun for example_branch_labels to 2025-09-15 00:00:00+00:00, run_after=2025-09-16 00:00:00+00:00
[2025-09-16T14:58:47.607+0000] {processor.py:183} INFO - Processing /home/airflow/.local/lib/python3.12/site-packages/airflow/example_dags/example_branch_labels.py took 0.100 seconds
[2025-09-16T14:59:17.936+0000] {processor.py:161} INFO - Started process (PID=694) to work on /home/airflow/.local/lib/python3.12/site-packages/airflow/example_dags/example_branch_labels.py
[2025-09-16T14:59:17.938+0000] {processor.py:830} INFO - Processing file /home/airflow/.local/lib/python3.12/site-packages/airflow/example_dags/example_branch_labels.py for tasks to queue
[2025-09-16T14:59:17.940+0000] {logging_mixin.py:188} INFO - [2025-09-16T14:59:17.940+0000] {dagbag.py:545} INFO - Filling up the DagBag from /home/airflow/.local/lib/python3.12/site-packages/airflow/example_dags/example_branch_labels.py
[2025-09-16T14:59:17.948+0000] {processor.py:840} INFO - DAG(s) 'example_branch_labels' retrieved from /home/airflow/.local/lib/python3.12/site-packages/airflow/example_dags/example_branch_labels.py
[2025-09-16T14:59:17.971+0000] {logging_mixin.py:188} INFO - [2025-09-16T14:59:17.971+0000] {dag.py:3096} INFO - Sync 1 DAGs
[2025-09-16T14:59:17.999+0000] {logging_mixin.py:188} INFO - [2025-09-16T14:59:17.999+0000] {dag.py:3954} INFO - Setting next_dagrun for example_branch_labels to 2025-09-15 00:00:00+00:00, run_after=2025-09-16 00:00:00+00:00
[2025-09-16T14:59:18.027+0000] {processor.py:183} INFO - Processing /home/airflow/.local/lib/python3.12/site-packages/airflow/example_dags/example_branch_labels.py took 0.096 seconds
[2025-09-16T14:59:49.062+0000] {processor.py:161} INFO - Started process (PID=754) to work on /home/airflow/.local/lib/python3.12/site-packages/airflow/example_dags/example_branch_labels.py
[2025-09-16T14:59:49.064+0000] {processor.py:830} INFO - Processing file /home/airflow/.local/lib/python3.12/site-packages/airflow/example_dags/example_branch_labels.py for tasks to queue
[2025-09-16T14:59:49.068+0000] {logging_mixin.py:188} INFO - [2025-09-16T14:59:49.067+0000] {dagbag.py:545} INFO - Filling up the DagBag from /home/airflow/.local/lib/python3.12/site-packages/airflow/example_dags/example_branch_labels.py
[2025-09-16T14:59:49.079+0000] {processor.py:840} INFO - DAG(s) 'example_branch_labels' retrieved from /home/airflow/.local/lib/python3.12/site-packages/airflow/example_dags/example_branch_labels.py
[2025-09-16T14:59:49.113+0000] {logging_mixin.py:188} INFO - [2025-09-16T14:59:49.113+0000] {dag.py:3096} INFO - Sync 1 DAGs
[2025-09-16T14:59:49.146+0000] {logging_mixin.py:188} INFO - [2025-09-16T14:59:49.145+0000] {dag.py:3954} INFO - Setting next_dagrun for example_branch_labels to 2025-09-15 00:00:00+00:00, run_after=2025-09-16 00:00:00+00:00
[2025-09-16T14:59:49.171+0000] {processor.py:183} INFO - Processing /home/airflow/.local/lib/python3.12/site-packages/airflow/example_dags/example_branch_labels.py took 0.119 seconds
[2025-09-16T15:00:19.380+0000] {processor.py:161} INFO - Started process (PID=814) to work on /home/airflow/.local/lib/python3.12/site-packages/airflow/example_dags/example_branch_labels.py
[2025-09-16T15:00:19.382+0000] {processor.py:830} INFO - Processing file /home/airflow/.local/lib/python3.12/site-packages/airflow/example_dags/example_branch_labels.py for tasks to queue
[2025-09-16T15:00:19.384+0000] {logging_mixin.py:188} INFO - [2025-09-16T15:00:19.384+0000] {dagbag.py:545} INFO - Filling up the DagBag from /home/airflow/.local/lib/python3.12/site-packages/airflow/example_dags/example_branch_labels.py
[2025-09-16T15:00:19.394+0000] {processor.py:840} INFO - DAG(s) 'example_branch_labels' retrieved from /home/airflow/.local/lib/python3.12/site-packages/airflow/example_dags/example_branch_labels.py
[2025-09-16T15:00:19.420+0000] {logging_mixin.py:188} INFO - [2025-09-16T15:00:19.420+0000] {dag.py:3096} INFO - Sync 1 DAGs
[2025-09-16T15:00:19.448+0000] {logging_mixin.py:188} INFO - [2025-09-16T15:00:19.448+0000] {dag.py:3954} INFO - Setting next_dagrun for example_branch_labels to 2025-09-15 00:00:00+00:00, run_after=2025-09-16 00:00:00+00:00
[2025-09-16T15:00:19.471+0000] {processor.py:183} INFO - Processing /home/airflow/.local/lib/python3.12/site-packages/airflow/example_dags/example_branch_labels.py took 0.098 seconds
[2025-09-16T15:01:52.347+0000] {processor.py:161} INFO - Started process (PID=95) to work on /home/airflow/.local/lib/python3.12/site-packages/airflow/example_dags/example_branch_labels.py
[2025-09-16T15:01:52.349+0000] {processor.py:830} INFO - Processing file /home/airflow/.local/lib/python3.12/site-packages/airflow/example_dags/example_branch_labels.py for tasks to queue
[2025-09-16T15:01:52.354+0000] {logging_mixin.py:188} INFO - [2025-09-16T15:01:52.353+0000] {dagbag.py:545} INFO - Filling up the DagBag from /home/airflow/.local/lib/python3.12/site-packages/airflow/example_dags/example_branch_labels.py
[2025-09-16T15:01:52.375+0000] {processor.py:840} INFO - DAG(s) 'example_branch_labels' retrieved from /home/airflow/.local/lib/python3.12/site-packages/airflow/example_dags/example_branch_labels.py
[2025-09-16T15:01:52.613+0000] {logging_mixin.py:188} INFO - [2025-09-16T15:01:52.612+0000] {dag.py:3096} INFO - Sync 1 DAGs
[2025-09-16T15:01:52.667+0000] {logging_mixin.py:188} INFO - [2025-09-16T15:01:52.667+0000] {dag.py:3954} INFO - Setting next_dagrun for example_branch_labels to 2025-09-15 00:00:00+00:00, run_after=2025-09-16 00:00:00+00:00
[2025-09-16T15:01:52.727+0000] {processor.py:183} INFO - Processing /home/airflow/.local/lib/python3.12/site-packages/airflow/example_dags/example_branch_labels.py took 0.395 seconds
[2025-09-16T15:02:22.805+0000] {processor.py:161} INFO - Started process (PID=155) to work on /home/airflow/.local/lib/python3.12/site-packages/airflow/example_dags/example_branch_labels.py
[2025-09-16T15:02:22.806+0000] {processor.py:830} INFO - Processing file /home/airflow/.local/lib/python3.12/site-packages/airflow/example_dags/example_branch_labels.py for tasks to queue
[2025-09-16T15:02:22.809+0000] {logging_mixin.py:188} INFO - [2025-09-16T15:02:22.809+0000] {dagbag.py:545} INFO - Filling up the DagBag from /home/airflow/.local/lib/python3.12/site-packages/airflow/example_dags/example_branch_labels.py
[2025-09-16T15:02:22.822+0000] {processor.py:840} INFO - DAG(s) 'example_branch_labels' retrieved from /home/airflow/.local/lib/python3.12/site-packages/airflow/example_dags/example_branch_labels.py
[2025-09-16T15:02:22.842+0000] {logging_mixin.py:188} INFO - [2025-09-16T15:02:22.842+0000] {dag.py:3096} INFO - Sync 1 DAGs
[2025-09-16T15:02:22.882+0000] {logging_mixin.py:188} INFO - [2025-09-16T15:02:22.881+0000] {dag.py:3954} INFO - Setting next_dagrun for example_branch_labels to 2025-09-15 00:00:00+00:00, run_after=2025-09-16 00:00:00+00:00
[2025-09-16T15:02:22.911+0000] {processor.py:183} INFO - Processing /home/airflow/.local/lib/python3.12/site-packages/airflow/example_dags/example_branch_labels.py took 0.115 seconds
[2025-09-16T15:02:53.718+0000] {processor.py:161} INFO - Started process (PID=215) to work on /home/airflow/.local/lib/python3.12/site-packages/airflow/example_dags/example_branch_labels.py
[2025-09-16T15:02:53.724+0000] {processor.py:830} INFO - Processing file /home/airflow/.local/lib/python3.12/site-packages/airflow/example_dags/example_branch_labels.py for tasks to queue
[2025-09-16T15:02:53.730+0000] {logging_mixin.py:188} INFO - [2025-09-16T15:02:53.729+0000] {dagbag.py:545} INFO - Filling up the DagBag from /home/airflow/.local/lib/python3.12/site-packages/airflow/example_dags/example_branch_labels.py
[2025-09-16T15:02:53.751+0000] {processor.py:840} INFO - DAG(s) 'example_branch_labels' retrieved from /home/airflow/.local/lib/python3.12/site-packages/airflow/example_dags/example_branch_labels.py
[2025-09-16T15:02:54.009+0000] {logging_mixin.py:188} INFO - [2025-09-16T15:02:54.008+0000] {dag.py:3096} INFO - Sync 1 DAGs
[2025-09-16T15:02:54.043+0000] {logging_mixin.py:188} INFO - [2025-09-16T15:02:54.042+0000] {dag.py:3954} INFO - Setting next_dagrun for example_branch_labels to 2025-09-15 00:00:00+00:00, run_after=2025-09-16 00:00:00+00:00
[2025-09-16T15:02:54.089+0000] {processor.py:183} INFO - Processing /home/airflow/.local/lib/python3.12/site-packages/airflow/example_dags/example_branch_labels.py took 0.385 seconds
[2025-09-16T15:03:24.236+0000] {processor.py:161} INFO - Started process (PID=275) to work on /home/airflow/.local/lib/python3.12/site-packages/airflow/example_dags/example_branch_labels.py
[2025-09-16T15:03:24.240+0000] {processor.py:830} INFO - Processing file /home/airflow/.local/lib/python3.12/site-packages/airflow/example_dags/example_branch_labels.py for tasks to queue
[2025-09-16T15:03:24.244+0000] {logging_mixin.py:188} INFO - [2025-09-16T15:03:24.243+0000] {dagbag.py:545} INFO - Filling up the DagBag from /home/airflow/.local/lib/python3.12/site-packages/airflow/example_dags/example_branch_labels.py
[2025-09-16T15:03:24.258+0000] {processor.py:840} INFO - DAG(s) 'example_branch_labels' retrieved from /home/airflow/.local/lib/python3.12/site-packages/airflow/example_dags/example_branch_labels.py
[2025-09-16T15:03:24.291+0000] {logging_mixin.py:188} INFO - [2025-09-16T15:03:24.291+0000] {dag.py:3096} INFO - Sync 1 DAGs
[2025-09-16T15:03:24.326+0000] {logging_mixin.py:188} INFO - [2025-09-16T15:03:24.326+0000] {dag.py:3954} INFO - Setting next_dagrun for example_branch_labels to 2025-09-15 00:00:00+00:00, run_after=2025-09-16 00:00:00+00:00
[2025-09-16T15:03:24.353+0000] {processor.py:183} INFO - Processing /home/airflow/.local/lib/python3.12/site-packages/airflow/example_dags/example_branch_labels.py took 0.125 seconds
[2025-09-16T15:03:55.196+0000] {processor.py:161} INFO - Started process (PID=335) to work on /home/airflow/.local/lib/python3.12/site-packages/airflow/example_dags/example_branch_labels.py
[2025-09-16T15:03:55.198+0000] {processor.py:830} INFO - Processing file /home/airflow/.local/lib/python3.12/site-packages/airflow/example_dags/example_branch_labels.py for tasks to queue
[2025-09-16T15:03:55.201+0000] {logging_mixin.py:188} INFO - [2025-09-16T15:03:55.201+0000] {dagbag.py:545} INFO - Filling up the DagBag from /home/airflow/.local/lib/python3.12/site-packages/airflow/example_dags/example_branch_labels.py
[2025-09-16T15:03:55.213+0000] {processor.py:840} INFO - DAG(s) 'example_branch_labels' retrieved from /home/airflow/.local/lib/python3.12/site-packages/airflow/example_dags/example_branch_labels.py
[2025-09-16T15:03:55.245+0000] {logging_mixin.py:188} INFO - [2025-09-16T15:03:55.244+0000] {dag.py:3096} INFO - Sync 1 DAGs
[2025-09-16T15:03:55.278+0000] {logging_mixin.py:188} INFO - [2025-09-16T15:03:55.278+0000] {dag.py:3954} INFO - Setting next_dagrun for example_branch_labels to 2025-09-15 00:00:00+00:00, run_after=2025-09-16 00:00:00+00:00
[2025-09-16T15:03:55.306+0000] {processor.py:183} INFO - Processing /home/airflow/.local/lib/python3.12/site-packages/airflow/example_dags/example_branch_labels.py took 0.119 seconds
[2025-09-16T15:04:26.262+0000] {processor.py:161} INFO - Started process (PID=395) to work on /home/airflow/.local/lib/python3.12/site-packages/airflow/example_dags/example_branch_labels.py
[2025-09-16T15:04:26.264+0000] {processor.py:830} INFO - Processing file /home/airflow/.local/lib/python3.12/site-packages/airflow/example_dags/example_branch_labels.py for tasks to queue
[2025-09-16T15:04:26.267+0000] {logging_mixin.py:188} INFO - [2025-09-16T15:04:26.266+0000] {dagbag.py:545} INFO - Filling up the DagBag from /home/airflow/.local/lib/python3.12/site-packages/airflow/example_dags/example_branch_labels.py
[2025-09-16T15:04:26.277+0000] {processor.py:840} INFO - DAG(s) 'example_branch_labels' retrieved from /home/airflow/.local/lib/python3.12/site-packages/airflow/example_dags/example_branch_labels.py
[2025-09-16T15:04:26.306+0000] {logging_mixin.py:188} INFO - [2025-09-16T15:04:26.305+0000] {dag.py:3096} INFO - Sync 1 DAGs
[2025-09-16T15:04:26.335+0000] {logging_mixin.py:188} INFO - [2025-09-16T15:04:26.334+0000] {dag.py:3954} INFO - Setting next_dagrun for example_branch_labels to 2025-09-15 00:00:00+00:00, run_after=2025-09-16 00:00:00+00:00
[2025-09-16T15:04:26.359+0000] {processor.py:183} INFO - Processing /home/airflow/.local/lib/python3.12/site-packages/airflow/example_dags/example_branch_labels.py took 0.104 seconds
[2025-09-16T15:04:57.177+0000] {processor.py:161} INFO - Started process (PID=455) to work on /home/airflow/.local/lib/python3.12/site-packages/airflow/example_dags/example_branch_labels.py
[2025-09-16T15:04:57.179+0000] {processor.py:830} INFO - Processing file /home/airflow/.local/lib/python3.12/site-packages/airflow/example_dags/example_branch_labels.py for tasks to queue
[2025-09-16T15:04:57.182+0000] {logging_mixin.py:188} INFO - [2025-09-16T15:04:57.181+0000] {dagbag.py:545} INFO - Filling up the DagBag from /home/airflow/.local/lib/python3.12/site-packages/airflow/example_dags/example_branch_labels.py
[2025-09-16T15:04:57.192+0000] {processor.py:840} INFO - DAG(s) 'example_branch_labels' retrieved from /home/airflow/.local/lib/python3.12/site-packages/airflow/example_dags/example_branch_labels.py
[2025-09-16T15:04:57.221+0000] {logging_mixin.py:188} INFO - [2025-09-16T15:04:57.220+0000] {dag.py:3096} INFO - Sync 1 DAGs
[2025-09-16T15:04:57.252+0000] {logging_mixin.py:188} INFO - [2025-09-16T15:04:57.251+0000] {dag.py:3954} INFO - Setting next_dagrun for example_branch_labels to 2025-09-15 00:00:00+00:00, run_after=2025-09-16 00:00:00+00:00
[2025-09-16T15:04:57.279+0000] {processor.py:183} INFO - Processing /home/airflow/.local/lib/python3.12/site-packages/airflow/example_dags/example_branch_labels.py took 0.109 seconds
[2025-09-16T15:05:27.850+0000] {processor.py:161} INFO - Started process (PID=514) to work on /home/airflow/.local/lib/python3.12/site-packages/airflow/example_dags/example_branch_labels.py
[2025-09-16T15:05:27.851+0000] {processor.py:830} INFO - Processing file /home/airflow/.local/lib/python3.12/site-packages/airflow/example_dags/example_branch_labels.py for tasks to queue
[2025-09-16T15:05:27.854+0000] {logging_mixin.py:188} INFO - [2025-09-16T15:05:27.854+0000] {dagbag.py:545} INFO - Filling up the DagBag from /home/airflow/.local/lib/python3.12/site-packages/airflow/example_dags/example_branch_labels.py
[2025-09-16T15:05:27.866+0000] {processor.py:840} INFO - DAG(s) 'example_branch_labels' retrieved from /home/airflow/.local/lib/python3.12/site-packages/airflow/example_dags/example_branch_labels.py
[2025-09-16T15:05:27.893+0000] {logging_mixin.py:188} INFO - [2025-09-16T15:05:27.893+0000] {dag.py:3096} INFO - Sync 1 DAGs
[2025-09-16T15:05:27.923+0000] {logging_mixin.py:188} INFO - [2025-09-16T15:05:27.923+0000] {dag.py:3954} INFO - Setting next_dagrun for example_branch_labels to 2025-09-15 00:00:00+00:00, run_after=2025-09-16 00:00:00+00:00
[2025-09-16T15:05:27.945+0000] {processor.py:183} INFO - Processing /home/airflow/.local/lib/python3.12/site-packages/airflow/example_dags/example_branch_labels.py took 0.103 seconds
[2025-09-16T15:05:58.181+0000] {processor.py:161} INFO - Started process (PID=574) to work on /home/airflow/.local/lib/python3.12/site-packages/airflow/example_dags/example_branch_labels.py
[2025-09-16T15:05:58.183+0000] {processor.py:830} INFO - Processing file /home/airflow/.local/lib/python3.12/site-packages/airflow/example_dags/example_branch_labels.py for tasks to queue
[2025-09-16T15:05:58.186+0000] {logging_mixin.py:188} INFO - [2025-09-16T15:05:58.185+0000] {dagbag.py:545} INFO - Filling up the DagBag from /home/airflow/.local/lib/python3.12/site-packages/airflow/example_dags/example_branch_labels.py
[2025-09-16T15:05:58.196+0000] {processor.py:840} INFO - DAG(s) 'example_branch_labels' retrieved from /home/airflow/.local/lib/python3.12/site-packages/airflow/example_dags/example_branch_labels.py
[2025-09-16T15:05:58.226+0000] {logging_mixin.py:188} INFO - [2025-09-16T15:05:58.225+0000] {dag.py:3096} INFO - Sync 1 DAGs
[2025-09-16T15:05:58.257+0000] {logging_mixin.py:188} INFO - [2025-09-16T15:05:58.257+0000] {dag.py:3954} INFO - Setting next_dagrun for example_branch_labels to 2025-09-15 00:00:00+00:00, run_after=2025-09-16 00:00:00+00:00
[2025-09-16T15:05:58.282+0000] {processor.py:183} INFO - Processing /home/airflow/.local/lib/python3.12/site-packages/airflow/example_dags/example_branch_labels.py took 0.108 seconds
[2025-09-16T15:06:28.885+0000] {processor.py:161} INFO - Started process (PID=634) to work on /home/airflow/.local/lib/python3.12/site-packages/airflow/example_dags/example_branch_labels.py
[2025-09-16T15:06:28.887+0000] {processor.py:830} INFO - Processing file /home/airflow/.local/lib/python3.12/site-packages/airflow/example_dags/example_branch_labels.py for tasks to queue
[2025-09-16T15:06:28.890+0000] {logging_mixin.py:188} INFO - [2025-09-16T15:06:28.889+0000] {dagbag.py:545} INFO - Filling up the DagBag from /home/airflow/.local/lib/python3.12/site-packages/airflow/example_dags/example_branch_labels.py
[2025-09-16T15:06:28.900+0000] {processor.py:840} INFO - DAG(s) 'example_branch_labels' retrieved from /home/airflow/.local/lib/python3.12/site-packages/airflow/example_dags/example_branch_labels.py
[2025-09-16T15:06:28.932+0000] {logging_mixin.py:188} INFO - [2025-09-16T15:06:28.932+0000] {dag.py:3096} INFO - Sync 1 DAGs
[2025-09-16T15:06:28.971+0000] {logging_mixin.py:188} INFO - [2025-09-16T15:06:28.971+0000] {dag.py:3954} INFO - Setting next_dagrun for example_branch_labels to 2025-09-15 00:00:00+00:00, run_after=2025-09-16 00:00:00+00:00
[2025-09-16T15:06:29.000+0000] {processor.py:183} INFO - Processing /home/airflow/.local/lib/python3.12/site-packages/airflow/example_dags/example_branch_labels.py took 0.122 seconds
[2025-09-16T15:06:59.333+0000] {processor.py:161} INFO - Started process (PID=692) to work on /home/airflow/.local/lib/python3.12/site-packages/airflow/example_dags/example_branch_labels.py
[2025-09-16T15:06:59.335+0000] {processor.py:830} INFO - Processing file /home/airflow/.local/lib/python3.12/site-packages/airflow/example_dags/example_branch_labels.py for tasks to queue
[2025-09-16T15:06:59.337+0000] {logging_mixin.py:188} INFO - [2025-09-16T15:06:59.337+0000] {dagbag.py:545} INFO - Filling up the DagBag from /home/airflow/.local/lib/python3.12/site-packages/airflow/example_dags/example_branch_labels.py
[2025-09-16T15:06:59.345+0000] {processor.py:840} INFO - DAG(s) 'example_branch_labels' retrieved from /home/airflow/.local/lib/python3.12/site-packages/airflow/example_dags/example_branch_labels.py
[2025-09-16T15:06:59.372+0000] {logging_mixin.py:188} INFO - [2025-09-16T15:06:59.371+0000] {dag.py:3096} INFO - Sync 1 DAGs
[2025-09-16T15:06:59.404+0000] {logging_mixin.py:188} INFO - [2025-09-16T15:06:59.404+0000] {dag.py:3954} INFO - Setting next_dagrun for example_branch_labels to 2025-09-15 00:00:00+00:00, run_after=2025-09-16 00:00:00+00:00
[2025-09-16T15:06:59.429+0000] {processor.py:183} INFO - Processing /home/airflow/.local/lib/python3.12/site-packages/airflow/example_dags/example_branch_labels.py took 0.102 seconds
[2025-09-16T15:07:29.543+0000] {processor.py:161} INFO - Started process (PID=752) to work on /home/airflow/.local/lib/python3.12/site-packages/airflow/example_dags/example_branch_labels.py
[2025-09-16T15:07:29.545+0000] {processor.py:830} INFO - Processing file /home/airflow/.local/lib/python3.12/site-packages/airflow/example_dags/example_branch_labels.py for tasks to queue
[2025-09-16T15:07:29.548+0000] {logging_mixin.py:188} INFO - [2025-09-16T15:07:29.547+0000] {dagbag.py:545} INFO - Filling up the DagBag from /home/airflow/.local/lib/python3.12/site-packages/airflow/example_dags/example_branch_labels.py
[2025-09-16T15:07:29.558+0000] {processor.py:840} INFO - DAG(s) 'example_branch_labels' retrieved from /home/airflow/.local/lib/python3.12/site-packages/airflow/example_dags/example_branch_labels.py
[2025-09-16T15:07:29.584+0000] {logging_mixin.py:188} INFO - [2025-09-16T15:07:29.583+0000] {dag.py:3096} INFO - Sync 1 DAGs
[2025-09-16T15:07:29.612+0000] {logging_mixin.py:188} INFO - [2025-09-16T15:07:29.612+0000] {dag.py:3954} INFO - Setting next_dagrun for example_branch_labels to 2025-09-15 00:00:00+00:00, run_after=2025-09-16 00:00:00+00:00
[2025-09-16T15:07:29.634+0000] {processor.py:183} INFO - Processing /home/airflow/.local/lib/python3.12/site-packages/airflow/example_dags/example_branch_labels.py took 0.098 seconds
[2025-09-16T15:07:59.753+0000] {processor.py:161} INFO - Started process (PID=812) to work on /home/airflow/.local/lib/python3.12/site-packages/airflow/example_dags/example_branch_labels.py
[2025-09-16T15:07:59.754+0000] {processor.py:830} INFO - Processing file /home/airflow/.local/lib/python3.12/site-packages/airflow/example_dags/example_branch_labels.py for tasks to queue
[2025-09-16T15:07:59.758+0000] {logging_mixin.py:188} INFO - [2025-09-16T15:07:59.757+0000] {dagbag.py:545} INFO - Filling up the DagBag from /home/airflow/.local/lib/python3.12/site-packages/airflow/example_dags/example_branch_labels.py
[2025-09-16T15:07:59.770+0000] {processor.py:840} INFO - DAG(s) 'example_branch_labels' retrieved from /home/airflow/.local/lib/python3.12/site-packages/airflow/example_dags/example_branch_labels.py
[2025-09-16T15:07:59.812+0000] {logging_mixin.py:188} INFO - [2025-09-16T15:07:59.811+0000] {dag.py:3096} INFO - Sync 1 DAGs
[2025-09-16T15:07:59.860+0000] {logging_mixin.py:188} INFO - [2025-09-16T15:07:59.860+0000] {dag.py:3954} INFO - Setting next_dagrun for example_branch_labels to 2025-09-15 00:00:00+00:00, run_after=2025-09-16 00:00:00+00:00
[2025-09-16T15:07:59.902+0000] {processor.py:183} INFO - Processing /home/airflow/.local/lib/python3.12/site-packages/airflow/example_dags/example_branch_labels.py took 0.157 seconds
[2025-09-16T15:08:30.321+0000] {processor.py:161} INFO - Started process (PID=872) to work on /home/airflow/.local/lib/python3.12/site-packages/airflow/example_dags/example_branch_labels.py
[2025-09-16T15:08:30.323+0000] {processor.py:830} INFO - Processing file /home/airflow/.local/lib/python3.12/site-packages/airflow/example_dags/example_branch_labels.py for tasks to queue
[2025-09-16T15:08:30.326+0000] {logging_mixin.py:188} INFO - [2025-09-16T15:08:30.326+0000] {dagbag.py:545} INFO - Filling up the DagBag from /home/airflow/.local/lib/python3.12/site-packages/airflow/example_dags/example_branch_labels.py
[2025-09-16T15:08:30.338+0000] {processor.py:840} INFO - DAG(s) 'example_branch_labels' retrieved from /home/airflow/.local/lib/python3.12/site-packages/airflow/example_dags/example_branch_labels.py
[2025-09-16T15:08:30.370+0000] {logging_mixin.py:188} INFO - [2025-09-16T15:08:30.369+0000] {dag.py:3096} INFO - Sync 1 DAGs
[2025-09-16T15:08:30.401+0000] {logging_mixin.py:188} INFO - [2025-09-16T15:08:30.400+0000] {dag.py:3954} INFO - Setting next_dagrun for example_branch_labels to 2025-09-15 00:00:00+00:00, run_after=2025-09-16 00:00:00+00:00
[2025-09-16T15:08:30.427+0000] {processor.py:183} INFO - Processing /home/airflow/.local/lib/python3.12/site-packages/airflow/example_dags/example_branch_labels.py took 0.117 seconds
[2025-09-16T15:09:00.745+0000] {processor.py:161} INFO - Started process (PID=932) to work on /home/airflow/.local/lib/python3.12/site-packages/airflow/example_dags/example_branch_labels.py
[2025-09-16T15:09:00.746+0000] {processor.py:830} INFO - Processing file /home/airflow/.local/lib/python3.12/site-packages/airflow/example_dags/example_branch_labels.py for tasks to queue
[2025-09-16T15:09:00.750+0000] {logging_mixin.py:188} INFO - [2025-09-16T15:09:00.749+0000] {dagbag.py:545} INFO - Filling up the DagBag from /home/airflow/.local/lib/python3.12/site-packages/airflow/example_dags/example_branch_labels.py
[2025-09-16T15:09:00.761+0000] {processor.py:840} INFO - DAG(s) 'example_branch_labels' retrieved from /home/airflow/.local/lib/python3.12/site-packages/airflow/example_dags/example_branch_labels.py
[2025-09-16T15:09:00.792+0000] {logging_mixin.py:188} INFO - [2025-09-16T15:09:00.791+0000] {dag.py:3096} INFO - Sync 1 DAGs
[2025-09-16T15:09:00.823+0000] {logging_mixin.py:188} INFO - [2025-09-16T15:09:00.822+0000] {dag.py:3954} INFO - Setting next_dagrun for example_branch_labels to 2025-09-15 00:00:00+00:00, run_after=2025-09-16 00:00:00+00:00
[2025-09-16T15:09:00.851+0000] {processor.py:183} INFO - Processing /home/airflow/.local/lib/python3.12/site-packages/airflow/example_dags/example_branch_labels.py took 0.115 seconds
[2025-09-16T15:09:31.636+0000] {processor.py:161} INFO - Started process (PID=992) to work on /home/airflow/.local/lib/python3.12/site-packages/airflow/example_dags/example_branch_labels.py
[2025-09-16T15:09:31.638+0000] {processor.py:830} INFO - Processing file /home/airflow/.local/lib/python3.12/site-packages/airflow/example_dags/example_branch_labels.py for tasks to queue
[2025-09-16T15:09:31.641+0000] {logging_mixin.py:188} INFO - [2025-09-16T15:09:31.640+0000] {dagbag.py:545} INFO - Filling up the DagBag from /home/airflow/.local/lib/python3.12/site-packages/airflow/example_dags/example_branch_labels.py
[2025-09-16T15:09:31.650+0000] {processor.py:840} INFO - DAG(s) 'example_branch_labels' retrieved from /home/airflow/.local/lib/python3.12/site-packages/airflow/example_dags/example_branch_labels.py
[2025-09-16T15:09:31.673+0000] {logging_mixin.py:188} INFO - [2025-09-16T15:09:31.673+0000] {dag.py:3096} INFO - Sync 1 DAGs
[2025-09-16T15:09:31.699+0000] {logging_mixin.py:188} INFO - [2025-09-16T15:09:31.698+0000] {dag.py:3954} INFO - Setting next_dagrun for example_branch_labels to 2025-09-15 00:00:00+00:00, run_after=2025-09-16 00:00:00+00:00
[2025-09-16T15:09:31.721+0000] {processor.py:183} INFO - Processing /home/airflow/.local/lib/python3.12/site-packages/airflow/example_dags/example_branch_labels.py took 0.092 seconds
[2025-09-16T15:10:02.197+0000] {processor.py:161} INFO - Started process (PID=1052) to work on /home/airflow/.local/lib/python3.12/site-packages/airflow/example_dags/example_branch_labels.py
[2025-09-16T15:10:02.198+0000] {processor.py:830} INFO - Processing file /home/airflow/.local/lib/python3.12/site-packages/airflow/example_dags/example_branch_labels.py for tasks to queue
[2025-09-16T15:10:02.201+0000] {logging_mixin.py:188} INFO - [2025-09-16T15:10:02.201+0000] {dagbag.py:545} INFO - Filling up the DagBag from /home/airflow/.local/lib/python3.12/site-packages/airflow/example_dags/example_branch_labels.py
[2025-09-16T15:10:02.210+0000] {processor.py:840} INFO - DAG(s) 'example_branch_labels' retrieved from /home/airflow/.local/lib/python3.12/site-packages/airflow/example_dags/example_branch_labels.py
[2025-09-16T15:10:02.235+0000] {logging_mixin.py:188} INFO - [2025-09-16T15:10:02.234+0000] {dag.py:3096} INFO - Sync 1 DAGs
[2025-09-16T15:10:02.261+0000] {logging_mixin.py:188} INFO - [2025-09-16T15:10:02.261+0000] {dag.py:3954} INFO - Setting next_dagrun for example_branch_labels to 2025-09-15 00:00:00+00:00, run_after=2025-09-16 00:00:00+00:00
[2025-09-16T15:10:02.286+0000] {processor.py:183} INFO - Processing /home/airflow/.local/lib/python3.12/site-packages/airflow/example_dags/example_branch_labels.py took 0.096 seconds
[2025-09-16T15:10:32.693+0000] {processor.py:161} INFO - Started process (PID=1112) to work on /home/airflow/.local/lib/python3.12/site-packages/airflow/example_dags/example_branch_labels.py
[2025-09-16T15:10:32.694+0000] {processor.py:830} INFO - Processing file /home/airflow/.local/lib/python3.12/site-packages/airflow/example_dags/example_branch_labels.py for tasks to queue
[2025-09-16T15:10:32.697+0000] {logging_mixin.py:188} INFO - [2025-09-16T15:10:32.696+0000] {dagbag.py:545} INFO - Filling up the DagBag from /home/airflow/.local/lib/python3.12/site-packages/airflow/example_dags/example_branch_labels.py
[2025-09-16T15:10:32.705+0000] {processor.py:840} INFO - DAG(s) 'example_branch_labels' retrieved from /home/airflow/.local/lib/python3.12/site-packages/airflow/example_dags/example_branch_labels.py
[2025-09-16T15:10:32.730+0000] {logging_mixin.py:188} INFO - [2025-09-16T15:10:32.729+0000] {dag.py:3096} INFO - Sync 1 DAGs
[2025-09-16T15:10:32.756+0000] {logging_mixin.py:188} INFO - [2025-09-16T15:10:32.756+0000] {dag.py:3954} INFO - Setting next_dagrun for example_branch_labels to 2025-09-15 00:00:00+00:00, run_after=2025-09-16 00:00:00+00:00
[2025-09-16T15:10:32.805+0000] {processor.py:183} INFO - Processing /home/airflow/.local/lib/python3.12/site-packages/airflow/example_dags/example_branch_labels.py took 0.119 seconds
[2025-09-16T15:11:03.066+0000] {processor.py:161} INFO - Started process (PID=1172) to work on /home/airflow/.local/lib/python3.12/site-packages/airflow/example_dags/example_branch_labels.py
[2025-09-16T15:11:03.067+0000] {processor.py:830} INFO - Processing file /home/airflow/.local/lib/python3.12/site-packages/airflow/example_dags/example_branch_labels.py for tasks to queue
[2025-09-16T15:11:03.070+0000] {logging_mixin.py:188} INFO - [2025-09-16T15:11:03.070+0000] {dagbag.py:545} INFO - Filling up the DagBag from /home/airflow/.local/lib/python3.12/site-packages/airflow/example_dags/example_branch_labels.py
[2025-09-16T15:11:03.081+0000] {processor.py:840} INFO - DAG(s) 'example_branch_labels' retrieved from /home/airflow/.local/lib/python3.12/site-packages/airflow/example_dags/example_branch_labels.py
[2025-09-16T15:11:03.108+0000] {logging_mixin.py:188} INFO - [2025-09-16T15:11:03.108+0000] {dag.py:3096} INFO - Sync 1 DAGs
[2025-09-16T15:11:03.137+0000] {logging_mixin.py:188} INFO - [2025-09-16T15:11:03.137+0000] {dag.py:3954} INFO - Setting next_dagrun for example_branch_labels to 2025-09-15 00:00:00+00:00, run_after=2025-09-16 00:00:00+00:00
[2025-09-16T15:11:03.159+0000] {processor.py:183} INFO - Processing /home/airflow/.local/lib/python3.12/site-packages/airflow/example_dags/example_branch_labels.py took 0.101 seconds
[2025-09-16T15:11:33.554+0000] {processor.py:161} INFO - Started process (PID=1232) to work on /home/airflow/.local/lib/python3.12/site-packages/airflow/example_dags/example_branch_labels.py
[2025-09-16T15:11:33.556+0000] {processor.py:830} INFO - Processing file /home/airflow/.local/lib/python3.12/site-packages/airflow/example_dags/example_branch_labels.py for tasks to queue
[2025-09-16T15:11:33.559+0000] {logging_mixin.py:188} INFO - [2025-09-16T15:11:33.558+0000] {dagbag.py:545} INFO - Filling up the DagBag from /home/airflow/.local/lib/python3.12/site-packages/airflow/example_dags/example_branch_labels.py
[2025-09-16T15:11:33.571+0000] {processor.py:840} INFO - DAG(s) 'example_branch_labels' retrieved from /home/airflow/.local/lib/python3.12/site-packages/airflow/example_dags/example_branch_labels.py
[2025-09-16T15:11:33.600+0000] {logging_mixin.py:188} INFO - [2025-09-16T15:11:33.599+0000] {dag.py:3096} INFO - Sync 1 DAGs
[2025-09-16T15:11:33.629+0000] {logging_mixin.py:188} INFO - [2025-09-16T15:11:33.628+0000] {dag.py:3954} INFO - Setting next_dagrun for example_branch_labels to 2025-09-15 00:00:00+00:00, run_after=2025-09-16 00:00:00+00:00
[2025-09-16T15:11:33.681+0000] {processor.py:183} INFO - Processing /home/airflow/.local/lib/python3.12/site-packages/airflow/example_dags/example_branch_labels.py took 0.134 seconds
[2025-09-16T15:12:03.899+0000] {processor.py:161} INFO - Started process (PID=1291) to work on /home/airflow/.local/lib/python3.12/site-packages/airflow/example_dags/example_branch_labels.py
[2025-09-16T15:12:03.901+0000] {processor.py:830} INFO - Processing file /home/airflow/.local/lib/python3.12/site-packages/airflow/example_dags/example_branch_labels.py for tasks to queue
[2025-09-16T15:12:03.904+0000] {logging_mixin.py:188} INFO - [2025-09-16T15:12:03.903+0000] {dagbag.py:545} INFO - Filling up the DagBag from /home/airflow/.local/lib/python3.12/site-packages/airflow/example_dags/example_branch_labels.py
[2025-09-16T15:12:03.915+0000] {processor.py:840} INFO - DAG(s) 'example_branch_labels' retrieved from /home/airflow/.local/lib/python3.12/site-packages/airflow/example_dags/example_branch_labels.py
[2025-09-16T15:12:03.945+0000] {logging_mixin.py:188} INFO - [2025-09-16T15:12:03.945+0000] {dag.py:3096} INFO - Sync 1 DAGs
[2025-09-16T15:12:04.007+0000] {logging_mixin.py:188} INFO - [2025-09-16T15:12:04.007+0000] {dag.py:3954} INFO - Setting next_dagrun for example_branch_labels to 2025-09-15 00:00:00+00:00, run_after=2025-09-16 00:00:00+00:00
[2025-09-16T15:12:04.073+0000] {processor.py:183} INFO - Processing /home/airflow/.local/lib/python3.12/site-packages/airflow/example_dags/example_branch_labels.py took 0.182 seconds
[2025-09-16T15:12:34.721+0000] {processor.py:161} INFO - Started process (PID=1351) to work on /home/airflow/.local/lib/python3.12/site-packages/airflow/example_dags/example_branch_labels.py
[2025-09-16T15:12:34.723+0000] {processor.py:830} INFO - Processing file /home/airflow/.local/lib/python3.12/site-packages/airflow/example_dags/example_branch_labels.py for tasks to queue
[2025-09-16T15:12:34.726+0000] {logging_mixin.py:188} INFO - [2025-09-16T15:12:34.726+0000] {dagbag.py:545} INFO - Filling up the DagBag from /home/airflow/.local/lib/python3.12/site-packages/airflow/example_dags/example_branch_labels.py
[2025-09-16T15:12:34.736+0000] {processor.py:840} INFO - DAG(s) 'example_branch_labels' retrieved from /home/airflow/.local/lib/python3.12/site-packages/airflow/example_dags/example_branch_labels.py
[2025-09-16T15:12:34.764+0000] {logging_mixin.py:188} INFO - [2025-09-16T15:12:34.764+0000] {dag.py:3096} INFO - Sync 1 DAGs
[2025-09-16T15:12:34.792+0000] {logging_mixin.py:188} INFO - [2025-09-16T15:12:34.791+0000] {dag.py:3954} INFO - Setting next_dagrun for example_branch_labels to 2025-09-15 00:00:00+00:00, run_after=2025-09-16 00:00:00+00:00
[2025-09-16T15:12:34.815+0000] {processor.py:183} INFO - Processing /home/airflow/.local/lib/python3.12/site-packages/airflow/example_dags/example_branch_labels.py took 0.102 seconds
[2025-09-16T15:13:05.355+0000] {processor.py:161} INFO - Started process (PID=1411) to work on /home/airflow/.local/lib/python3.12/site-packages/airflow/example_dags/example_branch_labels.py
[2025-09-16T15:13:05.357+0000] {processor.py:830} INFO - Processing file /home/airflow/.local/lib/python3.12/site-packages/airflow/example_dags/example_branch_labels.py for tasks to queue
[2025-09-16T15:13:05.360+0000] {logging_mixin.py:188} INFO - [2025-09-16T15:13:05.360+0000] {dagbag.py:545} INFO - Filling up the DagBag from /home/airflow/.local/lib/python3.12/site-packages/airflow/example_dags/example_branch_labels.py
[2025-09-16T15:13:05.372+0000] {processor.py:840} INFO - DAG(s) 'example_branch_labels' retrieved from /home/airflow/.local/lib/python3.12/site-packages/airflow/example_dags/example_branch_labels.py
[2025-09-16T15:13:05.402+0000] {logging_mixin.py:188} INFO - [2025-09-16T15:13:05.402+0000] {dag.py:3096} INFO - Sync 1 DAGs
[2025-09-16T15:13:05.434+0000] {logging_mixin.py:188} INFO - [2025-09-16T15:13:05.433+0000] {dag.py:3954} INFO - Setting next_dagrun for example_branch_labels to 2025-09-15 00:00:00+00:00, run_after=2025-09-16 00:00:00+00:00
[2025-09-16T15:13:05.463+0000] {processor.py:183} INFO - Processing /home/airflow/.local/lib/python3.12/site-packages/airflow/example_dags/example_branch_labels.py took 0.117 seconds
[2025-09-16T15:13:35.821+0000] {processor.py:161} INFO - Started process (PID=1471) to work on /home/airflow/.local/lib/python3.12/site-packages/airflow/example_dags/example_branch_labels.py
[2025-09-16T15:13:35.822+0000] {processor.py:830} INFO - Processing file /home/airflow/.local/lib/python3.12/site-packages/airflow/example_dags/example_branch_labels.py for tasks to queue
[2025-09-16T15:13:35.825+0000] {logging_mixin.py:188} INFO - [2025-09-16T15:13:35.825+0000] {dagbag.py:545} INFO - Filling up the DagBag from /home/airflow/.local/lib/python3.12/site-packages/airflow/example_dags/example_branch_labels.py
[2025-09-16T15:13:35.837+0000] {processor.py:840} INFO - DAG(s) 'example_branch_labels' retrieved from /home/airflow/.local/lib/python3.12/site-packages/airflow/example_dags/example_branch_labels.py
[2025-09-16T15:13:35.869+0000] {logging_mixin.py:188} INFO - [2025-09-16T15:13:35.868+0000] {dag.py:3096} INFO - Sync 1 DAGs
[2025-09-16T15:13:35.903+0000] {logging_mixin.py:188} INFO - [2025-09-16T15:13:35.903+0000] {dag.py:3954} INFO - Setting next_dagrun for example_branch_labels to 2025-09-15 00:00:00+00:00, run_after=2025-09-16 00:00:00+00:00
[2025-09-16T15:13:35.930+0000] {processor.py:183} INFO - Processing /home/airflow/.local/lib/python3.12/site-packages/airflow/example_dags/example_branch_labels.py took 0.118 seconds
