[2025-09-16T14:07:59.720+0000] {processor.py:161} INFO - Started process (PID=162) to work on /home/airflow/.local/lib/python3.12/site-packages/airflow/example_dags/example_params_trigger_ui.py
[2025-09-16T14:07:59.722+0000] {processor.py:830} INFO - Processing file /home/airflow/.local/lib/python3.12/site-packages/airflow/example_dags/example_params_trigger_ui.py for tasks to queue
[2025-09-16T14:07:59.726+0000] {logging_mixin.py:188} INFO - [2025-09-16T14:07:59.725+0000] {dagbag.py:545} INFO - Filling up the DagBag from /home/airflow/.local/lib/python3.12/site-packages/airflow/example_dags/example_params_trigger_ui.py
[2025-09-16T14:07:59.760+0000] {processor.py:840} INFO - DAG(s) 'example_params_trigger_ui' retrieved from /home/airflow/.local/lib/python3.12/site-packages/airflow/example_dags/example_params_trigger_ui.py
[2025-09-16T14:07:59.790+0000] {logging_mixin.py:188} INFO - [2025-09-16T14:07:59.790+0000] {dag.py:3096} INFO - Sync 1 DAGs
[2025-09-16T14:07:59.833+0000] {logging_mixin.py:188} INFO - [2025-09-16T14:07:59.833+0000] {dag.py:3954} INFO - Setting next_dagrun for example_params_trigger_ui to None, run_after=None
[2025-09-16T14:07:59.906+0000] {processor.py:183} INFO - Processing /home/airflow/.local/lib/python3.12/site-packages/airflow/example_dags/example_params_trigger_ui.py took 0.204 seconds
[2025-09-16T14:08:30.691+0000] {processor.py:161} INFO - Started process (PID=222) to work on /home/airflow/.local/lib/python3.12/site-packages/airflow/example_dags/example_params_trigger_ui.py
[2025-09-16T14:08:30.693+0000] {processor.py:830} INFO - Processing file /home/airflow/.local/lib/python3.12/site-packages/airflow/example_dags/example_params_trigger_ui.py for tasks to queue
[2025-09-16T14:08:30.697+0000] {logging_mixin.py:188} INFO - [2025-09-16T14:08:30.696+0000] {dagbag.py:545} INFO - Filling up the DagBag from /home/airflow/.local/lib/python3.12/site-packages/airflow/example_dags/example_params_trigger_ui.py
[2025-09-16T14:08:30.717+0000] {processor.py:840} INFO - DAG(s) 'example_params_trigger_ui' retrieved from /home/airflow/.local/lib/python3.12/site-packages/airflow/example_dags/example_params_trigger_ui.py
[2025-09-16T14:08:30.934+0000] {logging_mixin.py:188} INFO - [2025-09-16T14:08:30.934+0000] {dag.py:3096} INFO - Sync 1 DAGs
[2025-09-16T14:08:30.952+0000] {logging_mixin.py:188} INFO - [2025-09-16T14:08:30.951+0000] {dag.py:3954} INFO - Setting next_dagrun for example_params_trigger_ui to None, run_after=None
[2025-09-16T14:08:30.982+0000] {processor.py:183} INFO - Processing /home/airflow/.local/lib/python3.12/site-packages/airflow/example_dags/example_params_trigger_ui.py took 0.299 seconds
[2025-09-16T14:09:01.868+0000] {processor.py:161} INFO - Started process (PID=282) to work on /home/airflow/.local/lib/python3.12/site-packages/airflow/example_dags/example_params_trigger_ui.py
[2025-09-16T14:09:01.871+0000] {processor.py:830} INFO - Processing file /home/airflow/.local/lib/python3.12/site-packages/airflow/example_dags/example_params_trigger_ui.py for tasks to queue
[2025-09-16T14:09:01.875+0000] {logging_mixin.py:188} INFO - [2025-09-16T14:09:01.874+0000] {dagbag.py:545} INFO - Filling up the DagBag from /home/airflow/.local/lib/python3.12/site-packages/airflow/example_dags/example_params_trigger_ui.py
[2025-09-16T14:09:01.906+0000] {processor.py:840} INFO - DAG(s) 'example_params_trigger_ui' retrieved from /home/airflow/.local/lib/python3.12/site-packages/airflow/example_dags/example_params_trigger_ui.py
[2025-09-16T14:09:01.979+0000] {logging_mixin.py:188} INFO - [2025-09-16T14:09:01.978+0000] {dag.py:3096} INFO - Sync 1 DAGs
[2025-09-16T14:09:02.001+0000] {logging_mixin.py:188} INFO - [2025-09-16T14:09:02.001+0000] {dag.py:3954} INFO - Setting next_dagrun for example_params_trigger_ui to None, run_after=None
[2025-09-16T14:09:02.065+0000] {processor.py:183} INFO - Processing /home/airflow/.local/lib/python3.12/site-packages/airflow/example_dags/example_params_trigger_ui.py took 0.207 seconds
[2025-09-16T14:09:32.806+0000] {processor.py:161} INFO - Started process (PID=342) to work on /home/airflow/.local/lib/python3.12/site-packages/airflow/example_dags/example_params_trigger_ui.py
[2025-09-16T14:09:32.807+0000] {processor.py:830} INFO - Processing file /home/airflow/.local/lib/python3.12/site-packages/airflow/example_dags/example_params_trigger_ui.py for tasks to queue
[2025-09-16T14:09:32.810+0000] {logging_mixin.py:188} INFO - [2025-09-16T14:09:32.810+0000] {dagbag.py:545} INFO - Filling up the DagBag from /home/airflow/.local/lib/python3.12/site-packages/airflow/example_dags/example_params_trigger_ui.py
[2025-09-16T14:09:32.833+0000] {processor.py:840} INFO - DAG(s) 'example_params_trigger_ui' retrieved from /home/airflow/.local/lib/python3.12/site-packages/airflow/example_dags/example_params_trigger_ui.py
[2025-09-16T14:09:32.900+0000] {logging_mixin.py:188} INFO - [2025-09-16T14:09:32.900+0000] {dag.py:3096} INFO - Sync 1 DAGs
[2025-09-16T14:09:32.917+0000] {logging_mixin.py:188} INFO - [2025-09-16T14:09:32.917+0000] {dag.py:3954} INFO - Setting next_dagrun for example_params_trigger_ui to None, run_after=None
[2025-09-16T14:09:32.960+0000] {processor.py:183} INFO - Processing /home/airflow/.local/lib/python3.12/site-packages/airflow/example_dags/example_params_trigger_ui.py took 0.164 seconds
[2025-09-16T14:10:03.778+0000] {processor.py:161} INFO - Started process (PID=402) to work on /home/airflow/.local/lib/python3.12/site-packages/airflow/example_dags/example_params_trigger_ui.py
[2025-09-16T14:10:03.779+0000] {processor.py:830} INFO - Processing file /home/airflow/.local/lib/python3.12/site-packages/airflow/example_dags/example_params_trigger_ui.py for tasks to queue
[2025-09-16T14:10:03.782+0000] {logging_mixin.py:188} INFO - [2025-09-16T14:10:03.782+0000] {dagbag.py:545} INFO - Filling up the DagBag from /home/airflow/.local/lib/python3.12/site-packages/airflow/example_dags/example_params_trigger_ui.py
[2025-09-16T14:10:03.807+0000] {processor.py:840} INFO - DAG(s) 'example_params_trigger_ui' retrieved from /home/airflow/.local/lib/python3.12/site-packages/airflow/example_dags/example_params_trigger_ui.py
[2025-09-16T14:10:03.875+0000] {logging_mixin.py:188} INFO - [2025-09-16T14:10:03.875+0000] {dag.py:3096} INFO - Sync 1 DAGs
[2025-09-16T14:10:03.896+0000] {logging_mixin.py:188} INFO - [2025-09-16T14:10:03.896+0000] {dag.py:3954} INFO - Setting next_dagrun for example_params_trigger_ui to None, run_after=None
[2025-09-16T14:10:03.927+0000] {processor.py:183} INFO - Processing /home/airflow/.local/lib/python3.12/site-packages/airflow/example_dags/example_params_trigger_ui.py took 0.159 seconds
[2025-09-16T14:10:34.178+0000] {processor.py:161} INFO - Started process (PID=462) to work on /home/airflow/.local/lib/python3.12/site-packages/airflow/example_dags/example_params_trigger_ui.py
[2025-09-16T14:10:34.180+0000] {processor.py:830} INFO - Processing file /home/airflow/.local/lib/python3.12/site-packages/airflow/example_dags/example_params_trigger_ui.py for tasks to queue
[2025-09-16T14:10:34.183+0000] {logging_mixin.py:188} INFO - [2025-09-16T14:10:34.182+0000] {dagbag.py:545} INFO - Filling up the DagBag from /home/airflow/.local/lib/python3.12/site-packages/airflow/example_dags/example_params_trigger_ui.py
[2025-09-16T14:10:34.207+0000] {processor.py:840} INFO - DAG(s) 'example_params_trigger_ui' retrieved from /home/airflow/.local/lib/python3.12/site-packages/airflow/example_dags/example_params_trigger_ui.py
[2025-09-16T14:10:34.277+0000] {logging_mixin.py:188} INFO - [2025-09-16T14:10:34.277+0000] {dag.py:3096} INFO - Sync 1 DAGs
[2025-09-16T14:10:34.299+0000] {logging_mixin.py:188} INFO - [2025-09-16T14:10:34.298+0000] {dag.py:3954} INFO - Setting next_dagrun for example_params_trigger_ui to None, run_after=None
[2025-09-16T14:10:34.392+0000] {processor.py:183} INFO - Processing /home/airflow/.local/lib/python3.12/site-packages/airflow/example_dags/example_params_trigger_ui.py took 0.223 seconds
[2025-09-16T14:11:05.132+0000] {processor.py:161} INFO - Started process (PID=522) to work on /home/airflow/.local/lib/python3.12/site-packages/airflow/example_dags/example_params_trigger_ui.py
[2025-09-16T14:11:05.134+0000] {processor.py:830} INFO - Processing file /home/airflow/.local/lib/python3.12/site-packages/airflow/example_dags/example_params_trigger_ui.py for tasks to queue
[2025-09-16T14:11:05.137+0000] {logging_mixin.py:188} INFO - [2025-09-16T14:11:05.137+0000] {dagbag.py:545} INFO - Filling up the DagBag from /home/airflow/.local/lib/python3.12/site-packages/airflow/example_dags/example_params_trigger_ui.py
[2025-09-16T14:11:05.161+0000] {processor.py:840} INFO - DAG(s) 'example_params_trigger_ui' retrieved from /home/airflow/.local/lib/python3.12/site-packages/airflow/example_dags/example_params_trigger_ui.py
[2025-09-16T14:11:05.227+0000] {logging_mixin.py:188} INFO - [2025-09-16T14:11:05.226+0000] {dag.py:3096} INFO - Sync 1 DAGs
[2025-09-16T14:11:05.245+0000] {logging_mixin.py:188} INFO - [2025-09-16T14:11:05.245+0000] {dag.py:3954} INFO - Setting next_dagrun for example_params_trigger_ui to None, run_after=None
[2025-09-16T14:11:05.327+0000] {processor.py:183} INFO - Processing /home/airflow/.local/lib/python3.12/site-packages/airflow/example_dags/example_params_trigger_ui.py took 0.204 seconds
[2025-09-16T14:11:35.580+0000] {processor.py:161} INFO - Started process (PID=582) to work on /home/airflow/.local/lib/python3.12/site-packages/airflow/example_dags/example_params_trigger_ui.py
[2025-09-16T14:11:35.581+0000] {processor.py:830} INFO - Processing file /home/airflow/.local/lib/python3.12/site-packages/airflow/example_dags/example_params_trigger_ui.py for tasks to queue
[2025-09-16T14:11:35.586+0000] {logging_mixin.py:188} INFO - [2025-09-16T14:11:35.584+0000] {dagbag.py:545} INFO - Filling up the DagBag from /home/airflow/.local/lib/python3.12/site-packages/airflow/example_dags/example_params_trigger_ui.py
[2025-09-16T14:11:35.606+0000] {processor.py:840} INFO - DAG(s) 'example_params_trigger_ui' retrieved from /home/airflow/.local/lib/python3.12/site-packages/airflow/example_dags/example_params_trigger_ui.py
[2025-09-16T14:11:35.680+0000] {logging_mixin.py:188} INFO - [2025-09-16T14:11:35.680+0000] {dag.py:3096} INFO - Sync 1 DAGs
[2025-09-16T14:11:35.699+0000] {logging_mixin.py:188} INFO - [2025-09-16T14:11:35.699+0000] {dag.py:3954} INFO - Setting next_dagrun for example_params_trigger_ui to None, run_after=None
[2025-09-16T14:11:35.733+0000] {processor.py:183} INFO - Processing /home/airflow/.local/lib/python3.12/site-packages/airflow/example_dags/example_params_trigger_ui.py took 0.162 seconds
[2025-09-16T14:12:06.447+0000] {processor.py:161} INFO - Started process (PID=642) to work on /home/airflow/.local/lib/python3.12/site-packages/airflow/example_dags/example_params_trigger_ui.py
[2025-09-16T14:12:06.448+0000] {processor.py:830} INFO - Processing file /home/airflow/.local/lib/python3.12/site-packages/airflow/example_dags/example_params_trigger_ui.py for tasks to queue
[2025-09-16T14:12:06.455+0000] {logging_mixin.py:188} INFO - [2025-09-16T14:12:06.453+0000] {dagbag.py:545} INFO - Filling up the DagBag from /home/airflow/.local/lib/python3.12/site-packages/airflow/example_dags/example_params_trigger_ui.py
[2025-09-16T14:12:06.480+0000] {processor.py:840} INFO - DAG(s) 'example_params_trigger_ui' retrieved from /home/airflow/.local/lib/python3.12/site-packages/airflow/example_dags/example_params_trigger_ui.py
[2025-09-16T14:12:06.561+0000] {logging_mixin.py:188} INFO - [2025-09-16T14:12:06.560+0000] {dag.py:3096} INFO - Sync 1 DAGs
[2025-09-16T14:12:06.581+0000] {logging_mixin.py:188} INFO - [2025-09-16T14:12:06.581+0000] {dag.py:3954} INFO - Setting next_dagrun for example_params_trigger_ui to None, run_after=None
[2025-09-16T14:12:06.620+0000] {processor.py:183} INFO - Processing /home/airflow/.local/lib/python3.12/site-packages/airflow/example_dags/example_params_trigger_ui.py took 0.183 seconds
[2025-09-16T14:12:36.959+0000] {processor.py:161} INFO - Started process (PID=702) to work on /home/airflow/.local/lib/python3.12/site-packages/airflow/example_dags/example_params_trigger_ui.py
[2025-09-16T14:12:36.961+0000] {processor.py:830} INFO - Processing file /home/airflow/.local/lib/python3.12/site-packages/airflow/example_dags/example_params_trigger_ui.py for tasks to queue
[2025-09-16T14:12:36.963+0000] {logging_mixin.py:188} INFO - [2025-09-16T14:12:36.963+0000] {dagbag.py:545} INFO - Filling up the DagBag from /home/airflow/.local/lib/python3.12/site-packages/airflow/example_dags/example_params_trigger_ui.py
[2025-09-16T14:12:36.982+0000] {processor.py:840} INFO - DAG(s) 'example_params_trigger_ui' retrieved from /home/airflow/.local/lib/python3.12/site-packages/airflow/example_dags/example_params_trigger_ui.py
[2025-09-16T14:12:37.047+0000] {logging_mixin.py:188} INFO - [2025-09-16T14:12:37.047+0000] {dag.py:3096} INFO - Sync 1 DAGs
[2025-09-16T14:12:37.066+0000] {logging_mixin.py:188} INFO - [2025-09-16T14:12:37.066+0000] {dag.py:3954} INFO - Setting next_dagrun for example_params_trigger_ui to None, run_after=None
[2025-09-16T14:12:37.096+0000] {processor.py:183} INFO - Processing /home/airflow/.local/lib/python3.12/site-packages/airflow/example_dags/example_params_trigger_ui.py took 0.146 seconds
[2025-09-16T14:13:07.665+0000] {processor.py:161} INFO - Started process (PID=762) to work on /home/airflow/.local/lib/python3.12/site-packages/airflow/example_dags/example_params_trigger_ui.py
[2025-09-16T14:13:07.666+0000] {processor.py:830} INFO - Processing file /home/airflow/.local/lib/python3.12/site-packages/airflow/example_dags/example_params_trigger_ui.py for tasks to queue
[2025-09-16T14:13:07.670+0000] {logging_mixin.py:188} INFO - [2025-09-16T14:13:07.670+0000] {dagbag.py:545} INFO - Filling up the DagBag from /home/airflow/.local/lib/python3.12/site-packages/airflow/example_dags/example_params_trigger_ui.py
[2025-09-16T14:13:07.693+0000] {processor.py:840} INFO - DAG(s) 'example_params_trigger_ui' retrieved from /home/airflow/.local/lib/python3.12/site-packages/airflow/example_dags/example_params_trigger_ui.py
[2025-09-16T14:13:07.760+0000] {logging_mixin.py:188} INFO - [2025-09-16T14:13:07.759+0000] {dag.py:3096} INFO - Sync 1 DAGs
[2025-09-16T14:13:07.778+0000] {logging_mixin.py:188} INFO - [2025-09-16T14:13:07.777+0000] {dag.py:3954} INFO - Setting next_dagrun for example_params_trigger_ui to None, run_after=None
[2025-09-16T14:13:07.805+0000] {processor.py:183} INFO - Processing /home/airflow/.local/lib/python3.12/site-packages/airflow/example_dags/example_params_trigger_ui.py took 0.150 seconds
[2025-09-16T14:13:38.140+0000] {processor.py:161} INFO - Started process (PID=822) to work on /home/airflow/.local/lib/python3.12/site-packages/airflow/example_dags/example_params_trigger_ui.py
[2025-09-16T14:13:38.142+0000] {processor.py:830} INFO - Processing file /home/airflow/.local/lib/python3.12/site-packages/airflow/example_dags/example_params_trigger_ui.py for tasks to queue
[2025-09-16T14:13:38.145+0000] {logging_mixin.py:188} INFO - [2025-09-16T14:13:38.144+0000] {dagbag.py:545} INFO - Filling up the DagBag from /home/airflow/.local/lib/python3.12/site-packages/airflow/example_dags/example_params_trigger_ui.py
[2025-09-16T14:13:38.166+0000] {processor.py:840} INFO - DAG(s) 'example_params_trigger_ui' retrieved from /home/airflow/.local/lib/python3.12/site-packages/airflow/example_dags/example_params_trigger_ui.py
[2025-09-16T14:13:38.236+0000] {logging_mixin.py:188} INFO - [2025-09-16T14:13:38.235+0000] {dag.py:3096} INFO - Sync 1 DAGs
[2025-09-16T14:13:38.256+0000] {logging_mixin.py:188} INFO - [2025-09-16T14:13:38.256+0000] {dag.py:3954} INFO - Setting next_dagrun for example_params_trigger_ui to None, run_after=None
[2025-09-16T14:13:38.300+0000] {processor.py:183} INFO - Processing /home/airflow/.local/lib/python3.12/site-packages/airflow/example_dags/example_params_trigger_ui.py took 0.168 seconds
[2025-09-16T14:14:09.461+0000] {processor.py:161} INFO - Started process (PID=888) to work on /home/airflow/.local/lib/python3.12/site-packages/airflow/example_dags/example_params_trigger_ui.py
[2025-09-16T14:14:09.463+0000] {processor.py:830} INFO - Processing file /home/airflow/.local/lib/python3.12/site-packages/airflow/example_dags/example_params_trigger_ui.py for tasks to queue
[2025-09-16T14:14:09.466+0000] {logging_mixin.py:188} INFO - [2025-09-16T14:14:09.466+0000] {dagbag.py:545} INFO - Filling up the DagBag from /home/airflow/.local/lib/python3.12/site-packages/airflow/example_dags/example_params_trigger_ui.py
[2025-09-16T14:14:09.484+0000] {processor.py:840} INFO - DAG(s) 'example_params_trigger_ui' retrieved from /home/airflow/.local/lib/python3.12/site-packages/airflow/example_dags/example_params_trigger_ui.py
[2025-09-16T14:14:09.549+0000] {logging_mixin.py:188} INFO - [2025-09-16T14:14:09.549+0000] {dag.py:3096} INFO - Sync 1 DAGs
[2025-09-16T14:14:09.569+0000] {logging_mixin.py:188} INFO - [2025-09-16T14:14:09.569+0000] {dag.py:3954} INFO - Setting next_dagrun for example_params_trigger_ui to None, run_after=None
[2025-09-16T14:14:09.605+0000] {processor.py:183} INFO - Processing /home/airflow/.local/lib/python3.12/site-packages/airflow/example_dags/example_params_trigger_ui.py took 0.152 seconds
[2025-09-16T14:14:39.974+0000] {processor.py:161} INFO - Started process (PID=950) to work on /home/airflow/.local/lib/python3.12/site-packages/airflow/example_dags/example_params_trigger_ui.py
[2025-09-16T14:14:39.976+0000] {processor.py:830} INFO - Processing file /home/airflow/.local/lib/python3.12/site-packages/airflow/example_dags/example_params_trigger_ui.py for tasks to queue
[2025-09-16T14:14:39.981+0000] {logging_mixin.py:188} INFO - [2025-09-16T14:14:39.980+0000] {dagbag.py:545} INFO - Filling up the DagBag from /home/airflow/.local/lib/python3.12/site-packages/airflow/example_dags/example_params_trigger_ui.py
[2025-09-16T14:14:40.013+0000] {processor.py:840} INFO - DAG(s) 'example_params_trigger_ui' retrieved from /home/airflow/.local/lib/python3.12/site-packages/airflow/example_dags/example_params_trigger_ui.py
[2025-09-16T14:14:40.141+0000] {logging_mixin.py:188} INFO - [2025-09-16T14:14:40.141+0000] {dag.py:3096} INFO - Sync 1 DAGs
[2025-09-16T14:14:40.178+0000] {logging_mixin.py:188} INFO - [2025-09-16T14:14:40.177+0000] {dag.py:3954} INFO - Setting next_dagrun for example_params_trigger_ui to None, run_after=None
[2025-09-16T14:14:40.261+0000] {processor.py:183} INFO - Processing /home/airflow/.local/lib/python3.12/site-packages/airflow/example_dags/example_params_trigger_ui.py took 0.300 seconds
[2025-09-16T14:16:47.938+0000] {processor.py:161} INFO - Started process (PID=115) to work on /home/airflow/.local/lib/python3.12/site-packages/airflow/example_dags/example_params_trigger_ui.py
[2025-09-16T14:16:47.940+0000] {processor.py:830} INFO - Processing file /home/airflow/.local/lib/python3.12/site-packages/airflow/example_dags/example_params_trigger_ui.py for tasks to queue
[2025-09-16T14:16:47.943+0000] {logging_mixin.py:188} INFO - [2025-09-16T14:16:47.942+0000] {dagbag.py:545} INFO - Filling up the DagBag from /home/airflow/.local/lib/python3.12/site-packages/airflow/example_dags/example_params_trigger_ui.py
[2025-09-16T14:16:47.965+0000] {processor.py:840} INFO - DAG(s) 'example_params_trigger_ui' retrieved from /home/airflow/.local/lib/python3.12/site-packages/airflow/example_dags/example_params_trigger_ui.py
[2025-09-16T14:16:48.176+0000] {logging_mixin.py:188} INFO - [2025-09-16T14:16:48.175+0000] {dag.py:3096} INFO - Sync 1 DAGs
[2025-09-16T14:16:48.195+0000] {logging_mixin.py:188} INFO - [2025-09-16T14:16:48.195+0000] {dag.py:3954} INFO - Setting next_dagrun for example_params_trigger_ui to None, run_after=None
[2025-09-16T14:16:48.233+0000] {processor.py:183} INFO - Processing /home/airflow/.local/lib/python3.12/site-packages/airflow/example_dags/example_params_trigger_ui.py took 0.303 seconds
[2025-09-16T14:17:18.862+0000] {processor.py:161} INFO - Started process (PID=176) to work on /home/airflow/.local/lib/python3.12/site-packages/airflow/example_dags/example_params_trigger_ui.py
[2025-09-16T14:17:18.864+0000] {processor.py:830} INFO - Processing file /home/airflow/.local/lib/python3.12/site-packages/airflow/example_dags/example_params_trigger_ui.py for tasks to queue
[2025-09-16T14:17:18.867+0000] {logging_mixin.py:188} INFO - [2025-09-16T14:17:18.866+0000] {dagbag.py:545} INFO - Filling up the DagBag from /home/airflow/.local/lib/python3.12/site-packages/airflow/example_dags/example_params_trigger_ui.py
[2025-09-16T14:17:18.886+0000] {processor.py:840} INFO - DAG(s) 'example_params_trigger_ui' retrieved from /home/airflow/.local/lib/python3.12/site-packages/airflow/example_dags/example_params_trigger_ui.py
[2025-09-16T14:17:18.949+0000] {logging_mixin.py:188} INFO - [2025-09-16T14:17:18.948+0000] {dag.py:3096} INFO - Sync 1 DAGs
[2025-09-16T14:17:18.967+0000] {logging_mixin.py:188} INFO - [2025-09-16T14:17:18.967+0000] {dag.py:3954} INFO - Setting next_dagrun for example_params_trigger_ui to None, run_after=None
[2025-09-16T14:17:19.006+0000] {processor.py:183} INFO - Processing /home/airflow/.local/lib/python3.12/site-packages/airflow/example_dags/example_params_trigger_ui.py took 0.152 seconds
[2025-09-16T14:17:49.399+0000] {processor.py:161} INFO - Started process (PID=236) to work on /home/airflow/.local/lib/python3.12/site-packages/airflow/example_dags/example_params_trigger_ui.py
[2025-09-16T14:17:49.401+0000] {processor.py:830} INFO - Processing file /home/airflow/.local/lib/python3.12/site-packages/airflow/example_dags/example_params_trigger_ui.py for tasks to queue
[2025-09-16T14:17:49.405+0000] {logging_mixin.py:188} INFO - [2025-09-16T14:17:49.404+0000] {dagbag.py:545} INFO - Filling up the DagBag from /home/airflow/.local/lib/python3.12/site-packages/airflow/example_dags/example_params_trigger_ui.py
[2025-09-16T14:17:49.428+0000] {processor.py:840} INFO - DAG(s) 'example_params_trigger_ui' retrieved from /home/airflow/.local/lib/python3.12/site-packages/airflow/example_dags/example_params_trigger_ui.py
[2025-09-16T14:17:49.504+0000] {logging_mixin.py:188} INFO - [2025-09-16T14:17:49.503+0000] {dag.py:3096} INFO - Sync 1 DAGs
[2025-09-16T14:17:49.526+0000] {logging_mixin.py:188} INFO - [2025-09-16T14:17:49.526+0000] {dag.py:3954} INFO - Setting next_dagrun for example_params_trigger_ui to None, run_after=None
[2025-09-16T14:17:49.563+0000] {processor.py:183} INFO - Processing /home/airflow/.local/lib/python3.12/site-packages/airflow/example_dags/example_params_trigger_ui.py took 0.174 seconds
[2025-09-16T14:18:20.125+0000] {processor.py:161} INFO - Started process (PID=296) to work on /home/airflow/.local/lib/python3.12/site-packages/airflow/example_dags/example_params_trigger_ui.py
[2025-09-16T14:18:20.127+0000] {processor.py:830} INFO - Processing file /home/airflow/.local/lib/python3.12/site-packages/airflow/example_dags/example_params_trigger_ui.py for tasks to queue
[2025-09-16T14:18:20.130+0000] {logging_mixin.py:188} INFO - [2025-09-16T14:18:20.130+0000] {dagbag.py:545} INFO - Filling up the DagBag from /home/airflow/.local/lib/python3.12/site-packages/airflow/example_dags/example_params_trigger_ui.py
[2025-09-16T14:18:20.152+0000] {processor.py:840} INFO - DAG(s) 'example_params_trigger_ui' retrieved from /home/airflow/.local/lib/python3.12/site-packages/airflow/example_dags/example_params_trigger_ui.py
[2025-09-16T14:18:20.217+0000] {logging_mixin.py:188} INFO - [2025-09-16T14:18:20.216+0000] {dag.py:3096} INFO - Sync 1 DAGs
[2025-09-16T14:18:20.241+0000] {logging_mixin.py:188} INFO - [2025-09-16T14:18:20.240+0000] {dag.py:3954} INFO - Setting next_dagrun for example_params_trigger_ui to None, run_after=None
[2025-09-16T14:18:20.271+0000] {processor.py:183} INFO - Processing /home/airflow/.local/lib/python3.12/site-packages/airflow/example_dags/example_params_trigger_ui.py took 0.155 seconds
[2025-09-16T14:18:50.601+0000] {processor.py:161} INFO - Started process (PID=356) to work on /home/airflow/.local/lib/python3.12/site-packages/airflow/example_dags/example_params_trigger_ui.py
[2025-09-16T14:18:50.603+0000] {processor.py:830} INFO - Processing file /home/airflow/.local/lib/python3.12/site-packages/airflow/example_dags/example_params_trigger_ui.py for tasks to queue
[2025-09-16T14:18:50.606+0000] {logging_mixin.py:188} INFO - [2025-09-16T14:18:50.605+0000] {dagbag.py:545} INFO - Filling up the DagBag from /home/airflow/.local/lib/python3.12/site-packages/airflow/example_dags/example_params_trigger_ui.py
[2025-09-16T14:18:50.624+0000] {processor.py:840} INFO - DAG(s) 'example_params_trigger_ui' retrieved from /home/airflow/.local/lib/python3.12/site-packages/airflow/example_dags/example_params_trigger_ui.py
[2025-09-16T14:18:50.689+0000] {logging_mixin.py:188} INFO - [2025-09-16T14:18:50.689+0000] {dag.py:3096} INFO - Sync 1 DAGs
[2025-09-16T14:18:50.709+0000] {logging_mixin.py:188} INFO - [2025-09-16T14:18:50.708+0000] {dag.py:3954} INFO - Setting next_dagrun for example_params_trigger_ui to None, run_after=None
[2025-09-16T14:18:50.737+0000] {processor.py:183} INFO - Processing /home/airflow/.local/lib/python3.12/site-packages/airflow/example_dags/example_params_trigger_ui.py took 0.144 seconds
[2025-09-16T14:19:21.527+0000] {processor.py:161} INFO - Started process (PID=415) to work on /home/airflow/.local/lib/python3.12/site-packages/airflow/example_dags/example_params_trigger_ui.py
[2025-09-16T14:19:21.529+0000] {processor.py:830} INFO - Processing file /home/airflow/.local/lib/python3.12/site-packages/airflow/example_dags/example_params_trigger_ui.py for tasks to queue
[2025-09-16T14:19:21.532+0000] {logging_mixin.py:188} INFO - [2025-09-16T14:19:21.532+0000] {dagbag.py:545} INFO - Filling up the DagBag from /home/airflow/.local/lib/python3.12/site-packages/airflow/example_dags/example_params_trigger_ui.py
[2025-09-16T14:19:21.557+0000] {processor.py:840} INFO - DAG(s) 'example_params_trigger_ui' retrieved from /home/airflow/.local/lib/python3.12/site-packages/airflow/example_dags/example_params_trigger_ui.py
[2025-09-16T14:19:21.648+0000] {logging_mixin.py:188} INFO - [2025-09-16T14:19:21.648+0000] {dag.py:3096} INFO - Sync 1 DAGs
[2025-09-16T14:19:21.677+0000] {logging_mixin.py:188} INFO - [2025-09-16T14:19:21.677+0000] {dag.py:3954} INFO - Setting next_dagrun for example_params_trigger_ui to None, run_after=None
[2025-09-16T14:19:21.725+0000] {processor.py:183} INFO - Processing /home/airflow/.local/lib/python3.12/site-packages/airflow/example_dags/example_params_trigger_ui.py took 0.209 seconds
[2025-09-16T14:19:52.011+0000] {processor.py:161} INFO - Started process (PID=475) to work on /home/airflow/.local/lib/python3.12/site-packages/airflow/example_dags/example_params_trigger_ui.py
[2025-09-16T14:19:52.013+0000] {processor.py:830} INFO - Processing file /home/airflow/.local/lib/python3.12/site-packages/airflow/example_dags/example_params_trigger_ui.py for tasks to queue
[2025-09-16T14:19:52.016+0000] {logging_mixin.py:188} INFO - [2025-09-16T14:19:52.016+0000] {dagbag.py:545} INFO - Filling up the DagBag from /home/airflow/.local/lib/python3.12/site-packages/airflow/example_dags/example_params_trigger_ui.py
[2025-09-16T14:19:52.039+0000] {processor.py:840} INFO - DAG(s) 'example_params_trigger_ui' retrieved from /home/airflow/.local/lib/python3.12/site-packages/airflow/example_dags/example_params_trigger_ui.py
[2025-09-16T14:19:52.108+0000] {logging_mixin.py:188} INFO - [2025-09-16T14:19:52.107+0000] {dag.py:3096} INFO - Sync 1 DAGs
[2025-09-16T14:19:52.128+0000] {logging_mixin.py:188} INFO - [2025-09-16T14:19:52.127+0000] {dag.py:3954} INFO - Setting next_dagrun for example_params_trigger_ui to None, run_after=None
[2025-09-16T14:19:52.159+0000] {processor.py:183} INFO - Processing /home/airflow/.local/lib/python3.12/site-packages/airflow/example_dags/example_params_trigger_ui.py took 0.157 seconds
[2025-09-16T14:20:22.645+0000] {processor.py:161} INFO - Started process (PID=535) to work on /home/airflow/.local/lib/python3.12/site-packages/airflow/example_dags/example_params_trigger_ui.py
[2025-09-16T14:20:22.646+0000] {processor.py:830} INFO - Processing file /home/airflow/.local/lib/python3.12/site-packages/airflow/example_dags/example_params_trigger_ui.py for tasks to queue
[2025-09-16T14:20:22.650+0000] {logging_mixin.py:188} INFO - [2025-09-16T14:20:22.649+0000] {dagbag.py:545} INFO - Filling up the DagBag from /home/airflow/.local/lib/python3.12/site-packages/airflow/example_dags/example_params_trigger_ui.py
[2025-09-16T14:20:22.669+0000] {processor.py:840} INFO - DAG(s) 'example_params_trigger_ui' retrieved from /home/airflow/.local/lib/python3.12/site-packages/airflow/example_dags/example_params_trigger_ui.py
[2025-09-16T14:20:22.738+0000] {logging_mixin.py:188} INFO - [2025-09-16T14:20:22.738+0000] {dag.py:3096} INFO - Sync 1 DAGs
[2025-09-16T14:20:22.757+0000] {logging_mixin.py:188} INFO - [2025-09-16T14:20:22.757+0000] {dag.py:3954} INFO - Setting next_dagrun for example_params_trigger_ui to None, run_after=None
[2025-09-16T14:20:22.789+0000] {processor.py:183} INFO - Processing /home/airflow/.local/lib/python3.12/site-packages/airflow/example_dags/example_params_trigger_ui.py took 0.152 seconds
[2025-09-16T14:20:54.347+0000] {processor.py:161} INFO - Started process (PID=597) to work on /home/airflow/.local/lib/python3.12/site-packages/airflow/example_dags/example_params_trigger_ui.py
[2025-09-16T14:20:54.349+0000] {processor.py:830} INFO - Processing file /home/airflow/.local/lib/python3.12/site-packages/airflow/example_dags/example_params_trigger_ui.py for tasks to queue
[2025-09-16T14:20:54.352+0000] {logging_mixin.py:188} INFO - [2025-09-16T14:20:54.351+0000] {dagbag.py:545} INFO - Filling up the DagBag from /home/airflow/.local/lib/python3.12/site-packages/airflow/example_dags/example_params_trigger_ui.py
[2025-09-16T14:20:54.372+0000] {processor.py:840} INFO - DAG(s) 'example_params_trigger_ui' retrieved from /home/airflow/.local/lib/python3.12/site-packages/airflow/example_dags/example_params_trigger_ui.py
[2025-09-16T14:20:54.444+0000] {logging_mixin.py:188} INFO - [2025-09-16T14:20:54.443+0000] {dag.py:3096} INFO - Sync 1 DAGs
[2025-09-16T14:20:54.470+0000] {logging_mixin.py:188} INFO - [2025-09-16T14:20:54.470+0000] {dag.py:3954} INFO - Setting next_dagrun for example_params_trigger_ui to None, run_after=None
[2025-09-16T14:20:54.546+0000] {processor.py:183} INFO - Processing /home/airflow/.local/lib/python3.12/site-packages/airflow/example_dags/example_params_trigger_ui.py took 0.208 seconds
[2025-09-16T14:54:13.940+0000] {processor.py:161} INFO - Started process (PID=114) to work on /home/airflow/.local/lib/python3.12/site-packages/airflow/example_dags/example_params_trigger_ui.py
[2025-09-16T14:54:13.942+0000] {processor.py:830} INFO - Processing file /home/airflow/.local/lib/python3.12/site-packages/airflow/example_dags/example_params_trigger_ui.py for tasks to queue
[2025-09-16T14:54:13.945+0000] {logging_mixin.py:188} INFO - [2025-09-16T14:54:13.945+0000] {dagbag.py:545} INFO - Filling up the DagBag from /home/airflow/.local/lib/python3.12/site-packages/airflow/example_dags/example_params_trigger_ui.py
[2025-09-16T14:54:13.968+0000] {processor.py:840} INFO - DAG(s) 'example_params_trigger_ui' retrieved from /home/airflow/.local/lib/python3.12/site-packages/airflow/example_dags/example_params_trigger_ui.py
[2025-09-16T14:54:14.153+0000] {logging_mixin.py:188} INFO - [2025-09-16T14:54:14.153+0000] {dag.py:3096} INFO - Sync 1 DAGs
[2025-09-16T14:54:14.170+0000] {logging_mixin.py:188} INFO - [2025-09-16T14:54:14.169+0000] {dag.py:3954} INFO - Setting next_dagrun for example_params_trigger_ui to None, run_after=None
[2025-09-16T14:54:14.200+0000] {processor.py:183} INFO - Processing /home/airflow/.local/lib/python3.12/site-packages/airflow/example_dags/example_params_trigger_ui.py took 0.268 seconds
[2025-09-16T14:54:44.768+0000] {processor.py:161} INFO - Started process (PID=174) to work on /home/airflow/.local/lib/python3.12/site-packages/airflow/example_dags/example_params_trigger_ui.py
[2025-09-16T14:54:44.770+0000] {processor.py:830} INFO - Processing file /home/airflow/.local/lib/python3.12/site-packages/airflow/example_dags/example_params_trigger_ui.py for tasks to queue
[2025-09-16T14:54:44.774+0000] {logging_mixin.py:188} INFO - [2025-09-16T14:54:44.773+0000] {dagbag.py:545} INFO - Filling up the DagBag from /home/airflow/.local/lib/python3.12/site-packages/airflow/example_dags/example_params_trigger_ui.py
[2025-09-16T14:54:44.795+0000] {processor.py:840} INFO - DAG(s) 'example_params_trigger_ui' retrieved from /home/airflow/.local/lib/python3.12/site-packages/airflow/example_dags/example_params_trigger_ui.py
[2025-09-16T14:54:44.879+0000] {logging_mixin.py:188} INFO - [2025-09-16T14:54:44.878+0000] {dag.py:3096} INFO - Sync 1 DAGs
[2025-09-16T14:54:44.901+0000] {logging_mixin.py:188} INFO - [2025-09-16T14:54:44.900+0000] {dag.py:3954} INFO - Setting next_dagrun for example_params_trigger_ui to None, run_after=None
[2025-09-16T14:54:44.980+0000] {processor.py:183} INFO - Processing /home/airflow/.local/lib/python3.12/site-packages/airflow/example_dags/example_params_trigger_ui.py took 0.222 seconds
[2025-09-16T14:55:15.591+0000] {processor.py:161} INFO - Started process (PID=235) to work on /home/airflow/.local/lib/python3.12/site-packages/airflow/example_dags/example_params_trigger_ui.py
[2025-09-16T14:55:15.594+0000] {processor.py:830} INFO - Processing file /home/airflow/.local/lib/python3.12/site-packages/airflow/example_dags/example_params_trigger_ui.py for tasks to queue
[2025-09-16T14:55:15.597+0000] {logging_mixin.py:188} INFO - [2025-09-16T14:55:15.597+0000] {dagbag.py:545} INFO - Filling up the DagBag from /home/airflow/.local/lib/python3.12/site-packages/airflow/example_dags/example_params_trigger_ui.py
[2025-09-16T14:55:15.616+0000] {processor.py:840} INFO - DAG(s) 'example_params_trigger_ui' retrieved from /home/airflow/.local/lib/python3.12/site-packages/airflow/example_dags/example_params_trigger_ui.py
[2025-09-16T14:55:15.681+0000] {logging_mixin.py:188} INFO - [2025-09-16T14:55:15.680+0000] {dag.py:3096} INFO - Sync 1 DAGs
[2025-09-16T14:55:15.698+0000] {logging_mixin.py:188} INFO - [2025-09-16T14:55:15.698+0000] {dag.py:3954} INFO - Setting next_dagrun for example_params_trigger_ui to None, run_after=None
[2025-09-16T14:55:15.723+0000] {processor.py:183} INFO - Processing /home/airflow/.local/lib/python3.12/site-packages/airflow/example_dags/example_params_trigger_ui.py took 0.139 seconds
[2025-09-16T14:55:46.247+0000] {processor.py:161} INFO - Started process (PID=295) to work on /home/airflow/.local/lib/python3.12/site-packages/airflow/example_dags/example_params_trigger_ui.py
[2025-09-16T14:55:46.249+0000] {processor.py:830} INFO - Processing file /home/airflow/.local/lib/python3.12/site-packages/airflow/example_dags/example_params_trigger_ui.py for tasks to queue
[2025-09-16T14:55:46.252+0000] {logging_mixin.py:188} INFO - [2025-09-16T14:55:46.252+0000] {dagbag.py:545} INFO - Filling up the DagBag from /home/airflow/.local/lib/python3.12/site-packages/airflow/example_dags/example_params_trigger_ui.py
[2025-09-16T14:55:46.271+0000] {processor.py:840} INFO - DAG(s) 'example_params_trigger_ui' retrieved from /home/airflow/.local/lib/python3.12/site-packages/airflow/example_dags/example_params_trigger_ui.py
[2025-09-16T14:55:46.331+0000] {logging_mixin.py:188} INFO - [2025-09-16T14:55:46.331+0000] {dag.py:3096} INFO - Sync 1 DAGs
[2025-09-16T14:55:46.350+0000] {logging_mixin.py:188} INFO - [2025-09-16T14:55:46.350+0000] {dag.py:3954} INFO - Setting next_dagrun for example_params_trigger_ui to None, run_after=None
[2025-09-16T14:55:46.409+0000] {processor.py:183} INFO - Processing /home/airflow/.local/lib/python3.12/site-packages/airflow/example_dags/example_params_trigger_ui.py took 0.170 seconds
[2025-09-16T14:56:17.359+0000] {processor.py:161} INFO - Started process (PID=355) to work on /home/airflow/.local/lib/python3.12/site-packages/airflow/example_dags/example_params_trigger_ui.py
[2025-09-16T14:56:17.362+0000] {processor.py:830} INFO - Processing file /home/airflow/.local/lib/python3.12/site-packages/airflow/example_dags/example_params_trigger_ui.py for tasks to queue
[2025-09-16T14:56:17.367+0000] {logging_mixin.py:188} INFO - [2025-09-16T14:56:17.366+0000] {dagbag.py:545} INFO - Filling up the DagBag from /home/airflow/.local/lib/python3.12/site-packages/airflow/example_dags/example_params_trigger_ui.py
[2025-09-16T14:56:17.403+0000] {processor.py:840} INFO - DAG(s) 'example_params_trigger_ui' retrieved from /home/airflow/.local/lib/python3.12/site-packages/airflow/example_dags/example_params_trigger_ui.py
[2025-09-16T14:56:17.491+0000] {logging_mixin.py:188} INFO - [2025-09-16T14:56:17.491+0000] {dag.py:3096} INFO - Sync 1 DAGs
[2025-09-16T14:56:17.511+0000] {logging_mixin.py:188} INFO - [2025-09-16T14:56:17.511+0000] {dag.py:3954} INFO - Setting next_dagrun for example_params_trigger_ui to None, run_after=None
[2025-09-16T14:56:17.543+0000] {processor.py:183} INFO - Processing /home/airflow/.local/lib/python3.12/site-packages/airflow/example_dags/example_params_trigger_ui.py took 0.197 seconds
[2025-09-16T14:56:47.926+0000] {processor.py:161} INFO - Started process (PID=415) to work on /home/airflow/.local/lib/python3.12/site-packages/airflow/example_dags/example_params_trigger_ui.py
[2025-09-16T14:56:47.929+0000] {processor.py:830} INFO - Processing file /home/airflow/.local/lib/python3.12/site-packages/airflow/example_dags/example_params_trigger_ui.py for tasks to queue
[2025-09-16T14:56:47.933+0000] {logging_mixin.py:188} INFO - [2025-09-16T14:56:47.932+0000] {dagbag.py:545} INFO - Filling up the DagBag from /home/airflow/.local/lib/python3.12/site-packages/airflow/example_dags/example_params_trigger_ui.py
[2025-09-16T14:56:47.970+0000] {processor.py:840} INFO - DAG(s) 'example_params_trigger_ui' retrieved from /home/airflow/.local/lib/python3.12/site-packages/airflow/example_dags/example_params_trigger_ui.py
[2025-09-16T14:56:48.052+0000] {logging_mixin.py:188} INFO - [2025-09-16T14:56:48.051+0000] {dag.py:3096} INFO - Sync 1 DAGs
[2025-09-16T14:56:48.071+0000] {logging_mixin.py:188} INFO - [2025-09-16T14:56:48.071+0000] {dag.py:3954} INFO - Setting next_dagrun for example_params_trigger_ui to None, run_after=None
[2025-09-16T14:56:48.104+0000] {processor.py:183} INFO - Processing /home/airflow/.local/lib/python3.12/site-packages/airflow/example_dags/example_params_trigger_ui.py took 0.190 seconds
[2025-09-16T14:57:18.297+0000] {processor.py:161} INFO - Started process (PID=475) to work on /home/airflow/.local/lib/python3.12/site-packages/airflow/example_dags/example_params_trigger_ui.py
[2025-09-16T14:57:18.299+0000] {processor.py:830} INFO - Processing file /home/airflow/.local/lib/python3.12/site-packages/airflow/example_dags/example_params_trigger_ui.py for tasks to queue
[2025-09-16T14:57:18.302+0000] {logging_mixin.py:188} INFO - [2025-09-16T14:57:18.301+0000] {dagbag.py:545} INFO - Filling up the DagBag from /home/airflow/.local/lib/python3.12/site-packages/airflow/example_dags/example_params_trigger_ui.py
[2025-09-16T14:57:18.324+0000] {processor.py:840} INFO - DAG(s) 'example_params_trigger_ui' retrieved from /home/airflow/.local/lib/python3.12/site-packages/airflow/example_dags/example_params_trigger_ui.py
[2025-09-16T14:57:18.417+0000] {logging_mixin.py:188} INFO - [2025-09-16T14:57:18.416+0000] {dag.py:3096} INFO - Sync 1 DAGs
[2025-09-16T14:57:18.442+0000] {logging_mixin.py:188} INFO - [2025-09-16T14:57:18.441+0000] {dag.py:3954} INFO - Setting next_dagrun for example_params_trigger_ui to None, run_after=None
[2025-09-16T14:57:18.483+0000] {processor.py:183} INFO - Processing /home/airflow/.local/lib/python3.12/site-packages/airflow/example_dags/example_params_trigger_ui.py took 0.195 seconds
[2025-09-16T14:57:48.643+0000] {processor.py:161} INFO - Started process (PID=535) to work on /home/airflow/.local/lib/python3.12/site-packages/airflow/example_dags/example_params_trigger_ui.py
[2025-09-16T14:57:48.644+0000] {processor.py:830} INFO - Processing file /home/airflow/.local/lib/python3.12/site-packages/airflow/example_dags/example_params_trigger_ui.py for tasks to queue
[2025-09-16T14:57:48.647+0000] {logging_mixin.py:188} INFO - [2025-09-16T14:57:48.647+0000] {dagbag.py:545} INFO - Filling up the DagBag from /home/airflow/.local/lib/python3.12/site-packages/airflow/example_dags/example_params_trigger_ui.py
[2025-09-16T14:57:48.666+0000] {processor.py:840} INFO - DAG(s) 'example_params_trigger_ui' retrieved from /home/airflow/.local/lib/python3.12/site-packages/airflow/example_dags/example_params_trigger_ui.py
[2025-09-16T14:57:48.727+0000] {logging_mixin.py:188} INFO - [2025-09-16T14:57:48.726+0000] {dag.py:3096} INFO - Sync 1 DAGs
[2025-09-16T14:57:48.749+0000] {logging_mixin.py:188} INFO - [2025-09-16T14:57:48.749+0000] {dag.py:3954} INFO - Setting next_dagrun for example_params_trigger_ui to None, run_after=None
[2025-09-16T14:57:48.783+0000] {processor.py:183} INFO - Processing /home/airflow/.local/lib/python3.12/site-packages/airflow/example_dags/example_params_trigger_ui.py took 0.148 seconds
[2025-09-16T14:58:19.214+0000] {processor.py:161} INFO - Started process (PID=595) to work on /home/airflow/.local/lib/python3.12/site-packages/airflow/example_dags/example_params_trigger_ui.py
[2025-09-16T14:58:19.216+0000] {processor.py:830} INFO - Processing file /home/airflow/.local/lib/python3.12/site-packages/airflow/example_dags/example_params_trigger_ui.py for tasks to queue
[2025-09-16T14:58:19.219+0000] {logging_mixin.py:188} INFO - [2025-09-16T14:58:19.218+0000] {dagbag.py:545} INFO - Filling up the DagBag from /home/airflow/.local/lib/python3.12/site-packages/airflow/example_dags/example_params_trigger_ui.py
[2025-09-16T14:58:19.239+0000] {processor.py:840} INFO - DAG(s) 'example_params_trigger_ui' retrieved from /home/airflow/.local/lib/python3.12/site-packages/airflow/example_dags/example_params_trigger_ui.py
[2025-09-16T14:58:19.302+0000] {logging_mixin.py:188} INFO - [2025-09-16T14:58:19.301+0000] {dag.py:3096} INFO - Sync 1 DAGs
[2025-09-16T14:58:19.321+0000] {logging_mixin.py:188} INFO - [2025-09-16T14:58:19.321+0000] {dag.py:3954} INFO - Setting next_dagrun for example_params_trigger_ui to None, run_after=None
[2025-09-16T14:58:19.347+0000] {processor.py:183} INFO - Processing /home/airflow/.local/lib/python3.12/site-packages/airflow/example_dags/example_params_trigger_ui.py took 0.142 seconds
[2025-09-16T14:58:50.335+0000] {processor.py:161} INFO - Started process (PID=654) to work on /home/airflow/.local/lib/python3.12/site-packages/airflow/example_dags/example_params_trigger_ui.py
[2025-09-16T14:58:50.337+0000] {processor.py:830} INFO - Processing file /home/airflow/.local/lib/python3.12/site-packages/airflow/example_dags/example_params_trigger_ui.py for tasks to queue
[2025-09-16T14:58:50.341+0000] {logging_mixin.py:188} INFO - [2025-09-16T14:58:50.340+0000] {dagbag.py:545} INFO - Filling up the DagBag from /home/airflow/.local/lib/python3.12/site-packages/airflow/example_dags/example_params_trigger_ui.py
[2025-09-16T14:58:50.362+0000] {processor.py:840} INFO - DAG(s) 'example_params_trigger_ui' retrieved from /home/airflow/.local/lib/python3.12/site-packages/airflow/example_dags/example_params_trigger_ui.py
[2025-09-16T14:58:50.427+0000] {logging_mixin.py:188} INFO - [2025-09-16T14:58:50.427+0000] {dag.py:3096} INFO - Sync 1 DAGs
[2025-09-16T14:58:50.447+0000] {logging_mixin.py:188} INFO - [2025-09-16T14:58:50.447+0000] {dag.py:3954} INFO - Setting next_dagrun for example_params_trigger_ui to None, run_after=None
[2025-09-16T14:58:50.476+0000] {processor.py:183} INFO - Processing /home/airflow/.local/lib/python3.12/site-packages/airflow/example_dags/example_params_trigger_ui.py took 0.151 seconds
[2025-09-16T14:59:20.625+0000] {processor.py:161} INFO - Started process (PID=714) to work on /home/airflow/.local/lib/python3.12/site-packages/airflow/example_dags/example_params_trigger_ui.py
[2025-09-16T14:59:20.627+0000] {processor.py:830} INFO - Processing file /home/airflow/.local/lib/python3.12/site-packages/airflow/example_dags/example_params_trigger_ui.py for tasks to queue
[2025-09-16T14:59:20.630+0000] {logging_mixin.py:188} INFO - [2025-09-16T14:59:20.629+0000] {dagbag.py:545} INFO - Filling up the DagBag from /home/airflow/.local/lib/python3.12/site-packages/airflow/example_dags/example_params_trigger_ui.py
[2025-09-16T14:59:20.648+0000] {processor.py:840} INFO - DAG(s) 'example_params_trigger_ui' retrieved from /home/airflow/.local/lib/python3.12/site-packages/airflow/example_dags/example_params_trigger_ui.py
[2025-09-16T14:59:20.709+0000] {logging_mixin.py:188} INFO - [2025-09-16T14:59:20.709+0000] {dag.py:3096} INFO - Sync 1 DAGs
[2025-09-16T14:59:20.727+0000] {logging_mixin.py:188} INFO - [2025-09-16T14:59:20.727+0000] {dag.py:3954} INFO - Setting next_dagrun for example_params_trigger_ui to None, run_after=None
[2025-09-16T14:59:20.756+0000] {processor.py:183} INFO - Processing /home/airflow/.local/lib/python3.12/site-packages/airflow/example_dags/example_params_trigger_ui.py took 0.138 seconds
[2025-09-16T14:59:50.974+0000] {processor.py:161} INFO - Started process (PID=774) to work on /home/airflow/.local/lib/python3.12/site-packages/airflow/example_dags/example_params_trigger_ui.py
[2025-09-16T14:59:50.976+0000] {processor.py:830} INFO - Processing file /home/airflow/.local/lib/python3.12/site-packages/airflow/example_dags/example_params_trigger_ui.py for tasks to queue
[2025-09-16T14:59:50.981+0000] {logging_mixin.py:188} INFO - [2025-09-16T14:59:50.980+0000] {dagbag.py:545} INFO - Filling up the DagBag from /home/airflow/.local/lib/python3.12/site-packages/airflow/example_dags/example_params_trigger_ui.py
[2025-09-16T14:59:51.019+0000] {processor.py:840} INFO - DAG(s) 'example_params_trigger_ui' retrieved from /home/airflow/.local/lib/python3.12/site-packages/airflow/example_dags/example_params_trigger_ui.py
[2025-09-16T14:59:51.094+0000] {logging_mixin.py:188} INFO - [2025-09-16T14:59:51.094+0000] {dag.py:3096} INFO - Sync 1 DAGs
[2025-09-16T14:59:51.113+0000] {logging_mixin.py:188} INFO - [2025-09-16T14:59:51.113+0000] {dag.py:3954} INFO - Setting next_dagrun for example_params_trigger_ui to None, run_after=None
[2025-09-16T14:59:51.147+0000] {processor.py:183} INFO - Processing /home/airflow/.local/lib/python3.12/site-packages/airflow/example_dags/example_params_trigger_ui.py took 0.186 seconds
[2025-09-16T15:00:21.223+0000] {processor.py:161} INFO - Started process (PID=834) to work on /home/airflow/.local/lib/python3.12/site-packages/airflow/example_dags/example_params_trigger_ui.py
[2025-09-16T15:00:21.224+0000] {processor.py:830} INFO - Processing file /home/airflow/.local/lib/python3.12/site-packages/airflow/example_dags/example_params_trigger_ui.py for tasks to queue
[2025-09-16T15:00:21.227+0000] {logging_mixin.py:188} INFO - [2025-09-16T15:00:21.226+0000] {dagbag.py:545} INFO - Filling up the DagBag from /home/airflow/.local/lib/python3.12/site-packages/airflow/example_dags/example_params_trigger_ui.py
[2025-09-16T15:00:21.242+0000] {processor.py:840} INFO - DAG(s) 'example_params_trigger_ui' retrieved from /home/airflow/.local/lib/python3.12/site-packages/airflow/example_dags/example_params_trigger_ui.py
[2025-09-16T15:00:21.307+0000] {logging_mixin.py:188} INFO - [2025-09-16T15:00:21.306+0000] {dag.py:3096} INFO - Sync 1 DAGs
[2025-09-16T15:00:21.326+0000] {logging_mixin.py:188} INFO - [2025-09-16T15:00:21.325+0000] {dag.py:3954} INFO - Setting next_dagrun for example_params_trigger_ui to None, run_after=None
[2025-09-16T15:00:21.356+0000] {processor.py:183} INFO - Processing /home/airflow/.local/lib/python3.12/site-packages/airflow/example_dags/example_params_trigger_ui.py took 0.139 seconds
[2025-09-16T15:01:56.572+0000] {processor.py:161} INFO - Started process (PID=115) to work on /home/airflow/.local/lib/python3.12/site-packages/airflow/example_dags/example_params_trigger_ui.py
[2025-09-16T15:01:56.574+0000] {processor.py:830} INFO - Processing file /home/airflow/.local/lib/python3.12/site-packages/airflow/example_dags/example_params_trigger_ui.py for tasks to queue
[2025-09-16T15:01:56.577+0000] {logging_mixin.py:188} INFO - [2025-09-16T15:01:56.576+0000] {dagbag.py:545} INFO - Filling up the DagBag from /home/airflow/.local/lib/python3.12/site-packages/airflow/example_dags/example_params_trigger_ui.py
[2025-09-16T15:01:56.596+0000] {processor.py:840} INFO - DAG(s) 'example_params_trigger_ui' retrieved from /home/airflow/.local/lib/python3.12/site-packages/airflow/example_dags/example_params_trigger_ui.py
[2025-09-16T15:01:56.789+0000] {logging_mixin.py:188} INFO - [2025-09-16T15:01:56.789+0000] {dag.py:3096} INFO - Sync 1 DAGs
[2025-09-16T15:01:56.806+0000] {logging_mixin.py:188} INFO - [2025-09-16T15:01:56.806+0000] {dag.py:3954} INFO - Setting next_dagrun for example_params_trigger_ui to None, run_after=None
[2025-09-16T15:01:56.841+0000] {processor.py:183} INFO - Processing /home/airflow/.local/lib/python3.12/site-packages/airflow/example_dags/example_params_trigger_ui.py took 0.277 seconds
[2025-09-16T15:02:26.937+0000] {processor.py:161} INFO - Started process (PID=175) to work on /home/airflow/.local/lib/python3.12/site-packages/airflow/example_dags/example_params_trigger_ui.py
[2025-09-16T15:02:26.939+0000] {processor.py:830} INFO - Processing file /home/airflow/.local/lib/python3.12/site-packages/airflow/example_dags/example_params_trigger_ui.py for tasks to queue
[2025-09-16T15:02:26.942+0000] {logging_mixin.py:188} INFO - [2025-09-16T15:02:26.941+0000] {dagbag.py:545} INFO - Filling up the DagBag from /home/airflow/.local/lib/python3.12/site-packages/airflow/example_dags/example_params_trigger_ui.py
[2025-09-16T15:02:26.961+0000] {processor.py:840} INFO - DAG(s) 'example_params_trigger_ui' retrieved from /home/airflow/.local/lib/python3.12/site-packages/airflow/example_dags/example_params_trigger_ui.py
[2025-09-16T15:02:26.981+0000] {logging_mixin.py:188} INFO - [2025-09-16T15:02:26.980+0000] {dag.py:3096} INFO - Sync 1 DAGs
[2025-09-16T15:02:26.998+0000] {logging_mixin.py:188} INFO - [2025-09-16T15:02:26.998+0000] {dag.py:3954} INFO - Setting next_dagrun for example_params_trigger_ui to None, run_after=None
[2025-09-16T15:02:27.029+0000] {processor.py:183} INFO - Processing /home/airflow/.local/lib/python3.12/site-packages/airflow/example_dags/example_params_trigger_ui.py took 0.100 seconds
[2025-09-16T15:02:58.425+0000] {processor.py:161} INFO - Started process (PID=235) to work on /home/airflow/.local/lib/python3.12/site-packages/airflow/example_dags/example_params_trigger_ui.py
[2025-09-16T15:02:58.427+0000] {processor.py:830} INFO - Processing file /home/airflow/.local/lib/python3.12/site-packages/airflow/example_dags/example_params_trigger_ui.py for tasks to queue
[2025-09-16T15:02:58.430+0000] {logging_mixin.py:188} INFO - [2025-09-16T15:02:58.429+0000] {dagbag.py:545} INFO - Filling up the DagBag from /home/airflow/.local/lib/python3.12/site-packages/airflow/example_dags/example_params_trigger_ui.py
[2025-09-16T15:02:58.449+0000] {processor.py:840} INFO - DAG(s) 'example_params_trigger_ui' retrieved from /home/airflow/.local/lib/python3.12/site-packages/airflow/example_dags/example_params_trigger_ui.py
[2025-09-16T15:02:58.628+0000] {logging_mixin.py:188} INFO - [2025-09-16T15:02:58.628+0000] {dag.py:3096} INFO - Sync 1 DAGs
[2025-09-16T15:02:58.644+0000] {logging_mixin.py:188} INFO - [2025-09-16T15:02:58.643+0000] {dag.py:3954} INFO - Setting next_dagrun for example_params_trigger_ui to None, run_after=None
[2025-09-16T15:02:58.678+0000] {processor.py:183} INFO - Processing /home/airflow/.local/lib/python3.12/site-packages/airflow/example_dags/example_params_trigger_ui.py took 0.261 seconds
[2025-09-16T15:03:28.898+0000] {processor.py:161} INFO - Started process (PID=295) to work on /home/airflow/.local/lib/python3.12/site-packages/airflow/example_dags/example_params_trigger_ui.py
[2025-09-16T15:03:28.900+0000] {processor.py:830} INFO - Processing file /home/airflow/.local/lib/python3.12/site-packages/airflow/example_dags/example_params_trigger_ui.py for tasks to queue
[2025-09-16T15:03:28.903+0000] {logging_mixin.py:188} INFO - [2025-09-16T15:03:28.903+0000] {dagbag.py:545} INFO - Filling up the DagBag from /home/airflow/.local/lib/python3.12/site-packages/airflow/example_dags/example_params_trigger_ui.py
[2025-09-16T15:03:28.924+0000] {processor.py:840} INFO - DAG(s) 'example_params_trigger_ui' retrieved from /home/airflow/.local/lib/python3.12/site-packages/airflow/example_dags/example_params_trigger_ui.py
[2025-09-16T15:03:29.000+0000] {logging_mixin.py:188} INFO - [2025-09-16T15:03:29.000+0000] {dag.py:3096} INFO - Sync 1 DAGs
[2025-09-16T15:03:29.019+0000] {logging_mixin.py:188} INFO - [2025-09-16T15:03:29.018+0000] {dag.py:3954} INFO - Setting next_dagrun for example_params_trigger_ui to None, run_after=None
[2025-09-16T15:03:29.050+0000] {processor.py:183} INFO - Processing /home/airflow/.local/lib/python3.12/site-packages/airflow/example_dags/example_params_trigger_ui.py took 0.162 seconds
[2025-09-16T15:03:59.257+0000] {processor.py:161} INFO - Started process (PID=355) to work on /home/airflow/.local/lib/python3.12/site-packages/airflow/example_dags/example_params_trigger_ui.py
[2025-09-16T15:03:59.259+0000] {processor.py:830} INFO - Processing file /home/airflow/.local/lib/python3.12/site-packages/airflow/example_dags/example_params_trigger_ui.py for tasks to queue
[2025-09-16T15:03:59.262+0000] {logging_mixin.py:188} INFO - [2025-09-16T15:03:59.262+0000] {dagbag.py:545} INFO - Filling up the DagBag from /home/airflow/.local/lib/python3.12/site-packages/airflow/example_dags/example_params_trigger_ui.py
[2025-09-16T15:03:59.284+0000] {processor.py:840} INFO - DAG(s) 'example_params_trigger_ui' retrieved from /home/airflow/.local/lib/python3.12/site-packages/airflow/example_dags/example_params_trigger_ui.py
[2025-09-16T15:03:59.353+0000] {logging_mixin.py:188} INFO - [2025-09-16T15:03:59.353+0000] {dag.py:3096} INFO - Sync 1 DAGs
[2025-09-16T15:03:59.373+0000] {logging_mixin.py:188} INFO - [2025-09-16T15:03:59.372+0000] {dag.py:3954} INFO - Setting next_dagrun for example_params_trigger_ui to None, run_after=None
[2025-09-16T15:03:59.400+0000] {processor.py:183} INFO - Processing /home/airflow/.local/lib/python3.12/site-packages/airflow/example_dags/example_params_trigger_ui.py took 0.152 seconds
[2025-09-16T15:04:30.345+0000] {processor.py:161} INFO - Started process (PID=415) to work on /home/airflow/.local/lib/python3.12/site-packages/airflow/example_dags/example_params_trigger_ui.py
[2025-09-16T15:04:30.348+0000] {processor.py:830} INFO - Processing file /home/airflow/.local/lib/python3.12/site-packages/airflow/example_dags/example_params_trigger_ui.py for tasks to queue
[2025-09-16T15:04:30.351+0000] {logging_mixin.py:188} INFO - [2025-09-16T15:04:30.351+0000] {dagbag.py:545} INFO - Filling up the DagBag from /home/airflow/.local/lib/python3.12/site-packages/airflow/example_dags/example_params_trigger_ui.py
[2025-09-16T15:04:30.375+0000] {processor.py:840} INFO - DAG(s) 'example_params_trigger_ui' retrieved from /home/airflow/.local/lib/python3.12/site-packages/airflow/example_dags/example_params_trigger_ui.py
[2025-09-16T15:04:30.448+0000] {logging_mixin.py:188} INFO - [2025-09-16T15:04:30.448+0000] {dag.py:3096} INFO - Sync 1 DAGs
[2025-09-16T15:04:30.468+0000] {logging_mixin.py:188} INFO - [2025-09-16T15:04:30.468+0000] {dag.py:3954} INFO - Setting next_dagrun for example_params_trigger_ui to None, run_after=None
[2025-09-16T15:04:30.500+0000] {processor.py:183} INFO - Processing /home/airflow/.local/lib/python3.12/site-packages/airflow/example_dags/example_params_trigger_ui.py took 0.165 seconds
[2025-09-16T15:05:01.130+0000] {processor.py:161} INFO - Started process (PID=475) to work on /home/airflow/.local/lib/python3.12/site-packages/airflow/example_dags/example_params_trigger_ui.py
[2025-09-16T15:05:01.132+0000] {processor.py:830} INFO - Processing file /home/airflow/.local/lib/python3.12/site-packages/airflow/example_dags/example_params_trigger_ui.py for tasks to queue
[2025-09-16T15:05:01.134+0000] {logging_mixin.py:188} INFO - [2025-09-16T15:05:01.134+0000] {dagbag.py:545} INFO - Filling up the DagBag from /home/airflow/.local/lib/python3.12/site-packages/airflow/example_dags/example_params_trigger_ui.py
[2025-09-16T15:05:01.153+0000] {processor.py:840} INFO - DAG(s) 'example_params_trigger_ui' retrieved from /home/airflow/.local/lib/python3.12/site-packages/airflow/example_dags/example_params_trigger_ui.py
[2025-09-16T15:05:01.216+0000] {logging_mixin.py:188} INFO - [2025-09-16T15:05:01.215+0000] {dag.py:3096} INFO - Sync 1 DAGs
[2025-09-16T15:05:01.234+0000] {logging_mixin.py:188} INFO - [2025-09-16T15:05:01.233+0000] {dag.py:3954} INFO - Setting next_dagrun for example_params_trigger_ui to None, run_after=None
[2025-09-16T15:05:01.266+0000] {processor.py:183} INFO - Processing /home/airflow/.local/lib/python3.12/site-packages/airflow/example_dags/example_params_trigger_ui.py took 0.144 seconds
[2025-09-16T15:05:31.600+0000] {processor.py:161} INFO - Started process (PID=534) to work on /home/airflow/.local/lib/python3.12/site-packages/airflow/example_dags/example_params_trigger_ui.py
[2025-09-16T15:05:31.602+0000] {processor.py:830} INFO - Processing file /home/airflow/.local/lib/python3.12/site-packages/airflow/example_dags/example_params_trigger_ui.py for tasks to queue
[2025-09-16T15:05:31.605+0000] {logging_mixin.py:188} INFO - [2025-09-16T15:05:31.605+0000] {dagbag.py:545} INFO - Filling up the DagBag from /home/airflow/.local/lib/python3.12/site-packages/airflow/example_dags/example_params_trigger_ui.py
[2025-09-16T15:05:31.625+0000] {processor.py:840} INFO - DAG(s) 'example_params_trigger_ui' retrieved from /home/airflow/.local/lib/python3.12/site-packages/airflow/example_dags/example_params_trigger_ui.py
[2025-09-16T15:05:31.691+0000] {logging_mixin.py:188} INFO - [2025-09-16T15:05:31.691+0000] {dag.py:3096} INFO - Sync 1 DAGs
[2025-09-16T15:05:31.711+0000] {logging_mixin.py:188} INFO - [2025-09-16T15:05:31.710+0000] {dag.py:3954} INFO - Setting next_dagrun for example_params_trigger_ui to None, run_after=None
[2025-09-16T15:05:31.743+0000] {processor.py:183} INFO - Processing /home/airflow/.local/lib/python3.12/site-packages/airflow/example_dags/example_params_trigger_ui.py took 0.151 seconds
[2025-09-16T15:06:02.378+0000] {processor.py:161} INFO - Started process (PID=594) to work on /home/airflow/.local/lib/python3.12/site-packages/airflow/example_dags/example_params_trigger_ui.py
[2025-09-16T15:06:02.379+0000] {processor.py:830} INFO - Processing file /home/airflow/.local/lib/python3.12/site-packages/airflow/example_dags/example_params_trigger_ui.py for tasks to queue
[2025-09-16T15:06:02.381+0000] {logging_mixin.py:188} INFO - [2025-09-16T15:06:02.381+0000] {dagbag.py:545} INFO - Filling up the DagBag from /home/airflow/.local/lib/python3.12/site-packages/airflow/example_dags/example_params_trigger_ui.py
[2025-09-16T15:06:02.397+0000] {processor.py:840} INFO - DAG(s) 'example_params_trigger_ui' retrieved from /home/airflow/.local/lib/python3.12/site-packages/airflow/example_dags/example_params_trigger_ui.py
[2025-09-16T15:06:02.449+0000] {logging_mixin.py:188} INFO - [2025-09-16T15:06:02.448+0000] {dag.py:3096} INFO - Sync 1 DAGs
[2025-09-16T15:06:02.466+0000] {logging_mixin.py:188} INFO - [2025-09-16T15:06:02.466+0000] {dag.py:3954} INFO - Setting next_dagrun for example_params_trigger_ui to None, run_after=None
[2025-09-16T15:06:02.493+0000] {processor.py:183} INFO - Processing /home/airflow/.local/lib/python3.12/site-packages/airflow/example_dags/example_params_trigger_ui.py took 0.121 seconds
[2025-09-16T15:06:32.786+0000] {processor.py:161} INFO - Started process (PID=654) to work on /home/airflow/.local/lib/python3.12/site-packages/airflow/example_dags/example_params_trigger_ui.py
[2025-09-16T15:06:32.788+0000] {processor.py:830} INFO - Processing file /home/airflow/.local/lib/python3.12/site-packages/airflow/example_dags/example_params_trigger_ui.py for tasks to queue
[2025-09-16T15:06:32.791+0000] {logging_mixin.py:188} INFO - [2025-09-16T15:06:32.790+0000] {dagbag.py:545} INFO - Filling up the DagBag from /home/airflow/.local/lib/python3.12/site-packages/airflow/example_dags/example_params_trigger_ui.py
[2025-09-16T15:06:32.811+0000] {processor.py:840} INFO - DAG(s) 'example_params_trigger_ui' retrieved from /home/airflow/.local/lib/python3.12/site-packages/airflow/example_dags/example_params_trigger_ui.py
[2025-09-16T15:06:32.872+0000] {logging_mixin.py:188} INFO - [2025-09-16T15:06:32.871+0000] {dag.py:3096} INFO - Sync 1 DAGs
[2025-09-16T15:06:32.890+0000] {logging_mixin.py:188} INFO - [2025-09-16T15:06:32.890+0000] {dag.py:3954} INFO - Setting next_dagrun for example_params_trigger_ui to None, run_after=None
[2025-09-16T15:06:32.919+0000] {processor.py:183} INFO - Processing /home/airflow/.local/lib/python3.12/site-packages/airflow/example_dags/example_params_trigger_ui.py took 0.142 seconds
[2025-09-16T15:07:03.310+0000] {processor.py:161} INFO - Started process (PID=714) to work on /home/airflow/.local/lib/python3.12/site-packages/airflow/example_dags/example_params_trigger_ui.py
[2025-09-16T15:07:03.312+0000] {processor.py:830} INFO - Processing file /home/airflow/.local/lib/python3.12/site-packages/airflow/example_dags/example_params_trigger_ui.py for tasks to queue
[2025-09-16T15:07:03.314+0000] {logging_mixin.py:188} INFO - [2025-09-16T15:07:03.314+0000] {dagbag.py:545} INFO - Filling up the DagBag from /home/airflow/.local/lib/python3.12/site-packages/airflow/example_dags/example_params_trigger_ui.py
[2025-09-16T15:07:03.331+0000] {processor.py:840} INFO - DAG(s) 'example_params_trigger_ui' retrieved from /home/airflow/.local/lib/python3.12/site-packages/airflow/example_dags/example_params_trigger_ui.py
[2025-09-16T15:07:03.387+0000] {logging_mixin.py:188} INFO - [2025-09-16T15:07:03.387+0000] {dag.py:3096} INFO - Sync 1 DAGs
[2025-09-16T15:07:03.404+0000] {logging_mixin.py:188} INFO - [2025-09-16T15:07:03.404+0000] {dag.py:3954} INFO - Setting next_dagrun for example_params_trigger_ui to None, run_after=None
[2025-09-16T15:07:03.433+0000] {processor.py:183} INFO - Processing /home/airflow/.local/lib/python3.12/site-packages/airflow/example_dags/example_params_trigger_ui.py took 0.129 seconds
[2025-09-16T15:07:33.688+0000] {processor.py:161} INFO - Started process (PID=774) to work on /home/airflow/.local/lib/python3.12/site-packages/airflow/example_dags/example_params_trigger_ui.py
[2025-09-16T15:07:33.689+0000] {processor.py:830} INFO - Processing file /home/airflow/.local/lib/python3.12/site-packages/airflow/example_dags/example_params_trigger_ui.py for tasks to queue
[2025-09-16T15:07:33.692+0000] {logging_mixin.py:188} INFO - [2025-09-16T15:07:33.691+0000] {dagbag.py:545} INFO - Filling up the DagBag from /home/airflow/.local/lib/python3.12/site-packages/airflow/example_dags/example_params_trigger_ui.py
[2025-09-16T15:07:33.707+0000] {processor.py:840} INFO - DAG(s) 'example_params_trigger_ui' retrieved from /home/airflow/.local/lib/python3.12/site-packages/airflow/example_dags/example_params_trigger_ui.py
[2025-09-16T15:07:33.761+0000] {logging_mixin.py:188} INFO - [2025-09-16T15:07:33.760+0000] {dag.py:3096} INFO - Sync 1 DAGs
[2025-09-16T15:07:33.777+0000] {logging_mixin.py:188} INFO - [2025-09-16T15:07:33.777+0000] {dag.py:3954} INFO - Setting next_dagrun for example_params_trigger_ui to None, run_after=None
[2025-09-16T15:07:33.802+0000] {processor.py:183} INFO - Processing /home/airflow/.local/lib/python3.12/site-packages/airflow/example_dags/example_params_trigger_ui.py took 0.121 seconds
[2025-09-16T15:08:04.464+0000] {processor.py:161} INFO - Started process (PID=834) to work on /home/airflow/.local/lib/python3.12/site-packages/airflow/example_dags/example_params_trigger_ui.py
[2025-09-16T15:08:04.465+0000] {processor.py:830} INFO - Processing file /home/airflow/.local/lib/python3.12/site-packages/airflow/example_dags/example_params_trigger_ui.py for tasks to queue
[2025-09-16T15:08:04.467+0000] {logging_mixin.py:188} INFO - [2025-09-16T15:08:04.467+0000] {dagbag.py:545} INFO - Filling up the DagBag from /home/airflow/.local/lib/python3.12/site-packages/airflow/example_dags/example_params_trigger_ui.py
[2025-09-16T15:08:04.482+0000] {processor.py:840} INFO - DAG(s) 'example_params_trigger_ui' retrieved from /home/airflow/.local/lib/python3.12/site-packages/airflow/example_dags/example_params_trigger_ui.py
[2025-09-16T15:08:04.544+0000] {logging_mixin.py:188} INFO - [2025-09-16T15:08:04.544+0000] {dag.py:3096} INFO - Sync 1 DAGs
[2025-09-16T15:08:04.565+0000] {logging_mixin.py:188} INFO - [2025-09-16T15:08:04.564+0000] {dag.py:3954} INFO - Setting next_dagrun for example_params_trigger_ui to None, run_after=None
[2025-09-16T15:08:04.595+0000] {processor.py:183} INFO - Processing /home/airflow/.local/lib/python3.12/site-packages/airflow/example_dags/example_params_trigger_ui.py took 0.137 seconds
[2025-09-16T15:08:35.550+0000] {processor.py:161} INFO - Started process (PID=894) to work on /home/airflow/.local/lib/python3.12/site-packages/airflow/example_dags/example_params_trigger_ui.py
[2025-09-16T15:08:35.552+0000] {processor.py:830} INFO - Processing file /home/airflow/.local/lib/python3.12/site-packages/airflow/example_dags/example_params_trigger_ui.py for tasks to queue
[2025-09-16T15:08:35.555+0000] {logging_mixin.py:188} INFO - [2025-09-16T15:08:35.554+0000] {dagbag.py:545} INFO - Filling up the DagBag from /home/airflow/.local/lib/python3.12/site-packages/airflow/example_dags/example_params_trigger_ui.py
[2025-09-16T15:08:35.573+0000] {processor.py:840} INFO - DAG(s) 'example_params_trigger_ui' retrieved from /home/airflow/.local/lib/python3.12/site-packages/airflow/example_dags/example_params_trigger_ui.py
[2025-09-16T15:08:35.635+0000] {logging_mixin.py:188} INFO - [2025-09-16T15:08:35.634+0000] {dag.py:3096} INFO - Sync 1 DAGs
[2025-09-16T15:08:35.652+0000] {logging_mixin.py:188} INFO - [2025-09-16T15:08:35.651+0000] {dag.py:3954} INFO - Setting next_dagrun for example_params_trigger_ui to None, run_after=None
[2025-09-16T15:08:35.692+0000] {processor.py:183} INFO - Processing /home/airflow/.local/lib/python3.12/site-packages/airflow/example_dags/example_params_trigger_ui.py took 0.148 seconds
[2025-09-16T15:09:06.283+0000] {processor.py:161} INFO - Started process (PID=954) to work on /home/airflow/.local/lib/python3.12/site-packages/airflow/example_dags/example_params_trigger_ui.py
[2025-09-16T15:09:06.285+0000] {processor.py:830} INFO - Processing file /home/airflow/.local/lib/python3.12/site-packages/airflow/example_dags/example_params_trigger_ui.py for tasks to queue
[2025-09-16T15:09:06.290+0000] {logging_mixin.py:188} INFO - [2025-09-16T15:09:06.289+0000] {dagbag.py:545} INFO - Filling up the DagBag from /home/airflow/.local/lib/python3.12/site-packages/airflow/example_dags/example_params_trigger_ui.py
[2025-09-16T15:09:06.317+0000] {processor.py:840} INFO - DAG(s) 'example_params_trigger_ui' retrieved from /home/airflow/.local/lib/python3.12/site-packages/airflow/example_dags/example_params_trigger_ui.py
[2025-09-16T15:09:06.382+0000] {logging_mixin.py:188} INFO - [2025-09-16T15:09:06.381+0000] {dag.py:3096} INFO - Sync 1 DAGs
[2025-09-16T15:09:06.401+0000] {logging_mixin.py:188} INFO - [2025-09-16T15:09:06.400+0000] {dag.py:3954} INFO - Setting next_dagrun for example_params_trigger_ui to None, run_after=None
[2025-09-16T15:09:06.433+0000] {processor.py:183} INFO - Processing /home/airflow/.local/lib/python3.12/site-packages/airflow/example_dags/example_params_trigger_ui.py took 0.162 seconds
[2025-09-16T15:09:36.826+0000] {processor.py:161} INFO - Started process (PID=1014) to work on /home/airflow/.local/lib/python3.12/site-packages/airflow/example_dags/example_params_trigger_ui.py
[2025-09-16T15:09:36.829+0000] {processor.py:830} INFO - Processing file /home/airflow/.local/lib/python3.12/site-packages/airflow/example_dags/example_params_trigger_ui.py for tasks to queue
[2025-09-16T15:09:36.833+0000] {logging_mixin.py:188} INFO - [2025-09-16T15:09:36.832+0000] {dagbag.py:545} INFO - Filling up the DagBag from /home/airflow/.local/lib/python3.12/site-packages/airflow/example_dags/example_params_trigger_ui.py
[2025-09-16T15:09:36.865+0000] {processor.py:840} INFO - DAG(s) 'example_params_trigger_ui' retrieved from /home/airflow/.local/lib/python3.12/site-packages/airflow/example_dags/example_params_trigger_ui.py
[2025-09-16T15:09:36.942+0000] {logging_mixin.py:188} INFO - [2025-09-16T15:09:36.941+0000] {dag.py:3096} INFO - Sync 1 DAGs
[2025-09-16T15:09:36.967+0000] {logging_mixin.py:188} INFO - [2025-09-16T15:09:36.966+0000] {dag.py:3954} INFO - Setting next_dagrun for example_params_trigger_ui to None, run_after=None
[2025-09-16T15:09:36.997+0000] {processor.py:183} INFO - Processing /home/airflow/.local/lib/python3.12/site-packages/airflow/example_dags/example_params_trigger_ui.py took 0.184 seconds
[2025-09-16T15:10:07.187+0000] {processor.py:161} INFO - Started process (PID=1074) to work on /home/airflow/.local/lib/python3.12/site-packages/airflow/example_dags/example_params_trigger_ui.py
[2025-09-16T15:10:07.189+0000] {processor.py:830} INFO - Processing file /home/airflow/.local/lib/python3.12/site-packages/airflow/example_dags/example_params_trigger_ui.py for tasks to queue
[2025-09-16T15:10:07.193+0000] {logging_mixin.py:188} INFO - [2025-09-16T15:10:07.193+0000] {dagbag.py:545} INFO - Filling up the DagBag from /home/airflow/.local/lib/python3.12/site-packages/airflow/example_dags/example_params_trigger_ui.py
[2025-09-16T15:10:07.213+0000] {processor.py:840} INFO - DAG(s) 'example_params_trigger_ui' retrieved from /home/airflow/.local/lib/python3.12/site-packages/airflow/example_dags/example_params_trigger_ui.py
[2025-09-16T15:10:07.276+0000] {logging_mixin.py:188} INFO - [2025-09-16T15:10:07.276+0000] {dag.py:3096} INFO - Sync 1 DAGs
[2025-09-16T15:10:07.296+0000] {logging_mixin.py:188} INFO - [2025-09-16T15:10:07.296+0000] {dag.py:3954} INFO - Setting next_dagrun for example_params_trigger_ui to None, run_after=None
[2025-09-16T15:10:07.321+0000] {processor.py:183} INFO - Processing /home/airflow/.local/lib/python3.12/site-packages/airflow/example_dags/example_params_trigger_ui.py took 0.145 seconds
[2025-09-16T15:10:37.853+0000] {processor.py:161} INFO - Started process (PID=1134) to work on /home/airflow/.local/lib/python3.12/site-packages/airflow/example_dags/example_params_trigger_ui.py
[2025-09-16T15:10:37.855+0000] {processor.py:830} INFO - Processing file /home/airflow/.local/lib/python3.12/site-packages/airflow/example_dags/example_params_trigger_ui.py for tasks to queue
[2025-09-16T15:10:37.858+0000] {logging_mixin.py:188} INFO - [2025-09-16T15:10:37.857+0000] {dagbag.py:545} INFO - Filling up the DagBag from /home/airflow/.local/lib/python3.12/site-packages/airflow/example_dags/example_params_trigger_ui.py
[2025-09-16T15:10:37.877+0000] {processor.py:840} INFO - DAG(s) 'example_params_trigger_ui' retrieved from /home/airflow/.local/lib/python3.12/site-packages/airflow/example_dags/example_params_trigger_ui.py
[2025-09-16T15:10:37.959+0000] {logging_mixin.py:188} INFO - [2025-09-16T15:10:37.959+0000] {dag.py:3096} INFO - Sync 1 DAGs
[2025-09-16T15:10:37.984+0000] {logging_mixin.py:188} INFO - [2025-09-16T15:10:37.983+0000] {dag.py:3954} INFO - Setting next_dagrun for example_params_trigger_ui to None, run_after=None
[2025-09-16T15:10:38.015+0000] {processor.py:183} INFO - Processing /home/airflow/.local/lib/python3.12/site-packages/airflow/example_dags/example_params_trigger_ui.py took 0.170 seconds
[2025-09-16T15:11:08.104+0000] {processor.py:161} INFO - Started process (PID=1193) to work on /home/airflow/.local/lib/python3.12/site-packages/airflow/example_dags/example_params_trigger_ui.py
[2025-09-16T15:11:08.105+0000] {processor.py:830} INFO - Processing file /home/airflow/.local/lib/python3.12/site-packages/airflow/example_dags/example_params_trigger_ui.py for tasks to queue
[2025-09-16T15:11:08.109+0000] {logging_mixin.py:188} INFO - [2025-09-16T15:11:08.108+0000] {dagbag.py:545} INFO - Filling up the DagBag from /home/airflow/.local/lib/python3.12/site-packages/airflow/example_dags/example_params_trigger_ui.py
[2025-09-16T15:11:08.129+0000] {processor.py:840} INFO - DAG(s) 'example_params_trigger_ui' retrieved from /home/airflow/.local/lib/python3.12/site-packages/airflow/example_dags/example_params_trigger_ui.py
[2025-09-16T15:11:08.204+0000] {logging_mixin.py:188} INFO - [2025-09-16T15:11:08.204+0000] {dag.py:3096} INFO - Sync 1 DAGs
[2025-09-16T15:11:08.235+0000] {logging_mixin.py:188} INFO - [2025-09-16T15:11:08.234+0000] {dag.py:3954} INFO - Setting next_dagrun for example_params_trigger_ui to None, run_after=None
[2025-09-16T15:11:08.280+0000] {processor.py:183} INFO - Processing /home/airflow/.local/lib/python3.12/site-packages/airflow/example_dags/example_params_trigger_ui.py took 0.185 seconds
[2025-09-16T15:11:38.434+0000] {processor.py:161} INFO - Started process (PID=1251) to work on /home/airflow/.local/lib/python3.12/site-packages/airflow/example_dags/example_params_trigger_ui.py
[2025-09-16T15:11:38.436+0000] {processor.py:830} INFO - Processing file /home/airflow/.local/lib/python3.12/site-packages/airflow/example_dags/example_params_trigger_ui.py for tasks to queue
[2025-09-16T15:11:38.439+0000] {logging_mixin.py:188} INFO - [2025-09-16T15:11:38.439+0000] {dagbag.py:545} INFO - Filling up the DagBag from /home/airflow/.local/lib/python3.12/site-packages/airflow/example_dags/example_params_trigger_ui.py
[2025-09-16T15:11:38.458+0000] {processor.py:840} INFO - DAG(s) 'example_params_trigger_ui' retrieved from /home/airflow/.local/lib/python3.12/site-packages/airflow/example_dags/example_params_trigger_ui.py
[2025-09-16T15:11:38.527+0000] {logging_mixin.py:188} INFO - [2025-09-16T15:11:38.526+0000] {dag.py:3096} INFO - Sync 1 DAGs
[2025-09-16T15:11:38.548+0000] {logging_mixin.py:188} INFO - [2025-09-16T15:11:38.547+0000] {dag.py:3954} INFO - Setting next_dagrun for example_params_trigger_ui to None, run_after=None
[2025-09-16T15:11:38.575+0000] {processor.py:183} INFO - Processing /home/airflow/.local/lib/python3.12/site-packages/airflow/example_dags/example_params_trigger_ui.py took 0.149 seconds
[2025-09-16T15:12:08.857+0000] {processor.py:161} INFO - Started process (PID=1311) to work on /home/airflow/.local/lib/python3.12/site-packages/airflow/example_dags/example_params_trigger_ui.py
[2025-09-16T15:12:08.858+0000] {processor.py:830} INFO - Processing file /home/airflow/.local/lib/python3.12/site-packages/airflow/example_dags/example_params_trigger_ui.py for tasks to queue
[2025-09-16T15:12:08.861+0000] {logging_mixin.py:188} INFO - [2025-09-16T15:12:08.861+0000] {dagbag.py:545} INFO - Filling up the DagBag from /home/airflow/.local/lib/python3.12/site-packages/airflow/example_dags/example_params_trigger_ui.py
[2025-09-16T15:12:08.880+0000] {processor.py:840} INFO - DAG(s) 'example_params_trigger_ui' retrieved from /home/airflow/.local/lib/python3.12/site-packages/airflow/example_dags/example_params_trigger_ui.py
[2025-09-16T15:12:08.965+0000] {logging_mixin.py:188} INFO - [2025-09-16T15:12:08.965+0000] {dag.py:3096} INFO - Sync 1 DAGs
[2025-09-16T15:12:08.984+0000] {logging_mixin.py:188} INFO - [2025-09-16T15:12:08.983+0000] {dag.py:3954} INFO - Setting next_dagrun for example_params_trigger_ui to None, run_after=None
[2025-09-16T15:12:09.015+0000] {processor.py:183} INFO - Processing /home/airflow/.local/lib/python3.12/site-packages/airflow/example_dags/example_params_trigger_ui.py took 0.166 seconds
[2025-09-16T15:12:39.182+0000] {processor.py:161} INFO - Started process (PID=1371) to work on /home/airflow/.local/lib/python3.12/site-packages/airflow/example_dags/example_params_trigger_ui.py
[2025-09-16T15:12:39.184+0000] {processor.py:830} INFO - Processing file /home/airflow/.local/lib/python3.12/site-packages/airflow/example_dags/example_params_trigger_ui.py for tasks to queue
[2025-09-16T15:12:39.187+0000] {logging_mixin.py:188} INFO - [2025-09-16T15:12:39.186+0000] {dagbag.py:545} INFO - Filling up the DagBag from /home/airflow/.local/lib/python3.12/site-packages/airflow/example_dags/example_params_trigger_ui.py
[2025-09-16T15:12:39.205+0000] {processor.py:840} INFO - DAG(s) 'example_params_trigger_ui' retrieved from /home/airflow/.local/lib/python3.12/site-packages/airflow/example_dags/example_params_trigger_ui.py
[2025-09-16T15:12:39.269+0000] {logging_mixin.py:188} INFO - [2025-09-16T15:12:39.268+0000] {dag.py:3096} INFO - Sync 1 DAGs
[2025-09-16T15:12:39.295+0000] {logging_mixin.py:188} INFO - [2025-09-16T15:12:39.295+0000] {dag.py:3954} INFO - Setting next_dagrun for example_params_trigger_ui to None, run_after=None
[2025-09-16T15:12:39.335+0000] {processor.py:183} INFO - Processing /home/airflow/.local/lib/python3.12/site-packages/airflow/example_dags/example_params_trigger_ui.py took 0.160 seconds
[2025-09-16T15:13:09.643+0000] {processor.py:161} INFO - Started process (PID=1431) to work on /home/airflow/.local/lib/python3.12/site-packages/airflow/example_dags/example_params_trigger_ui.py
[2025-09-16T15:13:09.646+0000] {processor.py:830} INFO - Processing file /home/airflow/.local/lib/python3.12/site-packages/airflow/example_dags/example_params_trigger_ui.py for tasks to queue
[2025-09-16T15:13:09.649+0000] {logging_mixin.py:188} INFO - [2025-09-16T15:13:09.649+0000] {dagbag.py:545} INFO - Filling up the DagBag from /home/airflow/.local/lib/python3.12/site-packages/airflow/example_dags/example_params_trigger_ui.py
[2025-09-16T15:13:09.668+0000] {processor.py:840} INFO - DAG(s) 'example_params_trigger_ui' retrieved from /home/airflow/.local/lib/python3.12/site-packages/airflow/example_dags/example_params_trigger_ui.py
[2025-09-16T15:13:09.733+0000] {logging_mixin.py:188} INFO - [2025-09-16T15:13:09.733+0000] {dag.py:3096} INFO - Sync 1 DAGs
[2025-09-16T15:13:09.753+0000] {logging_mixin.py:188} INFO - [2025-09-16T15:13:09.753+0000] {dag.py:3954} INFO - Setting next_dagrun for example_params_trigger_ui to None, run_after=None
[2025-09-16T15:13:09.782+0000] {processor.py:183} INFO - Processing /home/airflow/.local/lib/python3.12/site-packages/airflow/example_dags/example_params_trigger_ui.py took 0.146 seconds
[2025-09-16T15:13:40.030+0000] {processor.py:161} INFO - Started process (PID=1491) to work on /home/airflow/.local/lib/python3.12/site-packages/airflow/example_dags/example_params_trigger_ui.py
[2025-09-16T15:13:40.033+0000] {processor.py:830} INFO - Processing file /home/airflow/.local/lib/python3.12/site-packages/airflow/example_dags/example_params_trigger_ui.py for tasks to queue
[2025-09-16T15:13:40.038+0000] {logging_mixin.py:188} INFO - [2025-09-16T15:13:40.038+0000] {dagbag.py:545} INFO - Filling up the DagBag from /home/airflow/.local/lib/python3.12/site-packages/airflow/example_dags/example_params_trigger_ui.py
[2025-09-16T15:13:40.075+0000] {processor.py:840} INFO - DAG(s) 'example_params_trigger_ui' retrieved from /home/airflow/.local/lib/python3.12/site-packages/airflow/example_dags/example_params_trigger_ui.py
[2025-09-16T15:13:40.174+0000] {logging_mixin.py:188} INFO - [2025-09-16T15:13:40.173+0000] {dag.py:3096} INFO - Sync 1 DAGs
[2025-09-16T15:13:40.199+0000] {logging_mixin.py:188} INFO - [2025-09-16T15:13:40.198+0000] {dag.py:3954} INFO - Setting next_dagrun for example_params_trigger_ui to None, run_after=None
[2025-09-16T15:13:40.264+0000] {processor.py:183} INFO - Processing /home/airflow/.local/lib/python3.12/site-packages/airflow/example_dags/example_params_trigger_ui.py took 0.244 seconds
