[2025-09-16T14:07:51.707+0000] {processor.py:161} INFO - Started process (PID=133) to work on /home/airflow/.local/lib/python3.12/site-packages/airflow/example_dags/example_xcomargs.py
[2025-09-16T14:07:51.709+0000] {processor.py:830} INFO - Processing file /home/airflow/.local/lib/python3.12/site-packages/airflow/example_dags/example_xcomargs.py for tasks to queue
[2025-09-16T14:07:51.714+0000] {logging_mixin.py:188} INFO - [2025-09-16T14:07:51.713+0000] {dagbag.py:545} INFO - Filling up the DagBag from /home/airflow/.local/lib/python3.12/site-packages/airflow/example_dags/example_xcomargs.py
[2025-09-16T14:07:51.733+0000] {processor.py:840} INFO - DAG(s) 'example_xcom_args', 'example_xcom_args_with_operators' retrieved from /home/airflow/.local/lib/python3.12/site-packages/airflow/example_dags/example_xcomargs.py
[2025-09-16T14:07:51.788+0000] {logging_mixin.py:188} INFO - [2025-09-16T14:07:51.788+0000] {dag.py:3096} INFO - Sync 2 DAGs
[2025-09-16T14:07:51.842+0000] {logging_mixin.py:188} INFO - [2025-09-16T14:07:51.841+0000] {dag.py:3954} INFO - Setting next_dagrun for example_xcom_args to None, run_after=None
[2025-09-16T14:07:51.854+0000] {logging_mixin.py:188} INFO - [2025-09-16T14:07:51.854+0000] {dag.py:3954} INFO - Setting next_dagrun for example_xcom_args_with_operators to None, run_after=None
[2025-09-16T14:07:51.930+0000] {processor.py:183} INFO - Processing /home/airflow/.local/lib/python3.12/site-packages/airflow/example_dags/example_xcomargs.py took 0.232 seconds
[2025-09-16T14:08:22.279+0000] {processor.py:161} INFO - Started process (PID=191) to work on /home/airflow/.local/lib/python3.12/site-packages/airflow/example_dags/example_xcomargs.py
[2025-09-16T14:08:22.282+0000] {processor.py:830} INFO - Processing file /home/airflow/.local/lib/python3.12/site-packages/airflow/example_dags/example_xcomargs.py for tasks to queue
[2025-09-16T14:08:22.285+0000] {logging_mixin.py:188} INFO - [2025-09-16T14:08:22.285+0000] {dagbag.py:545} INFO - Filling up the DagBag from /home/airflow/.local/lib/python3.12/site-packages/airflow/example_dags/example_xcomargs.py
[2025-09-16T14:08:22.300+0000] {processor.py:840} INFO - DAG(s) 'example_xcom_args', 'example_xcom_args_with_operators' retrieved from /home/airflow/.local/lib/python3.12/site-packages/airflow/example_dags/example_xcomargs.py
[2025-09-16T14:08:22.537+0000] {logging_mixin.py:188} INFO - [2025-09-16T14:08:22.537+0000] {dag.py:3096} INFO - Sync 2 DAGs
[2025-09-16T14:08:22.555+0000] {logging_mixin.py:188} INFO - [2025-09-16T14:08:22.554+0000] {dag.py:3954} INFO - Setting next_dagrun for example_xcom_args to None, run_after=None
[2025-09-16T14:08:22.561+0000] {logging_mixin.py:188} INFO - [2025-09-16T14:08:22.560+0000] {dag.py:3954} INFO - Setting next_dagrun for example_xcom_args_with_operators to None, run_after=None
[2025-09-16T14:08:22.596+0000] {processor.py:183} INFO - Processing /home/airflow/.local/lib/python3.12/site-packages/airflow/example_dags/example_xcomargs.py took 0.326 seconds
[2025-09-16T14:08:52.751+0000] {processor.py:161} INFO - Started process (PID=250) to work on /home/airflow/.local/lib/python3.12/site-packages/airflow/example_dags/example_xcomargs.py
[2025-09-16T14:08:52.760+0000] {processor.py:830} INFO - Processing file /home/airflow/.local/lib/python3.12/site-packages/airflow/example_dags/example_xcomargs.py for tasks to queue
[2025-09-16T14:08:52.764+0000] {logging_mixin.py:188} INFO - [2025-09-16T14:08:52.764+0000] {dagbag.py:545} INFO - Filling up the DagBag from /home/airflow/.local/lib/python3.12/site-packages/airflow/example_dags/example_xcomargs.py
[2025-09-16T14:08:52.813+0000] {processor.py:840} INFO - DAG(s) 'example_xcom_args', 'example_xcom_args_with_operators' retrieved from /home/airflow/.local/lib/python3.12/site-packages/airflow/example_dags/example_xcomargs.py
[2025-09-16T14:08:52.887+0000] {logging_mixin.py:188} INFO - [2025-09-16T14:08:52.886+0000] {dag.py:3096} INFO - Sync 2 DAGs
[2025-09-16T14:08:52.939+0000] {logging_mixin.py:188} INFO - [2025-09-16T14:08:52.938+0000] {dag.py:3954} INFO - Setting next_dagrun for example_xcom_args to None, run_after=None
[2025-09-16T14:08:52.950+0000] {logging_mixin.py:188} INFO - [2025-09-16T14:08:52.950+0000] {dag.py:3954} INFO - Setting next_dagrun for example_xcom_args_with_operators to None, run_after=None
[2025-09-16T14:08:52.986+0000] {processor.py:183} INFO - Processing /home/airflow/.local/lib/python3.12/site-packages/airflow/example_dags/example_xcomargs.py took 0.249 seconds
[2025-09-16T14:09:23.182+0000] {processor.py:161} INFO - Started process (PID=310) to work on /home/airflow/.local/lib/python3.12/site-packages/airflow/example_dags/example_xcomargs.py
[2025-09-16T14:09:23.184+0000] {processor.py:830} INFO - Processing file /home/airflow/.local/lib/python3.12/site-packages/airflow/example_dags/example_xcomargs.py for tasks to queue
[2025-09-16T14:09:23.188+0000] {logging_mixin.py:188} INFO - [2025-09-16T14:09:23.187+0000] {dagbag.py:545} INFO - Filling up the DagBag from /home/airflow/.local/lib/python3.12/site-packages/airflow/example_dags/example_xcomargs.py
[2025-09-16T14:09:23.199+0000] {processor.py:840} INFO - DAG(s) 'example_xcom_args_with_operators', 'example_xcom_args' retrieved from /home/airflow/.local/lib/python3.12/site-packages/airflow/example_dags/example_xcomargs.py
[2025-09-16T14:09:23.232+0000] {logging_mixin.py:188} INFO - [2025-09-16T14:09:23.231+0000] {dag.py:3096} INFO - Sync 2 DAGs
[2025-09-16T14:09:23.249+0000] {logging_mixin.py:188} INFO - [2025-09-16T14:09:23.249+0000] {dag.py:3954} INFO - Setting next_dagrun for example_xcom_args to None, run_after=None
[2025-09-16T14:09:23.255+0000] {logging_mixin.py:188} INFO - [2025-09-16T14:09:23.255+0000] {dag.py:3954} INFO - Setting next_dagrun for example_xcom_args_with_operators to None, run_after=None
[2025-09-16T14:09:23.277+0000] {processor.py:183} INFO - Processing /home/airflow/.local/lib/python3.12/site-packages/airflow/example_dags/example_xcomargs.py took 0.104 seconds
[2025-09-16T14:09:54.007+0000] {processor.py:161} INFO - Started process (PID=370) to work on /home/airflow/.local/lib/python3.12/site-packages/airflow/example_dags/example_xcomargs.py
[2025-09-16T14:09:54.008+0000] {processor.py:830} INFO - Processing file /home/airflow/.local/lib/python3.12/site-packages/airflow/example_dags/example_xcomargs.py for tasks to queue
[2025-09-16T14:09:54.011+0000] {logging_mixin.py:188} INFO - [2025-09-16T14:09:54.011+0000] {dagbag.py:545} INFO - Filling up the DagBag from /home/airflow/.local/lib/python3.12/site-packages/airflow/example_dags/example_xcomargs.py
[2025-09-16T14:09:54.026+0000] {processor.py:840} INFO - DAG(s) 'example_xcom_args_with_operators', 'example_xcom_args' retrieved from /home/airflow/.local/lib/python3.12/site-packages/airflow/example_dags/example_xcomargs.py
[2025-09-16T14:09:54.062+0000] {logging_mixin.py:188} INFO - [2025-09-16T14:09:54.061+0000] {dag.py:3096} INFO - Sync 2 DAGs
[2025-09-16T14:09:54.079+0000] {logging_mixin.py:188} INFO - [2025-09-16T14:09:54.079+0000] {dag.py:3954} INFO - Setting next_dagrun for example_xcom_args to None, run_after=None
[2025-09-16T14:09:54.085+0000] {logging_mixin.py:188} INFO - [2025-09-16T14:09:54.085+0000] {dag.py:3954} INFO - Setting next_dagrun for example_xcom_args_with_operators to None, run_after=None
[2025-09-16T14:09:54.129+0000] {processor.py:183} INFO - Processing /home/airflow/.local/lib/python3.12/site-packages/airflow/example_dags/example_xcomargs.py took 0.130 seconds
[2025-09-16T14:10:24.482+0000] {processor.py:161} INFO - Started process (PID=430) to work on /home/airflow/.local/lib/python3.12/site-packages/airflow/example_dags/example_xcomargs.py
[2025-09-16T14:10:24.484+0000] {processor.py:830} INFO - Processing file /home/airflow/.local/lib/python3.12/site-packages/airflow/example_dags/example_xcomargs.py for tasks to queue
[2025-09-16T14:10:24.488+0000] {logging_mixin.py:188} INFO - [2025-09-16T14:10:24.487+0000] {dagbag.py:545} INFO - Filling up the DagBag from /home/airflow/.local/lib/python3.12/site-packages/airflow/example_dags/example_xcomargs.py
[2025-09-16T14:10:24.499+0000] {processor.py:840} INFO - DAG(s) 'example_xcom_args_with_operators', 'example_xcom_args' retrieved from /home/airflow/.local/lib/python3.12/site-packages/airflow/example_dags/example_xcomargs.py
[2025-09-16T14:10:24.533+0000] {logging_mixin.py:188} INFO - [2025-09-16T14:10:24.533+0000] {dag.py:3096} INFO - Sync 2 DAGs
[2025-09-16T14:10:24.552+0000] {logging_mixin.py:188} INFO - [2025-09-16T14:10:24.552+0000] {dag.py:3954} INFO - Setting next_dagrun for example_xcom_args to None, run_after=None
[2025-09-16T14:10:24.559+0000] {logging_mixin.py:188} INFO - [2025-09-16T14:10:24.559+0000] {dag.py:3954} INFO - Setting next_dagrun for example_xcom_args_with_operators to None, run_after=None
[2025-09-16T14:10:24.586+0000] {processor.py:183} INFO - Processing /home/airflow/.local/lib/python3.12/site-packages/airflow/example_dags/example_xcomargs.py took 0.110 seconds
[2025-09-16T14:10:54.875+0000] {processor.py:161} INFO - Started process (PID=490) to work on /home/airflow/.local/lib/python3.12/site-packages/airflow/example_dags/example_xcomargs.py
[2025-09-16T14:10:54.877+0000] {processor.py:830} INFO - Processing file /home/airflow/.local/lib/python3.12/site-packages/airflow/example_dags/example_xcomargs.py for tasks to queue
[2025-09-16T14:10:54.879+0000] {logging_mixin.py:188} INFO - [2025-09-16T14:10:54.878+0000] {dagbag.py:545} INFO - Filling up the DagBag from /home/airflow/.local/lib/python3.12/site-packages/airflow/example_dags/example_xcomargs.py
[2025-09-16T14:10:54.889+0000] {processor.py:840} INFO - DAG(s) 'example_xcom_args', 'example_xcom_args_with_operators' retrieved from /home/airflow/.local/lib/python3.12/site-packages/airflow/example_dags/example_xcomargs.py
[2025-09-16T14:10:54.915+0000] {logging_mixin.py:188} INFO - [2025-09-16T14:10:54.915+0000] {dag.py:3096} INFO - Sync 2 DAGs
[2025-09-16T14:10:54.931+0000] {logging_mixin.py:188} INFO - [2025-09-16T14:10:54.931+0000] {dag.py:3954} INFO - Setting next_dagrun for example_xcom_args to None, run_after=None
[2025-09-16T14:10:54.937+0000] {logging_mixin.py:188} INFO - [2025-09-16T14:10:54.936+0000] {dag.py:3954} INFO - Setting next_dagrun for example_xcom_args_with_operators to None, run_after=None
[2025-09-16T14:10:54.958+0000] {processor.py:183} INFO - Processing /home/airflow/.local/lib/python3.12/site-packages/airflow/example_dags/example_xcomargs.py took 0.088 seconds
[2025-09-16T14:11:25.448+0000] {processor.py:161} INFO - Started process (PID=550) to work on /home/airflow/.local/lib/python3.12/site-packages/airflow/example_dags/example_xcomargs.py
[2025-09-16T14:11:25.450+0000] {processor.py:830} INFO - Processing file /home/airflow/.local/lib/python3.12/site-packages/airflow/example_dags/example_xcomargs.py for tasks to queue
[2025-09-16T14:11:25.453+0000] {logging_mixin.py:188} INFO - [2025-09-16T14:11:25.452+0000] {dagbag.py:545} INFO - Filling up the DagBag from /home/airflow/.local/lib/python3.12/site-packages/airflow/example_dags/example_xcomargs.py
[2025-09-16T14:11:25.464+0000] {processor.py:840} INFO - DAG(s) 'example_xcom_args_with_operators', 'example_xcom_args' retrieved from /home/airflow/.local/lib/python3.12/site-packages/airflow/example_dags/example_xcomargs.py
[2025-09-16T14:11:25.493+0000] {logging_mixin.py:188} INFO - [2025-09-16T14:11:25.493+0000] {dag.py:3096} INFO - Sync 2 DAGs
[2025-09-16T14:11:25.512+0000] {logging_mixin.py:188} INFO - [2025-09-16T14:11:25.512+0000] {dag.py:3954} INFO - Setting next_dagrun for example_xcom_args to None, run_after=None
[2025-09-16T14:11:25.519+0000] {logging_mixin.py:188} INFO - [2025-09-16T14:11:25.518+0000] {dag.py:3954} INFO - Setting next_dagrun for example_xcom_args_with_operators to None, run_after=None
[2025-09-16T14:11:25.542+0000] {processor.py:183} INFO - Processing /home/airflow/.local/lib/python3.12/site-packages/airflow/example_dags/example_xcomargs.py took 0.100 seconds
[2025-09-16T14:11:55.775+0000] {processor.py:161} INFO - Started process (PID=610) to work on /home/airflow/.local/lib/python3.12/site-packages/airflow/example_dags/example_xcomargs.py
[2025-09-16T14:11:55.778+0000] {processor.py:830} INFO - Processing file /home/airflow/.local/lib/python3.12/site-packages/airflow/example_dags/example_xcomargs.py for tasks to queue
[2025-09-16T14:11:55.780+0000] {logging_mixin.py:188} INFO - [2025-09-16T14:11:55.780+0000] {dagbag.py:545} INFO - Filling up the DagBag from /home/airflow/.local/lib/python3.12/site-packages/airflow/example_dags/example_xcomargs.py
[2025-09-16T14:11:55.790+0000] {processor.py:840} INFO - DAG(s) 'example_xcom_args', 'example_xcom_args_with_operators' retrieved from /home/airflow/.local/lib/python3.12/site-packages/airflow/example_dags/example_xcomargs.py
[2025-09-16T14:11:55.816+0000] {logging_mixin.py:188} INFO - [2025-09-16T14:11:55.816+0000] {dag.py:3096} INFO - Sync 2 DAGs
[2025-09-16T14:11:55.833+0000] {logging_mixin.py:188} INFO - [2025-09-16T14:11:55.832+0000] {dag.py:3954} INFO - Setting next_dagrun for example_xcom_args to None, run_after=None
[2025-09-16T14:11:55.840+0000] {logging_mixin.py:188} INFO - [2025-09-16T14:11:55.840+0000] {dag.py:3954} INFO - Setting next_dagrun for example_xcom_args_with_operators to None, run_after=None
[2025-09-16T14:11:55.864+0000] {processor.py:183} INFO - Processing /home/airflow/.local/lib/python3.12/site-packages/airflow/example_dags/example_xcomargs.py took 0.094 seconds
[2025-09-16T14:12:26.153+0000] {processor.py:161} INFO - Started process (PID=670) to work on /home/airflow/.local/lib/python3.12/site-packages/airflow/example_dags/example_xcomargs.py
[2025-09-16T14:12:26.155+0000] {processor.py:830} INFO - Processing file /home/airflow/.local/lib/python3.12/site-packages/airflow/example_dags/example_xcomargs.py for tasks to queue
[2025-09-16T14:12:26.157+0000] {logging_mixin.py:188} INFO - [2025-09-16T14:12:26.157+0000] {dagbag.py:545} INFO - Filling up the DagBag from /home/airflow/.local/lib/python3.12/site-packages/airflow/example_dags/example_xcomargs.py
[2025-09-16T14:12:26.169+0000] {processor.py:840} INFO - DAG(s) 'example_xcom_args', 'example_xcom_args_with_operators' retrieved from /home/airflow/.local/lib/python3.12/site-packages/airflow/example_dags/example_xcomargs.py
[2025-09-16T14:12:26.204+0000] {logging_mixin.py:188} INFO - [2025-09-16T14:12:26.204+0000] {dag.py:3096} INFO - Sync 2 DAGs
[2025-09-16T14:12:26.223+0000] {logging_mixin.py:188} INFO - [2025-09-16T14:12:26.223+0000] {dag.py:3954} INFO - Setting next_dagrun for example_xcom_args to None, run_after=None
[2025-09-16T14:12:26.229+0000] {logging_mixin.py:188} INFO - [2025-09-16T14:12:26.228+0000] {dag.py:3954} INFO - Setting next_dagrun for example_xcom_args_with_operators to None, run_after=None
[2025-09-16T14:12:26.252+0000] {processor.py:183} INFO - Processing /home/airflow/.local/lib/python3.12/site-packages/airflow/example_dags/example_xcomargs.py took 0.108 seconds
[2025-09-16T14:12:56.544+0000] {processor.py:161} INFO - Started process (PID=730) to work on /home/airflow/.local/lib/python3.12/site-packages/airflow/example_dags/example_xcomargs.py
[2025-09-16T14:12:56.545+0000] {processor.py:830} INFO - Processing file /home/airflow/.local/lib/python3.12/site-packages/airflow/example_dags/example_xcomargs.py for tasks to queue
[2025-09-16T14:12:56.548+0000] {logging_mixin.py:188} INFO - [2025-09-16T14:12:56.547+0000] {dagbag.py:545} INFO - Filling up the DagBag from /home/airflow/.local/lib/python3.12/site-packages/airflow/example_dags/example_xcomargs.py
[2025-09-16T14:12:56.558+0000] {processor.py:840} INFO - DAG(s) 'example_xcom_args_with_operators', 'example_xcom_args' retrieved from /home/airflow/.local/lib/python3.12/site-packages/airflow/example_dags/example_xcomargs.py
[2025-09-16T14:12:56.591+0000] {logging_mixin.py:188} INFO - [2025-09-16T14:12:56.591+0000] {dag.py:3096} INFO - Sync 2 DAGs
[2025-09-16T14:12:56.610+0000] {logging_mixin.py:188} INFO - [2025-09-16T14:12:56.609+0000] {dag.py:3954} INFO - Setting next_dagrun for example_xcom_args to None, run_after=None
[2025-09-16T14:12:56.615+0000] {logging_mixin.py:188} INFO - [2025-09-16T14:12:56.615+0000] {dag.py:3954} INFO - Setting next_dagrun for example_xcom_args_with_operators to None, run_after=None
[2025-09-16T14:12:56.663+0000] {processor.py:183} INFO - Processing /home/airflow/.local/lib/python3.12/site-packages/airflow/example_dags/example_xcomargs.py took 0.126 seconds
[2025-09-16T14:13:26.915+0000] {processor.py:161} INFO - Started process (PID=790) to work on /home/airflow/.local/lib/python3.12/site-packages/airflow/example_dags/example_xcomargs.py
[2025-09-16T14:13:26.917+0000] {processor.py:830} INFO - Processing file /home/airflow/.local/lib/python3.12/site-packages/airflow/example_dags/example_xcomargs.py for tasks to queue
[2025-09-16T14:13:26.920+0000] {logging_mixin.py:188} INFO - [2025-09-16T14:13:26.920+0000] {dagbag.py:545} INFO - Filling up the DagBag from /home/airflow/.local/lib/python3.12/site-packages/airflow/example_dags/example_xcomargs.py
[2025-09-16T14:13:26.934+0000] {processor.py:840} INFO - DAG(s) 'example_xcom_args_with_operators', 'example_xcom_args' retrieved from /home/airflow/.local/lib/python3.12/site-packages/airflow/example_dags/example_xcomargs.py
[2025-09-16T14:13:26.975+0000] {logging_mixin.py:188} INFO - [2025-09-16T14:13:26.975+0000] {dag.py:3096} INFO - Sync 2 DAGs
[2025-09-16T14:13:27.001+0000] {logging_mixin.py:188} INFO - [2025-09-16T14:13:27.001+0000] {dag.py:3954} INFO - Setting next_dagrun for example_xcom_args to None, run_after=None
[2025-09-16T14:13:27.008+0000] {logging_mixin.py:188} INFO - [2025-09-16T14:13:27.008+0000] {dag.py:3954} INFO - Setting next_dagrun for example_xcom_args_with_operators to None, run_after=None
[2025-09-16T14:13:27.040+0000] {processor.py:183} INFO - Processing /home/airflow/.local/lib/python3.12/site-packages/airflow/example_dags/example_xcomargs.py took 0.134 seconds
[2025-09-16T14:13:57.426+0000] {processor.py:161} INFO - Started process (PID=856) to work on /home/airflow/.local/lib/python3.12/site-packages/airflow/example_dags/example_xcomargs.py
[2025-09-16T14:13:57.427+0000] {processor.py:830} INFO - Processing file /home/airflow/.local/lib/python3.12/site-packages/airflow/example_dags/example_xcomargs.py for tasks to queue
[2025-09-16T14:13:57.432+0000] {logging_mixin.py:188} INFO - [2025-09-16T14:13:57.431+0000] {dagbag.py:545} INFO - Filling up the DagBag from /home/airflow/.local/lib/python3.12/site-packages/airflow/example_dags/example_xcomargs.py
[2025-09-16T14:13:57.446+0000] {processor.py:840} INFO - DAG(s) 'example_xcom_args_with_operators', 'example_xcom_args' retrieved from /home/airflow/.local/lib/python3.12/site-packages/airflow/example_dags/example_xcomargs.py
[2025-09-16T14:13:57.486+0000] {logging_mixin.py:188} INFO - [2025-09-16T14:13:57.486+0000] {dag.py:3096} INFO - Sync 2 DAGs
[2025-09-16T14:13:57.508+0000] {logging_mixin.py:188} INFO - [2025-09-16T14:13:57.508+0000] {dag.py:3954} INFO - Setting next_dagrun for example_xcom_args to None, run_after=None
[2025-09-16T14:13:57.516+0000] {logging_mixin.py:188} INFO - [2025-09-16T14:13:57.515+0000] {dag.py:3954} INFO - Setting next_dagrun for example_xcom_args_with_operators to None, run_after=None
[2025-09-16T14:13:57.546+0000] {processor.py:183} INFO - Processing /home/airflow/.local/lib/python3.12/site-packages/airflow/example_dags/example_xcomargs.py took 0.130 seconds
[2025-09-16T14:14:27.976+0000] {processor.py:161} INFO - Started process (PID=920) to work on /home/airflow/.local/lib/python3.12/site-packages/airflow/example_dags/example_xcomargs.py
[2025-09-16T14:14:27.978+0000] {processor.py:830} INFO - Processing file /home/airflow/.local/lib/python3.12/site-packages/airflow/example_dags/example_xcomargs.py for tasks to queue
[2025-09-16T14:14:27.980+0000] {logging_mixin.py:188} INFO - [2025-09-16T14:14:27.980+0000] {dagbag.py:545} INFO - Filling up the DagBag from /home/airflow/.local/lib/python3.12/site-packages/airflow/example_dags/example_xcomargs.py
[2025-09-16T14:14:27.991+0000] {processor.py:840} INFO - DAG(s) 'example_xcom_args_with_operators', 'example_xcom_args' retrieved from /home/airflow/.local/lib/python3.12/site-packages/airflow/example_dags/example_xcomargs.py
[2025-09-16T14:14:28.021+0000] {logging_mixin.py:188} INFO - [2025-09-16T14:14:28.021+0000] {dag.py:3096} INFO - Sync 2 DAGs
[2025-09-16T14:14:28.040+0000] {logging_mixin.py:188} INFO - [2025-09-16T14:14:28.039+0000] {dag.py:3954} INFO - Setting next_dagrun for example_xcom_args to None, run_after=None
[2025-09-16T14:14:28.045+0000] {logging_mixin.py:188} INFO - [2025-09-16T14:14:28.045+0000] {dag.py:3954} INFO - Setting next_dagrun for example_xcom_args_with_operators to None, run_after=None
[2025-09-16T14:14:28.077+0000] {processor.py:183} INFO - Processing /home/airflow/.local/lib/python3.12/site-packages/airflow/example_dags/example_xcomargs.py took 0.108 seconds
[2025-09-16T14:14:58.278+0000] {processor.py:161} INFO - Started process (PID=980) to work on /home/airflow/.local/lib/python3.12/site-packages/airflow/example_dags/example_xcomargs.py
[2025-09-16T14:14:58.280+0000] {processor.py:830} INFO - Processing file /home/airflow/.local/lib/python3.12/site-packages/airflow/example_dags/example_xcomargs.py for tasks to queue
[2025-09-16T14:14:58.282+0000] {logging_mixin.py:188} INFO - [2025-09-16T14:14:58.282+0000] {dagbag.py:545} INFO - Filling up the DagBag from /home/airflow/.local/lib/python3.12/site-packages/airflow/example_dags/example_xcomargs.py
[2025-09-16T14:14:58.293+0000] {processor.py:840} INFO - DAG(s) 'example_xcom_args_with_operators', 'example_xcom_args' retrieved from /home/airflow/.local/lib/python3.12/site-packages/airflow/example_dags/example_xcomargs.py
[2025-09-16T14:14:58.325+0000] {logging_mixin.py:188} INFO - [2025-09-16T14:14:58.324+0000] {dag.py:3096} INFO - Sync 2 DAGs
[2025-09-16T14:14:58.343+0000] {logging_mixin.py:188} INFO - [2025-09-16T14:14:58.342+0000] {dag.py:3954} INFO - Setting next_dagrun for example_xcom_args to None, run_after=None
[2025-09-16T14:14:58.348+0000] {logging_mixin.py:188} INFO - [2025-09-16T14:14:58.348+0000] {dag.py:3954} INFO - Setting next_dagrun for example_xcom_args_with_operators to None, run_after=None
[2025-09-16T14:14:58.389+0000] {processor.py:183} INFO - Processing /home/airflow/.local/lib/python3.12/site-packages/airflow/example_dags/example_xcomargs.py took 0.118 seconds
[2025-09-16T14:16:42.514+0000] {processor.py:161} INFO - Started process (PID=86) to work on /home/airflow/.local/lib/python3.12/site-packages/airflow/example_dags/example_xcomargs.py
[2025-09-16T14:16:42.516+0000] {processor.py:830} INFO - Processing file /home/airflow/.local/lib/python3.12/site-packages/airflow/example_dags/example_xcomargs.py for tasks to queue
[2025-09-16T14:16:42.519+0000] {logging_mixin.py:188} INFO - [2025-09-16T14:16:42.519+0000] {dagbag.py:545} INFO - Filling up the DagBag from /home/airflow/.local/lib/python3.12/site-packages/airflow/example_dags/example_xcomargs.py
[2025-09-16T14:16:42.537+0000] {processor.py:840} INFO - DAG(s) 'example_xcom_args_with_operators', 'example_xcom_args' retrieved from /home/airflow/.local/lib/python3.12/site-packages/airflow/example_dags/example_xcomargs.py
[2025-09-16T14:16:42.815+0000] {logging_mixin.py:188} INFO - [2025-09-16T14:16:42.815+0000] {dag.py:3096} INFO - Sync 2 DAGs
[2025-09-16T14:16:42.835+0000] {logging_mixin.py:188} INFO - [2025-09-16T14:16:42.835+0000] {dag.py:3954} INFO - Setting next_dagrun for example_xcom_args to None, run_after=None
[2025-09-16T14:16:42.841+0000] {logging_mixin.py:188} INFO - [2025-09-16T14:16:42.840+0000] {dag.py:3954} INFO - Setting next_dagrun for example_xcom_args_with_operators to None, run_after=None
[2025-09-16T14:16:42.876+0000] {processor.py:183} INFO - Processing /home/airflow/.local/lib/python3.12/site-packages/airflow/example_dags/example_xcomargs.py took 0.371 seconds
[2025-09-16T14:17:13.584+0000] {processor.py:161} INFO - Started process (PID=147) to work on /home/airflow/.local/lib/python3.12/site-packages/airflow/example_dags/example_xcomargs.py
[2025-09-16T14:17:13.587+0000] {processor.py:830} INFO - Processing file /home/airflow/.local/lib/python3.12/site-packages/airflow/example_dags/example_xcomargs.py for tasks to queue
[2025-09-16T14:17:13.590+0000] {logging_mixin.py:188} INFO - [2025-09-16T14:17:13.590+0000] {dagbag.py:545} INFO - Filling up the DagBag from /home/airflow/.local/lib/python3.12/site-packages/airflow/example_dags/example_xcomargs.py
[2025-09-16T14:17:13.604+0000] {processor.py:840} INFO - DAG(s) 'example_xcom_args_with_operators', 'example_xcom_args' retrieved from /home/airflow/.local/lib/python3.12/site-packages/airflow/example_dags/example_xcomargs.py
[2025-09-16T14:17:13.643+0000] {logging_mixin.py:188} INFO - [2025-09-16T14:17:13.643+0000] {dag.py:3096} INFO - Sync 2 DAGs
[2025-09-16T14:17:13.665+0000] {logging_mixin.py:188} INFO - [2025-09-16T14:17:13.664+0000] {dag.py:3954} INFO - Setting next_dagrun for example_xcom_args to None, run_after=None
[2025-09-16T14:17:13.671+0000] {logging_mixin.py:188} INFO - [2025-09-16T14:17:13.671+0000] {dag.py:3954} INFO - Setting next_dagrun for example_xcom_args_with_operators to None, run_after=None
[2025-09-16T14:17:13.700+0000] {processor.py:183} INFO - Processing /home/airflow/.local/lib/python3.12/site-packages/airflow/example_dags/example_xcomargs.py took 0.123 seconds
[2025-09-16T14:17:43.978+0000] {processor.py:161} INFO - Started process (PID=205) to work on /home/airflow/.local/lib/python3.12/site-packages/airflow/example_dags/example_xcomargs.py
[2025-09-16T14:17:43.983+0000] {processor.py:830} INFO - Processing file /home/airflow/.local/lib/python3.12/site-packages/airflow/example_dags/example_xcomargs.py for tasks to queue
[2025-09-16T14:17:44.017+0000] {logging_mixin.py:188} INFO - [2025-09-16T14:17:44.013+0000] {dagbag.py:545} INFO - Filling up the DagBag from /home/airflow/.local/lib/python3.12/site-packages/airflow/example_dags/example_xcomargs.py
[2025-09-16T14:17:44.104+0000] {processor.py:840} INFO - DAG(s) 'example_xcom_args_with_operators', 'example_xcom_args' retrieved from /home/airflow/.local/lib/python3.12/site-packages/airflow/example_dags/example_xcomargs.py
[2025-09-16T14:17:44.193+0000] {logging_mixin.py:188} INFO - [2025-09-16T14:17:44.192+0000] {dag.py:3096} INFO - Sync 2 DAGs
[2025-09-16T14:17:44.263+0000] {logging_mixin.py:188} INFO - [2025-09-16T14:17:44.263+0000] {dag.py:3954} INFO - Setting next_dagrun for example_xcom_args to None, run_after=None
[2025-09-16T14:17:44.283+0000] {logging_mixin.py:188} INFO - [2025-09-16T14:17:44.283+0000] {dag.py:3954} INFO - Setting next_dagrun for example_xcom_args_with_operators to None, run_after=None
[2025-09-16T14:17:44.338+0000] {processor.py:183} INFO - Processing /home/airflow/.local/lib/python3.12/site-packages/airflow/example_dags/example_xcomargs.py took 0.396 seconds
[2025-09-16T14:18:14.569+0000] {processor.py:161} INFO - Started process (PID=264) to work on /home/airflow/.local/lib/python3.12/site-packages/airflow/example_dags/example_xcomargs.py
[2025-09-16T14:18:14.571+0000] {processor.py:830} INFO - Processing file /home/airflow/.local/lib/python3.12/site-packages/airflow/example_dags/example_xcomargs.py for tasks to queue
[2025-09-16T14:18:14.574+0000] {logging_mixin.py:188} INFO - [2025-09-16T14:18:14.573+0000] {dagbag.py:545} INFO - Filling up the DagBag from /home/airflow/.local/lib/python3.12/site-packages/airflow/example_dags/example_xcomargs.py
[2025-09-16T14:18:14.585+0000] {processor.py:840} INFO - DAG(s) 'example_xcom_args', 'example_xcom_args_with_operators' retrieved from /home/airflow/.local/lib/python3.12/site-packages/airflow/example_dags/example_xcomargs.py
[2025-09-16T14:18:14.623+0000] {logging_mixin.py:188} INFO - [2025-09-16T14:18:14.623+0000] {dag.py:3096} INFO - Sync 2 DAGs
[2025-09-16T14:18:14.645+0000] {logging_mixin.py:188} INFO - [2025-09-16T14:18:14.645+0000] {dag.py:3954} INFO - Setting next_dagrun for example_xcom_args to None, run_after=None
[2025-09-16T14:18:14.652+0000] {logging_mixin.py:188} INFO - [2025-09-16T14:18:14.651+0000] {dag.py:3954} INFO - Setting next_dagrun for example_xcom_args_with_operators to None, run_after=None
[2025-09-16T14:18:14.679+0000] {processor.py:183} INFO - Processing /home/airflow/.local/lib/python3.12/site-packages/airflow/example_dags/example_xcomargs.py took 0.117 seconds
[2025-09-16T14:18:45.003+0000] {processor.py:161} INFO - Started process (PID=324) to work on /home/airflow/.local/lib/python3.12/site-packages/airflow/example_dags/example_xcomargs.py
[2025-09-16T14:18:45.005+0000] {processor.py:830} INFO - Processing file /home/airflow/.local/lib/python3.12/site-packages/airflow/example_dags/example_xcomargs.py for tasks to queue
[2025-09-16T14:18:45.008+0000] {logging_mixin.py:188} INFO - [2025-09-16T14:18:45.008+0000] {dagbag.py:545} INFO - Filling up the DagBag from /home/airflow/.local/lib/python3.12/site-packages/airflow/example_dags/example_xcomargs.py
[2025-09-16T14:18:45.018+0000] {processor.py:840} INFO - DAG(s) 'example_xcom_args', 'example_xcom_args_with_operators' retrieved from /home/airflow/.local/lib/python3.12/site-packages/airflow/example_dags/example_xcomargs.py
[2025-09-16T14:18:45.049+0000] {logging_mixin.py:188} INFO - [2025-09-16T14:18:45.049+0000] {dag.py:3096} INFO - Sync 2 DAGs
[2025-09-16T14:18:45.067+0000] {logging_mixin.py:188} INFO - [2025-09-16T14:18:45.066+0000] {dag.py:3954} INFO - Setting next_dagrun for example_xcom_args to None, run_after=None
[2025-09-16T14:18:45.072+0000] {logging_mixin.py:188} INFO - [2025-09-16T14:18:45.072+0000] {dag.py:3954} INFO - Setting next_dagrun for example_xcom_args_with_operators to None, run_after=None
[2025-09-16T14:18:45.107+0000] {processor.py:183} INFO - Processing /home/airflow/.local/lib/python3.12/site-packages/airflow/example_dags/example_xcomargs.py took 0.111 seconds
[2025-09-16T14:19:15.299+0000] {processor.py:161} INFO - Started process (PID=385) to work on /home/airflow/.local/lib/python3.12/site-packages/airflow/example_dags/example_xcomargs.py
[2025-09-16T14:19:15.301+0000] {processor.py:830} INFO - Processing file /home/airflow/.local/lib/python3.12/site-packages/airflow/example_dags/example_xcomargs.py for tasks to queue
[2025-09-16T14:19:15.304+0000] {logging_mixin.py:188} INFO - [2025-09-16T14:19:15.303+0000] {dagbag.py:545} INFO - Filling up the DagBag from /home/airflow/.local/lib/python3.12/site-packages/airflow/example_dags/example_xcomargs.py
[2025-09-16T14:19:15.313+0000] {processor.py:840} INFO - DAG(s) 'example_xcom_args', 'example_xcom_args_with_operators' retrieved from /home/airflow/.local/lib/python3.12/site-packages/airflow/example_dags/example_xcomargs.py
[2025-09-16T14:19:15.341+0000] {logging_mixin.py:188} INFO - [2025-09-16T14:19:15.341+0000] {dag.py:3096} INFO - Sync 2 DAGs
[2025-09-16T14:19:15.358+0000] {logging_mixin.py:188} INFO - [2025-09-16T14:19:15.357+0000] {dag.py:3954} INFO - Setting next_dagrun for example_xcom_args to None, run_after=None
[2025-09-16T14:19:15.362+0000] {logging_mixin.py:188} INFO - [2025-09-16T14:19:15.362+0000] {dag.py:3954} INFO - Setting next_dagrun for example_xcom_args_with_operators to None, run_after=None
[2025-09-16T14:19:15.394+0000] {processor.py:183} INFO - Processing /home/airflow/.local/lib/python3.12/site-packages/airflow/example_dags/example_xcomargs.py took 0.101 seconds
[2025-09-16T14:19:45.579+0000] {processor.py:161} INFO - Started process (PID=445) to work on /home/airflow/.local/lib/python3.12/site-packages/airflow/example_dags/example_xcomargs.py
[2025-09-16T14:19:45.581+0000] {processor.py:830} INFO - Processing file /home/airflow/.local/lib/python3.12/site-packages/airflow/example_dags/example_xcomargs.py for tasks to queue
[2025-09-16T14:19:45.584+0000] {logging_mixin.py:188} INFO - [2025-09-16T14:19:45.583+0000] {dagbag.py:545} INFO - Filling up the DagBag from /home/airflow/.local/lib/python3.12/site-packages/airflow/example_dags/example_xcomargs.py
[2025-09-16T14:19:45.593+0000] {processor.py:840} INFO - DAG(s) 'example_xcom_args_with_operators', 'example_xcom_args' retrieved from /home/airflow/.local/lib/python3.12/site-packages/airflow/example_dags/example_xcomargs.py
[2025-09-16T14:19:45.623+0000] {logging_mixin.py:188} INFO - [2025-09-16T14:19:45.623+0000] {dag.py:3096} INFO - Sync 2 DAGs
[2025-09-16T14:19:45.640+0000] {logging_mixin.py:188} INFO - [2025-09-16T14:19:45.640+0000] {dag.py:3954} INFO - Setting next_dagrun for example_xcom_args to None, run_after=None
[2025-09-16T14:19:45.645+0000] {logging_mixin.py:188} INFO - [2025-09-16T14:19:45.645+0000] {dag.py:3954} INFO - Setting next_dagrun for example_xcom_args_with_operators to None, run_after=None
[2025-09-16T14:19:45.667+0000] {processor.py:183} INFO - Processing /home/airflow/.local/lib/python3.12/site-packages/airflow/example_dags/example_xcomargs.py took 0.095 seconds
[2025-09-16T14:20:16.571+0000] {processor.py:161} INFO - Started process (PID=505) to work on /home/airflow/.local/lib/python3.12/site-packages/airflow/example_dags/example_xcomargs.py
[2025-09-16T14:20:16.572+0000] {processor.py:830} INFO - Processing file /home/airflow/.local/lib/python3.12/site-packages/airflow/example_dags/example_xcomargs.py for tasks to queue
[2025-09-16T14:20:16.575+0000] {logging_mixin.py:188} INFO - [2025-09-16T14:20:16.574+0000] {dagbag.py:545} INFO - Filling up the DagBag from /home/airflow/.local/lib/python3.12/site-packages/airflow/example_dags/example_xcomargs.py
[2025-09-16T14:20:16.585+0000] {processor.py:840} INFO - DAG(s) 'example_xcom_args', 'example_xcom_args_with_operators' retrieved from /home/airflow/.local/lib/python3.12/site-packages/airflow/example_dags/example_xcomargs.py
[2025-09-16T14:20:16.622+0000] {logging_mixin.py:188} INFO - [2025-09-16T14:20:16.622+0000] {dag.py:3096} INFO - Sync 2 DAGs
[2025-09-16T14:20:16.642+0000] {logging_mixin.py:188} INFO - [2025-09-16T14:20:16.642+0000] {dag.py:3954} INFO - Setting next_dagrun for example_xcom_args to None, run_after=None
[2025-09-16T14:20:16.649+0000] {logging_mixin.py:188} INFO - [2025-09-16T14:20:16.648+0000] {dag.py:3954} INFO - Setting next_dagrun for example_xcom_args_with_operators to None, run_after=None
[2025-09-16T14:20:16.677+0000] {processor.py:183} INFO - Processing /home/airflow/.local/lib/python3.12/site-packages/airflow/example_dags/example_xcomargs.py took 0.114 seconds
[2025-09-16T14:20:47.081+0000] {processor.py:161} INFO - Started process (PID=565) to work on /home/airflow/.local/lib/python3.12/site-packages/airflow/example_dags/example_xcomargs.py
[2025-09-16T14:20:47.083+0000] {processor.py:830} INFO - Processing file /home/airflow/.local/lib/python3.12/site-packages/airflow/example_dags/example_xcomargs.py for tasks to queue
[2025-09-16T14:20:47.085+0000] {logging_mixin.py:188} INFO - [2025-09-16T14:20:47.085+0000] {dagbag.py:545} INFO - Filling up the DagBag from /home/airflow/.local/lib/python3.12/site-packages/airflow/example_dags/example_xcomargs.py
[2025-09-16T14:20:47.094+0000] {processor.py:840} INFO - DAG(s) 'example_xcom_args', 'example_xcom_args_with_operators' retrieved from /home/airflow/.local/lib/python3.12/site-packages/airflow/example_dags/example_xcomargs.py
[2025-09-16T14:20:47.134+0000] {logging_mixin.py:188} INFO - [2025-09-16T14:20:47.134+0000] {dag.py:3096} INFO - Sync 2 DAGs
[2025-09-16T14:20:47.153+0000] {logging_mixin.py:188} INFO - [2025-09-16T14:20:47.152+0000] {dag.py:3954} INFO - Setting next_dagrun for example_xcom_args to None, run_after=None
[2025-09-16T14:20:47.158+0000] {logging_mixin.py:188} INFO - [2025-09-16T14:20:47.158+0000] {dag.py:3954} INFO - Setting next_dagrun for example_xcom_args_with_operators to None, run_after=None
[2025-09-16T14:20:47.185+0000] {processor.py:183} INFO - Processing /home/airflow/.local/lib/python3.12/site-packages/airflow/example_dags/example_xcomargs.py took 0.110 seconds
[2025-09-16T14:54:07.935+0000] {processor.py:161} INFO - Started process (PID=85) to work on /home/airflow/.local/lib/python3.12/site-packages/airflow/example_dags/example_xcomargs.py
[2025-09-16T14:54:07.937+0000] {processor.py:830} INFO - Processing file /home/airflow/.local/lib/python3.12/site-packages/airflow/example_dags/example_xcomargs.py for tasks to queue
[2025-09-16T14:54:07.942+0000] {logging_mixin.py:188} INFO - [2025-09-16T14:54:07.941+0000] {dagbag.py:545} INFO - Filling up the DagBag from /home/airflow/.local/lib/python3.12/site-packages/airflow/example_dags/example_xcomargs.py
[2025-09-16T14:54:07.965+0000] {processor.py:840} INFO - DAG(s) 'example_xcom_args', 'example_xcom_args_with_operators' retrieved from /home/airflow/.local/lib/python3.12/site-packages/airflow/example_dags/example_xcomargs.py
[2025-09-16T14:54:08.203+0000] {logging_mixin.py:188} INFO - [2025-09-16T14:54:08.202+0000] {dag.py:3096} INFO - Sync 2 DAGs
[2025-09-16T14:54:08.226+0000] {logging_mixin.py:188} INFO - [2025-09-16T14:54:08.225+0000] {dag.py:3954} INFO - Setting next_dagrun for example_xcom_args to None, run_after=None
[2025-09-16T14:54:08.231+0000] {logging_mixin.py:188} INFO - [2025-09-16T14:54:08.231+0000] {dag.py:3954} INFO - Setting next_dagrun for example_xcom_args_with_operators to None, run_after=None
[2025-09-16T14:54:08.264+0000] {processor.py:183} INFO - Processing /home/airflow/.local/lib/python3.12/site-packages/airflow/example_dags/example_xcomargs.py took 0.342 seconds
[2025-09-16T14:54:39.283+0000] {processor.py:161} INFO - Started process (PID=145) to work on /home/airflow/.local/lib/python3.12/site-packages/airflow/example_dags/example_xcomargs.py
[2025-09-16T14:54:39.285+0000] {processor.py:830} INFO - Processing file /home/airflow/.local/lib/python3.12/site-packages/airflow/example_dags/example_xcomargs.py for tasks to queue
[2025-09-16T14:54:39.289+0000] {logging_mixin.py:188} INFO - [2025-09-16T14:54:39.288+0000] {dagbag.py:545} INFO - Filling up the DagBag from /home/airflow/.local/lib/python3.12/site-packages/airflow/example_dags/example_xcomargs.py
[2025-09-16T14:54:39.302+0000] {processor.py:840} INFO - DAG(s) 'example_xcom_args', 'example_xcom_args_with_operators' retrieved from /home/airflow/.local/lib/python3.12/site-packages/airflow/example_dags/example_xcomargs.py
[2025-09-16T14:54:39.337+0000] {logging_mixin.py:188} INFO - [2025-09-16T14:54:39.337+0000] {dag.py:3096} INFO - Sync 2 DAGs
[2025-09-16T14:54:39.358+0000] {logging_mixin.py:188} INFO - [2025-09-16T14:54:39.357+0000] {dag.py:3954} INFO - Setting next_dagrun for example_xcom_args to None, run_after=None
[2025-09-16T14:54:39.364+0000] {logging_mixin.py:188} INFO - [2025-09-16T14:54:39.364+0000] {dag.py:3954} INFO - Setting next_dagrun for example_xcom_args_with_operators to None, run_after=None
[2025-09-16T14:54:39.386+0000] {processor.py:183} INFO - Processing /home/airflow/.local/lib/python3.12/site-packages/airflow/example_dags/example_xcomargs.py took 0.116 seconds
[2025-09-16T14:55:10.369+0000] {processor.py:161} INFO - Started process (PID=206) to work on /home/airflow/.local/lib/python3.12/site-packages/airflow/example_dags/example_xcomargs.py
[2025-09-16T14:55:10.372+0000] {processor.py:830} INFO - Processing file /home/airflow/.local/lib/python3.12/site-packages/airflow/example_dags/example_xcomargs.py for tasks to queue
[2025-09-16T14:55:10.377+0000] {logging_mixin.py:188} INFO - [2025-09-16T14:55:10.376+0000] {dagbag.py:545} INFO - Filling up the DagBag from /home/airflow/.local/lib/python3.12/site-packages/airflow/example_dags/example_xcomargs.py
[2025-09-16T14:55:10.391+0000] {processor.py:840} INFO - DAG(s) 'example_xcom_args', 'example_xcom_args_with_operators' retrieved from /home/airflow/.local/lib/python3.12/site-packages/airflow/example_dags/example_xcomargs.py
[2025-09-16T14:55:10.435+0000] {logging_mixin.py:188} INFO - [2025-09-16T14:55:10.435+0000] {dag.py:3096} INFO - Sync 2 DAGs
[2025-09-16T14:55:10.464+0000] {logging_mixin.py:188} INFO - [2025-09-16T14:55:10.464+0000] {dag.py:3954} INFO - Setting next_dagrun for example_xcom_args to None, run_after=None
[2025-09-16T14:55:10.471+0000] {logging_mixin.py:188} INFO - [2025-09-16T14:55:10.471+0000] {dag.py:3954} INFO - Setting next_dagrun for example_xcom_args_with_operators to None, run_after=None
[2025-09-16T14:55:10.513+0000] {processor.py:183} INFO - Processing /home/airflow/.local/lib/python3.12/site-packages/airflow/example_dags/example_xcomargs.py took 0.152 seconds
[2025-09-16T14:55:40.886+0000] {processor.py:161} INFO - Started process (PID=264) to work on /home/airflow/.local/lib/python3.12/site-packages/airflow/example_dags/example_xcomargs.py
[2025-09-16T14:55:40.888+0000] {processor.py:830} INFO - Processing file /home/airflow/.local/lib/python3.12/site-packages/airflow/example_dags/example_xcomargs.py for tasks to queue
[2025-09-16T14:55:40.893+0000] {logging_mixin.py:188} INFO - [2025-09-16T14:55:40.892+0000] {dagbag.py:545} INFO - Filling up the DagBag from /home/airflow/.local/lib/python3.12/site-packages/airflow/example_dags/example_xcomargs.py
[2025-09-16T14:55:40.909+0000] {processor.py:840} INFO - DAG(s) 'example_xcom_args_with_operators', 'example_xcom_args' retrieved from /home/airflow/.local/lib/python3.12/site-packages/airflow/example_dags/example_xcomargs.py
[2025-09-16T14:55:40.951+0000] {logging_mixin.py:188} INFO - [2025-09-16T14:55:40.951+0000] {dag.py:3096} INFO - Sync 2 DAGs
[2025-09-16T14:55:40.975+0000] {logging_mixin.py:188} INFO - [2025-09-16T14:55:40.975+0000] {dag.py:3954} INFO - Setting next_dagrun for example_xcom_args to None, run_after=None
[2025-09-16T14:55:40.983+0000] {logging_mixin.py:188} INFO - [2025-09-16T14:55:40.983+0000] {dag.py:3954} INFO - Setting next_dagrun for example_xcom_args_with_operators to None, run_after=None
[2025-09-16T14:55:41.038+0000] {processor.py:183} INFO - Processing /home/airflow/.local/lib/python3.12/site-packages/airflow/example_dags/example_xcomargs.py took 0.170 seconds
[2025-09-16T14:56:11.122+0000] {processor.py:161} INFO - Started process (PID=323) to work on /home/airflow/.local/lib/python3.12/site-packages/airflow/example_dags/example_xcomargs.py
[2025-09-16T14:56:11.124+0000] {processor.py:830} INFO - Processing file /home/airflow/.local/lib/python3.12/site-packages/airflow/example_dags/example_xcomargs.py for tasks to queue
[2025-09-16T14:56:11.128+0000] {logging_mixin.py:188} INFO - [2025-09-16T14:56:11.127+0000] {dagbag.py:545} INFO - Filling up the DagBag from /home/airflow/.local/lib/python3.12/site-packages/airflow/example_dags/example_xcomargs.py
[2025-09-16T14:56:11.143+0000] {processor.py:840} INFO - DAG(s) 'example_xcom_args_with_operators', 'example_xcom_args' retrieved from /home/airflow/.local/lib/python3.12/site-packages/airflow/example_dags/example_xcomargs.py
[2025-09-16T14:56:11.187+0000] {logging_mixin.py:188} INFO - [2025-09-16T14:56:11.187+0000] {dag.py:3096} INFO - Sync 2 DAGs
[2025-09-16T14:56:11.209+0000] {logging_mixin.py:188} INFO - [2025-09-16T14:56:11.209+0000] {dag.py:3954} INFO - Setting next_dagrun for example_xcom_args to None, run_after=None
[2025-09-16T14:56:11.216+0000] {logging_mixin.py:188} INFO - [2025-09-16T14:56:11.215+0000] {dag.py:3954} INFO - Setting next_dagrun for example_xcom_args_with_operators to None, run_after=None
[2025-09-16T14:56:11.260+0000] {processor.py:183} INFO - Processing /home/airflow/.local/lib/python3.12/site-packages/airflow/example_dags/example_xcomargs.py took 0.149 seconds
[2025-09-16T14:56:41.660+0000] {processor.py:161} INFO - Started process (PID=383) to work on /home/airflow/.local/lib/python3.12/site-packages/airflow/example_dags/example_xcomargs.py
[2025-09-16T14:56:41.662+0000] {processor.py:830} INFO - Processing file /home/airflow/.local/lib/python3.12/site-packages/airflow/example_dags/example_xcomargs.py for tasks to queue
[2025-09-16T14:56:41.664+0000] {logging_mixin.py:188} INFO - [2025-09-16T14:56:41.664+0000] {dagbag.py:545} INFO - Filling up the DagBag from /home/airflow/.local/lib/python3.12/site-packages/airflow/example_dags/example_xcomargs.py
[2025-09-16T14:56:41.675+0000] {processor.py:840} INFO - DAG(s) 'example_xcom_args_with_operators', 'example_xcom_args' retrieved from /home/airflow/.local/lib/python3.12/site-packages/airflow/example_dags/example_xcomargs.py
[2025-09-16T14:56:41.710+0000] {logging_mixin.py:188} INFO - [2025-09-16T14:56:41.709+0000] {dag.py:3096} INFO - Sync 2 DAGs
[2025-09-16T14:56:41.731+0000] {logging_mixin.py:188} INFO - [2025-09-16T14:56:41.730+0000] {dag.py:3954} INFO - Setting next_dagrun for example_xcom_args to None, run_after=None
[2025-09-16T14:56:41.737+0000] {logging_mixin.py:188} INFO - [2025-09-16T14:56:41.737+0000] {dag.py:3954} INFO - Setting next_dagrun for example_xcom_args_with_operators to None, run_after=None
[2025-09-16T14:56:41.768+0000] {processor.py:183} INFO - Processing /home/airflow/.local/lib/python3.12/site-packages/airflow/example_dags/example_xcomargs.py took 0.114 seconds
[2025-09-16T14:57:12.516+0000] {processor.py:161} INFO - Started process (PID=443) to work on /home/airflow/.local/lib/python3.12/site-packages/airflow/example_dags/example_xcomargs.py
[2025-09-16T14:57:12.518+0000] {processor.py:830} INFO - Processing file /home/airflow/.local/lib/python3.12/site-packages/airflow/example_dags/example_xcomargs.py for tasks to queue
[2025-09-16T14:57:12.522+0000] {logging_mixin.py:188} INFO - [2025-09-16T14:57:12.521+0000] {dagbag.py:545} INFO - Filling up the DagBag from /home/airflow/.local/lib/python3.12/site-packages/airflow/example_dags/example_xcomargs.py
[2025-09-16T14:57:12.535+0000] {processor.py:840} INFO - DAG(s) 'example_xcom_args', 'example_xcom_args_with_operators' retrieved from /home/airflow/.local/lib/python3.12/site-packages/airflow/example_dags/example_xcomargs.py
[2025-09-16T14:57:12.579+0000] {logging_mixin.py:188} INFO - [2025-09-16T14:57:12.578+0000] {dag.py:3096} INFO - Sync 2 DAGs
[2025-09-16T14:57:12.602+0000] {logging_mixin.py:188} INFO - [2025-09-16T14:57:12.601+0000] {dag.py:3954} INFO - Setting next_dagrun for example_xcom_args to None, run_after=None
[2025-09-16T14:57:12.609+0000] {logging_mixin.py:188} INFO - [2025-09-16T14:57:12.609+0000] {dag.py:3954} INFO - Setting next_dagrun for example_xcom_args_with_operators to None, run_after=None
[2025-09-16T14:57:12.643+0000] {processor.py:183} INFO - Processing /home/airflow/.local/lib/python3.12/site-packages/airflow/example_dags/example_xcomargs.py took 0.137 seconds
[2025-09-16T14:57:42.783+0000] {processor.py:161} INFO - Started process (PID=503) to work on /home/airflow/.local/lib/python3.12/site-packages/airflow/example_dags/example_xcomargs.py
[2025-09-16T14:57:42.785+0000] {processor.py:830} INFO - Processing file /home/airflow/.local/lib/python3.12/site-packages/airflow/example_dags/example_xcomargs.py for tasks to queue
[2025-09-16T14:57:42.788+0000] {logging_mixin.py:188} INFO - [2025-09-16T14:57:42.787+0000] {dagbag.py:545} INFO - Filling up the DagBag from /home/airflow/.local/lib/python3.12/site-packages/airflow/example_dags/example_xcomargs.py
[2025-09-16T14:57:42.800+0000] {processor.py:840} INFO - DAG(s) 'example_xcom_args', 'example_xcom_args_with_operators' retrieved from /home/airflow/.local/lib/python3.12/site-packages/airflow/example_dags/example_xcomargs.py
[2025-09-16T14:57:42.835+0000] {logging_mixin.py:188} INFO - [2025-09-16T14:57:42.835+0000] {dag.py:3096} INFO - Sync 2 DAGs
[2025-09-16T14:57:42.855+0000] {logging_mixin.py:188} INFO - [2025-09-16T14:57:42.854+0000] {dag.py:3954} INFO - Setting next_dagrun for example_xcom_args to None, run_after=None
[2025-09-16T14:57:42.861+0000] {logging_mixin.py:188} INFO - [2025-09-16T14:57:42.861+0000] {dag.py:3954} INFO - Setting next_dagrun for example_xcom_args_with_operators to None, run_after=None
[2025-09-16T14:57:42.891+0000] {processor.py:183} INFO - Processing /home/airflow/.local/lib/python3.12/site-packages/airflow/example_dags/example_xcomargs.py took 0.116 seconds
[2025-09-16T14:58:13.350+0000] {processor.py:161} INFO - Started process (PID=565) to work on /home/airflow/.local/lib/python3.12/site-packages/airflow/example_dags/example_xcomargs.py
[2025-09-16T14:58:13.352+0000] {processor.py:830} INFO - Processing file /home/airflow/.local/lib/python3.12/site-packages/airflow/example_dags/example_xcomargs.py for tasks to queue
[2025-09-16T14:58:13.355+0000] {logging_mixin.py:188} INFO - [2025-09-16T14:58:13.354+0000] {dagbag.py:545} INFO - Filling up the DagBag from /home/airflow/.local/lib/python3.12/site-packages/airflow/example_dags/example_xcomargs.py
[2025-09-16T14:58:13.365+0000] {processor.py:840} INFO - DAG(s) 'example_xcom_args', 'example_xcom_args_with_operators' retrieved from /home/airflow/.local/lib/python3.12/site-packages/airflow/example_dags/example_xcomargs.py
[2025-09-16T14:58:13.398+0000] {logging_mixin.py:188} INFO - [2025-09-16T14:58:13.397+0000] {dag.py:3096} INFO - Sync 2 DAGs
[2025-09-16T14:58:13.420+0000] {logging_mixin.py:188} INFO - [2025-09-16T14:58:13.419+0000] {dag.py:3954} INFO - Setting next_dagrun for example_xcom_args to None, run_after=None
[2025-09-16T14:58:13.426+0000] {logging_mixin.py:188} INFO - [2025-09-16T14:58:13.426+0000] {dag.py:3954} INFO - Setting next_dagrun for example_xcom_args_with_operators to None, run_after=None
[2025-09-16T14:58:13.451+0000] {processor.py:183} INFO - Processing /home/airflow/.local/lib/python3.12/site-packages/airflow/example_dags/example_xcomargs.py took 0.108 seconds
[2025-09-16T14:58:43.785+0000] {processor.py:161} INFO - Started process (PID=624) to work on /home/airflow/.local/lib/python3.12/site-packages/airflow/example_dags/example_xcomargs.py
[2025-09-16T14:58:43.786+0000] {processor.py:830} INFO - Processing file /home/airflow/.local/lib/python3.12/site-packages/airflow/example_dags/example_xcomargs.py for tasks to queue
[2025-09-16T14:58:43.789+0000] {logging_mixin.py:188} INFO - [2025-09-16T14:58:43.789+0000] {dagbag.py:545} INFO - Filling up the DagBag from /home/airflow/.local/lib/python3.12/site-packages/airflow/example_dags/example_xcomargs.py
[2025-09-16T14:58:43.798+0000] {processor.py:840} INFO - DAG(s) 'example_xcom_args_with_operators', 'example_xcom_args' retrieved from /home/airflow/.local/lib/python3.12/site-packages/airflow/example_dags/example_xcomargs.py
[2025-09-16T14:58:43.828+0000] {logging_mixin.py:188} INFO - [2025-09-16T14:58:43.828+0000] {dag.py:3096} INFO - Sync 2 DAGs
[2025-09-16T14:58:43.844+0000] {logging_mixin.py:188} INFO - [2025-09-16T14:58:43.843+0000] {dag.py:3954} INFO - Setting next_dagrun for example_xcom_args to None, run_after=None
[2025-09-16T14:58:43.848+0000] {logging_mixin.py:188} INFO - [2025-09-16T14:58:43.848+0000] {dag.py:3954} INFO - Setting next_dagrun for example_xcom_args_with_operators to None, run_after=None
[2025-09-16T14:58:43.873+0000] {processor.py:183} INFO - Processing /home/airflow/.local/lib/python3.12/site-packages/airflow/example_dags/example_xcomargs.py took 0.094 seconds
[2025-09-16T14:59:14.305+0000] {processor.py:161} INFO - Started process (PID=683) to work on /home/airflow/.local/lib/python3.12/site-packages/airflow/example_dags/example_xcomargs.py
[2025-09-16T14:59:14.307+0000] {processor.py:830} INFO - Processing file /home/airflow/.local/lib/python3.12/site-packages/airflow/example_dags/example_xcomargs.py for tasks to queue
[2025-09-16T14:59:14.309+0000] {logging_mixin.py:188} INFO - [2025-09-16T14:59:14.309+0000] {dagbag.py:545} INFO - Filling up the DagBag from /home/airflow/.local/lib/python3.12/site-packages/airflow/example_dags/example_xcomargs.py
[2025-09-16T14:59:14.318+0000] {processor.py:840} INFO - DAG(s) 'example_xcom_args_with_operators', 'example_xcom_args' retrieved from /home/airflow/.local/lib/python3.12/site-packages/airflow/example_dags/example_xcomargs.py
[2025-09-16T14:59:14.348+0000] {logging_mixin.py:188} INFO - [2025-09-16T14:59:14.348+0000] {dag.py:3096} INFO - Sync 2 DAGs
[2025-09-16T14:59:14.367+0000] {logging_mixin.py:188} INFO - [2025-09-16T14:59:14.367+0000] {dag.py:3954} INFO - Setting next_dagrun for example_xcom_args to None, run_after=None
[2025-09-16T14:59:14.372+0000] {logging_mixin.py:188} INFO - [2025-09-16T14:59:14.372+0000] {dag.py:3954} INFO - Setting next_dagrun for example_xcom_args_with_operators to None, run_after=None
[2025-09-16T14:59:14.397+0000] {processor.py:183} INFO - Processing /home/airflow/.local/lib/python3.12/site-packages/airflow/example_dags/example_xcomargs.py took 0.098 seconds
[2025-09-16T14:59:44.520+0000] {processor.py:161} INFO - Started process (PID=742) to work on /home/airflow/.local/lib/python3.12/site-packages/airflow/example_dags/example_xcomargs.py
[2025-09-16T14:59:44.522+0000] {processor.py:830} INFO - Processing file /home/airflow/.local/lib/python3.12/site-packages/airflow/example_dags/example_xcomargs.py for tasks to queue
[2025-09-16T14:59:44.526+0000] {logging_mixin.py:188} INFO - [2025-09-16T14:59:44.525+0000] {dagbag.py:545} INFO - Filling up the DagBag from /home/airflow/.local/lib/python3.12/site-packages/airflow/example_dags/example_xcomargs.py
[2025-09-16T14:59:44.536+0000] {processor.py:840} INFO - DAG(s) 'example_xcom_args_with_operators', 'example_xcom_args' retrieved from /home/airflow/.local/lib/python3.12/site-packages/airflow/example_dags/example_xcomargs.py
[2025-09-16T14:59:44.569+0000] {logging_mixin.py:188} INFO - [2025-09-16T14:59:44.569+0000] {dag.py:3096} INFO - Sync 2 DAGs
[2025-09-16T14:59:44.601+0000] {logging_mixin.py:188} INFO - [2025-09-16T14:59:44.600+0000] {dag.py:3954} INFO - Setting next_dagrun for example_xcom_args to None, run_after=None
[2025-09-16T14:59:44.610+0000] {logging_mixin.py:188} INFO - [2025-09-16T14:59:44.609+0000] {dag.py:3954} INFO - Setting next_dagrun for example_xcom_args_with_operators to None, run_after=None
[2025-09-16T14:59:44.650+0000] {processor.py:183} INFO - Processing /home/airflow/.local/lib/python3.12/site-packages/airflow/example_dags/example_xcomargs.py took 0.137 seconds
[2025-09-16T15:00:14.774+0000] {processor.py:161} INFO - Started process (PID=802) to work on /home/airflow/.local/lib/python3.12/site-packages/airflow/example_dags/example_xcomargs.py
[2025-09-16T15:00:14.775+0000] {processor.py:830} INFO - Processing file /home/airflow/.local/lib/python3.12/site-packages/airflow/example_dags/example_xcomargs.py for tasks to queue
[2025-09-16T15:00:14.778+0000] {logging_mixin.py:188} INFO - [2025-09-16T15:00:14.778+0000] {dagbag.py:545} INFO - Filling up the DagBag from /home/airflow/.local/lib/python3.12/site-packages/airflow/example_dags/example_xcomargs.py
[2025-09-16T15:00:14.789+0000] {processor.py:840} INFO - DAG(s) 'example_xcom_args_with_operators', 'example_xcom_args' retrieved from /home/airflow/.local/lib/python3.12/site-packages/airflow/example_dags/example_xcomargs.py
[2025-09-16T15:00:14.820+0000] {logging_mixin.py:188} INFO - [2025-09-16T15:00:14.819+0000] {dag.py:3096} INFO - Sync 2 DAGs
[2025-09-16T15:00:14.837+0000] {logging_mixin.py:188} INFO - [2025-09-16T15:00:14.836+0000] {dag.py:3954} INFO - Setting next_dagrun for example_xcom_args to None, run_after=None
[2025-09-16T15:00:14.842+0000] {logging_mixin.py:188} INFO - [2025-09-16T15:00:14.841+0000] {dag.py:3954} INFO - Setting next_dagrun for example_xcom_args_with_operators to None, run_after=None
[2025-09-16T15:00:14.866+0000] {processor.py:183} INFO - Processing /home/airflow/.local/lib/python3.12/site-packages/airflow/example_dags/example_xcomargs.py took 0.099 seconds
[2025-09-16T15:01:49.334+0000] {processor.py:161} INFO - Started process (PID=86) to work on /home/airflow/.local/lib/python3.12/site-packages/airflow/example_dags/example_xcomargs.py
[2025-09-16T15:01:49.337+0000] {processor.py:830} INFO - Processing file /home/airflow/.local/lib/python3.12/site-packages/airflow/example_dags/example_xcomargs.py for tasks to queue
[2025-09-16T15:01:49.346+0000] {logging_mixin.py:188} INFO - [2025-09-16T15:01:49.344+0000] {dagbag.py:545} INFO - Filling up the DagBag from /home/airflow/.local/lib/python3.12/site-packages/airflow/example_dags/example_xcomargs.py
[2025-09-16T15:01:49.409+0000] {processor.py:840} INFO - DAG(s) 'example_xcom_args', 'example_xcom_args_with_operators' retrieved from /home/airflow/.local/lib/python3.12/site-packages/airflow/example_dags/example_xcomargs.py
[2025-09-16T15:01:49.831+0000] {logging_mixin.py:188} INFO - [2025-09-16T15:01:49.830+0000] {dag.py:3096} INFO - Sync 2 DAGs
[2025-09-16T15:01:49.870+0000] {logging_mixin.py:188} INFO - [2025-09-16T15:01:49.869+0000] {dag.py:3954} INFO - Setting next_dagrun for example_xcom_args to None, run_after=None
[2025-09-16T15:01:49.880+0000] {logging_mixin.py:188} INFO - [2025-09-16T15:01:49.880+0000] {dag.py:3954} INFO - Setting next_dagrun for example_xcom_args_with_operators to None, run_after=None
[2025-09-16T15:01:49.936+0000] {processor.py:183} INFO - Processing /home/airflow/.local/lib/python3.12/site-packages/airflow/example_dags/example_xcomargs.py took 0.625 seconds
[2025-09-16T15:02:20.012+0000] {processor.py:161} INFO - Started process (PID=145) to work on /home/airflow/.local/lib/python3.12/site-packages/airflow/example_dags/example_xcomargs.py
[2025-09-16T15:02:20.014+0000] {processor.py:830} INFO - Processing file /home/airflow/.local/lib/python3.12/site-packages/airflow/example_dags/example_xcomargs.py for tasks to queue
[2025-09-16T15:02:20.019+0000] {logging_mixin.py:188} INFO - [2025-09-16T15:02:20.018+0000] {dagbag.py:545} INFO - Filling up the DagBag from /home/airflow/.local/lib/python3.12/site-packages/airflow/example_dags/example_xcomargs.py
[2025-09-16T15:02:20.036+0000] {processor.py:840} INFO - DAG(s) 'example_xcom_args', 'example_xcom_args_with_operators' retrieved from /home/airflow/.local/lib/python3.12/site-packages/airflow/example_dags/example_xcomargs.py
[2025-09-16T15:02:20.059+0000] {logging_mixin.py:188} INFO - [2025-09-16T15:02:20.058+0000] {dag.py:3096} INFO - Sync 2 DAGs
[2025-09-16T15:02:20.090+0000] {logging_mixin.py:188} INFO - [2025-09-16T15:02:20.090+0000] {dag.py:3954} INFO - Setting next_dagrun for example_xcom_args to None, run_after=None
[2025-09-16T15:02:20.098+0000] {logging_mixin.py:188} INFO - [2025-09-16T15:02:20.098+0000] {dag.py:3954} INFO - Setting next_dagrun for example_xcom_args_with_operators to None, run_after=None
[2025-09-16T15:02:20.132+0000] {processor.py:183} INFO - Processing /home/airflow/.local/lib/python3.12/site-packages/airflow/example_dags/example_xcomargs.py took 0.134 seconds
[2025-09-16T15:02:51.524+0000] {processor.py:161} INFO - Started process (PID=206) to work on /home/airflow/.local/lib/python3.12/site-packages/airflow/example_dags/example_xcomargs.py
[2025-09-16T15:02:51.526+0000] {processor.py:830} INFO - Processing file /home/airflow/.local/lib/python3.12/site-packages/airflow/example_dags/example_xcomargs.py for tasks to queue
[2025-09-16T15:02:51.529+0000] {logging_mixin.py:188} INFO - [2025-09-16T15:02:51.529+0000] {dagbag.py:545} INFO - Filling up the DagBag from /home/airflow/.local/lib/python3.12/site-packages/airflow/example_dags/example_xcomargs.py
[2025-09-16T15:02:51.540+0000] {processor.py:840} INFO - DAG(s) 'example_xcom_args', 'example_xcom_args_with_operators' retrieved from /home/airflow/.local/lib/python3.12/site-packages/airflow/example_dags/example_xcomargs.py
[2025-09-16T15:02:51.685+0000] {logging_mixin.py:188} INFO - [2025-09-16T15:02:51.684+0000] {dag.py:3096} INFO - Sync 2 DAGs
[2025-09-16T15:02:51.702+0000] {logging_mixin.py:188} INFO - [2025-09-16T15:02:51.702+0000] {dag.py:3954} INFO - Setting next_dagrun for example_xcom_args to None, run_after=None
[2025-09-16T15:02:51.707+0000] {logging_mixin.py:188} INFO - [2025-09-16T15:02:51.706+0000] {dag.py:3954} INFO - Setting next_dagrun for example_xcom_args_with_operators to None, run_after=None
[2025-09-16T15:02:51.731+0000] {processor.py:183} INFO - Processing /home/airflow/.local/lib/python3.12/site-packages/airflow/example_dags/example_xcomargs.py took 0.216 seconds
[2025-09-16T15:03:23.040+0000] {processor.py:161} INFO - Started process (PID=266) to work on /home/airflow/.local/lib/python3.12/site-packages/airflow/example_dags/example_xcomargs.py
[2025-09-16T15:03:23.042+0000] {processor.py:830} INFO - Processing file /home/airflow/.local/lib/python3.12/site-packages/airflow/example_dags/example_xcomargs.py for tasks to queue
[2025-09-16T15:03:23.045+0000] {logging_mixin.py:188} INFO - [2025-09-16T15:03:23.044+0000] {dagbag.py:545} INFO - Filling up the DagBag from /home/airflow/.local/lib/python3.12/site-packages/airflow/example_dags/example_xcomargs.py
[2025-09-16T15:03:23.057+0000] {processor.py:840} INFO - DAG(s) 'example_xcom_args', 'example_xcom_args_with_operators' retrieved from /home/airflow/.local/lib/python3.12/site-packages/airflow/example_dags/example_xcomargs.py
[2025-09-16T15:03:23.095+0000] {logging_mixin.py:188} INFO - [2025-09-16T15:03:23.095+0000] {dag.py:3096} INFO - Sync 2 DAGs
[2025-09-16T15:03:23.117+0000] {logging_mixin.py:188} INFO - [2025-09-16T15:03:23.117+0000] {dag.py:3954} INFO - Setting next_dagrun for example_xcom_args to None, run_after=None
[2025-09-16T15:03:23.124+0000] {logging_mixin.py:188} INFO - [2025-09-16T15:03:23.124+0000] {dag.py:3954} INFO - Setting next_dagrun for example_xcom_args_with_operators to None, run_after=None
[2025-09-16T15:03:23.155+0000] {processor.py:183} INFO - Processing /home/airflow/.local/lib/python3.12/site-packages/airflow/example_dags/example_xcomargs.py took 0.124 seconds
[2025-09-16T15:03:54.181+0000] {processor.py:161} INFO - Started process (PID=326) to work on /home/airflow/.local/lib/python3.12/site-packages/airflow/example_dags/example_xcomargs.py
[2025-09-16T15:03:54.183+0000] {processor.py:830} INFO - Processing file /home/airflow/.local/lib/python3.12/site-packages/airflow/example_dags/example_xcomargs.py for tasks to queue
[2025-09-16T15:03:54.186+0000] {logging_mixin.py:188} INFO - [2025-09-16T15:03:54.185+0000] {dagbag.py:545} INFO - Filling up the DagBag from /home/airflow/.local/lib/python3.12/site-packages/airflow/example_dags/example_xcomargs.py
[2025-09-16T15:03:54.197+0000] {processor.py:840} INFO - DAG(s) 'example_xcom_args', 'example_xcom_args_with_operators' retrieved from /home/airflow/.local/lib/python3.12/site-packages/airflow/example_dags/example_xcomargs.py
[2025-09-16T15:03:54.231+0000] {logging_mixin.py:188} INFO - [2025-09-16T15:03:54.231+0000] {dag.py:3096} INFO - Sync 2 DAGs
[2025-09-16T15:03:54.255+0000] {logging_mixin.py:188} INFO - [2025-09-16T15:03:54.255+0000] {dag.py:3954} INFO - Setting next_dagrun for example_xcom_args to None, run_after=None
[2025-09-16T15:03:54.262+0000] {logging_mixin.py:188} INFO - [2025-09-16T15:03:54.262+0000] {dag.py:3954} INFO - Setting next_dagrun for example_xcom_args_with_operators to None, run_after=None
[2025-09-16T15:03:54.291+0000] {processor.py:183} INFO - Processing /home/airflow/.local/lib/python3.12/site-packages/airflow/example_dags/example_xcomargs.py took 0.118 seconds
[2025-09-16T15:04:24.597+0000] {processor.py:161} INFO - Started process (PID=384) to work on /home/airflow/.local/lib/python3.12/site-packages/airflow/example_dags/example_xcomargs.py
[2025-09-16T15:04:24.599+0000] {processor.py:830} INFO - Processing file /home/airflow/.local/lib/python3.12/site-packages/airflow/example_dags/example_xcomargs.py for tasks to queue
[2025-09-16T15:04:24.602+0000] {logging_mixin.py:188} INFO - [2025-09-16T15:04:24.602+0000] {dagbag.py:545} INFO - Filling up the DagBag from /home/airflow/.local/lib/python3.12/site-packages/airflow/example_dags/example_xcomargs.py
[2025-09-16T15:04:24.612+0000] {processor.py:840} INFO - DAG(s) 'example_xcom_args_with_operators', 'example_xcom_args' retrieved from /home/airflow/.local/lib/python3.12/site-packages/airflow/example_dags/example_xcomargs.py
[2025-09-16T15:04:24.648+0000] {logging_mixin.py:188} INFO - [2025-09-16T15:04:24.647+0000] {dag.py:3096} INFO - Sync 2 DAGs
[2025-09-16T15:04:24.667+0000] {logging_mixin.py:188} INFO - [2025-09-16T15:04:24.667+0000] {dag.py:3954} INFO - Setting next_dagrun for example_xcom_args to None, run_after=None
[2025-09-16T15:04:24.674+0000] {logging_mixin.py:188} INFO - [2025-09-16T15:04:24.673+0000] {dag.py:3954} INFO - Setting next_dagrun for example_xcom_args_with_operators to None, run_after=None
[2025-09-16T15:04:24.703+0000] {processor.py:183} INFO - Processing /home/airflow/.local/lib/python3.12/site-packages/airflow/example_dags/example_xcomargs.py took 0.112 seconds
[2025-09-16T15:04:55.178+0000] {processor.py:161} INFO - Started process (PID=444) to work on /home/airflow/.local/lib/python3.12/site-packages/airflow/example_dags/example_xcomargs.py
[2025-09-16T15:04:55.179+0000] {processor.py:830} INFO - Processing file /home/airflow/.local/lib/python3.12/site-packages/airflow/example_dags/example_xcomargs.py for tasks to queue
[2025-09-16T15:04:55.182+0000] {logging_mixin.py:188} INFO - [2025-09-16T15:04:55.182+0000] {dagbag.py:545} INFO - Filling up the DagBag from /home/airflow/.local/lib/python3.12/site-packages/airflow/example_dags/example_xcomargs.py
[2025-09-16T15:04:55.190+0000] {processor.py:840} INFO - DAG(s) 'example_xcom_args_with_operators', 'example_xcom_args' retrieved from /home/airflow/.local/lib/python3.12/site-packages/airflow/example_dags/example_xcomargs.py
[2025-09-16T15:04:55.216+0000] {logging_mixin.py:188} INFO - [2025-09-16T15:04:55.216+0000] {dag.py:3096} INFO - Sync 2 DAGs
[2025-09-16T15:04:55.231+0000] {logging_mixin.py:188} INFO - [2025-09-16T15:04:55.231+0000] {dag.py:3954} INFO - Setting next_dagrun for example_xcom_args to None, run_after=None
[2025-09-16T15:04:55.238+0000] {logging_mixin.py:188} INFO - [2025-09-16T15:04:55.237+0000] {dag.py:3954} INFO - Setting next_dagrun for example_xcom_args_with_operators to None, run_after=None
[2025-09-16T15:04:55.262+0000] {processor.py:183} INFO - Processing /home/airflow/.local/lib/python3.12/site-packages/airflow/example_dags/example_xcomargs.py took 0.089 seconds
[2025-09-16T15:05:25.486+0000] {processor.py:161} INFO - Started process (PID=503) to work on /home/airflow/.local/lib/python3.12/site-packages/airflow/example_dags/example_xcomargs.py
[2025-09-16T15:05:25.488+0000] {processor.py:830} INFO - Processing file /home/airflow/.local/lib/python3.12/site-packages/airflow/example_dags/example_xcomargs.py for tasks to queue
[2025-09-16T15:05:25.492+0000] {logging_mixin.py:188} INFO - [2025-09-16T15:05:25.492+0000] {dagbag.py:545} INFO - Filling up the DagBag from /home/airflow/.local/lib/python3.12/site-packages/airflow/example_dags/example_xcomargs.py
[2025-09-16T15:05:25.503+0000] {processor.py:840} INFO - DAG(s) 'example_xcom_args_with_operators', 'example_xcom_args' retrieved from /home/airflow/.local/lib/python3.12/site-packages/airflow/example_dags/example_xcomargs.py
[2025-09-16T15:05:25.530+0000] {logging_mixin.py:188} INFO - [2025-09-16T15:05:25.530+0000] {dag.py:3096} INFO - Sync 2 DAGs
[2025-09-16T15:05:25.547+0000] {logging_mixin.py:188} INFO - [2025-09-16T15:05:25.547+0000] {dag.py:3954} INFO - Setting next_dagrun for example_xcom_args to None, run_after=None
[2025-09-16T15:05:25.552+0000] {logging_mixin.py:188} INFO - [2025-09-16T15:05:25.552+0000] {dag.py:3954} INFO - Setting next_dagrun for example_xcom_args_with_operators to None, run_after=None
[2025-09-16T15:05:25.576+0000] {processor.py:183} INFO - Processing /home/airflow/.local/lib/python3.12/site-packages/airflow/example_dags/example_xcomargs.py took 0.096 seconds
[2025-09-16T15:05:55.977+0000] {processor.py:161} INFO - Started process (PID=563) to work on /home/airflow/.local/lib/python3.12/site-packages/airflow/example_dags/example_xcomargs.py
[2025-09-16T15:05:55.978+0000] {processor.py:830} INFO - Processing file /home/airflow/.local/lib/python3.12/site-packages/airflow/example_dags/example_xcomargs.py for tasks to queue
[2025-09-16T15:05:55.981+0000] {logging_mixin.py:188} INFO - [2025-09-16T15:05:55.981+0000] {dagbag.py:545} INFO - Filling up the DagBag from /home/airflow/.local/lib/python3.12/site-packages/airflow/example_dags/example_xcomargs.py
[2025-09-16T15:05:55.997+0000] {processor.py:840} INFO - DAG(s) 'example_xcom_args_with_operators', 'example_xcom_args' retrieved from /home/airflow/.local/lib/python3.12/site-packages/airflow/example_dags/example_xcomargs.py
[2025-09-16T15:05:56.027+0000] {logging_mixin.py:188} INFO - [2025-09-16T15:05:56.027+0000] {dag.py:3096} INFO - Sync 2 DAGs
[2025-09-16T15:05:56.046+0000] {logging_mixin.py:188} INFO - [2025-09-16T15:05:56.046+0000] {dag.py:3954} INFO - Setting next_dagrun for example_xcom_args to None, run_after=None
[2025-09-16T15:05:56.054+0000] {logging_mixin.py:188} INFO - [2025-09-16T15:05:56.053+0000] {dag.py:3954} INFO - Setting next_dagrun for example_xcom_args_with_operators to None, run_after=None
[2025-09-16T15:05:56.083+0000] {processor.py:183} INFO - Processing /home/airflow/.local/lib/python3.12/site-packages/airflow/example_dags/example_xcomargs.py took 0.113 seconds
[2025-09-16T15:06:26.662+0000] {processor.py:161} INFO - Started process (PID=623) to work on /home/airflow/.local/lib/python3.12/site-packages/airflow/example_dags/example_xcomargs.py
[2025-09-16T15:06:26.663+0000] {processor.py:830} INFO - Processing file /home/airflow/.local/lib/python3.12/site-packages/airflow/example_dags/example_xcomargs.py for tasks to queue
[2025-09-16T15:06:26.666+0000] {logging_mixin.py:188} INFO - [2025-09-16T15:06:26.665+0000] {dagbag.py:545} INFO - Filling up the DagBag from /home/airflow/.local/lib/python3.12/site-packages/airflow/example_dags/example_xcomargs.py
[2025-09-16T15:06:26.674+0000] {processor.py:840} INFO - DAG(s) 'example_xcom_args_with_operators', 'example_xcom_args' retrieved from /home/airflow/.local/lib/python3.12/site-packages/airflow/example_dags/example_xcomargs.py
[2025-09-16T15:06:26.706+0000] {logging_mixin.py:188} INFO - [2025-09-16T15:06:26.705+0000] {dag.py:3096} INFO - Sync 2 DAGs
[2025-09-16T15:06:26.728+0000] {logging_mixin.py:188} INFO - [2025-09-16T15:06:26.728+0000] {dag.py:3954} INFO - Setting next_dagrun for example_xcom_args to None, run_after=None
[2025-09-16T15:06:26.735+0000] {logging_mixin.py:188} INFO - [2025-09-16T15:06:26.735+0000] {dag.py:3954} INFO - Setting next_dagrun for example_xcom_args_with_operators to None, run_after=None
[2025-09-16T15:06:26.767+0000] {processor.py:183} INFO - Processing /home/airflow/.local/lib/python3.12/site-packages/airflow/example_dags/example_xcomargs.py took 0.111 seconds
[2025-09-16T15:06:57.002+0000] {processor.py:161} INFO - Started process (PID=682) to work on /home/airflow/.local/lib/python3.12/site-packages/airflow/example_dags/example_xcomargs.py
[2025-09-16T15:06:57.003+0000] {processor.py:830} INFO - Processing file /home/airflow/.local/lib/python3.12/site-packages/airflow/example_dags/example_xcomargs.py for tasks to queue
[2025-09-16T15:06:57.006+0000] {logging_mixin.py:188} INFO - [2025-09-16T15:06:57.006+0000] {dagbag.py:545} INFO - Filling up the DagBag from /home/airflow/.local/lib/python3.12/site-packages/airflow/example_dags/example_xcomargs.py
[2025-09-16T15:06:57.015+0000] {processor.py:840} INFO - DAG(s) 'example_xcom_args_with_operators', 'example_xcom_args' retrieved from /home/airflow/.local/lib/python3.12/site-packages/airflow/example_dags/example_xcomargs.py
[2025-09-16T15:06:57.043+0000] {logging_mixin.py:188} INFO - [2025-09-16T15:06:57.043+0000] {dag.py:3096} INFO - Sync 2 DAGs
[2025-09-16T15:06:57.059+0000] {logging_mixin.py:188} INFO - [2025-09-16T15:06:57.058+0000] {dag.py:3954} INFO - Setting next_dagrun for example_xcom_args to None, run_after=None
[2025-09-16T15:06:57.064+0000] {logging_mixin.py:188} INFO - [2025-09-16T15:06:57.064+0000] {dag.py:3954} INFO - Setting next_dagrun for example_xcom_args_with_operators to None, run_after=None
[2025-09-16T15:06:57.085+0000] {processor.py:183} INFO - Processing /home/airflow/.local/lib/python3.12/site-packages/airflow/example_dags/example_xcomargs.py took 0.091 seconds
[2025-09-16T15:07:27.623+0000] {processor.py:161} INFO - Started process (PID=743) to work on /home/airflow/.local/lib/python3.12/site-packages/airflow/example_dags/example_xcomargs.py
[2025-09-16T15:07:27.625+0000] {processor.py:830} INFO - Processing file /home/airflow/.local/lib/python3.12/site-packages/airflow/example_dags/example_xcomargs.py for tasks to queue
[2025-09-16T15:07:27.627+0000] {logging_mixin.py:188} INFO - [2025-09-16T15:07:27.627+0000] {dagbag.py:545} INFO - Filling up the DagBag from /home/airflow/.local/lib/python3.12/site-packages/airflow/example_dags/example_xcomargs.py
[2025-09-16T15:07:27.640+0000] {processor.py:840} INFO - DAG(s) 'example_xcom_args', 'example_xcom_args_with_operators' retrieved from /home/airflow/.local/lib/python3.12/site-packages/airflow/example_dags/example_xcomargs.py
[2025-09-16T15:07:27.678+0000] {logging_mixin.py:188} INFO - [2025-09-16T15:07:27.678+0000] {dag.py:3096} INFO - Sync 2 DAGs
[2025-09-16T15:07:27.699+0000] {logging_mixin.py:188} INFO - [2025-09-16T15:07:27.698+0000] {dag.py:3954} INFO - Setting next_dagrun for example_xcom_args to None, run_after=None
[2025-09-16T15:07:27.706+0000] {logging_mixin.py:188} INFO - [2025-09-16T15:07:27.705+0000] {dag.py:3954} INFO - Setting next_dagrun for example_xcom_args_with_operators to None, run_after=None
[2025-09-16T15:07:27.735+0000] {processor.py:183} INFO - Processing /home/airflow/.local/lib/python3.12/site-packages/airflow/example_dags/example_xcomargs.py took 0.120 seconds
[2025-09-16T15:07:58.006+0000] {processor.py:161} INFO - Started process (PID=802) to work on /home/airflow/.local/lib/python3.12/site-packages/airflow/example_dags/example_xcomargs.py
[2025-09-16T15:07:58.009+0000] {processor.py:830} INFO - Processing file /home/airflow/.local/lib/python3.12/site-packages/airflow/example_dags/example_xcomargs.py for tasks to queue
[2025-09-16T15:07:58.013+0000] {logging_mixin.py:188} INFO - [2025-09-16T15:07:58.012+0000] {dagbag.py:545} INFO - Filling up the DagBag from /home/airflow/.local/lib/python3.12/site-packages/airflow/example_dags/example_xcomargs.py
[2025-09-16T15:07:58.031+0000] {processor.py:840} INFO - DAG(s) 'example_xcom_args_with_operators', 'example_xcom_args' retrieved from /home/airflow/.local/lib/python3.12/site-packages/airflow/example_dags/example_xcomargs.py
[2025-09-16T15:07:58.070+0000] {logging_mixin.py:188} INFO - [2025-09-16T15:07:58.070+0000] {dag.py:3096} INFO - Sync 2 DAGs
[2025-09-16T15:07:58.097+0000] {logging_mixin.py:188} INFO - [2025-09-16T15:07:58.097+0000] {dag.py:3954} INFO - Setting next_dagrun for example_xcom_args to None, run_after=None
[2025-09-16T15:07:58.104+0000] {logging_mixin.py:188} INFO - [2025-09-16T15:07:58.104+0000] {dag.py:3954} INFO - Setting next_dagrun for example_xcom_args_with_operators to None, run_after=None
[2025-09-16T15:07:58.137+0000] {processor.py:183} INFO - Processing /home/airflow/.local/lib/python3.12/site-packages/airflow/example_dags/example_xcomargs.py took 0.138 seconds
[2025-09-16T15:08:28.211+0000] {processor.py:161} INFO - Started process (PID=862) to work on /home/airflow/.local/lib/python3.12/site-packages/airflow/example_dags/example_xcomargs.py
[2025-09-16T15:08:28.213+0000] {processor.py:830} INFO - Processing file /home/airflow/.local/lib/python3.12/site-packages/airflow/example_dags/example_xcomargs.py for tasks to queue
[2025-09-16T15:08:28.216+0000] {logging_mixin.py:188} INFO - [2025-09-16T15:08:28.215+0000] {dagbag.py:545} INFO - Filling up the DagBag from /home/airflow/.local/lib/python3.12/site-packages/airflow/example_dags/example_xcomargs.py
[2025-09-16T15:08:28.229+0000] {processor.py:840} INFO - DAG(s) 'example_xcom_args_with_operators', 'example_xcom_args' retrieved from /home/airflow/.local/lib/python3.12/site-packages/airflow/example_dags/example_xcomargs.py
[2025-09-16T15:08:28.275+0000] {logging_mixin.py:188} INFO - [2025-09-16T15:08:28.274+0000] {dag.py:3096} INFO - Sync 2 DAGs
[2025-09-16T15:08:28.296+0000] {logging_mixin.py:188} INFO - [2025-09-16T15:08:28.296+0000] {dag.py:3954} INFO - Setting next_dagrun for example_xcom_args to None, run_after=None
[2025-09-16T15:08:28.302+0000] {logging_mixin.py:188} INFO - [2025-09-16T15:08:28.302+0000] {dag.py:3954} INFO - Setting next_dagrun for example_xcom_args_with_operators to None, run_after=None
[2025-09-16T15:08:28.329+0000] {processor.py:183} INFO - Processing /home/airflow/.local/lib/python3.12/site-packages/airflow/example_dags/example_xcomargs.py took 0.125 seconds
[2025-09-16T15:08:58.415+0000] {processor.py:161} INFO - Started process (PID=922) to work on /home/airflow/.local/lib/python3.12/site-packages/airflow/example_dags/example_xcomargs.py
[2025-09-16T15:08:58.418+0000] {processor.py:830} INFO - Processing file /home/airflow/.local/lib/python3.12/site-packages/airflow/example_dags/example_xcomargs.py for tasks to queue
[2025-09-16T15:08:58.422+0000] {logging_mixin.py:188} INFO - [2025-09-16T15:08:58.422+0000] {dagbag.py:545} INFO - Filling up the DagBag from /home/airflow/.local/lib/python3.12/site-packages/airflow/example_dags/example_xcomargs.py
[2025-09-16T15:08:58.439+0000] {processor.py:840} INFO - DAG(s) 'example_xcom_args_with_operators', 'example_xcom_args' retrieved from /home/airflow/.local/lib/python3.12/site-packages/airflow/example_dags/example_xcomargs.py
[2025-09-16T15:08:58.475+0000] {logging_mixin.py:188} INFO - [2025-09-16T15:08:58.474+0000] {dag.py:3096} INFO - Sync 2 DAGs
[2025-09-16T15:08:58.495+0000] {logging_mixin.py:188} INFO - [2025-09-16T15:08:58.494+0000] {dag.py:3954} INFO - Setting next_dagrun for example_xcom_args to None, run_after=None
[2025-09-16T15:08:58.502+0000] {logging_mixin.py:188} INFO - [2025-09-16T15:08:58.502+0000] {dag.py:3954} INFO - Setting next_dagrun for example_xcom_args_with_operators to None, run_after=None
[2025-09-16T15:08:58.566+0000] {processor.py:183} INFO - Processing /home/airflow/.local/lib/python3.12/site-packages/airflow/example_dags/example_xcomargs.py took 0.165 seconds
[2025-09-16T15:09:28.709+0000] {processor.py:161} INFO - Started process (PID=982) to work on /home/airflow/.local/lib/python3.12/site-packages/airflow/example_dags/example_xcomargs.py
[2025-09-16T15:09:28.711+0000] {processor.py:830} INFO - Processing file /home/airflow/.local/lib/python3.12/site-packages/airflow/example_dags/example_xcomargs.py for tasks to queue
[2025-09-16T15:09:28.713+0000] {logging_mixin.py:188} INFO - [2025-09-16T15:09:28.713+0000] {dagbag.py:545} INFO - Filling up the DagBag from /home/airflow/.local/lib/python3.12/site-packages/airflow/example_dags/example_xcomargs.py
[2025-09-16T15:09:28.724+0000] {processor.py:840} INFO - DAG(s) 'example_xcom_args', 'example_xcom_args_with_operators' retrieved from /home/airflow/.local/lib/python3.12/site-packages/airflow/example_dags/example_xcomargs.py
[2025-09-16T15:09:28.751+0000] {logging_mixin.py:188} INFO - [2025-09-16T15:09:28.751+0000] {dag.py:3096} INFO - Sync 2 DAGs
[2025-09-16T15:09:28.767+0000] {logging_mixin.py:188} INFO - [2025-09-16T15:09:28.767+0000] {dag.py:3954} INFO - Setting next_dagrun for example_xcom_args to None, run_after=None
[2025-09-16T15:09:28.772+0000] {logging_mixin.py:188} INFO - [2025-09-16T15:09:28.771+0000] {dag.py:3954} INFO - Setting next_dagrun for example_xcom_args_with_operators to None, run_after=None
[2025-09-16T15:09:28.793+0000] {processor.py:183} INFO - Processing /home/airflow/.local/lib/python3.12/site-packages/airflow/example_dags/example_xcomargs.py took 0.091 seconds
[2025-09-16T15:09:58.961+0000] {processor.py:161} INFO - Started process (PID=1042) to work on /home/airflow/.local/lib/python3.12/site-packages/airflow/example_dags/example_xcomargs.py
[2025-09-16T15:09:58.962+0000] {processor.py:830} INFO - Processing file /home/airflow/.local/lib/python3.12/site-packages/airflow/example_dags/example_xcomargs.py for tasks to queue
[2025-09-16T15:09:58.965+0000] {logging_mixin.py:188} INFO - [2025-09-16T15:09:58.965+0000] {dagbag.py:545} INFO - Filling up the DagBag from /home/airflow/.local/lib/python3.12/site-packages/airflow/example_dags/example_xcomargs.py
[2025-09-16T15:09:58.976+0000] {processor.py:840} INFO - DAG(s) 'example_xcom_args', 'example_xcom_args_with_operators' retrieved from /home/airflow/.local/lib/python3.12/site-packages/airflow/example_dags/example_xcomargs.py
[2025-09-16T15:09:59.009+0000] {logging_mixin.py:188} INFO - [2025-09-16T15:09:59.008+0000] {dag.py:3096} INFO - Sync 2 DAGs
[2025-09-16T15:09:59.028+0000] {logging_mixin.py:188} INFO - [2025-09-16T15:09:59.028+0000] {dag.py:3954} INFO - Setting next_dagrun for example_xcom_args to None, run_after=None
[2025-09-16T15:09:59.033+0000] {logging_mixin.py:188} INFO - [2025-09-16T15:09:59.033+0000] {dag.py:3954} INFO - Setting next_dagrun for example_xcom_args_with_operators to None, run_after=None
[2025-09-16T15:09:59.055+0000] {processor.py:183} INFO - Processing /home/airflow/.local/lib/python3.12/site-packages/airflow/example_dags/example_xcomargs.py took 0.102 seconds
[2025-09-16T15:10:29.525+0000] {processor.py:161} INFO - Started process (PID=1102) to work on /home/airflow/.local/lib/python3.12/site-packages/airflow/example_dags/example_xcomargs.py
[2025-09-16T15:10:29.526+0000] {processor.py:830} INFO - Processing file /home/airflow/.local/lib/python3.12/site-packages/airflow/example_dags/example_xcomargs.py for tasks to queue
[2025-09-16T15:10:29.530+0000] {logging_mixin.py:188} INFO - [2025-09-16T15:10:29.530+0000] {dagbag.py:545} INFO - Filling up the DagBag from /home/airflow/.local/lib/python3.12/site-packages/airflow/example_dags/example_xcomargs.py
[2025-09-16T15:10:29.540+0000] {processor.py:840} INFO - DAG(s) 'example_xcom_args_with_operators', 'example_xcom_args' retrieved from /home/airflow/.local/lib/python3.12/site-packages/airflow/example_dags/example_xcomargs.py
[2025-09-16T15:10:29.569+0000] {logging_mixin.py:188} INFO - [2025-09-16T15:10:29.569+0000] {dag.py:3096} INFO - Sync 2 DAGs
[2025-09-16T15:10:29.586+0000] {logging_mixin.py:188} INFO - [2025-09-16T15:10:29.586+0000] {dag.py:3954} INFO - Setting next_dagrun for example_xcom_args to None, run_after=None
[2025-09-16T15:10:29.591+0000] {logging_mixin.py:188} INFO - [2025-09-16T15:10:29.591+0000] {dag.py:3954} INFO - Setting next_dagrun for example_xcom_args_with_operators to None, run_after=None
[2025-09-16T15:10:29.613+0000] {processor.py:183} INFO - Processing /home/airflow/.local/lib/python3.12/site-packages/airflow/example_dags/example_xcomargs.py took 0.093 seconds
[2025-09-16T15:11:00.265+0000] {processor.py:161} INFO - Started process (PID=1162) to work on /home/airflow/.local/lib/python3.12/site-packages/airflow/example_dags/example_xcomargs.py
[2025-09-16T15:11:00.266+0000] {processor.py:830} INFO - Processing file /home/airflow/.local/lib/python3.12/site-packages/airflow/example_dags/example_xcomargs.py for tasks to queue
[2025-09-16T15:11:00.268+0000] {logging_mixin.py:188} INFO - [2025-09-16T15:11:00.268+0000] {dagbag.py:545} INFO - Filling up the DagBag from /home/airflow/.local/lib/python3.12/site-packages/airflow/example_dags/example_xcomargs.py
[2025-09-16T15:11:00.278+0000] {processor.py:840} INFO - DAG(s) 'example_xcom_args_with_operators', 'example_xcom_args' retrieved from /home/airflow/.local/lib/python3.12/site-packages/airflow/example_dags/example_xcomargs.py
[2025-09-16T15:11:00.308+0000] {logging_mixin.py:188} INFO - [2025-09-16T15:11:00.308+0000] {dag.py:3096} INFO - Sync 2 DAGs
[2025-09-16T15:11:00.326+0000] {logging_mixin.py:188} INFO - [2025-09-16T15:11:00.325+0000] {dag.py:3954} INFO - Setting next_dagrun for example_xcom_args to None, run_after=None
[2025-09-16T15:11:00.331+0000] {logging_mixin.py:188} INFO - [2025-09-16T15:11:00.331+0000] {dag.py:3954} INFO - Setting next_dagrun for example_xcom_args_with_operators to None, run_after=None
[2025-09-16T15:11:00.352+0000] {processor.py:183} INFO - Processing /home/airflow/.local/lib/python3.12/site-packages/airflow/example_dags/example_xcomargs.py took 0.093 seconds
[2025-09-16T15:11:30.802+0000] {processor.py:161} INFO - Started process (PID=1222) to work on /home/airflow/.local/lib/python3.12/site-packages/airflow/example_dags/example_xcomargs.py
[2025-09-16T15:11:30.804+0000] {processor.py:830} INFO - Processing file /home/airflow/.local/lib/python3.12/site-packages/airflow/example_dags/example_xcomargs.py for tasks to queue
[2025-09-16T15:11:30.806+0000] {logging_mixin.py:188} INFO - [2025-09-16T15:11:30.806+0000] {dagbag.py:545} INFO - Filling up the DagBag from /home/airflow/.local/lib/python3.12/site-packages/airflow/example_dags/example_xcomargs.py
[2025-09-16T15:11:30.816+0000] {processor.py:840} INFO - DAG(s) 'example_xcom_args_with_operators', 'example_xcom_args' retrieved from /home/airflow/.local/lib/python3.12/site-packages/airflow/example_dags/example_xcomargs.py
[2025-09-16T15:11:30.843+0000] {logging_mixin.py:188} INFO - [2025-09-16T15:11:30.843+0000] {dag.py:3096} INFO - Sync 2 DAGs
[2025-09-16T15:11:30.858+0000] {logging_mixin.py:188} INFO - [2025-09-16T15:11:30.858+0000] {dag.py:3954} INFO - Setting next_dagrun for example_xcom_args to None, run_after=None
[2025-09-16T15:11:30.863+0000] {logging_mixin.py:188} INFO - [2025-09-16T15:11:30.863+0000] {dag.py:3954} INFO - Setting next_dagrun for example_xcom_args_with_operators to None, run_after=None
[2025-09-16T15:11:30.884+0000] {processor.py:183} INFO - Processing /home/airflow/.local/lib/python3.12/site-packages/airflow/example_dags/example_xcomargs.py took 0.088 seconds
[2025-09-16T15:12:01.351+0000] {processor.py:161} INFO - Started process (PID=1282) to work on /home/airflow/.local/lib/python3.12/site-packages/airflow/example_dags/example_xcomargs.py
[2025-09-16T15:12:01.352+0000] {processor.py:830} INFO - Processing file /home/airflow/.local/lib/python3.12/site-packages/airflow/example_dags/example_xcomargs.py for tasks to queue
[2025-09-16T15:12:01.355+0000] {logging_mixin.py:188} INFO - [2025-09-16T15:12:01.354+0000] {dagbag.py:545} INFO - Filling up the DagBag from /home/airflow/.local/lib/python3.12/site-packages/airflow/example_dags/example_xcomargs.py
[2025-09-16T15:12:01.364+0000] {processor.py:840} INFO - DAG(s) 'example_xcom_args', 'example_xcom_args_with_operators' retrieved from /home/airflow/.local/lib/python3.12/site-packages/airflow/example_dags/example_xcomargs.py
[2025-09-16T15:12:01.394+0000] {logging_mixin.py:188} INFO - [2025-09-16T15:12:01.394+0000] {dag.py:3096} INFO - Sync 2 DAGs
[2025-09-16T15:12:01.411+0000] {logging_mixin.py:188} INFO - [2025-09-16T15:12:01.411+0000] {dag.py:3954} INFO - Setting next_dagrun for example_xcom_args to None, run_after=None
[2025-09-16T15:12:01.417+0000] {logging_mixin.py:188} INFO - [2025-09-16T15:12:01.416+0000] {dag.py:3954} INFO - Setting next_dagrun for example_xcom_args_with_operators to None, run_after=None
[2025-09-16T15:12:01.442+0000] {processor.py:183} INFO - Processing /home/airflow/.local/lib/python3.12/site-packages/airflow/example_dags/example_xcomargs.py took 0.097 seconds
[2025-09-16T15:12:31.984+0000] {processor.py:161} INFO - Started process (PID=1342) to work on /home/airflow/.local/lib/python3.12/site-packages/airflow/example_dags/example_xcomargs.py
[2025-09-16T15:12:31.985+0000] {processor.py:830} INFO - Processing file /home/airflow/.local/lib/python3.12/site-packages/airflow/example_dags/example_xcomargs.py for tasks to queue
[2025-09-16T15:12:31.987+0000] {logging_mixin.py:188} INFO - [2025-09-16T15:12:31.987+0000] {dagbag.py:545} INFO - Filling up the DagBag from /home/airflow/.local/lib/python3.12/site-packages/airflow/example_dags/example_xcomargs.py
[2025-09-16T15:12:31.996+0000] {processor.py:840} INFO - DAG(s) 'example_xcom_args_with_operators', 'example_xcom_args' retrieved from /home/airflow/.local/lib/python3.12/site-packages/airflow/example_dags/example_xcomargs.py
[2025-09-16T15:12:32.022+0000] {logging_mixin.py:188} INFO - [2025-09-16T15:12:32.022+0000] {dag.py:3096} INFO - Sync 2 DAGs
[2025-09-16T15:12:32.036+0000] {logging_mixin.py:188} INFO - [2025-09-16T15:12:32.036+0000] {dag.py:3954} INFO - Setting next_dagrun for example_xcom_args to None, run_after=None
[2025-09-16T15:12:32.041+0000] {logging_mixin.py:188} INFO - [2025-09-16T15:12:32.041+0000] {dag.py:3954} INFO - Setting next_dagrun for example_xcom_args_with_operators to None, run_after=None
[2025-09-16T15:12:32.065+0000] {processor.py:183} INFO - Processing /home/airflow/.local/lib/python3.12/site-packages/airflow/example_dags/example_xcomargs.py took 0.086 seconds
[2025-09-16T15:13:02.449+0000] {processor.py:161} INFO - Started process (PID=1402) to work on /home/airflow/.local/lib/python3.12/site-packages/airflow/example_dags/example_xcomargs.py
[2025-09-16T15:13:02.451+0000] {processor.py:830} INFO - Processing file /home/airflow/.local/lib/python3.12/site-packages/airflow/example_dags/example_xcomargs.py for tasks to queue
[2025-09-16T15:13:02.457+0000] {logging_mixin.py:188} INFO - [2025-09-16T15:13:02.456+0000] {dagbag.py:545} INFO - Filling up the DagBag from /home/airflow/.local/lib/python3.12/site-packages/airflow/example_dags/example_xcomargs.py
[2025-09-16T15:13:02.480+0000] {processor.py:840} INFO - DAG(s) 'example_xcom_args_with_operators', 'example_xcom_args' retrieved from /home/airflow/.local/lib/python3.12/site-packages/airflow/example_dags/example_xcomargs.py
[2025-09-16T15:13:02.540+0000] {logging_mixin.py:188} INFO - [2025-09-16T15:13:02.539+0000] {dag.py:3096} INFO - Sync 2 DAGs
[2025-09-16T15:13:02.571+0000] {logging_mixin.py:188} INFO - [2025-09-16T15:13:02.570+0000] {dag.py:3954} INFO - Setting next_dagrun for example_xcom_args to None, run_after=None
[2025-09-16T15:13:02.579+0000] {logging_mixin.py:188} INFO - [2025-09-16T15:13:02.579+0000] {dag.py:3954} INFO - Setting next_dagrun for example_xcom_args_with_operators to None, run_after=None
[2025-09-16T15:13:02.638+0000] {processor.py:183} INFO - Processing /home/airflow/.local/lib/python3.12/site-packages/airflow/example_dags/example_xcomargs.py took 0.200 seconds
[2025-09-16T15:13:32.807+0000] {processor.py:161} INFO - Started process (PID=1462) to work on /home/airflow/.local/lib/python3.12/site-packages/airflow/example_dags/example_xcomargs.py
[2025-09-16T15:13:32.809+0000] {processor.py:830} INFO - Processing file /home/airflow/.local/lib/python3.12/site-packages/airflow/example_dags/example_xcomargs.py for tasks to queue
[2025-09-16T15:13:32.815+0000] {logging_mixin.py:188} INFO - [2025-09-16T15:13:32.814+0000] {dagbag.py:545} INFO - Filling up the DagBag from /home/airflow/.local/lib/python3.12/site-packages/airflow/example_dags/example_xcomargs.py
[2025-09-16T15:13:32.841+0000] {processor.py:840} INFO - DAG(s) 'example_xcom_args_with_operators', 'example_xcom_args' retrieved from /home/airflow/.local/lib/python3.12/site-packages/airflow/example_dags/example_xcomargs.py
[2025-09-16T15:13:32.922+0000] {logging_mixin.py:188} INFO - [2025-09-16T15:13:32.921+0000] {dag.py:3096} INFO - Sync 2 DAGs
[2025-09-16T15:13:32.987+0000] {logging_mixin.py:188} INFO - [2025-09-16T15:13:32.986+0000] {dag.py:3954} INFO - Setting next_dagrun for example_xcom_args to None, run_after=None
[2025-09-16T15:13:33.004+0000] {logging_mixin.py:188} INFO - [2025-09-16T15:13:33.003+0000] {dag.py:3954} INFO - Setting next_dagrun for example_xcom_args_with_operators to None, run_after=None
[2025-09-16T15:13:33.061+0000] {processor.py:183} INFO - Processing /home/airflow/.local/lib/python3.12/site-packages/airflow/example_dags/example_xcomargs.py took 0.270 seconds
