[2025-09-16T14:07:56.600+0000] {processor.py:161} INFO - Started process (PID=152) to work on /home/airflow/.local/lib/python3.12/site-packages/airflow/example_dags/example_bash_decorator.py
[2025-09-16T14:07:56.611+0000] {processor.py:830} INFO - Processing file /home/airflow/.local/lib/python3.12/site-packages/airflow/example_dags/example_bash_decorator.py for tasks to queue
[2025-09-16T14:07:56.623+0000] {logging_mixin.py:188} INFO - [2025-09-16T14:07:56.619+0000] {dagbag.py:545} INFO - Filling up the DagBag from /home/airflow/.local/lib/python3.12/site-packages/airflow/example_dags/example_bash_decorator.py
[2025-09-16T14:07:56.808+0000] {processor.py:840} INFO - DAG(s) 'example_bash_decorator' retrieved from /home/airflow/.local/lib/python3.12/site-packages/airflow/example_dags/example_bash_decorator.py
[2025-09-16T14:07:56.923+0000] {logging_mixin.py:188} INFO - [2025-09-16T14:07:56.922+0000] {dag.py:3096} INFO - Sync 1 DAGs
[2025-09-16T14:07:57.039+0000] {logging_mixin.py:188} INFO - [2025-09-16T14:07:57.039+0000] {dag.py:3954} INFO - Setting next_dagrun for example_bash_decorator to None, run_after=None
[2025-09-16T14:07:57.167+0000] {processor.py:183} INFO - Processing /home/airflow/.local/lib/python3.12/site-packages/airflow/example_dags/example_bash_decorator.py took 0.643 seconds
[2025-09-16T14:08:27.834+0000] {processor.py:161} INFO - Started process (PID=212) to work on /home/airflow/.local/lib/python3.12/site-packages/airflow/example_dags/example_bash_decorator.py
[2025-09-16T14:08:27.836+0000] {processor.py:830} INFO - Processing file /home/airflow/.local/lib/python3.12/site-packages/airflow/example_dags/example_bash_decorator.py for tasks to queue
[2025-09-16T14:08:27.840+0000] {logging_mixin.py:188} INFO - [2025-09-16T14:08:27.840+0000] {dagbag.py:545} INFO - Filling up the DagBag from /home/airflow/.local/lib/python3.12/site-packages/airflow/example_dags/example_bash_decorator.py
[2025-09-16T14:08:27.862+0000] {processor.py:840} INFO - DAG(s) 'example_bash_decorator' retrieved from /home/airflow/.local/lib/python3.12/site-packages/airflow/example_dags/example_bash_decorator.py
[2025-09-16T14:08:28.015+0000] {logging_mixin.py:188} INFO - [2025-09-16T14:08:28.015+0000] {dag.py:3096} INFO - Sync 1 DAGs
[2025-09-16T14:08:28.032+0000] {logging_mixin.py:188} INFO - [2025-09-16T14:08:28.031+0000] {dag.py:3954} INFO - Setting next_dagrun for example_bash_decorator to None, run_after=None
[2025-09-16T14:08:28.063+0000] {processor.py:183} INFO - Processing /home/airflow/.local/lib/python3.12/site-packages/airflow/example_dags/example_bash_decorator.py took 0.239 seconds
[2025-09-16T14:08:58.728+0000] {processor.py:161} INFO - Started process (PID=272) to work on /home/airflow/.local/lib/python3.12/site-packages/airflow/example_dags/example_bash_decorator.py
[2025-09-16T14:08:58.730+0000] {processor.py:830} INFO - Processing file /home/airflow/.local/lib/python3.12/site-packages/airflow/example_dags/example_bash_decorator.py for tasks to queue
[2025-09-16T14:08:58.732+0000] {logging_mixin.py:188} INFO - [2025-09-16T14:08:58.732+0000] {dagbag.py:545} INFO - Filling up the DagBag from /home/airflow/.local/lib/python3.12/site-packages/airflow/example_dags/example_bash_decorator.py
[2025-09-16T14:08:58.747+0000] {processor.py:840} INFO - DAG(s) 'example_bash_decorator' retrieved from /home/airflow/.local/lib/python3.12/site-packages/airflow/example_dags/example_bash_decorator.py
[2025-09-16T14:08:58.776+0000] {logging_mixin.py:188} INFO - [2025-09-16T14:08:58.775+0000] {dag.py:3096} INFO - Sync 1 DAGs
[2025-09-16T14:08:58.792+0000] {logging_mixin.py:188} INFO - [2025-09-16T14:08:58.791+0000] {dag.py:3954} INFO - Setting next_dagrun for example_bash_decorator to None, run_after=None
[2025-09-16T14:08:58.831+0000] {processor.py:183} INFO - Processing /home/airflow/.local/lib/python3.12/site-packages/airflow/example_dags/example_bash_decorator.py took 0.109 seconds
[2025-09-16T14:09:29.799+0000] {processor.py:161} INFO - Started process (PID=332) to work on /home/airflow/.local/lib/python3.12/site-packages/airflow/example_dags/example_bash_decorator.py
[2025-09-16T14:09:29.801+0000] {processor.py:830} INFO - Processing file /home/airflow/.local/lib/python3.12/site-packages/airflow/example_dags/example_bash_decorator.py for tasks to queue
[2025-09-16T14:09:29.804+0000] {logging_mixin.py:188} INFO - [2025-09-16T14:09:29.804+0000] {dagbag.py:545} INFO - Filling up the DagBag from /home/airflow/.local/lib/python3.12/site-packages/airflow/example_dags/example_bash_decorator.py
[2025-09-16T14:09:29.819+0000] {processor.py:840} INFO - DAG(s) 'example_bash_decorator' retrieved from /home/airflow/.local/lib/python3.12/site-packages/airflow/example_dags/example_bash_decorator.py
[2025-09-16T14:09:29.849+0000] {logging_mixin.py:188} INFO - [2025-09-16T14:09:29.849+0000] {dag.py:3096} INFO - Sync 1 DAGs
[2025-09-16T14:09:29.866+0000] {logging_mixin.py:188} INFO - [2025-09-16T14:09:29.865+0000] {dag.py:3954} INFO - Setting next_dagrun for example_bash_decorator to None, run_after=None
[2025-09-16T14:09:29.946+0000] {processor.py:183} INFO - Processing /home/airflow/.local/lib/python3.12/site-packages/airflow/example_dags/example_bash_decorator.py took 0.153 seconds
[2025-09-16T14:10:00.474+0000] {processor.py:161} INFO - Started process (PID=392) to work on /home/airflow/.local/lib/python3.12/site-packages/airflow/example_dags/example_bash_decorator.py
[2025-09-16T14:10:00.477+0000] {processor.py:830} INFO - Processing file /home/airflow/.local/lib/python3.12/site-packages/airflow/example_dags/example_bash_decorator.py for tasks to queue
[2025-09-16T14:10:00.481+0000] {logging_mixin.py:188} INFO - [2025-09-16T14:10:00.480+0000] {dagbag.py:545} INFO - Filling up the DagBag from /home/airflow/.local/lib/python3.12/site-packages/airflow/example_dags/example_bash_decorator.py
[2025-09-16T14:10:00.510+0000] {processor.py:840} INFO - DAG(s) 'example_bash_decorator' retrieved from /home/airflow/.local/lib/python3.12/site-packages/airflow/example_dags/example_bash_decorator.py
[2025-09-16T14:10:00.556+0000] {logging_mixin.py:188} INFO - [2025-09-16T14:10:00.555+0000] {dag.py:3096} INFO - Sync 1 DAGs
[2025-09-16T14:10:00.579+0000] {logging_mixin.py:188} INFO - [2025-09-16T14:10:00.579+0000] {dag.py:3954} INFO - Setting next_dagrun for example_bash_decorator to None, run_after=None
[2025-09-16T14:10:00.620+0000] {processor.py:183} INFO - Processing /home/airflow/.local/lib/python3.12/site-packages/airflow/example_dags/example_bash_decorator.py took 0.157 seconds
[2025-09-16T14:10:31.169+0000] {processor.py:161} INFO - Started process (PID=452) to work on /home/airflow/.local/lib/python3.12/site-packages/airflow/example_dags/example_bash_decorator.py
[2025-09-16T14:10:31.171+0000] {processor.py:830} INFO - Processing file /home/airflow/.local/lib/python3.12/site-packages/airflow/example_dags/example_bash_decorator.py for tasks to queue
[2025-09-16T14:10:31.173+0000] {logging_mixin.py:188} INFO - [2025-09-16T14:10:31.173+0000] {dagbag.py:545} INFO - Filling up the DagBag from /home/airflow/.local/lib/python3.12/site-packages/airflow/example_dags/example_bash_decorator.py
[2025-09-16T14:10:31.191+0000] {processor.py:840} INFO - DAG(s) 'example_bash_decorator' retrieved from /home/airflow/.local/lib/python3.12/site-packages/airflow/example_dags/example_bash_decorator.py
[2025-09-16T14:10:31.223+0000] {logging_mixin.py:188} INFO - [2025-09-16T14:10:31.223+0000] {dag.py:3096} INFO - Sync 1 DAGs
[2025-09-16T14:10:31.240+0000] {logging_mixin.py:188} INFO - [2025-09-16T14:10:31.240+0000] {dag.py:3954} INFO - Setting next_dagrun for example_bash_decorator to None, run_after=None
[2025-09-16T14:10:31.266+0000] {processor.py:183} INFO - Processing /home/airflow/.local/lib/python3.12/site-packages/airflow/example_dags/example_bash_decorator.py took 0.105 seconds
[2025-09-16T14:11:01.951+0000] {processor.py:161} INFO - Started process (PID=512) to work on /home/airflow/.local/lib/python3.12/site-packages/airflow/example_dags/example_bash_decorator.py
[2025-09-16T14:11:01.953+0000] {processor.py:830} INFO - Processing file /home/airflow/.local/lib/python3.12/site-packages/airflow/example_dags/example_bash_decorator.py for tasks to queue
[2025-09-16T14:11:01.957+0000] {logging_mixin.py:188} INFO - [2025-09-16T14:11:01.957+0000] {dagbag.py:545} INFO - Filling up the DagBag from /home/airflow/.local/lib/python3.12/site-packages/airflow/example_dags/example_bash_decorator.py
[2025-09-16T14:11:01.978+0000] {processor.py:840} INFO - DAG(s) 'example_bash_decorator' retrieved from /home/airflow/.local/lib/python3.12/site-packages/airflow/example_dags/example_bash_decorator.py
[2025-09-16T14:11:02.014+0000] {logging_mixin.py:188} INFO - [2025-09-16T14:11:02.014+0000] {dag.py:3096} INFO - Sync 1 DAGs
[2025-09-16T14:11:02.034+0000] {logging_mixin.py:188} INFO - [2025-09-16T14:11:02.034+0000] {dag.py:3954} INFO - Setting next_dagrun for example_bash_decorator to None, run_after=None
[2025-09-16T14:11:02.063+0000] {processor.py:183} INFO - Processing /home/airflow/.local/lib/python3.12/site-packages/airflow/example_dags/example_bash_decorator.py took 0.122 seconds
[2025-09-16T14:11:32.516+0000] {processor.py:161} INFO - Started process (PID=572) to work on /home/airflow/.local/lib/python3.12/site-packages/airflow/example_dags/example_bash_decorator.py
[2025-09-16T14:11:32.518+0000] {processor.py:830} INFO - Processing file /home/airflow/.local/lib/python3.12/site-packages/airflow/example_dags/example_bash_decorator.py for tasks to queue
[2025-09-16T14:11:32.522+0000] {logging_mixin.py:188} INFO - [2025-09-16T14:11:32.521+0000] {dagbag.py:545} INFO - Filling up the DagBag from /home/airflow/.local/lib/python3.12/site-packages/airflow/example_dags/example_bash_decorator.py
[2025-09-16T14:11:32.540+0000] {processor.py:840} INFO - DAG(s) 'example_bash_decorator' retrieved from /home/airflow/.local/lib/python3.12/site-packages/airflow/example_dags/example_bash_decorator.py
[2025-09-16T14:11:32.574+0000] {logging_mixin.py:188} INFO - [2025-09-16T14:11:32.573+0000] {dag.py:3096} INFO - Sync 1 DAGs
[2025-09-16T14:11:32.607+0000] {logging_mixin.py:188} INFO - [2025-09-16T14:11:32.607+0000] {dag.py:3954} INFO - Setting next_dagrun for example_bash_decorator to None, run_after=None
[2025-09-16T14:11:32.652+0000] {processor.py:183} INFO - Processing /home/airflow/.local/lib/python3.12/site-packages/airflow/example_dags/example_bash_decorator.py took 0.144 seconds
[2025-09-16T14:12:03.471+0000] {processor.py:161} INFO - Started process (PID=632) to work on /home/airflow/.local/lib/python3.12/site-packages/airflow/example_dags/example_bash_decorator.py
[2025-09-16T14:12:03.472+0000] {processor.py:830} INFO - Processing file /home/airflow/.local/lib/python3.12/site-packages/airflow/example_dags/example_bash_decorator.py for tasks to queue
[2025-09-16T14:12:03.475+0000] {logging_mixin.py:188} INFO - [2025-09-16T14:12:03.475+0000] {dagbag.py:545} INFO - Filling up the DagBag from /home/airflow/.local/lib/python3.12/site-packages/airflow/example_dags/example_bash_decorator.py
[2025-09-16T14:12:03.498+0000] {processor.py:840} INFO - DAG(s) 'example_bash_decorator' retrieved from /home/airflow/.local/lib/python3.12/site-packages/airflow/example_dags/example_bash_decorator.py
[2025-09-16T14:12:03.548+0000] {logging_mixin.py:188} INFO - [2025-09-16T14:12:03.547+0000] {dag.py:3096} INFO - Sync 1 DAGs
[2025-09-16T14:12:03.576+0000] {logging_mixin.py:188} INFO - [2025-09-16T14:12:03.576+0000] {dag.py:3954} INFO - Setting next_dagrun for example_bash_decorator to None, run_after=None
[2025-09-16T14:12:03.615+0000] {processor.py:183} INFO - Processing /home/airflow/.local/lib/python3.12/site-packages/airflow/example_dags/example_bash_decorator.py took 0.154 seconds
[2025-09-16T14:12:33.873+0000] {processor.py:161} INFO - Started process (PID=692) to work on /home/airflow/.local/lib/python3.12/site-packages/airflow/example_dags/example_bash_decorator.py
[2025-09-16T14:12:33.875+0000] {processor.py:830} INFO - Processing file /home/airflow/.local/lib/python3.12/site-packages/airflow/example_dags/example_bash_decorator.py for tasks to queue
[2025-09-16T14:12:33.878+0000] {logging_mixin.py:188} INFO - [2025-09-16T14:12:33.877+0000] {dagbag.py:545} INFO - Filling up the DagBag from /home/airflow/.local/lib/python3.12/site-packages/airflow/example_dags/example_bash_decorator.py
[2025-09-16T14:12:33.895+0000] {processor.py:840} INFO - DAG(s) 'example_bash_decorator' retrieved from /home/airflow/.local/lib/python3.12/site-packages/airflow/example_dags/example_bash_decorator.py
[2025-09-16T14:12:33.926+0000] {logging_mixin.py:188} INFO - [2025-09-16T14:12:33.926+0000] {dag.py:3096} INFO - Sync 1 DAGs
[2025-09-16T14:12:33.943+0000] {logging_mixin.py:188} INFO - [2025-09-16T14:12:33.943+0000] {dag.py:3954} INFO - Setting next_dagrun for example_bash_decorator to None, run_after=None
[2025-09-16T14:12:33.969+0000] {processor.py:183} INFO - Processing /home/airflow/.local/lib/python3.12/site-packages/airflow/example_dags/example_bash_decorator.py took 0.103 seconds
[2025-09-16T14:13:04.228+0000] {processor.py:161} INFO - Started process (PID=750) to work on /home/airflow/.local/lib/python3.12/site-packages/airflow/example_dags/example_bash_decorator.py
[2025-09-16T14:13:04.230+0000] {processor.py:830} INFO - Processing file /home/airflow/.local/lib/python3.12/site-packages/airflow/example_dags/example_bash_decorator.py for tasks to queue
[2025-09-16T14:13:04.232+0000] {logging_mixin.py:188} INFO - [2025-09-16T14:13:04.232+0000] {dagbag.py:545} INFO - Filling up the DagBag from /home/airflow/.local/lib/python3.12/site-packages/airflow/example_dags/example_bash_decorator.py
[2025-09-16T14:13:04.247+0000] {processor.py:840} INFO - DAG(s) 'example_bash_decorator' retrieved from /home/airflow/.local/lib/python3.12/site-packages/airflow/example_dags/example_bash_decorator.py
[2025-09-16T14:13:04.277+0000] {logging_mixin.py:188} INFO - [2025-09-16T14:13:04.276+0000] {dag.py:3096} INFO - Sync 1 DAGs
[2025-09-16T14:13:04.294+0000] {logging_mixin.py:188} INFO - [2025-09-16T14:13:04.293+0000] {dag.py:3954} INFO - Setting next_dagrun for example_bash_decorator to None, run_after=None
[2025-09-16T14:13:04.338+0000] {processor.py:183} INFO - Processing /home/airflow/.local/lib/python3.12/site-packages/airflow/example_dags/example_bash_decorator.py took 0.115 seconds
[2025-09-16T14:13:34.732+0000] {processor.py:161} INFO - Started process (PID=810) to work on /home/airflow/.local/lib/python3.12/site-packages/airflow/example_dags/example_bash_decorator.py
[2025-09-16T14:13:34.734+0000] {processor.py:830} INFO - Processing file /home/airflow/.local/lib/python3.12/site-packages/airflow/example_dags/example_bash_decorator.py for tasks to queue
[2025-09-16T14:13:34.736+0000] {logging_mixin.py:188} INFO - [2025-09-16T14:13:34.736+0000] {dagbag.py:545} INFO - Filling up the DagBag from /home/airflow/.local/lib/python3.12/site-packages/airflow/example_dags/example_bash_decorator.py
[2025-09-16T14:13:34.753+0000] {processor.py:840} INFO - DAG(s) 'example_bash_decorator' retrieved from /home/airflow/.local/lib/python3.12/site-packages/airflow/example_dags/example_bash_decorator.py
[2025-09-16T14:13:34.786+0000] {logging_mixin.py:188} INFO - [2025-09-16T14:13:34.786+0000] {dag.py:3096} INFO - Sync 1 DAGs
[2025-09-16T14:13:34.807+0000] {logging_mixin.py:188} INFO - [2025-09-16T14:13:34.806+0000] {dag.py:3954} INFO - Setting next_dagrun for example_bash_decorator to None, run_after=None
[2025-09-16T14:13:34.849+0000] {processor.py:183} INFO - Processing /home/airflow/.local/lib/python3.12/site-packages/airflow/example_dags/example_bash_decorator.py took 0.125 seconds
[2025-09-16T14:14:05.199+0000] {processor.py:161} INFO - Started process (PID=876) to work on /home/airflow/.local/lib/python3.12/site-packages/airflow/example_dags/example_bash_decorator.py
[2025-09-16T14:14:05.201+0000] {processor.py:830} INFO - Processing file /home/airflow/.local/lib/python3.12/site-packages/airflow/example_dags/example_bash_decorator.py for tasks to queue
[2025-09-16T14:14:05.204+0000] {logging_mixin.py:188} INFO - [2025-09-16T14:14:05.203+0000] {dagbag.py:545} INFO - Filling up the DagBag from /home/airflow/.local/lib/python3.12/site-packages/airflow/example_dags/example_bash_decorator.py
[2025-09-16T14:14:05.224+0000] {processor.py:840} INFO - DAG(s) 'example_bash_decorator' retrieved from /home/airflow/.local/lib/python3.12/site-packages/airflow/example_dags/example_bash_decorator.py
[2025-09-16T14:14:05.257+0000] {logging_mixin.py:188} INFO - [2025-09-16T14:14:05.257+0000] {dag.py:3096} INFO - Sync 1 DAGs
[2025-09-16T14:14:05.274+0000] {logging_mixin.py:188} INFO - [2025-09-16T14:14:05.274+0000] {dag.py:3954} INFO - Setting next_dagrun for example_bash_decorator to None, run_after=None
[2025-09-16T14:14:05.298+0000] {processor.py:183} INFO - Processing /home/airflow/.local/lib/python3.12/site-packages/airflow/example_dags/example_bash_decorator.py took 0.106 seconds
[2025-09-16T14:14:35.803+0000] {processor.py:161} INFO - Started process (PID=940) to work on /home/airflow/.local/lib/python3.12/site-packages/airflow/example_dags/example_bash_decorator.py
[2025-09-16T14:14:35.805+0000] {processor.py:830} INFO - Processing file /home/airflow/.local/lib/python3.12/site-packages/airflow/example_dags/example_bash_decorator.py for tasks to queue
[2025-09-16T14:14:35.809+0000] {logging_mixin.py:188} INFO - [2025-09-16T14:14:35.809+0000] {dagbag.py:545} INFO - Filling up the DagBag from /home/airflow/.local/lib/python3.12/site-packages/airflow/example_dags/example_bash_decorator.py
[2025-09-16T14:14:35.850+0000] {processor.py:840} INFO - DAG(s) 'example_bash_decorator' retrieved from /home/airflow/.local/lib/python3.12/site-packages/airflow/example_dags/example_bash_decorator.py
[2025-09-16T14:14:35.913+0000] {logging_mixin.py:188} INFO - [2025-09-16T14:14:35.912+0000] {dag.py:3096} INFO - Sync 1 DAGs
[2025-09-16T14:14:35.938+0000] {logging_mixin.py:188} INFO - [2025-09-16T14:14:35.938+0000] {dag.py:3954} INFO - Setting next_dagrun for example_bash_decorator to None, run_after=None
[2025-09-16T14:14:35.983+0000] {processor.py:183} INFO - Processing /home/airflow/.local/lib/python3.12/site-packages/airflow/example_dags/example_bash_decorator.py took 0.197 seconds
[2025-09-16T14:16:46.146+0000] {processor.py:161} INFO - Started process (PID=105) to work on /home/airflow/.local/lib/python3.12/site-packages/airflow/example_dags/example_bash_decorator.py
[2025-09-16T14:16:46.149+0000] {processor.py:830} INFO - Processing file /home/airflow/.local/lib/python3.12/site-packages/airflow/example_dags/example_bash_decorator.py for tasks to queue
[2025-09-16T14:16:46.153+0000] {logging_mixin.py:188} INFO - [2025-09-16T14:16:46.152+0000] {dagbag.py:545} INFO - Filling up the DagBag from /home/airflow/.local/lib/python3.12/site-packages/airflow/example_dags/example_bash_decorator.py
[2025-09-16T14:16:46.176+0000] {processor.py:840} INFO - DAG(s) 'example_bash_decorator' retrieved from /home/airflow/.local/lib/python3.12/site-packages/airflow/example_dags/example_bash_decorator.py
[2025-09-16T14:16:46.359+0000] {logging_mixin.py:188} INFO - [2025-09-16T14:16:46.359+0000] {dag.py:3096} INFO - Sync 1 DAGs
[2025-09-16T14:16:46.376+0000] {logging_mixin.py:188} INFO - [2025-09-16T14:16:46.376+0000] {dag.py:3954} INFO - Setting next_dagrun for example_bash_decorator to None, run_after=None
[2025-09-16T14:16:46.411+0000] {processor.py:183} INFO - Processing /home/airflow/.local/lib/python3.12/site-packages/airflow/example_dags/example_bash_decorator.py took 0.276 seconds
[2025-09-16T14:17:16.549+0000] {processor.py:161} INFO - Started process (PID=166) to work on /home/airflow/.local/lib/python3.12/site-packages/airflow/example_dags/example_bash_decorator.py
[2025-09-16T14:17:16.550+0000] {processor.py:830} INFO - Processing file /home/airflow/.local/lib/python3.12/site-packages/airflow/example_dags/example_bash_decorator.py for tasks to queue
[2025-09-16T14:17:16.553+0000] {logging_mixin.py:188} INFO - [2025-09-16T14:17:16.552+0000] {dagbag.py:545} INFO - Filling up the DagBag from /home/airflow/.local/lib/python3.12/site-packages/airflow/example_dags/example_bash_decorator.py
[2025-09-16T14:17:16.573+0000] {processor.py:840} INFO - DAG(s) 'example_bash_decorator' retrieved from /home/airflow/.local/lib/python3.12/site-packages/airflow/example_dags/example_bash_decorator.py
[2025-09-16T14:17:16.607+0000] {logging_mixin.py:188} INFO - [2025-09-16T14:17:16.606+0000] {dag.py:3096} INFO - Sync 1 DAGs
[2025-09-16T14:17:16.628+0000] {logging_mixin.py:188} INFO - [2025-09-16T14:17:16.627+0000] {dag.py:3954} INFO - Setting next_dagrun for example_bash_decorator to None, run_after=None
[2025-09-16T14:17:16.675+0000] {processor.py:183} INFO - Processing /home/airflow/.local/lib/python3.12/site-packages/airflow/example_dags/example_bash_decorator.py took 0.134 seconds
[2025-09-16T14:17:48.184+0000] {processor.py:161} INFO - Started process (PID=226) to work on /home/airflow/.local/lib/python3.12/site-packages/airflow/example_dags/example_bash_decorator.py
[2025-09-16T14:17:48.187+0000] {processor.py:830} INFO - Processing file /home/airflow/.local/lib/python3.12/site-packages/airflow/example_dags/example_bash_decorator.py for tasks to queue
[2025-09-16T14:17:48.191+0000] {logging_mixin.py:188} INFO - [2025-09-16T14:17:48.191+0000] {dagbag.py:545} INFO - Filling up the DagBag from /home/airflow/.local/lib/python3.12/site-packages/airflow/example_dags/example_bash_decorator.py
[2025-09-16T14:17:48.216+0000] {processor.py:840} INFO - DAG(s) 'example_bash_decorator' retrieved from /home/airflow/.local/lib/python3.12/site-packages/airflow/example_dags/example_bash_decorator.py
[2025-09-16T14:17:48.259+0000] {logging_mixin.py:188} INFO - [2025-09-16T14:17:48.259+0000] {dag.py:3096} INFO - Sync 1 DAGs
[2025-09-16T14:17:48.279+0000] {logging_mixin.py:188} INFO - [2025-09-16T14:17:48.279+0000] {dag.py:3954} INFO - Setting next_dagrun for example_bash_decorator to None, run_after=None
[2025-09-16T14:17:48.308+0000] {processor.py:183} INFO - Processing /home/airflow/.local/lib/python3.12/site-packages/airflow/example_dags/example_bash_decorator.py took 0.134 seconds
[2025-09-16T14:18:19.040+0000] {processor.py:161} INFO - Started process (PID=286) to work on /home/airflow/.local/lib/python3.12/site-packages/airflow/example_dags/example_bash_decorator.py
[2025-09-16T14:18:19.042+0000] {processor.py:830} INFO - Processing file /home/airflow/.local/lib/python3.12/site-packages/airflow/example_dags/example_bash_decorator.py for tasks to queue
[2025-09-16T14:18:19.045+0000] {logging_mixin.py:188} INFO - [2025-09-16T14:18:19.044+0000] {dagbag.py:545} INFO - Filling up the DagBag from /home/airflow/.local/lib/python3.12/site-packages/airflow/example_dags/example_bash_decorator.py
[2025-09-16T14:18:19.069+0000] {processor.py:840} INFO - DAG(s) 'example_bash_decorator' retrieved from /home/airflow/.local/lib/python3.12/site-packages/airflow/example_dags/example_bash_decorator.py
[2025-09-16T14:18:19.110+0000] {logging_mixin.py:188} INFO - [2025-09-16T14:18:19.109+0000] {dag.py:3096} INFO - Sync 1 DAGs
[2025-09-16T14:18:19.137+0000] {logging_mixin.py:188} INFO - [2025-09-16T14:18:19.137+0000] {dag.py:3954} INFO - Setting next_dagrun for example_bash_decorator to None, run_after=None
[2025-09-16T14:18:19.175+0000] {processor.py:183} INFO - Processing /home/airflow/.local/lib/python3.12/site-packages/airflow/example_dags/example_bash_decorator.py took 0.145 seconds
[2025-09-16T14:18:49.410+0000] {processor.py:161} INFO - Started process (PID=346) to work on /home/airflow/.local/lib/python3.12/site-packages/airflow/example_dags/example_bash_decorator.py
[2025-09-16T14:18:49.412+0000] {processor.py:830} INFO - Processing file /home/airflow/.local/lib/python3.12/site-packages/airflow/example_dags/example_bash_decorator.py for tasks to queue
[2025-09-16T14:18:49.414+0000] {logging_mixin.py:188} INFO - [2025-09-16T14:18:49.414+0000] {dagbag.py:545} INFO - Filling up the DagBag from /home/airflow/.local/lib/python3.12/site-packages/airflow/example_dags/example_bash_decorator.py
[2025-09-16T14:18:49.428+0000] {processor.py:840} INFO - DAG(s) 'example_bash_decorator' retrieved from /home/airflow/.local/lib/python3.12/site-packages/airflow/example_dags/example_bash_decorator.py
[2025-09-16T14:18:49.464+0000] {logging_mixin.py:188} INFO - [2025-09-16T14:18:49.463+0000] {dag.py:3096} INFO - Sync 1 DAGs
[2025-09-16T14:18:49.484+0000] {logging_mixin.py:188} INFO - [2025-09-16T14:18:49.483+0000] {dag.py:3954} INFO - Setting next_dagrun for example_bash_decorator to None, run_after=None
[2025-09-16T14:18:49.509+0000] {processor.py:183} INFO - Processing /home/airflow/.local/lib/python3.12/site-packages/airflow/example_dags/example_bash_decorator.py took 0.104 seconds
[2025-09-16T14:19:19.940+0000] {processor.py:161} INFO - Started process (PID=405) to work on /home/airflow/.local/lib/python3.12/site-packages/airflow/example_dags/example_bash_decorator.py
[2025-09-16T14:19:19.943+0000] {processor.py:830} INFO - Processing file /home/airflow/.local/lib/python3.12/site-packages/airflow/example_dags/example_bash_decorator.py for tasks to queue
[2025-09-16T14:19:19.947+0000] {logging_mixin.py:188} INFO - [2025-09-16T14:19:19.946+0000] {dagbag.py:545} INFO - Filling up the DagBag from /home/airflow/.local/lib/python3.12/site-packages/airflow/example_dags/example_bash_decorator.py
[2025-09-16T14:19:19.979+0000] {processor.py:840} INFO - DAG(s) 'example_bash_decorator' retrieved from /home/airflow/.local/lib/python3.12/site-packages/airflow/example_dags/example_bash_decorator.py
[2025-09-16T14:19:20.028+0000] {logging_mixin.py:188} INFO - [2025-09-16T14:19:20.027+0000] {dag.py:3096} INFO - Sync 1 DAGs
[2025-09-16T14:19:20.054+0000] {logging_mixin.py:188} INFO - [2025-09-16T14:19:20.054+0000] {dag.py:3954} INFO - Setting next_dagrun for example_bash_decorator to None, run_after=None
[2025-09-16T14:19:20.123+0000] {processor.py:183} INFO - Processing /home/airflow/.local/lib/python3.12/site-packages/airflow/example_dags/example_bash_decorator.py took 0.198 seconds
[2025-09-16T14:19:50.905+0000] {processor.py:161} INFO - Started process (PID=465) to work on /home/airflow/.local/lib/python3.12/site-packages/airflow/example_dags/example_bash_decorator.py
[2025-09-16T14:19:50.906+0000] {processor.py:830} INFO - Processing file /home/airflow/.local/lib/python3.12/site-packages/airflow/example_dags/example_bash_decorator.py for tasks to queue
[2025-09-16T14:19:50.909+0000] {logging_mixin.py:188} INFO - [2025-09-16T14:19:50.909+0000] {dagbag.py:545} INFO - Filling up the DagBag from /home/airflow/.local/lib/python3.12/site-packages/airflow/example_dags/example_bash_decorator.py
[2025-09-16T14:19:50.926+0000] {processor.py:840} INFO - DAG(s) 'example_bash_decorator' retrieved from /home/airflow/.local/lib/python3.12/site-packages/airflow/example_dags/example_bash_decorator.py
[2025-09-16T14:19:50.957+0000] {logging_mixin.py:188} INFO - [2025-09-16T14:19:50.957+0000] {dag.py:3096} INFO - Sync 1 DAGs
[2025-09-16T14:19:50.974+0000] {logging_mixin.py:188} INFO - [2025-09-16T14:19:50.974+0000] {dag.py:3954} INFO - Setting next_dagrun for example_bash_decorator to None, run_after=None
[2025-09-16T14:19:50.998+0000] {processor.py:183} INFO - Processing /home/airflow/.local/lib/python3.12/site-packages/airflow/example_dags/example_bash_decorator.py took 0.102 seconds
[2025-09-16T14:20:21.366+0000] {processor.py:161} INFO - Started process (PID=525) to work on /home/airflow/.local/lib/python3.12/site-packages/airflow/example_dags/example_bash_decorator.py
[2025-09-16T14:20:21.368+0000] {processor.py:830} INFO - Processing file /home/airflow/.local/lib/python3.12/site-packages/airflow/example_dags/example_bash_decorator.py for tasks to queue
[2025-09-16T14:20:21.370+0000] {logging_mixin.py:188} INFO - [2025-09-16T14:20:21.370+0000] {dagbag.py:545} INFO - Filling up the DagBag from /home/airflow/.local/lib/python3.12/site-packages/airflow/example_dags/example_bash_decorator.py
[2025-09-16T14:20:21.387+0000] {processor.py:840} INFO - DAG(s) 'example_bash_decorator' retrieved from /home/airflow/.local/lib/python3.12/site-packages/airflow/example_dags/example_bash_decorator.py
[2025-09-16T14:20:21.418+0000] {logging_mixin.py:188} INFO - [2025-09-16T14:20:21.418+0000] {dag.py:3096} INFO - Sync 1 DAGs
[2025-09-16T14:20:21.435+0000] {logging_mixin.py:188} INFO - [2025-09-16T14:20:21.435+0000] {dag.py:3954} INFO - Setting next_dagrun for example_bash_decorator to None, run_after=None
[2025-09-16T14:20:21.456+0000] {processor.py:183} INFO - Processing /home/airflow/.local/lib/python3.12/site-packages/airflow/example_dags/example_bash_decorator.py took 0.098 seconds
[2025-09-16T14:20:52.939+0000] {processor.py:161} INFO - Started process (PID=587) to work on /home/airflow/.local/lib/python3.12/site-packages/airflow/example_dags/example_bash_decorator.py
[2025-09-16T14:20:52.940+0000] {processor.py:830} INFO - Processing file /home/airflow/.local/lib/python3.12/site-packages/airflow/example_dags/example_bash_decorator.py for tasks to queue
[2025-09-16T14:20:52.942+0000] {logging_mixin.py:188} INFO - [2025-09-16T14:20:52.942+0000] {dagbag.py:545} INFO - Filling up the DagBag from /home/airflow/.local/lib/python3.12/site-packages/airflow/example_dags/example_bash_decorator.py
[2025-09-16T14:20:52.957+0000] {processor.py:840} INFO - DAG(s) 'example_bash_decorator' retrieved from /home/airflow/.local/lib/python3.12/site-packages/airflow/example_dags/example_bash_decorator.py
[2025-09-16T14:20:52.991+0000] {logging_mixin.py:188} INFO - [2025-09-16T14:20:52.991+0000] {dag.py:3096} INFO - Sync 1 DAGs
[2025-09-16T14:20:53.009+0000] {logging_mixin.py:188} INFO - [2025-09-16T14:20:53.009+0000] {dag.py:3954} INFO - Setting next_dagrun for example_bash_decorator to None, run_after=None
[2025-09-16T14:20:53.041+0000] {processor.py:183} INFO - Processing /home/airflow/.local/lib/python3.12/site-packages/airflow/example_dags/example_bash_decorator.py took 0.110 seconds
[2025-09-16T14:54:12.079+0000] {processor.py:161} INFO - Started process (PID=104) to work on /home/airflow/.local/lib/python3.12/site-packages/airflow/example_dags/example_bash_decorator.py
[2025-09-16T14:54:12.081+0000] {processor.py:830} INFO - Processing file /home/airflow/.local/lib/python3.12/site-packages/airflow/example_dags/example_bash_decorator.py for tasks to queue
[2025-09-16T14:54:12.084+0000] {logging_mixin.py:188} INFO - [2025-09-16T14:54:12.084+0000] {dagbag.py:545} INFO - Filling up the DagBag from /home/airflow/.local/lib/python3.12/site-packages/airflow/example_dags/example_bash_decorator.py
[2025-09-16T14:54:12.104+0000] {processor.py:840} INFO - DAG(s) 'example_bash_decorator' retrieved from /home/airflow/.local/lib/python3.12/site-packages/airflow/example_dags/example_bash_decorator.py
[2025-09-16T14:54:12.244+0000] {logging_mixin.py:188} INFO - [2025-09-16T14:54:12.244+0000] {dag.py:3096} INFO - Sync 1 DAGs
[2025-09-16T14:54:12.260+0000] {logging_mixin.py:188} INFO - [2025-09-16T14:54:12.260+0000] {dag.py:3954} INFO - Setting next_dagrun for example_bash_decorator to None, run_after=None
[2025-09-16T14:54:12.287+0000] {processor.py:183} INFO - Processing /home/airflow/.local/lib/python3.12/site-packages/airflow/example_dags/example_bash_decorator.py took 0.215 seconds
[2025-09-16T14:54:43.186+0000] {processor.py:161} INFO - Started process (PID=164) to work on /home/airflow/.local/lib/python3.12/site-packages/airflow/example_dags/example_bash_decorator.py
[2025-09-16T14:54:43.188+0000] {processor.py:830} INFO - Processing file /home/airflow/.local/lib/python3.12/site-packages/airflow/example_dags/example_bash_decorator.py for tasks to queue
[2025-09-16T14:54:43.191+0000] {logging_mixin.py:188} INFO - [2025-09-16T14:54:43.191+0000] {dagbag.py:545} INFO - Filling up the DagBag from /home/airflow/.local/lib/python3.12/site-packages/airflow/example_dags/example_bash_decorator.py
[2025-09-16T14:54:43.216+0000] {processor.py:840} INFO - DAG(s) 'example_bash_decorator' retrieved from /home/airflow/.local/lib/python3.12/site-packages/airflow/example_dags/example_bash_decorator.py
[2025-09-16T14:54:43.258+0000] {logging_mixin.py:188} INFO - [2025-09-16T14:54:43.258+0000] {dag.py:3096} INFO - Sync 1 DAGs
[2025-09-16T14:54:43.286+0000] {logging_mixin.py:188} INFO - [2025-09-16T14:54:43.286+0000] {dag.py:3954} INFO - Setting next_dagrun for example_bash_decorator to None, run_after=None
[2025-09-16T14:54:43.335+0000] {processor.py:183} INFO - Processing /home/airflow/.local/lib/python3.12/site-packages/airflow/example_dags/example_bash_decorator.py took 0.158 seconds
[2025-09-16T14:55:13.621+0000] {processor.py:161} INFO - Started process (PID=225) to work on /home/airflow/.local/lib/python3.12/site-packages/airflow/example_dags/example_bash_decorator.py
[2025-09-16T14:55:13.623+0000] {processor.py:830} INFO - Processing file /home/airflow/.local/lib/python3.12/site-packages/airflow/example_dags/example_bash_decorator.py for tasks to queue
[2025-09-16T14:55:13.626+0000] {logging_mixin.py:188} INFO - [2025-09-16T14:55:13.625+0000] {dagbag.py:545} INFO - Filling up the DagBag from /home/airflow/.local/lib/python3.12/site-packages/airflow/example_dags/example_bash_decorator.py
[2025-09-16T14:55:13.644+0000] {processor.py:840} INFO - DAG(s) 'example_bash_decorator' retrieved from /home/airflow/.local/lib/python3.12/site-packages/airflow/example_dags/example_bash_decorator.py
[2025-09-16T14:55:13.678+0000] {logging_mixin.py:188} INFO - [2025-09-16T14:55:13.678+0000] {dag.py:3096} INFO - Sync 1 DAGs
[2025-09-16T14:55:13.697+0000] {logging_mixin.py:188} INFO - [2025-09-16T14:55:13.696+0000] {dag.py:3954} INFO - Setting next_dagrun for example_bash_decorator to None, run_after=None
[2025-09-16T14:55:13.743+0000] {processor.py:183} INFO - Processing /home/airflow/.local/lib/python3.12/site-packages/airflow/example_dags/example_bash_decorator.py took 0.129 seconds
[2025-09-16T14:55:44.447+0000] {processor.py:161} INFO - Started process (PID=285) to work on /home/airflow/.local/lib/python3.12/site-packages/airflow/example_dags/example_bash_decorator.py
[2025-09-16T14:55:44.449+0000] {processor.py:830} INFO - Processing file /home/airflow/.local/lib/python3.12/site-packages/airflow/example_dags/example_bash_decorator.py for tasks to queue
[2025-09-16T14:55:44.452+0000] {logging_mixin.py:188} INFO - [2025-09-16T14:55:44.451+0000] {dagbag.py:545} INFO - Filling up the DagBag from /home/airflow/.local/lib/python3.12/site-packages/airflow/example_dags/example_bash_decorator.py
[2025-09-16T14:55:44.469+0000] {processor.py:840} INFO - DAG(s) 'example_bash_decorator' retrieved from /home/airflow/.local/lib/python3.12/site-packages/airflow/example_dags/example_bash_decorator.py
[2025-09-16T14:55:44.500+0000] {logging_mixin.py:188} INFO - [2025-09-16T14:55:44.500+0000] {dag.py:3096} INFO - Sync 1 DAGs
[2025-09-16T14:55:44.517+0000] {logging_mixin.py:188} INFO - [2025-09-16T14:55:44.517+0000] {dag.py:3954} INFO - Setting next_dagrun for example_bash_decorator to None, run_after=None
[2025-09-16T14:55:44.542+0000] {processor.py:183} INFO - Processing /home/airflow/.local/lib/python3.12/site-packages/airflow/example_dags/example_bash_decorator.py took 0.102 seconds
[2025-09-16T14:56:14.625+0000] {processor.py:161} INFO - Started process (PID=345) to work on /home/airflow/.local/lib/python3.12/site-packages/airflow/example_dags/example_bash_decorator.py
[2025-09-16T14:56:14.627+0000] {processor.py:830} INFO - Processing file /home/airflow/.local/lib/python3.12/site-packages/airflow/example_dags/example_bash_decorator.py for tasks to queue
[2025-09-16T14:56:14.629+0000] {logging_mixin.py:188} INFO - [2025-09-16T14:56:14.629+0000] {dagbag.py:545} INFO - Filling up the DagBag from /home/airflow/.local/lib/python3.12/site-packages/airflow/example_dags/example_bash_decorator.py
[2025-09-16T14:56:14.646+0000] {processor.py:840} INFO - DAG(s) 'example_bash_decorator' retrieved from /home/airflow/.local/lib/python3.12/site-packages/airflow/example_dags/example_bash_decorator.py
[2025-09-16T14:56:14.675+0000] {logging_mixin.py:188} INFO - [2025-09-16T14:56:14.675+0000] {dag.py:3096} INFO - Sync 1 DAGs
[2025-09-16T14:56:14.692+0000] {logging_mixin.py:188} INFO - [2025-09-16T14:56:14.692+0000] {dag.py:3954} INFO - Setting next_dagrun for example_bash_decorator to None, run_after=None
[2025-09-16T14:56:14.730+0000] {processor.py:183} INFO - Processing /home/airflow/.local/lib/python3.12/site-packages/airflow/example_dags/example_bash_decorator.py took 0.112 seconds
[2025-09-16T14:56:45.670+0000] {processor.py:161} INFO - Started process (PID=405) to work on /home/airflow/.local/lib/python3.12/site-packages/airflow/example_dags/example_bash_decorator.py
[2025-09-16T14:56:45.672+0000] {processor.py:830} INFO - Processing file /home/airflow/.local/lib/python3.12/site-packages/airflow/example_dags/example_bash_decorator.py for tasks to queue
[2025-09-16T14:56:45.676+0000] {logging_mixin.py:188} INFO - [2025-09-16T14:56:45.675+0000] {dagbag.py:545} INFO - Filling up the DagBag from /home/airflow/.local/lib/python3.12/site-packages/airflow/example_dags/example_bash_decorator.py
[2025-09-16T14:56:45.696+0000] {processor.py:840} INFO - DAG(s) 'example_bash_decorator' retrieved from /home/airflow/.local/lib/python3.12/site-packages/airflow/example_dags/example_bash_decorator.py
[2025-09-16T14:56:45.735+0000] {logging_mixin.py:188} INFO - [2025-09-16T14:56:45.735+0000] {dag.py:3096} INFO - Sync 1 DAGs
[2025-09-16T14:56:45.759+0000] {logging_mixin.py:188} INFO - [2025-09-16T14:56:45.759+0000] {dag.py:3954} INFO - Setting next_dagrun for example_bash_decorator to None, run_after=None
[2025-09-16T14:56:45.800+0000] {processor.py:183} INFO - Processing /home/airflow/.local/lib/python3.12/site-packages/airflow/example_dags/example_bash_decorator.py took 0.139 seconds
[2025-09-16T14:57:16.489+0000] {processor.py:161} INFO - Started process (PID=465) to work on /home/airflow/.local/lib/python3.12/site-packages/airflow/example_dags/example_bash_decorator.py
[2025-09-16T14:57:16.490+0000] {processor.py:830} INFO - Processing file /home/airflow/.local/lib/python3.12/site-packages/airflow/example_dags/example_bash_decorator.py for tasks to queue
[2025-09-16T14:57:16.493+0000] {logging_mixin.py:188} INFO - [2025-09-16T14:57:16.493+0000] {dagbag.py:545} INFO - Filling up the DagBag from /home/airflow/.local/lib/python3.12/site-packages/airflow/example_dags/example_bash_decorator.py
[2025-09-16T14:57:16.513+0000] {processor.py:840} INFO - DAG(s) 'example_bash_decorator' retrieved from /home/airflow/.local/lib/python3.12/site-packages/airflow/example_dags/example_bash_decorator.py
[2025-09-16T14:57:16.545+0000] {logging_mixin.py:188} INFO - [2025-09-16T14:57:16.545+0000] {dag.py:3096} INFO - Sync 1 DAGs
[2025-09-16T14:57:16.563+0000] {logging_mixin.py:188} INFO - [2025-09-16T14:57:16.563+0000] {dag.py:3954} INFO - Setting next_dagrun for example_bash_decorator to None, run_after=None
[2025-09-16T14:57:16.589+0000] {processor.py:183} INFO - Processing /home/airflow/.local/lib/python3.12/site-packages/airflow/example_dags/example_bash_decorator.py took 0.108 seconds
[2025-09-16T14:57:47.821+0000] {processor.py:161} INFO - Started process (PID=525) to work on /home/airflow/.local/lib/python3.12/site-packages/airflow/example_dags/example_bash_decorator.py
[2025-09-16T14:57:47.822+0000] {processor.py:830} INFO - Processing file /home/airflow/.local/lib/python3.12/site-packages/airflow/example_dags/example_bash_decorator.py for tasks to queue
[2025-09-16T14:57:47.825+0000] {logging_mixin.py:188} INFO - [2025-09-16T14:57:47.825+0000] {dagbag.py:545} INFO - Filling up the DagBag from /home/airflow/.local/lib/python3.12/site-packages/airflow/example_dags/example_bash_decorator.py
[2025-09-16T14:57:47.843+0000] {processor.py:840} INFO - DAG(s) 'example_bash_decorator' retrieved from /home/airflow/.local/lib/python3.12/site-packages/airflow/example_dags/example_bash_decorator.py
[2025-09-16T14:57:47.875+0000] {logging_mixin.py:188} INFO - [2025-09-16T14:57:47.874+0000] {dag.py:3096} INFO - Sync 1 DAGs
[2025-09-16T14:57:47.891+0000] {logging_mixin.py:188} INFO - [2025-09-16T14:57:47.890+0000] {dag.py:3954} INFO - Setting next_dagrun for example_bash_decorator to None, run_after=None
[2025-09-16T14:57:47.916+0000] {processor.py:183} INFO - Processing /home/airflow/.local/lib/python3.12/site-packages/airflow/example_dags/example_bash_decorator.py took 0.102 seconds
[2025-09-16T14:58:18.222+0000] {processor.py:161} INFO - Started process (PID=585) to work on /home/airflow/.local/lib/python3.12/site-packages/airflow/example_dags/example_bash_decorator.py
[2025-09-16T14:58:18.223+0000] {processor.py:830} INFO - Processing file /home/airflow/.local/lib/python3.12/site-packages/airflow/example_dags/example_bash_decorator.py for tasks to queue
[2025-09-16T14:58:18.225+0000] {logging_mixin.py:188} INFO - [2025-09-16T14:58:18.225+0000] {dagbag.py:545} INFO - Filling up the DagBag from /home/airflow/.local/lib/python3.12/site-packages/airflow/example_dags/example_bash_decorator.py
[2025-09-16T14:58:18.240+0000] {processor.py:840} INFO - DAG(s) 'example_bash_decorator' retrieved from /home/airflow/.local/lib/python3.12/site-packages/airflow/example_dags/example_bash_decorator.py
[2025-09-16T14:58:18.267+0000] {logging_mixin.py:188} INFO - [2025-09-16T14:58:18.266+0000] {dag.py:3096} INFO - Sync 1 DAGs
[2025-09-16T14:58:18.284+0000] {logging_mixin.py:188} INFO - [2025-09-16T14:58:18.284+0000] {dag.py:3954} INFO - Setting next_dagrun for example_bash_decorator to None, run_after=None
[2025-09-16T14:58:18.311+0000] {processor.py:183} INFO - Processing /home/airflow/.local/lib/python3.12/site-packages/airflow/example_dags/example_bash_decorator.py took 0.096 seconds
[2025-09-16T14:58:49.153+0000] {processor.py:161} INFO - Started process (PID=644) to work on /home/airflow/.local/lib/python3.12/site-packages/airflow/example_dags/example_bash_decorator.py
[2025-09-16T14:58:49.155+0000] {processor.py:830} INFO - Processing file /home/airflow/.local/lib/python3.12/site-packages/airflow/example_dags/example_bash_decorator.py for tasks to queue
[2025-09-16T14:58:49.157+0000] {logging_mixin.py:188} INFO - [2025-09-16T14:58:49.157+0000] {dagbag.py:545} INFO - Filling up the DagBag from /home/airflow/.local/lib/python3.12/site-packages/airflow/example_dags/example_bash_decorator.py
[2025-09-16T14:58:49.174+0000] {processor.py:840} INFO - DAG(s) 'example_bash_decorator' retrieved from /home/airflow/.local/lib/python3.12/site-packages/airflow/example_dags/example_bash_decorator.py
[2025-09-16T14:58:49.205+0000] {logging_mixin.py:188} INFO - [2025-09-16T14:58:49.205+0000] {dag.py:3096} INFO - Sync 1 DAGs
[2025-09-16T14:58:49.224+0000] {logging_mixin.py:188} INFO - [2025-09-16T14:58:49.223+0000] {dag.py:3954} INFO - Setting next_dagrun for example_bash_decorator to None, run_after=None
[2025-09-16T14:58:49.253+0000] {processor.py:183} INFO - Processing /home/airflow/.local/lib/python3.12/site-packages/airflow/example_dags/example_bash_decorator.py took 0.108 seconds
[2025-09-16T14:59:19.563+0000] {processor.py:161} INFO - Started process (PID=704) to work on /home/airflow/.local/lib/python3.12/site-packages/airflow/example_dags/example_bash_decorator.py
[2025-09-16T14:59:19.564+0000] {processor.py:830} INFO - Processing file /home/airflow/.local/lib/python3.12/site-packages/airflow/example_dags/example_bash_decorator.py for tasks to queue
[2025-09-16T14:59:19.567+0000] {logging_mixin.py:188} INFO - [2025-09-16T14:59:19.566+0000] {dagbag.py:545} INFO - Filling up the DagBag from /home/airflow/.local/lib/python3.12/site-packages/airflow/example_dags/example_bash_decorator.py
[2025-09-16T14:59:19.582+0000] {processor.py:840} INFO - DAG(s) 'example_bash_decorator' retrieved from /home/airflow/.local/lib/python3.12/site-packages/airflow/example_dags/example_bash_decorator.py
[2025-09-16T14:59:19.622+0000] {logging_mixin.py:188} INFO - [2025-09-16T14:59:19.621+0000] {dag.py:3096} INFO - Sync 1 DAGs
[2025-09-16T14:59:19.642+0000] {logging_mixin.py:188} INFO - [2025-09-16T14:59:19.642+0000] {dag.py:3954} INFO - Setting next_dagrun for example_bash_decorator to None, run_after=None
[2025-09-16T14:59:19.673+0000] {processor.py:183} INFO - Processing /home/airflow/.local/lib/python3.12/site-packages/airflow/example_dags/example_bash_decorator.py took 0.117 seconds
[2025-09-16T14:59:49.789+0000] {processor.py:161} INFO - Started process (PID=764) to work on /home/airflow/.local/lib/python3.12/site-packages/airflow/example_dags/example_bash_decorator.py
[2025-09-16T14:59:49.791+0000] {processor.py:830} INFO - Processing file /home/airflow/.local/lib/python3.12/site-packages/airflow/example_dags/example_bash_decorator.py for tasks to queue
[2025-09-16T14:59:49.794+0000] {logging_mixin.py:188} INFO - [2025-09-16T14:59:49.793+0000] {dagbag.py:545} INFO - Filling up the DagBag from /home/airflow/.local/lib/python3.12/site-packages/airflow/example_dags/example_bash_decorator.py
[2025-09-16T14:59:49.812+0000] {processor.py:840} INFO - DAG(s) 'example_bash_decorator' retrieved from /home/airflow/.local/lib/python3.12/site-packages/airflow/example_dags/example_bash_decorator.py
[2025-09-16T14:59:49.848+0000] {logging_mixin.py:188} INFO - [2025-09-16T14:59:49.848+0000] {dag.py:3096} INFO - Sync 1 DAGs
[2025-09-16T14:59:49.865+0000] {logging_mixin.py:188} INFO - [2025-09-16T14:59:49.865+0000] {dag.py:3954} INFO - Setting next_dagrun for example_bash_decorator to None, run_after=None
[2025-09-16T14:59:49.899+0000] {processor.py:183} INFO - Processing /home/airflow/.local/lib/python3.12/site-packages/airflow/example_dags/example_bash_decorator.py took 0.118 seconds
[2025-09-16T15:00:20.177+0000] {processor.py:161} INFO - Started process (PID=824) to work on /home/airflow/.local/lib/python3.12/site-packages/airflow/example_dags/example_bash_decorator.py
[2025-09-16T15:00:20.179+0000] {processor.py:830} INFO - Processing file /home/airflow/.local/lib/python3.12/site-packages/airflow/example_dags/example_bash_decorator.py for tasks to queue
[2025-09-16T15:00:20.182+0000] {logging_mixin.py:188} INFO - [2025-09-16T15:00:20.181+0000] {dagbag.py:545} INFO - Filling up the DagBag from /home/airflow/.local/lib/python3.12/site-packages/airflow/example_dags/example_bash_decorator.py
[2025-09-16T15:00:20.201+0000] {processor.py:840} INFO - DAG(s) 'example_bash_decorator' retrieved from /home/airflow/.local/lib/python3.12/site-packages/airflow/example_dags/example_bash_decorator.py
[2025-09-16T15:00:20.237+0000] {logging_mixin.py:188} INFO - [2025-09-16T15:00:20.237+0000] {dag.py:3096} INFO - Sync 1 DAGs
[2025-09-16T15:00:20.259+0000] {logging_mixin.py:188} INFO - [2025-09-16T15:00:20.259+0000] {dag.py:3954} INFO - Setting next_dagrun for example_bash_decorator to None, run_after=None
[2025-09-16T15:00:20.286+0000] {processor.py:183} INFO - Processing /home/airflow/.local/lib/python3.12/site-packages/airflow/example_dags/example_bash_decorator.py took 0.118 seconds
[2025-09-16T15:01:55.002+0000] {processor.py:161} INFO - Started process (PID=105) to work on /home/airflow/.local/lib/python3.12/site-packages/airflow/example_dags/example_bash_decorator.py
[2025-09-16T15:01:55.004+0000] {processor.py:830} INFO - Processing file /home/airflow/.local/lib/python3.12/site-packages/airflow/example_dags/example_bash_decorator.py for tasks to queue
[2025-09-16T15:01:55.007+0000] {logging_mixin.py:188} INFO - [2025-09-16T15:01:55.006+0000] {dagbag.py:545} INFO - Filling up the DagBag from /home/airflow/.local/lib/python3.12/site-packages/airflow/example_dags/example_bash_decorator.py
[2025-09-16T15:01:55.027+0000] {processor.py:840} INFO - DAG(s) 'example_bash_decorator' retrieved from /home/airflow/.local/lib/python3.12/site-packages/airflow/example_dags/example_bash_decorator.py
[2025-09-16T15:01:55.184+0000] {logging_mixin.py:188} INFO - [2025-09-16T15:01:55.183+0000] {dag.py:3096} INFO - Sync 1 DAGs
[2025-09-16T15:01:55.198+0000] {logging_mixin.py:188} INFO - [2025-09-16T15:01:55.198+0000] {dag.py:3954} INFO - Setting next_dagrun for example_bash_decorator to None, run_after=None
[2025-09-16T15:01:55.226+0000] {processor.py:183} INFO - Processing /home/airflow/.local/lib/python3.12/site-packages/airflow/example_dags/example_bash_decorator.py took 0.233 seconds
[2025-09-16T15:02:25.767+0000] {processor.py:161} INFO - Started process (PID=165) to work on /home/airflow/.local/lib/python3.12/site-packages/airflow/example_dags/example_bash_decorator.py
[2025-09-16T15:02:25.769+0000] {processor.py:830} INFO - Processing file /home/airflow/.local/lib/python3.12/site-packages/airflow/example_dags/example_bash_decorator.py for tasks to queue
[2025-09-16T15:02:25.772+0000] {logging_mixin.py:188} INFO - [2025-09-16T15:02:25.772+0000] {dagbag.py:545} INFO - Filling up the DagBag from /home/airflow/.local/lib/python3.12/site-packages/airflow/example_dags/example_bash_decorator.py
[2025-09-16T15:02:25.790+0000] {processor.py:840} INFO - DAG(s) 'example_bash_decorator' retrieved from /home/airflow/.local/lib/python3.12/site-packages/airflow/example_dags/example_bash_decorator.py
[2025-09-16T15:02:25.806+0000] {logging_mixin.py:188} INFO - [2025-09-16T15:02:25.806+0000] {dag.py:3096} INFO - Sync 1 DAGs
[2025-09-16T15:02:25.825+0000] {logging_mixin.py:188} INFO - [2025-09-16T15:02:25.824+0000] {dag.py:3954} INFO - Setting next_dagrun for example_bash_decorator to None, run_after=None
[2025-09-16T15:02:25.849+0000] {processor.py:183} INFO - Processing /home/airflow/.local/lib/python3.12/site-packages/airflow/example_dags/example_bash_decorator.py took 0.090 seconds
[2025-09-16T15:02:56.583+0000] {processor.py:161} INFO - Started process (PID=225) to work on /home/airflow/.local/lib/python3.12/site-packages/airflow/example_dags/example_bash_decorator.py
[2025-09-16T15:02:56.585+0000] {processor.py:830} INFO - Processing file /home/airflow/.local/lib/python3.12/site-packages/airflow/example_dags/example_bash_decorator.py for tasks to queue
[2025-09-16T15:02:56.588+0000] {logging_mixin.py:188} INFO - [2025-09-16T15:02:56.587+0000] {dagbag.py:545} INFO - Filling up the DagBag from /home/airflow/.local/lib/python3.12/site-packages/airflow/example_dags/example_bash_decorator.py
[2025-09-16T15:02:56.604+0000] {processor.py:840} INFO - DAG(s) 'example_bash_decorator' retrieved from /home/airflow/.local/lib/python3.12/site-packages/airflow/example_dags/example_bash_decorator.py
[2025-09-16T15:02:56.746+0000] {logging_mixin.py:188} INFO - [2025-09-16T15:02:56.746+0000] {dag.py:3096} INFO - Sync 1 DAGs
[2025-09-16T15:02:56.762+0000] {logging_mixin.py:188} INFO - [2025-09-16T15:02:56.762+0000] {dag.py:3954} INFO - Setting next_dagrun for example_bash_decorator to None, run_after=None
[2025-09-16T15:02:56.789+0000] {processor.py:183} INFO - Processing /home/airflow/.local/lib/python3.12/site-packages/airflow/example_dags/example_bash_decorator.py took 0.213 seconds
[2025-09-16T15:03:27.054+0000] {processor.py:161} INFO - Started process (PID=285) to work on /home/airflow/.local/lib/python3.12/site-packages/airflow/example_dags/example_bash_decorator.py
[2025-09-16T15:03:27.056+0000] {processor.py:830} INFO - Processing file /home/airflow/.local/lib/python3.12/site-packages/airflow/example_dags/example_bash_decorator.py for tasks to queue
[2025-09-16T15:03:27.060+0000] {logging_mixin.py:188} INFO - [2025-09-16T15:03:27.059+0000] {dagbag.py:545} INFO - Filling up the DagBag from /home/airflow/.local/lib/python3.12/site-packages/airflow/example_dags/example_bash_decorator.py
[2025-09-16T15:03:27.080+0000] {processor.py:840} INFO - DAG(s) 'example_bash_decorator' retrieved from /home/airflow/.local/lib/python3.12/site-packages/airflow/example_dags/example_bash_decorator.py
[2025-09-16T15:03:27.118+0000] {logging_mixin.py:188} INFO - [2025-09-16T15:03:27.118+0000] {dag.py:3096} INFO - Sync 1 DAGs
[2025-09-16T15:03:27.139+0000] {logging_mixin.py:188} INFO - [2025-09-16T15:03:27.139+0000] {dag.py:3954} INFO - Setting next_dagrun for example_bash_decorator to None, run_after=None
[2025-09-16T15:03:27.170+0000] {processor.py:183} INFO - Processing /home/airflow/.local/lib/python3.12/site-packages/airflow/example_dags/example_bash_decorator.py took 0.124 seconds
[2025-09-16T15:03:58.159+0000] {processor.py:161} INFO - Started process (PID=345) to work on /home/airflow/.local/lib/python3.12/site-packages/airflow/example_dags/example_bash_decorator.py
[2025-09-16T15:03:58.161+0000] {processor.py:830} INFO - Processing file /home/airflow/.local/lib/python3.12/site-packages/airflow/example_dags/example_bash_decorator.py for tasks to queue
[2025-09-16T15:03:58.165+0000] {logging_mixin.py:188} INFO - [2025-09-16T15:03:58.164+0000] {dagbag.py:545} INFO - Filling up the DagBag from /home/airflow/.local/lib/python3.12/site-packages/airflow/example_dags/example_bash_decorator.py
[2025-09-16T15:03:58.185+0000] {processor.py:840} INFO - DAG(s) 'example_bash_decorator' retrieved from /home/airflow/.local/lib/python3.12/site-packages/airflow/example_dags/example_bash_decorator.py
[2025-09-16T15:03:58.217+0000] {logging_mixin.py:188} INFO - [2025-09-16T15:03:58.216+0000] {dag.py:3096} INFO - Sync 1 DAGs
[2025-09-16T15:03:58.234+0000] {logging_mixin.py:188} INFO - [2025-09-16T15:03:58.234+0000] {dag.py:3954} INFO - Setting next_dagrun for example_bash_decorator to None, run_after=None
[2025-09-16T15:03:58.260+0000] {processor.py:183} INFO - Processing /home/airflow/.local/lib/python3.12/site-packages/airflow/example_dags/example_bash_decorator.py took 0.110 seconds
[2025-09-16T15:04:29.067+0000] {processor.py:161} INFO - Started process (PID=405) to work on /home/airflow/.local/lib/python3.12/site-packages/airflow/example_dags/example_bash_decorator.py
[2025-09-16T15:04:29.069+0000] {processor.py:830} INFO - Processing file /home/airflow/.local/lib/python3.12/site-packages/airflow/example_dags/example_bash_decorator.py for tasks to queue
[2025-09-16T15:04:29.072+0000] {logging_mixin.py:188} INFO - [2025-09-16T15:04:29.072+0000] {dagbag.py:545} INFO - Filling up the DagBag from /home/airflow/.local/lib/python3.12/site-packages/airflow/example_dags/example_bash_decorator.py
[2025-09-16T15:04:29.093+0000] {processor.py:840} INFO - DAG(s) 'example_bash_decorator' retrieved from /home/airflow/.local/lib/python3.12/site-packages/airflow/example_dags/example_bash_decorator.py
[2025-09-16T15:04:29.130+0000] {logging_mixin.py:188} INFO - [2025-09-16T15:04:29.130+0000] {dag.py:3096} INFO - Sync 1 DAGs
[2025-09-16T15:04:29.151+0000] {logging_mixin.py:188} INFO - [2025-09-16T15:04:29.151+0000] {dag.py:3954} INFO - Setting next_dagrun for example_bash_decorator to None, run_after=None
[2025-09-16T15:04:29.182+0000] {processor.py:183} INFO - Processing /home/airflow/.local/lib/python3.12/site-packages/airflow/example_dags/example_bash_decorator.py took 0.123 seconds
[2025-09-16T15:05:00.035+0000] {processor.py:161} INFO - Started process (PID=465) to work on /home/airflow/.local/lib/python3.12/site-packages/airflow/example_dags/example_bash_decorator.py
[2025-09-16T15:05:00.036+0000] {processor.py:830} INFO - Processing file /home/airflow/.local/lib/python3.12/site-packages/airflow/example_dags/example_bash_decorator.py for tasks to queue
[2025-09-16T15:05:00.039+0000] {logging_mixin.py:188} INFO - [2025-09-16T15:05:00.039+0000] {dagbag.py:545} INFO - Filling up the DagBag from /home/airflow/.local/lib/python3.12/site-packages/airflow/example_dags/example_bash_decorator.py
[2025-09-16T15:05:00.060+0000] {processor.py:840} INFO - DAG(s) 'example_bash_decorator' retrieved from /home/airflow/.local/lib/python3.12/site-packages/airflow/example_dags/example_bash_decorator.py
[2025-09-16T15:05:00.094+0000] {logging_mixin.py:188} INFO - [2025-09-16T15:05:00.094+0000] {dag.py:3096} INFO - Sync 1 DAGs
[2025-09-16T15:05:00.112+0000] {logging_mixin.py:188} INFO - [2025-09-16T15:05:00.112+0000] {dag.py:3954} INFO - Setting next_dagrun for example_bash_decorator to None, run_after=None
[2025-09-16T15:05:00.141+0000] {processor.py:183} INFO - Processing /home/airflow/.local/lib/python3.12/site-packages/airflow/example_dags/example_bash_decorator.py took 0.115 seconds
[2025-09-16T15:05:30.695+0000] {processor.py:161} INFO - Started process (PID=524) to work on /home/airflow/.local/lib/python3.12/site-packages/airflow/example_dags/example_bash_decorator.py
[2025-09-16T15:05:30.698+0000] {processor.py:830} INFO - Processing file /home/airflow/.local/lib/python3.12/site-packages/airflow/example_dags/example_bash_decorator.py for tasks to queue
[2025-09-16T15:05:30.704+0000] {logging_mixin.py:188} INFO - [2025-09-16T15:05:30.703+0000] {dagbag.py:545} INFO - Filling up the DagBag from /home/airflow/.local/lib/python3.12/site-packages/airflow/example_dags/example_bash_decorator.py
[2025-09-16T15:05:30.734+0000] {processor.py:840} INFO - DAG(s) 'example_bash_decorator' retrieved from /home/airflow/.local/lib/python3.12/site-packages/airflow/example_dags/example_bash_decorator.py
[2025-09-16T15:05:30.794+0000] {logging_mixin.py:188} INFO - [2025-09-16T15:05:30.794+0000] {dag.py:3096} INFO - Sync 1 DAGs
[2025-09-16T15:05:30.833+0000] {logging_mixin.py:188} INFO - [2025-09-16T15:05:30.833+0000] {dag.py:3954} INFO - Setting next_dagrun for example_bash_decorator to None, run_after=None
[2025-09-16T15:05:30.881+0000] {processor.py:183} INFO - Processing /home/airflow/.local/lib/python3.12/site-packages/airflow/example_dags/example_bash_decorator.py took 0.196 seconds
[2025-09-16T15:06:01.249+0000] {processor.py:161} INFO - Started process (PID=584) to work on /home/airflow/.local/lib/python3.12/site-packages/airflow/example_dags/example_bash_decorator.py
[2025-09-16T15:06:01.250+0000] {processor.py:830} INFO - Processing file /home/airflow/.local/lib/python3.12/site-packages/airflow/example_dags/example_bash_decorator.py for tasks to queue
[2025-09-16T15:06:01.254+0000] {logging_mixin.py:188} INFO - [2025-09-16T15:06:01.253+0000] {dagbag.py:545} INFO - Filling up the DagBag from /home/airflow/.local/lib/python3.12/site-packages/airflow/example_dags/example_bash_decorator.py
[2025-09-16T15:06:01.272+0000] {processor.py:840} INFO - DAG(s) 'example_bash_decorator' retrieved from /home/airflow/.local/lib/python3.12/site-packages/airflow/example_dags/example_bash_decorator.py
[2025-09-16T15:06:01.303+0000] {logging_mixin.py:188} INFO - [2025-09-16T15:06:01.303+0000] {dag.py:3096} INFO - Sync 1 DAGs
[2025-09-16T15:06:01.319+0000] {logging_mixin.py:188} INFO - [2025-09-16T15:06:01.318+0000] {dag.py:3954} INFO - Setting next_dagrun for example_bash_decorator to None, run_after=None
[2025-09-16T15:06:01.344+0000] {processor.py:183} INFO - Processing /home/airflow/.local/lib/python3.12/site-packages/airflow/example_dags/example_bash_decorator.py took 0.103 seconds
[2025-09-16T15:06:31.859+0000] {processor.py:161} INFO - Started process (PID=644) to work on /home/airflow/.local/lib/python3.12/site-packages/airflow/example_dags/example_bash_decorator.py
[2025-09-16T15:06:31.861+0000] {processor.py:830} INFO - Processing file /home/airflow/.local/lib/python3.12/site-packages/airflow/example_dags/example_bash_decorator.py for tasks to queue
[2025-09-16T15:06:31.864+0000] {logging_mixin.py:188} INFO - [2025-09-16T15:06:31.863+0000] {dagbag.py:545} INFO - Filling up the DagBag from /home/airflow/.local/lib/python3.12/site-packages/airflow/example_dags/example_bash_decorator.py
[2025-09-16T15:06:31.878+0000] {processor.py:840} INFO - DAG(s) 'example_bash_decorator' retrieved from /home/airflow/.local/lib/python3.12/site-packages/airflow/example_dags/example_bash_decorator.py
[2025-09-16T15:06:31.906+0000] {logging_mixin.py:188} INFO - [2025-09-16T15:06:31.906+0000] {dag.py:3096} INFO - Sync 1 DAGs
[2025-09-16T15:06:31.922+0000] {logging_mixin.py:188} INFO - [2025-09-16T15:06:31.922+0000] {dag.py:3954} INFO - Setting next_dagrun for example_bash_decorator to None, run_after=None
[2025-09-16T15:06:31.946+0000] {processor.py:183} INFO - Processing /home/airflow/.local/lib/python3.12/site-packages/airflow/example_dags/example_bash_decorator.py took 0.093 seconds
[2025-09-16T15:07:02.338+0000] {processor.py:161} INFO - Started process (PID=704) to work on /home/airflow/.local/lib/python3.12/site-packages/airflow/example_dags/example_bash_decorator.py
[2025-09-16T15:07:02.341+0000] {processor.py:830} INFO - Processing file /home/airflow/.local/lib/python3.12/site-packages/airflow/example_dags/example_bash_decorator.py for tasks to queue
[2025-09-16T15:07:02.343+0000] {logging_mixin.py:188} INFO - [2025-09-16T15:07:02.343+0000] {dagbag.py:545} INFO - Filling up the DagBag from /home/airflow/.local/lib/python3.12/site-packages/airflow/example_dags/example_bash_decorator.py
[2025-09-16T15:07:02.357+0000] {processor.py:840} INFO - DAG(s) 'example_bash_decorator' retrieved from /home/airflow/.local/lib/python3.12/site-packages/airflow/example_dags/example_bash_decorator.py
[2025-09-16T15:07:02.389+0000] {logging_mixin.py:188} INFO - [2025-09-16T15:07:02.389+0000] {dag.py:3096} INFO - Sync 1 DAGs
[2025-09-16T15:07:02.406+0000] {logging_mixin.py:188} INFO - [2025-09-16T15:07:02.405+0000] {dag.py:3954} INFO - Setting next_dagrun for example_bash_decorator to None, run_after=None
[2025-09-16T15:07:02.429+0000] {processor.py:183} INFO - Processing /home/airflow/.local/lib/python3.12/site-packages/airflow/example_dags/example_bash_decorator.py took 0.097 seconds
[2025-09-16T15:07:32.787+0000] {processor.py:161} INFO - Started process (PID=764) to work on /home/airflow/.local/lib/python3.12/site-packages/airflow/example_dags/example_bash_decorator.py
[2025-09-16T15:07:32.788+0000] {processor.py:830} INFO - Processing file /home/airflow/.local/lib/python3.12/site-packages/airflow/example_dags/example_bash_decorator.py for tasks to queue
[2025-09-16T15:07:32.791+0000] {logging_mixin.py:188} INFO - [2025-09-16T15:07:32.790+0000] {dagbag.py:545} INFO - Filling up the DagBag from /home/airflow/.local/lib/python3.12/site-packages/airflow/example_dags/example_bash_decorator.py
[2025-09-16T15:07:32.805+0000] {processor.py:840} INFO - DAG(s) 'example_bash_decorator' retrieved from /home/airflow/.local/lib/python3.12/site-packages/airflow/example_dags/example_bash_decorator.py
[2025-09-16T15:07:32.834+0000] {logging_mixin.py:188} INFO - [2025-09-16T15:07:32.834+0000] {dag.py:3096} INFO - Sync 1 DAGs
[2025-09-16T15:07:32.849+0000] {logging_mixin.py:188} INFO - [2025-09-16T15:07:32.849+0000] {dag.py:3954} INFO - Setting next_dagrun for example_bash_decorator to None, run_after=None
[2025-09-16T15:07:32.874+0000] {processor.py:183} INFO - Processing /home/airflow/.local/lib/python3.12/site-packages/airflow/example_dags/example_bash_decorator.py took 0.094 seconds
[2025-09-16T15:08:03.195+0000] {processor.py:161} INFO - Started process (PID=824) to work on /home/airflow/.local/lib/python3.12/site-packages/airflow/example_dags/example_bash_decorator.py
[2025-09-16T15:08:03.196+0000] {processor.py:830} INFO - Processing file /home/airflow/.local/lib/python3.12/site-packages/airflow/example_dags/example_bash_decorator.py for tasks to queue
[2025-09-16T15:08:03.199+0000] {logging_mixin.py:188} INFO - [2025-09-16T15:08:03.199+0000] {dagbag.py:545} INFO - Filling up the DagBag from /home/airflow/.local/lib/python3.12/site-packages/airflow/example_dags/example_bash_decorator.py
[2025-09-16T15:08:03.216+0000] {processor.py:840} INFO - DAG(s) 'example_bash_decorator' retrieved from /home/airflow/.local/lib/python3.12/site-packages/airflow/example_dags/example_bash_decorator.py
[2025-09-16T15:08:03.246+0000] {logging_mixin.py:188} INFO - [2025-09-16T15:08:03.246+0000] {dag.py:3096} INFO - Sync 1 DAGs
[2025-09-16T15:08:03.262+0000] {logging_mixin.py:188} INFO - [2025-09-16T15:08:03.262+0000] {dag.py:3954} INFO - Setting next_dagrun for example_bash_decorator to None, run_after=None
[2025-09-16T15:08:03.298+0000] {processor.py:183} INFO - Processing /home/airflow/.local/lib/python3.12/site-packages/airflow/example_dags/example_bash_decorator.py took 0.111 seconds
[2025-09-16T15:08:33.623+0000] {processor.py:161} INFO - Started process (PID=884) to work on /home/airflow/.local/lib/python3.12/site-packages/airflow/example_dags/example_bash_decorator.py
[2025-09-16T15:08:33.626+0000] {processor.py:830} INFO - Processing file /home/airflow/.local/lib/python3.12/site-packages/airflow/example_dags/example_bash_decorator.py for tasks to queue
[2025-09-16T15:08:33.630+0000] {logging_mixin.py:188} INFO - [2025-09-16T15:08:33.629+0000] {dagbag.py:545} INFO - Filling up the DagBag from /home/airflow/.local/lib/python3.12/site-packages/airflow/example_dags/example_bash_decorator.py
[2025-09-16T15:08:33.654+0000] {processor.py:840} INFO - DAG(s) 'example_bash_decorator' retrieved from /home/airflow/.local/lib/python3.12/site-packages/airflow/example_dags/example_bash_decorator.py
[2025-09-16T15:08:33.697+0000] {logging_mixin.py:188} INFO - [2025-09-16T15:08:33.697+0000] {dag.py:3096} INFO - Sync 1 DAGs
[2025-09-16T15:08:33.718+0000] {logging_mixin.py:188} INFO - [2025-09-16T15:08:33.718+0000] {dag.py:3954} INFO - Setting next_dagrun for example_bash_decorator to None, run_after=None
[2025-09-16T15:08:33.747+0000] {processor.py:183} INFO - Processing /home/airflow/.local/lib/python3.12/site-packages/airflow/example_dags/example_bash_decorator.py took 0.135 seconds
[2025-09-16T15:09:04.223+0000] {processor.py:161} INFO - Started process (PID=944) to work on /home/airflow/.local/lib/python3.12/site-packages/airflow/example_dags/example_bash_decorator.py
[2025-09-16T15:09:04.225+0000] {processor.py:830} INFO - Processing file /home/airflow/.local/lib/python3.12/site-packages/airflow/example_dags/example_bash_decorator.py for tasks to queue
[2025-09-16T15:09:04.229+0000] {logging_mixin.py:188} INFO - [2025-09-16T15:09:04.228+0000] {dagbag.py:545} INFO - Filling up the DagBag from /home/airflow/.local/lib/python3.12/site-packages/airflow/example_dags/example_bash_decorator.py
[2025-09-16T15:09:04.254+0000] {processor.py:840} INFO - DAG(s) 'example_bash_decorator' retrieved from /home/airflow/.local/lib/python3.12/site-packages/airflow/example_dags/example_bash_decorator.py
[2025-09-16T15:09:04.294+0000] {logging_mixin.py:188} INFO - [2025-09-16T15:09:04.294+0000] {dag.py:3096} INFO - Sync 1 DAGs
[2025-09-16T15:09:04.320+0000] {logging_mixin.py:188} INFO - [2025-09-16T15:09:04.320+0000] {dag.py:3954} INFO - Setting next_dagrun for example_bash_decorator to None, run_after=None
[2025-09-16T15:09:04.350+0000] {processor.py:183} INFO - Processing /home/airflow/.local/lib/python3.12/site-packages/airflow/example_dags/example_bash_decorator.py took 0.137 seconds
[2025-09-16T15:09:34.763+0000] {processor.py:161} INFO - Started process (PID=1004) to work on /home/airflow/.local/lib/python3.12/site-packages/airflow/example_dags/example_bash_decorator.py
[2025-09-16T15:09:34.765+0000] {processor.py:830} INFO - Processing file /home/airflow/.local/lib/python3.12/site-packages/airflow/example_dags/example_bash_decorator.py for tasks to queue
[2025-09-16T15:09:34.767+0000] {logging_mixin.py:188} INFO - [2025-09-16T15:09:34.767+0000] {dagbag.py:545} INFO - Filling up the DagBag from /home/airflow/.local/lib/python3.12/site-packages/airflow/example_dags/example_bash_decorator.py
[2025-09-16T15:09:34.785+0000] {processor.py:840} INFO - DAG(s) 'example_bash_decorator' retrieved from /home/airflow/.local/lib/python3.12/site-packages/airflow/example_dags/example_bash_decorator.py
[2025-09-16T15:09:34.819+0000] {logging_mixin.py:188} INFO - [2025-09-16T15:09:34.819+0000] {dag.py:3096} INFO - Sync 1 DAGs
[2025-09-16T15:09:34.841+0000] {logging_mixin.py:188} INFO - [2025-09-16T15:09:34.841+0000] {dag.py:3954} INFO - Setting next_dagrun for example_bash_decorator to None, run_after=None
[2025-09-16T15:09:34.872+0000] {processor.py:183} INFO - Processing /home/airflow/.local/lib/python3.12/site-packages/airflow/example_dags/example_bash_decorator.py took 0.116 seconds
[2025-09-16T15:10:04.991+0000] {processor.py:161} INFO - Started process (PID=1062) to work on /home/airflow/.local/lib/python3.12/site-packages/airflow/example_dags/example_bash_decorator.py
[2025-09-16T15:10:04.992+0000] {processor.py:830} INFO - Processing file /home/airflow/.local/lib/python3.12/site-packages/airflow/example_dags/example_bash_decorator.py for tasks to queue
[2025-09-16T15:10:04.995+0000] {logging_mixin.py:188} INFO - [2025-09-16T15:10:04.994+0000] {dagbag.py:545} INFO - Filling up the DagBag from /home/airflow/.local/lib/python3.12/site-packages/airflow/example_dags/example_bash_decorator.py
[2025-09-16T15:10:05.010+0000] {processor.py:840} INFO - DAG(s) 'example_bash_decorator' retrieved from /home/airflow/.local/lib/python3.12/site-packages/airflow/example_dags/example_bash_decorator.py
[2025-09-16T15:10:05.036+0000] {logging_mixin.py:188} INFO - [2025-09-16T15:10:05.036+0000] {dag.py:3096} INFO - Sync 1 DAGs
[2025-09-16T15:10:05.051+0000] {logging_mixin.py:188} INFO - [2025-09-16T15:10:05.050+0000] {dag.py:3954} INFO - Setting next_dagrun for example_bash_decorator to None, run_after=None
[2025-09-16T15:10:05.074+0000] {processor.py:183} INFO - Processing /home/airflow/.local/lib/python3.12/site-packages/airflow/example_dags/example_bash_decorator.py took 0.090 seconds
[2025-09-16T15:10:35.462+0000] {processor.py:161} INFO - Started process (PID=1122) to work on /home/airflow/.local/lib/python3.12/site-packages/airflow/example_dags/example_bash_decorator.py
[2025-09-16T15:10:35.463+0000] {processor.py:830} INFO - Processing file /home/airflow/.local/lib/python3.12/site-packages/airflow/example_dags/example_bash_decorator.py for tasks to queue
[2025-09-16T15:10:35.466+0000] {logging_mixin.py:188} INFO - [2025-09-16T15:10:35.465+0000] {dagbag.py:545} INFO - Filling up the DagBag from /home/airflow/.local/lib/python3.12/site-packages/airflow/example_dags/example_bash_decorator.py
[2025-09-16T15:10:35.482+0000] {processor.py:840} INFO - DAG(s) 'example_bash_decorator' retrieved from /home/airflow/.local/lib/python3.12/site-packages/airflow/example_dags/example_bash_decorator.py
[2025-09-16T15:10:35.510+0000] {logging_mixin.py:188} INFO - [2025-09-16T15:10:35.510+0000] {dag.py:3096} INFO - Sync 1 DAGs
[2025-09-16T15:10:35.525+0000] {logging_mixin.py:188} INFO - [2025-09-16T15:10:35.525+0000] {dag.py:3954} INFO - Setting next_dagrun for example_bash_decorator to None, run_after=None
[2025-09-16T15:10:35.548+0000] {processor.py:183} INFO - Processing /home/airflow/.local/lib/python3.12/site-packages/airflow/example_dags/example_bash_decorator.py took 0.093 seconds
[2025-09-16T15:11:05.943+0000] {processor.py:161} INFO - Started process (PID=1182) to work on /home/airflow/.local/lib/python3.12/site-packages/airflow/example_dags/example_bash_decorator.py
[2025-09-16T15:11:05.945+0000] {processor.py:830} INFO - Processing file /home/airflow/.local/lib/python3.12/site-packages/airflow/example_dags/example_bash_decorator.py for tasks to queue
[2025-09-16T15:11:05.947+0000] {logging_mixin.py:188} INFO - [2025-09-16T15:11:05.947+0000] {dagbag.py:545} INFO - Filling up the DagBag from /home/airflow/.local/lib/python3.12/site-packages/airflow/example_dags/example_bash_decorator.py
[2025-09-16T15:11:05.964+0000] {processor.py:840} INFO - DAG(s) 'example_bash_decorator' retrieved from /home/airflow/.local/lib/python3.12/site-packages/airflow/example_dags/example_bash_decorator.py
[2025-09-16T15:11:05.996+0000] {logging_mixin.py:188} INFO - [2025-09-16T15:11:05.996+0000] {dag.py:3096} INFO - Sync 1 DAGs
[2025-09-16T15:11:06.014+0000] {logging_mixin.py:188} INFO - [2025-09-16T15:11:06.014+0000] {dag.py:3954} INFO - Setting next_dagrun for example_bash_decorator to None, run_after=None
[2025-09-16T15:11:06.043+0000] {processor.py:183} INFO - Processing /home/airflow/.local/lib/python3.12/site-packages/airflow/example_dags/example_bash_decorator.py took 0.108 seconds
[2025-09-16T15:11:36.545+0000] {processor.py:161} INFO - Started process (PID=1242) to work on /home/airflow/.local/lib/python3.12/site-packages/airflow/example_dags/example_bash_decorator.py
[2025-09-16T15:11:36.547+0000] {processor.py:830} INFO - Processing file /home/airflow/.local/lib/python3.12/site-packages/airflow/example_dags/example_bash_decorator.py for tasks to queue
[2025-09-16T15:11:36.550+0000] {logging_mixin.py:188} INFO - [2025-09-16T15:11:36.549+0000] {dagbag.py:545} INFO - Filling up the DagBag from /home/airflow/.local/lib/python3.12/site-packages/airflow/example_dags/example_bash_decorator.py
[2025-09-16T15:11:36.569+0000] {processor.py:840} INFO - DAG(s) 'example_bash_decorator' retrieved from /home/airflow/.local/lib/python3.12/site-packages/airflow/example_dags/example_bash_decorator.py
[2025-09-16T15:11:36.602+0000] {logging_mixin.py:188} INFO - [2025-09-16T15:11:36.602+0000] {dag.py:3096} INFO - Sync 1 DAGs
[2025-09-16T15:11:36.620+0000] {logging_mixin.py:188} INFO - [2025-09-16T15:11:36.619+0000] {dag.py:3954} INFO - Setting next_dagrun for example_bash_decorator to None, run_after=None
[2025-09-16T15:11:36.652+0000] {processor.py:183} INFO - Processing /home/airflow/.local/lib/python3.12/site-packages/airflow/example_dags/example_bash_decorator.py took 0.114 seconds
[2025-09-16T15:12:06.950+0000] {processor.py:161} INFO - Started process (PID=1302) to work on /home/airflow/.local/lib/python3.12/site-packages/airflow/example_dags/example_bash_decorator.py
[2025-09-16T15:12:06.952+0000] {processor.py:830} INFO - Processing file /home/airflow/.local/lib/python3.12/site-packages/airflow/example_dags/example_bash_decorator.py for tasks to queue
[2025-09-16T15:12:06.954+0000] {logging_mixin.py:188} INFO - [2025-09-16T15:12:06.954+0000] {dagbag.py:545} INFO - Filling up the DagBag from /home/airflow/.local/lib/python3.12/site-packages/airflow/example_dags/example_bash_decorator.py
[2025-09-16T15:12:06.971+0000] {processor.py:840} INFO - DAG(s) 'example_bash_decorator' retrieved from /home/airflow/.local/lib/python3.12/site-packages/airflow/example_dags/example_bash_decorator.py
[2025-09-16T15:12:07.002+0000] {logging_mixin.py:188} INFO - [2025-09-16T15:12:07.002+0000] {dag.py:3096} INFO - Sync 1 DAGs
[2025-09-16T15:12:07.020+0000] {logging_mixin.py:188} INFO - [2025-09-16T15:12:07.020+0000] {dag.py:3954} INFO - Setting next_dagrun for example_bash_decorator to None, run_after=None
[2025-09-16T15:12:07.057+0000] {processor.py:183} INFO - Processing /home/airflow/.local/lib/python3.12/site-packages/airflow/example_dags/example_bash_decorator.py took 0.116 seconds
[2025-09-16T15:12:37.266+0000] {processor.py:161} INFO - Started process (PID=1362) to work on /home/airflow/.local/lib/python3.12/site-packages/airflow/example_dags/example_bash_decorator.py
[2025-09-16T15:12:37.268+0000] {processor.py:830} INFO - Processing file /home/airflow/.local/lib/python3.12/site-packages/airflow/example_dags/example_bash_decorator.py for tasks to queue
[2025-09-16T15:12:37.271+0000] {logging_mixin.py:188} INFO - [2025-09-16T15:12:37.270+0000] {dagbag.py:545} INFO - Filling up the DagBag from /home/airflow/.local/lib/python3.12/site-packages/airflow/example_dags/example_bash_decorator.py
[2025-09-16T15:12:37.294+0000] {processor.py:840} INFO - DAG(s) 'example_bash_decorator' retrieved from /home/airflow/.local/lib/python3.12/site-packages/airflow/example_dags/example_bash_decorator.py
[2025-09-16T15:12:37.328+0000] {logging_mixin.py:188} INFO - [2025-09-16T15:12:37.327+0000] {dag.py:3096} INFO - Sync 1 DAGs
[2025-09-16T15:12:37.345+0000] {logging_mixin.py:188} INFO - [2025-09-16T15:12:37.345+0000] {dag.py:3954} INFO - Setting next_dagrun for example_bash_decorator to None, run_after=None
[2025-09-16T15:12:37.371+0000] {processor.py:183} INFO - Processing /home/airflow/.local/lib/python3.12/site-packages/airflow/example_dags/example_bash_decorator.py took 0.114 seconds
[2025-09-16T15:13:07.965+0000] {processor.py:161} INFO - Started process (PID=1422) to work on /home/airflow/.local/lib/python3.12/site-packages/airflow/example_dags/example_bash_decorator.py
[2025-09-16T15:13:07.967+0000] {processor.py:830} INFO - Processing file /home/airflow/.local/lib/python3.12/site-packages/airflow/example_dags/example_bash_decorator.py for tasks to queue
[2025-09-16T15:13:07.970+0000] {logging_mixin.py:188} INFO - [2025-09-16T15:13:07.969+0000] {dagbag.py:545} INFO - Filling up the DagBag from /home/airflow/.local/lib/python3.12/site-packages/airflow/example_dags/example_bash_decorator.py
[2025-09-16T15:13:07.985+0000] {processor.py:840} INFO - DAG(s) 'example_bash_decorator' retrieved from /home/airflow/.local/lib/python3.12/site-packages/airflow/example_dags/example_bash_decorator.py
[2025-09-16T15:13:08.013+0000] {logging_mixin.py:188} INFO - [2025-09-16T15:13:08.012+0000] {dag.py:3096} INFO - Sync 1 DAGs
[2025-09-16T15:13:08.029+0000] {logging_mixin.py:188} INFO - [2025-09-16T15:13:08.029+0000] {dag.py:3954} INFO - Setting next_dagrun for example_bash_decorator to None, run_after=None
[2025-09-16T15:13:08.053+0000] {processor.py:183} INFO - Processing /home/airflow/.local/lib/python3.12/site-packages/airflow/example_dags/example_bash_decorator.py took 0.095 seconds
[2025-09-16T15:13:39.070+0000] {processor.py:161} INFO - Started process (PID=1482) to work on /home/airflow/.local/lib/python3.12/site-packages/airflow/example_dags/example_bash_decorator.py
[2025-09-16T15:13:39.071+0000] {processor.py:830} INFO - Processing file /home/airflow/.local/lib/python3.12/site-packages/airflow/example_dags/example_bash_decorator.py for tasks to queue
[2025-09-16T15:13:39.074+0000] {logging_mixin.py:188} INFO - [2025-09-16T15:13:39.073+0000] {dagbag.py:545} INFO - Filling up the DagBag from /home/airflow/.local/lib/python3.12/site-packages/airflow/example_dags/example_bash_decorator.py
[2025-09-16T15:13:39.090+0000] {processor.py:840} INFO - DAG(s) 'example_bash_decorator' retrieved from /home/airflow/.local/lib/python3.12/site-packages/airflow/example_dags/example_bash_decorator.py
[2025-09-16T15:13:39.120+0000] {logging_mixin.py:188} INFO - [2025-09-16T15:13:39.120+0000] {dag.py:3096} INFO - Sync 1 DAGs
[2025-09-16T15:13:39.136+0000] {logging_mixin.py:188} INFO - [2025-09-16T15:13:39.136+0000] {dag.py:3954} INFO - Setting next_dagrun for example_bash_decorator to None, run_after=None
[2025-09-16T15:13:39.181+0000] {processor.py:183} INFO - Processing /home/airflow/.local/lib/python3.12/site-packages/airflow/example_dags/example_bash_decorator.py took 0.119 seconds
