[2025-09-16T14:07:57.325+0000] {processor.py:161} INFO - Started process (PID=154) to work on /home/airflow/.local/lib/python3.12/site-packages/airflow/example_dags/example_xcom.py
[2025-09-16T14:07:57.328+0000] {processor.py:830} INFO - Processing file /home/airflow/.local/lib/python3.12/site-packages/airflow/example_dags/example_xcom.py for tasks to queue
[2025-09-16T14:07:57.337+0000] {logging_mixin.py:188} INFO - [2025-09-16T14:07:57.336+0000] {dagbag.py:545} INFO - Filling up the DagBag from /home/airflow/.local/lib/python3.12/site-packages/airflow/example_dags/example_xcom.py
[2025-09-16T14:07:57.418+0000] {processor.py:840} INFO - DAG(s) 'example_xcom' retrieved from /home/airflow/.local/lib/python3.12/site-packages/airflow/example_dags/example_xcom.py
[2025-09-16T14:07:57.475+0000] {logging_mixin.py:188} INFO - [2025-09-16T14:07:57.474+0000] {dag.py:3096} INFO - Sync 1 DAGs
[2025-09-16T14:07:57.592+0000] {logging_mixin.py:188} INFO - [2025-09-16T14:07:57.591+0000] {dag.py:3954} INFO - Setting next_dagrun for example_xcom to 2021-01-01 00:00:00+00:00, run_after=2021-01-01 00:00:00+00:00
[2025-09-16T14:07:57.675+0000] {processor.py:183} INFO - Processing /home/airflow/.local/lib/python3.12/site-packages/airflow/example_dags/example_xcom.py took 0.405 seconds
[2025-09-16T14:08:28.116+0000] {processor.py:161} INFO - Started process (PID=214) to work on /home/airflow/.local/lib/python3.12/site-packages/airflow/example_dags/example_xcom.py
[2025-09-16T14:08:28.118+0000] {processor.py:830} INFO - Processing file /home/airflow/.local/lib/python3.12/site-packages/airflow/example_dags/example_xcom.py for tasks to queue
[2025-09-16T14:08:28.121+0000] {logging_mixin.py:188} INFO - [2025-09-16T14:08:28.121+0000] {dagbag.py:545} INFO - Filling up the DagBag from /home/airflow/.local/lib/python3.12/site-packages/airflow/example_dags/example_xcom.py
[2025-09-16T14:08:28.131+0000] {processor.py:840} INFO - DAG(s) 'example_xcom' retrieved from /home/airflow/.local/lib/python3.12/site-packages/airflow/example_dags/example_xcom.py
[2025-09-16T14:08:28.351+0000] {logging_mixin.py:188} INFO - [2025-09-16T14:08:28.351+0000] {dag.py:3096} INFO - Sync 1 DAGs
[2025-09-16T14:08:28.385+0000] {logging_mixin.py:188} INFO - [2025-09-16T14:08:28.384+0000] {dag.py:3954} INFO - Setting next_dagrun for example_xcom to 2021-01-01 00:00:00+00:00, run_after=2021-01-01 00:00:00+00:00
[2025-09-16T14:08:28.436+0000] {processor.py:183} INFO - Processing /home/airflow/.local/lib/python3.12/site-packages/airflow/example_dags/example_xcom.py took 0.328 seconds
[2025-09-16T14:08:58.885+0000] {processor.py:161} INFO - Started process (PID=274) to work on /home/airflow/.local/lib/python3.12/site-packages/airflow/example_dags/example_xcom.py
[2025-09-16T14:08:58.886+0000] {processor.py:830} INFO - Processing file /home/airflow/.local/lib/python3.12/site-packages/airflow/example_dags/example_xcom.py for tasks to queue
[2025-09-16T14:08:58.889+0000] {logging_mixin.py:188} INFO - [2025-09-16T14:08:58.889+0000] {dagbag.py:545} INFO - Filling up the DagBag from /home/airflow/.local/lib/python3.12/site-packages/airflow/example_dags/example_xcom.py
[2025-09-16T14:08:58.900+0000] {processor.py:840} INFO - DAG(s) 'example_xcom' retrieved from /home/airflow/.local/lib/python3.12/site-packages/airflow/example_dags/example_xcom.py
[2025-09-16T14:08:58.924+0000] {logging_mixin.py:188} INFO - [2025-09-16T14:08:58.924+0000] {dag.py:3096} INFO - Sync 1 DAGs
[2025-09-16T14:08:58.950+0000] {logging_mixin.py:188} INFO - [2025-09-16T14:08:58.950+0000] {dag.py:3954} INFO - Setting next_dagrun for example_xcom to 2021-01-01 00:00:00+00:00, run_after=2021-01-01 00:00:00+00:00
[2025-09-16T14:08:59.015+0000] {processor.py:183} INFO - Processing /home/airflow/.local/lib/python3.12/site-packages/airflow/example_dags/example_xcom.py took 0.137 seconds
[2025-09-16T14:09:30.000+0000] {processor.py:161} INFO - Started process (PID=334) to work on /home/airflow/.local/lib/python3.12/site-packages/airflow/example_dags/example_xcom.py
[2025-09-16T14:09:30.001+0000] {processor.py:830} INFO - Processing file /home/airflow/.local/lib/python3.12/site-packages/airflow/example_dags/example_xcom.py for tasks to queue
[2025-09-16T14:09:30.003+0000] {logging_mixin.py:188} INFO - [2025-09-16T14:09:30.003+0000] {dagbag.py:545} INFO - Filling up the DagBag from /home/airflow/.local/lib/python3.12/site-packages/airflow/example_dags/example_xcom.py
[2025-09-16T14:09:30.012+0000] {processor.py:840} INFO - DAG(s) 'example_xcom' retrieved from /home/airflow/.local/lib/python3.12/site-packages/airflow/example_dags/example_xcom.py
[2025-09-16T14:09:30.041+0000] {logging_mixin.py:188} INFO - [2025-09-16T14:09:30.041+0000] {dag.py:3096} INFO - Sync 1 DAGs
[2025-09-16T14:09:30.074+0000] {logging_mixin.py:188} INFO - [2025-09-16T14:09:30.074+0000] {dag.py:3954} INFO - Setting next_dagrun for example_xcom to 2021-01-01 00:00:00+00:00, run_after=2021-01-01 00:00:00+00:00
[2025-09-16T14:09:30.143+0000] {processor.py:183} INFO - Processing /home/airflow/.local/lib/python3.12/site-packages/airflow/example_dags/example_xcom.py took 0.149 seconds
[2025-09-16T14:10:00.890+0000] {processor.py:161} INFO - Started process (PID=394) to work on /home/airflow/.local/lib/python3.12/site-packages/airflow/example_dags/example_xcom.py
[2025-09-16T14:10:00.892+0000] {processor.py:830} INFO - Processing file /home/airflow/.local/lib/python3.12/site-packages/airflow/example_dags/example_xcom.py for tasks to queue
[2025-09-16T14:10:00.895+0000] {logging_mixin.py:188} INFO - [2025-09-16T14:10:00.895+0000] {dagbag.py:545} INFO - Filling up the DagBag from /home/airflow/.local/lib/python3.12/site-packages/airflow/example_dags/example_xcom.py
[2025-09-16T14:10:00.907+0000] {processor.py:840} INFO - DAG(s) 'example_xcom' retrieved from /home/airflow/.local/lib/python3.12/site-packages/airflow/example_dags/example_xcom.py
[2025-09-16T14:10:00.938+0000] {logging_mixin.py:188} INFO - [2025-09-16T14:10:00.938+0000] {dag.py:3096} INFO - Sync 1 DAGs
[2025-09-16T14:10:00.973+0000] {logging_mixin.py:188} INFO - [2025-09-16T14:10:00.972+0000] {dag.py:3954} INFO - Setting next_dagrun for example_xcom to 2021-01-01 00:00:00+00:00, run_after=2021-01-01 00:00:00+00:00
[2025-09-16T14:10:01.013+0000] {processor.py:183} INFO - Processing /home/airflow/.local/lib/python3.12/site-packages/airflow/example_dags/example_xcom.py took 0.133 seconds
[2025-09-16T14:10:31.472+0000] {processor.py:161} INFO - Started process (PID=454) to work on /home/airflow/.local/lib/python3.12/site-packages/airflow/example_dags/example_xcom.py
[2025-09-16T14:10:31.474+0000] {processor.py:830} INFO - Processing file /home/airflow/.local/lib/python3.12/site-packages/airflow/example_dags/example_xcom.py for tasks to queue
[2025-09-16T14:10:31.476+0000] {logging_mixin.py:188} INFO - [2025-09-16T14:10:31.476+0000] {dagbag.py:545} INFO - Filling up the DagBag from /home/airflow/.local/lib/python3.12/site-packages/airflow/example_dags/example_xcom.py
[2025-09-16T14:10:31.485+0000] {processor.py:840} INFO - DAG(s) 'example_xcom' retrieved from /home/airflow/.local/lib/python3.12/site-packages/airflow/example_dags/example_xcom.py
[2025-09-16T14:10:31.509+0000] {logging_mixin.py:188} INFO - [2025-09-16T14:10:31.509+0000] {dag.py:3096} INFO - Sync 1 DAGs
[2025-09-16T14:10:31.536+0000] {logging_mixin.py:188} INFO - [2025-09-16T14:10:31.536+0000] {dag.py:3954} INFO - Setting next_dagrun for example_xcom to 2021-01-01 00:00:00+00:00, run_after=2021-01-01 00:00:00+00:00
[2025-09-16T14:10:31.561+0000] {processor.py:183} INFO - Processing /home/airflow/.local/lib/python3.12/site-packages/airflow/example_dags/example_xcom.py took 0.095 seconds
[2025-09-16T14:11:02.257+0000] {processor.py:161} INFO - Started process (PID=514) to work on /home/airflow/.local/lib/python3.12/site-packages/airflow/example_dags/example_xcom.py
[2025-09-16T14:11:02.258+0000] {processor.py:830} INFO - Processing file /home/airflow/.local/lib/python3.12/site-packages/airflow/example_dags/example_xcom.py for tasks to queue
[2025-09-16T14:11:02.261+0000] {logging_mixin.py:188} INFO - [2025-09-16T14:11:02.261+0000] {dagbag.py:545} INFO - Filling up the DagBag from /home/airflow/.local/lib/python3.12/site-packages/airflow/example_dags/example_xcom.py
[2025-09-16T14:11:02.271+0000] {processor.py:840} INFO - DAG(s) 'example_xcom' retrieved from /home/airflow/.local/lib/python3.12/site-packages/airflow/example_dags/example_xcom.py
[2025-09-16T14:11:02.304+0000] {logging_mixin.py:188} INFO - [2025-09-16T14:11:02.304+0000] {dag.py:3096} INFO - Sync 1 DAGs
[2025-09-16T14:11:02.346+0000] {logging_mixin.py:188} INFO - [2025-09-16T14:11:02.346+0000] {dag.py:3954} INFO - Setting next_dagrun for example_xcom to 2021-01-01 00:00:00+00:00, run_after=2021-01-01 00:00:00+00:00
[2025-09-16T14:11:02.388+0000] {processor.py:183} INFO - Processing /home/airflow/.local/lib/python3.12/site-packages/airflow/example_dags/example_xcom.py took 0.140 seconds
[2025-09-16T14:11:32.896+0000] {processor.py:161} INFO - Started process (PID=574) to work on /home/airflow/.local/lib/python3.12/site-packages/airflow/example_dags/example_xcom.py
[2025-09-16T14:11:32.897+0000] {processor.py:830} INFO - Processing file /home/airflow/.local/lib/python3.12/site-packages/airflow/example_dags/example_xcom.py for tasks to queue
[2025-09-16T14:11:32.900+0000] {logging_mixin.py:188} INFO - [2025-09-16T14:11:32.899+0000] {dagbag.py:545} INFO - Filling up the DagBag from /home/airflow/.local/lib/python3.12/site-packages/airflow/example_dags/example_xcom.py
[2025-09-16T14:11:32.909+0000] {processor.py:840} INFO - DAG(s) 'example_xcom' retrieved from /home/airflow/.local/lib/python3.12/site-packages/airflow/example_dags/example_xcom.py
[2025-09-16T14:11:32.937+0000] {logging_mixin.py:188} INFO - [2025-09-16T14:11:32.936+0000] {dag.py:3096} INFO - Sync 1 DAGs
[2025-09-16T14:11:32.965+0000] {logging_mixin.py:188} INFO - [2025-09-16T14:11:32.964+0000] {dag.py:3954} INFO - Setting next_dagrun for example_xcom to 2021-01-01 00:00:00+00:00, run_after=2021-01-01 00:00:00+00:00
[2025-09-16T14:11:32.992+0000] {processor.py:183} INFO - Processing /home/airflow/.local/lib/python3.12/site-packages/airflow/example_dags/example_xcom.py took 0.103 seconds
[2025-09-16T14:12:03.676+0000] {processor.py:161} INFO - Started process (PID=634) to work on /home/airflow/.local/lib/python3.12/site-packages/airflow/example_dags/example_xcom.py
[2025-09-16T14:12:03.678+0000] {processor.py:830} INFO - Processing file /home/airflow/.local/lib/python3.12/site-packages/airflow/example_dags/example_xcom.py for tasks to queue
[2025-09-16T14:12:03.681+0000] {logging_mixin.py:188} INFO - [2025-09-16T14:12:03.681+0000] {dagbag.py:545} INFO - Filling up the DagBag from /home/airflow/.local/lib/python3.12/site-packages/airflow/example_dags/example_xcom.py
[2025-09-16T14:12:03.695+0000] {processor.py:840} INFO - DAG(s) 'example_xcom' retrieved from /home/airflow/.local/lib/python3.12/site-packages/airflow/example_dags/example_xcom.py
[2025-09-16T14:12:03.729+0000] {logging_mixin.py:188} INFO - [2025-09-16T14:12:03.728+0000] {dag.py:3096} INFO - Sync 1 DAGs
[2025-09-16T14:12:03.764+0000] {logging_mixin.py:188} INFO - [2025-09-16T14:12:03.763+0000] {dag.py:3954} INFO - Setting next_dagrun for example_xcom to 2021-01-01 00:00:00+00:00, run_after=2021-01-01 00:00:00+00:00
[2025-09-16T14:12:03.800+0000] {processor.py:183} INFO - Processing /home/airflow/.local/lib/python3.12/site-packages/airflow/example_dags/example_xcom.py took 0.134 seconds
[2025-09-16T14:12:34.175+0000] {processor.py:161} INFO - Started process (PID=694) to work on /home/airflow/.local/lib/python3.12/site-packages/airflow/example_dags/example_xcom.py
[2025-09-16T14:12:34.177+0000] {processor.py:830} INFO - Processing file /home/airflow/.local/lib/python3.12/site-packages/airflow/example_dags/example_xcom.py for tasks to queue
[2025-09-16T14:12:34.179+0000] {logging_mixin.py:188} INFO - [2025-09-16T14:12:34.179+0000] {dagbag.py:545} INFO - Filling up the DagBag from /home/airflow/.local/lib/python3.12/site-packages/airflow/example_dags/example_xcom.py
[2025-09-16T14:12:34.189+0000] {processor.py:840} INFO - DAG(s) 'example_xcom' retrieved from /home/airflow/.local/lib/python3.12/site-packages/airflow/example_dags/example_xcom.py
[2025-09-16T14:12:34.216+0000] {logging_mixin.py:188} INFO - [2025-09-16T14:12:34.215+0000] {dag.py:3096} INFO - Sync 1 DAGs
[2025-09-16T14:12:34.247+0000] {logging_mixin.py:188} INFO - [2025-09-16T14:12:34.247+0000] {dag.py:3954} INFO - Setting next_dagrun for example_xcom to 2021-01-01 00:00:00+00:00, run_after=2021-01-01 00:00:00+00:00
[2025-09-16T14:12:34.278+0000] {processor.py:183} INFO - Processing /home/airflow/.local/lib/python3.12/site-packages/airflow/example_dags/example_xcom.py took 0.110 seconds
[2025-09-16T14:13:04.587+0000] {processor.py:161} INFO - Started process (PID=753) to work on /home/airflow/.local/lib/python3.12/site-packages/airflow/example_dags/example_xcom.py
[2025-09-16T14:13:04.589+0000] {processor.py:830} INFO - Processing file /home/airflow/.local/lib/python3.12/site-packages/airflow/example_dags/example_xcom.py for tasks to queue
[2025-09-16T14:13:04.591+0000] {logging_mixin.py:188} INFO - [2025-09-16T14:13:04.591+0000] {dagbag.py:545} INFO - Filling up the DagBag from /home/airflow/.local/lib/python3.12/site-packages/airflow/example_dags/example_xcom.py
[2025-09-16T14:13:04.602+0000] {processor.py:840} INFO - DAG(s) 'example_xcom' retrieved from /home/airflow/.local/lib/python3.12/site-packages/airflow/example_dags/example_xcom.py
[2025-09-16T14:13:04.632+0000] {logging_mixin.py:188} INFO - [2025-09-16T14:13:04.631+0000] {dag.py:3096} INFO - Sync 1 DAGs
[2025-09-16T14:13:04.661+0000] {logging_mixin.py:188} INFO - [2025-09-16T14:13:04.661+0000] {dag.py:3954} INFO - Setting next_dagrun for example_xcom to 2021-01-01 00:00:00+00:00, run_after=2021-01-01 00:00:00+00:00
[2025-09-16T14:13:04.691+0000] {processor.py:183} INFO - Processing /home/airflow/.local/lib/python3.12/site-packages/airflow/example_dags/example_xcom.py took 0.112 seconds
[2025-09-16T14:13:35.127+0000] {processor.py:161} INFO - Started process (PID=812) to work on /home/airflow/.local/lib/python3.12/site-packages/airflow/example_dags/example_xcom.py
[2025-09-16T14:13:35.130+0000] {processor.py:830} INFO - Processing file /home/airflow/.local/lib/python3.12/site-packages/airflow/example_dags/example_xcom.py for tasks to queue
[2025-09-16T14:13:35.134+0000] {logging_mixin.py:188} INFO - [2025-09-16T14:13:35.134+0000] {dagbag.py:545} INFO - Filling up the DagBag from /home/airflow/.local/lib/python3.12/site-packages/airflow/example_dags/example_xcom.py
[2025-09-16T14:13:35.154+0000] {processor.py:840} INFO - DAG(s) 'example_xcom' retrieved from /home/airflow/.local/lib/python3.12/site-packages/airflow/example_dags/example_xcom.py
[2025-09-16T14:13:35.193+0000] {logging_mixin.py:188} INFO - [2025-09-16T14:13:35.192+0000] {dag.py:3096} INFO - Sync 1 DAGs
[2025-09-16T14:13:35.233+0000] {logging_mixin.py:188} INFO - [2025-09-16T14:13:35.232+0000] {dag.py:3954} INFO - Setting next_dagrun for example_xcom to 2021-01-01 00:00:00+00:00, run_after=2021-01-01 00:00:00+00:00
[2025-09-16T14:13:35.277+0000] {processor.py:183} INFO - Processing /home/airflow/.local/lib/python3.12/site-packages/airflow/example_dags/example_xcom.py took 0.159 seconds
[2025-09-16T14:14:05.491+0000] {processor.py:161} INFO - Started process (PID=878) to work on /home/airflow/.local/lib/python3.12/site-packages/airflow/example_dags/example_xcom.py
[2025-09-16T14:14:05.492+0000] {processor.py:830} INFO - Processing file /home/airflow/.local/lib/python3.12/site-packages/airflow/example_dags/example_xcom.py for tasks to queue
[2025-09-16T14:14:05.496+0000] {logging_mixin.py:188} INFO - [2025-09-16T14:14:05.496+0000] {dagbag.py:545} INFO - Filling up the DagBag from /home/airflow/.local/lib/python3.12/site-packages/airflow/example_dags/example_xcom.py
[2025-09-16T14:14:05.506+0000] {processor.py:840} INFO - DAG(s) 'example_xcom' retrieved from /home/airflow/.local/lib/python3.12/site-packages/airflow/example_dags/example_xcom.py
[2025-09-16T14:14:05.533+0000] {logging_mixin.py:188} INFO - [2025-09-16T14:14:05.532+0000] {dag.py:3096} INFO - Sync 1 DAGs
[2025-09-16T14:14:05.562+0000] {logging_mixin.py:188} INFO - [2025-09-16T14:14:05.561+0000] {dag.py:3954} INFO - Setting next_dagrun for example_xcom to 2021-01-01 00:00:00+00:00, run_after=2021-01-01 00:00:00+00:00
[2025-09-16T14:14:05.588+0000] {processor.py:183} INFO - Processing /home/airflow/.local/lib/python3.12/site-packages/airflow/example_dags/example_xcom.py took 0.104 seconds
[2025-09-16T14:14:36.212+0000] {processor.py:161} INFO - Started process (PID=942) to work on /home/airflow/.local/lib/python3.12/site-packages/airflow/example_dags/example_xcom.py
[2025-09-16T14:14:36.214+0000] {processor.py:830} INFO - Processing file /home/airflow/.local/lib/python3.12/site-packages/airflow/example_dags/example_xcom.py for tasks to queue
[2025-09-16T14:14:36.217+0000] {logging_mixin.py:188} INFO - [2025-09-16T14:14:36.216+0000] {dagbag.py:545} INFO - Filling up the DagBag from /home/airflow/.local/lib/python3.12/site-packages/airflow/example_dags/example_xcom.py
[2025-09-16T14:14:36.229+0000] {processor.py:840} INFO - DAG(s) 'example_xcom' retrieved from /home/airflow/.local/lib/python3.12/site-packages/airflow/example_dags/example_xcom.py
[2025-09-16T14:14:36.266+0000] {logging_mixin.py:188} INFO - [2025-09-16T14:14:36.266+0000] {dag.py:3096} INFO - Sync 1 DAGs
[2025-09-16T14:14:36.306+0000] {logging_mixin.py:188} INFO - [2025-09-16T14:14:36.305+0000] {dag.py:3954} INFO - Setting next_dagrun for example_xcom to 2021-01-01 00:00:00+00:00, run_after=2021-01-01 00:00:00+00:00
[2025-09-16T14:14:36.339+0000] {processor.py:183} INFO - Processing /home/airflow/.local/lib/python3.12/site-packages/airflow/example_dags/example_xcom.py took 0.136 seconds
[2025-09-16T14:16:46.462+0000] {processor.py:161} INFO - Started process (PID=107) to work on /home/airflow/.local/lib/python3.12/site-packages/airflow/example_dags/example_xcom.py
[2025-09-16T14:16:46.464+0000] {processor.py:830} INFO - Processing file /home/airflow/.local/lib/python3.12/site-packages/airflow/example_dags/example_xcom.py for tasks to queue
[2025-09-16T14:16:46.468+0000] {logging_mixin.py:188} INFO - [2025-09-16T14:16:46.467+0000] {dagbag.py:545} INFO - Filling up the DagBag from /home/airflow/.local/lib/python3.12/site-packages/airflow/example_dags/example_xcom.py
[2025-09-16T14:16:46.480+0000] {processor.py:840} INFO - DAG(s) 'example_xcom' retrieved from /home/airflow/.local/lib/python3.12/site-packages/airflow/example_dags/example_xcom.py
[2025-09-16T14:16:46.644+0000] {logging_mixin.py:188} INFO - [2025-09-16T14:16:46.643+0000] {dag.py:3096} INFO - Sync 1 DAGs
[2025-09-16T14:16:46.672+0000] {logging_mixin.py:188} INFO - [2025-09-16T14:16:46.671+0000] {dag.py:3954} INFO - Setting next_dagrun for example_xcom to 2021-01-01 00:00:00+00:00, run_after=2021-01-01 00:00:00+00:00
[2025-09-16T14:16:46.731+0000] {processor.py:183} INFO - Processing /home/airflow/.local/lib/python3.12/site-packages/airflow/example_dags/example_xcom.py took 0.278 seconds
[2025-09-16T14:17:16.897+0000] {processor.py:161} INFO - Started process (PID=168) to work on /home/airflow/.local/lib/python3.12/site-packages/airflow/example_dags/example_xcom.py
[2025-09-16T14:17:16.899+0000] {processor.py:830} INFO - Processing file /home/airflow/.local/lib/python3.12/site-packages/airflow/example_dags/example_xcom.py for tasks to queue
[2025-09-16T14:17:16.902+0000] {logging_mixin.py:188} INFO - [2025-09-16T14:17:16.901+0000] {dagbag.py:545} INFO - Filling up the DagBag from /home/airflow/.local/lib/python3.12/site-packages/airflow/example_dags/example_xcom.py
[2025-09-16T14:17:16.910+0000] {processor.py:840} INFO - DAG(s) 'example_xcom' retrieved from /home/airflow/.local/lib/python3.12/site-packages/airflow/example_dags/example_xcom.py
[2025-09-16T14:17:16.938+0000] {logging_mixin.py:188} INFO - [2025-09-16T14:17:16.937+0000] {dag.py:3096} INFO - Sync 1 DAGs
[2025-09-16T14:17:16.970+0000] {logging_mixin.py:188} INFO - [2025-09-16T14:17:16.970+0000] {dag.py:3954} INFO - Setting next_dagrun for example_xcom to 2021-01-01 00:00:00+00:00, run_after=2021-01-01 00:00:00+00:00
[2025-09-16T14:17:17.005+0000] {processor.py:183} INFO - Processing /home/airflow/.local/lib/python3.12/site-packages/airflow/example_dags/example_xcom.py took 0.115 seconds
[2025-09-16T14:17:48.362+0000] {processor.py:161} INFO - Started process (PID=228) to work on /home/airflow/.local/lib/python3.12/site-packages/airflow/example_dags/example_xcom.py
[2025-09-16T14:17:48.364+0000] {processor.py:830} INFO - Processing file /home/airflow/.local/lib/python3.12/site-packages/airflow/example_dags/example_xcom.py for tasks to queue
[2025-09-16T14:17:48.367+0000] {logging_mixin.py:188} INFO - [2025-09-16T14:17:48.366+0000] {dagbag.py:545} INFO - Filling up the DagBag from /home/airflow/.local/lib/python3.12/site-packages/airflow/example_dags/example_xcom.py
[2025-09-16T14:17:48.378+0000] {processor.py:840} INFO - DAG(s) 'example_xcom' retrieved from /home/airflow/.local/lib/python3.12/site-packages/airflow/example_dags/example_xcom.py
[2025-09-16T14:17:48.412+0000] {logging_mixin.py:188} INFO - [2025-09-16T14:17:48.412+0000] {dag.py:3096} INFO - Sync 1 DAGs
[2025-09-16T14:17:48.456+0000] {logging_mixin.py:188} INFO - [2025-09-16T14:17:48.455+0000] {dag.py:3954} INFO - Setting next_dagrun for example_xcom to 2021-01-01 00:00:00+00:00, run_after=2021-01-01 00:00:00+00:00
[2025-09-16T14:17:48.500+0000] {processor.py:183} INFO - Processing /home/airflow/.local/lib/python3.12/site-packages/airflow/example_dags/example_xcom.py took 0.145 seconds
[2025-09-16T14:18:19.246+0000] {processor.py:161} INFO - Started process (PID=288) to work on /home/airflow/.local/lib/python3.12/site-packages/airflow/example_dags/example_xcom.py
[2025-09-16T14:18:19.247+0000] {processor.py:830} INFO - Processing file /home/airflow/.local/lib/python3.12/site-packages/airflow/example_dags/example_xcom.py for tasks to queue
[2025-09-16T14:18:19.251+0000] {logging_mixin.py:188} INFO - [2025-09-16T14:18:19.250+0000] {dagbag.py:545} INFO - Filling up the DagBag from /home/airflow/.local/lib/python3.12/site-packages/airflow/example_dags/example_xcom.py
[2025-09-16T14:18:19.264+0000] {processor.py:840} INFO - DAG(s) 'example_xcom' retrieved from /home/airflow/.local/lib/python3.12/site-packages/airflow/example_dags/example_xcom.py
[2025-09-16T14:18:19.301+0000] {logging_mixin.py:188} INFO - [2025-09-16T14:18:19.300+0000] {dag.py:3096} INFO - Sync 1 DAGs
[2025-09-16T14:18:19.337+0000] {logging_mixin.py:188} INFO - [2025-09-16T14:18:19.337+0000] {dag.py:3954} INFO - Setting next_dagrun for example_xcom to 2021-01-01 00:00:00+00:00, run_after=2021-01-01 00:00:00+00:00
[2025-09-16T14:18:19.374+0000] {processor.py:183} INFO - Processing /home/airflow/.local/lib/python3.12/site-packages/airflow/example_dags/example_xcom.py took 0.138 seconds
[2025-09-16T14:18:49.557+0000] {processor.py:161} INFO - Started process (PID=348) to work on /home/airflow/.local/lib/python3.12/site-packages/airflow/example_dags/example_xcom.py
[2025-09-16T14:18:49.559+0000] {processor.py:830} INFO - Processing file /home/airflow/.local/lib/python3.12/site-packages/airflow/example_dags/example_xcom.py for tasks to queue
[2025-09-16T14:18:49.561+0000] {logging_mixin.py:188} INFO - [2025-09-16T14:18:49.561+0000] {dagbag.py:545} INFO - Filling up the DagBag from /home/airflow/.local/lib/python3.12/site-packages/airflow/example_dags/example_xcom.py
[2025-09-16T14:18:49.571+0000] {processor.py:840} INFO - DAG(s) 'example_xcom' retrieved from /home/airflow/.local/lib/python3.12/site-packages/airflow/example_dags/example_xcom.py
[2025-09-16T14:18:49.596+0000] {logging_mixin.py:188} INFO - [2025-09-16T14:18:49.596+0000] {dag.py:3096} INFO - Sync 1 DAGs
[2025-09-16T14:18:49.625+0000] {logging_mixin.py:188} INFO - [2025-09-16T14:18:49.624+0000] {dag.py:3954} INFO - Setting next_dagrun for example_xcom to 2021-01-01 00:00:00+00:00, run_after=2021-01-01 00:00:00+00:00
[2025-09-16T14:18:49.703+0000] {processor.py:183} INFO - Processing /home/airflow/.local/lib/python3.12/site-packages/airflow/example_dags/example_xcom.py took 0.153 seconds
[2025-09-16T14:19:20.389+0000] {processor.py:161} INFO - Started process (PID=407) to work on /home/airflow/.local/lib/python3.12/site-packages/airflow/example_dags/example_xcom.py
[2025-09-16T14:19:20.391+0000] {processor.py:830} INFO - Processing file /home/airflow/.local/lib/python3.12/site-packages/airflow/example_dags/example_xcom.py for tasks to queue
[2025-09-16T14:19:20.395+0000] {logging_mixin.py:188} INFO - [2025-09-16T14:19:20.394+0000] {dagbag.py:545} INFO - Filling up the DagBag from /home/airflow/.local/lib/python3.12/site-packages/airflow/example_dags/example_xcom.py
[2025-09-16T14:19:20.409+0000] {processor.py:840} INFO - DAG(s) 'example_xcom' retrieved from /home/airflow/.local/lib/python3.12/site-packages/airflow/example_dags/example_xcom.py
[2025-09-16T14:19:20.472+0000] {logging_mixin.py:188} INFO - [2025-09-16T14:19:20.471+0000] {dag.py:3096} INFO - Sync 1 DAGs
[2025-09-16T14:19:20.556+0000] {logging_mixin.py:188} INFO - [2025-09-16T14:19:20.555+0000] {dag.py:3954} INFO - Setting next_dagrun for example_xcom to 2021-01-01 00:00:00+00:00, run_after=2021-01-01 00:00:00+00:00
[2025-09-16T14:19:20.631+0000] {processor.py:183} INFO - Processing /home/airflow/.local/lib/python3.12/site-packages/airflow/example_dags/example_xcom.py took 0.254 seconds
[2025-09-16T14:19:51.058+0000] {processor.py:161} INFO - Started process (PID=467) to work on /home/airflow/.local/lib/python3.12/site-packages/airflow/example_dags/example_xcom.py
[2025-09-16T14:19:51.060+0000] {processor.py:830} INFO - Processing file /home/airflow/.local/lib/python3.12/site-packages/airflow/example_dags/example_xcom.py for tasks to queue
[2025-09-16T14:19:51.063+0000] {logging_mixin.py:188} INFO - [2025-09-16T14:19:51.063+0000] {dagbag.py:545} INFO - Filling up the DagBag from /home/airflow/.local/lib/python3.12/site-packages/airflow/example_dags/example_xcom.py
[2025-09-16T14:19:51.075+0000] {processor.py:840} INFO - DAG(s) 'example_xcom' retrieved from /home/airflow/.local/lib/python3.12/site-packages/airflow/example_dags/example_xcom.py
[2025-09-16T14:19:51.114+0000] {logging_mixin.py:188} INFO - [2025-09-16T14:19:51.113+0000] {dag.py:3096} INFO - Sync 1 DAGs
[2025-09-16T14:19:51.166+0000] {logging_mixin.py:188} INFO - [2025-09-16T14:19:51.165+0000] {dag.py:3954} INFO - Setting next_dagrun for example_xcom to 2021-01-01 00:00:00+00:00, run_after=2021-01-01 00:00:00+00:00
[2025-09-16T14:19:51.211+0000] {processor.py:183} INFO - Processing /home/airflow/.local/lib/python3.12/site-packages/airflow/example_dags/example_xcom.py took 0.161 seconds
[2025-09-16T14:20:21.513+0000] {processor.py:161} INFO - Started process (PID=527) to work on /home/airflow/.local/lib/python3.12/site-packages/airflow/example_dags/example_xcom.py
[2025-09-16T14:20:21.515+0000] {processor.py:830} INFO - Processing file /home/airflow/.local/lib/python3.12/site-packages/airflow/example_dags/example_xcom.py for tasks to queue
[2025-09-16T14:20:21.517+0000] {logging_mixin.py:188} INFO - [2025-09-16T14:20:21.516+0000] {dagbag.py:545} INFO - Filling up the DagBag from /home/airflow/.local/lib/python3.12/site-packages/airflow/example_dags/example_xcom.py
[2025-09-16T14:20:21.526+0000] {processor.py:840} INFO - DAG(s) 'example_xcom' retrieved from /home/airflow/.local/lib/python3.12/site-packages/airflow/example_dags/example_xcom.py
[2025-09-16T14:20:21.551+0000] {logging_mixin.py:188} INFO - [2025-09-16T14:20:21.550+0000] {dag.py:3096} INFO - Sync 1 DAGs
[2025-09-16T14:20:21.578+0000] {logging_mixin.py:188} INFO - [2025-09-16T14:20:21.577+0000] {dag.py:3954} INFO - Setting next_dagrun for example_xcom to 2021-01-01 00:00:00+00:00, run_after=2021-01-01 00:00:00+00:00
[2025-09-16T14:20:21.629+0000] {processor.py:183} INFO - Processing /home/airflow/.local/lib/python3.12/site-packages/airflow/example_dags/example_xcom.py took 0.123 seconds
[2025-09-16T14:20:53.288+0000] {processor.py:161} INFO - Started process (PID=589) to work on /home/airflow/.local/lib/python3.12/site-packages/airflow/example_dags/example_xcom.py
[2025-09-16T14:20:53.289+0000] {processor.py:830} INFO - Processing file /home/airflow/.local/lib/python3.12/site-packages/airflow/example_dags/example_xcom.py for tasks to queue
[2025-09-16T14:20:53.292+0000] {logging_mixin.py:188} INFO - [2025-09-16T14:20:53.292+0000] {dagbag.py:545} INFO - Filling up the DagBag from /home/airflow/.local/lib/python3.12/site-packages/airflow/example_dags/example_xcom.py
[2025-09-16T14:20:53.305+0000] {processor.py:840} INFO - DAG(s) 'example_xcom' retrieved from /home/airflow/.local/lib/python3.12/site-packages/airflow/example_dags/example_xcom.py
[2025-09-16T14:20:53.344+0000] {logging_mixin.py:188} INFO - [2025-09-16T14:20:53.344+0000] {dag.py:3096} INFO - Sync 1 DAGs
[2025-09-16T14:20:53.389+0000] {logging_mixin.py:188} INFO - [2025-09-16T14:20:53.389+0000] {dag.py:3954} INFO - Setting next_dagrun for example_xcom to 2021-01-01 00:00:00+00:00, run_after=2021-01-01 00:00:00+00:00
[2025-09-16T14:20:53.441+0000] {processor.py:183} INFO - Processing /home/airflow/.local/lib/python3.12/site-packages/airflow/example_dags/example_xcom.py took 0.161 seconds
[2025-09-16T14:54:12.343+0000] {processor.py:161} INFO - Started process (PID=106) to work on /home/airflow/.local/lib/python3.12/site-packages/airflow/example_dags/example_xcom.py
[2025-09-16T14:54:12.345+0000] {processor.py:830} INFO - Processing file /home/airflow/.local/lib/python3.12/site-packages/airflow/example_dags/example_xcom.py for tasks to queue
[2025-09-16T14:54:12.348+0000] {logging_mixin.py:188} INFO - [2025-09-16T14:54:12.347+0000] {dagbag.py:545} INFO - Filling up the DagBag from /home/airflow/.local/lib/python3.12/site-packages/airflow/example_dags/example_xcom.py
[2025-09-16T14:54:12.362+0000] {processor.py:840} INFO - DAG(s) 'example_xcom' retrieved from /home/airflow/.local/lib/python3.12/site-packages/airflow/example_dags/example_xcom.py
[2025-09-16T14:54:12.499+0000] {logging_mixin.py:188} INFO - [2025-09-16T14:54:12.498+0000] {dag.py:3096} INFO - Sync 1 DAGs
[2025-09-16T14:54:12.527+0000] {logging_mixin.py:188} INFO - [2025-09-16T14:54:12.526+0000] {dag.py:3954} INFO - Setting next_dagrun for example_xcom to 2021-01-01 00:00:00+00:00, run_after=2021-01-01 00:00:00+00:00
[2025-09-16T14:54:12.587+0000] {processor.py:183} INFO - Processing /home/airflow/.local/lib/python3.12/site-packages/airflow/example_dags/example_xcom.py took 0.251 seconds
[2025-09-16T14:54:43.798+0000] {processor.py:161} INFO - Started process (PID=166) to work on /home/airflow/.local/lib/python3.12/site-packages/airflow/example_dags/example_xcom.py
[2025-09-16T14:54:43.800+0000] {processor.py:830} INFO - Processing file /home/airflow/.local/lib/python3.12/site-packages/airflow/example_dags/example_xcom.py for tasks to queue
[2025-09-16T14:54:43.805+0000] {logging_mixin.py:188} INFO - [2025-09-16T14:54:43.804+0000] {dagbag.py:545} INFO - Filling up the DagBag from /home/airflow/.local/lib/python3.12/site-packages/airflow/example_dags/example_xcom.py
[2025-09-16T14:54:43.818+0000] {processor.py:840} INFO - DAG(s) 'example_xcom' retrieved from /home/airflow/.local/lib/python3.12/site-packages/airflow/example_dags/example_xcom.py
[2025-09-16T14:54:43.874+0000] {logging_mixin.py:188} INFO - [2025-09-16T14:54:43.874+0000] {dag.py:3096} INFO - Sync 1 DAGs
[2025-09-16T14:54:43.935+0000] {logging_mixin.py:188} INFO - [2025-09-16T14:54:43.934+0000] {dag.py:3954} INFO - Setting next_dagrun for example_xcom to 2021-01-01 00:00:00+00:00, run_after=2021-01-01 00:00:00+00:00
[2025-09-16T14:54:43.978+0000] {processor.py:183} INFO - Processing /home/airflow/.local/lib/python3.12/site-packages/airflow/example_dags/example_xcom.py took 0.190 seconds
[2025-09-16T14:55:14.839+0000] {processor.py:161} INFO - Started process (PID=227) to work on /home/airflow/.local/lib/python3.12/site-packages/airflow/example_dags/example_xcom.py
[2025-09-16T14:55:14.842+0000] {processor.py:830} INFO - Processing file /home/airflow/.local/lib/python3.12/site-packages/airflow/example_dags/example_xcom.py for tasks to queue
[2025-09-16T14:55:14.846+0000] {logging_mixin.py:188} INFO - [2025-09-16T14:55:14.845+0000] {dagbag.py:545} INFO - Filling up the DagBag from /home/airflow/.local/lib/python3.12/site-packages/airflow/example_dags/example_xcom.py
[2025-09-16T14:55:14.858+0000] {processor.py:840} INFO - DAG(s) 'example_xcom' retrieved from /home/airflow/.local/lib/python3.12/site-packages/airflow/example_dags/example_xcom.py
[2025-09-16T14:55:14.891+0000] {logging_mixin.py:188} INFO - [2025-09-16T14:55:14.891+0000] {dag.py:3096} INFO - Sync 1 DAGs
[2025-09-16T14:55:14.923+0000] {logging_mixin.py:188} INFO - [2025-09-16T14:55:14.922+0000] {dag.py:3954} INFO - Setting next_dagrun for example_xcom to 2021-01-01 00:00:00+00:00, run_after=2021-01-01 00:00:00+00:00
[2025-09-16T14:55:14.953+0000] {processor.py:183} INFO - Processing /home/airflow/.local/lib/python3.12/site-packages/airflow/example_dags/example_xcom.py took 0.125 seconds
[2025-09-16T14:55:45.598+0000] {processor.py:161} INFO - Started process (PID=287) to work on /home/airflow/.local/lib/python3.12/site-packages/airflow/example_dags/example_xcom.py
[2025-09-16T14:55:45.600+0000] {processor.py:830} INFO - Processing file /home/airflow/.local/lib/python3.12/site-packages/airflow/example_dags/example_xcom.py for tasks to queue
[2025-09-16T14:55:45.602+0000] {logging_mixin.py:188} INFO - [2025-09-16T14:55:45.602+0000] {dagbag.py:545} INFO - Filling up the DagBag from /home/airflow/.local/lib/python3.12/site-packages/airflow/example_dags/example_xcom.py
[2025-09-16T14:55:45.611+0000] {processor.py:840} INFO - DAG(s) 'example_xcom' retrieved from /home/airflow/.local/lib/python3.12/site-packages/airflow/example_dags/example_xcom.py
[2025-09-16T14:55:45.637+0000] {logging_mixin.py:188} INFO - [2025-09-16T14:55:45.637+0000] {dag.py:3096} INFO - Sync 1 DAGs
[2025-09-16T14:55:45.666+0000] {logging_mixin.py:188} INFO - [2025-09-16T14:55:45.666+0000] {dag.py:3954} INFO - Setting next_dagrun for example_xcom to 2021-01-01 00:00:00+00:00, run_after=2021-01-01 00:00:00+00:00
[2025-09-16T14:55:45.696+0000] {processor.py:183} INFO - Processing /home/airflow/.local/lib/python3.12/site-packages/airflow/example_dags/example_xcom.py took 0.104 seconds
[2025-09-16T14:56:15.794+0000] {processor.py:161} INFO - Started process (PID=347) to work on /home/airflow/.local/lib/python3.12/site-packages/airflow/example_dags/example_xcom.py
[2025-09-16T14:56:15.795+0000] {processor.py:830} INFO - Processing file /home/airflow/.local/lib/python3.12/site-packages/airflow/example_dags/example_xcom.py for tasks to queue
[2025-09-16T14:56:15.797+0000] {logging_mixin.py:188} INFO - [2025-09-16T14:56:15.797+0000] {dagbag.py:545} INFO - Filling up the DagBag from /home/airflow/.local/lib/python3.12/site-packages/airflow/example_dags/example_xcom.py
[2025-09-16T14:56:15.805+0000] {processor.py:840} INFO - DAG(s) 'example_xcom' retrieved from /home/airflow/.local/lib/python3.12/site-packages/airflow/example_dags/example_xcom.py
[2025-09-16T14:56:15.830+0000] {logging_mixin.py:188} INFO - [2025-09-16T14:56:15.829+0000] {dag.py:3096} INFO - Sync 1 DAGs
[2025-09-16T14:56:15.861+0000] {logging_mixin.py:188} INFO - [2025-09-16T14:56:15.861+0000] {dag.py:3954} INFO - Setting next_dagrun for example_xcom to 2021-01-01 00:00:00+00:00, run_after=2021-01-01 00:00:00+00:00
[2025-09-16T14:56:15.909+0000] {processor.py:183} INFO - Processing /home/airflow/.local/lib/python3.12/site-packages/airflow/example_dags/example_xcom.py took 0.122 seconds
[2025-09-16T14:56:46.003+0000] {processor.py:161} INFO - Started process (PID=407) to work on /home/airflow/.local/lib/python3.12/site-packages/airflow/example_dags/example_xcom.py
[2025-09-16T14:56:46.005+0000] {processor.py:830} INFO - Processing file /home/airflow/.local/lib/python3.12/site-packages/airflow/example_dags/example_xcom.py for tasks to queue
[2025-09-16T14:56:46.009+0000] {logging_mixin.py:188} INFO - [2025-09-16T14:56:46.008+0000] {dagbag.py:545} INFO - Filling up the DagBag from /home/airflow/.local/lib/python3.12/site-packages/airflow/example_dags/example_xcom.py
[2025-09-16T14:56:46.020+0000] {processor.py:840} INFO - DAG(s) 'example_xcom' retrieved from /home/airflow/.local/lib/python3.12/site-packages/airflow/example_dags/example_xcom.py
[2025-09-16T14:56:46.062+0000] {logging_mixin.py:188} INFO - [2025-09-16T14:56:46.061+0000] {dag.py:3096} INFO - Sync 1 DAGs
[2025-09-16T14:56:46.102+0000] {logging_mixin.py:188} INFO - [2025-09-16T14:56:46.101+0000] {dag.py:3954} INFO - Setting next_dagrun for example_xcom to 2021-01-01 00:00:00+00:00, run_after=2021-01-01 00:00:00+00:00
[2025-09-16T14:56:46.143+0000] {processor.py:183} INFO - Processing /home/airflow/.local/lib/python3.12/site-packages/airflow/example_dags/example_xcom.py took 0.149 seconds
[2025-09-16T14:57:16.635+0000] {processor.py:161} INFO - Started process (PID=467) to work on /home/airflow/.local/lib/python3.12/site-packages/airflow/example_dags/example_xcom.py
[2025-09-16T14:57:16.637+0000] {processor.py:830} INFO - Processing file /home/airflow/.local/lib/python3.12/site-packages/airflow/example_dags/example_xcom.py for tasks to queue
[2025-09-16T14:57:16.640+0000] {logging_mixin.py:188} INFO - [2025-09-16T14:57:16.639+0000] {dagbag.py:545} INFO - Filling up the DagBag from /home/airflow/.local/lib/python3.12/site-packages/airflow/example_dags/example_xcom.py
[2025-09-16T14:57:16.651+0000] {processor.py:840} INFO - DAG(s) 'example_xcom' retrieved from /home/airflow/.local/lib/python3.12/site-packages/airflow/example_dags/example_xcom.py
[2025-09-16T14:57:16.684+0000] {logging_mixin.py:188} INFO - [2025-09-16T14:57:16.684+0000] {dag.py:3096} INFO - Sync 1 DAGs
[2025-09-16T14:57:16.723+0000] {logging_mixin.py:188} INFO - [2025-09-16T14:57:16.722+0000] {dag.py:3954} INFO - Setting next_dagrun for example_xcom to 2021-01-01 00:00:00+00:00, run_after=2021-01-01 00:00:00+00:00
[2025-09-16T14:57:16.754+0000] {processor.py:183} INFO - Processing /home/airflow/.local/lib/python3.12/site-packages/airflow/example_dags/example_xcom.py took 0.127 seconds
[2025-09-16T14:57:47.956+0000] {processor.py:161} INFO - Started process (PID=527) to work on /home/airflow/.local/lib/python3.12/site-packages/airflow/example_dags/example_xcom.py
[2025-09-16T14:57:47.957+0000] {processor.py:830} INFO - Processing file /home/airflow/.local/lib/python3.12/site-packages/airflow/example_dags/example_xcom.py for tasks to queue
[2025-09-16T14:57:47.960+0000] {logging_mixin.py:188} INFO - [2025-09-16T14:57:47.959+0000] {dagbag.py:545} INFO - Filling up the DagBag from /home/airflow/.local/lib/python3.12/site-packages/airflow/example_dags/example_xcom.py
[2025-09-16T14:57:47.970+0000] {processor.py:840} INFO - DAG(s) 'example_xcom' retrieved from /home/airflow/.local/lib/python3.12/site-packages/airflow/example_dags/example_xcom.py
[2025-09-16T14:57:48.006+0000] {logging_mixin.py:188} INFO - [2025-09-16T14:57:48.005+0000] {dag.py:3096} INFO - Sync 1 DAGs
[2025-09-16T14:57:48.056+0000] {logging_mixin.py:188} INFO - [2025-09-16T14:57:48.056+0000] {dag.py:3954} INFO - Setting next_dagrun for example_xcom to 2021-01-01 00:00:00+00:00, run_after=2021-01-01 00:00:00+00:00
[2025-09-16T14:57:48.094+0000] {processor.py:183} INFO - Processing /home/airflow/.local/lib/python3.12/site-packages/airflow/example_dags/example_xcom.py took 0.147 seconds
[2025-09-16T14:58:18.366+0000] {processor.py:161} INFO - Started process (PID=587) to work on /home/airflow/.local/lib/python3.12/site-packages/airflow/example_dags/example_xcom.py
[2025-09-16T14:58:18.367+0000] {processor.py:830} INFO - Processing file /home/airflow/.local/lib/python3.12/site-packages/airflow/example_dags/example_xcom.py for tasks to queue
[2025-09-16T14:58:18.370+0000] {logging_mixin.py:188} INFO - [2025-09-16T14:58:18.369+0000] {dagbag.py:545} INFO - Filling up the DagBag from /home/airflow/.local/lib/python3.12/site-packages/airflow/example_dags/example_xcom.py
[2025-09-16T14:58:18.379+0000] {processor.py:840} INFO - DAG(s) 'example_xcom' retrieved from /home/airflow/.local/lib/python3.12/site-packages/airflow/example_dags/example_xcom.py
[2025-09-16T14:58:18.406+0000] {logging_mixin.py:188} INFO - [2025-09-16T14:58:18.406+0000] {dag.py:3096} INFO - Sync 1 DAGs
[2025-09-16T14:58:18.433+0000] {logging_mixin.py:188} INFO - [2025-09-16T14:58:18.433+0000] {dag.py:3954} INFO - Setting next_dagrun for example_xcom to 2021-01-01 00:00:00+00:00, run_after=2021-01-01 00:00:00+00:00
[2025-09-16T14:58:18.461+0000] {processor.py:183} INFO - Processing /home/airflow/.local/lib/python3.12/site-packages/airflow/example_dags/example_xcom.py took 0.104 seconds
[2025-09-16T14:58:49.447+0000] {processor.py:161} INFO - Started process (PID=646) to work on /home/airflow/.local/lib/python3.12/site-packages/airflow/example_dags/example_xcom.py
[2025-09-16T14:58:49.448+0000] {processor.py:830} INFO - Processing file /home/airflow/.local/lib/python3.12/site-packages/airflow/example_dags/example_xcom.py for tasks to queue
[2025-09-16T14:58:49.451+0000] {logging_mixin.py:188} INFO - [2025-09-16T14:58:49.451+0000] {dagbag.py:545} INFO - Filling up the DagBag from /home/airflow/.local/lib/python3.12/site-packages/airflow/example_dags/example_xcom.py
[2025-09-16T14:58:49.460+0000] {processor.py:840} INFO - DAG(s) 'example_xcom' retrieved from /home/airflow/.local/lib/python3.12/site-packages/airflow/example_dags/example_xcom.py
[2025-09-16T14:58:49.487+0000] {logging_mixin.py:188} INFO - [2025-09-16T14:58:49.486+0000] {dag.py:3096} INFO - Sync 1 DAGs
[2025-09-16T14:58:49.521+0000] {logging_mixin.py:188} INFO - [2025-09-16T14:58:49.521+0000] {dag.py:3954} INFO - Setting next_dagrun for example_xcom to 2021-01-01 00:00:00+00:00, run_after=2021-01-01 00:00:00+00:00
[2025-09-16T14:58:49.554+0000] {processor.py:183} INFO - Processing /home/airflow/.local/lib/python3.12/site-packages/airflow/example_dags/example_xcom.py took 0.114 seconds
[2025-09-16T14:59:19.910+0000] {processor.py:161} INFO - Started process (PID=706) to work on /home/airflow/.local/lib/python3.12/site-packages/airflow/example_dags/example_xcom.py
[2025-09-16T14:59:19.912+0000] {processor.py:830} INFO - Processing file /home/airflow/.local/lib/python3.12/site-packages/airflow/example_dags/example_xcom.py for tasks to queue
[2025-09-16T14:59:19.916+0000] {logging_mixin.py:188} INFO - [2025-09-16T14:59:19.915+0000] {dagbag.py:545} INFO - Filling up the DagBag from /home/airflow/.local/lib/python3.12/site-packages/airflow/example_dags/example_xcom.py
[2025-09-16T14:59:19.928+0000] {processor.py:840} INFO - DAG(s) 'example_xcom' retrieved from /home/airflow/.local/lib/python3.12/site-packages/airflow/example_dags/example_xcom.py
[2025-09-16T14:59:19.962+0000] {logging_mixin.py:188} INFO - [2025-09-16T14:59:19.961+0000] {dag.py:3096} INFO - Sync 1 DAGs
[2025-09-16T14:59:20.000+0000] {logging_mixin.py:188} INFO - [2025-09-16T14:59:20.000+0000] {dag.py:3954} INFO - Setting next_dagrun for example_xcom to 2021-01-01 00:00:00+00:00, run_after=2021-01-01 00:00:00+00:00
[2025-09-16T14:59:20.031+0000] {processor.py:183} INFO - Processing /home/airflow/.local/lib/python3.12/site-packages/airflow/example_dags/example_xcom.py took 0.130 seconds
[2025-09-16T14:59:50.133+0000] {processor.py:161} INFO - Started process (PID=766) to work on /home/airflow/.local/lib/python3.12/site-packages/airflow/example_dags/example_xcom.py
[2025-09-16T14:59:50.134+0000] {processor.py:830} INFO - Processing file /home/airflow/.local/lib/python3.12/site-packages/airflow/example_dags/example_xcom.py for tasks to queue
[2025-09-16T14:59:50.137+0000] {logging_mixin.py:188} INFO - [2025-09-16T14:59:50.137+0000] {dagbag.py:545} INFO - Filling up the DagBag from /home/airflow/.local/lib/python3.12/site-packages/airflow/example_dags/example_xcom.py
[2025-09-16T14:59:50.147+0000] {processor.py:840} INFO - DAG(s) 'example_xcom' retrieved from /home/airflow/.local/lib/python3.12/site-packages/airflow/example_dags/example_xcom.py
[2025-09-16T14:59:50.175+0000] {logging_mixin.py:188} INFO - [2025-09-16T14:59:50.175+0000] {dag.py:3096} INFO - Sync 1 DAGs
[2025-09-16T14:59:50.205+0000] {logging_mixin.py:188} INFO - [2025-09-16T14:59:50.204+0000] {dag.py:3954} INFO - Setting next_dagrun for example_xcom to 2021-01-01 00:00:00+00:00, run_after=2021-01-01 00:00:00+00:00
[2025-09-16T14:59:50.230+0000] {processor.py:183} INFO - Processing /home/airflow/.local/lib/python3.12/site-packages/airflow/example_dags/example_xcom.py took 0.105 seconds
[2025-09-16T15:00:20.338+0000] {processor.py:161} INFO - Started process (PID=826) to work on /home/airflow/.local/lib/python3.12/site-packages/airflow/example_dags/example_xcom.py
[2025-09-16T15:00:20.341+0000] {processor.py:830} INFO - Processing file /home/airflow/.local/lib/python3.12/site-packages/airflow/example_dags/example_xcom.py for tasks to queue
[2025-09-16T15:00:20.345+0000] {logging_mixin.py:188} INFO - [2025-09-16T15:00:20.344+0000] {dagbag.py:545} INFO - Filling up the DagBag from /home/airflow/.local/lib/python3.12/site-packages/airflow/example_dags/example_xcom.py
[2025-09-16T15:00:20.357+0000] {processor.py:840} INFO - DAG(s) 'example_xcom' retrieved from /home/airflow/.local/lib/python3.12/site-packages/airflow/example_dags/example_xcom.py
[2025-09-16T15:00:20.391+0000] {logging_mixin.py:188} INFO - [2025-09-16T15:00:20.391+0000] {dag.py:3096} INFO - Sync 1 DAGs
[2025-09-16T15:00:20.424+0000] {logging_mixin.py:188} INFO - [2025-09-16T15:00:20.424+0000] {dag.py:3954} INFO - Setting next_dagrun for example_xcom to 2021-01-01 00:00:00+00:00, run_after=2021-01-01 00:00:00+00:00
[2025-09-16T15:00:20.455+0000] {processor.py:183} INFO - Processing /home/airflow/.local/lib/python3.12/site-packages/airflow/example_dags/example_xcom.py took 0.126 seconds
[2025-09-16T15:01:55.275+0000] {processor.py:161} INFO - Started process (PID=107) to work on /home/airflow/.local/lib/python3.12/site-packages/airflow/example_dags/example_xcom.py
[2025-09-16T15:01:55.276+0000] {processor.py:830} INFO - Processing file /home/airflow/.local/lib/python3.12/site-packages/airflow/example_dags/example_xcom.py for tasks to queue
[2025-09-16T15:01:55.280+0000] {logging_mixin.py:188} INFO - [2025-09-16T15:01:55.280+0000] {dagbag.py:545} INFO - Filling up the DagBag from /home/airflow/.local/lib/python3.12/site-packages/airflow/example_dags/example_xcom.py
[2025-09-16T15:01:55.291+0000] {processor.py:840} INFO - DAG(s) 'example_xcom' retrieved from /home/airflow/.local/lib/python3.12/site-packages/airflow/example_dags/example_xcom.py
[2025-09-16T15:01:55.444+0000] {logging_mixin.py:188} INFO - [2025-09-16T15:01:55.444+0000] {dag.py:3096} INFO - Sync 1 DAGs
[2025-09-16T15:01:55.472+0000] {logging_mixin.py:188} INFO - [2025-09-16T15:01:55.472+0000] {dag.py:3954} INFO - Setting next_dagrun for example_xcom to 2021-01-01 00:00:00+00:00, run_after=2021-01-01 00:00:00+00:00
[2025-09-16T15:01:55.503+0000] {processor.py:183} INFO - Processing /home/airflow/.local/lib/python3.12/site-packages/airflow/example_dags/example_xcom.py took 0.236 seconds
[2025-09-16T15:02:25.912+0000] {processor.py:161} INFO - Started process (PID=167) to work on /home/airflow/.local/lib/python3.12/site-packages/airflow/example_dags/example_xcom.py
[2025-09-16T15:02:25.914+0000] {processor.py:830} INFO - Processing file /home/airflow/.local/lib/python3.12/site-packages/airflow/example_dags/example_xcom.py for tasks to queue
[2025-09-16T15:02:25.917+0000] {logging_mixin.py:188} INFO - [2025-09-16T15:02:25.917+0000] {dagbag.py:545} INFO - Filling up the DagBag from /home/airflow/.local/lib/python3.12/site-packages/airflow/example_dags/example_xcom.py
[2025-09-16T15:02:25.927+0000] {processor.py:840} INFO - DAG(s) 'example_xcom' retrieved from /home/airflow/.local/lib/python3.12/site-packages/airflow/example_dags/example_xcom.py
[2025-09-16T15:02:25.942+0000] {logging_mixin.py:188} INFO - [2025-09-16T15:02:25.942+0000] {dag.py:3096} INFO - Sync 1 DAGs
[2025-09-16T15:02:25.972+0000] {logging_mixin.py:188} INFO - [2025-09-16T15:02:25.971+0000] {dag.py:3954} INFO - Setting next_dagrun for example_xcom to 2021-01-01 00:00:00+00:00, run_after=2021-01-01 00:00:00+00:00
[2025-09-16T15:02:25.995+0000] {processor.py:183} INFO - Processing /home/airflow/.local/lib/python3.12/site-packages/airflow/example_dags/example_xcom.py took 0.092 seconds
[2025-09-16T15:02:57.106+0000] {processor.py:161} INFO - Started process (PID=227) to work on /home/airflow/.local/lib/python3.12/site-packages/airflow/example_dags/example_xcom.py
[2025-09-16T15:02:57.108+0000] {processor.py:830} INFO - Processing file /home/airflow/.local/lib/python3.12/site-packages/airflow/example_dags/example_xcom.py for tasks to queue
[2025-09-16T15:02:57.111+0000] {logging_mixin.py:188} INFO - [2025-09-16T15:02:57.110+0000] {dagbag.py:545} INFO - Filling up the DagBag from /home/airflow/.local/lib/python3.12/site-packages/airflow/example_dags/example_xcom.py
[2025-09-16T15:02:57.119+0000] {processor.py:840} INFO - DAG(s) 'example_xcom' retrieved from /home/airflow/.local/lib/python3.12/site-packages/airflow/example_dags/example_xcom.py
[2025-09-16T15:02:57.291+0000] {logging_mixin.py:188} INFO - [2025-09-16T15:02:57.291+0000] {dag.py:3096} INFO - Sync 1 DAGs
[2025-09-16T15:02:57.324+0000] {logging_mixin.py:188} INFO - [2025-09-16T15:02:57.323+0000] {dag.py:3954} INFO - Setting next_dagrun for example_xcom to 2021-01-01 00:00:00+00:00, run_after=2021-01-01 00:00:00+00:00
[2025-09-16T15:02:57.357+0000] {processor.py:183} INFO - Processing /home/airflow/.local/lib/python3.12/site-packages/airflow/example_dags/example_xcom.py took 0.258 seconds
[2025-09-16T15:03:28.242+0000] {processor.py:161} INFO - Started process (PID=287) to work on /home/airflow/.local/lib/python3.12/site-packages/airflow/example_dags/example_xcom.py
[2025-09-16T15:03:28.243+0000] {processor.py:830} INFO - Processing file /home/airflow/.local/lib/python3.12/site-packages/airflow/example_dags/example_xcom.py for tasks to queue
[2025-09-16T15:03:28.246+0000] {logging_mixin.py:188} INFO - [2025-09-16T15:03:28.246+0000] {dagbag.py:545} INFO - Filling up the DagBag from /home/airflow/.local/lib/python3.12/site-packages/airflow/example_dags/example_xcom.py
[2025-09-16T15:03:28.257+0000] {processor.py:840} INFO - DAG(s) 'example_xcom' retrieved from /home/airflow/.local/lib/python3.12/site-packages/airflow/example_dags/example_xcom.py
[2025-09-16T15:03:28.287+0000] {logging_mixin.py:188} INFO - [2025-09-16T15:03:28.287+0000] {dag.py:3096} INFO - Sync 1 DAGs
[2025-09-16T15:03:28.320+0000] {logging_mixin.py:188} INFO - [2025-09-16T15:03:28.319+0000] {dag.py:3954} INFO - Setting next_dagrun for example_xcom to 2021-01-01 00:00:00+00:00, run_after=2021-01-01 00:00:00+00:00
[2025-09-16T15:03:28.349+0000] {processor.py:183} INFO - Processing /home/airflow/.local/lib/python3.12/site-packages/airflow/example_dags/example_xcom.py took 0.115 seconds
[2025-09-16T15:03:58.466+0000] {processor.py:161} INFO - Started process (PID=347) to work on /home/airflow/.local/lib/python3.12/site-packages/airflow/example_dags/example_xcom.py
[2025-09-16T15:03:58.468+0000] {processor.py:830} INFO - Processing file /home/airflow/.local/lib/python3.12/site-packages/airflow/example_dags/example_xcom.py for tasks to queue
[2025-09-16T15:03:58.470+0000] {logging_mixin.py:188} INFO - [2025-09-16T15:03:58.470+0000] {dagbag.py:545} INFO - Filling up the DagBag from /home/airflow/.local/lib/python3.12/site-packages/airflow/example_dags/example_xcom.py
[2025-09-16T15:03:58.479+0000] {processor.py:840} INFO - DAG(s) 'example_xcom' retrieved from /home/airflow/.local/lib/python3.12/site-packages/airflow/example_dags/example_xcom.py
[2025-09-16T15:03:58.503+0000] {logging_mixin.py:188} INFO - [2025-09-16T15:03:58.503+0000] {dag.py:3096} INFO - Sync 1 DAGs
[2025-09-16T15:03:58.529+0000] {logging_mixin.py:188} INFO - [2025-09-16T15:03:58.528+0000] {dag.py:3954} INFO - Setting next_dagrun for example_xcom to 2021-01-01 00:00:00+00:00, run_after=2021-01-01 00:00:00+00:00
[2025-09-16T15:03:58.556+0000] {processor.py:183} INFO - Processing /home/airflow/.local/lib/python3.12/site-packages/airflow/example_dags/example_xcom.py took 0.097 seconds
[2025-09-16T15:04:29.406+0000] {processor.py:161} INFO - Started process (PID=407) to work on /home/airflow/.local/lib/python3.12/site-packages/airflow/example_dags/example_xcom.py
[2025-09-16T15:04:29.407+0000] {processor.py:830} INFO - Processing file /home/airflow/.local/lib/python3.12/site-packages/airflow/example_dags/example_xcom.py for tasks to queue
[2025-09-16T15:04:29.411+0000] {logging_mixin.py:188} INFO - [2025-09-16T15:04:29.410+0000] {dagbag.py:545} INFO - Filling up the DagBag from /home/airflow/.local/lib/python3.12/site-packages/airflow/example_dags/example_xcom.py
[2025-09-16T15:04:29.422+0000] {processor.py:840} INFO - DAG(s) 'example_xcom' retrieved from /home/airflow/.local/lib/python3.12/site-packages/airflow/example_dags/example_xcom.py
[2025-09-16T15:04:29.452+0000] {logging_mixin.py:188} INFO - [2025-09-16T15:04:29.452+0000] {dag.py:3096} INFO - Sync 1 DAGs
[2025-09-16T15:04:29.482+0000] {logging_mixin.py:188} INFO - [2025-09-16T15:04:29.482+0000] {dag.py:3954} INFO - Setting next_dagrun for example_xcom to 2021-01-01 00:00:00+00:00, run_after=2021-01-01 00:00:00+00:00
[2025-09-16T15:04:29.511+0000] {processor.py:183} INFO - Processing /home/airflow/.local/lib/python3.12/site-packages/airflow/example_dags/example_xcom.py took 0.113 seconds
[2025-09-16T15:05:00.186+0000] {processor.py:161} INFO - Started process (PID=467) to work on /home/airflow/.local/lib/python3.12/site-packages/airflow/example_dags/example_xcom.py
[2025-09-16T15:05:00.188+0000] {processor.py:830} INFO - Processing file /home/airflow/.local/lib/python3.12/site-packages/airflow/example_dags/example_xcom.py for tasks to queue
[2025-09-16T15:05:00.190+0000] {logging_mixin.py:188} INFO - [2025-09-16T15:05:00.190+0000] {dagbag.py:545} INFO - Filling up the DagBag from /home/airflow/.local/lib/python3.12/site-packages/airflow/example_dags/example_xcom.py
[2025-09-16T15:05:00.200+0000] {processor.py:840} INFO - DAG(s) 'example_xcom' retrieved from /home/airflow/.local/lib/python3.12/site-packages/airflow/example_dags/example_xcom.py
[2025-09-16T15:05:00.225+0000] {logging_mixin.py:188} INFO - [2025-09-16T15:05:00.225+0000] {dag.py:3096} INFO - Sync 1 DAGs
[2025-09-16T15:05:00.253+0000] {logging_mixin.py:188} INFO - [2025-09-16T15:05:00.253+0000] {dag.py:3954} INFO - Setting next_dagrun for example_xcom to 2021-01-01 00:00:00+00:00, run_after=2021-01-01 00:00:00+00:00
[2025-09-16T15:05:00.276+0000] {processor.py:183} INFO - Processing /home/airflow/.local/lib/python3.12/site-packages/airflow/example_dags/example_xcom.py took 0.098 seconds
[2025-09-16T15:05:30.925+0000] {processor.py:161} INFO - Started process (PID=526) to work on /home/airflow/.local/lib/python3.12/site-packages/airflow/example_dags/example_xcom.py
[2025-09-16T15:05:30.927+0000] {processor.py:830} INFO - Processing file /home/airflow/.local/lib/python3.12/site-packages/airflow/example_dags/example_xcom.py for tasks to queue
[2025-09-16T15:05:30.931+0000] {logging_mixin.py:188} INFO - [2025-09-16T15:05:30.930+0000] {dagbag.py:545} INFO - Filling up the DagBag from /home/airflow/.local/lib/python3.12/site-packages/airflow/example_dags/example_xcom.py
[2025-09-16T15:05:30.946+0000] {processor.py:840} INFO - DAG(s) 'example_xcom' retrieved from /home/airflow/.local/lib/python3.12/site-packages/airflow/example_dags/example_xcom.py
[2025-09-16T15:05:30.988+0000] {logging_mixin.py:188} INFO - [2025-09-16T15:05:30.988+0000] {dag.py:3096} INFO - Sync 1 DAGs
[2025-09-16T15:05:31.025+0000] {logging_mixin.py:188} INFO - [2025-09-16T15:05:31.025+0000] {dag.py:3954} INFO - Setting next_dagrun for example_xcom to 2021-01-01 00:00:00+00:00, run_after=2021-01-01 00:00:00+00:00
[2025-09-16T15:05:31.059+0000] {processor.py:183} INFO - Processing /home/airflow/.local/lib/python3.12/site-packages/airflow/example_dags/example_xcom.py took 0.146 seconds
[2025-09-16T15:06:01.535+0000] {processor.py:161} INFO - Started process (PID=586) to work on /home/airflow/.local/lib/python3.12/site-packages/airflow/example_dags/example_xcom.py
[2025-09-16T15:06:01.536+0000] {processor.py:830} INFO - Processing file /home/airflow/.local/lib/python3.12/site-packages/airflow/example_dags/example_xcom.py for tasks to queue
[2025-09-16T15:06:01.539+0000] {logging_mixin.py:188} INFO - [2025-09-16T15:06:01.538+0000] {dagbag.py:545} INFO - Filling up the DagBag from /home/airflow/.local/lib/python3.12/site-packages/airflow/example_dags/example_xcom.py
[2025-09-16T15:06:01.549+0000] {processor.py:840} INFO - DAG(s) 'example_xcom' retrieved from /home/airflow/.local/lib/python3.12/site-packages/airflow/example_dags/example_xcom.py
[2025-09-16T15:06:01.579+0000] {logging_mixin.py:188} INFO - [2025-09-16T15:06:01.579+0000] {dag.py:3096} INFO - Sync 1 DAGs
[2025-09-16T15:06:01.606+0000] {logging_mixin.py:188} INFO - [2025-09-16T15:06:01.606+0000] {dag.py:3954} INFO - Setting next_dagrun for example_xcom to 2021-01-01 00:00:00+00:00, run_after=2021-01-01 00:00:00+00:00
[2025-09-16T15:06:01.633+0000] {processor.py:183} INFO - Processing /home/airflow/.local/lib/python3.12/site-packages/airflow/example_dags/example_xcom.py took 0.105 seconds
[2025-09-16T15:06:32.004+0000] {processor.py:161} INFO - Started process (PID=646) to work on /home/airflow/.local/lib/python3.12/site-packages/airflow/example_dags/example_xcom.py
[2025-09-16T15:06:32.006+0000] {processor.py:830} INFO - Processing file /home/airflow/.local/lib/python3.12/site-packages/airflow/example_dags/example_xcom.py for tasks to queue
[2025-09-16T15:06:32.009+0000] {logging_mixin.py:188} INFO - [2025-09-16T15:06:32.009+0000] {dagbag.py:545} INFO - Filling up the DagBag from /home/airflow/.local/lib/python3.12/site-packages/airflow/example_dags/example_xcom.py
[2025-09-16T15:06:32.021+0000] {processor.py:840} INFO - DAG(s) 'example_xcom' retrieved from /home/airflow/.local/lib/python3.12/site-packages/airflow/example_dags/example_xcom.py
[2025-09-16T15:06:32.049+0000] {logging_mixin.py:188} INFO - [2025-09-16T15:06:32.049+0000] {dag.py:3096} INFO - Sync 1 DAGs
[2025-09-16T15:06:32.077+0000] {logging_mixin.py:188} INFO - [2025-09-16T15:06:32.077+0000] {dag.py:3954} INFO - Setting next_dagrun for example_xcom to 2021-01-01 00:00:00+00:00, run_after=2021-01-01 00:00:00+00:00
[2025-09-16T15:06:32.104+0000] {processor.py:183} INFO - Processing /home/airflow/.local/lib/python3.12/site-packages/airflow/example_dags/example_xcom.py took 0.107 seconds
[2025-09-16T15:07:02.610+0000] {processor.py:161} INFO - Started process (PID=706) to work on /home/airflow/.local/lib/python3.12/site-packages/airflow/example_dags/example_xcom.py
[2025-09-16T15:07:02.612+0000] {processor.py:830} INFO - Processing file /home/airflow/.local/lib/python3.12/site-packages/airflow/example_dags/example_xcom.py for tasks to queue
[2025-09-16T15:07:02.615+0000] {logging_mixin.py:188} INFO - [2025-09-16T15:07:02.614+0000] {dagbag.py:545} INFO - Filling up the DagBag from /home/airflow/.local/lib/python3.12/site-packages/airflow/example_dags/example_xcom.py
[2025-09-16T15:07:02.627+0000] {processor.py:840} INFO - DAG(s) 'example_xcom' retrieved from /home/airflow/.local/lib/python3.12/site-packages/airflow/example_dags/example_xcom.py
[2025-09-16T15:07:02.660+0000] {logging_mixin.py:188} INFO - [2025-09-16T15:07:02.659+0000] {dag.py:3096} INFO - Sync 1 DAGs
[2025-09-16T15:07:02.689+0000] {logging_mixin.py:188} INFO - [2025-09-16T15:07:02.688+0000] {dag.py:3954} INFO - Setting next_dagrun for example_xcom to 2021-01-01 00:00:00+00:00, run_after=2021-01-01 00:00:00+00:00
[2025-09-16T15:07:02.715+0000] {processor.py:183} INFO - Processing /home/airflow/.local/lib/python3.12/site-packages/airflow/example_dags/example_xcom.py took 0.113 seconds
[2025-09-16T15:07:32.931+0000] {processor.py:161} INFO - Started process (PID=766) to work on /home/airflow/.local/lib/python3.12/site-packages/airflow/example_dags/example_xcom.py
[2025-09-16T15:07:32.933+0000] {processor.py:830} INFO - Processing file /home/airflow/.local/lib/python3.12/site-packages/airflow/example_dags/example_xcom.py for tasks to queue
[2025-09-16T15:07:32.936+0000] {logging_mixin.py:188} INFO - [2025-09-16T15:07:32.935+0000] {dagbag.py:545} INFO - Filling up the DagBag from /home/airflow/.local/lib/python3.12/site-packages/airflow/example_dags/example_xcom.py
[2025-09-16T15:07:32.945+0000] {processor.py:840} INFO - DAG(s) 'example_xcom' retrieved from /home/airflow/.local/lib/python3.12/site-packages/airflow/example_dags/example_xcom.py
[2025-09-16T15:07:32.971+0000] {logging_mixin.py:188} INFO - [2025-09-16T15:07:32.971+0000] {dag.py:3096} INFO - Sync 1 DAGs
[2025-09-16T15:07:32.997+0000] {logging_mixin.py:188} INFO - [2025-09-16T15:07:32.996+0000] {dag.py:3954} INFO - Setting next_dagrun for example_xcom to 2021-01-01 00:00:00+00:00, run_after=2021-01-01 00:00:00+00:00
[2025-09-16T15:07:33.019+0000] {processor.py:183} INFO - Processing /home/airflow/.local/lib/python3.12/site-packages/airflow/example_dags/example_xcom.py took 0.095 seconds
[2025-09-16T15:08:03.511+0000] {processor.py:161} INFO - Started process (PID=826) to work on /home/airflow/.local/lib/python3.12/site-packages/airflow/example_dags/example_xcom.py
[2025-09-16T15:08:03.513+0000] {processor.py:830} INFO - Processing file /home/airflow/.local/lib/python3.12/site-packages/airflow/example_dags/example_xcom.py for tasks to queue
[2025-09-16T15:08:03.516+0000] {logging_mixin.py:188} INFO - [2025-09-16T15:08:03.515+0000] {dagbag.py:545} INFO - Filling up the DagBag from /home/airflow/.local/lib/python3.12/site-packages/airflow/example_dags/example_xcom.py
[2025-09-16T15:08:03.526+0000] {processor.py:840} INFO - DAG(s) 'example_xcom' retrieved from /home/airflow/.local/lib/python3.12/site-packages/airflow/example_dags/example_xcom.py
[2025-09-16T15:08:03.554+0000] {logging_mixin.py:188} INFO - [2025-09-16T15:08:03.553+0000] {dag.py:3096} INFO - Sync 1 DAGs
[2025-09-16T15:08:03.581+0000] {logging_mixin.py:188} INFO - [2025-09-16T15:08:03.580+0000] {dag.py:3954} INFO - Setting next_dagrun for example_xcom to 2021-01-01 00:00:00+00:00, run_after=2021-01-01 00:00:00+00:00
[2025-09-16T15:08:03.643+0000] {processor.py:183} INFO - Processing /home/airflow/.local/lib/python3.12/site-packages/airflow/example_dags/example_xcom.py took 0.140 seconds
[2025-09-16T15:08:33.792+0000] {processor.py:161} INFO - Started process (PID=886) to work on /home/airflow/.local/lib/python3.12/site-packages/airflow/example_dags/example_xcom.py
[2025-09-16T15:08:33.793+0000] {processor.py:830} INFO - Processing file /home/airflow/.local/lib/python3.12/site-packages/airflow/example_dags/example_xcom.py for tasks to queue
[2025-09-16T15:08:33.796+0000] {logging_mixin.py:188} INFO - [2025-09-16T15:08:33.796+0000] {dagbag.py:545} INFO - Filling up the DagBag from /home/airflow/.local/lib/python3.12/site-packages/airflow/example_dags/example_xcom.py
[2025-09-16T15:08:33.806+0000] {processor.py:840} INFO - DAG(s) 'example_xcom' retrieved from /home/airflow/.local/lib/python3.12/site-packages/airflow/example_dags/example_xcom.py
[2025-09-16T15:08:33.833+0000] {logging_mixin.py:188} INFO - [2025-09-16T15:08:33.833+0000] {dag.py:3096} INFO - Sync 1 DAGs
[2025-09-16T15:08:33.860+0000] {logging_mixin.py:188} INFO - [2025-09-16T15:08:33.860+0000] {dag.py:3954} INFO - Setting next_dagrun for example_xcom to 2021-01-01 00:00:00+00:00, run_after=2021-01-01 00:00:00+00:00
[2025-09-16T15:08:33.885+0000] {processor.py:183} INFO - Processing /home/airflow/.local/lib/python3.12/site-packages/airflow/example_dags/example_xcom.py took 0.102 seconds
[2025-09-16T15:09:04.516+0000] {processor.py:161} INFO - Started process (PID=946) to work on /home/airflow/.local/lib/python3.12/site-packages/airflow/example_dags/example_xcom.py
[2025-09-16T15:09:04.518+0000] {processor.py:830} INFO - Processing file /home/airflow/.local/lib/python3.12/site-packages/airflow/example_dags/example_xcom.py for tasks to queue
[2025-09-16T15:09:04.522+0000] {logging_mixin.py:188} INFO - [2025-09-16T15:09:04.521+0000] {dagbag.py:545} INFO - Filling up the DagBag from /home/airflow/.local/lib/python3.12/site-packages/airflow/example_dags/example_xcom.py
[2025-09-16T15:09:04.532+0000] {processor.py:840} INFO - DAG(s) 'example_xcom' retrieved from /home/airflow/.local/lib/python3.12/site-packages/airflow/example_dags/example_xcom.py
[2025-09-16T15:09:04.558+0000] {logging_mixin.py:188} INFO - [2025-09-16T15:09:04.558+0000] {dag.py:3096} INFO - Sync 1 DAGs
[2025-09-16T15:09:04.588+0000] {logging_mixin.py:188} INFO - [2025-09-16T15:09:04.587+0000] {dag.py:3954} INFO - Setting next_dagrun for example_xcom to 2021-01-01 00:00:00+00:00, run_after=2021-01-01 00:00:00+00:00
[2025-09-16T15:09:04.622+0000] {processor.py:183} INFO - Processing /home/airflow/.local/lib/python3.12/site-packages/airflow/example_dags/example_xcom.py took 0.113 seconds
[2025-09-16T15:09:35.103+0000] {processor.py:161} INFO - Started process (PID=1006) to work on /home/airflow/.local/lib/python3.12/site-packages/airflow/example_dags/example_xcom.py
[2025-09-16T15:09:35.105+0000] {processor.py:830} INFO - Processing file /home/airflow/.local/lib/python3.12/site-packages/airflow/example_dags/example_xcom.py for tasks to queue
[2025-09-16T15:09:35.109+0000] {logging_mixin.py:188} INFO - [2025-09-16T15:09:35.108+0000] {dagbag.py:545} INFO - Filling up the DagBag from /home/airflow/.local/lib/python3.12/site-packages/airflow/example_dags/example_xcom.py
[2025-09-16T15:09:35.120+0000] {processor.py:840} INFO - DAG(s) 'example_xcom' retrieved from /home/airflow/.local/lib/python3.12/site-packages/airflow/example_dags/example_xcom.py
[2025-09-16T15:09:35.157+0000] {logging_mixin.py:188} INFO - [2025-09-16T15:09:35.156+0000] {dag.py:3096} INFO - Sync 1 DAGs
[2025-09-16T15:09:35.200+0000] {logging_mixin.py:188} INFO - [2025-09-16T15:09:35.200+0000] {dag.py:3954} INFO - Setting next_dagrun for example_xcom to 2021-01-01 00:00:00+00:00, run_after=2021-01-01 00:00:00+00:00
[2025-09-16T15:09:35.235+0000] {processor.py:183} INFO - Processing /home/airflow/.local/lib/python3.12/site-packages/airflow/example_dags/example_xcom.py took 0.141 seconds
[2025-09-16T15:10:06.183+0000] {processor.py:161} INFO - Started process (PID=1065) to work on /home/airflow/.local/lib/python3.12/site-packages/airflow/example_dags/example_xcom.py
[2025-09-16T15:10:06.184+0000] {processor.py:830} INFO - Processing file /home/airflow/.local/lib/python3.12/site-packages/airflow/example_dags/example_xcom.py for tasks to queue
[2025-09-16T15:10:06.187+0000] {logging_mixin.py:188} INFO - [2025-09-16T15:10:06.187+0000] {dagbag.py:545} INFO - Filling up the DagBag from /home/airflow/.local/lib/python3.12/site-packages/airflow/example_dags/example_xcom.py
[2025-09-16T15:10:06.195+0000] {processor.py:840} INFO - DAG(s) 'example_xcom' retrieved from /home/airflow/.local/lib/python3.12/site-packages/airflow/example_dags/example_xcom.py
[2025-09-16T15:10:06.224+0000] {logging_mixin.py:188} INFO - [2025-09-16T15:10:06.223+0000] {dag.py:3096} INFO - Sync 1 DAGs
[2025-09-16T15:10:06.257+0000] {logging_mixin.py:188} INFO - [2025-09-16T15:10:06.257+0000] {dag.py:3954} INFO - Setting next_dagrun for example_xcom to 2021-01-01 00:00:00+00:00, run_after=2021-01-01 00:00:00+00:00
[2025-09-16T15:10:06.288+0000] {processor.py:183} INFO - Processing /home/airflow/.local/lib/python3.12/site-packages/airflow/example_dags/example_xcom.py took 0.111 seconds
[2025-09-16T15:10:36.660+0000] {processor.py:161} INFO - Started process (PID=1124) to work on /home/airflow/.local/lib/python3.12/site-packages/airflow/example_dags/example_xcom.py
[2025-09-16T15:10:36.663+0000] {processor.py:830} INFO - Processing file /home/airflow/.local/lib/python3.12/site-packages/airflow/example_dags/example_xcom.py for tasks to queue
[2025-09-16T15:10:36.665+0000] {logging_mixin.py:188} INFO - [2025-09-16T15:10:36.664+0000] {dagbag.py:545} INFO - Filling up the DagBag from /home/airflow/.local/lib/python3.12/site-packages/airflow/example_dags/example_xcom.py
[2025-09-16T15:10:36.674+0000] {processor.py:840} INFO - DAG(s) 'example_xcom' retrieved from /home/airflow/.local/lib/python3.12/site-packages/airflow/example_dags/example_xcom.py
[2025-09-16T15:10:36.707+0000] {logging_mixin.py:188} INFO - [2025-09-16T15:10:36.706+0000] {dag.py:3096} INFO - Sync 1 DAGs
[2025-09-16T15:10:36.747+0000] {logging_mixin.py:188} INFO - [2025-09-16T15:10:36.747+0000] {dag.py:3954} INFO - Setting next_dagrun for example_xcom to 2021-01-01 00:00:00+00:00, run_after=2021-01-01 00:00:00+00:00
[2025-09-16T15:10:36.775+0000] {processor.py:183} INFO - Processing /home/airflow/.local/lib/python3.12/site-packages/airflow/example_dags/example_xcom.py took 0.120 seconds
[2025-09-16T15:11:07.098+0000] {processor.py:161} INFO - Started process (PID=1184) to work on /home/airflow/.local/lib/python3.12/site-packages/airflow/example_dags/example_xcom.py
[2025-09-16T15:11:07.100+0000] {processor.py:830} INFO - Processing file /home/airflow/.local/lib/python3.12/site-packages/airflow/example_dags/example_xcom.py for tasks to queue
[2025-09-16T15:11:07.103+0000] {logging_mixin.py:188} INFO - [2025-09-16T15:11:07.103+0000] {dagbag.py:545} INFO - Filling up the DagBag from /home/airflow/.local/lib/python3.12/site-packages/airflow/example_dags/example_xcom.py
[2025-09-16T15:11:07.114+0000] {processor.py:840} INFO - DAG(s) 'example_xcom' retrieved from /home/airflow/.local/lib/python3.12/site-packages/airflow/example_dags/example_xcom.py
[2025-09-16T15:11:07.146+0000] {logging_mixin.py:188} INFO - [2025-09-16T15:11:07.145+0000] {dag.py:3096} INFO - Sync 1 DAGs
[2025-09-16T15:11:07.174+0000] {logging_mixin.py:188} INFO - [2025-09-16T15:11:07.174+0000] {dag.py:3954} INFO - Setting next_dagrun for example_xcom to 2021-01-01 00:00:00+00:00, run_after=2021-01-01 00:00:00+00:00
[2025-09-16T15:11:07.200+0000] {processor.py:183} INFO - Processing /home/airflow/.local/lib/python3.12/site-packages/airflow/example_dags/example_xcom.py took 0.110 seconds
[2025-09-16T15:11:37.727+0000] {processor.py:161} INFO - Started process (PID=1244) to work on /home/airflow/.local/lib/python3.12/site-packages/airflow/example_dags/example_xcom.py
[2025-09-16T15:11:37.730+0000] {processor.py:830} INFO - Processing file /home/airflow/.local/lib/python3.12/site-packages/airflow/example_dags/example_xcom.py for tasks to queue
[2025-09-16T15:11:37.733+0000] {logging_mixin.py:188} INFO - [2025-09-16T15:11:37.732+0000] {dagbag.py:545} INFO - Filling up the DagBag from /home/airflow/.local/lib/python3.12/site-packages/airflow/example_dags/example_xcom.py
[2025-09-16T15:11:37.746+0000] {processor.py:840} INFO - DAG(s) 'example_xcom' retrieved from /home/airflow/.local/lib/python3.12/site-packages/airflow/example_dags/example_xcom.py
[2025-09-16T15:11:37.782+0000] {logging_mixin.py:188} INFO - [2025-09-16T15:11:37.781+0000] {dag.py:3096} INFO - Sync 1 DAGs
[2025-09-16T15:11:37.817+0000] {logging_mixin.py:188} INFO - [2025-09-16T15:11:37.817+0000] {dag.py:3954} INFO - Setting next_dagrun for example_xcom to 2021-01-01 00:00:00+00:00, run_after=2021-01-01 00:00:00+00:00
[2025-09-16T15:11:37.847+0000] {processor.py:183} INFO - Processing /home/airflow/.local/lib/python3.12/site-packages/airflow/example_dags/example_xcom.py took 0.129 seconds
[2025-09-16T15:12:08.134+0000] {processor.py:161} INFO - Started process (PID=1304) to work on /home/airflow/.local/lib/python3.12/site-packages/airflow/example_dags/example_xcom.py
[2025-09-16T15:12:08.136+0000] {processor.py:830} INFO - Processing file /home/airflow/.local/lib/python3.12/site-packages/airflow/example_dags/example_xcom.py for tasks to queue
[2025-09-16T15:12:08.139+0000] {logging_mixin.py:188} INFO - [2025-09-16T15:12:08.138+0000] {dagbag.py:545} INFO - Filling up the DagBag from /home/airflow/.local/lib/python3.12/site-packages/airflow/example_dags/example_xcom.py
[2025-09-16T15:12:08.150+0000] {processor.py:840} INFO - DAG(s) 'example_xcom' retrieved from /home/airflow/.local/lib/python3.12/site-packages/airflow/example_dags/example_xcom.py
[2025-09-16T15:12:08.180+0000] {logging_mixin.py:188} INFO - [2025-09-16T15:12:08.180+0000] {dag.py:3096} INFO - Sync 1 DAGs
[2025-09-16T15:12:08.212+0000] {logging_mixin.py:188} INFO - [2025-09-16T15:12:08.212+0000] {dag.py:3954} INFO - Setting next_dagrun for example_xcom to 2021-01-01 00:00:00+00:00, run_after=2021-01-01 00:00:00+00:00
[2025-09-16T15:12:08.240+0000] {processor.py:183} INFO - Processing /home/airflow/.local/lib/python3.12/site-packages/airflow/example_dags/example_xcom.py took 0.116 seconds
[2025-09-16T15:12:38.444+0000] {processor.py:161} INFO - Started process (PID=1364) to work on /home/airflow/.local/lib/python3.12/site-packages/airflow/example_dags/example_xcom.py
[2025-09-16T15:12:38.446+0000] {processor.py:830} INFO - Processing file /home/airflow/.local/lib/python3.12/site-packages/airflow/example_dags/example_xcom.py for tasks to queue
[2025-09-16T15:12:38.450+0000] {logging_mixin.py:188} INFO - [2025-09-16T15:12:38.449+0000] {dagbag.py:545} INFO - Filling up the DagBag from /home/airflow/.local/lib/python3.12/site-packages/airflow/example_dags/example_xcom.py
[2025-09-16T15:12:38.461+0000] {processor.py:840} INFO - DAG(s) 'example_xcom' retrieved from /home/airflow/.local/lib/python3.12/site-packages/airflow/example_dags/example_xcom.py
[2025-09-16T15:12:38.495+0000] {logging_mixin.py:188} INFO - [2025-09-16T15:12:38.494+0000] {dag.py:3096} INFO - Sync 1 DAGs
[2025-09-16T15:12:38.546+0000] {logging_mixin.py:188} INFO - [2025-09-16T15:12:38.545+0000] {dag.py:3954} INFO - Setting next_dagrun for example_xcom to 2021-01-01 00:00:00+00:00, run_after=2021-01-01 00:00:00+00:00
[2025-09-16T15:12:38.595+0000] {processor.py:183} INFO - Processing /home/airflow/.local/lib/python3.12/site-packages/airflow/example_dags/example_xcom.py took 0.159 seconds
[2025-09-16T15:13:08.991+0000] {processor.py:161} INFO - Started process (PID=1424) to work on /home/airflow/.local/lib/python3.12/site-packages/airflow/example_dags/example_xcom.py
[2025-09-16T15:13:08.993+0000] {processor.py:830} INFO - Processing file /home/airflow/.local/lib/python3.12/site-packages/airflow/example_dags/example_xcom.py for tasks to queue
[2025-09-16T15:13:08.996+0000] {logging_mixin.py:188} INFO - [2025-09-16T15:13:08.995+0000] {dagbag.py:545} INFO - Filling up the DagBag from /home/airflow/.local/lib/python3.12/site-packages/airflow/example_dags/example_xcom.py
[2025-09-16T15:13:09.005+0000] {processor.py:840} INFO - DAG(s) 'example_xcom' retrieved from /home/airflow/.local/lib/python3.12/site-packages/airflow/example_dags/example_xcom.py
[2025-09-16T15:13:09.030+0000] {logging_mixin.py:188} INFO - [2025-09-16T15:13:09.029+0000] {dag.py:3096} INFO - Sync 1 DAGs
[2025-09-16T15:13:09.055+0000] {logging_mixin.py:188} INFO - [2025-09-16T15:13:09.055+0000] {dag.py:3954} INFO - Setting next_dagrun for example_xcom to 2021-01-01 00:00:00+00:00, run_after=2021-01-01 00:00:00+00:00
[2025-09-16T15:13:09.085+0000] {processor.py:183} INFO - Processing /home/airflow/.local/lib/python3.12/site-packages/airflow/example_dags/example_xcom.py took 0.101 seconds
[2025-09-16T15:13:39.386+0000] {processor.py:161} INFO - Started process (PID=1484) to work on /home/airflow/.local/lib/python3.12/site-packages/airflow/example_dags/example_xcom.py
[2025-09-16T15:13:39.388+0000] {processor.py:830} INFO - Processing file /home/airflow/.local/lib/python3.12/site-packages/airflow/example_dags/example_xcom.py for tasks to queue
[2025-09-16T15:13:39.390+0000] {logging_mixin.py:188} INFO - [2025-09-16T15:13:39.390+0000] {dagbag.py:545} INFO - Filling up the DagBag from /home/airflow/.local/lib/python3.12/site-packages/airflow/example_dags/example_xcom.py
[2025-09-16T15:13:39.398+0000] {processor.py:840} INFO - DAG(s) 'example_xcom' retrieved from /home/airflow/.local/lib/python3.12/site-packages/airflow/example_dags/example_xcom.py
[2025-09-16T15:13:39.423+0000] {logging_mixin.py:188} INFO - [2025-09-16T15:13:39.423+0000] {dag.py:3096} INFO - Sync 1 DAGs
[2025-09-16T15:13:39.449+0000] {logging_mixin.py:188} INFO - [2025-09-16T15:13:39.448+0000] {dag.py:3954} INFO - Setting next_dagrun for example_xcom to 2021-01-01 00:00:00+00:00, run_after=2021-01-01 00:00:00+00:00
[2025-09-16T15:13:39.472+0000] {processor.py:183} INFO - Processing /home/airflow/.local/lib/python3.12/site-packages/airflow/example_dags/example_xcom.py took 0.092 seconds
