[2025-09-16T14:07:49.147+0000] {processor.py:161} INFO - Started process (PID=123) to work on /home/airflow/.local/lib/python3.12/site-packages/airflow/example_dags/example_latest_only_with_trigger.py
[2025-09-16T14:07:49.149+0000] {processor.py:830} INFO - Processing file /home/airflow/.local/lib/python3.12/site-packages/airflow/example_dags/example_latest_only_with_trigger.py for tasks to queue
[2025-09-16T14:07:49.153+0000] {logging_mixin.py:188} INFO - [2025-09-16T14:07:49.152+0000] {dagbag.py:545} INFO - Filling up the DagBag from /home/airflow/.local/lib/python3.12/site-packages/airflow/example_dags/example_latest_only_with_trigger.py
[2025-09-16T14:07:49.179+0000] {processor.py:840} INFO - DAG(s) 'latest_only_with_trigger' retrieved from /home/airflow/.local/lib/python3.12/site-packages/airflow/example_dags/example_latest_only_with_trigger.py
[2025-09-16T14:07:49.206+0000] {logging_mixin.py:188} INFO - [2025-09-16T14:07:49.205+0000] {dag.py:3096} INFO - Sync 1 DAGs
[2025-09-16T14:07:49.256+0000] {logging_mixin.py:188} INFO - [2025-09-16T14:07:49.255+0000] {dag.py:3954} INFO - Setting next_dagrun for latest_only_with_trigger to 2025-09-16 08:00:00+00:00, run_after=2025-09-16 12:00:00+00:00
[2025-09-16T14:07:49.297+0000] {processor.py:183} INFO - Processing /home/airflow/.local/lib/python3.12/site-packages/airflow/example_dags/example_latest_only_with_trigger.py took 0.160 seconds
[2025-09-16T14:08:19.544+0000] {processor.py:161} INFO - Started process (PID=187) to work on /home/airflow/.local/lib/python3.12/site-packages/airflow/example_dags/example_latest_only_with_trigger.py
[2025-09-16T14:08:19.549+0000] {processor.py:830} INFO - Processing file /home/airflow/.local/lib/python3.12/site-packages/airflow/example_dags/example_latest_only_with_trigger.py for tasks to queue
[2025-09-16T14:08:19.553+0000] {logging_mixin.py:188} INFO - [2025-09-16T14:08:19.553+0000] {dagbag.py:545} INFO - Filling up the DagBag from /home/airflow/.local/lib/python3.12/site-packages/airflow/example_dags/example_latest_only_with_trigger.py
[2025-09-16T14:08:19.570+0000] {processor.py:840} INFO - DAG(s) 'latest_only_with_trigger' retrieved from /home/airflow/.local/lib/python3.12/site-packages/airflow/example_dags/example_latest_only_with_trigger.py
[2025-09-16T14:08:20.003+0000] {logging_mixin.py:188} INFO - [2025-09-16T14:08:20.003+0000] {dag.py:3096} INFO - Sync 1 DAGs
[2025-09-16T14:08:20.062+0000] {logging_mixin.py:188} INFO - [2025-09-16T14:08:20.061+0000] {dag.py:3954} INFO - Setting next_dagrun for latest_only_with_trigger to 2025-09-16 08:00:00+00:00, run_after=2025-09-16 12:00:00+00:00
[2025-09-16T14:08:20.130+0000] {processor.py:183} INFO - Processing /home/airflow/.local/lib/python3.12/site-packages/airflow/example_dags/example_latest_only_with_trigger.py took 0.597 seconds
[2025-09-16T14:08:50.498+0000] {processor.py:161} INFO - Started process (PID=247) to work on /home/airflow/.local/lib/python3.12/site-packages/airflow/example_dags/example_latest_only_with_trigger.py
[2025-09-16T14:08:50.499+0000] {processor.py:830} INFO - Processing file /home/airflow/.local/lib/python3.12/site-packages/airflow/example_dags/example_latest_only_with_trigger.py for tasks to queue
[2025-09-16T14:08:50.523+0000] {logging_mixin.py:188} INFO - [2025-09-16T14:08:50.521+0000] {dagbag.py:545} INFO - Filling up the DagBag from /home/airflow/.local/lib/python3.12/site-packages/airflow/example_dags/example_latest_only_with_trigger.py
[2025-09-16T14:08:50.532+0000] {processor.py:840} INFO - DAG(s) 'latest_only_with_trigger' retrieved from /home/airflow/.local/lib/python3.12/site-packages/airflow/example_dags/example_latest_only_with_trigger.py
[2025-09-16T14:08:50.566+0000] {logging_mixin.py:188} INFO - [2025-09-16T14:08:50.565+0000] {dag.py:3096} INFO - Sync 1 DAGs
[2025-09-16T14:08:50.610+0000] {logging_mixin.py:188} INFO - [2025-09-16T14:08:50.610+0000] {dag.py:3954} INFO - Setting next_dagrun for latest_only_with_trigger to 2025-09-16 08:00:00+00:00, run_after=2025-09-16 12:00:00+00:00
[2025-09-16T14:08:50.667+0000] {processor.py:183} INFO - Processing /home/airflow/.local/lib/python3.12/site-packages/airflow/example_dags/example_latest_only_with_trigger.py took 0.178 seconds
[2025-09-16T14:09:20.986+0000] {processor.py:161} INFO - Started process (PID=307) to work on /home/airflow/.local/lib/python3.12/site-packages/airflow/example_dags/example_latest_only_with_trigger.py
[2025-09-16T14:09:20.987+0000] {processor.py:830} INFO - Processing file /home/airflow/.local/lib/python3.12/site-packages/airflow/example_dags/example_latest_only_with_trigger.py for tasks to queue
[2025-09-16T14:09:20.991+0000] {logging_mixin.py:188} INFO - [2025-09-16T14:09:20.990+0000] {dagbag.py:545} INFO - Filling up the DagBag from /home/airflow/.local/lib/python3.12/site-packages/airflow/example_dags/example_latest_only_with_trigger.py
[2025-09-16T14:09:21.001+0000] {processor.py:840} INFO - DAG(s) 'latest_only_with_trigger' retrieved from /home/airflow/.local/lib/python3.12/site-packages/airflow/example_dags/example_latest_only_with_trigger.py
[2025-09-16T14:09:21.034+0000] {logging_mixin.py:188} INFO - [2025-09-16T14:09:21.033+0000] {dag.py:3096} INFO - Sync 1 DAGs
[2025-09-16T14:09:21.067+0000] {logging_mixin.py:188} INFO - [2025-09-16T14:09:21.067+0000] {dag.py:3954} INFO - Setting next_dagrun for latest_only_with_trigger to 2025-09-16 08:00:00+00:00, run_after=2025-09-16 12:00:00+00:00
[2025-09-16T14:09:21.096+0000] {processor.py:183} INFO - Processing /home/airflow/.local/lib/python3.12/site-packages/airflow/example_dags/example_latest_only_with_trigger.py took 0.117 seconds
[2025-09-16T14:09:51.772+0000] {processor.py:161} INFO - Started process (PID=367) to work on /home/airflow/.local/lib/python3.12/site-packages/airflow/example_dags/example_latest_only_with_trigger.py
[2025-09-16T14:09:51.774+0000] {processor.py:830} INFO - Processing file /home/airflow/.local/lib/python3.12/site-packages/airflow/example_dags/example_latest_only_with_trigger.py for tasks to queue
[2025-09-16T14:09:51.777+0000] {logging_mixin.py:188} INFO - [2025-09-16T14:09:51.777+0000] {dagbag.py:545} INFO - Filling up the DagBag from /home/airflow/.local/lib/python3.12/site-packages/airflow/example_dags/example_latest_only_with_trigger.py
[2025-09-16T14:09:51.790+0000] {processor.py:840} INFO - DAG(s) 'latest_only_with_trigger' retrieved from /home/airflow/.local/lib/python3.12/site-packages/airflow/example_dags/example_latest_only_with_trigger.py
[2025-09-16T14:09:51.829+0000] {logging_mixin.py:188} INFO - [2025-09-16T14:09:51.829+0000] {dag.py:3096} INFO - Sync 1 DAGs
[2025-09-16T14:09:51.884+0000] {logging_mixin.py:188} INFO - [2025-09-16T14:09:51.883+0000] {dag.py:3954} INFO - Setting next_dagrun for latest_only_with_trigger to 2025-09-16 08:00:00+00:00, run_after=2025-09-16 12:00:00+00:00
[2025-09-16T14:09:51.927+0000] {processor.py:183} INFO - Processing /home/airflow/.local/lib/python3.12/site-packages/airflow/example_dags/example_latest_only_with_trigger.py took 0.164 seconds
[2025-09-16T14:10:22.292+0000] {processor.py:161} INFO - Started process (PID=427) to work on /home/airflow/.local/lib/python3.12/site-packages/airflow/example_dags/example_latest_only_with_trigger.py
[2025-09-16T14:10:22.294+0000] {processor.py:830} INFO - Processing file /home/airflow/.local/lib/python3.12/site-packages/airflow/example_dags/example_latest_only_with_trigger.py for tasks to queue
[2025-09-16T14:10:22.297+0000] {logging_mixin.py:188} INFO - [2025-09-16T14:10:22.296+0000] {dagbag.py:545} INFO - Filling up the DagBag from /home/airflow/.local/lib/python3.12/site-packages/airflow/example_dags/example_latest_only_with_trigger.py
[2025-09-16T14:10:22.305+0000] {processor.py:840} INFO - DAG(s) 'latest_only_with_trigger' retrieved from /home/airflow/.local/lib/python3.12/site-packages/airflow/example_dags/example_latest_only_with_trigger.py
[2025-09-16T14:10:22.337+0000] {logging_mixin.py:188} INFO - [2025-09-16T14:10:22.336+0000] {dag.py:3096} INFO - Sync 1 DAGs
[2025-09-16T14:10:22.371+0000] {logging_mixin.py:188} INFO - [2025-09-16T14:10:22.371+0000] {dag.py:3954} INFO - Setting next_dagrun for latest_only_with_trigger to 2025-09-16 08:00:00+00:00, run_after=2025-09-16 12:00:00+00:00
[2025-09-16T14:10:22.403+0000] {processor.py:183} INFO - Processing /home/airflow/.local/lib/python3.12/site-packages/airflow/example_dags/example_latest_only_with_trigger.py took 0.121 seconds
[2025-09-16T14:10:52.551+0000] {processor.py:161} INFO - Started process (PID=487) to work on /home/airflow/.local/lib/python3.12/site-packages/airflow/example_dags/example_latest_only_with_trigger.py
[2025-09-16T14:10:52.554+0000] {processor.py:830} INFO - Processing file /home/airflow/.local/lib/python3.12/site-packages/airflow/example_dags/example_latest_only_with_trigger.py for tasks to queue
[2025-09-16T14:10:52.558+0000] {logging_mixin.py:188} INFO - [2025-09-16T14:10:52.557+0000] {dagbag.py:545} INFO - Filling up the DagBag from /home/airflow/.local/lib/python3.12/site-packages/airflow/example_dags/example_latest_only_with_trigger.py
[2025-09-16T14:10:52.573+0000] {processor.py:840} INFO - DAG(s) 'latest_only_with_trigger' retrieved from /home/airflow/.local/lib/python3.12/site-packages/airflow/example_dags/example_latest_only_with_trigger.py
[2025-09-16T14:10:52.617+0000] {logging_mixin.py:188} INFO - [2025-09-16T14:10:52.617+0000] {dag.py:3096} INFO - Sync 1 DAGs
[2025-09-16T14:10:52.653+0000] {logging_mixin.py:188} INFO - [2025-09-16T14:10:52.653+0000] {dag.py:3954} INFO - Setting next_dagrun for latest_only_with_trigger to 2025-09-16 08:00:00+00:00, run_after=2025-09-16 12:00:00+00:00
[2025-09-16T14:10:52.681+0000] {processor.py:183} INFO - Processing /home/airflow/.local/lib/python3.12/site-packages/airflow/example_dags/example_latest_only_with_trigger.py took 0.141 seconds
[2025-09-16T14:11:23.288+0000] {processor.py:161} INFO - Started process (PID=547) to work on /home/airflow/.local/lib/python3.12/site-packages/airflow/example_dags/example_latest_only_with_trigger.py
[2025-09-16T14:11:23.290+0000] {processor.py:830} INFO - Processing file /home/airflow/.local/lib/python3.12/site-packages/airflow/example_dags/example_latest_only_with_trigger.py for tasks to queue
[2025-09-16T14:11:23.292+0000] {logging_mixin.py:188} INFO - [2025-09-16T14:11:23.292+0000] {dagbag.py:545} INFO - Filling up the DagBag from /home/airflow/.local/lib/python3.12/site-packages/airflow/example_dags/example_latest_only_with_trigger.py
[2025-09-16T14:11:23.298+0000] {processor.py:840} INFO - DAG(s) 'latest_only_with_trigger' retrieved from /home/airflow/.local/lib/python3.12/site-packages/airflow/example_dags/example_latest_only_with_trigger.py
[2025-09-16T14:11:23.324+0000] {logging_mixin.py:188} INFO - [2025-09-16T14:11:23.324+0000] {dag.py:3096} INFO - Sync 1 DAGs
[2025-09-16T14:11:23.351+0000] {logging_mixin.py:188} INFO - [2025-09-16T14:11:23.351+0000] {dag.py:3954} INFO - Setting next_dagrun for latest_only_with_trigger to 2025-09-16 08:00:00+00:00, run_after=2025-09-16 12:00:00+00:00
[2025-09-16T14:11:23.378+0000] {processor.py:183} INFO - Processing /home/airflow/.local/lib/python3.12/site-packages/airflow/example_dags/example_latest_only_with_trigger.py took 0.097 seconds
[2025-09-16T14:11:53.687+0000] {processor.py:161} INFO - Started process (PID=607) to work on /home/airflow/.local/lib/python3.12/site-packages/airflow/example_dags/example_latest_only_with_trigger.py
[2025-09-16T14:11:53.689+0000] {processor.py:830} INFO - Processing file /home/airflow/.local/lib/python3.12/site-packages/airflow/example_dags/example_latest_only_with_trigger.py for tasks to queue
[2025-09-16T14:11:53.692+0000] {logging_mixin.py:188} INFO - [2025-09-16T14:11:53.691+0000] {dagbag.py:545} INFO - Filling up the DagBag from /home/airflow/.local/lib/python3.12/site-packages/airflow/example_dags/example_latest_only_with_trigger.py
[2025-09-16T14:11:53.705+0000] {processor.py:840} INFO - DAG(s) 'latest_only_with_trigger' retrieved from /home/airflow/.local/lib/python3.12/site-packages/airflow/example_dags/example_latest_only_with_trigger.py
[2025-09-16T14:11:53.737+0000] {logging_mixin.py:188} INFO - [2025-09-16T14:11:53.737+0000] {dag.py:3096} INFO - Sync 1 DAGs
[2025-09-16T14:11:53.772+0000] {logging_mixin.py:188} INFO - [2025-09-16T14:11:53.772+0000] {dag.py:3954} INFO - Setting next_dagrun for latest_only_with_trigger to 2025-09-16 08:00:00+00:00, run_after=2025-09-16 12:00:00+00:00
[2025-09-16T14:11:53.811+0000] {processor.py:183} INFO - Processing /home/airflow/.local/lib/python3.12/site-packages/airflow/example_dags/example_latest_only_with_trigger.py took 0.134 seconds
[2025-09-16T14:12:23.967+0000] {processor.py:161} INFO - Started process (PID=667) to work on /home/airflow/.local/lib/python3.12/site-packages/airflow/example_dags/example_latest_only_with_trigger.py
[2025-09-16T14:12:23.969+0000] {processor.py:830} INFO - Processing file /home/airflow/.local/lib/python3.12/site-packages/airflow/example_dags/example_latest_only_with_trigger.py for tasks to queue
[2025-09-16T14:12:23.971+0000] {logging_mixin.py:188} INFO - [2025-09-16T14:12:23.971+0000] {dagbag.py:545} INFO - Filling up the DagBag from /home/airflow/.local/lib/python3.12/site-packages/airflow/example_dags/example_latest_only_with_trigger.py
[2025-09-16T14:12:23.979+0000] {processor.py:840} INFO - DAG(s) 'latest_only_with_trigger' retrieved from /home/airflow/.local/lib/python3.12/site-packages/airflow/example_dags/example_latest_only_with_trigger.py
[2025-09-16T14:12:24.009+0000] {logging_mixin.py:188} INFO - [2025-09-16T14:12:24.008+0000] {dag.py:3096} INFO - Sync 1 DAGs
[2025-09-16T14:12:24.041+0000] {logging_mixin.py:188} INFO - [2025-09-16T14:12:24.041+0000] {dag.py:3954} INFO - Setting next_dagrun for latest_only_with_trigger to 2025-09-16 08:00:00+00:00, run_after=2025-09-16 12:00:00+00:00
[2025-09-16T14:12:24.078+0000] {processor.py:183} INFO - Processing /home/airflow/.local/lib/python3.12/site-packages/airflow/example_dags/example_latest_only_with_trigger.py took 0.119 seconds
[2025-09-16T14:12:54.365+0000] {processor.py:161} INFO - Started process (PID=727) to work on /home/airflow/.local/lib/python3.12/site-packages/airflow/example_dags/example_latest_only_with_trigger.py
[2025-09-16T14:12:54.367+0000] {processor.py:830} INFO - Processing file /home/airflow/.local/lib/python3.12/site-packages/airflow/example_dags/example_latest_only_with_trigger.py for tasks to queue
[2025-09-16T14:12:54.369+0000] {logging_mixin.py:188} INFO - [2025-09-16T14:12:54.369+0000] {dagbag.py:545} INFO - Filling up the DagBag from /home/airflow/.local/lib/python3.12/site-packages/airflow/example_dags/example_latest_only_with_trigger.py
[2025-09-16T14:12:54.376+0000] {processor.py:840} INFO - DAG(s) 'latest_only_with_trigger' retrieved from /home/airflow/.local/lib/python3.12/site-packages/airflow/example_dags/example_latest_only_with_trigger.py
[2025-09-16T14:12:54.404+0000] {logging_mixin.py:188} INFO - [2025-09-16T14:12:54.403+0000] {dag.py:3096} INFO - Sync 1 DAGs
[2025-09-16T14:12:54.433+0000] {logging_mixin.py:188} INFO - [2025-09-16T14:12:54.433+0000] {dag.py:3954} INFO - Setting next_dagrun for latest_only_with_trigger to 2025-09-16 08:00:00+00:00, run_after=2025-09-16 12:00:00+00:00
[2025-09-16T14:12:54.468+0000] {processor.py:183} INFO - Processing /home/airflow/.local/lib/python3.12/site-packages/airflow/example_dags/example_latest_only_with_trigger.py took 0.109 seconds
[2025-09-16T14:13:24.665+0000] {processor.py:161} INFO - Started process (PID=787) to work on /home/airflow/.local/lib/python3.12/site-packages/airflow/example_dags/example_latest_only_with_trigger.py
[2025-09-16T14:13:24.667+0000] {processor.py:830} INFO - Processing file /home/airflow/.local/lib/python3.12/site-packages/airflow/example_dags/example_latest_only_with_trigger.py for tasks to queue
[2025-09-16T14:13:24.671+0000] {logging_mixin.py:188} INFO - [2025-09-16T14:13:24.670+0000] {dagbag.py:545} INFO - Filling up the DagBag from /home/airflow/.local/lib/python3.12/site-packages/airflow/example_dags/example_latest_only_with_trigger.py
[2025-09-16T14:13:24.679+0000] {processor.py:840} INFO - DAG(s) 'latest_only_with_trigger' retrieved from /home/airflow/.local/lib/python3.12/site-packages/airflow/example_dags/example_latest_only_with_trigger.py
[2025-09-16T14:13:24.716+0000] {logging_mixin.py:188} INFO - [2025-09-16T14:13:24.716+0000] {dag.py:3096} INFO - Sync 1 DAGs
[2025-09-16T14:13:24.756+0000] {logging_mixin.py:188} INFO - [2025-09-16T14:13:24.756+0000] {dag.py:3954} INFO - Setting next_dagrun for latest_only_with_trigger to 2025-09-16 08:00:00+00:00, run_after=2025-09-16 12:00:00+00:00
[2025-09-16T14:13:24.799+0000] {processor.py:183} INFO - Processing /home/airflow/.local/lib/python3.12/site-packages/airflow/example_dags/example_latest_only_with_trigger.py took 0.143 seconds
[2025-09-16T14:13:55.335+0000] {processor.py:161} INFO - Started process (PID=851) to work on /home/airflow/.local/lib/python3.12/site-packages/airflow/example_dags/example_latest_only_with_trigger.py
[2025-09-16T14:13:55.337+0000] {processor.py:830} INFO - Processing file /home/airflow/.local/lib/python3.12/site-packages/airflow/example_dags/example_latest_only_with_trigger.py for tasks to queue
[2025-09-16T14:13:55.340+0000] {logging_mixin.py:188} INFO - [2025-09-16T14:13:55.339+0000] {dagbag.py:545} INFO - Filling up the DagBag from /home/airflow/.local/lib/python3.12/site-packages/airflow/example_dags/example_latest_only_with_trigger.py
[2025-09-16T14:13:55.347+0000] {processor.py:840} INFO - DAG(s) 'latest_only_with_trigger' retrieved from /home/airflow/.local/lib/python3.12/site-packages/airflow/example_dags/example_latest_only_with_trigger.py
[2025-09-16T14:13:55.379+0000] {logging_mixin.py:188} INFO - [2025-09-16T14:13:55.379+0000] {dag.py:3096} INFO - Sync 1 DAGs
[2025-09-16T14:13:55.414+0000] {logging_mixin.py:188} INFO - [2025-09-16T14:13:55.414+0000] {dag.py:3954} INFO - Setting next_dagrun for latest_only_with_trigger to 2025-09-16 08:00:00+00:00, run_after=2025-09-16 12:00:00+00:00
[2025-09-16T14:13:55.446+0000] {processor.py:183} INFO - Processing /home/airflow/.local/lib/python3.12/site-packages/airflow/example_dags/example_latest_only_with_trigger.py took 0.121 seconds
[2025-09-16T14:14:26.163+0000] {processor.py:161} INFO - Started process (PID=917) to work on /home/airflow/.local/lib/python3.12/site-packages/airflow/example_dags/example_latest_only_with_trigger.py
[2025-09-16T14:14:26.165+0000] {processor.py:830} INFO - Processing file /home/airflow/.local/lib/python3.12/site-packages/airflow/example_dags/example_latest_only_with_trigger.py for tasks to queue
[2025-09-16T14:14:26.169+0000] {logging_mixin.py:188} INFO - [2025-09-16T14:14:26.168+0000] {dagbag.py:545} INFO - Filling up the DagBag from /home/airflow/.local/lib/python3.12/site-packages/airflow/example_dags/example_latest_only_with_trigger.py
[2025-09-16T14:14:26.177+0000] {processor.py:840} INFO - DAG(s) 'latest_only_with_trigger' retrieved from /home/airflow/.local/lib/python3.12/site-packages/airflow/example_dags/example_latest_only_with_trigger.py
[2025-09-16T14:14:26.212+0000] {logging_mixin.py:188} INFO - [2025-09-16T14:14:26.212+0000] {dag.py:3096} INFO - Sync 1 DAGs
[2025-09-16T14:14:26.253+0000] {logging_mixin.py:188} INFO - [2025-09-16T14:14:26.252+0000] {dag.py:3954} INFO - Setting next_dagrun for latest_only_with_trigger to 2025-09-16 08:00:00+00:00, run_after=2025-09-16 12:00:00+00:00
[2025-09-16T14:14:26.288+0000] {processor.py:183} INFO - Processing /home/airflow/.local/lib/python3.12/site-packages/airflow/example_dags/example_latest_only_with_trigger.py took 0.134 seconds
[2025-09-16T14:14:56.436+0000] {processor.py:161} INFO - Started process (PID=975) to work on /home/airflow/.local/lib/python3.12/site-packages/airflow/example_dags/example_latest_only_with_trigger.py
[2025-09-16T14:14:56.438+0000] {processor.py:830} INFO - Processing file /home/airflow/.local/lib/python3.12/site-packages/airflow/example_dags/example_latest_only_with_trigger.py for tasks to queue
[2025-09-16T14:14:56.441+0000] {logging_mixin.py:188} INFO - [2025-09-16T14:14:56.441+0000] {dagbag.py:545} INFO - Filling up the DagBag from /home/airflow/.local/lib/python3.12/site-packages/airflow/example_dags/example_latest_only_with_trigger.py
[2025-09-16T14:14:56.449+0000] {processor.py:840} INFO - DAG(s) 'latest_only_with_trigger' retrieved from /home/airflow/.local/lib/python3.12/site-packages/airflow/example_dags/example_latest_only_with_trigger.py
[2025-09-16T14:14:56.478+0000] {logging_mixin.py:188} INFO - [2025-09-16T14:14:56.478+0000] {dag.py:3096} INFO - Sync 1 DAGs
[2025-09-16T14:14:56.510+0000] {logging_mixin.py:188} INFO - [2025-09-16T14:14:56.509+0000] {dag.py:3954} INFO - Setting next_dagrun for latest_only_with_trigger to 2025-09-16 08:00:00+00:00, run_after=2025-09-16 12:00:00+00:00
[2025-09-16T14:14:56.537+0000] {processor.py:183} INFO - Processing /home/airflow/.local/lib/python3.12/site-packages/airflow/example_dags/example_latest_only_with_trigger.py took 0.109 seconds
[2025-09-16T14:16:40.402+0000] {processor.py:161} INFO - Started process (PID=82) to work on /home/airflow/.local/lib/python3.12/site-packages/airflow/example_dags/example_latest_only_with_trigger.py
[2025-09-16T14:16:40.404+0000] {processor.py:830} INFO - Processing file /home/airflow/.local/lib/python3.12/site-packages/airflow/example_dags/example_latest_only_with_trigger.py for tasks to queue
[2025-09-16T14:16:40.407+0000] {logging_mixin.py:188} INFO - [2025-09-16T14:16:40.407+0000] {dagbag.py:545} INFO - Filling up the DagBag from /home/airflow/.local/lib/python3.12/site-packages/airflow/example_dags/example_latest_only_with_trigger.py
[2025-09-16T14:16:40.429+0000] {processor.py:840} INFO - DAG(s) 'latest_only_with_trigger' retrieved from /home/airflow/.local/lib/python3.12/site-packages/airflow/example_dags/example_latest_only_with_trigger.py
[2025-09-16T14:16:40.694+0000] {logging_mixin.py:188} INFO - [2025-09-16T14:16:40.694+0000] {dag.py:3096} INFO - Sync 1 DAGs
[2025-09-16T14:16:40.736+0000] {logging_mixin.py:188} INFO - [2025-09-16T14:16:40.736+0000] {dag.py:3954} INFO - Setting next_dagrun for latest_only_with_trigger to 2025-09-16 08:00:00+00:00, run_after=2025-09-16 12:00:00+00:00
[2025-09-16T14:16:40.779+0000] {processor.py:183} INFO - Processing /home/airflow/.local/lib/python3.12/site-packages/airflow/example_dags/example_latest_only_with_trigger.py took 0.387 seconds
[2025-09-16T14:17:11.488+0000] {processor.py:161} INFO - Started process (PID=141) to work on /home/airflow/.local/lib/python3.12/site-packages/airflow/example_dags/example_latest_only_with_trigger.py
[2025-09-16T14:17:11.489+0000] {processor.py:830} INFO - Processing file /home/airflow/.local/lib/python3.12/site-packages/airflow/example_dags/example_latest_only_with_trigger.py for tasks to queue
[2025-09-16T14:17:11.493+0000] {logging_mixin.py:188} INFO - [2025-09-16T14:17:11.493+0000] {dagbag.py:545} INFO - Filling up the DagBag from /home/airflow/.local/lib/python3.12/site-packages/airflow/example_dags/example_latest_only_with_trigger.py
[2025-09-16T14:17:11.500+0000] {processor.py:840} INFO - DAG(s) 'latest_only_with_trigger' retrieved from /home/airflow/.local/lib/python3.12/site-packages/airflow/example_dags/example_latest_only_with_trigger.py
[2025-09-16T14:17:11.528+0000] {logging_mixin.py:188} INFO - [2025-09-16T14:17:11.528+0000] {dag.py:3096} INFO - Sync 1 DAGs
[2025-09-16T14:17:11.561+0000] {logging_mixin.py:188} INFO - [2025-09-16T14:17:11.560+0000] {dag.py:3954} INFO - Setting next_dagrun for latest_only_with_trigger to 2025-09-16 08:00:00+00:00, run_after=2025-09-16 12:00:00+00:00
[2025-09-16T14:17:11.591+0000] {processor.py:183} INFO - Processing /home/airflow/.local/lib/python3.12/site-packages/airflow/example_dags/example_latest_only_with_trigger.py took 0.111 seconds
[2025-09-16T14:17:42.289+0000] {processor.py:161} INFO - Started process (PID=201) to work on /home/airflow/.local/lib/python3.12/site-packages/airflow/example_dags/example_latest_only_with_trigger.py
[2025-09-16T14:17:42.292+0000] {processor.py:830} INFO - Processing file /home/airflow/.local/lib/python3.12/site-packages/airflow/example_dags/example_latest_only_with_trigger.py for tasks to queue
[2025-09-16T14:17:42.300+0000] {logging_mixin.py:188} INFO - [2025-09-16T14:17:42.299+0000] {dagbag.py:545} INFO - Filling up the DagBag from /home/airflow/.local/lib/python3.12/site-packages/airflow/example_dags/example_latest_only_with_trigger.py
[2025-09-16T14:17:42.323+0000] {processor.py:840} INFO - DAG(s) 'latest_only_with_trigger' retrieved from /home/airflow/.local/lib/python3.12/site-packages/airflow/example_dags/example_latest_only_with_trigger.py
[2025-09-16T14:17:42.483+0000] {logging_mixin.py:188} INFO - [2025-09-16T14:17:42.482+0000] {dag.py:3096} INFO - Sync 1 DAGs
[2025-09-16T14:17:42.664+0000] {logging_mixin.py:188} INFO - [2025-09-16T14:17:42.663+0000] {dag.py:3954} INFO - Setting next_dagrun for latest_only_with_trigger to 2025-09-16 08:00:00+00:00, run_after=2025-09-16 12:00:00+00:00
[2025-09-16T14:17:42.744+0000] {processor.py:183} INFO - Processing /home/airflow/.local/lib/python3.12/site-packages/airflow/example_dags/example_latest_only_with_trigger.py took 0.468 seconds
[2025-09-16T14:18:13.313+0000] {processor.py:161} INFO - Started process (PID=261) to work on /home/airflow/.local/lib/python3.12/site-packages/airflow/example_dags/example_latest_only_with_trigger.py
[2025-09-16T14:18:13.316+0000] {processor.py:830} INFO - Processing file /home/airflow/.local/lib/python3.12/site-packages/airflow/example_dags/example_latest_only_with_trigger.py for tasks to queue
[2025-09-16T14:18:13.322+0000] {logging_mixin.py:188} INFO - [2025-09-16T14:18:13.321+0000] {dagbag.py:545} INFO - Filling up the DagBag from /home/airflow/.local/lib/python3.12/site-packages/airflow/example_dags/example_latest_only_with_trigger.py
[2025-09-16T14:18:13.340+0000] {processor.py:840} INFO - DAG(s) 'latest_only_with_trigger' retrieved from /home/airflow/.local/lib/python3.12/site-packages/airflow/example_dags/example_latest_only_with_trigger.py
[2025-09-16T14:18:13.395+0000] {logging_mixin.py:188} INFO - [2025-09-16T14:18:13.394+0000] {dag.py:3096} INFO - Sync 1 DAGs
[2025-09-16T14:18:13.444+0000] {logging_mixin.py:188} INFO - [2025-09-16T14:18:13.444+0000] {dag.py:3954} INFO - Setting next_dagrun for latest_only_with_trigger to 2025-09-16 08:00:00+00:00, run_after=2025-09-16 12:00:00+00:00
[2025-09-16T14:18:13.489+0000] {processor.py:183} INFO - Processing /home/airflow/.local/lib/python3.12/site-packages/airflow/example_dags/example_latest_only_with_trigger.py took 0.189 seconds
[2025-09-16T14:18:43.790+0000] {processor.py:161} INFO - Started process (PID=321) to work on /home/airflow/.local/lib/python3.12/site-packages/airflow/example_dags/example_latest_only_with_trigger.py
[2025-09-16T14:18:43.792+0000] {processor.py:830} INFO - Processing file /home/airflow/.local/lib/python3.12/site-packages/airflow/example_dags/example_latest_only_with_trigger.py for tasks to queue
[2025-09-16T14:18:43.795+0000] {logging_mixin.py:188} INFO - [2025-09-16T14:18:43.794+0000] {dagbag.py:545} INFO - Filling up the DagBag from /home/airflow/.local/lib/python3.12/site-packages/airflow/example_dags/example_latest_only_with_trigger.py
[2025-09-16T14:18:43.803+0000] {processor.py:840} INFO - DAG(s) 'latest_only_with_trigger' retrieved from /home/airflow/.local/lib/python3.12/site-packages/airflow/example_dags/example_latest_only_with_trigger.py
[2025-09-16T14:18:43.834+0000] {logging_mixin.py:188} INFO - [2025-09-16T14:18:43.834+0000] {dag.py:3096} INFO - Sync 1 DAGs
[2025-09-16T14:18:43.866+0000] {logging_mixin.py:188} INFO - [2025-09-16T14:18:43.865+0000] {dag.py:3954} INFO - Setting next_dagrun for latest_only_with_trigger to 2025-09-16 08:00:00+00:00, run_after=2025-09-16 12:00:00+00:00
[2025-09-16T14:18:43.930+0000] {processor.py:183} INFO - Processing /home/airflow/.local/lib/python3.12/site-packages/airflow/example_dags/example_latest_only_with_trigger.py took 0.149 seconds
[2025-09-16T14:19:14.947+0000] {processor.py:161} INFO - Started process (PID=382) to work on /home/airflow/.local/lib/python3.12/site-packages/airflow/example_dags/example_latest_only_with_trigger.py
[2025-09-16T14:19:14.948+0000] {processor.py:830} INFO - Processing file /home/airflow/.local/lib/python3.12/site-packages/airflow/example_dags/example_latest_only_with_trigger.py for tasks to queue
[2025-09-16T14:19:14.951+0000] {logging_mixin.py:188} INFO - [2025-09-16T14:19:14.951+0000] {dagbag.py:545} INFO - Filling up the DagBag from /home/airflow/.local/lib/python3.12/site-packages/airflow/example_dags/example_latest_only_with_trigger.py
[2025-09-16T14:19:14.959+0000] {processor.py:840} INFO - DAG(s) 'latest_only_with_trigger' retrieved from /home/airflow/.local/lib/python3.12/site-packages/airflow/example_dags/example_latest_only_with_trigger.py
[2025-09-16T14:19:14.991+0000] {logging_mixin.py:188} INFO - [2025-09-16T14:19:14.990+0000] {dag.py:3096} INFO - Sync 1 DAGs
[2025-09-16T14:19:15.026+0000] {logging_mixin.py:188} INFO - [2025-09-16T14:19:15.026+0000] {dag.py:3954} INFO - Setting next_dagrun for latest_only_with_trigger to 2025-09-16 08:00:00+00:00, run_after=2025-09-16 12:00:00+00:00
[2025-09-16T14:19:15.060+0000] {processor.py:183} INFO - Processing /home/airflow/.local/lib/python3.12/site-packages/airflow/example_dags/example_latest_only_with_trigger.py took 0.121 seconds
[2025-09-16T14:19:45.203+0000] {processor.py:161} INFO - Started process (PID=442) to work on /home/airflow/.local/lib/python3.12/site-packages/airflow/example_dags/example_latest_only_with_trigger.py
[2025-09-16T14:19:45.205+0000] {processor.py:830} INFO - Processing file /home/airflow/.local/lib/python3.12/site-packages/airflow/example_dags/example_latest_only_with_trigger.py for tasks to queue
[2025-09-16T14:19:45.208+0000] {logging_mixin.py:188} INFO - [2025-09-16T14:19:45.207+0000] {dagbag.py:545} INFO - Filling up the DagBag from /home/airflow/.local/lib/python3.12/site-packages/airflow/example_dags/example_latest_only_with_trigger.py
[2025-09-16T14:19:45.215+0000] {processor.py:840} INFO - DAG(s) 'latest_only_with_trigger' retrieved from /home/airflow/.local/lib/python3.12/site-packages/airflow/example_dags/example_latest_only_with_trigger.py
[2025-09-16T14:19:45.243+0000] {logging_mixin.py:188} INFO - [2025-09-16T14:19:45.242+0000] {dag.py:3096} INFO - Sync 1 DAGs
[2025-09-16T14:19:45.272+0000] {logging_mixin.py:188} INFO - [2025-09-16T14:19:45.272+0000] {dag.py:3954} INFO - Setting next_dagrun for latest_only_with_trigger to 2025-09-16 08:00:00+00:00, run_after=2025-09-16 12:00:00+00:00
[2025-09-16T14:19:45.336+0000] {processor.py:183} INFO - Processing /home/airflow/.local/lib/python3.12/site-packages/airflow/example_dags/example_latest_only_with_trigger.py took 0.141 seconds
[2025-09-16T14:20:15.553+0000] {processor.py:161} INFO - Started process (PID=502) to work on /home/airflow/.local/lib/python3.12/site-packages/airflow/example_dags/example_latest_only_with_trigger.py
[2025-09-16T14:20:15.555+0000] {processor.py:830} INFO - Processing file /home/airflow/.local/lib/python3.12/site-packages/airflow/example_dags/example_latest_only_with_trigger.py for tasks to queue
[2025-09-16T14:20:15.557+0000] {logging_mixin.py:188} INFO - [2025-09-16T14:20:15.557+0000] {dagbag.py:545} INFO - Filling up the DagBag from /home/airflow/.local/lib/python3.12/site-packages/airflow/example_dags/example_latest_only_with_trigger.py
[2025-09-16T14:20:15.566+0000] {processor.py:840} INFO - DAG(s) 'latest_only_with_trigger' retrieved from /home/airflow/.local/lib/python3.12/site-packages/airflow/example_dags/example_latest_only_with_trigger.py
[2025-09-16T14:20:15.599+0000] {logging_mixin.py:188} INFO - [2025-09-16T14:20:15.599+0000] {dag.py:3096} INFO - Sync 1 DAGs
[2025-09-16T14:20:15.635+0000] {logging_mixin.py:188} INFO - [2025-09-16T14:20:15.635+0000] {dag.py:3954} INFO - Setting next_dagrun for latest_only_with_trigger to 2025-09-16 08:00:00+00:00, run_after=2025-09-16 12:00:00+00:00
[2025-09-16T14:20:15.674+0000] {processor.py:183} INFO - Processing /home/airflow/.local/lib/python3.12/site-packages/airflow/example_dags/example_latest_only_with_trigger.py took 0.132 seconds
[2025-09-16T14:20:45.949+0000] {processor.py:161} INFO - Started process (PID=562) to work on /home/airflow/.local/lib/python3.12/site-packages/airflow/example_dags/example_latest_only_with_trigger.py
[2025-09-16T14:20:45.950+0000] {processor.py:830} INFO - Processing file /home/airflow/.local/lib/python3.12/site-packages/airflow/example_dags/example_latest_only_with_trigger.py for tasks to queue
[2025-09-16T14:20:45.953+0000] {logging_mixin.py:188} INFO - [2025-09-16T14:20:45.952+0000] {dagbag.py:545} INFO - Filling up the DagBag from /home/airflow/.local/lib/python3.12/site-packages/airflow/example_dags/example_latest_only_with_trigger.py
[2025-09-16T14:20:45.960+0000] {processor.py:840} INFO - DAG(s) 'latest_only_with_trigger' retrieved from /home/airflow/.local/lib/python3.12/site-packages/airflow/example_dags/example_latest_only_with_trigger.py
[2025-09-16T14:20:45.989+0000] {logging_mixin.py:188} INFO - [2025-09-16T14:20:45.989+0000] {dag.py:3096} INFO - Sync 1 DAGs
[2025-09-16T14:20:46.026+0000] {logging_mixin.py:188} INFO - [2025-09-16T14:20:46.026+0000] {dag.py:3954} INFO - Setting next_dagrun for latest_only_with_trigger to 2025-09-16 08:00:00+00:00, run_after=2025-09-16 12:00:00+00:00
[2025-09-16T14:20:46.065+0000] {processor.py:183} INFO - Processing /home/airflow/.local/lib/python3.12/site-packages/airflow/example_dags/example_latest_only_with_trigger.py took 0.123 seconds
[2025-09-16T14:54:05.723+0000] {processor.py:161} INFO - Started process (PID=81) to work on /home/airflow/.local/lib/python3.12/site-packages/airflow/example_dags/example_latest_only_with_trigger.py
[2025-09-16T14:54:05.726+0000] {processor.py:830} INFO - Processing file /home/airflow/.local/lib/python3.12/site-packages/airflow/example_dags/example_latest_only_with_trigger.py for tasks to queue
[2025-09-16T14:54:05.730+0000] {logging_mixin.py:188} INFO - [2025-09-16T14:54:05.729+0000] {dagbag.py:545} INFO - Filling up the DagBag from /home/airflow/.local/lib/python3.12/site-packages/airflow/example_dags/example_latest_only_with_trigger.py
[2025-09-16T14:54:05.749+0000] {processor.py:840} INFO - DAG(s) 'latest_only_with_trigger' retrieved from /home/airflow/.local/lib/python3.12/site-packages/airflow/example_dags/example_latest_only_with_trigger.py
[2025-09-16T14:54:05.952+0000] {logging_mixin.py:188} INFO - [2025-09-16T14:54:05.951+0000] {dag.py:3096} INFO - Sync 1 DAGs
[2025-09-16T14:54:05.990+0000] {logging_mixin.py:188} INFO - [2025-09-16T14:54:05.989+0000] {dag.py:3954} INFO - Setting next_dagrun for latest_only_with_trigger to 2025-09-16 08:00:00+00:00, run_after=2025-09-16 12:00:00+00:00
[2025-09-16T14:54:06.027+0000] {processor.py:183} INFO - Processing /home/airflow/.local/lib/python3.12/site-packages/airflow/example_dags/example_latest_only_with_trigger.py took 0.316 seconds
[2025-09-16T14:54:36.789+0000] {processor.py:161} INFO - Started process (PID=139) to work on /home/airflow/.local/lib/python3.12/site-packages/airflow/example_dags/example_latest_only_with_trigger.py
[2025-09-16T14:54:36.791+0000] {processor.py:830} INFO - Processing file /home/airflow/.local/lib/python3.12/site-packages/airflow/example_dags/example_latest_only_with_trigger.py for tasks to queue
[2025-09-16T14:54:36.795+0000] {logging_mixin.py:188} INFO - [2025-09-16T14:54:36.795+0000] {dagbag.py:545} INFO - Filling up the DagBag from /home/airflow/.local/lib/python3.12/site-packages/airflow/example_dags/example_latest_only_with_trigger.py
[2025-09-16T14:54:36.802+0000] {processor.py:840} INFO - DAG(s) 'latest_only_with_trigger' retrieved from /home/airflow/.local/lib/python3.12/site-packages/airflow/example_dags/example_latest_only_with_trigger.py
[2025-09-16T14:54:36.824+0000] {logging_mixin.py:188} INFO - [2025-09-16T14:54:36.824+0000] {dag.py:3096} INFO - Sync 1 DAGs
[2025-09-16T14:54:36.849+0000] {logging_mixin.py:188} INFO - [2025-09-16T14:54:36.849+0000] {dag.py:3954} INFO - Setting next_dagrun for latest_only_with_trigger to 2025-09-16 08:00:00+00:00, run_after=2025-09-16 12:00:00+00:00
[2025-09-16T14:54:36.877+0000] {processor.py:183} INFO - Processing /home/airflow/.local/lib/python3.12/site-packages/airflow/example_dags/example_latest_only_with_trigger.py took 0.094 seconds
[2025-09-16T14:55:07.015+0000] {processor.py:161} INFO - Started process (PID=200) to work on /home/airflow/.local/lib/python3.12/site-packages/airflow/example_dags/example_latest_only_with_trigger.py
[2025-09-16T14:55:07.017+0000] {processor.py:830} INFO - Processing file /home/airflow/.local/lib/python3.12/site-packages/airflow/example_dags/example_latest_only_with_trigger.py for tasks to queue
[2025-09-16T14:55:07.020+0000] {logging_mixin.py:188} INFO - [2025-09-16T14:55:07.020+0000] {dagbag.py:545} INFO - Filling up the DagBag from /home/airflow/.local/lib/python3.12/site-packages/airflow/example_dags/example_latest_only_with_trigger.py
[2025-09-16T14:55:07.027+0000] {processor.py:840} INFO - DAG(s) 'latest_only_with_trigger' retrieved from /home/airflow/.local/lib/python3.12/site-packages/airflow/example_dags/example_latest_only_with_trigger.py
[2025-09-16T14:55:07.058+0000] {logging_mixin.py:188} INFO - [2025-09-16T14:55:07.057+0000] {dag.py:3096} INFO - Sync 1 DAGs
[2025-09-16T14:55:07.090+0000] {logging_mixin.py:188} INFO - [2025-09-16T14:55:07.089+0000] {dag.py:3954} INFO - Setting next_dagrun for latest_only_with_trigger to 2025-09-16 08:00:00+00:00, run_after=2025-09-16 12:00:00+00:00
[2025-09-16T14:55:07.117+0000] {processor.py:183} INFO - Processing /home/airflow/.local/lib/python3.12/site-packages/airflow/example_dags/example_latest_only_with_trigger.py took 0.110 seconds
[2025-09-16T14:55:37.660+0000] {processor.py:161} INFO - Started process (PID=260) to work on /home/airflow/.local/lib/python3.12/site-packages/airflow/example_dags/example_latest_only_with_trigger.py
[2025-09-16T14:55:37.661+0000] {processor.py:830} INFO - Processing file /home/airflow/.local/lib/python3.12/site-packages/airflow/example_dags/example_latest_only_with_trigger.py for tasks to queue
[2025-09-16T14:55:37.665+0000] {logging_mixin.py:188} INFO - [2025-09-16T14:55:37.665+0000] {dagbag.py:545} INFO - Filling up the DagBag from /home/airflow/.local/lib/python3.12/site-packages/airflow/example_dags/example_latest_only_with_trigger.py
[2025-09-16T14:55:37.675+0000] {processor.py:840} INFO - DAG(s) 'latest_only_with_trigger' retrieved from /home/airflow/.local/lib/python3.12/site-packages/airflow/example_dags/example_latest_only_with_trigger.py
[2025-09-16T14:55:37.709+0000] {logging_mixin.py:188} INFO - [2025-09-16T14:55:37.709+0000] {dag.py:3096} INFO - Sync 1 DAGs
[2025-09-16T14:55:37.745+0000] {logging_mixin.py:188} INFO - [2025-09-16T14:55:37.745+0000] {dag.py:3954} INFO - Setting next_dagrun for latest_only_with_trigger to 2025-09-16 08:00:00+00:00, run_after=2025-09-16 12:00:00+00:00
[2025-09-16T14:55:37.779+0000] {processor.py:183} INFO - Processing /home/airflow/.local/lib/python3.12/site-packages/airflow/example_dags/example_latest_only_with_trigger.py took 0.129 seconds
[2025-09-16T14:56:07.910+0000] {processor.py:161} INFO - Started process (PID=320) to work on /home/airflow/.local/lib/python3.12/site-packages/airflow/example_dags/example_latest_only_with_trigger.py
[2025-09-16T14:56:07.912+0000] {processor.py:830} INFO - Processing file /home/airflow/.local/lib/python3.12/site-packages/airflow/example_dags/example_latest_only_with_trigger.py for tasks to queue
[2025-09-16T14:56:07.914+0000] {logging_mixin.py:188} INFO - [2025-09-16T14:56:07.914+0000] {dagbag.py:545} INFO - Filling up the DagBag from /home/airflow/.local/lib/python3.12/site-packages/airflow/example_dags/example_latest_only_with_trigger.py
[2025-09-16T14:56:07.921+0000] {processor.py:840} INFO - DAG(s) 'latest_only_with_trigger' retrieved from /home/airflow/.local/lib/python3.12/site-packages/airflow/example_dags/example_latest_only_with_trigger.py
[2025-09-16T14:56:07.952+0000] {logging_mixin.py:188} INFO - [2025-09-16T14:56:07.952+0000] {dag.py:3096} INFO - Sync 1 DAGs
[2025-09-16T14:56:07.990+0000] {logging_mixin.py:188} INFO - [2025-09-16T14:56:07.989+0000] {dag.py:3954} INFO - Setting next_dagrun for latest_only_with_trigger to 2025-09-16 08:00:00+00:00, run_after=2025-09-16 12:00:00+00:00
[2025-09-16T14:56:08.022+0000] {processor.py:183} INFO - Processing /home/airflow/.local/lib/python3.12/site-packages/airflow/example_dags/example_latest_only_with_trigger.py took 0.118 seconds
[2025-09-16T14:56:38.481+0000] {processor.py:161} INFO - Started process (PID=380) to work on /home/airflow/.local/lib/python3.12/site-packages/airflow/example_dags/example_latest_only_with_trigger.py
[2025-09-16T14:56:38.484+0000] {processor.py:830} INFO - Processing file /home/airflow/.local/lib/python3.12/site-packages/airflow/example_dags/example_latest_only_with_trigger.py for tasks to queue
[2025-09-16T14:56:38.486+0000] {logging_mixin.py:188} INFO - [2025-09-16T14:56:38.486+0000] {dagbag.py:545} INFO - Filling up the DagBag from /home/airflow/.local/lib/python3.12/site-packages/airflow/example_dags/example_latest_only_with_trigger.py
[2025-09-16T14:56:38.493+0000] {processor.py:840} INFO - DAG(s) 'latest_only_with_trigger' retrieved from /home/airflow/.local/lib/python3.12/site-packages/airflow/example_dags/example_latest_only_with_trigger.py
[2025-09-16T14:56:38.519+0000] {logging_mixin.py:188} INFO - [2025-09-16T14:56:38.518+0000] {dag.py:3096} INFO - Sync 1 DAGs
[2025-09-16T14:56:38.545+0000] {logging_mixin.py:188} INFO - [2025-09-16T14:56:38.545+0000] {dag.py:3954} INFO - Setting next_dagrun for latest_only_with_trigger to 2025-09-16 08:00:00+00:00, run_after=2025-09-16 12:00:00+00:00
[2025-09-16T14:56:38.568+0000] {processor.py:183} INFO - Processing /home/airflow/.local/lib/python3.12/site-packages/airflow/example_dags/example_latest_only_with_trigger.py took 0.093 seconds
[2025-09-16T14:57:09.314+0000] {processor.py:161} INFO - Started process (PID=440) to work on /home/airflow/.local/lib/python3.12/site-packages/airflow/example_dags/example_latest_only_with_trigger.py
[2025-09-16T14:57:09.316+0000] {processor.py:830} INFO - Processing file /home/airflow/.local/lib/python3.12/site-packages/airflow/example_dags/example_latest_only_with_trigger.py for tasks to queue
[2025-09-16T14:57:09.318+0000] {logging_mixin.py:188} INFO - [2025-09-16T14:57:09.318+0000] {dagbag.py:545} INFO - Filling up the DagBag from /home/airflow/.local/lib/python3.12/site-packages/airflow/example_dags/example_latest_only_with_trigger.py
[2025-09-16T14:57:09.326+0000] {processor.py:840} INFO - DAG(s) 'latest_only_with_trigger' retrieved from /home/airflow/.local/lib/python3.12/site-packages/airflow/example_dags/example_latest_only_with_trigger.py
[2025-09-16T14:57:09.353+0000] {logging_mixin.py:188} INFO - [2025-09-16T14:57:09.352+0000] {dag.py:3096} INFO - Sync 1 DAGs
[2025-09-16T14:57:09.380+0000] {logging_mixin.py:188} INFO - [2025-09-16T14:57:09.380+0000] {dag.py:3954} INFO - Setting next_dagrun for latest_only_with_trigger to 2025-09-16 08:00:00+00:00, run_after=2025-09-16 12:00:00+00:00
[2025-09-16T14:57:09.408+0000] {processor.py:183} INFO - Processing /home/airflow/.local/lib/python3.12/site-packages/airflow/example_dags/example_latest_only_with_trigger.py took 0.100 seconds
[2025-09-16T14:57:39.582+0000] {processor.py:161} INFO - Started process (PID=500) to work on /home/airflow/.local/lib/python3.12/site-packages/airflow/example_dags/example_latest_only_with_trigger.py
[2025-09-16T14:57:39.583+0000] {processor.py:830} INFO - Processing file /home/airflow/.local/lib/python3.12/site-packages/airflow/example_dags/example_latest_only_with_trigger.py for tasks to queue
[2025-09-16T14:57:39.586+0000] {logging_mixin.py:188} INFO - [2025-09-16T14:57:39.586+0000] {dagbag.py:545} INFO - Filling up the DagBag from /home/airflow/.local/lib/python3.12/site-packages/airflow/example_dags/example_latest_only_with_trigger.py
[2025-09-16T14:57:39.594+0000] {processor.py:840} INFO - DAG(s) 'latest_only_with_trigger' retrieved from /home/airflow/.local/lib/python3.12/site-packages/airflow/example_dags/example_latest_only_with_trigger.py
[2025-09-16T14:57:39.627+0000] {logging_mixin.py:188} INFO - [2025-09-16T14:57:39.626+0000] {dag.py:3096} INFO - Sync 1 DAGs
[2025-09-16T14:57:39.661+0000] {logging_mixin.py:188} INFO - [2025-09-16T14:57:39.661+0000] {dag.py:3954} INFO - Setting next_dagrun for latest_only_with_trigger to 2025-09-16 08:00:00+00:00, run_after=2025-09-16 12:00:00+00:00
[2025-09-16T14:57:39.696+0000] {processor.py:183} INFO - Processing /home/airflow/.local/lib/python3.12/site-packages/airflow/example_dags/example_latest_only_with_trigger.py took 0.122 seconds
[2025-09-16T14:58:10.165+0000] {processor.py:161} INFO - Started process (PID=560) to work on /home/airflow/.local/lib/python3.12/site-packages/airflow/example_dags/example_latest_only_with_trigger.py
[2025-09-16T14:58:10.167+0000] {processor.py:830} INFO - Processing file /home/airflow/.local/lib/python3.12/site-packages/airflow/example_dags/example_latest_only_with_trigger.py for tasks to queue
[2025-09-16T14:58:10.169+0000] {logging_mixin.py:188} INFO - [2025-09-16T14:58:10.168+0000] {dagbag.py:545} INFO - Filling up the DagBag from /home/airflow/.local/lib/python3.12/site-packages/airflow/example_dags/example_latest_only_with_trigger.py
[2025-09-16T14:58:10.175+0000] {processor.py:840} INFO - DAG(s) 'latest_only_with_trigger' retrieved from /home/airflow/.local/lib/python3.12/site-packages/airflow/example_dags/example_latest_only_with_trigger.py
[2025-09-16T14:58:10.203+0000] {logging_mixin.py:188} INFO - [2025-09-16T14:58:10.202+0000] {dag.py:3096} INFO - Sync 1 DAGs
[2025-09-16T14:58:10.234+0000] {logging_mixin.py:188} INFO - [2025-09-16T14:58:10.233+0000] {dag.py:3954} INFO - Setting next_dagrun for latest_only_with_trigger to 2025-09-16 08:00:00+00:00, run_after=2025-09-16 12:00:00+00:00
[2025-09-16T14:58:10.267+0000] {processor.py:183} INFO - Processing /home/airflow/.local/lib/python3.12/site-packages/airflow/example_dags/example_latest_only_with_trigger.py took 0.107 seconds
[2025-09-16T14:58:40.480+0000] {processor.py:161} INFO - Started process (PID=619) to work on /home/airflow/.local/lib/python3.12/site-packages/airflow/example_dags/example_latest_only_with_trigger.py
[2025-09-16T14:58:40.482+0000] {processor.py:830} INFO - Processing file /home/airflow/.local/lib/python3.12/site-packages/airflow/example_dags/example_latest_only_with_trigger.py for tasks to queue
[2025-09-16T14:58:40.486+0000] {logging_mixin.py:188} INFO - [2025-09-16T14:58:40.485+0000] {dagbag.py:545} INFO - Filling up the DagBag from /home/airflow/.local/lib/python3.12/site-packages/airflow/example_dags/example_latest_only_with_trigger.py
[2025-09-16T14:58:40.494+0000] {processor.py:840} INFO - DAG(s) 'latest_only_with_trigger' retrieved from /home/airflow/.local/lib/python3.12/site-packages/airflow/example_dags/example_latest_only_with_trigger.py
[2025-09-16T14:58:40.522+0000] {logging_mixin.py:188} INFO - [2025-09-16T14:58:40.522+0000] {dag.py:3096} INFO - Sync 1 DAGs
[2025-09-16T14:58:40.555+0000] {logging_mixin.py:188} INFO - [2025-09-16T14:58:40.554+0000] {dag.py:3954} INFO - Setting next_dagrun for latest_only_with_trigger to 2025-09-16 08:00:00+00:00, run_after=2025-09-16 12:00:00+00:00
[2025-09-16T14:58:40.584+0000] {processor.py:183} INFO - Processing /home/airflow/.local/lib/python3.12/site-packages/airflow/example_dags/example_latest_only_with_trigger.py took 0.115 seconds
[2025-09-16T14:59:10.938+0000] {processor.py:161} INFO - Started process (PID=679) to work on /home/airflow/.local/lib/python3.12/site-packages/airflow/example_dags/example_latest_only_with_trigger.py
[2025-09-16T14:59:10.939+0000] {processor.py:830} INFO - Processing file /home/airflow/.local/lib/python3.12/site-packages/airflow/example_dags/example_latest_only_with_trigger.py for tasks to queue
[2025-09-16T14:59:10.941+0000] {logging_mixin.py:188} INFO - [2025-09-16T14:59:10.941+0000] {dagbag.py:545} INFO - Filling up the DagBag from /home/airflow/.local/lib/python3.12/site-packages/airflow/example_dags/example_latest_only_with_trigger.py
[2025-09-16T14:59:10.948+0000] {processor.py:840} INFO - DAG(s) 'latest_only_with_trigger' retrieved from /home/airflow/.local/lib/python3.12/site-packages/airflow/example_dags/example_latest_only_with_trigger.py
[2025-09-16T14:59:10.983+0000] {logging_mixin.py:188} INFO - [2025-09-16T14:59:10.982+0000] {dag.py:3096} INFO - Sync 1 DAGs
[2025-09-16T14:59:11.019+0000] {logging_mixin.py:188} INFO - [2025-09-16T14:59:11.019+0000] {dag.py:3954} INFO - Setting next_dagrun for latest_only_with_trigger to 2025-09-16 08:00:00+00:00, run_after=2025-09-16 12:00:00+00:00
[2025-09-16T14:59:11.049+0000] {processor.py:183} INFO - Processing /home/airflow/.local/lib/python3.12/site-packages/airflow/example_dags/example_latest_only_with_trigger.py took 0.119 seconds
[2025-09-16T14:59:41.179+0000] {processor.py:161} INFO - Started process (PID=739) to work on /home/airflow/.local/lib/python3.12/site-packages/airflow/example_dags/example_latest_only_with_trigger.py
[2025-09-16T14:59:41.182+0000] {processor.py:830} INFO - Processing file /home/airflow/.local/lib/python3.12/site-packages/airflow/example_dags/example_latest_only_with_trigger.py for tasks to queue
[2025-09-16T14:59:41.185+0000] {logging_mixin.py:188} INFO - [2025-09-16T14:59:41.184+0000] {dagbag.py:545} INFO - Filling up the DagBag from /home/airflow/.local/lib/python3.12/site-packages/airflow/example_dags/example_latest_only_with_trigger.py
[2025-09-16T14:59:41.192+0000] {processor.py:840} INFO - DAG(s) 'latest_only_with_trigger' retrieved from /home/airflow/.local/lib/python3.12/site-packages/airflow/example_dags/example_latest_only_with_trigger.py
[2025-09-16T14:59:41.224+0000] {logging_mixin.py:188} INFO - [2025-09-16T14:59:41.223+0000] {dag.py:3096} INFO - Sync 1 DAGs
[2025-09-16T14:59:41.256+0000] {logging_mixin.py:188} INFO - [2025-09-16T14:59:41.256+0000] {dag.py:3954} INFO - Setting next_dagrun for latest_only_with_trigger to 2025-09-16 08:00:00+00:00, run_after=2025-09-16 12:00:00+00:00
[2025-09-16T14:59:41.285+0000] {processor.py:183} INFO - Processing /home/airflow/.local/lib/python3.12/site-packages/airflow/example_dags/example_latest_only_with_trigger.py took 0.113 seconds
[2025-09-16T15:00:11.453+0000] {processor.py:161} INFO - Started process (PID=799) to work on /home/airflow/.local/lib/python3.12/site-packages/airflow/example_dags/example_latest_only_with_trigger.py
[2025-09-16T15:00:11.455+0000] {processor.py:830} INFO - Processing file /home/airflow/.local/lib/python3.12/site-packages/airflow/example_dags/example_latest_only_with_trigger.py for tasks to queue
[2025-09-16T15:00:11.458+0000] {logging_mixin.py:188} INFO - [2025-09-16T15:00:11.458+0000] {dagbag.py:545} INFO - Filling up the DagBag from /home/airflow/.local/lib/python3.12/site-packages/airflow/example_dags/example_latest_only_with_trigger.py
[2025-09-16T15:00:11.466+0000] {processor.py:840} INFO - DAG(s) 'latest_only_with_trigger' retrieved from /home/airflow/.local/lib/python3.12/site-packages/airflow/example_dags/example_latest_only_with_trigger.py
[2025-09-16T15:00:11.497+0000] {logging_mixin.py:188} INFO - [2025-09-16T15:00:11.496+0000] {dag.py:3096} INFO - Sync 1 DAGs
[2025-09-16T15:00:11.527+0000] {logging_mixin.py:188} INFO - [2025-09-16T15:00:11.527+0000] {dag.py:3954} INFO - Setting next_dagrun for latest_only_with_trigger to 2025-09-16 08:00:00+00:00, run_after=2025-09-16 12:00:00+00:00
[2025-09-16T15:00:11.554+0000] {processor.py:183} INFO - Processing /home/airflow/.local/lib/python3.12/site-packages/airflow/example_dags/example_latest_only_with_trigger.py took 0.111 seconds
[2025-09-16T15:01:47.475+0000] {processor.py:161} INFO - Started process (PID=76) to work on /home/airflow/.local/lib/python3.12/site-packages/airflow/example_dags/example_latest_only_with_trigger.py
[2025-09-16T15:01:47.483+0000] {processor.py:830} INFO - Processing file /home/airflow/.local/lib/python3.12/site-packages/airflow/example_dags/example_latest_only_with_trigger.py for tasks to queue
[2025-09-16T15:01:47.495+0000] {logging_mixin.py:188} INFO - [2025-09-16T15:01:47.493+0000] {dagbag.py:545} INFO - Filling up the DagBag from /home/airflow/.local/lib/python3.12/site-packages/airflow/example_dags/example_latest_only_with_trigger.py
[2025-09-16T15:01:47.550+0000] {processor.py:840} INFO - DAG(s) 'latest_only_with_trigger' retrieved from /home/airflow/.local/lib/python3.12/site-packages/airflow/example_dags/example_latest_only_with_trigger.py
[2025-09-16T15:01:48.082+0000] {logging_mixin.py:188} INFO - [2025-09-16T15:01:48.082+0000] {dag.py:3096} INFO - Sync 1 DAGs
[2025-09-16T15:01:48.141+0000] {logging_mixin.py:188} INFO - [2025-09-16T15:01:48.140+0000] {dag.py:3954} INFO - Setting next_dagrun for latest_only_with_trigger to 2025-09-16 08:00:00+00:00, run_after=2025-09-16 12:00:00+00:00
[2025-09-16T15:01:48.225+0000] {processor.py:183} INFO - Processing /home/airflow/.local/lib/python3.12/site-packages/airflow/example_dags/example_latest_only_with_trigger.py took 0.778 seconds
[2025-09-16T15:02:18.646+0000] {processor.py:161} INFO - Started process (PID=134) to work on /home/airflow/.local/lib/python3.12/site-packages/airflow/example_dags/example_latest_only_with_trigger.py
[2025-09-16T15:02:18.648+0000] {processor.py:830} INFO - Processing file /home/airflow/.local/lib/python3.12/site-packages/airflow/example_dags/example_latest_only_with_trigger.py for tasks to queue
[2025-09-16T15:02:18.653+0000] {logging_mixin.py:188} INFO - [2025-09-16T15:02:18.652+0000] {dagbag.py:545} INFO - Filling up the DagBag from /home/airflow/.local/lib/python3.12/site-packages/airflow/example_dags/example_latest_only_with_trigger.py
[2025-09-16T15:02:18.662+0000] {processor.py:840} INFO - DAG(s) 'latest_only_with_trigger' retrieved from /home/airflow/.local/lib/python3.12/site-packages/airflow/example_dags/example_latest_only_with_trigger.py
[2025-09-16T15:02:18.686+0000] {logging_mixin.py:188} INFO - [2025-09-16T15:02:18.685+0000] {dag.py:3096} INFO - Sync 1 DAGs
[2025-09-16T15:02:18.746+0000] {logging_mixin.py:188} INFO - [2025-09-16T15:02:18.745+0000] {dag.py:3954} INFO - Setting next_dagrun for latest_only_with_trigger to 2025-09-16 08:00:00+00:00, run_after=2025-09-16 12:00:00+00:00
[2025-09-16T15:02:18.799+0000] {processor.py:183} INFO - Processing /home/airflow/.local/lib/python3.12/site-packages/airflow/example_dags/example_latest_only_with_trigger.py took 0.164 seconds
[2025-09-16T15:02:49.495+0000] {processor.py:161} INFO - Started process (PID=200) to work on /home/airflow/.local/lib/python3.12/site-packages/airflow/example_dags/example_latest_only_with_trigger.py
[2025-09-16T15:02:49.498+0000] {processor.py:830} INFO - Processing file /home/airflow/.local/lib/python3.12/site-packages/airflow/example_dags/example_latest_only_with_trigger.py for tasks to queue
[2025-09-16T15:02:49.503+0000] {logging_mixin.py:188} INFO - [2025-09-16T15:02:49.502+0000] {dagbag.py:545} INFO - Filling up the DagBag from /home/airflow/.local/lib/python3.12/site-packages/airflow/example_dags/example_latest_only_with_trigger.py
[2025-09-16T15:02:49.512+0000] {processor.py:840} INFO - DAG(s) 'latest_only_with_trigger' retrieved from /home/airflow/.local/lib/python3.12/site-packages/airflow/example_dags/example_latest_only_with_trigger.py
[2025-09-16T15:02:49.669+0000] {logging_mixin.py:188} INFO - [2025-09-16T15:02:49.668+0000] {dag.py:3096} INFO - Sync 1 DAGs
[2025-09-16T15:02:49.703+0000] {logging_mixin.py:188} INFO - [2025-09-16T15:02:49.703+0000] {dag.py:3954} INFO - Setting next_dagrun for latest_only_with_trigger to 2025-09-16 08:00:00+00:00, run_after=2025-09-16 12:00:00+00:00
[2025-09-16T15:02:49.737+0000] {processor.py:183} INFO - Processing /home/airflow/.local/lib/python3.12/site-packages/airflow/example_dags/example_latest_only_with_trigger.py took 0.254 seconds
[2025-09-16T15:03:20.020+0000] {processor.py:161} INFO - Started process (PID=260) to work on /home/airflow/.local/lib/python3.12/site-packages/airflow/example_dags/example_latest_only_with_trigger.py
[2025-09-16T15:03:20.022+0000] {processor.py:830} INFO - Processing file /home/airflow/.local/lib/python3.12/site-packages/airflow/example_dags/example_latest_only_with_trigger.py for tasks to queue
[2025-09-16T15:03:20.025+0000] {logging_mixin.py:188} INFO - [2025-09-16T15:03:20.024+0000] {dagbag.py:545} INFO - Filling up the DagBag from /home/airflow/.local/lib/python3.12/site-packages/airflow/example_dags/example_latest_only_with_trigger.py
[2025-09-16T15:03:20.034+0000] {processor.py:840} INFO - DAG(s) 'latest_only_with_trigger' retrieved from /home/airflow/.local/lib/python3.12/site-packages/airflow/example_dags/example_latest_only_with_trigger.py
[2025-09-16T15:03:20.073+0000] {logging_mixin.py:188} INFO - [2025-09-16T15:03:20.072+0000] {dag.py:3096} INFO - Sync 1 DAGs
[2025-09-16T15:03:20.118+0000] {logging_mixin.py:188} INFO - [2025-09-16T15:03:20.117+0000] {dag.py:3954} INFO - Setting next_dagrun for latest_only_with_trigger to 2025-09-16 08:00:00+00:00, run_after=2025-09-16 12:00:00+00:00
[2025-09-16T15:03:20.164+0000] {processor.py:183} INFO - Processing /home/airflow/.local/lib/python3.12/site-packages/airflow/example_dags/example_latest_only_with_trigger.py took 0.153 seconds
[2025-09-16T15:03:50.286+0000] {processor.py:161} INFO - Started process (PID=320) to work on /home/airflow/.local/lib/python3.12/site-packages/airflow/example_dags/example_latest_only_with_trigger.py
[2025-09-16T15:03:50.288+0000] {processor.py:830} INFO - Processing file /home/airflow/.local/lib/python3.12/site-packages/airflow/example_dags/example_latest_only_with_trigger.py for tasks to queue
[2025-09-16T15:03:50.291+0000] {logging_mixin.py:188} INFO - [2025-09-16T15:03:50.290+0000] {dagbag.py:545} INFO - Filling up the DagBag from /home/airflow/.local/lib/python3.12/site-packages/airflow/example_dags/example_latest_only_with_trigger.py
[2025-09-16T15:03:50.297+0000] {processor.py:840} INFO - DAG(s) 'latest_only_with_trigger' retrieved from /home/airflow/.local/lib/python3.12/site-packages/airflow/example_dags/example_latest_only_with_trigger.py
[2025-09-16T15:03:50.321+0000] {logging_mixin.py:188} INFO - [2025-09-16T15:03:50.320+0000] {dag.py:3096} INFO - Sync 1 DAGs
[2025-09-16T15:03:50.346+0000] {logging_mixin.py:188} INFO - [2025-09-16T15:03:50.346+0000] {dag.py:3954} INFO - Setting next_dagrun for latest_only_with_trigger to 2025-09-16 08:00:00+00:00, run_after=2025-09-16 12:00:00+00:00
[2025-09-16T15:03:50.373+0000] {processor.py:183} INFO - Processing /home/airflow/.local/lib/python3.12/site-packages/airflow/example_dags/example_latest_only_with_trigger.py took 0.093 seconds
[2025-09-16T15:04:20.882+0000] {processor.py:161} INFO - Started process (PID=380) to work on /home/airflow/.local/lib/python3.12/site-packages/airflow/example_dags/example_latest_only_with_trigger.py
[2025-09-16T15:04:20.884+0000] {processor.py:830} INFO - Processing file /home/airflow/.local/lib/python3.12/site-packages/airflow/example_dags/example_latest_only_with_trigger.py for tasks to queue
[2025-09-16T15:04:20.886+0000] {logging_mixin.py:188} INFO - [2025-09-16T15:04:20.886+0000] {dagbag.py:545} INFO - Filling up the DagBag from /home/airflow/.local/lib/python3.12/site-packages/airflow/example_dags/example_latest_only_with_trigger.py
[2025-09-16T15:04:20.892+0000] {processor.py:840} INFO - DAG(s) 'latest_only_with_trigger' retrieved from /home/airflow/.local/lib/python3.12/site-packages/airflow/example_dags/example_latest_only_with_trigger.py
[2025-09-16T15:04:20.913+0000] {logging_mixin.py:188} INFO - [2025-09-16T15:04:20.913+0000] {dag.py:3096} INFO - Sync 1 DAGs
[2025-09-16T15:04:20.937+0000] {logging_mixin.py:188} INFO - [2025-09-16T15:04:20.937+0000] {dag.py:3954} INFO - Setting next_dagrun for latest_only_with_trigger to 2025-09-16 08:00:00+00:00, run_after=2025-09-16 12:00:00+00:00
[2025-09-16T15:04:20.966+0000] {processor.py:183} INFO - Processing /home/airflow/.local/lib/python3.12/site-packages/airflow/example_dags/example_latest_only_with_trigger.py took 0.089 seconds
[2025-09-16T15:04:51.379+0000] {processor.py:161} INFO - Started process (PID=440) to work on /home/airflow/.local/lib/python3.12/site-packages/airflow/example_dags/example_latest_only_with_trigger.py
[2025-09-16T15:04:51.381+0000] {processor.py:830} INFO - Processing file /home/airflow/.local/lib/python3.12/site-packages/airflow/example_dags/example_latest_only_with_trigger.py for tasks to queue
[2025-09-16T15:04:51.383+0000] {logging_mixin.py:188} INFO - [2025-09-16T15:04:51.383+0000] {dagbag.py:545} INFO - Filling up the DagBag from /home/airflow/.local/lib/python3.12/site-packages/airflow/example_dags/example_latest_only_with_trigger.py
[2025-09-16T15:04:51.390+0000] {processor.py:840} INFO - DAG(s) 'latest_only_with_trigger' retrieved from /home/airflow/.local/lib/python3.12/site-packages/airflow/example_dags/example_latest_only_with_trigger.py
[2025-09-16T15:04:51.419+0000] {logging_mixin.py:188} INFO - [2025-09-16T15:04:51.418+0000] {dag.py:3096} INFO - Sync 1 DAGs
[2025-09-16T15:04:51.452+0000] {logging_mixin.py:188} INFO - [2025-09-16T15:04:51.452+0000] {dag.py:3954} INFO - Setting next_dagrun for latest_only_with_trigger to 2025-09-16 08:00:00+00:00, run_after=2025-09-16 12:00:00+00:00
[2025-09-16T15:04:51.488+0000] {processor.py:183} INFO - Processing /home/airflow/.local/lib/python3.12/site-packages/airflow/example_dags/example_latest_only_with_trigger.py took 0.115 seconds
[2025-09-16T15:05:22.165+0000] {processor.py:161} INFO - Started process (PID=499) to work on /home/airflow/.local/lib/python3.12/site-packages/airflow/example_dags/example_latest_only_with_trigger.py
[2025-09-16T15:05:22.168+0000] {processor.py:830} INFO - Processing file /home/airflow/.local/lib/python3.12/site-packages/airflow/example_dags/example_latest_only_with_trigger.py for tasks to queue
[2025-09-16T15:05:22.172+0000] {logging_mixin.py:188} INFO - [2025-09-16T15:05:22.171+0000] {dagbag.py:545} INFO - Filling up the DagBag from /home/airflow/.local/lib/python3.12/site-packages/airflow/example_dags/example_latest_only_with_trigger.py
[2025-09-16T15:05:22.187+0000] {processor.py:840} INFO - DAG(s) 'latest_only_with_trigger' retrieved from /home/airflow/.local/lib/python3.12/site-packages/airflow/example_dags/example_latest_only_with_trigger.py
[2025-09-16T15:05:22.231+0000] {logging_mixin.py:188} INFO - [2025-09-16T15:05:22.230+0000] {dag.py:3096} INFO - Sync 1 DAGs
[2025-09-16T15:05:22.267+0000] {logging_mixin.py:188} INFO - [2025-09-16T15:05:22.267+0000] {dag.py:3954} INFO - Setting next_dagrun for latest_only_with_trigger to 2025-09-16 08:00:00+00:00, run_after=2025-09-16 12:00:00+00:00
[2025-09-16T15:05:22.299+0000] {processor.py:183} INFO - Processing /home/airflow/.local/lib/python3.12/site-packages/airflow/example_dags/example_latest_only_with_trigger.py took 0.145 seconds
[2025-09-16T15:05:52.707+0000] {processor.py:161} INFO - Started process (PID=559) to work on /home/airflow/.local/lib/python3.12/site-packages/airflow/example_dags/example_latest_only_with_trigger.py
[2025-09-16T15:05:52.710+0000] {processor.py:830} INFO - Processing file /home/airflow/.local/lib/python3.12/site-packages/airflow/example_dags/example_latest_only_with_trigger.py for tasks to queue
[2025-09-16T15:05:52.714+0000] {logging_mixin.py:188} INFO - [2025-09-16T15:05:52.713+0000] {dagbag.py:545} INFO - Filling up the DagBag from /home/airflow/.local/lib/python3.12/site-packages/airflow/example_dags/example_latest_only_with_trigger.py
[2025-09-16T15:05:52.724+0000] {processor.py:840} INFO - DAG(s) 'latest_only_with_trigger' retrieved from /home/airflow/.local/lib/python3.12/site-packages/airflow/example_dags/example_latest_only_with_trigger.py
[2025-09-16T15:05:52.777+0000] {logging_mixin.py:188} INFO - [2025-09-16T15:05:52.776+0000] {dag.py:3096} INFO - Sync 1 DAGs
[2025-09-16T15:05:52.825+0000] {logging_mixin.py:188} INFO - [2025-09-16T15:05:52.824+0000] {dag.py:3954} INFO - Setting next_dagrun for latest_only_with_trigger to 2025-09-16 08:00:00+00:00, run_after=2025-09-16 12:00:00+00:00
[2025-09-16T15:05:52.860+0000] {processor.py:183} INFO - Processing /home/airflow/.local/lib/python3.12/site-packages/airflow/example_dags/example_latest_only_with_trigger.py took 0.162 seconds
[2025-09-16T15:06:23.346+0000] {processor.py:161} INFO - Started process (PID=619) to work on /home/airflow/.local/lib/python3.12/site-packages/airflow/example_dags/example_latest_only_with_trigger.py
[2025-09-16T15:06:23.349+0000] {processor.py:830} INFO - Processing file /home/airflow/.local/lib/python3.12/site-packages/airflow/example_dags/example_latest_only_with_trigger.py for tasks to queue
[2025-09-16T15:06:23.353+0000] {logging_mixin.py:188} INFO - [2025-09-16T15:06:23.352+0000] {dagbag.py:545} INFO - Filling up the DagBag from /home/airflow/.local/lib/python3.12/site-packages/airflow/example_dags/example_latest_only_with_trigger.py
[2025-09-16T15:06:23.365+0000] {processor.py:840} INFO - DAG(s) 'latest_only_with_trigger' retrieved from /home/airflow/.local/lib/python3.12/site-packages/airflow/example_dags/example_latest_only_with_trigger.py
[2025-09-16T15:06:23.405+0000] {logging_mixin.py:188} INFO - [2025-09-16T15:06:23.405+0000] {dag.py:3096} INFO - Sync 1 DAGs
[2025-09-16T15:06:23.441+0000] {logging_mixin.py:188} INFO - [2025-09-16T15:06:23.440+0000] {dag.py:3954} INFO - Setting next_dagrun for latest_only_with_trigger to 2025-09-16 08:00:00+00:00, run_after=2025-09-16 12:00:00+00:00
[2025-09-16T15:06:23.470+0000] {processor.py:183} INFO - Processing /home/airflow/.local/lib/python3.12/site-packages/airflow/example_dags/example_latest_only_with_trigger.py took 0.138 seconds
[2025-09-16T15:06:53.821+0000] {processor.py:161} INFO - Started process (PID=679) to work on /home/airflow/.local/lib/python3.12/site-packages/airflow/example_dags/example_latest_only_with_trigger.py
[2025-09-16T15:06:53.825+0000] {processor.py:830} INFO - Processing file /home/airflow/.local/lib/python3.12/site-packages/airflow/example_dags/example_latest_only_with_trigger.py for tasks to queue
[2025-09-16T15:06:53.834+0000] {logging_mixin.py:188} INFO - [2025-09-16T15:06:53.833+0000] {dagbag.py:545} INFO - Filling up the DagBag from /home/airflow/.local/lib/python3.12/site-packages/airflow/example_dags/example_latest_only_with_trigger.py
[2025-09-16T15:06:53.857+0000] {processor.py:840} INFO - DAG(s) 'latest_only_with_trigger' retrieved from /home/airflow/.local/lib/python3.12/site-packages/airflow/example_dags/example_latest_only_with_trigger.py
[2025-09-16T15:06:53.931+0000] {logging_mixin.py:188} INFO - [2025-09-16T15:06:53.931+0000] {dag.py:3096} INFO - Sync 1 DAGs
[2025-09-16T15:06:53.998+0000] {logging_mixin.py:188} INFO - [2025-09-16T15:06:53.998+0000] {dag.py:3954} INFO - Setting next_dagrun for latest_only_with_trigger to 2025-09-16 08:00:00+00:00, run_after=2025-09-16 12:00:00+00:00
[2025-09-16T15:06:54.052+0000] {processor.py:183} INFO - Processing /home/airflow/.local/lib/python3.12/site-packages/airflow/example_dags/example_latest_only_with_trigger.py took 0.245 seconds
[2025-09-16T15:07:24.302+0000] {processor.py:161} INFO - Started process (PID=739) to work on /home/airflow/.local/lib/python3.12/site-packages/airflow/example_dags/example_latest_only_with_trigger.py
[2025-09-16T15:07:24.304+0000] {processor.py:830} INFO - Processing file /home/airflow/.local/lib/python3.12/site-packages/airflow/example_dags/example_latest_only_with_trigger.py for tasks to queue
[2025-09-16T15:07:24.307+0000] {logging_mixin.py:188} INFO - [2025-09-16T15:07:24.307+0000] {dagbag.py:545} INFO - Filling up the DagBag from /home/airflow/.local/lib/python3.12/site-packages/airflow/example_dags/example_latest_only_with_trigger.py
[2025-09-16T15:07:24.314+0000] {processor.py:840} INFO - DAG(s) 'latest_only_with_trigger' retrieved from /home/airflow/.local/lib/python3.12/site-packages/airflow/example_dags/example_latest_only_with_trigger.py
[2025-09-16T15:07:24.342+0000] {logging_mixin.py:188} INFO - [2025-09-16T15:07:24.342+0000] {dag.py:3096} INFO - Sync 1 DAGs
[2025-09-16T15:07:24.374+0000] {logging_mixin.py:188} INFO - [2025-09-16T15:07:24.374+0000] {dag.py:3954} INFO - Setting next_dagrun for latest_only_with_trigger to 2025-09-16 08:00:00+00:00, run_after=2025-09-16 12:00:00+00:00
[2025-09-16T15:07:24.403+0000] {processor.py:183} INFO - Processing /home/airflow/.local/lib/python3.12/site-packages/airflow/example_dags/example_latest_only_with_trigger.py took 0.108 seconds
[2025-09-16T15:07:54.961+0000] {processor.py:161} INFO - Started process (PID=799) to work on /home/airflow/.local/lib/python3.12/site-packages/airflow/example_dags/example_latest_only_with_trigger.py
[2025-09-16T15:07:54.963+0000] {processor.py:830} INFO - Processing file /home/airflow/.local/lib/python3.12/site-packages/airflow/example_dags/example_latest_only_with_trigger.py for tasks to queue
[2025-09-16T15:07:54.965+0000] {logging_mixin.py:188} INFO - [2025-09-16T15:07:54.965+0000] {dagbag.py:545} INFO - Filling up the DagBag from /home/airflow/.local/lib/python3.12/site-packages/airflow/example_dags/example_latest_only_with_trigger.py
[2025-09-16T15:07:54.973+0000] {processor.py:840} INFO - DAG(s) 'latest_only_with_trigger' retrieved from /home/airflow/.local/lib/python3.12/site-packages/airflow/example_dags/example_latest_only_with_trigger.py
[2025-09-16T15:07:55.004+0000] {logging_mixin.py:188} INFO - [2025-09-16T15:07:55.004+0000] {dag.py:3096} INFO - Sync 1 DAGs
[2025-09-16T15:07:55.048+0000] {logging_mixin.py:188} INFO - [2025-09-16T15:07:55.048+0000] {dag.py:3954} INFO - Setting next_dagrun for latest_only_with_trigger to 2025-09-16 08:00:00+00:00, run_after=2025-09-16 12:00:00+00:00
[2025-09-16T15:07:55.080+0000] {processor.py:183} INFO - Processing /home/airflow/.local/lib/python3.12/site-packages/airflow/example_dags/example_latest_only_with_trigger.py took 0.126 seconds
[2025-09-16T15:08:25.862+0000] {processor.py:161} INFO - Started process (PID=859) to work on /home/airflow/.local/lib/python3.12/site-packages/airflow/example_dags/example_latest_only_with_trigger.py
[2025-09-16T15:08:25.864+0000] {processor.py:830} INFO - Processing file /home/airflow/.local/lib/python3.12/site-packages/airflow/example_dags/example_latest_only_with_trigger.py for tasks to queue
[2025-09-16T15:08:25.866+0000] {logging_mixin.py:188} INFO - [2025-09-16T15:08:25.866+0000] {dagbag.py:545} INFO - Filling up the DagBag from /home/airflow/.local/lib/python3.12/site-packages/airflow/example_dags/example_latest_only_with_trigger.py
[2025-09-16T15:08:25.874+0000] {processor.py:840} INFO - DAG(s) 'latest_only_with_trigger' retrieved from /home/airflow/.local/lib/python3.12/site-packages/airflow/example_dags/example_latest_only_with_trigger.py
[2025-09-16T15:08:25.903+0000] {logging_mixin.py:188} INFO - [2025-09-16T15:08:25.903+0000] {dag.py:3096} INFO - Sync 1 DAGs
[2025-09-16T15:08:25.934+0000] {logging_mixin.py:188} INFO - [2025-09-16T15:08:25.934+0000] {dag.py:3954} INFO - Setting next_dagrun for latest_only_with_trigger to 2025-09-16 08:00:00+00:00, run_after=2025-09-16 12:00:00+00:00
[2025-09-16T15:08:25.962+0000] {processor.py:183} INFO - Processing /home/airflow/.local/lib/python3.12/site-packages/airflow/example_dags/example_latest_only_with_trigger.py took 0.106 seconds
[2025-09-16T15:08:56.084+0000] {processor.py:161} INFO - Started process (PID=919) to work on /home/airflow/.local/lib/python3.12/site-packages/airflow/example_dags/example_latest_only_with_trigger.py
[2025-09-16T15:08:56.085+0000] {processor.py:830} INFO - Processing file /home/airflow/.local/lib/python3.12/site-packages/airflow/example_dags/example_latest_only_with_trigger.py for tasks to queue
[2025-09-16T15:08:56.088+0000] {logging_mixin.py:188} INFO - [2025-09-16T15:08:56.087+0000] {dagbag.py:545} INFO - Filling up the DagBag from /home/airflow/.local/lib/python3.12/site-packages/airflow/example_dags/example_latest_only_with_trigger.py
[2025-09-16T15:08:56.093+0000] {processor.py:840} INFO - DAG(s) 'latest_only_with_trigger' retrieved from /home/airflow/.local/lib/python3.12/site-packages/airflow/example_dags/example_latest_only_with_trigger.py
[2025-09-16T15:08:56.117+0000] {logging_mixin.py:188} INFO - [2025-09-16T15:08:56.117+0000] {dag.py:3096} INFO - Sync 1 DAGs
[2025-09-16T15:08:56.175+0000] {logging_mixin.py:188} INFO - [2025-09-16T15:08:56.174+0000] {dag.py:3954} INFO - Setting next_dagrun for latest_only_with_trigger to 2025-09-16 08:00:00+00:00, run_after=2025-09-16 12:00:00+00:00
[2025-09-16T15:08:56.213+0000] {processor.py:183} INFO - Processing /home/airflow/.local/lib/python3.12/site-packages/airflow/example_dags/example_latest_only_with_trigger.py took 0.135 seconds
[2025-09-16T15:09:26.355+0000] {processor.py:161} INFO - Started process (PID=979) to work on /home/airflow/.local/lib/python3.12/site-packages/airflow/example_dags/example_latest_only_with_trigger.py
[2025-09-16T15:09:26.357+0000] {processor.py:830} INFO - Processing file /home/airflow/.local/lib/python3.12/site-packages/airflow/example_dags/example_latest_only_with_trigger.py for tasks to queue
[2025-09-16T15:09:26.359+0000] {logging_mixin.py:188} INFO - [2025-09-16T15:09:26.359+0000] {dagbag.py:545} INFO - Filling up the DagBag from /home/airflow/.local/lib/python3.12/site-packages/airflow/example_dags/example_latest_only_with_trigger.py
[2025-09-16T15:09:26.365+0000] {processor.py:840} INFO - DAG(s) 'latest_only_with_trigger' retrieved from /home/airflow/.local/lib/python3.12/site-packages/airflow/example_dags/example_latest_only_with_trigger.py
[2025-09-16T15:09:26.389+0000] {logging_mixin.py:188} INFO - [2025-09-16T15:09:26.388+0000] {dag.py:3096} INFO - Sync 1 DAGs
[2025-09-16T15:09:26.414+0000] {logging_mixin.py:188} INFO - [2025-09-16T15:09:26.414+0000] {dag.py:3954} INFO - Setting next_dagrun for latest_only_with_trigger to 2025-09-16 08:00:00+00:00, run_after=2025-09-16 12:00:00+00:00
[2025-09-16T15:09:26.435+0000] {processor.py:183} INFO - Processing /home/airflow/.local/lib/python3.12/site-packages/airflow/example_dags/example_latest_only_with_trigger.py took 0.086 seconds
[2025-09-16T15:09:56.936+0000] {processor.py:161} INFO - Started process (PID=1039) to work on /home/airflow/.local/lib/python3.12/site-packages/airflow/example_dags/example_latest_only_with_trigger.py
[2025-09-16T15:09:56.938+0000] {processor.py:830} INFO - Processing file /home/airflow/.local/lib/python3.12/site-packages/airflow/example_dags/example_latest_only_with_trigger.py for tasks to queue
[2025-09-16T15:09:56.941+0000] {logging_mixin.py:188} INFO - [2025-09-16T15:09:56.941+0000] {dagbag.py:545} INFO - Filling up the DagBag from /home/airflow/.local/lib/python3.12/site-packages/airflow/example_dags/example_latest_only_with_trigger.py
[2025-09-16T15:09:56.950+0000] {processor.py:840} INFO - DAG(s) 'latest_only_with_trigger' retrieved from /home/airflow/.local/lib/python3.12/site-packages/airflow/example_dags/example_latest_only_with_trigger.py
[2025-09-16T15:09:56.977+0000] {logging_mixin.py:188} INFO - [2025-09-16T15:09:56.977+0000] {dag.py:3096} INFO - Sync 1 DAGs
[2025-09-16T15:09:57.005+0000] {logging_mixin.py:188} INFO - [2025-09-16T15:09:57.005+0000] {dag.py:3954} INFO - Setting next_dagrun for latest_only_with_trigger to 2025-09-16 08:00:00+00:00, run_after=2025-09-16 12:00:00+00:00
[2025-09-16T15:09:57.032+0000] {processor.py:183} INFO - Processing /home/airflow/.local/lib/python3.12/site-packages/airflow/example_dags/example_latest_only_with_trigger.py took 0.103 seconds
[2025-09-16T15:10:27.334+0000] {processor.py:161} INFO - Started process (PID=1099) to work on /home/airflow/.local/lib/python3.12/site-packages/airflow/example_dags/example_latest_only_with_trigger.py
[2025-09-16T15:10:27.336+0000] {processor.py:830} INFO - Processing file /home/airflow/.local/lib/python3.12/site-packages/airflow/example_dags/example_latest_only_with_trigger.py for tasks to queue
[2025-09-16T15:10:27.338+0000] {logging_mixin.py:188} INFO - [2025-09-16T15:10:27.337+0000] {dagbag.py:545} INFO - Filling up the DagBag from /home/airflow/.local/lib/python3.12/site-packages/airflow/example_dags/example_latest_only_with_trigger.py
[2025-09-16T15:10:27.344+0000] {processor.py:840} INFO - DAG(s) 'latest_only_with_trigger' retrieved from /home/airflow/.local/lib/python3.12/site-packages/airflow/example_dags/example_latest_only_with_trigger.py
[2025-09-16T15:10:27.366+0000] {logging_mixin.py:188} INFO - [2025-09-16T15:10:27.366+0000] {dag.py:3096} INFO - Sync 1 DAGs
[2025-09-16T15:10:27.392+0000] {logging_mixin.py:188} INFO - [2025-09-16T15:10:27.392+0000] {dag.py:3954} INFO - Setting next_dagrun for latest_only_with_trigger to 2025-09-16 08:00:00+00:00, run_after=2025-09-16 12:00:00+00:00
[2025-09-16T15:10:27.444+0000] {processor.py:183} INFO - Processing /home/airflow/.local/lib/python3.12/site-packages/airflow/example_dags/example_latest_only_with_trigger.py took 0.115 seconds
[2025-09-16T15:10:58.098+0000] {processor.py:161} INFO - Started process (PID=1159) to work on /home/airflow/.local/lib/python3.12/site-packages/airflow/example_dags/example_latest_only_with_trigger.py
[2025-09-16T15:10:58.100+0000] {processor.py:830} INFO - Processing file /home/airflow/.local/lib/python3.12/site-packages/airflow/example_dags/example_latest_only_with_trigger.py for tasks to queue
[2025-09-16T15:10:58.103+0000] {logging_mixin.py:188} INFO - [2025-09-16T15:10:58.103+0000] {dagbag.py:545} INFO - Filling up the DagBag from /home/airflow/.local/lib/python3.12/site-packages/airflow/example_dags/example_latest_only_with_trigger.py
[2025-09-16T15:10:58.111+0000] {processor.py:840} INFO - DAG(s) 'latest_only_with_trigger' retrieved from /home/airflow/.local/lib/python3.12/site-packages/airflow/example_dags/example_latest_only_with_trigger.py
[2025-09-16T15:10:58.148+0000] {logging_mixin.py:188} INFO - [2025-09-16T15:10:58.147+0000] {dag.py:3096} INFO - Sync 1 DAGs
[2025-09-16T15:10:58.179+0000] {logging_mixin.py:188} INFO - [2025-09-16T15:10:58.179+0000] {dag.py:3954} INFO - Setting next_dagrun for latest_only_with_trigger to 2025-09-16 08:00:00+00:00, run_after=2025-09-16 12:00:00+00:00
[2025-09-16T15:10:58.205+0000] {processor.py:183} INFO - Processing /home/airflow/.local/lib/python3.12/site-packages/airflow/example_dags/example_latest_only_with_trigger.py took 0.115 seconds
[2025-09-16T15:11:28.600+0000] {processor.py:161} INFO - Started process (PID=1219) to work on /home/airflow/.local/lib/python3.12/site-packages/airflow/example_dags/example_latest_only_with_trigger.py
[2025-09-16T15:11:28.603+0000] {processor.py:830} INFO - Processing file /home/airflow/.local/lib/python3.12/site-packages/airflow/example_dags/example_latest_only_with_trigger.py for tasks to queue
[2025-09-16T15:11:28.605+0000] {logging_mixin.py:188} INFO - [2025-09-16T15:11:28.605+0000] {dagbag.py:545} INFO - Filling up the DagBag from /home/airflow/.local/lib/python3.12/site-packages/airflow/example_dags/example_latest_only_with_trigger.py
[2025-09-16T15:11:28.612+0000] {processor.py:840} INFO - DAG(s) 'latest_only_with_trigger' retrieved from /home/airflow/.local/lib/python3.12/site-packages/airflow/example_dags/example_latest_only_with_trigger.py
[2025-09-16T15:11:28.639+0000] {logging_mixin.py:188} INFO - [2025-09-16T15:11:28.638+0000] {dag.py:3096} INFO - Sync 1 DAGs
[2025-09-16T15:11:28.671+0000] {logging_mixin.py:188} INFO - [2025-09-16T15:11:28.671+0000] {dag.py:3954} INFO - Setting next_dagrun for latest_only_with_trigger to 2025-09-16 08:00:00+00:00, run_after=2025-09-16 12:00:00+00:00
[2025-09-16T15:11:28.705+0000] {processor.py:183} INFO - Processing /home/airflow/.local/lib/python3.12/site-packages/airflow/example_dags/example_latest_only_with_trigger.py took 0.112 seconds
[2025-09-16T15:11:59.169+0000] {processor.py:161} INFO - Started process (PID=1279) to work on /home/airflow/.local/lib/python3.12/site-packages/airflow/example_dags/example_latest_only_with_trigger.py
[2025-09-16T15:11:59.170+0000] {processor.py:830} INFO - Processing file /home/airflow/.local/lib/python3.12/site-packages/airflow/example_dags/example_latest_only_with_trigger.py for tasks to queue
[2025-09-16T15:11:59.173+0000] {logging_mixin.py:188} INFO - [2025-09-16T15:11:59.173+0000] {dagbag.py:545} INFO - Filling up the DagBag from /home/airflow/.local/lib/python3.12/site-packages/airflow/example_dags/example_latest_only_with_trigger.py
[2025-09-16T15:11:59.185+0000] {processor.py:840} INFO - DAG(s) 'latest_only_with_trigger' retrieved from /home/airflow/.local/lib/python3.12/site-packages/airflow/example_dags/example_latest_only_with_trigger.py
[2025-09-16T15:11:59.217+0000] {logging_mixin.py:188} INFO - [2025-09-16T15:11:59.216+0000] {dag.py:3096} INFO - Sync 1 DAGs
[2025-09-16T15:11:59.251+0000] {logging_mixin.py:188} INFO - [2025-09-16T15:11:59.251+0000] {dag.py:3954} INFO - Setting next_dagrun for latest_only_with_trigger to 2025-09-16 08:00:00+00:00, run_after=2025-09-16 12:00:00+00:00
[2025-09-16T15:11:59.279+0000] {processor.py:183} INFO - Processing /home/airflow/.local/lib/python3.12/site-packages/airflow/example_dags/example_latest_only_with_trigger.py took 0.117 seconds
[2025-09-16T15:12:29.829+0000] {processor.py:161} INFO - Started process (PID=1339) to work on /home/airflow/.local/lib/python3.12/site-packages/airflow/example_dags/example_latest_only_with_trigger.py
[2025-09-16T15:12:29.830+0000] {processor.py:830} INFO - Processing file /home/airflow/.local/lib/python3.12/site-packages/airflow/example_dags/example_latest_only_with_trigger.py for tasks to queue
[2025-09-16T15:12:29.834+0000] {logging_mixin.py:188} INFO - [2025-09-16T15:12:29.833+0000] {dagbag.py:545} INFO - Filling up the DagBag from /home/airflow/.local/lib/python3.12/site-packages/airflow/example_dags/example_latest_only_with_trigger.py
[2025-09-16T15:12:29.840+0000] {processor.py:840} INFO - DAG(s) 'latest_only_with_trigger' retrieved from /home/airflow/.local/lib/python3.12/site-packages/airflow/example_dags/example_latest_only_with_trigger.py
[2025-09-16T15:12:29.868+0000] {logging_mixin.py:188} INFO - [2025-09-16T15:12:29.868+0000] {dag.py:3096} INFO - Sync 1 DAGs
[2025-09-16T15:12:29.896+0000] {logging_mixin.py:188} INFO - [2025-09-16T15:12:29.896+0000] {dag.py:3954} INFO - Setting next_dagrun for latest_only_with_trigger to 2025-09-16 08:00:00+00:00, run_after=2025-09-16 12:00:00+00:00
[2025-09-16T15:12:29.920+0000] {processor.py:183} INFO - Processing /home/airflow/.local/lib/python3.12/site-packages/airflow/example_dags/example_latest_only_with_trigger.py took 0.099 seconds
[2025-09-16T15:13:00.184+0000] {processor.py:161} INFO - Started process (PID=1399) to work on /home/airflow/.local/lib/python3.12/site-packages/airflow/example_dags/example_latest_only_with_trigger.py
[2025-09-16T15:13:00.186+0000] {processor.py:830} INFO - Processing file /home/airflow/.local/lib/python3.12/site-packages/airflow/example_dags/example_latest_only_with_trigger.py for tasks to queue
[2025-09-16T15:13:00.191+0000] {logging_mixin.py:188} INFO - [2025-09-16T15:13:00.190+0000] {dagbag.py:545} INFO - Filling up the DagBag from /home/airflow/.local/lib/python3.12/site-packages/airflow/example_dags/example_latest_only_with_trigger.py
[2025-09-16T15:13:00.204+0000] {processor.py:840} INFO - DAG(s) 'latest_only_with_trigger' retrieved from /home/airflow/.local/lib/python3.12/site-packages/airflow/example_dags/example_latest_only_with_trigger.py
[2025-09-16T15:13:00.249+0000] {logging_mixin.py:188} INFO - [2025-09-16T15:13:00.249+0000] {dag.py:3096} INFO - Sync 1 DAGs
[2025-09-16T15:13:00.305+0000] {logging_mixin.py:188} INFO - [2025-09-16T15:13:00.305+0000] {dag.py:3954} INFO - Setting next_dagrun for latest_only_with_trigger to 2025-09-16 08:00:00+00:00, run_after=2025-09-16 12:00:00+00:00
[2025-09-16T15:13:00.346+0000] {processor.py:183} INFO - Processing /home/airflow/.local/lib/python3.12/site-packages/airflow/example_dags/example_latest_only_with_trigger.py took 0.176 seconds
[2025-09-16T15:13:30.538+0000] {processor.py:161} INFO - Started process (PID=1459) to work on /home/airflow/.local/lib/python3.12/site-packages/airflow/example_dags/example_latest_only_with_trigger.py
[2025-09-16T15:13:30.541+0000] {processor.py:830} INFO - Processing file /home/airflow/.local/lib/python3.12/site-packages/airflow/example_dags/example_latest_only_with_trigger.py for tasks to queue
[2025-09-16T15:13:30.547+0000] {logging_mixin.py:188} INFO - [2025-09-16T15:13:30.546+0000] {dagbag.py:545} INFO - Filling up the DagBag from /home/airflow/.local/lib/python3.12/site-packages/airflow/example_dags/example_latest_only_with_trigger.py
[2025-09-16T15:13:30.558+0000] {processor.py:840} INFO - DAG(s) 'latest_only_with_trigger' retrieved from /home/airflow/.local/lib/python3.12/site-packages/airflow/example_dags/example_latest_only_with_trigger.py
[2025-09-16T15:13:30.611+0000] {logging_mixin.py:188} INFO - [2025-09-16T15:13:30.610+0000] {dag.py:3096} INFO - Sync 1 DAGs
[2025-09-16T15:13:30.681+0000] {logging_mixin.py:188} INFO - [2025-09-16T15:13:30.681+0000] {dag.py:3954} INFO - Setting next_dagrun for latest_only_with_trigger to 2025-09-16 08:00:00+00:00, run_after=2025-09-16 12:00:00+00:00
[2025-09-16T15:13:30.739+0000] {processor.py:183} INFO - Processing /home/airflow/.local/lib/python3.12/site-packages/airflow/example_dags/example_latest_only_with_trigger.py took 0.214 seconds
[2025-09-16T15:14:00.940+0000] {processor.py:161} INFO - Started process (PID=1519) to work on /home/airflow/.local/lib/python3.12/site-packages/airflow/example_dags/example_latest_only_with_trigger.py
[2025-09-16T15:14:00.942+0000] {processor.py:830} INFO - Processing file /home/airflow/.local/lib/python3.12/site-packages/airflow/example_dags/example_latest_only_with_trigger.py for tasks to queue
[2025-09-16T15:14:00.945+0000] {logging_mixin.py:188} INFO - [2025-09-16T15:14:00.944+0000] {dagbag.py:545} INFO - Filling up the DagBag from /home/airflow/.local/lib/python3.12/site-packages/airflow/example_dags/example_latest_only_with_trigger.py
[2025-09-16T15:14:00.953+0000] {processor.py:840} INFO - DAG(s) 'latest_only_with_trigger' retrieved from /home/airflow/.local/lib/python3.12/site-packages/airflow/example_dags/example_latest_only_with_trigger.py
[2025-09-16T15:14:00.982+0000] {logging_mixin.py:188} INFO - [2025-09-16T15:14:00.982+0000] {dag.py:3096} INFO - Sync 1 DAGs
[2025-09-16T15:14:01.012+0000] {logging_mixin.py:188} INFO - [2025-09-16T15:14:01.011+0000] {dag.py:3954} INFO - Setting next_dagrun for latest_only_with_trigger to 2025-09-16 08:00:00+00:00, run_after=2025-09-16 12:00:00+00:00
[2025-09-16T15:14:01.039+0000] {processor.py:183} INFO - Processing /home/airflow/.local/lib/python3.12/site-packages/airflow/example_dags/example_latest_only_with_trigger.py took 0.108 seconds
