[2025-09-16T14:08:00.696+0000] {processor.py:161} INFO - Started process (PID=167) to work on /home/airflow/.local/lib/python3.12/site-packages/airflow/example_dags/example_bash_operator.py
[2025-09-16T14:08:00.705+0000] {processor.py:830} INFO - Processing file /home/airflow/.local/lib/python3.12/site-packages/airflow/example_dags/example_bash_operator.py for tasks to queue
[2025-09-16T14:08:00.718+0000] {logging_mixin.py:188} INFO - [2025-09-16T14:08:00.717+0000] {dagbag.py:545} INFO - Filling up the DagBag from /home/airflow/.local/lib/python3.12/site-packages/airflow/example_dags/example_bash_operator.py
[2025-09-16T14:08:00.754+0000] {processor.py:840} INFO - DAG(s) 'example_bash_operator' retrieved from /home/airflow/.local/lib/python3.12/site-packages/airflow/example_dags/example_bash_operator.py
[2025-09-16T14:08:00.808+0000] {logging_mixin.py:188} INFO - [2025-09-16T14:08:00.808+0000] {dag.py:3096} INFO - Sync 1 DAGs
[2025-09-16T14:08:00.905+0000] {logging_mixin.py:188} INFO - [2025-09-16T14:08:00.905+0000] {dag.py:3954} INFO - Setting next_dagrun for example_bash_operator to 2025-09-15 00:00:00+00:00, run_after=2025-09-16 00:00:00+00:00
[2025-09-16T14:08:00.982+0000] {processor.py:183} INFO - Processing /home/airflow/.local/lib/python3.12/site-packages/airflow/example_dags/example_bash_operator.py took 0.326 seconds
[2025-09-16T14:08:31.546+0000] {processor.py:161} INFO - Started process (PID=227) to work on /home/airflow/.local/lib/python3.12/site-packages/airflow/example_dags/example_bash_operator.py
[2025-09-16T14:08:31.549+0000] {processor.py:830} INFO - Processing file /home/airflow/.local/lib/python3.12/site-packages/airflow/example_dags/example_bash_operator.py for tasks to queue
[2025-09-16T14:08:31.552+0000] {logging_mixin.py:188} INFO - [2025-09-16T14:08:31.551+0000] {dagbag.py:545} INFO - Filling up the DagBag from /home/airflow/.local/lib/python3.12/site-packages/airflow/example_dags/example_bash_operator.py
[2025-09-16T14:08:31.568+0000] {processor.py:840} INFO - DAG(s) 'example_bash_operator' retrieved from /home/airflow/.local/lib/python3.12/site-packages/airflow/example_dags/example_bash_operator.py
[2025-09-16T14:08:31.727+0000] {logging_mixin.py:188} INFO - [2025-09-16T14:08:31.726+0000] {dag.py:3096} INFO - Sync 1 DAGs
[2025-09-16T14:08:31.759+0000] {logging_mixin.py:188} INFO - [2025-09-16T14:08:31.759+0000] {dag.py:3954} INFO - Setting next_dagrun for example_bash_operator to 2025-09-15 00:00:00+00:00, run_after=2025-09-16 00:00:00+00:00
[2025-09-16T14:08:31.786+0000] {processor.py:183} INFO - Processing /home/airflow/.local/lib/python3.12/site-packages/airflow/example_dags/example_bash_operator.py took 0.248 seconds
[2025-09-16T14:09:02.331+0000] {processor.py:161} INFO - Started process (PID=287) to work on /home/airflow/.local/lib/python3.12/site-packages/airflow/example_dags/example_bash_operator.py
[2025-09-16T14:09:02.333+0000] {processor.py:830} INFO - Processing file /home/airflow/.local/lib/python3.12/site-packages/airflow/example_dags/example_bash_operator.py for tasks to queue
[2025-09-16T14:09:02.336+0000] {logging_mixin.py:188} INFO - [2025-09-16T14:09:02.335+0000] {dagbag.py:545} INFO - Filling up the DagBag from /home/airflow/.local/lib/python3.12/site-packages/airflow/example_dags/example_bash_operator.py
[2025-09-16T14:09:02.356+0000] {processor.py:840} INFO - DAG(s) 'example_bash_operator' retrieved from /home/airflow/.local/lib/python3.12/site-packages/airflow/example_dags/example_bash_operator.py
[2025-09-16T14:09:02.400+0000] {logging_mixin.py:188} INFO - [2025-09-16T14:09:02.399+0000] {dag.py:3096} INFO - Sync 1 DAGs
[2025-09-16T14:09:02.437+0000] {logging_mixin.py:188} INFO - [2025-09-16T14:09:02.437+0000] {dag.py:3954} INFO - Setting next_dagrun for example_bash_operator to 2025-09-15 00:00:00+00:00, run_after=2025-09-16 00:00:00+00:00
[2025-09-16T14:09:02.470+0000] {processor.py:183} INFO - Processing /home/airflow/.local/lib/python3.12/site-packages/airflow/example_dags/example_bash_operator.py took 0.149 seconds
[2025-09-16T14:09:33.320+0000] {processor.py:161} INFO - Started process (PID=347) to work on /home/airflow/.local/lib/python3.12/site-packages/airflow/example_dags/example_bash_operator.py
[2025-09-16T14:09:33.322+0000] {processor.py:830} INFO - Processing file /home/airflow/.local/lib/python3.12/site-packages/airflow/example_dags/example_bash_operator.py for tasks to queue
[2025-09-16T14:09:33.325+0000] {logging_mixin.py:188} INFO - [2025-09-16T14:09:33.325+0000] {dagbag.py:545} INFO - Filling up the DagBag from /home/airflow/.local/lib/python3.12/site-packages/airflow/example_dags/example_bash_operator.py
[2025-09-16T14:09:33.342+0000] {processor.py:840} INFO - DAG(s) 'example_bash_operator' retrieved from /home/airflow/.local/lib/python3.12/site-packages/airflow/example_dags/example_bash_operator.py
[2025-09-16T14:09:33.380+0000] {logging_mixin.py:188} INFO - [2025-09-16T14:09:33.379+0000] {dag.py:3096} INFO - Sync 1 DAGs
[2025-09-16T14:09:33.411+0000] {logging_mixin.py:188} INFO - [2025-09-16T14:09:33.410+0000] {dag.py:3954} INFO - Setting next_dagrun for example_bash_operator to 2025-09-15 00:00:00+00:00, run_after=2025-09-16 00:00:00+00:00
[2025-09-16T14:09:33.437+0000] {processor.py:183} INFO - Processing /home/airflow/.local/lib/python3.12/site-packages/airflow/example_dags/example_bash_operator.py took 0.126 seconds
[2025-09-16T14:10:04.191+0000] {processor.py:161} INFO - Started process (PID=407) to work on /home/airflow/.local/lib/python3.12/site-packages/airflow/example_dags/example_bash_operator.py
[2025-09-16T14:10:04.194+0000] {processor.py:830} INFO - Processing file /home/airflow/.local/lib/python3.12/site-packages/airflow/example_dags/example_bash_operator.py for tasks to queue
[2025-09-16T14:10:04.197+0000] {logging_mixin.py:188} INFO - [2025-09-16T14:10:04.197+0000] {dagbag.py:545} INFO - Filling up the DagBag from /home/airflow/.local/lib/python3.12/site-packages/airflow/example_dags/example_bash_operator.py
[2025-09-16T14:10:04.212+0000] {processor.py:840} INFO - DAG(s) 'example_bash_operator' retrieved from /home/airflow/.local/lib/python3.12/site-packages/airflow/example_dags/example_bash_operator.py
[2025-09-16T14:10:04.257+0000] {logging_mixin.py:188} INFO - [2025-09-16T14:10:04.257+0000] {dag.py:3096} INFO - Sync 1 DAGs
[2025-09-16T14:10:04.304+0000] {logging_mixin.py:188} INFO - [2025-09-16T14:10:04.303+0000] {dag.py:3954} INFO - Setting next_dagrun for example_bash_operator to 2025-09-15 00:00:00+00:00, run_after=2025-09-16 00:00:00+00:00
[2025-09-16T14:10:04.342+0000] {processor.py:183} INFO - Processing /home/airflow/.local/lib/python3.12/site-packages/airflow/example_dags/example_bash_operator.py took 0.160 seconds
[2025-09-16T14:10:34.660+0000] {processor.py:161} INFO - Started process (PID=467) to work on /home/airflow/.local/lib/python3.12/site-packages/airflow/example_dags/example_bash_operator.py
[2025-09-16T14:10:34.662+0000] {processor.py:830} INFO - Processing file /home/airflow/.local/lib/python3.12/site-packages/airflow/example_dags/example_bash_operator.py for tasks to queue
[2025-09-16T14:10:34.666+0000] {logging_mixin.py:188} INFO - [2025-09-16T14:10:34.665+0000] {dagbag.py:545} INFO - Filling up the DagBag from /home/airflow/.local/lib/python3.12/site-packages/airflow/example_dags/example_bash_operator.py
[2025-09-16T14:10:34.683+0000] {processor.py:840} INFO - DAG(s) 'example_bash_operator' retrieved from /home/airflow/.local/lib/python3.12/site-packages/airflow/example_dags/example_bash_operator.py
[2025-09-16T14:10:34.779+0000] {logging_mixin.py:188} INFO - [2025-09-16T14:10:34.778+0000] {dag.py:3096} INFO - Sync 1 DAGs
[2025-09-16T14:10:34.824+0000] {logging_mixin.py:188} INFO - [2025-09-16T14:10:34.824+0000] {dag.py:3954} INFO - Setting next_dagrun for example_bash_operator to 2025-09-15 00:00:00+00:00, run_after=2025-09-16 00:00:00+00:00
[2025-09-16T14:10:34.891+0000] {processor.py:183} INFO - Processing /home/airflow/.local/lib/python3.12/site-packages/airflow/example_dags/example_bash_operator.py took 0.240 seconds
[2025-09-16T14:11:05.588+0000] {processor.py:161} INFO - Started process (PID=527) to work on /home/airflow/.local/lib/python3.12/site-packages/airflow/example_dags/example_bash_operator.py
[2025-09-16T14:11:05.590+0000] {processor.py:830} INFO - Processing file /home/airflow/.local/lib/python3.12/site-packages/airflow/example_dags/example_bash_operator.py for tasks to queue
[2025-09-16T14:11:05.594+0000] {logging_mixin.py:188} INFO - [2025-09-16T14:11:05.593+0000] {dagbag.py:545} INFO - Filling up the DagBag from /home/airflow/.local/lib/python3.12/site-packages/airflow/example_dags/example_bash_operator.py
[2025-09-16T14:11:05.610+0000] {processor.py:840} INFO - DAG(s) 'example_bash_operator' retrieved from /home/airflow/.local/lib/python3.12/site-packages/airflow/example_dags/example_bash_operator.py
[2025-09-16T14:11:05.650+0000] {logging_mixin.py:188} INFO - [2025-09-16T14:11:05.649+0000] {dag.py:3096} INFO - Sync 1 DAGs
[2025-09-16T14:11:05.685+0000] {logging_mixin.py:188} INFO - [2025-09-16T14:11:05.685+0000] {dag.py:3954} INFO - Setting next_dagrun for example_bash_operator to 2025-09-15 00:00:00+00:00, run_after=2025-09-16 00:00:00+00:00
[2025-09-16T14:11:05.719+0000] {processor.py:183} INFO - Processing /home/airflow/.local/lib/python3.12/site-packages/airflow/example_dags/example_bash_operator.py took 0.140 seconds
[2025-09-16T14:11:35.987+0000] {processor.py:161} INFO - Started process (PID=587) to work on /home/airflow/.local/lib/python3.12/site-packages/airflow/example_dags/example_bash_operator.py
[2025-09-16T14:11:35.988+0000] {processor.py:830} INFO - Processing file /home/airflow/.local/lib/python3.12/site-packages/airflow/example_dags/example_bash_operator.py for tasks to queue
[2025-09-16T14:11:35.992+0000] {logging_mixin.py:188} INFO - [2025-09-16T14:11:35.991+0000] {dagbag.py:545} INFO - Filling up the DagBag from /home/airflow/.local/lib/python3.12/site-packages/airflow/example_dags/example_bash_operator.py
[2025-09-16T14:11:36.008+0000] {processor.py:840} INFO - DAG(s) 'example_bash_operator' retrieved from /home/airflow/.local/lib/python3.12/site-packages/airflow/example_dags/example_bash_operator.py
[2025-09-16T14:11:36.053+0000] {logging_mixin.py:188} INFO - [2025-09-16T14:11:36.053+0000] {dag.py:3096} INFO - Sync 1 DAGs
[2025-09-16T14:11:36.089+0000] {logging_mixin.py:188} INFO - [2025-09-16T14:11:36.089+0000] {dag.py:3954} INFO - Setting next_dagrun for example_bash_operator to 2025-09-15 00:00:00+00:00, run_after=2025-09-16 00:00:00+00:00
[2025-09-16T14:11:36.118+0000] {processor.py:183} INFO - Processing /home/airflow/.local/lib/python3.12/site-packages/airflow/example_dags/example_bash_operator.py took 0.139 seconds
[2025-09-16T14:12:07.004+0000] {processor.py:161} INFO - Started process (PID=647) to work on /home/airflow/.local/lib/python3.12/site-packages/airflow/example_dags/example_bash_operator.py
[2025-09-16T14:12:07.006+0000] {processor.py:830} INFO - Processing file /home/airflow/.local/lib/python3.12/site-packages/airflow/example_dags/example_bash_operator.py for tasks to queue
[2025-09-16T14:12:07.009+0000] {logging_mixin.py:188} INFO - [2025-09-16T14:12:07.009+0000] {dagbag.py:545} INFO - Filling up the DagBag from /home/airflow/.local/lib/python3.12/site-packages/airflow/example_dags/example_bash_operator.py
[2025-09-16T14:12:07.028+0000] {processor.py:840} INFO - DAG(s) 'example_bash_operator' retrieved from /home/airflow/.local/lib/python3.12/site-packages/airflow/example_dags/example_bash_operator.py
[2025-09-16T14:12:07.073+0000] {logging_mixin.py:188} INFO - [2025-09-16T14:12:07.073+0000] {dag.py:3096} INFO - Sync 1 DAGs
[2025-09-16T14:12:07.110+0000] {logging_mixin.py:188} INFO - [2025-09-16T14:12:07.109+0000] {dag.py:3954} INFO - Setting next_dagrun for example_bash_operator to 2025-09-15 00:00:00+00:00, run_after=2025-09-16 00:00:00+00:00
[2025-09-16T14:12:07.141+0000] {processor.py:183} INFO - Processing /home/airflow/.local/lib/python3.12/site-packages/airflow/example_dags/example_bash_operator.py took 0.147 seconds
[2025-09-16T14:12:37.427+0000] {processor.py:161} INFO - Started process (PID=707) to work on /home/airflow/.local/lib/python3.12/site-packages/airflow/example_dags/example_bash_operator.py
[2025-09-16T14:12:37.428+0000] {processor.py:830} INFO - Processing file /home/airflow/.local/lib/python3.12/site-packages/airflow/example_dags/example_bash_operator.py for tasks to queue
[2025-09-16T14:12:37.431+0000] {logging_mixin.py:188} INFO - [2025-09-16T14:12:37.431+0000] {dagbag.py:545} INFO - Filling up the DagBag from /home/airflow/.local/lib/python3.12/site-packages/airflow/example_dags/example_bash_operator.py
[2025-09-16T14:12:37.449+0000] {processor.py:840} INFO - DAG(s) 'example_bash_operator' retrieved from /home/airflow/.local/lib/python3.12/site-packages/airflow/example_dags/example_bash_operator.py
[2025-09-16T14:12:37.495+0000] {logging_mixin.py:188} INFO - [2025-09-16T14:12:37.494+0000] {dag.py:3096} INFO - Sync 1 DAGs
[2025-09-16T14:12:37.530+0000] {logging_mixin.py:188} INFO - [2025-09-16T14:12:37.530+0000] {dag.py:3954} INFO - Setting next_dagrun for example_bash_operator to 2025-09-15 00:00:00+00:00, run_after=2025-09-16 00:00:00+00:00
[2025-09-16T14:12:37.560+0000] {processor.py:183} INFO - Processing /home/airflow/.local/lib/python3.12/site-packages/airflow/example_dags/example_bash_operator.py took 0.143 seconds
[2025-09-16T14:13:08.076+0000] {processor.py:161} INFO - Started process (PID=767) to work on /home/airflow/.local/lib/python3.12/site-packages/airflow/example_dags/example_bash_operator.py
[2025-09-16T14:13:08.078+0000] {processor.py:830} INFO - Processing file /home/airflow/.local/lib/python3.12/site-packages/airflow/example_dags/example_bash_operator.py for tasks to queue
[2025-09-16T14:13:08.081+0000] {logging_mixin.py:188} INFO - [2025-09-16T14:13:08.080+0000] {dagbag.py:545} INFO - Filling up the DagBag from /home/airflow/.local/lib/python3.12/site-packages/airflow/example_dags/example_bash_operator.py
[2025-09-16T14:13:08.096+0000] {processor.py:840} INFO - DAG(s) 'example_bash_operator' retrieved from /home/airflow/.local/lib/python3.12/site-packages/airflow/example_dags/example_bash_operator.py
[2025-09-16T14:13:08.133+0000] {logging_mixin.py:188} INFO - [2025-09-16T14:13:08.132+0000] {dag.py:3096} INFO - Sync 1 DAGs
[2025-09-16T14:13:08.163+0000] {logging_mixin.py:188} INFO - [2025-09-16T14:13:08.163+0000] {dag.py:3954} INFO - Setting next_dagrun for example_bash_operator to 2025-09-15 00:00:00+00:00, run_after=2025-09-16 00:00:00+00:00
[2025-09-16T14:13:08.211+0000] {processor.py:183} INFO - Processing /home/airflow/.local/lib/python3.12/site-packages/airflow/example_dags/example_bash_operator.py took 0.144 seconds
[2025-09-16T14:13:38.659+0000] {processor.py:161} INFO - Started process (PID=827) to work on /home/airflow/.local/lib/python3.12/site-packages/airflow/example_dags/example_bash_operator.py
[2025-09-16T14:13:38.661+0000] {processor.py:830} INFO - Processing file /home/airflow/.local/lib/python3.12/site-packages/airflow/example_dags/example_bash_operator.py for tasks to queue
[2025-09-16T14:13:38.664+0000] {logging_mixin.py:188} INFO - [2025-09-16T14:13:38.664+0000] {dagbag.py:545} INFO - Filling up the DagBag from /home/airflow/.local/lib/python3.12/site-packages/airflow/example_dags/example_bash_operator.py
[2025-09-16T14:13:38.682+0000] {processor.py:840} INFO - DAG(s) 'example_bash_operator' retrieved from /home/airflow/.local/lib/python3.12/site-packages/airflow/example_dags/example_bash_operator.py
[2025-09-16T14:13:38.730+0000] {logging_mixin.py:188} INFO - [2025-09-16T14:13:38.729+0000] {dag.py:3096} INFO - Sync 1 DAGs
[2025-09-16T14:13:38.785+0000] {logging_mixin.py:188} INFO - [2025-09-16T14:13:38.784+0000] {dag.py:3954} INFO - Setting next_dagrun for example_bash_operator to 2025-09-15 00:00:00+00:00, run_after=2025-09-16 00:00:00+00:00
[2025-09-16T14:13:38.855+0000] {processor.py:183} INFO - Processing /home/airflow/.local/lib/python3.12/site-packages/airflow/example_dags/example_bash_operator.py took 0.207 seconds
[2025-09-16T14:14:10.045+0000] {processor.py:161} INFO - Started process (PID=893) to work on /home/airflow/.local/lib/python3.12/site-packages/airflow/example_dags/example_bash_operator.py
[2025-09-16T14:14:10.047+0000] {processor.py:830} INFO - Processing file /home/airflow/.local/lib/python3.12/site-packages/airflow/example_dags/example_bash_operator.py for tasks to queue
[2025-09-16T14:14:10.053+0000] {logging_mixin.py:188} INFO - [2025-09-16T14:14:10.052+0000] {dagbag.py:545} INFO - Filling up the DagBag from /home/airflow/.local/lib/python3.12/site-packages/airflow/example_dags/example_bash_operator.py
[2025-09-16T14:14:10.078+0000] {processor.py:840} INFO - DAG(s) 'example_bash_operator' retrieved from /home/airflow/.local/lib/python3.12/site-packages/airflow/example_dags/example_bash_operator.py
[2025-09-16T14:14:10.130+0000] {logging_mixin.py:188} INFO - [2025-09-16T14:14:10.130+0000] {dag.py:3096} INFO - Sync 1 DAGs
[2025-09-16T14:14:10.169+0000] {logging_mixin.py:188} INFO - [2025-09-16T14:14:10.169+0000] {dag.py:3954} INFO - Setting next_dagrun for example_bash_operator to 2025-09-15 00:00:00+00:00, run_after=2025-09-16 00:00:00+00:00
[2025-09-16T14:14:10.204+0000] {processor.py:183} INFO - Processing /home/airflow/.local/lib/python3.12/site-packages/airflow/example_dags/example_bash_operator.py took 0.173 seconds
[2025-09-16T14:14:40.660+0000] {processor.py:161} INFO - Started process (PID=955) to work on /home/airflow/.local/lib/python3.12/site-packages/airflow/example_dags/example_bash_operator.py
[2025-09-16T14:14:40.661+0000] {processor.py:830} INFO - Processing file /home/airflow/.local/lib/python3.12/site-packages/airflow/example_dags/example_bash_operator.py for tasks to queue
[2025-09-16T14:14:40.665+0000] {logging_mixin.py:188} INFO - [2025-09-16T14:14:40.665+0000] {dagbag.py:545} INFO - Filling up the DagBag from /home/airflow/.local/lib/python3.12/site-packages/airflow/example_dags/example_bash_operator.py
[2025-09-16T14:14:40.685+0000] {processor.py:840} INFO - DAG(s) 'example_bash_operator' retrieved from /home/airflow/.local/lib/python3.12/site-packages/airflow/example_dags/example_bash_operator.py
[2025-09-16T14:14:40.730+0000] {logging_mixin.py:188} INFO - [2025-09-16T14:14:40.729+0000] {dag.py:3096} INFO - Sync 1 DAGs
[2025-09-16T14:14:40.771+0000] {logging_mixin.py:188} INFO - [2025-09-16T14:14:40.770+0000] {dag.py:3954} INFO - Setting next_dagrun for example_bash_operator to 2025-09-15 00:00:00+00:00, run_after=2025-09-16 00:00:00+00:00
[2025-09-16T14:14:40.825+0000] {processor.py:183} INFO - Processing /home/airflow/.local/lib/python3.12/site-packages/airflow/example_dags/example_bash_operator.py took 0.176 seconds
[2025-09-16T14:16:49.019+0000] {processor.py:161} INFO - Started process (PID=120) to work on /home/airflow/.local/lib/python3.12/site-packages/airflow/example_dags/example_bash_operator.py
[2025-09-16T14:16:49.021+0000] {processor.py:830} INFO - Processing file /home/airflow/.local/lib/python3.12/site-packages/airflow/example_dags/example_bash_operator.py for tasks to queue
[2025-09-16T14:16:49.025+0000] {logging_mixin.py:188} INFO - [2025-09-16T14:16:49.024+0000] {dagbag.py:545} INFO - Filling up the DagBag from /home/airflow/.local/lib/python3.12/site-packages/airflow/example_dags/example_bash_operator.py
[2025-09-16T14:16:49.044+0000] {processor.py:840} INFO - DAG(s) 'example_bash_operator' retrieved from /home/airflow/.local/lib/python3.12/site-packages/airflow/example_dags/example_bash_operator.py
[2025-09-16T14:16:49.252+0000] {logging_mixin.py:188} INFO - [2025-09-16T14:16:49.252+0000] {dag.py:3096} INFO - Sync 1 DAGs
[2025-09-16T14:16:49.290+0000] {logging_mixin.py:188} INFO - [2025-09-16T14:16:49.289+0000] {dag.py:3954} INFO - Setting next_dagrun for example_bash_operator to 2025-09-15 00:00:00+00:00, run_after=2025-09-16 00:00:00+00:00
[2025-09-16T14:16:49.326+0000] {processor.py:183} INFO - Processing /home/airflow/.local/lib/python3.12/site-packages/airflow/example_dags/example_bash_operator.py took 0.317 seconds
[2025-09-16T14:17:19.394+0000] {processor.py:161} INFO - Started process (PID=181) to work on /home/airflow/.local/lib/python3.12/site-packages/airflow/example_dags/example_bash_operator.py
[2025-09-16T14:17:19.396+0000] {processor.py:830} INFO - Processing file /home/airflow/.local/lib/python3.12/site-packages/airflow/example_dags/example_bash_operator.py for tasks to queue
[2025-09-16T14:17:19.401+0000] {logging_mixin.py:188} INFO - [2025-09-16T14:17:19.400+0000] {dagbag.py:545} INFO - Filling up the DagBag from /home/airflow/.local/lib/python3.12/site-packages/airflow/example_dags/example_bash_operator.py
[2025-09-16T14:17:19.417+0000] {processor.py:840} INFO - DAG(s) 'example_bash_operator' retrieved from /home/airflow/.local/lib/python3.12/site-packages/airflow/example_dags/example_bash_operator.py
[2025-09-16T14:17:19.454+0000] {logging_mixin.py:188} INFO - [2025-09-16T14:17:19.454+0000] {dag.py:3096} INFO - Sync 1 DAGs
[2025-09-16T14:17:19.483+0000] {logging_mixin.py:188} INFO - [2025-09-16T14:17:19.482+0000] {dag.py:3954} INFO - Setting next_dagrun for example_bash_operator to 2025-09-15 00:00:00+00:00, run_after=2025-09-16 00:00:00+00:00
[2025-09-16T14:17:19.508+0000] {processor.py:183} INFO - Processing /home/airflow/.local/lib/python3.12/site-packages/airflow/example_dags/example_bash_operator.py took 0.121 seconds
[2025-09-16T14:17:50.136+0000] {processor.py:161} INFO - Started process (PID=241) to work on /home/airflow/.local/lib/python3.12/site-packages/airflow/example_dags/example_bash_operator.py
[2025-09-16T14:17:50.137+0000] {processor.py:830} INFO - Processing file /home/airflow/.local/lib/python3.12/site-packages/airflow/example_dags/example_bash_operator.py for tasks to queue
[2025-09-16T14:17:50.139+0000] {logging_mixin.py:188} INFO - [2025-09-16T14:17:50.139+0000] {dagbag.py:545} INFO - Filling up the DagBag from /home/airflow/.local/lib/python3.12/site-packages/airflow/example_dags/example_bash_operator.py
[2025-09-16T14:17:50.152+0000] {processor.py:840} INFO - DAG(s) 'example_bash_operator' retrieved from /home/airflow/.local/lib/python3.12/site-packages/airflow/example_dags/example_bash_operator.py
[2025-09-16T14:17:50.188+0000] {logging_mixin.py:188} INFO - [2025-09-16T14:17:50.188+0000] {dag.py:3096} INFO - Sync 1 DAGs
[2025-09-16T14:17:50.221+0000] {logging_mixin.py:188} INFO - [2025-09-16T14:17:50.220+0000] {dag.py:3954} INFO - Setting next_dagrun for example_bash_operator to 2025-09-15 00:00:00+00:00, run_after=2025-09-16 00:00:00+00:00
[2025-09-16T14:17:50.251+0000] {processor.py:183} INFO - Processing /home/airflow/.local/lib/python3.12/site-packages/airflow/example_dags/example_bash_operator.py took 0.122 seconds
[2025-09-16T14:18:20.521+0000] {processor.py:161} INFO - Started process (PID=301) to work on /home/airflow/.local/lib/python3.12/site-packages/airflow/example_dags/example_bash_operator.py
[2025-09-16T14:18:20.524+0000] {processor.py:830} INFO - Processing file /home/airflow/.local/lib/python3.12/site-packages/airflow/example_dags/example_bash_operator.py for tasks to queue
[2025-09-16T14:18:20.529+0000] {logging_mixin.py:188} INFO - [2025-09-16T14:18:20.528+0000] {dagbag.py:545} INFO - Filling up the DagBag from /home/airflow/.local/lib/python3.12/site-packages/airflow/example_dags/example_bash_operator.py
[2025-09-16T14:18:20.555+0000] {processor.py:840} INFO - DAG(s) 'example_bash_operator' retrieved from /home/airflow/.local/lib/python3.12/site-packages/airflow/example_dags/example_bash_operator.py
[2025-09-16T14:18:20.612+0000] {logging_mixin.py:188} INFO - [2025-09-16T14:18:20.612+0000] {dag.py:3096} INFO - Sync 1 DAGs
[2025-09-16T14:18:20.650+0000] {logging_mixin.py:188} INFO - [2025-09-16T14:18:20.650+0000] {dag.py:3954} INFO - Setting next_dagrun for example_bash_operator to 2025-09-15 00:00:00+00:00, run_after=2025-09-16 00:00:00+00:00
[2025-09-16T14:18:20.685+0000] {processor.py:183} INFO - Processing /home/airflow/.local/lib/python3.12/site-packages/airflow/example_dags/example_bash_operator.py took 0.178 seconds
[2025-09-16T14:18:51.025+0000] {processor.py:161} INFO - Started process (PID=361) to work on /home/airflow/.local/lib/python3.12/site-packages/airflow/example_dags/example_bash_operator.py
[2025-09-16T14:18:51.027+0000] {processor.py:830} INFO - Processing file /home/airflow/.local/lib/python3.12/site-packages/airflow/example_dags/example_bash_operator.py for tasks to queue
[2025-09-16T14:18:51.030+0000] {logging_mixin.py:188} INFO - [2025-09-16T14:18:51.029+0000] {dagbag.py:545} INFO - Filling up the DagBag from /home/airflow/.local/lib/python3.12/site-packages/airflow/example_dags/example_bash_operator.py
[2025-09-16T14:18:51.046+0000] {processor.py:840} INFO - DAG(s) 'example_bash_operator' retrieved from /home/airflow/.local/lib/python3.12/site-packages/airflow/example_dags/example_bash_operator.py
[2025-09-16T14:18:51.083+0000] {logging_mixin.py:188} INFO - [2025-09-16T14:18:51.083+0000] {dag.py:3096} INFO - Sync 1 DAGs
[2025-09-16T14:18:51.118+0000] {logging_mixin.py:188} INFO - [2025-09-16T14:18:51.117+0000] {dag.py:3954} INFO - Setting next_dagrun for example_bash_operator to 2025-09-15 00:00:00+00:00, run_after=2025-09-16 00:00:00+00:00
[2025-09-16T14:18:51.156+0000] {processor.py:183} INFO - Processing /home/airflow/.local/lib/python3.12/site-packages/airflow/example_dags/example_bash_operator.py took 0.139 seconds
[2025-09-16T14:19:22.032+0000] {processor.py:161} INFO - Started process (PID=420) to work on /home/airflow/.local/lib/python3.12/site-packages/airflow/example_dags/example_bash_operator.py
[2025-09-16T14:19:22.034+0000] {processor.py:830} INFO - Processing file /home/airflow/.local/lib/python3.12/site-packages/airflow/example_dags/example_bash_operator.py for tasks to queue
[2025-09-16T14:19:22.038+0000] {logging_mixin.py:188} INFO - [2025-09-16T14:19:22.037+0000] {dagbag.py:545} INFO - Filling up the DagBag from /home/airflow/.local/lib/python3.12/site-packages/airflow/example_dags/example_bash_operator.py
[2025-09-16T14:19:22.055+0000] {processor.py:840} INFO - DAG(s) 'example_bash_operator' retrieved from /home/airflow/.local/lib/python3.12/site-packages/airflow/example_dags/example_bash_operator.py
[2025-09-16T14:19:22.096+0000] {logging_mixin.py:188} INFO - [2025-09-16T14:19:22.096+0000] {dag.py:3096} INFO - Sync 1 DAGs
[2025-09-16T14:19:22.129+0000] {logging_mixin.py:188} INFO - [2025-09-16T14:19:22.128+0000] {dag.py:3954} INFO - Setting next_dagrun for example_bash_operator to 2025-09-15 00:00:00+00:00, run_after=2025-09-16 00:00:00+00:00
[2025-09-16T14:19:22.158+0000] {processor.py:183} INFO - Processing /home/airflow/.local/lib/python3.12/site-packages/airflow/example_dags/example_bash_operator.py took 0.135 seconds
[2025-09-16T14:19:52.663+0000] {processor.py:161} INFO - Started process (PID=480) to work on /home/airflow/.local/lib/python3.12/site-packages/airflow/example_dags/example_bash_operator.py
[2025-09-16T14:19:52.665+0000] {processor.py:830} INFO - Processing file /home/airflow/.local/lib/python3.12/site-packages/airflow/example_dags/example_bash_operator.py for tasks to queue
[2025-09-16T14:19:52.668+0000] {logging_mixin.py:188} INFO - [2025-09-16T14:19:52.668+0000] {dagbag.py:545} INFO - Filling up the DagBag from /home/airflow/.local/lib/python3.12/site-packages/airflow/example_dags/example_bash_operator.py
[2025-09-16T14:19:52.683+0000] {processor.py:840} INFO - DAG(s) 'example_bash_operator' retrieved from /home/airflow/.local/lib/python3.12/site-packages/airflow/example_dags/example_bash_operator.py
[2025-09-16T14:19:52.725+0000] {logging_mixin.py:188} INFO - [2025-09-16T14:19:52.725+0000] {dag.py:3096} INFO - Sync 1 DAGs
[2025-09-16T14:19:52.759+0000] {logging_mixin.py:188} INFO - [2025-09-16T14:19:52.759+0000] {dag.py:3954} INFO - Setting next_dagrun for example_bash_operator to 2025-09-15 00:00:00+00:00, run_after=2025-09-16 00:00:00+00:00
[2025-09-16T14:19:52.842+0000] {processor.py:183} INFO - Processing /home/airflow/.local/lib/python3.12/site-packages/airflow/example_dags/example_bash_operator.py took 0.187 seconds
[2025-09-16T14:20:23.052+0000] {processor.py:161} INFO - Started process (PID=540) to work on /home/airflow/.local/lib/python3.12/site-packages/airflow/example_dags/example_bash_operator.py
[2025-09-16T14:20:23.054+0000] {processor.py:830} INFO - Processing file /home/airflow/.local/lib/python3.12/site-packages/airflow/example_dags/example_bash_operator.py for tasks to queue
[2025-09-16T14:20:23.057+0000] {logging_mixin.py:188} INFO - [2025-09-16T14:20:23.057+0000] {dagbag.py:545} INFO - Filling up the DagBag from /home/airflow/.local/lib/python3.12/site-packages/airflow/example_dags/example_bash_operator.py
[2025-09-16T14:20:23.073+0000] {processor.py:840} INFO - DAG(s) 'example_bash_operator' retrieved from /home/airflow/.local/lib/python3.12/site-packages/airflow/example_dags/example_bash_operator.py
[2025-09-16T14:20:23.119+0000] {logging_mixin.py:188} INFO - [2025-09-16T14:20:23.118+0000] {dag.py:3096} INFO - Sync 1 DAGs
[2025-09-16T14:20:23.164+0000] {logging_mixin.py:188} INFO - [2025-09-16T14:20:23.164+0000] {dag.py:3954} INFO - Setting next_dagrun for example_bash_operator to 2025-09-15 00:00:00+00:00, run_after=2025-09-16 00:00:00+00:00
[2025-09-16T14:20:23.208+0000] {processor.py:183} INFO - Processing /home/airflow/.local/lib/python3.12/site-packages/airflow/example_dags/example_bash_operator.py took 0.165 seconds
[2025-09-16T14:20:54.913+0000] {processor.py:161} INFO - Started process (PID=602) to work on /home/airflow/.local/lib/python3.12/site-packages/airflow/example_dags/example_bash_operator.py
[2025-09-16T14:20:54.915+0000] {processor.py:830} INFO - Processing file /home/airflow/.local/lib/python3.12/site-packages/airflow/example_dags/example_bash_operator.py for tasks to queue
[2025-09-16T14:20:54.920+0000] {logging_mixin.py:188} INFO - [2025-09-16T14:20:54.919+0000] {dagbag.py:545} INFO - Filling up the DagBag from /home/airflow/.local/lib/python3.12/site-packages/airflow/example_dags/example_bash_operator.py
[2025-09-16T14:20:54.944+0000] {processor.py:840} INFO - DAG(s) 'example_bash_operator' retrieved from /home/airflow/.local/lib/python3.12/site-packages/airflow/example_dags/example_bash_operator.py
[2025-09-16T14:20:55.017+0000] {logging_mixin.py:188} INFO - [2025-09-16T14:20:55.017+0000] {dag.py:3096} INFO - Sync 1 DAGs
[2025-09-16T14:20:55.060+0000] {logging_mixin.py:188} INFO - [2025-09-16T14:20:55.060+0000] {dag.py:3954} INFO - Setting next_dagrun for example_bash_operator to 2025-09-15 00:00:00+00:00, run_after=2025-09-16 00:00:00+00:00
[2025-09-16T14:20:55.095+0000] {processor.py:183} INFO - Processing /home/airflow/.local/lib/python3.12/site-packages/airflow/example_dags/example_bash_operator.py took 0.193 seconds
[2025-09-16T14:54:14.528+0000] {processor.py:161} INFO - Started process (PID=119) to work on /home/airflow/.local/lib/python3.12/site-packages/airflow/example_dags/example_bash_operator.py
[2025-09-16T14:54:14.530+0000] {processor.py:830} INFO - Processing file /home/airflow/.local/lib/python3.12/site-packages/airflow/example_dags/example_bash_operator.py for tasks to queue
[2025-09-16T14:54:14.532+0000] {logging_mixin.py:188} INFO - [2025-09-16T14:54:14.532+0000] {dagbag.py:545} INFO - Filling up the DagBag from /home/airflow/.local/lib/python3.12/site-packages/airflow/example_dags/example_bash_operator.py
[2025-09-16T14:54:14.549+0000] {processor.py:840} INFO - DAG(s) 'example_bash_operator' retrieved from /home/airflow/.local/lib/python3.12/site-packages/airflow/example_dags/example_bash_operator.py
[2025-09-16T14:54:14.702+0000] {logging_mixin.py:188} INFO - [2025-09-16T14:54:14.702+0000] {dag.py:3096} INFO - Sync 1 DAGs
[2025-09-16T14:54:14.734+0000] {logging_mixin.py:188} INFO - [2025-09-16T14:54:14.733+0000] {dag.py:3954} INFO - Setting next_dagrun for example_bash_operator to 2025-09-15 00:00:00+00:00, run_after=2025-09-16 00:00:00+00:00
[2025-09-16T14:54:14.766+0000] {processor.py:183} INFO - Processing /home/airflow/.local/lib/python3.12/site-packages/airflow/example_dags/example_bash_operator.py took 0.247 seconds
[2025-09-16T14:54:45.400+0000] {processor.py:161} INFO - Started process (PID=179) to work on /home/airflow/.local/lib/python3.12/site-packages/airflow/example_dags/example_bash_operator.py
[2025-09-16T14:54:45.402+0000] {processor.py:830} INFO - Processing file /home/airflow/.local/lib/python3.12/site-packages/airflow/example_dags/example_bash_operator.py for tasks to queue
[2025-09-16T14:54:45.404+0000] {logging_mixin.py:188} INFO - [2025-09-16T14:54:45.404+0000] {dagbag.py:545} INFO - Filling up the DagBag from /home/airflow/.local/lib/python3.12/site-packages/airflow/example_dags/example_bash_operator.py
[2025-09-16T14:54:45.417+0000] {processor.py:840} INFO - DAG(s) 'example_bash_operator' retrieved from /home/airflow/.local/lib/python3.12/site-packages/airflow/example_dags/example_bash_operator.py
[2025-09-16T14:54:45.450+0000] {logging_mixin.py:188} INFO - [2025-09-16T14:54:45.449+0000] {dag.py:3096} INFO - Sync 1 DAGs
[2025-09-16T14:54:45.480+0000] {logging_mixin.py:188} INFO - [2025-09-16T14:54:45.480+0000] {dag.py:3954} INFO - Setting next_dagrun for example_bash_operator to 2025-09-15 00:00:00+00:00, run_after=2025-09-16 00:00:00+00:00
[2025-09-16T14:54:45.507+0000] {processor.py:183} INFO - Processing /home/airflow/.local/lib/python3.12/site-packages/airflow/example_dags/example_bash_operator.py took 0.113 seconds
[2025-09-16T14:55:15.988+0000] {processor.py:161} INFO - Started process (PID=240) to work on /home/airflow/.local/lib/python3.12/site-packages/airflow/example_dags/example_bash_operator.py
[2025-09-16T14:55:15.991+0000] {processor.py:830} INFO - Processing file /home/airflow/.local/lib/python3.12/site-packages/airflow/example_dags/example_bash_operator.py for tasks to queue
[2025-09-16T14:55:15.995+0000] {logging_mixin.py:188} INFO - [2025-09-16T14:55:15.994+0000] {dagbag.py:545} INFO - Filling up the DagBag from /home/airflow/.local/lib/python3.12/site-packages/airflow/example_dags/example_bash_operator.py
[2025-09-16T14:55:16.011+0000] {processor.py:840} INFO - DAG(s) 'example_bash_operator' retrieved from /home/airflow/.local/lib/python3.12/site-packages/airflow/example_dags/example_bash_operator.py
[2025-09-16T14:55:16.049+0000] {logging_mixin.py:188} INFO - [2025-09-16T14:55:16.049+0000] {dag.py:3096} INFO - Sync 1 DAGs
[2025-09-16T14:55:16.081+0000] {logging_mixin.py:188} INFO - [2025-09-16T14:55:16.081+0000] {dag.py:3954} INFO - Setting next_dagrun for example_bash_operator to 2025-09-15 00:00:00+00:00, run_after=2025-09-16 00:00:00+00:00
[2025-09-16T14:55:16.106+0000] {processor.py:183} INFO - Processing /home/airflow/.local/lib/python3.12/site-packages/airflow/example_dags/example_bash_operator.py took 0.126 seconds
[2025-09-16T14:55:46.810+0000] {processor.py:161} INFO - Started process (PID=300) to work on /home/airflow/.local/lib/python3.12/site-packages/airflow/example_dags/example_bash_operator.py
[2025-09-16T14:55:46.812+0000] {processor.py:830} INFO - Processing file /home/airflow/.local/lib/python3.12/site-packages/airflow/example_dags/example_bash_operator.py for tasks to queue
[2025-09-16T14:55:46.814+0000] {logging_mixin.py:188} INFO - [2025-09-16T14:55:46.814+0000] {dagbag.py:545} INFO - Filling up the DagBag from /home/airflow/.local/lib/python3.12/site-packages/airflow/example_dags/example_bash_operator.py
[2025-09-16T14:55:46.828+0000] {processor.py:840} INFO - DAG(s) 'example_bash_operator' retrieved from /home/airflow/.local/lib/python3.12/site-packages/airflow/example_dags/example_bash_operator.py
[2025-09-16T14:55:46.862+0000] {logging_mixin.py:188} INFO - [2025-09-16T14:55:46.861+0000] {dag.py:3096} INFO - Sync 1 DAGs
[2025-09-16T14:55:46.894+0000] {logging_mixin.py:188} INFO - [2025-09-16T14:55:46.894+0000] {dag.py:3954} INFO - Setting next_dagrun for example_bash_operator to 2025-09-15 00:00:00+00:00, run_after=2025-09-16 00:00:00+00:00
[2025-09-16T14:55:46.924+0000] {processor.py:183} INFO - Processing /home/airflow/.local/lib/python3.12/site-packages/airflow/example_dags/example_bash_operator.py took 0.121 seconds
[2025-09-16T14:56:17.826+0000] {processor.py:161} INFO - Started process (PID=360) to work on /home/airflow/.local/lib/python3.12/site-packages/airflow/example_dags/example_bash_operator.py
[2025-09-16T14:56:17.828+0000] {processor.py:830} INFO - Processing file /home/airflow/.local/lib/python3.12/site-packages/airflow/example_dags/example_bash_operator.py for tasks to queue
[2025-09-16T14:56:17.831+0000] {logging_mixin.py:188} INFO - [2025-09-16T14:56:17.831+0000] {dagbag.py:545} INFO - Filling up the DagBag from /home/airflow/.local/lib/python3.12/site-packages/airflow/example_dags/example_bash_operator.py
[2025-09-16T14:56:17.847+0000] {processor.py:840} INFO - DAG(s) 'example_bash_operator' retrieved from /home/airflow/.local/lib/python3.12/site-packages/airflow/example_dags/example_bash_operator.py
[2025-09-16T14:56:17.892+0000] {logging_mixin.py:188} INFO - [2025-09-16T14:56:17.891+0000] {dag.py:3096} INFO - Sync 1 DAGs
[2025-09-16T14:56:17.927+0000] {logging_mixin.py:188} INFO - [2025-09-16T14:56:17.926+0000] {dag.py:3954} INFO - Setting next_dagrun for example_bash_operator to 2025-09-15 00:00:00+00:00, run_after=2025-09-16 00:00:00+00:00
[2025-09-16T14:56:17.959+0000] {processor.py:183} INFO - Processing /home/airflow/.local/lib/python3.12/site-packages/airflow/example_dags/example_bash_operator.py took 0.142 seconds
[2025-09-16T14:56:48.327+0000] {processor.py:161} INFO - Started process (PID=420) to work on /home/airflow/.local/lib/python3.12/site-packages/airflow/example_dags/example_bash_operator.py
[2025-09-16T14:56:48.331+0000] {processor.py:830} INFO - Processing file /home/airflow/.local/lib/python3.12/site-packages/airflow/example_dags/example_bash_operator.py for tasks to queue
[2025-09-16T14:56:48.339+0000] {logging_mixin.py:188} INFO - [2025-09-16T14:56:48.338+0000] {dagbag.py:545} INFO - Filling up the DagBag from /home/airflow/.local/lib/python3.12/site-packages/airflow/example_dags/example_bash_operator.py
[2025-09-16T14:56:48.363+0000] {processor.py:840} INFO - DAG(s) 'example_bash_operator' retrieved from /home/airflow/.local/lib/python3.12/site-packages/airflow/example_dags/example_bash_operator.py
[2025-09-16T14:56:48.418+0000] {logging_mixin.py:188} INFO - [2025-09-16T14:56:48.418+0000] {dag.py:3096} INFO - Sync 1 DAGs
[2025-09-16T14:56:48.464+0000] {logging_mixin.py:188} INFO - [2025-09-16T14:56:48.463+0000] {dag.py:3954} INFO - Setting next_dagrun for example_bash_operator to 2025-09-15 00:00:00+00:00, run_after=2025-09-16 00:00:00+00:00
[2025-09-16T14:56:48.497+0000] {processor.py:183} INFO - Processing /home/airflow/.local/lib/python3.12/site-packages/airflow/example_dags/example_bash_operator.py took 0.181 seconds
[2025-09-16T14:57:19.273+0000] {processor.py:161} INFO - Started process (PID=480) to work on /home/airflow/.local/lib/python3.12/site-packages/airflow/example_dags/example_bash_operator.py
[2025-09-16T14:57:19.275+0000] {processor.py:830} INFO - Processing file /home/airflow/.local/lib/python3.12/site-packages/airflow/example_dags/example_bash_operator.py for tasks to queue
[2025-09-16T14:57:19.279+0000] {logging_mixin.py:188} INFO - [2025-09-16T14:57:19.278+0000] {dagbag.py:545} INFO - Filling up the DagBag from /home/airflow/.local/lib/python3.12/site-packages/airflow/example_dags/example_bash_operator.py
[2025-09-16T14:57:19.298+0000] {processor.py:840} INFO - DAG(s) 'example_bash_operator' retrieved from /home/airflow/.local/lib/python3.12/site-packages/airflow/example_dags/example_bash_operator.py
[2025-09-16T14:57:19.354+0000] {logging_mixin.py:188} INFO - [2025-09-16T14:57:19.353+0000] {dag.py:3096} INFO - Sync 1 DAGs
[2025-09-16T14:57:19.395+0000] {logging_mixin.py:188} INFO - [2025-09-16T14:57:19.395+0000] {dag.py:3954} INFO - Setting next_dagrun for example_bash_operator to 2025-09-15 00:00:00+00:00, run_after=2025-09-16 00:00:00+00:00
[2025-09-16T14:57:19.430+0000] {processor.py:183} INFO - Processing /home/airflow/.local/lib/python3.12/site-packages/airflow/example_dags/example_bash_operator.py took 0.167 seconds
[2025-09-16T14:57:50.052+0000] {processor.py:161} INFO - Started process (PID=540) to work on /home/airflow/.local/lib/python3.12/site-packages/airflow/example_dags/example_bash_operator.py
[2025-09-16T14:57:50.054+0000] {processor.py:830} INFO - Processing file /home/airflow/.local/lib/python3.12/site-packages/airflow/example_dags/example_bash_operator.py for tasks to queue
[2025-09-16T14:57:50.057+0000] {logging_mixin.py:188} INFO - [2025-09-16T14:57:50.056+0000] {dagbag.py:545} INFO - Filling up the DagBag from /home/airflow/.local/lib/python3.12/site-packages/airflow/example_dags/example_bash_operator.py
[2025-09-16T14:57:50.072+0000] {processor.py:840} INFO - DAG(s) 'example_bash_operator' retrieved from /home/airflow/.local/lib/python3.12/site-packages/airflow/example_dags/example_bash_operator.py
[2025-09-16T14:57:50.110+0000] {logging_mixin.py:188} INFO - [2025-09-16T14:57:50.110+0000] {dag.py:3096} INFO - Sync 1 DAGs
[2025-09-16T14:57:50.140+0000] {logging_mixin.py:188} INFO - [2025-09-16T14:57:50.140+0000] {dag.py:3954} INFO - Setting next_dagrun for example_bash_operator to 2025-09-15 00:00:00+00:00, run_after=2025-09-16 00:00:00+00:00
[2025-09-16T14:57:50.165+0000] {processor.py:183} INFO - Processing /home/airflow/.local/lib/python3.12/site-packages/airflow/example_dags/example_bash_operator.py took 0.118 seconds
[2025-09-16T14:58:20.588+0000] {processor.py:161} INFO - Started process (PID=600) to work on /home/airflow/.local/lib/python3.12/site-packages/airflow/example_dags/example_bash_operator.py
[2025-09-16T14:58:20.590+0000] {processor.py:830} INFO - Processing file /home/airflow/.local/lib/python3.12/site-packages/airflow/example_dags/example_bash_operator.py for tasks to queue
[2025-09-16T14:58:20.594+0000] {logging_mixin.py:188} INFO - [2025-09-16T14:58:20.593+0000] {dagbag.py:545} INFO - Filling up the DagBag from /home/airflow/.local/lib/python3.12/site-packages/airflow/example_dags/example_bash_operator.py
[2025-09-16T14:58:20.609+0000] {processor.py:840} INFO - DAG(s) 'example_bash_operator' retrieved from /home/airflow/.local/lib/python3.12/site-packages/airflow/example_dags/example_bash_operator.py
[2025-09-16T14:58:20.645+0000] {logging_mixin.py:188} INFO - [2025-09-16T14:58:20.644+0000] {dag.py:3096} INFO - Sync 1 DAGs
[2025-09-16T14:58:20.673+0000] {logging_mixin.py:188} INFO - [2025-09-16T14:58:20.673+0000] {dag.py:3954} INFO - Setting next_dagrun for example_bash_operator to 2025-09-15 00:00:00+00:00, run_after=2025-09-16 00:00:00+00:00
[2025-09-16T14:58:20.698+0000] {processor.py:183} INFO - Processing /home/airflow/.local/lib/python3.12/site-packages/airflow/example_dags/example_bash_operator.py took 0.116 seconds
[2025-09-16T14:58:51.697+0000] {processor.py:161} INFO - Started process (PID=659) to work on /home/airflow/.local/lib/python3.12/site-packages/airflow/example_dags/example_bash_operator.py
[2025-09-16T14:58:51.699+0000] {processor.py:830} INFO - Processing file /home/airflow/.local/lib/python3.12/site-packages/airflow/example_dags/example_bash_operator.py for tasks to queue
[2025-09-16T14:58:51.701+0000] {logging_mixin.py:188} INFO - [2025-09-16T14:58:51.701+0000] {dagbag.py:545} INFO - Filling up the DagBag from /home/airflow/.local/lib/python3.12/site-packages/airflow/example_dags/example_bash_operator.py
[2025-09-16T14:58:51.713+0000] {processor.py:840} INFO - DAG(s) 'example_bash_operator' retrieved from /home/airflow/.local/lib/python3.12/site-packages/airflow/example_dags/example_bash_operator.py
[2025-09-16T14:58:51.753+0000] {logging_mixin.py:188} INFO - [2025-09-16T14:58:51.752+0000] {dag.py:3096} INFO - Sync 1 DAGs
[2025-09-16T14:58:51.785+0000] {logging_mixin.py:188} INFO - [2025-09-16T14:58:51.784+0000] {dag.py:3954} INFO - Setting next_dagrun for example_bash_operator to 2025-09-15 00:00:00+00:00, run_after=2025-09-16 00:00:00+00:00
[2025-09-16T14:58:51.813+0000] {processor.py:183} INFO - Processing /home/airflow/.local/lib/python3.12/site-packages/airflow/example_dags/example_bash_operator.py took 0.125 seconds
[2025-09-16T14:59:21.972+0000] {processor.py:161} INFO - Started process (PID=719) to work on /home/airflow/.local/lib/python3.12/site-packages/airflow/example_dags/example_bash_operator.py
[2025-09-16T14:59:21.974+0000] {processor.py:830} INFO - Processing file /home/airflow/.local/lib/python3.12/site-packages/airflow/example_dags/example_bash_operator.py for tasks to queue
[2025-09-16T14:59:21.977+0000] {logging_mixin.py:188} INFO - [2025-09-16T14:59:21.977+0000] {dagbag.py:545} INFO - Filling up the DagBag from /home/airflow/.local/lib/python3.12/site-packages/airflow/example_dags/example_bash_operator.py
[2025-09-16T14:59:21.998+0000] {processor.py:840} INFO - DAG(s) 'example_bash_operator' retrieved from /home/airflow/.local/lib/python3.12/site-packages/airflow/example_dags/example_bash_operator.py
[2025-09-16T14:59:22.044+0000] {logging_mixin.py:188} INFO - [2025-09-16T14:59:22.044+0000] {dag.py:3096} INFO - Sync 1 DAGs
[2025-09-16T14:59:22.083+0000] {logging_mixin.py:188} INFO - [2025-09-16T14:59:22.083+0000] {dag.py:3954} INFO - Setting next_dagrun for example_bash_operator to 2025-09-15 00:00:00+00:00, run_after=2025-09-16 00:00:00+00:00
[2025-09-16T14:59:22.112+0000] {processor.py:183} INFO - Processing /home/airflow/.local/lib/python3.12/site-packages/airflow/example_dags/example_bash_operator.py took 0.149 seconds
[2025-09-16T14:59:52.349+0000] {processor.py:161} INFO - Started process (PID=779) to work on /home/airflow/.local/lib/python3.12/site-packages/airflow/example_dags/example_bash_operator.py
[2025-09-16T14:59:52.351+0000] {processor.py:830} INFO - Processing file /home/airflow/.local/lib/python3.12/site-packages/airflow/example_dags/example_bash_operator.py for tasks to queue
[2025-09-16T14:59:52.353+0000] {logging_mixin.py:188} INFO - [2025-09-16T14:59:52.353+0000] {dagbag.py:545} INFO - Filling up the DagBag from /home/airflow/.local/lib/python3.12/site-packages/airflow/example_dags/example_bash_operator.py
[2025-09-16T14:59:52.366+0000] {processor.py:840} INFO - DAG(s) 'example_bash_operator' retrieved from /home/airflow/.local/lib/python3.12/site-packages/airflow/example_dags/example_bash_operator.py
[2025-09-16T14:59:52.401+0000] {logging_mixin.py:188} INFO - [2025-09-16T14:59:52.401+0000] {dag.py:3096} INFO - Sync 1 DAGs
[2025-09-16T14:59:52.439+0000] {logging_mixin.py:188} INFO - [2025-09-16T14:59:52.439+0000] {dag.py:3954} INFO - Setting next_dagrun for example_bash_operator to 2025-09-15 00:00:00+00:00, run_after=2025-09-16 00:00:00+00:00
[2025-09-16T14:59:52.464+0000] {processor.py:183} INFO - Processing /home/airflow/.local/lib/python3.12/site-packages/airflow/example_dags/example_bash_operator.py took 0.121 seconds
[2025-09-16T15:00:22.674+0000] {processor.py:161} INFO - Started process (PID=839) to work on /home/airflow/.local/lib/python3.12/site-packages/airflow/example_dags/example_bash_operator.py
[2025-09-16T15:00:22.675+0000] {processor.py:830} INFO - Processing file /home/airflow/.local/lib/python3.12/site-packages/airflow/example_dags/example_bash_operator.py for tasks to queue
[2025-09-16T15:00:22.678+0000] {logging_mixin.py:188} INFO - [2025-09-16T15:00:22.678+0000] {dagbag.py:545} INFO - Filling up the DagBag from /home/airflow/.local/lib/python3.12/site-packages/airflow/example_dags/example_bash_operator.py
[2025-09-16T15:00:22.693+0000] {processor.py:840} INFO - DAG(s) 'example_bash_operator' retrieved from /home/airflow/.local/lib/python3.12/site-packages/airflow/example_dags/example_bash_operator.py
[2025-09-16T15:00:22.731+0000] {logging_mixin.py:188} INFO - [2025-09-16T15:00:22.731+0000] {dag.py:3096} INFO - Sync 1 DAGs
[2025-09-16T15:00:22.761+0000] {logging_mixin.py:188} INFO - [2025-09-16T15:00:22.761+0000] {dag.py:3954} INFO - Setting next_dagrun for example_bash_operator to 2025-09-15 00:00:00+00:00, run_after=2025-09-16 00:00:00+00:00
[2025-09-16T15:00:22.785+0000] {processor.py:183} INFO - Processing /home/airflow/.local/lib/python3.12/site-packages/airflow/example_dags/example_bash_operator.py took 0.116 seconds
[2025-09-16T15:01:57.240+0000] {processor.py:161} INFO - Started process (PID=120) to work on /home/airflow/.local/lib/python3.12/site-packages/airflow/example_dags/example_bash_operator.py
[2025-09-16T15:01:57.242+0000] {processor.py:830} INFO - Processing file /home/airflow/.local/lib/python3.12/site-packages/airflow/example_dags/example_bash_operator.py for tasks to queue
[2025-09-16T15:01:57.245+0000] {logging_mixin.py:188} INFO - [2025-09-16T15:01:57.245+0000] {dagbag.py:545} INFO - Filling up the DagBag from /home/airflow/.local/lib/python3.12/site-packages/airflow/example_dags/example_bash_operator.py
[2025-09-16T15:01:57.261+0000] {processor.py:840} INFO - DAG(s) 'example_bash_operator' retrieved from /home/airflow/.local/lib/python3.12/site-packages/airflow/example_dags/example_bash_operator.py
[2025-09-16T15:01:57.415+0000] {logging_mixin.py:188} INFO - [2025-09-16T15:01:57.415+0000] {dag.py:3096} INFO - Sync 1 DAGs
[2025-09-16T15:01:57.444+0000] {logging_mixin.py:188} INFO - [2025-09-16T15:01:57.444+0000] {dag.py:3954} INFO - Setting next_dagrun for example_bash_operator to 2025-09-15 00:00:00+00:00, run_after=2025-09-16 00:00:00+00:00
[2025-09-16T15:01:57.470+0000] {processor.py:183} INFO - Processing /home/airflow/.local/lib/python3.12/site-packages/airflow/example_dags/example_bash_operator.py took 0.238 seconds
[2025-09-16T15:02:28.318+0000] {processor.py:161} INFO - Started process (PID=180) to work on /home/airflow/.local/lib/python3.12/site-packages/airflow/example_dags/example_bash_operator.py
[2025-09-16T15:02:28.321+0000] {processor.py:830} INFO - Processing file /home/airflow/.local/lib/python3.12/site-packages/airflow/example_dags/example_bash_operator.py for tasks to queue
[2025-09-16T15:02:28.323+0000] {logging_mixin.py:188} INFO - [2025-09-16T15:02:28.323+0000] {dagbag.py:545} INFO - Filling up the DagBag from /home/airflow/.local/lib/python3.12/site-packages/airflow/example_dags/example_bash_operator.py
[2025-09-16T15:02:28.338+0000] {processor.py:840} INFO - DAG(s) 'example_bash_operator' retrieved from /home/airflow/.local/lib/python3.12/site-packages/airflow/example_dags/example_bash_operator.py
[2025-09-16T15:02:28.353+0000] {logging_mixin.py:188} INFO - [2025-09-16T15:02:28.352+0000] {dag.py:3096} INFO - Sync 1 DAGs
[2025-09-16T15:02:28.386+0000] {logging_mixin.py:188} INFO - [2025-09-16T15:02:28.386+0000] {dag.py:3954} INFO - Setting next_dagrun for example_bash_operator to 2025-09-15 00:00:00+00:00, run_after=2025-09-16 00:00:00+00:00
[2025-09-16T15:02:28.418+0000] {processor.py:183} INFO - Processing /home/airflow/.local/lib/python3.12/site-packages/airflow/example_dags/example_bash_operator.py took 0.105 seconds
[2025-09-16T15:02:59.215+0000] {processor.py:161} INFO - Started process (PID=240) to work on /home/airflow/.local/lib/python3.12/site-packages/airflow/example_dags/example_bash_operator.py
[2025-09-16T15:02:59.221+0000] {processor.py:830} INFO - Processing file /home/airflow/.local/lib/python3.12/site-packages/airflow/example_dags/example_bash_operator.py for tasks to queue
[2025-09-16T15:02:59.226+0000] {logging_mixin.py:188} INFO - [2025-09-16T15:02:59.225+0000] {dagbag.py:545} INFO - Filling up the DagBag from /home/airflow/.local/lib/python3.12/site-packages/airflow/example_dags/example_bash_operator.py
[2025-09-16T15:02:59.263+0000] {processor.py:840} INFO - DAG(s) 'example_bash_operator' retrieved from /home/airflow/.local/lib/python3.12/site-packages/airflow/example_dags/example_bash_operator.py
[2025-09-16T15:02:59.555+0000] {logging_mixin.py:188} INFO - [2025-09-16T15:02:59.555+0000] {dag.py:3096} INFO - Sync 1 DAGs
[2025-09-16T15:02:59.613+0000] {logging_mixin.py:188} INFO - [2025-09-16T15:02:59.613+0000] {dag.py:3954} INFO - Setting next_dagrun for example_bash_operator to 2025-09-15 00:00:00+00:00, run_after=2025-09-16 00:00:00+00:00
[2025-09-16T15:02:59.676+0000] {processor.py:183} INFO - Processing /home/airflow/.local/lib/python3.12/site-packages/airflow/example_dags/example_bash_operator.py took 0.480 seconds
[2025-09-16T15:03:30.291+0000] {processor.py:161} INFO - Started process (PID=300) to work on /home/airflow/.local/lib/python3.12/site-packages/airflow/example_dags/example_bash_operator.py
[2025-09-16T15:03:30.293+0000] {processor.py:830} INFO - Processing file /home/airflow/.local/lib/python3.12/site-packages/airflow/example_dags/example_bash_operator.py for tasks to queue
[2025-09-16T15:03:30.295+0000] {logging_mixin.py:188} INFO - [2025-09-16T15:03:30.295+0000] {dagbag.py:545} INFO - Filling up the DagBag from /home/airflow/.local/lib/python3.12/site-packages/airflow/example_dags/example_bash_operator.py
[2025-09-16T15:03:30.318+0000] {processor.py:840} INFO - DAG(s) 'example_bash_operator' retrieved from /home/airflow/.local/lib/python3.12/site-packages/airflow/example_dags/example_bash_operator.py
[2025-09-16T15:03:30.378+0000] {logging_mixin.py:188} INFO - [2025-09-16T15:03:30.378+0000] {dag.py:3096} INFO - Sync 1 DAGs
[2025-09-16T15:03:30.419+0000] {logging_mixin.py:188} INFO - [2025-09-16T15:03:30.418+0000] {dag.py:3954} INFO - Setting next_dagrun for example_bash_operator to 2025-09-15 00:00:00+00:00, run_after=2025-09-16 00:00:00+00:00
[2025-09-16T15:03:30.454+0000] {processor.py:183} INFO - Processing /home/airflow/.local/lib/python3.12/site-packages/airflow/example_dags/example_bash_operator.py took 0.173 seconds
[2025-09-16T15:04:00.589+0000] {processor.py:161} INFO - Started process (PID=360) to work on /home/airflow/.local/lib/python3.12/site-packages/airflow/example_dags/example_bash_operator.py
[2025-09-16T15:04:00.591+0000] {processor.py:830} INFO - Processing file /home/airflow/.local/lib/python3.12/site-packages/airflow/example_dags/example_bash_operator.py for tasks to queue
[2025-09-16T15:04:00.593+0000] {logging_mixin.py:188} INFO - [2025-09-16T15:04:00.592+0000] {dagbag.py:545} INFO - Filling up the DagBag from /home/airflow/.local/lib/python3.12/site-packages/airflow/example_dags/example_bash_operator.py
[2025-09-16T15:04:00.607+0000] {processor.py:840} INFO - DAG(s) 'example_bash_operator' retrieved from /home/airflow/.local/lib/python3.12/site-packages/airflow/example_dags/example_bash_operator.py
[2025-09-16T15:04:00.643+0000] {logging_mixin.py:188} INFO - [2025-09-16T15:04:00.643+0000] {dag.py:3096} INFO - Sync 1 DAGs
[2025-09-16T15:04:00.673+0000] {logging_mixin.py:188} INFO - [2025-09-16T15:04:00.672+0000] {dag.py:3954} INFO - Setting next_dagrun for example_bash_operator to 2025-09-15 00:00:00+00:00, run_after=2025-09-16 00:00:00+00:00
[2025-09-16T15:04:00.698+0000] {processor.py:183} INFO - Processing /home/airflow/.local/lib/python3.12/site-packages/airflow/example_dags/example_bash_operator.py took 0.115 seconds
[2025-09-16T15:04:30.951+0000] {processor.py:161} INFO - Started process (PID=420) to work on /home/airflow/.local/lib/python3.12/site-packages/airflow/example_dags/example_bash_operator.py
[2025-09-16T15:04:30.953+0000] {processor.py:830} INFO - Processing file /home/airflow/.local/lib/python3.12/site-packages/airflow/example_dags/example_bash_operator.py for tasks to queue
[2025-09-16T15:04:30.957+0000] {logging_mixin.py:188} INFO - [2025-09-16T15:04:30.956+0000] {dagbag.py:545} INFO - Filling up the DagBag from /home/airflow/.local/lib/python3.12/site-packages/airflow/example_dags/example_bash_operator.py
[2025-09-16T15:04:30.984+0000] {processor.py:840} INFO - DAG(s) 'example_bash_operator' retrieved from /home/airflow/.local/lib/python3.12/site-packages/airflow/example_dags/example_bash_operator.py
[2025-09-16T15:04:31.029+0000] {logging_mixin.py:188} INFO - [2025-09-16T15:04:31.028+0000] {dag.py:3096} INFO - Sync 1 DAGs
[2025-09-16T15:04:31.071+0000] {logging_mixin.py:188} INFO - [2025-09-16T15:04:31.071+0000] {dag.py:3954} INFO - Setting next_dagrun for example_bash_operator to 2025-09-15 00:00:00+00:00, run_after=2025-09-16 00:00:00+00:00
[2025-09-16T15:04:31.105+0000] {processor.py:183} INFO - Processing /home/airflow/.local/lib/python3.12/site-packages/airflow/example_dags/example_bash_operator.py took 0.163 seconds
[2025-09-16T15:05:01.527+0000] {processor.py:161} INFO - Started process (PID=480) to work on /home/airflow/.local/lib/python3.12/site-packages/airflow/example_dags/example_bash_operator.py
[2025-09-16T15:05:01.528+0000] {processor.py:830} INFO - Processing file /home/airflow/.local/lib/python3.12/site-packages/airflow/example_dags/example_bash_operator.py for tasks to queue
[2025-09-16T15:05:01.531+0000] {logging_mixin.py:188} INFO - [2025-09-16T15:05:01.531+0000] {dagbag.py:545} INFO - Filling up the DagBag from /home/airflow/.local/lib/python3.12/site-packages/airflow/example_dags/example_bash_operator.py
[2025-09-16T15:05:01.547+0000] {processor.py:840} INFO - DAG(s) 'example_bash_operator' retrieved from /home/airflow/.local/lib/python3.12/site-packages/airflow/example_dags/example_bash_operator.py
[2025-09-16T15:05:01.583+0000] {logging_mixin.py:188} INFO - [2025-09-16T15:05:01.583+0000] {dag.py:3096} INFO - Sync 1 DAGs
[2025-09-16T15:05:01.615+0000] {logging_mixin.py:188} INFO - [2025-09-16T15:05:01.615+0000] {dag.py:3954} INFO - Setting next_dagrun for example_bash_operator to 2025-09-15 00:00:00+00:00, run_after=2025-09-16 00:00:00+00:00
[2025-09-16T15:05:01.644+0000] {processor.py:183} INFO - Processing /home/airflow/.local/lib/python3.12/site-packages/airflow/example_dags/example_bash_operator.py took 0.126 seconds
[2025-09-16T15:05:32.018+0000] {processor.py:161} INFO - Started process (PID=539) to work on /home/airflow/.local/lib/python3.12/site-packages/airflow/example_dags/example_bash_operator.py
[2025-09-16T15:05:32.020+0000] {processor.py:830} INFO - Processing file /home/airflow/.local/lib/python3.12/site-packages/airflow/example_dags/example_bash_operator.py for tasks to queue
[2025-09-16T15:05:32.023+0000] {logging_mixin.py:188} INFO - [2025-09-16T15:05:32.023+0000] {dagbag.py:545} INFO - Filling up the DagBag from /home/airflow/.local/lib/python3.12/site-packages/airflow/example_dags/example_bash_operator.py
[2025-09-16T15:05:32.039+0000] {processor.py:840} INFO - DAG(s) 'example_bash_operator' retrieved from /home/airflow/.local/lib/python3.12/site-packages/airflow/example_dags/example_bash_operator.py
[2025-09-16T15:05:32.077+0000] {logging_mixin.py:188} INFO - [2025-09-16T15:05:32.076+0000] {dag.py:3096} INFO - Sync 1 DAGs
[2025-09-16T15:05:32.110+0000] {logging_mixin.py:188} INFO - [2025-09-16T15:05:32.109+0000] {dag.py:3954} INFO - Setting next_dagrun for example_bash_operator to 2025-09-15 00:00:00+00:00, run_after=2025-09-16 00:00:00+00:00
[2025-09-16T15:05:32.138+0000] {processor.py:183} INFO - Processing /home/airflow/.local/lib/python3.12/site-packages/airflow/example_dags/example_bash_operator.py took 0.128 seconds
[2025-09-16T15:06:02.706+0000] {processor.py:161} INFO - Started process (PID=599) to work on /home/airflow/.local/lib/python3.12/site-packages/airflow/example_dags/example_bash_operator.py
[2025-09-16T15:06:02.708+0000] {processor.py:830} INFO - Processing file /home/airflow/.local/lib/python3.12/site-packages/airflow/example_dags/example_bash_operator.py for tasks to queue
[2025-09-16T15:06:02.711+0000] {logging_mixin.py:188} INFO - [2025-09-16T15:06:02.711+0000] {dagbag.py:545} INFO - Filling up the DagBag from /home/airflow/.local/lib/python3.12/site-packages/airflow/example_dags/example_bash_operator.py
[2025-09-16T15:06:02.726+0000] {processor.py:840} INFO - DAG(s) 'example_bash_operator' retrieved from /home/airflow/.local/lib/python3.12/site-packages/airflow/example_dags/example_bash_operator.py
[2025-09-16T15:06:02.763+0000] {logging_mixin.py:188} INFO - [2025-09-16T15:06:02.762+0000] {dag.py:3096} INFO - Sync 1 DAGs
[2025-09-16T15:06:02.792+0000] {logging_mixin.py:188} INFO - [2025-09-16T15:06:02.792+0000] {dag.py:3954} INFO - Setting next_dagrun for example_bash_operator to 2025-09-15 00:00:00+00:00, run_after=2025-09-16 00:00:00+00:00
[2025-09-16T15:06:02.818+0000] {processor.py:183} INFO - Processing /home/airflow/.local/lib/python3.12/site-packages/airflow/example_dags/example_bash_operator.py took 0.120 seconds
[2025-09-16T15:06:33.296+0000] {processor.py:161} INFO - Started process (PID=659) to work on /home/airflow/.local/lib/python3.12/site-packages/airflow/example_dags/example_bash_operator.py
[2025-09-16T15:06:33.297+0000] {processor.py:830} INFO - Processing file /home/airflow/.local/lib/python3.12/site-packages/airflow/example_dags/example_bash_operator.py for tasks to queue
[2025-09-16T15:06:33.301+0000] {logging_mixin.py:188} INFO - [2025-09-16T15:06:33.301+0000] {dagbag.py:545} INFO - Filling up the DagBag from /home/airflow/.local/lib/python3.12/site-packages/airflow/example_dags/example_bash_operator.py
[2025-09-16T15:06:33.317+0000] {processor.py:840} INFO - DAG(s) 'example_bash_operator' retrieved from /home/airflow/.local/lib/python3.12/site-packages/airflow/example_dags/example_bash_operator.py
[2025-09-16T15:06:33.357+0000] {logging_mixin.py:188} INFO - [2025-09-16T15:06:33.356+0000] {dag.py:3096} INFO - Sync 1 DAGs
[2025-09-16T15:06:33.388+0000] {logging_mixin.py:188} INFO - [2025-09-16T15:06:33.387+0000] {dag.py:3954} INFO - Setting next_dagrun for example_bash_operator to 2025-09-15 00:00:00+00:00, run_after=2025-09-16 00:00:00+00:00
[2025-09-16T15:06:33.413+0000] {processor.py:183} INFO - Processing /home/airflow/.local/lib/python3.12/site-packages/airflow/example_dags/example_bash_operator.py took 0.125 seconds
[2025-09-16T15:07:03.655+0000] {processor.py:161} INFO - Started process (PID=719) to work on /home/airflow/.local/lib/python3.12/site-packages/airflow/example_dags/example_bash_operator.py
[2025-09-16T15:07:03.657+0000] {processor.py:830} INFO - Processing file /home/airflow/.local/lib/python3.12/site-packages/airflow/example_dags/example_bash_operator.py for tasks to queue
[2025-09-16T15:07:03.664+0000] {logging_mixin.py:188} INFO - [2025-09-16T15:07:03.663+0000] {dagbag.py:545} INFO - Filling up the DagBag from /home/airflow/.local/lib/python3.12/site-packages/airflow/example_dags/example_bash_operator.py
[2025-09-16T15:07:03.681+0000] {processor.py:840} INFO - DAG(s) 'example_bash_operator' retrieved from /home/airflow/.local/lib/python3.12/site-packages/airflow/example_dags/example_bash_operator.py
[2025-09-16T15:07:03.725+0000] {logging_mixin.py:188} INFO - [2025-09-16T15:07:03.725+0000] {dag.py:3096} INFO - Sync 1 DAGs
[2025-09-16T15:07:03.764+0000] {logging_mixin.py:188} INFO - [2025-09-16T15:07:03.764+0000] {dag.py:3954} INFO - Setting next_dagrun for example_bash_operator to 2025-09-15 00:00:00+00:00, run_after=2025-09-16 00:00:00+00:00
[2025-09-16T15:07:03.796+0000] {processor.py:183} INFO - Processing /home/airflow/.local/lib/python3.12/site-packages/airflow/example_dags/example_bash_operator.py took 0.149 seconds
[2025-09-16T15:07:34.213+0000] {processor.py:161} INFO - Started process (PID=779) to work on /home/airflow/.local/lib/python3.12/site-packages/airflow/example_dags/example_bash_operator.py
[2025-09-16T15:07:34.215+0000] {processor.py:830} INFO - Processing file /home/airflow/.local/lib/python3.12/site-packages/airflow/example_dags/example_bash_operator.py for tasks to queue
[2025-09-16T15:07:34.217+0000] {logging_mixin.py:188} INFO - [2025-09-16T15:07:34.216+0000] {dagbag.py:545} INFO - Filling up the DagBag from /home/airflow/.local/lib/python3.12/site-packages/airflow/example_dags/example_bash_operator.py
[2025-09-16T15:07:34.229+0000] {processor.py:840} INFO - DAG(s) 'example_bash_operator' retrieved from /home/airflow/.local/lib/python3.12/site-packages/airflow/example_dags/example_bash_operator.py
[2025-09-16T15:07:34.261+0000] {logging_mixin.py:188} INFO - [2025-09-16T15:07:34.261+0000] {dag.py:3096} INFO - Sync 1 DAGs
[2025-09-16T15:07:34.291+0000] {logging_mixin.py:188} INFO - [2025-09-16T15:07:34.291+0000] {dag.py:3954} INFO - Setting next_dagrun for example_bash_operator to 2025-09-15 00:00:00+00:00, run_after=2025-09-16 00:00:00+00:00
[2025-09-16T15:07:34.314+0000] {processor.py:183} INFO - Processing /home/airflow/.local/lib/python3.12/site-packages/airflow/example_dags/example_bash_operator.py took 0.107 seconds
[2025-09-16T15:08:05.015+0000] {processor.py:161} INFO - Started process (PID=839) to work on /home/airflow/.local/lib/python3.12/site-packages/airflow/example_dags/example_bash_operator.py
[2025-09-16T15:08:05.016+0000] {processor.py:830} INFO - Processing file /home/airflow/.local/lib/python3.12/site-packages/airflow/example_dags/example_bash_operator.py for tasks to queue
[2025-09-16T15:08:05.019+0000] {logging_mixin.py:188} INFO - [2025-09-16T15:08:05.019+0000] {dagbag.py:545} INFO - Filling up the DagBag from /home/airflow/.local/lib/python3.12/site-packages/airflow/example_dags/example_bash_operator.py
[2025-09-16T15:08:05.038+0000] {processor.py:840} INFO - DAG(s) 'example_bash_operator' retrieved from /home/airflow/.local/lib/python3.12/site-packages/airflow/example_dags/example_bash_operator.py
[2025-09-16T15:08:05.101+0000] {logging_mixin.py:188} INFO - [2025-09-16T15:08:05.100+0000] {dag.py:3096} INFO - Sync 1 DAGs
[2025-09-16T15:08:05.164+0000] {logging_mixin.py:188} INFO - [2025-09-16T15:08:05.164+0000] {dag.py:3954} INFO - Setting next_dagrun for example_bash_operator to 2025-09-15 00:00:00+00:00, run_after=2025-09-16 00:00:00+00:00
[2025-09-16T15:08:05.214+0000] {processor.py:183} INFO - Processing /home/airflow/.local/lib/python3.12/site-packages/airflow/example_dags/example_bash_operator.py took 0.210 seconds
[2025-09-16T15:08:36.147+0000] {processor.py:161} INFO - Started process (PID=899) to work on /home/airflow/.local/lib/python3.12/site-packages/airflow/example_dags/example_bash_operator.py
[2025-09-16T15:08:36.148+0000] {processor.py:830} INFO - Processing file /home/airflow/.local/lib/python3.12/site-packages/airflow/example_dags/example_bash_operator.py for tasks to queue
[2025-09-16T15:08:36.151+0000] {logging_mixin.py:188} INFO - [2025-09-16T15:08:36.150+0000] {dagbag.py:545} INFO - Filling up the DagBag from /home/airflow/.local/lib/python3.12/site-packages/airflow/example_dags/example_bash_operator.py
[2025-09-16T15:08:36.167+0000] {processor.py:840} INFO - DAG(s) 'example_bash_operator' retrieved from /home/airflow/.local/lib/python3.12/site-packages/airflow/example_dags/example_bash_operator.py
[2025-09-16T15:08:36.211+0000] {logging_mixin.py:188} INFO - [2025-09-16T15:08:36.211+0000] {dag.py:3096} INFO - Sync 1 DAGs
[2025-09-16T15:08:36.242+0000] {logging_mixin.py:188} INFO - [2025-09-16T15:08:36.241+0000] {dag.py:3954} INFO - Setting next_dagrun for example_bash_operator to 2025-09-15 00:00:00+00:00, run_after=2025-09-16 00:00:00+00:00
[2025-09-16T15:08:36.277+0000] {processor.py:183} INFO - Processing /home/airflow/.local/lib/python3.12/site-packages/airflow/example_dags/example_bash_operator.py took 0.138 seconds
[2025-09-16T15:09:06.783+0000] {processor.py:161} INFO - Started process (PID=959) to work on /home/airflow/.local/lib/python3.12/site-packages/airflow/example_dags/example_bash_operator.py
[2025-09-16T15:09:06.785+0000] {processor.py:830} INFO - Processing file /home/airflow/.local/lib/python3.12/site-packages/airflow/example_dags/example_bash_operator.py for tasks to queue
[2025-09-16T15:09:06.788+0000] {logging_mixin.py:188} INFO - [2025-09-16T15:09:06.787+0000] {dagbag.py:545} INFO - Filling up the DagBag from /home/airflow/.local/lib/python3.12/site-packages/airflow/example_dags/example_bash_operator.py
[2025-09-16T15:09:06.803+0000] {processor.py:840} INFO - DAG(s) 'example_bash_operator' retrieved from /home/airflow/.local/lib/python3.12/site-packages/airflow/example_dags/example_bash_operator.py
[2025-09-16T15:09:06.842+0000] {logging_mixin.py:188} INFO - [2025-09-16T15:09:06.842+0000] {dag.py:3096} INFO - Sync 1 DAGs
[2025-09-16T15:09:06.873+0000] {logging_mixin.py:188} INFO - [2025-09-16T15:09:06.872+0000] {dag.py:3954} INFO - Setting next_dagrun for example_bash_operator to 2025-09-15 00:00:00+00:00, run_after=2025-09-16 00:00:00+00:00
[2025-09-16T15:09:06.897+0000] {processor.py:183} INFO - Processing /home/airflow/.local/lib/python3.12/site-packages/airflow/example_dags/example_bash_operator.py took 0.121 seconds
[2025-09-16T15:09:37.381+0000] {processor.py:161} INFO - Started process (PID=1019) to work on /home/airflow/.local/lib/python3.12/site-packages/airflow/example_dags/example_bash_operator.py
[2025-09-16T15:09:37.382+0000] {processor.py:830} INFO - Processing file /home/airflow/.local/lib/python3.12/site-packages/airflow/example_dags/example_bash_operator.py for tasks to queue
[2025-09-16T15:09:37.385+0000] {logging_mixin.py:188} INFO - [2025-09-16T15:09:37.385+0000] {dagbag.py:545} INFO - Filling up the DagBag from /home/airflow/.local/lib/python3.12/site-packages/airflow/example_dags/example_bash_operator.py
[2025-09-16T15:09:37.401+0000] {processor.py:840} INFO - DAG(s) 'example_bash_operator' retrieved from /home/airflow/.local/lib/python3.12/site-packages/airflow/example_dags/example_bash_operator.py
[2025-09-16T15:09:37.448+0000] {logging_mixin.py:188} INFO - [2025-09-16T15:09:37.447+0000] {dag.py:3096} INFO - Sync 1 DAGs
[2025-09-16T15:09:37.480+0000] {logging_mixin.py:188} INFO - [2025-09-16T15:09:37.480+0000] {dag.py:3954} INFO - Setting next_dagrun for example_bash_operator to 2025-09-15 00:00:00+00:00, run_after=2025-09-16 00:00:00+00:00
[2025-09-16T15:09:37.509+0000] {processor.py:183} INFO - Processing /home/airflow/.local/lib/python3.12/site-packages/airflow/example_dags/example_bash_operator.py took 0.137 seconds
[2025-09-16T15:10:07.740+0000] {processor.py:161} INFO - Started process (PID=1079) to work on /home/airflow/.local/lib/python3.12/site-packages/airflow/example_dags/example_bash_operator.py
[2025-09-16T15:10:07.741+0000] {processor.py:830} INFO - Processing file /home/airflow/.local/lib/python3.12/site-packages/airflow/example_dags/example_bash_operator.py for tasks to queue
[2025-09-16T15:10:07.744+0000] {logging_mixin.py:188} INFO - [2025-09-16T15:10:07.744+0000] {dagbag.py:545} INFO - Filling up the DagBag from /home/airflow/.local/lib/python3.12/site-packages/airflow/example_dags/example_bash_operator.py
[2025-09-16T15:10:07.762+0000] {processor.py:840} INFO - DAG(s) 'example_bash_operator' retrieved from /home/airflow/.local/lib/python3.12/site-packages/airflow/example_dags/example_bash_operator.py
[2025-09-16T15:10:07.800+0000] {logging_mixin.py:188} INFO - [2025-09-16T15:10:07.800+0000] {dag.py:3096} INFO - Sync 1 DAGs
[2025-09-16T15:10:07.831+0000] {logging_mixin.py:188} INFO - [2025-09-16T15:10:07.831+0000] {dag.py:3954} INFO - Setting next_dagrun for example_bash_operator to 2025-09-15 00:00:00+00:00, run_after=2025-09-16 00:00:00+00:00
[2025-09-16T15:10:07.868+0000] {processor.py:183} INFO - Processing /home/airflow/.local/lib/python3.12/site-packages/airflow/example_dags/example_bash_operator.py took 0.138 seconds
[2025-09-16T15:10:38.424+0000] {processor.py:161} INFO - Started process (PID=1139) to work on /home/airflow/.local/lib/python3.12/site-packages/airflow/example_dags/example_bash_operator.py
[2025-09-16T15:10:38.426+0000] {processor.py:830} INFO - Processing file /home/airflow/.local/lib/python3.12/site-packages/airflow/example_dags/example_bash_operator.py for tasks to queue
[2025-09-16T15:10:38.429+0000] {logging_mixin.py:188} INFO - [2025-09-16T15:10:38.429+0000] {dagbag.py:545} INFO - Filling up the DagBag from /home/airflow/.local/lib/python3.12/site-packages/airflow/example_dags/example_bash_operator.py
[2025-09-16T15:10:38.445+0000] {processor.py:840} INFO - DAG(s) 'example_bash_operator' retrieved from /home/airflow/.local/lib/python3.12/site-packages/airflow/example_dags/example_bash_operator.py
[2025-09-16T15:10:38.487+0000] {logging_mixin.py:188} INFO - [2025-09-16T15:10:38.487+0000] {dag.py:3096} INFO - Sync 1 DAGs
[2025-09-16T15:10:38.521+0000] {logging_mixin.py:188} INFO - [2025-09-16T15:10:38.521+0000] {dag.py:3954} INFO - Setting next_dagrun for example_bash_operator to 2025-09-15 00:00:00+00:00, run_after=2025-09-16 00:00:00+00:00
[2025-09-16T15:10:38.549+0000] {processor.py:183} INFO - Processing /home/airflow/.local/lib/python3.12/site-packages/airflow/example_dags/example_bash_operator.py took 0.135 seconds
[2025-09-16T15:11:08.950+0000] {processor.py:161} INFO - Started process (PID=1199) to work on /home/airflow/.local/lib/python3.12/site-packages/airflow/example_dags/example_bash_operator.py
[2025-09-16T15:11:08.952+0000] {processor.py:830} INFO - Processing file /home/airflow/.local/lib/python3.12/site-packages/airflow/example_dags/example_bash_operator.py for tasks to queue
[2025-09-16T15:11:08.954+0000] {logging_mixin.py:188} INFO - [2025-09-16T15:11:08.954+0000] {dagbag.py:545} INFO - Filling up the DagBag from /home/airflow/.local/lib/python3.12/site-packages/airflow/example_dags/example_bash_operator.py
[2025-09-16T15:11:08.969+0000] {processor.py:840} INFO - DAG(s) 'example_bash_operator' retrieved from /home/airflow/.local/lib/python3.12/site-packages/airflow/example_dags/example_bash_operator.py
[2025-09-16T15:11:09.005+0000] {logging_mixin.py:188} INFO - [2025-09-16T15:11:09.005+0000] {dag.py:3096} INFO - Sync 1 DAGs
[2025-09-16T15:11:09.034+0000] {logging_mixin.py:188} INFO - [2025-09-16T15:11:09.034+0000] {dag.py:3954} INFO - Setting next_dagrun for example_bash_operator to 2025-09-15 00:00:00+00:00, run_after=2025-09-16 00:00:00+00:00
[2025-09-16T15:11:09.059+0000] {processor.py:183} INFO - Processing /home/airflow/.local/lib/python3.12/site-packages/airflow/example_dags/example_bash_operator.py took 0.117 seconds
[2025-09-16T15:11:40.623+0000] {processor.py:161} INFO - Started process (PID=1259) to work on /home/airflow/.local/lib/python3.12/site-packages/airflow/example_dags/example_bash_operator.py
[2025-09-16T15:11:40.625+0000] {processor.py:830} INFO - Processing file /home/airflow/.local/lib/python3.12/site-packages/airflow/example_dags/example_bash_operator.py for tasks to queue
[2025-09-16T15:11:40.628+0000] {logging_mixin.py:188} INFO - [2025-09-16T15:11:40.627+0000] {dagbag.py:545} INFO - Filling up the DagBag from /home/airflow/.local/lib/python3.12/site-packages/airflow/example_dags/example_bash_operator.py
[2025-09-16T15:11:40.642+0000] {processor.py:840} INFO - DAG(s) 'example_bash_operator' retrieved from /home/airflow/.local/lib/python3.12/site-packages/airflow/example_dags/example_bash_operator.py
[2025-09-16T15:11:40.673+0000] {logging_mixin.py:188} INFO - [2025-09-16T15:11:40.673+0000] {dag.py:3096} INFO - Sync 1 DAGs
[2025-09-16T15:11:40.703+0000] {logging_mixin.py:188} INFO - [2025-09-16T15:11:40.702+0000] {dag.py:3954} INFO - Setting next_dagrun for example_bash_operator to 2025-09-15 00:00:00+00:00, run_after=2025-09-16 00:00:00+00:00
[2025-09-16T15:11:40.731+0000] {processor.py:183} INFO - Processing /home/airflow/.local/lib/python3.12/site-packages/airflow/example_dags/example_bash_operator.py took 0.114 seconds
[2025-09-16T15:12:11.032+0000] {processor.py:161} INFO - Started process (PID=1319) to work on /home/airflow/.local/lib/python3.12/site-packages/airflow/example_dags/example_bash_operator.py
[2025-09-16T15:12:11.033+0000] {processor.py:830} INFO - Processing file /home/airflow/.local/lib/python3.12/site-packages/airflow/example_dags/example_bash_operator.py for tasks to queue
[2025-09-16T15:12:11.036+0000] {logging_mixin.py:188} INFO - [2025-09-16T15:12:11.036+0000] {dagbag.py:545} INFO - Filling up the DagBag from /home/airflow/.local/lib/python3.12/site-packages/airflow/example_dags/example_bash_operator.py
[2025-09-16T15:12:11.053+0000] {processor.py:840} INFO - DAG(s) 'example_bash_operator' retrieved from /home/airflow/.local/lib/python3.12/site-packages/airflow/example_dags/example_bash_operator.py
[2025-09-16T15:12:11.095+0000] {logging_mixin.py:188} INFO - [2025-09-16T15:12:11.095+0000] {dag.py:3096} INFO - Sync 1 DAGs
[2025-09-16T15:12:11.135+0000] {logging_mixin.py:188} INFO - [2025-09-16T15:12:11.135+0000] {dag.py:3954} INFO - Setting next_dagrun for example_bash_operator to 2025-09-15 00:00:00+00:00, run_after=2025-09-16 00:00:00+00:00
[2025-09-16T15:12:11.168+0000] {processor.py:183} INFO - Processing /home/airflow/.local/lib/python3.12/site-packages/airflow/example_dags/example_bash_operator.py took 0.144 seconds
[2025-09-16T15:12:42.043+0000] {processor.py:161} INFO - Started process (PID=1379) to work on /home/airflow/.local/lib/python3.12/site-packages/airflow/example_dags/example_bash_operator.py
[2025-09-16T15:12:42.044+0000] {processor.py:830} INFO - Processing file /home/airflow/.local/lib/python3.12/site-packages/airflow/example_dags/example_bash_operator.py for tasks to queue
[2025-09-16T15:12:42.047+0000] {logging_mixin.py:188} INFO - [2025-09-16T15:12:42.047+0000] {dagbag.py:545} INFO - Filling up the DagBag from /home/airflow/.local/lib/python3.12/site-packages/airflow/example_dags/example_bash_operator.py
[2025-09-16T15:12:42.063+0000] {processor.py:840} INFO - DAG(s) 'example_bash_operator' retrieved from /home/airflow/.local/lib/python3.12/site-packages/airflow/example_dags/example_bash_operator.py
[2025-09-16T15:12:42.105+0000] {logging_mixin.py:188} INFO - [2025-09-16T15:12:42.104+0000] {dag.py:3096} INFO - Sync 1 DAGs
[2025-09-16T15:12:42.143+0000] {logging_mixin.py:188} INFO - [2025-09-16T15:12:42.142+0000] {dag.py:3954} INFO - Setting next_dagrun for example_bash_operator to 2025-09-15 00:00:00+00:00, run_after=2025-09-16 00:00:00+00:00
[2025-09-16T15:12:42.175+0000] {processor.py:183} INFO - Processing /home/airflow/.local/lib/python3.12/site-packages/airflow/example_dags/example_bash_operator.py took 0.141 seconds
[2025-09-16T15:13:12.261+0000] {processor.py:161} INFO - Started process (PID=1437) to work on /home/airflow/.local/lib/python3.12/site-packages/airflow/example_dags/example_bash_operator.py
[2025-09-16T15:13:12.263+0000] {processor.py:830} INFO - Processing file /home/airflow/.local/lib/python3.12/site-packages/airflow/example_dags/example_bash_operator.py for tasks to queue
[2025-09-16T15:13:12.265+0000] {logging_mixin.py:188} INFO - [2025-09-16T15:13:12.265+0000] {dagbag.py:545} INFO - Filling up the DagBag from /home/airflow/.local/lib/python3.12/site-packages/airflow/example_dags/example_bash_operator.py
[2025-09-16T15:13:12.277+0000] {processor.py:840} INFO - DAG(s) 'example_bash_operator' retrieved from /home/airflow/.local/lib/python3.12/site-packages/airflow/example_dags/example_bash_operator.py
[2025-09-16T15:13:12.308+0000] {logging_mixin.py:188} INFO - [2025-09-16T15:13:12.308+0000] {dag.py:3096} INFO - Sync 1 DAGs
[2025-09-16T15:13:12.336+0000] {logging_mixin.py:188} INFO - [2025-09-16T15:13:12.335+0000] {dag.py:3954} INFO - Setting next_dagrun for example_bash_operator to 2025-09-15 00:00:00+00:00, run_after=2025-09-16 00:00:00+00:00
[2025-09-16T15:13:12.359+0000] {processor.py:183} INFO - Processing /home/airflow/.local/lib/python3.12/site-packages/airflow/example_dags/example_bash_operator.py took 0.104 seconds
[2025-09-16T15:13:42.564+0000] {processor.py:161} INFO - Started process (PID=1497) to work on /home/airflow/.local/lib/python3.12/site-packages/airflow/example_dags/example_bash_operator.py
[2025-09-16T15:13:42.566+0000] {processor.py:830} INFO - Processing file /home/airflow/.local/lib/python3.12/site-packages/airflow/example_dags/example_bash_operator.py for tasks to queue
[2025-09-16T15:13:42.569+0000] {logging_mixin.py:188} INFO - [2025-09-16T15:13:42.569+0000] {dagbag.py:545} INFO - Filling up the DagBag from /home/airflow/.local/lib/python3.12/site-packages/airflow/example_dags/example_bash_operator.py
[2025-09-16T15:13:42.586+0000] {processor.py:840} INFO - DAG(s) 'example_bash_operator' retrieved from /home/airflow/.local/lib/python3.12/site-packages/airflow/example_dags/example_bash_operator.py
[2025-09-16T15:13:42.644+0000] {logging_mixin.py:188} INFO - [2025-09-16T15:13:42.644+0000] {dag.py:3096} INFO - Sync 1 DAGs
[2025-09-16T15:13:42.690+0000] {logging_mixin.py:188} INFO - [2025-09-16T15:13:42.690+0000] {dag.py:3954} INFO - Setting next_dagrun for example_bash_operator to 2025-09-15 00:00:00+00:00, run_after=2025-09-16 00:00:00+00:00
[2025-09-16T15:13:42.726+0000] {processor.py:183} INFO - Processing /home/airflow/.local/lib/python3.12/site-packages/airflow/example_dags/example_bash_operator.py took 0.170 seconds
