[2025-09-16T14:08:00.317+0000] {processor.py:161} INFO - Started process (PID=165) to work on /home/airflow/.local/lib/python3.12/site-packages/airflow/example_dags/example_task_group.py
[2025-09-16T14:08:00.325+0000] {processor.py:830} INFO - Processing file /home/airflow/.local/lib/python3.12/site-packages/airflow/example_dags/example_task_group.py for tasks to queue
[2025-09-16T14:08:00.346+0000] {logging_mixin.py:188} INFO - [2025-09-16T14:08:00.342+0000] {dagbag.py:545} INFO - Filling up the DagBag from /home/airflow/.local/lib/python3.12/site-packages/airflow/example_dags/example_task_group.py
[2025-09-16T14:08:00.405+0000] {processor.py:840} INFO - DAG(s) 'example_task_group' retrieved from /home/airflow/.local/lib/python3.12/site-packages/airflow/example_dags/example_task_group.py
[2025-09-16T14:08:00.453+0000] {logging_mixin.py:188} INFO - [2025-09-16T14:08:00.452+0000] {dag.py:3096} INFO - Sync 1 DAGs
[2025-09-16T14:08:00.548+0000] {logging_mixin.py:188} INFO - [2025-09-16T14:08:00.547+0000] {dag.py:3954} INFO - Setting next_dagrun for example_task_group to 2025-09-15 00:00:00+00:00, run_after=2025-09-16 00:00:00+00:00
[2025-09-16T14:08:00.602+0000] {processor.py:183} INFO - Processing /home/airflow/.local/lib/python3.12/site-packages/airflow/example_dags/example_task_group.py took 0.355 seconds
[2025-09-16T14:08:31.232+0000] {processor.py:161} INFO - Started process (PID=225) to work on /home/airflow/.local/lib/python3.12/site-packages/airflow/example_dags/example_task_group.py
[2025-09-16T14:08:31.235+0000] {processor.py:830} INFO - Processing file /home/airflow/.local/lib/python3.12/site-packages/airflow/example_dags/example_task_group.py for tasks to queue
[2025-09-16T14:08:31.238+0000] {logging_mixin.py:188} INFO - [2025-09-16T14:08:31.237+0000] {dagbag.py:545} INFO - Filling up the DagBag from /home/airflow/.local/lib/python3.12/site-packages/airflow/example_dags/example_task_group.py
[2025-09-16T14:08:31.249+0000] {processor.py:840} INFO - DAG(s) 'example_task_group' retrieved from /home/airflow/.local/lib/python3.12/site-packages/airflow/example_dags/example_task_group.py
[2025-09-16T14:08:31.412+0000] {logging_mixin.py:188} INFO - [2025-09-16T14:08:31.411+0000] {dag.py:3096} INFO - Sync 1 DAGs
[2025-09-16T14:08:31.441+0000] {logging_mixin.py:188} INFO - [2025-09-16T14:08:31.441+0000] {dag.py:3954} INFO - Setting next_dagrun for example_task_group to 2025-09-15 00:00:00+00:00, run_after=2025-09-16 00:00:00+00:00
[2025-09-16T14:08:31.500+0000] {processor.py:183} INFO - Processing /home/airflow/.local/lib/python3.12/site-packages/airflow/example_dags/example_task_group.py took 0.278 seconds
[2025-09-16T14:09:02.165+0000] {processor.py:161} INFO - Started process (PID=285) to work on /home/airflow/.local/lib/python3.12/site-packages/airflow/example_dags/example_task_group.py
[2025-09-16T14:09:02.167+0000] {processor.py:830} INFO - Processing file /home/airflow/.local/lib/python3.12/site-packages/airflow/example_dags/example_task_group.py for tasks to queue
[2025-09-16T14:09:02.169+0000] {logging_mixin.py:188} INFO - [2025-09-16T14:09:02.169+0000] {dagbag.py:545} INFO - Filling up the DagBag from /home/airflow/.local/lib/python3.12/site-packages/airflow/example_dags/example_task_group.py
[2025-09-16T14:09:02.179+0000] {processor.py:840} INFO - DAG(s) 'example_task_group' retrieved from /home/airflow/.local/lib/python3.12/site-packages/airflow/example_dags/example_task_group.py
[2025-09-16T14:09:02.211+0000] {logging_mixin.py:188} INFO - [2025-09-16T14:09:02.211+0000] {dag.py:3096} INFO - Sync 1 DAGs
[2025-09-16T14:09:02.245+0000] {logging_mixin.py:188} INFO - [2025-09-16T14:09:02.244+0000] {dag.py:3954} INFO - Setting next_dagrun for example_task_group to 2025-09-15 00:00:00+00:00, run_after=2025-09-16 00:00:00+00:00
[2025-09-16T14:09:02.275+0000] {processor.py:183} INFO - Processing /home/airflow/.local/lib/python3.12/site-packages/airflow/example_dags/example_task_group.py took 0.119 seconds
[2025-09-16T14:09:33.146+0000] {processor.py:161} INFO - Started process (PID=345) to work on /home/airflow/.local/lib/python3.12/site-packages/airflow/example_dags/example_task_group.py
[2025-09-16T14:09:33.147+0000] {processor.py:830} INFO - Processing file /home/airflow/.local/lib/python3.12/site-packages/airflow/example_dags/example_task_group.py for tasks to queue
[2025-09-16T14:09:33.150+0000] {logging_mixin.py:188} INFO - [2025-09-16T14:09:33.149+0000] {dagbag.py:545} INFO - Filling up the DagBag from /home/airflow/.local/lib/python3.12/site-packages/airflow/example_dags/example_task_group.py
[2025-09-16T14:09:33.164+0000] {processor.py:840} INFO - DAG(s) 'example_task_group' retrieved from /home/airflow/.local/lib/python3.12/site-packages/airflow/example_dags/example_task_group.py
[2025-09-16T14:09:33.194+0000] {logging_mixin.py:188} INFO - [2025-09-16T14:09:33.193+0000] {dag.py:3096} INFO - Sync 1 DAGs
[2025-09-16T14:09:33.227+0000] {logging_mixin.py:188} INFO - [2025-09-16T14:09:33.226+0000] {dag.py:3954} INFO - Setting next_dagrun for example_task_group to 2025-09-15 00:00:00+00:00, run_after=2025-09-16 00:00:00+00:00
[2025-09-16T14:09:33.259+0000] {processor.py:183} INFO - Processing /home/airflow/.local/lib/python3.12/site-packages/airflow/example_dags/example_task_group.py took 0.121 seconds
[2025-09-16T14:10:04.035+0000] {processor.py:161} INFO - Started process (PID=405) to work on /home/airflow/.local/lib/python3.12/site-packages/airflow/example_dags/example_task_group.py
[2025-09-16T14:10:04.037+0000] {processor.py:830} INFO - Processing file /home/airflow/.local/lib/python3.12/site-packages/airflow/example_dags/example_task_group.py for tasks to queue
[2025-09-16T14:10:04.040+0000] {logging_mixin.py:188} INFO - [2025-09-16T14:10:04.039+0000] {dagbag.py:545} INFO - Filling up the DagBag from /home/airflow/.local/lib/python3.12/site-packages/airflow/example_dags/example_task_group.py
[2025-09-16T14:10:04.050+0000] {processor.py:840} INFO - DAG(s) 'example_task_group' retrieved from /home/airflow/.local/lib/python3.12/site-packages/airflow/example_dags/example_task_group.py
[2025-09-16T14:10:04.081+0000] {logging_mixin.py:188} INFO - [2025-09-16T14:10:04.081+0000] {dag.py:3096} INFO - Sync 1 DAGs
[2025-09-16T14:10:04.116+0000] {logging_mixin.py:188} INFO - [2025-09-16T14:10:04.115+0000] {dag.py:3954} INFO - Setting next_dagrun for example_task_group to 2025-09-15 00:00:00+00:00, run_after=2025-09-16 00:00:00+00:00
[2025-09-16T14:10:04.145+0000] {processor.py:183} INFO - Processing /home/airflow/.local/lib/python3.12/site-packages/airflow/example_dags/example_task_group.py took 0.118 seconds
[2025-09-16T14:10:34.483+0000] {processor.py:161} INFO - Started process (PID=465) to work on /home/airflow/.local/lib/python3.12/site-packages/airflow/example_dags/example_task_group.py
[2025-09-16T14:10:34.484+0000] {processor.py:830} INFO - Processing file /home/airflow/.local/lib/python3.12/site-packages/airflow/example_dags/example_task_group.py for tasks to queue
[2025-09-16T14:10:34.488+0000] {logging_mixin.py:188} INFO - [2025-09-16T14:10:34.488+0000] {dagbag.py:545} INFO - Filling up the DagBag from /home/airflow/.local/lib/python3.12/site-packages/airflow/example_dags/example_task_group.py
[2025-09-16T14:10:34.500+0000] {processor.py:840} INFO - DAG(s) 'example_task_group' retrieved from /home/airflow/.local/lib/python3.12/site-packages/airflow/example_dags/example_task_group.py
[2025-09-16T14:10:34.535+0000] {logging_mixin.py:188} INFO - [2025-09-16T14:10:34.534+0000] {dag.py:3096} INFO - Sync 1 DAGs
[2025-09-16T14:10:34.576+0000] {logging_mixin.py:188} INFO - [2025-09-16T14:10:34.576+0000] {dag.py:3954} INFO - Setting next_dagrun for example_task_group to 2025-09-15 00:00:00+00:00, run_after=2025-09-16 00:00:00+00:00
[2025-09-16T14:10:34.611+0000] {processor.py:183} INFO - Processing /home/airflow/.local/lib/python3.12/site-packages/airflow/example_dags/example_task_group.py took 0.138 seconds
[2025-09-16T14:11:05.431+0000] {processor.py:161} INFO - Started process (PID=525) to work on /home/airflow/.local/lib/python3.12/site-packages/airflow/example_dags/example_task_group.py
[2025-09-16T14:11:05.432+0000] {processor.py:830} INFO - Processing file /home/airflow/.local/lib/python3.12/site-packages/airflow/example_dags/example_task_group.py for tasks to queue
[2025-09-16T14:11:05.436+0000] {logging_mixin.py:188} INFO - [2025-09-16T14:11:05.435+0000] {dagbag.py:545} INFO - Filling up the DagBag from /home/airflow/.local/lib/python3.12/site-packages/airflow/example_dags/example_task_group.py
[2025-09-16T14:11:05.447+0000] {processor.py:840} INFO - DAG(s) 'example_task_group' retrieved from /home/airflow/.local/lib/python3.12/site-packages/airflow/example_dags/example_task_group.py
[2025-09-16T14:11:05.479+0000] {logging_mixin.py:188} INFO - [2025-09-16T14:11:05.479+0000] {dag.py:3096} INFO - Sync 1 DAGs
[2025-09-16T14:11:05.511+0000] {logging_mixin.py:188} INFO - [2025-09-16T14:11:05.511+0000] {dag.py:3954} INFO - Setting next_dagrun for example_task_group to 2025-09-15 00:00:00+00:00, run_after=2025-09-16 00:00:00+00:00
[2025-09-16T14:11:05.539+0000] {processor.py:183} INFO - Processing /home/airflow/.local/lib/python3.12/site-packages/airflow/example_dags/example_task_group.py took 0.118 seconds
[2025-09-16T14:11:35.838+0000] {processor.py:161} INFO - Started process (PID=585) to work on /home/airflow/.local/lib/python3.12/site-packages/airflow/example_dags/example_task_group.py
[2025-09-16T14:11:35.839+0000] {processor.py:830} INFO - Processing file /home/airflow/.local/lib/python3.12/site-packages/airflow/example_dags/example_task_group.py for tasks to queue
[2025-09-16T14:11:35.842+0000] {logging_mixin.py:188} INFO - [2025-09-16T14:11:35.842+0000] {dagbag.py:545} INFO - Filling up the DagBag from /home/airflow/.local/lib/python3.12/site-packages/airflow/example_dags/example_task_group.py
[2025-09-16T14:11:35.852+0000] {processor.py:840} INFO - DAG(s) 'example_task_group' retrieved from /home/airflow/.local/lib/python3.12/site-packages/airflow/example_dags/example_task_group.py
[2025-09-16T14:11:35.882+0000] {logging_mixin.py:188} INFO - [2025-09-16T14:11:35.881+0000] {dag.py:3096} INFO - Sync 1 DAGs
[2025-09-16T14:11:35.914+0000] {logging_mixin.py:188} INFO - [2025-09-16T14:11:35.914+0000] {dag.py:3954} INFO - Setting next_dagrun for example_task_group to 2025-09-15 00:00:00+00:00, run_after=2025-09-16 00:00:00+00:00
[2025-09-16T14:11:35.940+0000] {processor.py:183} INFO - Processing /home/airflow/.local/lib/python3.12/site-packages/airflow/example_dags/example_task_group.py took 0.110 seconds
[2025-09-16T14:12:06.803+0000] {processor.py:161} INFO - Started process (PID=645) to work on /home/airflow/.local/lib/python3.12/site-packages/airflow/example_dags/example_task_group.py
[2025-09-16T14:12:06.806+0000] {processor.py:830} INFO - Processing file /home/airflow/.local/lib/python3.12/site-packages/airflow/example_dags/example_task_group.py for tasks to queue
[2025-09-16T14:12:06.810+0000] {logging_mixin.py:188} INFO - [2025-09-16T14:12:06.809+0000] {dagbag.py:545} INFO - Filling up the DagBag from /home/airflow/.local/lib/python3.12/site-packages/airflow/example_dags/example_task_group.py
[2025-09-16T14:12:06.824+0000] {processor.py:840} INFO - DAG(s) 'example_task_group' retrieved from /home/airflow/.local/lib/python3.12/site-packages/airflow/example_dags/example_task_group.py
[2025-09-16T14:12:06.861+0000] {logging_mixin.py:188} INFO - [2025-09-16T14:12:06.860+0000] {dag.py:3096} INFO - Sync 1 DAGs
[2025-09-16T14:12:06.899+0000] {logging_mixin.py:188} INFO - [2025-09-16T14:12:06.899+0000] {dag.py:3954} INFO - Setting next_dagrun for example_task_group to 2025-09-15 00:00:00+00:00, run_after=2025-09-16 00:00:00+00:00
[2025-09-16T14:12:06.954+0000] {processor.py:183} INFO - Processing /home/airflow/.local/lib/python3.12/site-packages/airflow/example_dags/example_task_group.py took 0.161 seconds
[2025-09-16T14:12:37.242+0000] {processor.py:161} INFO - Started process (PID=705) to work on /home/airflow/.local/lib/python3.12/site-packages/airflow/example_dags/example_task_group.py
[2025-09-16T14:12:37.244+0000] {processor.py:830} INFO - Processing file /home/airflow/.local/lib/python3.12/site-packages/airflow/example_dags/example_task_group.py for tasks to queue
[2025-09-16T14:12:37.247+0000] {logging_mixin.py:188} INFO - [2025-09-16T14:12:37.246+0000] {dagbag.py:545} INFO - Filling up the DagBag from /home/airflow/.local/lib/python3.12/site-packages/airflow/example_dags/example_task_group.py
[2025-09-16T14:12:37.259+0000] {processor.py:840} INFO - DAG(s) 'example_task_group' retrieved from /home/airflow/.local/lib/python3.12/site-packages/airflow/example_dags/example_task_group.py
[2025-09-16T14:12:37.293+0000] {logging_mixin.py:188} INFO - [2025-09-16T14:12:37.292+0000] {dag.py:3096} INFO - Sync 1 DAGs
[2025-09-16T14:12:37.327+0000] {logging_mixin.py:188} INFO - [2025-09-16T14:12:37.327+0000] {dag.py:3954} INFO - Setting next_dagrun for example_task_group to 2025-09-15 00:00:00+00:00, run_after=2025-09-16 00:00:00+00:00
[2025-09-16T14:12:37.367+0000] {processor.py:183} INFO - Processing /home/airflow/.local/lib/python3.12/site-packages/airflow/example_dags/example_task_group.py took 0.134 seconds
[2025-09-16T14:13:07.930+0000] {processor.py:161} INFO - Started process (PID=765) to work on /home/airflow/.local/lib/python3.12/site-packages/airflow/example_dags/example_task_group.py
[2025-09-16T14:13:07.932+0000] {processor.py:830} INFO - Processing file /home/airflow/.local/lib/python3.12/site-packages/airflow/example_dags/example_task_group.py for tasks to queue
[2025-09-16T14:13:07.935+0000] {logging_mixin.py:188} INFO - [2025-09-16T14:13:07.935+0000] {dagbag.py:545} INFO - Filling up the DagBag from /home/airflow/.local/lib/python3.12/site-packages/airflow/example_dags/example_task_group.py
[2025-09-16T14:13:07.945+0000] {processor.py:840} INFO - DAG(s) 'example_task_group' retrieved from /home/airflow/.local/lib/python3.12/site-packages/airflow/example_dags/example_task_group.py
[2025-09-16T14:13:07.974+0000] {logging_mixin.py:188} INFO - [2025-09-16T14:13:07.973+0000] {dag.py:3096} INFO - Sync 1 DAGs
[2025-09-16T14:13:08.004+0000] {logging_mixin.py:188} INFO - [2025-09-16T14:13:08.003+0000] {dag.py:3954} INFO - Setting next_dagrun for example_task_group to 2025-09-15 00:00:00+00:00, run_after=2025-09-16 00:00:00+00:00
[2025-09-16T14:13:08.029+0000] {processor.py:183} INFO - Processing /home/airflow/.local/lib/python3.12/site-packages/airflow/example_dags/example_task_group.py took 0.106 seconds
[2025-09-16T14:13:38.457+0000] {processor.py:161} INFO - Started process (PID=825) to work on /home/airflow/.local/lib/python3.12/site-packages/airflow/example_dags/example_task_group.py
[2025-09-16T14:13:38.459+0000] {processor.py:830} INFO - Processing file /home/airflow/.local/lib/python3.12/site-packages/airflow/example_dags/example_task_group.py for tasks to queue
[2025-09-16T14:13:38.463+0000] {logging_mixin.py:188} INFO - [2025-09-16T14:13:38.463+0000] {dagbag.py:545} INFO - Filling up the DagBag from /home/airflow/.local/lib/python3.12/site-packages/airflow/example_dags/example_task_group.py
[2025-09-16T14:13:38.475+0000] {processor.py:840} INFO - DAG(s) 'example_task_group' retrieved from /home/airflow/.local/lib/python3.12/site-packages/airflow/example_dags/example_task_group.py
[2025-09-16T14:13:38.524+0000] {logging_mixin.py:188} INFO - [2025-09-16T14:13:38.523+0000] {dag.py:3096} INFO - Sync 1 DAGs
[2025-09-16T14:13:38.562+0000] {logging_mixin.py:188} INFO - [2025-09-16T14:13:38.562+0000] {dag.py:3954} INFO - Setting next_dagrun for example_task_group to 2025-09-15 00:00:00+00:00, run_after=2025-09-16 00:00:00+00:00
[2025-09-16T14:13:38.600+0000] {processor.py:183} INFO - Processing /home/airflow/.local/lib/python3.12/site-packages/airflow/example_dags/example_task_group.py took 0.155 seconds
[2025-09-16T14:14:09.823+0000] {processor.py:161} INFO - Started process (PID=891) to work on /home/airflow/.local/lib/python3.12/site-packages/airflow/example_dags/example_task_group.py
[2025-09-16T14:14:09.825+0000] {processor.py:830} INFO - Processing file /home/airflow/.local/lib/python3.12/site-packages/airflow/example_dags/example_task_group.py for tasks to queue
[2025-09-16T14:14:09.829+0000] {logging_mixin.py:188} INFO - [2025-09-16T14:14:09.828+0000] {dagbag.py:545} INFO - Filling up the DagBag from /home/airflow/.local/lib/python3.12/site-packages/airflow/example_dags/example_task_group.py
[2025-09-16T14:14:09.839+0000] {processor.py:840} INFO - DAG(s) 'example_task_group' retrieved from /home/airflow/.local/lib/python3.12/site-packages/airflow/example_dags/example_task_group.py
[2025-09-16T14:14:09.874+0000] {logging_mixin.py:188} INFO - [2025-09-16T14:14:09.873+0000] {dag.py:3096} INFO - Sync 1 DAGs
[2025-09-16T14:14:09.912+0000] {logging_mixin.py:188} INFO - [2025-09-16T14:14:09.911+0000] {dag.py:3954} INFO - Setting next_dagrun for example_task_group to 2025-09-15 00:00:00+00:00, run_after=2025-09-16 00:00:00+00:00
[2025-09-16T14:14:09.961+0000] {processor.py:183} INFO - Processing /home/airflow/.local/lib/python3.12/site-packages/airflow/example_dags/example_task_group.py took 0.147 seconds
[2025-09-16T14:14:40.401+0000] {processor.py:161} INFO - Started process (PID=953) to work on /home/airflow/.local/lib/python3.12/site-packages/airflow/example_dags/example_task_group.py
[2025-09-16T14:14:40.403+0000] {processor.py:830} INFO - Processing file /home/airflow/.local/lib/python3.12/site-packages/airflow/example_dags/example_task_group.py for tasks to queue
[2025-09-16T14:14:40.407+0000] {logging_mixin.py:188} INFO - [2025-09-16T14:14:40.406+0000] {dagbag.py:545} INFO - Filling up the DagBag from /home/airflow/.local/lib/python3.12/site-packages/airflow/example_dags/example_task_group.py
[2025-09-16T14:14:40.423+0000] {processor.py:840} INFO - DAG(s) 'example_task_group' retrieved from /home/airflow/.local/lib/python3.12/site-packages/airflow/example_dags/example_task_group.py
[2025-09-16T14:14:40.480+0000] {logging_mixin.py:188} INFO - [2025-09-16T14:14:40.480+0000] {dag.py:3096} INFO - Sync 1 DAGs
[2025-09-16T14:14:40.553+0000] {logging_mixin.py:188} INFO - [2025-09-16T14:14:40.552+0000] {dag.py:3954} INFO - Setting next_dagrun for example_task_group to 2025-09-15 00:00:00+00:00, run_after=2025-09-16 00:00:00+00:00
[2025-09-16T14:14:40.605+0000] {processor.py:183} INFO - Processing /home/airflow/.local/lib/python3.12/site-packages/airflow/example_dags/example_task_group.py took 0.217 seconds
[2025-09-16T14:16:48.660+0000] {processor.py:161} INFO - Started process (PID=118) to work on /home/airflow/.local/lib/python3.12/site-packages/airflow/example_dags/example_task_group.py
[2025-09-16T14:16:48.662+0000] {processor.py:830} INFO - Processing file /home/airflow/.local/lib/python3.12/site-packages/airflow/example_dags/example_task_group.py for tasks to queue
[2025-09-16T14:16:48.665+0000] {logging_mixin.py:188} INFO - [2025-09-16T14:16:48.664+0000] {dagbag.py:545} INFO - Filling up the DagBag from /home/airflow/.local/lib/python3.12/site-packages/airflow/example_dags/example_task_group.py
[2025-09-16T14:16:48.678+0000] {processor.py:840} INFO - DAG(s) 'example_task_group' retrieved from /home/airflow/.local/lib/python3.12/site-packages/airflow/example_dags/example_task_group.py
[2025-09-16T14:16:48.881+0000] {logging_mixin.py:188} INFO - [2025-09-16T14:16:48.880+0000] {dag.py:3096} INFO - Sync 1 DAGs
[2025-09-16T14:16:48.917+0000] {logging_mixin.py:188} INFO - [2025-09-16T14:16:48.917+0000] {dag.py:3954} INFO - Setting next_dagrun for example_task_group to 2025-09-15 00:00:00+00:00, run_after=2025-09-16 00:00:00+00:00
[2025-09-16T14:16:48.961+0000] {processor.py:183} INFO - Processing /home/airflow/.local/lib/python3.12/site-packages/airflow/example_dags/example_task_group.py took 0.310 seconds
[2025-09-16T14:17:19.117+0000] {processor.py:161} INFO - Started process (PID=179) to work on /home/airflow/.local/lib/python3.12/site-packages/airflow/example_dags/example_task_group.py
[2025-09-16T14:17:19.119+0000] {processor.py:830} INFO - Processing file /home/airflow/.local/lib/python3.12/site-packages/airflow/example_dags/example_task_group.py for tasks to queue
[2025-09-16T14:17:19.123+0000] {logging_mixin.py:188} INFO - [2025-09-16T14:17:19.123+0000] {dagbag.py:545} INFO - Filling up the DagBag from /home/airflow/.local/lib/python3.12/site-packages/airflow/example_dags/example_task_group.py
[2025-09-16T14:17:19.135+0000] {processor.py:840} INFO - DAG(s) 'example_task_group' retrieved from /home/airflow/.local/lib/python3.12/site-packages/airflow/example_dags/example_task_group.py
[2025-09-16T14:17:19.170+0000] {logging_mixin.py:188} INFO - [2025-09-16T14:17:19.170+0000] {dag.py:3096} INFO - Sync 1 DAGs
[2025-09-16T14:17:19.201+0000] {logging_mixin.py:188} INFO - [2025-09-16T14:17:19.201+0000] {dag.py:3954} INFO - Setting next_dagrun for example_task_group to 2025-09-15 00:00:00+00:00, run_after=2025-09-16 00:00:00+00:00
[2025-09-16T14:17:19.245+0000] {processor.py:183} INFO - Processing /home/airflow/.local/lib/python3.12/site-packages/airflow/example_dags/example_task_group.py took 0.138 seconds
[2025-09-16T14:17:49.818+0000] {processor.py:161} INFO - Started process (PID=239) to work on /home/airflow/.local/lib/python3.12/site-packages/airflow/example_dags/example_task_group.py
[2025-09-16T14:17:49.819+0000] {processor.py:830} INFO - Processing file /home/airflow/.local/lib/python3.12/site-packages/airflow/example_dags/example_task_group.py for tasks to queue
[2025-09-16T14:17:49.823+0000] {logging_mixin.py:188} INFO - [2025-09-16T14:17:49.823+0000] {dagbag.py:545} INFO - Filling up the DagBag from /home/airflow/.local/lib/python3.12/site-packages/airflow/example_dags/example_task_group.py
[2025-09-16T14:17:49.833+0000] {processor.py:840} INFO - DAG(s) 'example_task_group' retrieved from /home/airflow/.local/lib/python3.12/site-packages/airflow/example_dags/example_task_group.py
[2025-09-16T14:17:49.863+0000] {logging_mixin.py:188} INFO - [2025-09-16T14:17:49.863+0000] {dag.py:3096} INFO - Sync 1 DAGs
[2025-09-16T14:17:49.896+0000] {logging_mixin.py:188} INFO - [2025-09-16T14:17:49.895+0000] {dag.py:3954} INFO - Setting next_dagrun for example_task_group to 2025-09-15 00:00:00+00:00, run_after=2025-09-16 00:00:00+00:00
[2025-09-16T14:17:49.926+0000] {processor.py:183} INFO - Processing /home/airflow/.local/lib/python3.12/site-packages/airflow/example_dags/example_task_group.py took 0.116 seconds
[2025-09-16T14:18:20.343+0000] {processor.py:161} INFO - Started process (PID=299) to work on /home/airflow/.local/lib/python3.12/site-packages/airflow/example_dags/example_task_group.py
[2025-09-16T14:18:20.345+0000] {processor.py:830} INFO - Processing file /home/airflow/.local/lib/python3.12/site-packages/airflow/example_dags/example_task_group.py for tasks to queue
[2025-09-16T14:18:20.348+0000] {logging_mixin.py:188} INFO - [2025-09-16T14:18:20.347+0000] {dagbag.py:545} INFO - Filling up the DagBag from /home/airflow/.local/lib/python3.12/site-packages/airflow/example_dags/example_task_group.py
[2025-09-16T14:18:20.358+0000] {processor.py:840} INFO - DAG(s) 'example_task_group' retrieved from /home/airflow/.local/lib/python3.12/site-packages/airflow/example_dags/example_task_group.py
[2025-09-16T14:18:20.391+0000] {logging_mixin.py:188} INFO - [2025-09-16T14:18:20.391+0000] {dag.py:3096} INFO - Sync 1 DAGs
[2025-09-16T14:18:20.424+0000] {logging_mixin.py:188} INFO - [2025-09-16T14:18:20.424+0000] {dag.py:3954} INFO - Setting next_dagrun for example_task_group to 2025-09-15 00:00:00+00:00, run_after=2025-09-16 00:00:00+00:00
[2025-09-16T14:18:20.454+0000] {processor.py:183} INFO - Processing /home/airflow/.local/lib/python3.12/site-packages/airflow/example_dags/example_task_group.py took 0.120 seconds
[2025-09-16T14:18:50.870+0000] {processor.py:161} INFO - Started process (PID=359) to work on /home/airflow/.local/lib/python3.12/site-packages/airflow/example_dags/example_task_group.py
[2025-09-16T14:18:50.872+0000] {processor.py:830} INFO - Processing file /home/airflow/.local/lib/python3.12/site-packages/airflow/example_dags/example_task_group.py for tasks to queue
[2025-09-16T14:18:50.875+0000] {logging_mixin.py:188} INFO - [2025-09-16T14:18:50.875+0000] {dagbag.py:545} INFO - Filling up the DagBag from /home/airflow/.local/lib/python3.12/site-packages/airflow/example_dags/example_task_group.py
[2025-09-16T14:18:50.886+0000] {processor.py:840} INFO - DAG(s) 'example_task_group' retrieved from /home/airflow/.local/lib/python3.12/site-packages/airflow/example_dags/example_task_group.py
[2025-09-16T14:18:50.916+0000] {logging_mixin.py:188} INFO - [2025-09-16T14:18:50.916+0000] {dag.py:3096} INFO - Sync 1 DAGs
[2025-09-16T14:18:50.946+0000] {logging_mixin.py:188} INFO - [2025-09-16T14:18:50.946+0000] {dag.py:3954} INFO - Setting next_dagrun for example_task_group to 2025-09-15 00:00:00+00:00, run_after=2025-09-16 00:00:00+00:00
[2025-09-16T14:18:50.975+0000] {processor.py:183} INFO - Processing /home/airflow/.local/lib/python3.12/site-packages/airflow/example_dags/example_task_group.py took 0.113 seconds
[2025-09-16T14:19:21.849+0000] {processor.py:161} INFO - Started process (PID=418) to work on /home/airflow/.local/lib/python3.12/site-packages/airflow/example_dags/example_task_group.py
[2025-09-16T14:19:21.851+0000] {processor.py:830} INFO - Processing file /home/airflow/.local/lib/python3.12/site-packages/airflow/example_dags/example_task_group.py for tasks to queue
[2025-09-16T14:19:21.855+0000] {logging_mixin.py:188} INFO - [2025-09-16T14:19:21.854+0000] {dagbag.py:545} INFO - Filling up the DagBag from /home/airflow/.local/lib/python3.12/site-packages/airflow/example_dags/example_task_group.py
[2025-09-16T14:19:21.867+0000] {processor.py:840} INFO - DAG(s) 'example_task_group' retrieved from /home/airflow/.local/lib/python3.12/site-packages/airflow/example_dags/example_task_group.py
[2025-09-16T14:19:21.904+0000] {logging_mixin.py:188} INFO - [2025-09-16T14:19:21.904+0000] {dag.py:3096} INFO - Sync 1 DAGs
[2025-09-16T14:19:21.946+0000] {logging_mixin.py:188} INFO - [2025-09-16T14:19:21.945+0000] {dag.py:3954} INFO - Setting next_dagrun for example_task_group to 2025-09-15 00:00:00+00:00, run_after=2025-09-16 00:00:00+00:00
[2025-09-16T14:19:21.981+0000] {processor.py:183} INFO - Processing /home/airflow/.local/lib/python3.12/site-packages/airflow/example_dags/example_task_group.py took 0.141 seconds
[2025-09-16T14:19:52.405+0000] {processor.py:161} INFO - Started process (PID=478) to work on /home/airflow/.local/lib/python3.12/site-packages/airflow/example_dags/example_task_group.py
[2025-09-16T14:19:52.407+0000] {processor.py:830} INFO - Processing file /home/airflow/.local/lib/python3.12/site-packages/airflow/example_dags/example_task_group.py for tasks to queue
[2025-09-16T14:19:52.410+0000] {logging_mixin.py:188} INFO - [2025-09-16T14:19:52.410+0000] {dagbag.py:545} INFO - Filling up the DagBag from /home/airflow/.local/lib/python3.12/site-packages/airflow/example_dags/example_task_group.py
[2025-09-16T14:19:52.421+0000] {processor.py:840} INFO - DAG(s) 'example_task_group' retrieved from /home/airflow/.local/lib/python3.12/site-packages/airflow/example_dags/example_task_group.py
[2025-09-16T14:19:52.456+0000] {logging_mixin.py:188} INFO - [2025-09-16T14:19:52.455+0000] {dag.py:3096} INFO - Sync 1 DAGs
[2025-09-16T14:19:52.490+0000] {logging_mixin.py:188} INFO - [2025-09-16T14:19:52.490+0000] {dag.py:3954} INFO - Setting next_dagrun for example_task_group to 2025-09-15 00:00:00+00:00, run_after=2025-09-16 00:00:00+00:00
[2025-09-16T14:19:52.602+0000] {processor.py:183} INFO - Processing /home/airflow/.local/lib/python3.12/site-packages/airflow/example_dags/example_task_group.py took 0.207 seconds
[2025-09-16T14:20:22.888+0000] {processor.py:161} INFO - Started process (PID=538) to work on /home/airflow/.local/lib/python3.12/site-packages/airflow/example_dags/example_task_group.py
[2025-09-16T14:20:22.890+0000] {processor.py:830} INFO - Processing file /home/airflow/.local/lib/python3.12/site-packages/airflow/example_dags/example_task_group.py for tasks to queue
[2025-09-16T14:20:22.892+0000] {logging_mixin.py:188} INFO - [2025-09-16T14:20:22.892+0000] {dagbag.py:545} INFO - Filling up the DagBag from /home/airflow/.local/lib/python3.12/site-packages/airflow/example_dags/example_task_group.py
[2025-09-16T14:20:22.903+0000] {processor.py:840} INFO - DAG(s) 'example_task_group' retrieved from /home/airflow/.local/lib/python3.12/site-packages/airflow/example_dags/example_task_group.py
[2025-09-16T14:20:22.934+0000] {logging_mixin.py:188} INFO - [2025-09-16T14:20:22.933+0000] {dag.py:3096} INFO - Sync 1 DAGs
[2025-09-16T14:20:22.966+0000] {logging_mixin.py:188} INFO - [2025-09-16T14:20:22.966+0000] {dag.py:3954} INFO - Setting next_dagrun for example_task_group to 2025-09-15 00:00:00+00:00, run_after=2025-09-16 00:00:00+00:00
[2025-09-16T14:20:23.006+0000] {processor.py:183} INFO - Processing /home/airflow/.local/lib/python3.12/site-packages/airflow/example_dags/example_task_group.py took 0.127 seconds
[2025-09-16T14:20:54.688+0000] {processor.py:161} INFO - Started process (PID=600) to work on /home/airflow/.local/lib/python3.12/site-packages/airflow/example_dags/example_task_group.py
[2025-09-16T14:20:54.690+0000] {processor.py:830} INFO - Processing file /home/airflow/.local/lib/python3.12/site-packages/airflow/example_dags/example_task_group.py for tasks to queue
[2025-09-16T14:20:54.694+0000] {logging_mixin.py:188} INFO - [2025-09-16T14:20:54.693+0000] {dagbag.py:545} INFO - Filling up the DagBag from /home/airflow/.local/lib/python3.12/site-packages/airflow/example_dags/example_task_group.py
[2025-09-16T14:20:54.707+0000] {processor.py:840} INFO - DAG(s) 'example_task_group' retrieved from /home/airflow/.local/lib/python3.12/site-packages/airflow/example_dags/example_task_group.py
[2025-09-16T14:20:54.745+0000] {logging_mixin.py:188} INFO - [2025-09-16T14:20:54.745+0000] {dag.py:3096} INFO - Sync 1 DAGs
[2025-09-16T14:20:54.795+0000] {logging_mixin.py:188} INFO - [2025-09-16T14:20:54.794+0000] {dag.py:3954} INFO - Setting next_dagrun for example_task_group to 2025-09-15 00:00:00+00:00, run_after=2025-09-16 00:00:00+00:00
[2025-09-16T14:20:54.851+0000] {processor.py:183} INFO - Processing /home/airflow/.local/lib/python3.12/site-packages/airflow/example_dags/example_task_group.py took 0.174 seconds
[2025-09-16T14:54:14.258+0000] {processor.py:161} INFO - Started process (PID=117) to work on /home/airflow/.local/lib/python3.12/site-packages/airflow/example_dags/example_task_group.py
[2025-09-16T14:54:14.260+0000] {processor.py:830} INFO - Processing file /home/airflow/.local/lib/python3.12/site-packages/airflow/example_dags/example_task_group.py for tasks to queue
[2025-09-16T14:54:14.263+0000] {logging_mixin.py:188} INFO - [2025-09-16T14:54:14.262+0000] {dagbag.py:545} INFO - Filling up the DagBag from /home/airflow/.local/lib/python3.12/site-packages/airflow/example_dags/example_task_group.py
[2025-09-16T14:54:14.274+0000] {processor.py:840} INFO - DAG(s) 'example_task_group' retrieved from /home/airflow/.local/lib/python3.12/site-packages/airflow/example_dags/example_task_group.py
[2025-09-16T14:54:14.414+0000] {logging_mixin.py:188} INFO - [2025-09-16T14:54:14.413+0000] {dag.py:3096} INFO - Sync 1 DAGs
[2025-09-16T14:54:14.442+0000] {logging_mixin.py:188} INFO - [2025-09-16T14:54:14.442+0000] {dag.py:3954} INFO - Setting next_dagrun for example_task_group to 2025-09-15 00:00:00+00:00, run_after=2025-09-16 00:00:00+00:00
[2025-09-16T14:54:14.476+0000] {processor.py:183} INFO - Processing /home/airflow/.local/lib/python3.12/site-packages/airflow/example_dags/example_task_group.py took 0.225 seconds
[2025-09-16T14:54:45.052+0000] {processor.py:161} INFO - Started process (PID=177) to work on /home/airflow/.local/lib/python3.12/site-packages/airflow/example_dags/example_task_group.py
[2025-09-16T14:54:45.054+0000] {processor.py:830} INFO - Processing file /home/airflow/.local/lib/python3.12/site-packages/airflow/example_dags/example_task_group.py for tasks to queue
[2025-09-16T14:54:45.057+0000] {logging_mixin.py:188} INFO - [2025-09-16T14:54:45.056+0000] {dagbag.py:545} INFO - Filling up the DagBag from /home/airflow/.local/lib/python3.12/site-packages/airflow/example_dags/example_task_group.py
[2025-09-16T14:54:45.067+0000] {processor.py:840} INFO - DAG(s) 'example_task_group' retrieved from /home/airflow/.local/lib/python3.12/site-packages/airflow/example_dags/example_task_group.py
[2025-09-16T14:54:45.099+0000] {logging_mixin.py:188} INFO - [2025-09-16T14:54:45.099+0000] {dag.py:3096} INFO - Sync 1 DAGs
[2025-09-16T14:54:45.131+0000] {logging_mixin.py:188} INFO - [2025-09-16T14:54:45.130+0000] {dag.py:3954} INFO - Setting next_dagrun for example_task_group to 2025-09-15 00:00:00+00:00, run_after=2025-09-16 00:00:00+00:00
[2025-09-16T14:54:45.157+0000] {processor.py:183} INFO - Processing /home/airflow/.local/lib/python3.12/site-packages/airflow/example_dags/example_task_group.py took 0.113 seconds
[2025-09-16T14:55:15.827+0000] {processor.py:161} INFO - Started process (PID=238) to work on /home/airflow/.local/lib/python3.12/site-packages/airflow/example_dags/example_task_group.py
[2025-09-16T14:55:15.829+0000] {processor.py:830} INFO - Processing file /home/airflow/.local/lib/python3.12/site-packages/airflow/example_dags/example_task_group.py for tasks to queue
[2025-09-16T14:55:15.832+0000] {logging_mixin.py:188} INFO - [2025-09-16T14:55:15.831+0000] {dagbag.py:545} INFO - Filling up the DagBag from /home/airflow/.local/lib/python3.12/site-packages/airflow/example_dags/example_task_group.py
[2025-09-16T14:55:15.842+0000] {processor.py:840} INFO - DAG(s) 'example_task_group' retrieved from /home/airflow/.local/lib/python3.12/site-packages/airflow/example_dags/example_task_group.py
[2025-09-16T14:55:15.879+0000] {logging_mixin.py:188} INFO - [2025-09-16T14:55:15.879+0000] {dag.py:3096} INFO - Sync 1 DAGs
[2025-09-16T14:55:15.912+0000] {logging_mixin.py:188} INFO - [2025-09-16T14:55:15.912+0000] {dag.py:3954} INFO - Setting next_dagrun for example_task_group to 2025-09-15 00:00:00+00:00, run_after=2025-09-16 00:00:00+00:00
[2025-09-16T14:55:15.939+0000] {processor.py:183} INFO - Processing /home/airflow/.local/lib/python3.12/site-packages/airflow/example_dags/example_task_group.py took 0.120 seconds
[2025-09-16T14:55:46.621+0000] {processor.py:161} INFO - Started process (PID=298) to work on /home/airflow/.local/lib/python3.12/site-packages/airflow/example_dags/example_task_group.py
[2025-09-16T14:55:46.622+0000] {processor.py:830} INFO - Processing file /home/airflow/.local/lib/python3.12/site-packages/airflow/example_dags/example_task_group.py for tasks to queue
[2025-09-16T14:55:46.625+0000] {logging_mixin.py:188} INFO - [2025-09-16T14:55:46.625+0000] {dagbag.py:545} INFO - Filling up the DagBag from /home/airflow/.local/lib/python3.12/site-packages/airflow/example_dags/example_task_group.py
[2025-09-16T14:55:46.635+0000] {processor.py:840} INFO - DAG(s) 'example_task_group' retrieved from /home/airflow/.local/lib/python3.12/site-packages/airflow/example_dags/example_task_group.py
[2025-09-16T14:55:46.665+0000] {logging_mixin.py:188} INFO - [2025-09-16T14:55:46.665+0000] {dag.py:3096} INFO - Sync 1 DAGs
[2025-09-16T14:55:46.699+0000] {logging_mixin.py:188} INFO - [2025-09-16T14:55:46.699+0000] {dag.py:3954} INFO - Setting next_dagrun for example_task_group to 2025-09-15 00:00:00+00:00, run_after=2025-09-16 00:00:00+00:00
[2025-09-16T14:55:46.747+0000] {processor.py:183} INFO - Processing /home/airflow/.local/lib/python3.12/site-packages/airflow/example_dags/example_task_group.py took 0.134 seconds
[2025-09-16T14:56:17.652+0000] {processor.py:161} INFO - Started process (PID=358) to work on /home/airflow/.local/lib/python3.12/site-packages/airflow/example_dags/example_task_group.py
[2025-09-16T14:56:17.653+0000] {processor.py:830} INFO - Processing file /home/airflow/.local/lib/python3.12/site-packages/airflow/example_dags/example_task_group.py for tasks to queue
[2025-09-16T14:56:17.656+0000] {logging_mixin.py:188} INFO - [2025-09-16T14:56:17.656+0000] {dagbag.py:545} INFO - Filling up the DagBag from /home/airflow/.local/lib/python3.12/site-packages/airflow/example_dags/example_task_group.py
[2025-09-16T14:56:17.668+0000] {processor.py:840} INFO - DAG(s) 'example_task_group' retrieved from /home/airflow/.local/lib/python3.12/site-packages/airflow/example_dags/example_task_group.py
[2025-09-16T14:56:17.712+0000] {logging_mixin.py:188} INFO - [2025-09-16T14:56:17.711+0000] {dag.py:3096} INFO - Sync 1 DAGs
[2025-09-16T14:56:17.744+0000] {logging_mixin.py:188} INFO - [2025-09-16T14:56:17.744+0000] {dag.py:3954} INFO - Setting next_dagrun for example_task_group to 2025-09-15 00:00:00+00:00, run_after=2025-09-16 00:00:00+00:00
[2025-09-16T14:56:17.775+0000] {processor.py:183} INFO - Processing /home/airflow/.local/lib/python3.12/site-packages/airflow/example_dags/example_task_group.py took 0.132 seconds
[2025-09-16T14:56:48.153+0000] {processor.py:161} INFO - Started process (PID=418) to work on /home/airflow/.local/lib/python3.12/site-packages/airflow/example_dags/example_task_group.py
[2025-09-16T14:56:48.155+0000] {processor.py:830} INFO - Processing file /home/airflow/.local/lib/python3.12/site-packages/airflow/example_dags/example_task_group.py for tasks to queue
[2025-09-16T14:56:48.158+0000] {logging_mixin.py:188} INFO - [2025-09-16T14:56:48.157+0000] {dagbag.py:545} INFO - Filling up the DagBag from /home/airflow/.local/lib/python3.12/site-packages/airflow/example_dags/example_task_group.py
[2025-09-16T14:56:48.167+0000] {processor.py:840} INFO - DAG(s) 'example_task_group' retrieved from /home/airflow/.local/lib/python3.12/site-packages/airflow/example_dags/example_task_group.py
[2025-09-16T14:56:48.195+0000] {logging_mixin.py:188} INFO - [2025-09-16T14:56:48.195+0000] {dag.py:3096} INFO - Sync 1 DAGs
[2025-09-16T14:56:48.229+0000] {logging_mixin.py:188} INFO - [2025-09-16T14:56:48.229+0000] {dag.py:3954} INFO - Setting next_dagrun for example_task_group to 2025-09-15 00:00:00+00:00, run_after=2025-09-16 00:00:00+00:00
[2025-09-16T14:56:48.269+0000] {processor.py:183} INFO - Processing /home/airflow/.local/lib/python3.12/site-packages/airflow/example_dags/example_task_group.py took 0.123 seconds
[2025-09-16T14:57:18.704+0000] {processor.py:161} INFO - Started process (PID=478) to work on /home/airflow/.local/lib/python3.12/site-packages/airflow/example_dags/example_task_group.py
[2025-09-16T14:57:18.706+0000] {processor.py:830} INFO - Processing file /home/airflow/.local/lib/python3.12/site-packages/airflow/example_dags/example_task_group.py for tasks to queue
[2025-09-16T14:57:18.709+0000] {logging_mixin.py:188} INFO - [2025-09-16T14:57:18.709+0000] {dagbag.py:545} INFO - Filling up the DagBag from /home/airflow/.local/lib/python3.12/site-packages/airflow/example_dags/example_task_group.py
[2025-09-16T14:57:18.723+0000] {processor.py:840} INFO - DAG(s) 'example_task_group' retrieved from /home/airflow/.local/lib/python3.12/site-packages/airflow/example_dags/example_task_group.py
[2025-09-16T14:57:18.771+0000] {logging_mixin.py:188} INFO - [2025-09-16T14:57:18.770+0000] {dag.py:3096} INFO - Sync 1 DAGs
[2025-09-16T14:57:18.834+0000] {logging_mixin.py:188} INFO - [2025-09-16T14:57:18.833+0000] {dag.py:3954} INFO - Setting next_dagrun for example_task_group to 2025-09-15 00:00:00+00:00, run_after=2025-09-16 00:00:00+00:00
[2025-09-16T14:57:18.892+0000] {processor.py:183} INFO - Processing /home/airflow/.local/lib/python3.12/site-packages/airflow/example_dags/example_task_group.py took 0.198 seconds
[2025-09-16T14:57:49.016+0000] {processor.py:161} INFO - Started process (PID=538) to work on /home/airflow/.local/lib/python3.12/site-packages/airflow/example_dags/example_task_group.py
[2025-09-16T14:57:49.019+0000] {processor.py:830} INFO - Processing file /home/airflow/.local/lib/python3.12/site-packages/airflow/example_dags/example_task_group.py for tasks to queue
[2025-09-16T14:57:49.023+0000] {logging_mixin.py:188} INFO - [2025-09-16T14:57:49.023+0000] {dagbag.py:545} INFO - Filling up the DagBag from /home/airflow/.local/lib/python3.12/site-packages/airflow/example_dags/example_task_group.py
[2025-09-16T14:57:49.035+0000] {processor.py:840} INFO - DAG(s) 'example_task_group' retrieved from /home/airflow/.local/lib/python3.12/site-packages/airflow/example_dags/example_task_group.py
[2025-09-16T14:57:49.069+0000] {logging_mixin.py:188} INFO - [2025-09-16T14:57:49.068+0000] {dag.py:3096} INFO - Sync 1 DAGs
[2025-09-16T14:57:49.103+0000] {logging_mixin.py:188} INFO - [2025-09-16T14:57:49.103+0000] {dag.py:3954} INFO - Setting next_dagrun for example_task_group to 2025-09-15 00:00:00+00:00, run_after=2025-09-16 00:00:00+00:00
[2025-09-16T14:57:49.132+0000] {processor.py:183} INFO - Processing /home/airflow/.local/lib/python3.12/site-packages/airflow/example_dags/example_task_group.py took 0.133 seconds
[2025-09-16T14:58:19.545+0000] {processor.py:161} INFO - Started process (PID=598) to work on /home/airflow/.local/lib/python3.12/site-packages/airflow/example_dags/example_task_group.py
[2025-09-16T14:58:19.547+0000] {processor.py:830} INFO - Processing file /home/airflow/.local/lib/python3.12/site-packages/airflow/example_dags/example_task_group.py for tasks to queue
[2025-09-16T14:58:19.549+0000] {logging_mixin.py:188} INFO - [2025-09-16T14:58:19.549+0000] {dagbag.py:545} INFO - Filling up the DagBag from /home/airflow/.local/lib/python3.12/site-packages/airflow/example_dags/example_task_group.py
[2025-09-16T14:58:19.559+0000] {processor.py:840} INFO - DAG(s) 'example_task_group' retrieved from /home/airflow/.local/lib/python3.12/site-packages/airflow/example_dags/example_task_group.py
[2025-09-16T14:58:19.589+0000] {logging_mixin.py:188} INFO - [2025-09-16T14:58:19.589+0000] {dag.py:3096} INFO - Sync 1 DAGs
[2025-09-16T14:58:19.621+0000] {logging_mixin.py:188} INFO - [2025-09-16T14:58:19.620+0000] {dag.py:3954} INFO - Setting next_dagrun for example_task_group to 2025-09-15 00:00:00+00:00, run_after=2025-09-16 00:00:00+00:00
[2025-09-16T14:58:19.650+0000] {processor.py:183} INFO - Processing /home/airflow/.local/lib/python3.12/site-packages/airflow/example_dags/example_task_group.py took 0.113 seconds
[2025-09-16T14:58:50.572+0000] {processor.py:161} INFO - Started process (PID=657) to work on /home/airflow/.local/lib/python3.12/site-packages/airflow/example_dags/example_task_group.py
[2025-09-16T14:58:50.573+0000] {processor.py:830} INFO - Processing file /home/airflow/.local/lib/python3.12/site-packages/airflow/example_dags/example_task_group.py for tasks to queue
[2025-09-16T14:58:50.576+0000] {logging_mixin.py:188} INFO - [2025-09-16T14:58:50.576+0000] {dagbag.py:545} INFO - Filling up the DagBag from /home/airflow/.local/lib/python3.12/site-packages/airflow/example_dags/example_task_group.py
[2025-09-16T14:58:50.589+0000] {processor.py:840} INFO - DAG(s) 'example_task_group' retrieved from /home/airflow/.local/lib/python3.12/site-packages/airflow/example_dags/example_task_group.py
[2025-09-16T14:58:50.626+0000] {logging_mixin.py:188} INFO - [2025-09-16T14:58:50.626+0000] {dag.py:3096} INFO - Sync 1 DAGs
[2025-09-16T14:58:50.660+0000] {logging_mixin.py:188} INFO - [2025-09-16T14:58:50.660+0000] {dag.py:3954} INFO - Setting next_dagrun for example_task_group to 2025-09-15 00:00:00+00:00, run_after=2025-09-16 00:00:00+00:00
[2025-09-16T14:58:50.688+0000] {processor.py:183} INFO - Processing /home/airflow/.local/lib/python3.12/site-packages/airflow/example_dags/example_task_group.py took 0.124 seconds
[2025-09-16T14:59:20.859+0000] {processor.py:161} INFO - Started process (PID=717) to work on /home/airflow/.local/lib/python3.12/site-packages/airflow/example_dags/example_task_group.py
[2025-09-16T14:59:20.860+0000] {processor.py:830} INFO - Processing file /home/airflow/.local/lib/python3.12/site-packages/airflow/example_dags/example_task_group.py for tasks to queue
[2025-09-16T14:59:20.863+0000] {logging_mixin.py:188} INFO - [2025-09-16T14:59:20.863+0000] {dagbag.py:545} INFO - Filling up the DagBag from /home/airflow/.local/lib/python3.12/site-packages/airflow/example_dags/example_task_group.py
[2025-09-16T14:59:20.873+0000] {processor.py:840} INFO - DAG(s) 'example_task_group' retrieved from /home/airflow/.local/lib/python3.12/site-packages/airflow/example_dags/example_task_group.py
[2025-09-16T14:59:20.902+0000] {logging_mixin.py:188} INFO - [2025-09-16T14:59:20.901+0000] {dag.py:3096} INFO - Sync 1 DAGs
[2025-09-16T14:59:20.932+0000] {logging_mixin.py:188} INFO - [2025-09-16T14:59:20.931+0000] {dag.py:3954} INFO - Setting next_dagrun for example_task_group to 2025-09-15 00:00:00+00:00, run_after=2025-09-16 00:00:00+00:00
[2025-09-16T14:59:20.956+0000] {processor.py:183} INFO - Processing /home/airflow/.local/lib/python3.12/site-packages/airflow/example_dags/example_task_group.py took 0.105 seconds
[2025-09-16T14:59:51.284+0000] {processor.py:161} INFO - Started process (PID=777) to work on /home/airflow/.local/lib/python3.12/site-packages/airflow/example_dags/example_task_group.py
[2025-09-16T14:59:51.285+0000] {processor.py:830} INFO - Processing file /home/airflow/.local/lib/python3.12/site-packages/airflow/example_dags/example_task_group.py for tasks to queue
[2025-09-16T14:59:51.288+0000] {logging_mixin.py:188} INFO - [2025-09-16T14:59:51.288+0000] {dagbag.py:545} INFO - Filling up the DagBag from /home/airflow/.local/lib/python3.12/site-packages/airflow/example_dags/example_task_group.py
[2025-09-16T14:59:51.298+0000] {processor.py:840} INFO - DAG(s) 'example_task_group' retrieved from /home/airflow/.local/lib/python3.12/site-packages/airflow/example_dags/example_task_group.py
[2025-09-16T14:59:51.330+0000] {logging_mixin.py:188} INFO - [2025-09-16T14:59:51.330+0000] {dag.py:3096} INFO - Sync 1 DAGs
[2025-09-16T14:59:51.363+0000] {logging_mixin.py:188} INFO - [2025-09-16T14:59:51.362+0000] {dag.py:3954} INFO - Setting next_dagrun for example_task_group to 2025-09-15 00:00:00+00:00, run_after=2025-09-16 00:00:00+00:00
[2025-09-16T14:59:51.388+0000] {processor.py:183} INFO - Processing /home/airflow/.local/lib/python3.12/site-packages/airflow/example_dags/example_task_group.py took 0.113 seconds
[2025-09-16T15:00:21.564+0000] {processor.py:161} INFO - Started process (PID=837) to work on /home/airflow/.local/lib/python3.12/site-packages/airflow/example_dags/example_task_group.py
[2025-09-16T15:00:21.566+0000] {processor.py:830} INFO - Processing file /home/airflow/.local/lib/python3.12/site-packages/airflow/example_dags/example_task_group.py for tasks to queue
[2025-09-16T15:00:21.568+0000] {logging_mixin.py:188} INFO - [2025-09-16T15:00:21.568+0000] {dagbag.py:545} INFO - Filling up the DagBag from /home/airflow/.local/lib/python3.12/site-packages/airflow/example_dags/example_task_group.py
[2025-09-16T15:00:21.580+0000] {processor.py:840} INFO - DAG(s) 'example_task_group' retrieved from /home/airflow/.local/lib/python3.12/site-packages/airflow/example_dags/example_task_group.py
[2025-09-16T15:00:21.611+0000] {logging_mixin.py:188} INFO - [2025-09-16T15:00:21.610+0000] {dag.py:3096} INFO - Sync 1 DAGs
[2025-09-16T15:00:21.640+0000] {logging_mixin.py:188} INFO - [2025-09-16T15:00:21.640+0000] {dag.py:3954} INFO - Setting next_dagrun for example_task_group to 2025-09-15 00:00:00+00:00, run_after=2025-09-16 00:00:00+00:00
[2025-09-16T15:00:21.666+0000] {processor.py:183} INFO - Processing /home/airflow/.local/lib/python3.12/site-packages/airflow/example_dags/example_task_group.py took 0.109 seconds
[2025-09-16T15:01:56.925+0000] {processor.py:161} INFO - Started process (PID=118) to work on /home/airflow/.local/lib/python3.12/site-packages/airflow/example_dags/example_task_group.py
[2025-09-16T15:01:56.927+0000] {processor.py:830} INFO - Processing file /home/airflow/.local/lib/python3.12/site-packages/airflow/example_dags/example_task_group.py for tasks to queue
[2025-09-16T15:01:56.932+0000] {logging_mixin.py:188} INFO - [2025-09-16T15:01:56.931+0000] {dagbag.py:545} INFO - Filling up the DagBag from /home/airflow/.local/lib/python3.12/site-packages/airflow/example_dags/example_task_group.py
[2025-09-16T15:01:56.943+0000] {processor.py:840} INFO - DAG(s) 'example_task_group' retrieved from /home/airflow/.local/lib/python3.12/site-packages/airflow/example_dags/example_task_group.py
[2025-09-16T15:01:57.122+0000] {logging_mixin.py:188} INFO - [2025-09-16T15:01:57.121+0000] {dag.py:3096} INFO - Sync 1 DAGs
[2025-09-16T15:01:57.155+0000] {logging_mixin.py:188} INFO - [2025-09-16T15:01:57.155+0000] {dag.py:3954} INFO - Setting next_dagrun for example_task_group to 2025-09-15 00:00:00+00:00, run_after=2025-09-16 00:00:00+00:00
[2025-09-16T15:01:57.189+0000] {processor.py:183} INFO - Processing /home/airflow/.local/lib/python3.12/site-packages/airflow/example_dags/example_task_group.py took 0.273 seconds
[2025-09-16T15:02:27.273+0000] {processor.py:161} INFO - Started process (PID=178) to work on /home/airflow/.local/lib/python3.12/site-packages/airflow/example_dags/example_task_group.py
[2025-09-16T15:02:27.274+0000] {processor.py:830} INFO - Processing file /home/airflow/.local/lib/python3.12/site-packages/airflow/example_dags/example_task_group.py for tasks to queue
[2025-09-16T15:02:27.277+0000] {logging_mixin.py:188} INFO - [2025-09-16T15:02:27.276+0000] {dagbag.py:545} INFO - Filling up the DagBag from /home/airflow/.local/lib/python3.12/site-packages/airflow/example_dags/example_task_group.py
[2025-09-16T15:02:27.286+0000] {processor.py:840} INFO - DAG(s) 'example_task_group' retrieved from /home/airflow/.local/lib/python3.12/site-packages/airflow/example_dags/example_task_group.py
[2025-09-16T15:02:27.300+0000] {logging_mixin.py:188} INFO - [2025-09-16T15:02:27.300+0000] {dag.py:3096} INFO - Sync 1 DAGs
[2025-09-16T15:02:27.331+0000] {logging_mixin.py:188} INFO - [2025-09-16T15:02:27.331+0000] {dag.py:3954} INFO - Setting next_dagrun for example_task_group to 2025-09-15 00:00:00+00:00, run_after=2025-09-16 00:00:00+00:00
[2025-09-16T15:02:27.364+0000] {processor.py:183} INFO - Processing /home/airflow/.local/lib/python3.12/site-packages/airflow/example_dags/example_task_group.py took 0.099 seconds
[2025-09-16T15:02:58.824+0000] {processor.py:161} INFO - Started process (PID=238) to work on /home/airflow/.local/lib/python3.12/site-packages/airflow/example_dags/example_task_group.py
[2025-09-16T15:02:58.827+0000] {processor.py:830} INFO - Processing file /home/airflow/.local/lib/python3.12/site-packages/airflow/example_dags/example_task_group.py for tasks to queue
[2025-09-16T15:02:58.831+0000] {logging_mixin.py:188} INFO - [2025-09-16T15:02:58.830+0000] {dagbag.py:545} INFO - Filling up the DagBag from /home/airflow/.local/lib/python3.12/site-packages/airflow/example_dags/example_task_group.py
[2025-09-16T15:02:58.844+0000] {processor.py:840} INFO - DAG(s) 'example_task_group' retrieved from /home/airflow/.local/lib/python3.12/site-packages/airflow/example_dags/example_task_group.py
[2025-09-16T15:02:59.027+0000] {logging_mixin.py:188} INFO - [2025-09-16T15:02:59.026+0000] {dag.py:3096} INFO - Sync 1 DAGs
[2025-09-16T15:02:59.064+0000] {logging_mixin.py:188} INFO - [2025-09-16T15:02:59.064+0000] {dag.py:3954} INFO - Setting next_dagrun for example_task_group to 2025-09-15 00:00:00+00:00, run_after=2025-09-16 00:00:00+00:00
[2025-09-16T15:02:59.121+0000] {processor.py:183} INFO - Processing /home/airflow/.local/lib/python3.12/site-packages/airflow/example_dags/example_task_group.py took 0.309 seconds
[2025-09-16T15:03:29.287+0000] {processor.py:161} INFO - Started process (PID=298) to work on /home/airflow/.local/lib/python3.12/site-packages/airflow/example_dags/example_task_group.py
[2025-09-16T15:03:29.289+0000] {processor.py:830} INFO - Processing file /home/airflow/.local/lib/python3.12/site-packages/airflow/example_dags/example_task_group.py for tasks to queue
[2025-09-16T15:03:29.293+0000] {logging_mixin.py:188} INFO - [2025-09-16T15:03:29.292+0000] {dagbag.py:545} INFO - Filling up the DagBag from /home/airflow/.local/lib/python3.12/site-packages/airflow/example_dags/example_task_group.py
[2025-09-16T15:03:29.305+0000] {processor.py:840} INFO - DAG(s) 'example_task_group' retrieved from /home/airflow/.local/lib/python3.12/site-packages/airflow/example_dags/example_task_group.py
[2025-09-16T15:03:29.337+0000] {logging_mixin.py:188} INFO - [2025-09-16T15:03:29.336+0000] {dag.py:3096} INFO - Sync 1 DAGs
[2025-09-16T15:03:29.368+0000] {logging_mixin.py:188} INFO - [2025-09-16T15:03:29.368+0000] {dag.py:3954} INFO - Setting next_dagrun for example_task_group to 2025-09-15 00:00:00+00:00, run_after=2025-09-16 00:00:00+00:00
[2025-09-16T15:03:29.393+0000] {processor.py:183} INFO - Processing /home/airflow/.local/lib/python3.12/site-packages/airflow/example_dags/example_task_group.py took 0.116 seconds
[2025-09-16T15:03:59.551+0000] {processor.py:161} INFO - Started process (PID=358) to work on /home/airflow/.local/lib/python3.12/site-packages/airflow/example_dags/example_task_group.py
[2025-09-16T15:03:59.553+0000] {processor.py:830} INFO - Processing file /home/airflow/.local/lib/python3.12/site-packages/airflow/example_dags/example_task_group.py for tasks to queue
[2025-09-16T15:03:59.556+0000] {logging_mixin.py:188} INFO - [2025-09-16T15:03:59.555+0000] {dagbag.py:545} INFO - Filling up the DagBag from /home/airflow/.local/lib/python3.12/site-packages/airflow/example_dags/example_task_group.py
[2025-09-16T15:03:59.564+0000] {processor.py:840} INFO - DAG(s) 'example_task_group' retrieved from /home/airflow/.local/lib/python3.12/site-packages/airflow/example_dags/example_task_group.py
[2025-09-16T15:03:59.592+0000] {logging_mixin.py:188} INFO - [2025-09-16T15:03:59.591+0000] {dag.py:3096} INFO - Sync 1 DAGs
[2025-09-16T15:03:59.619+0000] {logging_mixin.py:188} INFO - [2025-09-16T15:03:59.618+0000] {dag.py:3954} INFO - Setting next_dagrun for example_task_group to 2025-09-15 00:00:00+00:00, run_after=2025-09-16 00:00:00+00:00
[2025-09-16T15:03:59.645+0000] {processor.py:183} INFO - Processing /home/airflow/.local/lib/python3.12/site-packages/airflow/example_dags/example_task_group.py took 0.101 seconds
[2025-09-16T15:04:30.582+0000] {processor.py:161} INFO - Started process (PID=418) to work on /home/airflow/.local/lib/python3.12/site-packages/airflow/example_dags/example_task_group.py
[2025-09-16T15:04:30.584+0000] {processor.py:830} INFO - Processing file /home/airflow/.local/lib/python3.12/site-packages/airflow/example_dags/example_task_group.py for tasks to queue
[2025-09-16T15:04:30.587+0000] {logging_mixin.py:188} INFO - [2025-09-16T15:04:30.587+0000] {dagbag.py:545} INFO - Filling up the DagBag from /home/airflow/.local/lib/python3.12/site-packages/airflow/example_dags/example_task_group.py
[2025-09-16T15:04:30.597+0000] {processor.py:840} INFO - DAG(s) 'example_task_group' retrieved from /home/airflow/.local/lib/python3.12/site-packages/airflow/example_dags/example_task_group.py
[2025-09-16T15:04:30.627+0000] {logging_mixin.py:188} INFO - [2025-09-16T15:04:30.627+0000] {dag.py:3096} INFO - Sync 1 DAGs
[2025-09-16T15:04:30.659+0000] {logging_mixin.py:188} INFO - [2025-09-16T15:04:30.659+0000] {dag.py:3954} INFO - Setting next_dagrun for example_task_group to 2025-09-15 00:00:00+00:00, run_after=2025-09-16 00:00:00+00:00
[2025-09-16T15:04:30.690+0000] {processor.py:183} INFO - Processing /home/airflow/.local/lib/python3.12/site-packages/airflow/example_dags/example_task_group.py took 0.116 seconds
[2025-09-16T15:05:01.365+0000] {processor.py:161} INFO - Started process (PID=478) to work on /home/airflow/.local/lib/python3.12/site-packages/airflow/example_dags/example_task_group.py
[2025-09-16T15:05:01.367+0000] {processor.py:830} INFO - Processing file /home/airflow/.local/lib/python3.12/site-packages/airflow/example_dags/example_task_group.py for tasks to queue
[2025-09-16T15:05:01.371+0000] {logging_mixin.py:188} INFO - [2025-09-16T15:05:01.370+0000] {dagbag.py:545} INFO - Filling up the DagBag from /home/airflow/.local/lib/python3.12/site-packages/airflow/example_dags/example_task_group.py
[2025-09-16T15:05:01.380+0000] {processor.py:840} INFO - DAG(s) 'example_task_group' retrieved from /home/airflow/.local/lib/python3.12/site-packages/airflow/example_dags/example_task_group.py
[2025-09-16T15:05:01.410+0000] {logging_mixin.py:188} INFO - [2025-09-16T15:05:01.409+0000] {dag.py:3096} INFO - Sync 1 DAGs
[2025-09-16T15:05:01.444+0000] {logging_mixin.py:188} INFO - [2025-09-16T15:05:01.444+0000] {dag.py:3954} INFO - Setting next_dagrun for example_task_group to 2025-09-15 00:00:00+00:00, run_after=2025-09-16 00:00:00+00:00
[2025-09-16T15:05:01.476+0000] {processor.py:183} INFO - Processing /home/airflow/.local/lib/python3.12/site-packages/airflow/example_dags/example_task_group.py took 0.119 seconds
[2025-09-16T15:05:31.850+0000] {processor.py:161} INFO - Started process (PID=537) to work on /home/airflow/.local/lib/python3.12/site-packages/airflow/example_dags/example_task_group.py
[2025-09-16T15:05:31.852+0000] {processor.py:830} INFO - Processing file /home/airflow/.local/lib/python3.12/site-packages/airflow/example_dags/example_task_group.py for tasks to queue
[2025-09-16T15:05:31.856+0000] {logging_mixin.py:188} INFO - [2025-09-16T15:05:31.856+0000] {dagbag.py:545} INFO - Filling up the DagBag from /home/airflow/.local/lib/python3.12/site-packages/airflow/example_dags/example_task_group.py
[2025-09-16T15:05:31.868+0000] {processor.py:840} INFO - DAG(s) 'example_task_group' retrieved from /home/airflow/.local/lib/python3.12/site-packages/airflow/example_dags/example_task_group.py
[2025-09-16T15:05:31.909+0000] {logging_mixin.py:188} INFO - [2025-09-16T15:05:31.908+0000] {dag.py:3096} INFO - Sync 1 DAGs
[2025-09-16T15:05:31.945+0000] {logging_mixin.py:188} INFO - [2025-09-16T15:05:31.944+0000] {dag.py:3954} INFO - Setting next_dagrun for example_task_group to 2025-09-15 00:00:00+00:00, run_after=2025-09-16 00:00:00+00:00
[2025-09-16T15:05:31.973+0000] {processor.py:183} INFO - Processing /home/airflow/.local/lib/python3.12/site-packages/airflow/example_dags/example_task_group.py took 0.132 seconds
[2025-09-16T15:06:02.542+0000] {processor.py:161} INFO - Started process (PID=597) to work on /home/airflow/.local/lib/python3.12/site-packages/airflow/example_dags/example_task_group.py
[2025-09-16T15:06:02.543+0000] {processor.py:830} INFO - Processing file /home/airflow/.local/lib/python3.12/site-packages/airflow/example_dags/example_task_group.py for tasks to queue
[2025-09-16T15:06:02.546+0000] {logging_mixin.py:188} INFO - [2025-09-16T15:06:02.546+0000] {dagbag.py:545} INFO - Filling up the DagBag from /home/airflow/.local/lib/python3.12/site-packages/airflow/example_dags/example_task_group.py
[2025-09-16T15:06:02.555+0000] {processor.py:840} INFO - DAG(s) 'example_task_group' retrieved from /home/airflow/.local/lib/python3.12/site-packages/airflow/example_dags/example_task_group.py
[2025-09-16T15:06:02.584+0000] {logging_mixin.py:188} INFO - [2025-09-16T15:06:02.584+0000] {dag.py:3096} INFO - Sync 1 DAGs
[2025-09-16T15:06:02.616+0000] {logging_mixin.py:188} INFO - [2025-09-16T15:06:02.616+0000] {dag.py:3954} INFO - Setting next_dagrun for example_task_group to 2025-09-15 00:00:00+00:00, run_after=2025-09-16 00:00:00+00:00
[2025-09-16T15:06:02.652+0000] {processor.py:183} INFO - Processing /home/airflow/.local/lib/python3.12/site-packages/airflow/example_dags/example_task_group.py took 0.117 seconds
[2025-09-16T15:06:33.133+0000] {processor.py:161} INFO - Started process (PID=657) to work on /home/airflow/.local/lib/python3.12/site-packages/airflow/example_dags/example_task_group.py
[2025-09-16T15:06:33.135+0000] {processor.py:830} INFO - Processing file /home/airflow/.local/lib/python3.12/site-packages/airflow/example_dags/example_task_group.py for tasks to queue
[2025-09-16T15:06:33.138+0000] {logging_mixin.py:188} INFO - [2025-09-16T15:06:33.137+0000] {dagbag.py:545} INFO - Filling up the DagBag from /home/airflow/.local/lib/python3.12/site-packages/airflow/example_dags/example_task_group.py
[2025-09-16T15:06:33.149+0000] {processor.py:840} INFO - DAG(s) 'example_task_group' retrieved from /home/airflow/.local/lib/python3.12/site-packages/airflow/example_dags/example_task_group.py
[2025-09-16T15:06:33.180+0000] {logging_mixin.py:188} INFO - [2025-09-16T15:06:33.180+0000] {dag.py:3096} INFO - Sync 1 DAGs
[2025-09-16T15:06:33.211+0000] {logging_mixin.py:188} INFO - [2025-09-16T15:06:33.210+0000] {dag.py:3954} INFO - Setting next_dagrun for example_task_group to 2025-09-15 00:00:00+00:00, run_after=2025-09-16 00:00:00+00:00
[2025-09-16T15:06:33.241+0000] {processor.py:183} INFO - Processing /home/airflow/.local/lib/python3.12/site-packages/airflow/example_dags/example_task_group.py took 0.118 seconds
[2025-09-16T15:07:03.517+0000] {processor.py:161} INFO - Started process (PID=717) to work on /home/airflow/.local/lib/python3.12/site-packages/airflow/example_dags/example_task_group.py
[2025-09-16T15:07:03.518+0000] {processor.py:830} INFO - Processing file /home/airflow/.local/lib/python3.12/site-packages/airflow/example_dags/example_task_group.py for tasks to queue
[2025-09-16T15:07:03.521+0000] {logging_mixin.py:188} INFO - [2025-09-16T15:07:03.521+0000] {dagbag.py:545} INFO - Filling up the DagBag from /home/airflow/.local/lib/python3.12/site-packages/airflow/example_dags/example_task_group.py
[2025-09-16T15:07:03.529+0000] {processor.py:840} INFO - DAG(s) 'example_task_group' retrieved from /home/airflow/.local/lib/python3.12/site-packages/airflow/example_dags/example_task_group.py
[2025-09-16T15:07:03.555+0000] {logging_mixin.py:188} INFO - [2025-09-16T15:07:03.555+0000] {dag.py:3096} INFO - Sync 1 DAGs
[2025-09-16T15:07:03.582+0000] {logging_mixin.py:188} INFO - [2025-09-16T15:07:03.582+0000] {dag.py:3954} INFO - Setting next_dagrun for example_task_group to 2025-09-15 00:00:00+00:00, run_after=2025-09-16 00:00:00+00:00
[2025-09-16T15:07:03.607+0000] {processor.py:183} INFO - Processing /home/airflow/.local/lib/python3.12/site-packages/airflow/example_dags/example_task_group.py took 0.097 seconds
[2025-09-16T15:07:34.054+0000] {processor.py:161} INFO - Started process (PID=777) to work on /home/airflow/.local/lib/python3.12/site-packages/airflow/example_dags/example_task_group.py
[2025-09-16T15:07:34.055+0000] {processor.py:830} INFO - Processing file /home/airflow/.local/lib/python3.12/site-packages/airflow/example_dags/example_task_group.py for tasks to queue
[2025-09-16T15:07:34.058+0000] {logging_mixin.py:188} INFO - [2025-09-16T15:07:34.058+0000] {dagbag.py:545} INFO - Filling up the DagBag from /home/airflow/.local/lib/python3.12/site-packages/airflow/example_dags/example_task_group.py
[2025-09-16T15:07:34.070+0000] {processor.py:840} INFO - DAG(s) 'example_task_group' retrieved from /home/airflow/.local/lib/python3.12/site-packages/airflow/example_dags/example_task_group.py
[2025-09-16T15:07:34.103+0000] {logging_mixin.py:188} INFO - [2025-09-16T15:07:34.102+0000] {dag.py:3096} INFO - Sync 1 DAGs
[2025-09-16T15:07:34.133+0000] {logging_mixin.py:188} INFO - [2025-09-16T15:07:34.132+0000] {dag.py:3954} INFO - Setting next_dagrun for example_task_group to 2025-09-15 00:00:00+00:00, run_after=2025-09-16 00:00:00+00:00
[2025-09-16T15:07:34.159+0000] {processor.py:183} INFO - Processing /home/airflow/.local/lib/python3.12/site-packages/airflow/example_dags/example_task_group.py took 0.115 seconds
[2025-09-16T15:08:04.849+0000] {processor.py:161} INFO - Started process (PID=837) to work on /home/airflow/.local/lib/python3.12/site-packages/airflow/example_dags/example_task_group.py
[2025-09-16T15:08:04.851+0000] {processor.py:830} INFO - Processing file /home/airflow/.local/lib/python3.12/site-packages/airflow/example_dags/example_task_group.py for tasks to queue
[2025-09-16T15:08:04.854+0000] {logging_mixin.py:188} INFO - [2025-09-16T15:08:04.853+0000] {dagbag.py:545} INFO - Filling up the DagBag from /home/airflow/.local/lib/python3.12/site-packages/airflow/example_dags/example_task_group.py
[2025-09-16T15:08:04.864+0000] {processor.py:840} INFO - DAG(s) 'example_task_group' retrieved from /home/airflow/.local/lib/python3.12/site-packages/airflow/example_dags/example_task_group.py
[2025-09-16T15:08:04.892+0000] {logging_mixin.py:188} INFO - [2025-09-16T15:08:04.892+0000] {dag.py:3096} INFO - Sync 1 DAGs
[2025-09-16T15:08:04.923+0000] {logging_mixin.py:188} INFO - [2025-09-16T15:08:04.923+0000] {dag.py:3954} INFO - Setting next_dagrun for example_task_group to 2025-09-15 00:00:00+00:00, run_after=2025-09-16 00:00:00+00:00
[2025-09-16T15:08:04.964+0000] {processor.py:183} INFO - Processing /home/airflow/.local/lib/python3.12/site-packages/airflow/example_dags/example_task_group.py took 0.122 seconds
[2025-09-16T15:08:35.976+0000] {processor.py:161} INFO - Started process (PID=897) to work on /home/airflow/.local/lib/python3.12/site-packages/airflow/example_dags/example_task_group.py
[2025-09-16T15:08:35.978+0000] {processor.py:830} INFO - Processing file /home/airflow/.local/lib/python3.12/site-packages/airflow/example_dags/example_task_group.py for tasks to queue
[2025-09-16T15:08:35.981+0000] {logging_mixin.py:188} INFO - [2025-09-16T15:08:35.980+0000] {dagbag.py:545} INFO - Filling up the DagBag from /home/airflow/.local/lib/python3.12/site-packages/airflow/example_dags/example_task_group.py
[2025-09-16T15:08:35.992+0000] {processor.py:840} INFO - DAG(s) 'example_task_group' retrieved from /home/airflow/.local/lib/python3.12/site-packages/airflow/example_dags/example_task_group.py
[2025-09-16T15:08:36.028+0000] {logging_mixin.py:188} INFO - [2025-09-16T15:08:36.028+0000] {dag.py:3096} INFO - Sync 1 DAGs
[2025-09-16T15:08:36.061+0000] {logging_mixin.py:188} INFO - [2025-09-16T15:08:36.061+0000] {dag.py:3954} INFO - Setting next_dagrun for example_task_group to 2025-09-15 00:00:00+00:00, run_after=2025-09-16 00:00:00+00:00
[2025-09-16T15:08:36.095+0000] {processor.py:183} INFO - Processing /home/airflow/.local/lib/python3.12/site-packages/airflow/example_dags/example_task_group.py took 0.127 seconds
[2025-09-16T15:09:06.637+0000] {processor.py:161} INFO - Started process (PID=957) to work on /home/airflow/.local/lib/python3.12/site-packages/airflow/example_dags/example_task_group.py
[2025-09-16T15:09:06.639+0000] {processor.py:830} INFO - Processing file /home/airflow/.local/lib/python3.12/site-packages/airflow/example_dags/example_task_group.py for tasks to queue
[2025-09-16T15:09:06.642+0000] {logging_mixin.py:188} INFO - [2025-09-16T15:09:06.641+0000] {dagbag.py:545} INFO - Filling up the DagBag from /home/airflow/.local/lib/python3.12/site-packages/airflow/example_dags/example_task_group.py
[2025-09-16T15:09:06.652+0000] {processor.py:840} INFO - DAG(s) 'example_task_group' retrieved from /home/airflow/.local/lib/python3.12/site-packages/airflow/example_dags/example_task_group.py
[2025-09-16T15:09:06.680+0000] {logging_mixin.py:188} INFO - [2025-09-16T15:09:06.680+0000] {dag.py:3096} INFO - Sync 1 DAGs
[2025-09-16T15:09:06.709+0000] {logging_mixin.py:188} INFO - [2025-09-16T15:09:06.709+0000] {dag.py:3954} INFO - Setting next_dagrun for example_task_group to 2025-09-15 00:00:00+00:00, run_after=2025-09-16 00:00:00+00:00
[2025-09-16T15:09:06.739+0000] {processor.py:183} INFO - Processing /home/airflow/.local/lib/python3.12/site-packages/airflow/example_dags/example_task_group.py took 0.109 seconds
[2025-09-16T15:09:37.217+0000] {processor.py:161} INFO - Started process (PID=1017) to work on /home/airflow/.local/lib/python3.12/site-packages/airflow/example_dags/example_task_group.py
[2025-09-16T15:09:37.219+0000] {processor.py:830} INFO - Processing file /home/airflow/.local/lib/python3.12/site-packages/airflow/example_dags/example_task_group.py for tasks to queue
[2025-09-16T15:09:37.223+0000] {logging_mixin.py:188} INFO - [2025-09-16T15:09:37.222+0000] {dagbag.py:545} INFO - Filling up the DagBag from /home/airflow/.local/lib/python3.12/site-packages/airflow/example_dags/example_task_group.py
[2025-09-16T15:09:37.233+0000] {processor.py:840} INFO - DAG(s) 'example_task_group' retrieved from /home/airflow/.local/lib/python3.12/site-packages/airflow/example_dags/example_task_group.py
[2025-09-16T15:09:37.267+0000] {logging_mixin.py:188} INFO - [2025-09-16T15:09:37.267+0000] {dag.py:3096} INFO - Sync 1 DAGs
[2025-09-16T15:09:37.302+0000] {logging_mixin.py:188} INFO - [2025-09-16T15:09:37.302+0000] {dag.py:3954} INFO - Setting next_dagrun for example_task_group to 2025-09-15 00:00:00+00:00, run_after=2025-09-16 00:00:00+00:00
[2025-09-16T15:09:37.333+0000] {processor.py:183} INFO - Processing /home/airflow/.local/lib/python3.12/site-packages/airflow/example_dags/example_task_group.py took 0.124 seconds
[2025-09-16T15:10:07.569+0000] {processor.py:161} INFO - Started process (PID=1077) to work on /home/airflow/.local/lib/python3.12/site-packages/airflow/example_dags/example_task_group.py
[2025-09-16T15:10:07.571+0000] {processor.py:830} INFO - Processing file /home/airflow/.local/lib/python3.12/site-packages/airflow/example_dags/example_task_group.py for tasks to queue
[2025-09-16T15:10:07.573+0000] {logging_mixin.py:188} INFO - [2025-09-16T15:10:07.573+0000] {dagbag.py:545} INFO - Filling up the DagBag from /home/airflow/.local/lib/python3.12/site-packages/airflow/example_dags/example_task_group.py
[2025-09-16T15:10:07.583+0000] {processor.py:840} INFO - DAG(s) 'example_task_group' retrieved from /home/airflow/.local/lib/python3.12/site-packages/airflow/example_dags/example_task_group.py
[2025-09-16T15:10:07.611+0000] {logging_mixin.py:188} INFO - [2025-09-16T15:10:07.611+0000] {dag.py:3096} INFO - Sync 1 DAGs
[2025-09-16T15:10:07.642+0000] {logging_mixin.py:188} INFO - [2025-09-16T15:10:07.641+0000] {dag.py:3954} INFO - Setting next_dagrun for example_task_group to 2025-09-15 00:00:00+00:00, run_after=2025-09-16 00:00:00+00:00
[2025-09-16T15:10:07.670+0000] {processor.py:183} INFO - Processing /home/airflow/.local/lib/python3.12/site-packages/airflow/example_dags/example_task_group.py took 0.107 seconds
[2025-09-16T15:10:38.231+0000] {processor.py:161} INFO - Started process (PID=1137) to work on /home/airflow/.local/lib/python3.12/site-packages/airflow/example_dags/example_task_group.py
[2025-09-16T15:10:38.233+0000] {processor.py:830} INFO - Processing file /home/airflow/.local/lib/python3.12/site-packages/airflow/example_dags/example_task_group.py for tasks to queue
[2025-09-16T15:10:38.236+0000] {logging_mixin.py:188} INFO - [2025-09-16T15:10:38.235+0000] {dagbag.py:545} INFO - Filling up the DagBag from /home/airflow/.local/lib/python3.12/site-packages/airflow/example_dags/example_task_group.py
[2025-09-16T15:10:38.246+0000] {processor.py:840} INFO - DAG(s) 'example_task_group' retrieved from /home/airflow/.local/lib/python3.12/site-packages/airflow/example_dags/example_task_group.py
[2025-09-16T15:10:38.294+0000] {logging_mixin.py:188} INFO - [2025-09-16T15:10:38.293+0000] {dag.py:3096} INFO - Sync 1 DAGs
[2025-09-16T15:10:38.336+0000] {logging_mixin.py:188} INFO - [2025-09-16T15:10:38.335+0000] {dag.py:3954} INFO - Setting next_dagrun for example_task_group to 2025-09-15 00:00:00+00:00, run_after=2025-09-16 00:00:00+00:00
[2025-09-16T15:10:38.366+0000] {processor.py:183} INFO - Processing /home/airflow/.local/lib/python3.12/site-packages/airflow/example_dags/example_task_group.py took 0.143 seconds
[2025-09-16T15:11:08.811+0000] {processor.py:161} INFO - Started process (PID=1197) to work on /home/airflow/.local/lib/python3.12/site-packages/airflow/example_dags/example_task_group.py
[2025-09-16T15:11:08.813+0000] {processor.py:830} INFO - Processing file /home/airflow/.local/lib/python3.12/site-packages/airflow/example_dags/example_task_group.py for tasks to queue
[2025-09-16T15:11:08.816+0000] {logging_mixin.py:188} INFO - [2025-09-16T15:11:08.815+0000] {dagbag.py:545} INFO - Filling up the DagBag from /home/airflow/.local/lib/python3.12/site-packages/airflow/example_dags/example_task_group.py
[2025-09-16T15:11:08.825+0000] {processor.py:840} INFO - DAG(s) 'example_task_group' retrieved from /home/airflow/.local/lib/python3.12/site-packages/airflow/example_dags/example_task_group.py
[2025-09-16T15:11:08.850+0000] {logging_mixin.py:188} INFO - [2025-09-16T15:11:08.850+0000] {dag.py:3096} INFO - Sync 1 DAGs
[2025-09-16T15:11:08.876+0000] {logging_mixin.py:188} INFO - [2025-09-16T15:11:08.876+0000] {dag.py:3954} INFO - Setting next_dagrun for example_task_group to 2025-09-15 00:00:00+00:00, run_after=2025-09-16 00:00:00+00:00
[2025-09-16T15:11:08.904+0000] {processor.py:183} INFO - Processing /home/airflow/.local/lib/python3.12/site-packages/airflow/example_dags/example_task_group.py took 0.100 seconds
[2025-09-16T15:11:40.283+0000] {processor.py:161} INFO - Started process (PID=1257) to work on /home/airflow/.local/lib/python3.12/site-packages/airflow/example_dags/example_task_group.py
[2025-09-16T15:11:40.285+0000] {processor.py:830} INFO - Processing file /home/airflow/.local/lib/python3.12/site-packages/airflow/example_dags/example_task_group.py for tasks to queue
[2025-09-16T15:11:40.288+0000] {logging_mixin.py:188} INFO - [2025-09-16T15:11:40.287+0000] {dagbag.py:545} INFO - Filling up the DagBag from /home/airflow/.local/lib/python3.12/site-packages/airflow/example_dags/example_task_group.py
[2025-09-16T15:11:40.300+0000] {processor.py:840} INFO - DAG(s) 'example_task_group' retrieved from /home/airflow/.local/lib/python3.12/site-packages/airflow/example_dags/example_task_group.py
[2025-09-16T15:11:40.334+0000] {logging_mixin.py:188} INFO - [2025-09-16T15:11:40.334+0000] {dag.py:3096} INFO - Sync 1 DAGs
[2025-09-16T15:11:40.369+0000] {logging_mixin.py:188} INFO - [2025-09-16T15:11:40.369+0000] {dag.py:3954} INFO - Setting next_dagrun for example_task_group to 2025-09-15 00:00:00+00:00, run_after=2025-09-16 00:00:00+00:00
[2025-09-16T15:11:40.401+0000] {processor.py:183} INFO - Processing /home/airflow/.local/lib/python3.12/site-packages/airflow/example_dags/example_task_group.py took 0.128 seconds
[2025-09-16T15:12:10.585+0000] {processor.py:161} INFO - Started process (PID=1316) to work on /home/airflow/.local/lib/python3.12/site-packages/airflow/example_dags/example_task_group.py
[2025-09-16T15:12:10.587+0000] {processor.py:830} INFO - Processing file /home/airflow/.local/lib/python3.12/site-packages/airflow/example_dags/example_task_group.py for tasks to queue
[2025-09-16T15:12:10.591+0000] {logging_mixin.py:188} INFO - [2025-09-16T15:12:10.590+0000] {dagbag.py:545} INFO - Filling up the DagBag from /home/airflow/.local/lib/python3.12/site-packages/airflow/example_dags/example_task_group.py
[2025-09-16T15:12:10.607+0000] {processor.py:840} INFO - DAG(s) 'example_task_group' retrieved from /home/airflow/.local/lib/python3.12/site-packages/airflow/example_dags/example_task_group.py
[2025-09-16T15:12:10.655+0000] {logging_mixin.py:188} INFO - [2025-09-16T15:12:10.654+0000] {dag.py:3096} INFO - Sync 1 DAGs
[2025-09-16T15:12:10.696+0000] {logging_mixin.py:188} INFO - [2025-09-16T15:12:10.695+0000] {dag.py:3954} INFO - Setting next_dagrun for example_task_group to 2025-09-15 00:00:00+00:00, run_after=2025-09-16 00:00:00+00:00
[2025-09-16T15:12:10.754+0000] {processor.py:183} INFO - Processing /home/airflow/.local/lib/python3.12/site-packages/airflow/example_dags/example_task_group.py took 0.178 seconds
[2025-09-16T15:12:41.713+0000] {processor.py:161} INFO - Started process (PID=1376) to work on /home/airflow/.local/lib/python3.12/site-packages/airflow/example_dags/example_task_group.py
[2025-09-16T15:12:41.714+0000] {processor.py:830} INFO - Processing file /home/airflow/.local/lib/python3.12/site-packages/airflow/example_dags/example_task_group.py for tasks to queue
[2025-09-16T15:12:41.717+0000] {logging_mixin.py:188} INFO - [2025-09-16T15:12:41.717+0000] {dagbag.py:545} INFO - Filling up the DagBag from /home/airflow/.local/lib/python3.12/site-packages/airflow/example_dags/example_task_group.py
[2025-09-16T15:12:41.726+0000] {processor.py:840} INFO - DAG(s) 'example_task_group' retrieved from /home/airflow/.local/lib/python3.12/site-packages/airflow/example_dags/example_task_group.py
[2025-09-16T15:12:41.755+0000] {logging_mixin.py:188} INFO - [2025-09-16T15:12:41.754+0000] {dag.py:3096} INFO - Sync 1 DAGs
[2025-09-16T15:12:41.783+0000] {logging_mixin.py:188} INFO - [2025-09-16T15:12:41.782+0000] {dag.py:3954} INFO - Setting next_dagrun for example_task_group to 2025-09-15 00:00:00+00:00, run_after=2025-09-16 00:00:00+00:00
[2025-09-16T15:12:41.812+0000] {processor.py:183} INFO - Processing /home/airflow/.local/lib/python3.12/site-packages/airflow/example_dags/example_task_group.py took 0.106 seconds
[2025-09-16T15:13:12.087+0000] {processor.py:161} INFO - Started process (PID=1435) to work on /home/airflow/.local/lib/python3.12/site-packages/airflow/example_dags/example_task_group.py
[2025-09-16T15:13:12.089+0000] {processor.py:830} INFO - Processing file /home/airflow/.local/lib/python3.12/site-packages/airflow/example_dags/example_task_group.py for tasks to queue
[2025-09-16T15:13:12.091+0000] {logging_mixin.py:188} INFO - [2025-09-16T15:13:12.091+0000] {dagbag.py:545} INFO - Filling up the DagBag from /home/airflow/.local/lib/python3.12/site-packages/airflow/example_dags/example_task_group.py
[2025-09-16T15:13:12.099+0000] {processor.py:840} INFO - DAG(s) 'example_task_group' retrieved from /home/airflow/.local/lib/python3.12/site-packages/airflow/example_dags/example_task_group.py
[2025-09-16T15:13:12.128+0000] {logging_mixin.py:188} INFO - [2025-09-16T15:13:12.128+0000] {dag.py:3096} INFO - Sync 1 DAGs
[2025-09-16T15:13:12.158+0000] {logging_mixin.py:188} INFO - [2025-09-16T15:13:12.158+0000] {dag.py:3954} INFO - Setting next_dagrun for example_task_group to 2025-09-15 00:00:00+00:00, run_after=2025-09-16 00:00:00+00:00
[2025-09-16T15:13:12.194+0000] {processor.py:183} INFO - Processing /home/airflow/.local/lib/python3.12/site-packages/airflow/example_dags/example_task_group.py took 0.112 seconds
[2025-09-16T15:13:42.399+0000] {processor.py:161} INFO - Started process (PID=1495) to work on /home/airflow/.local/lib/python3.12/site-packages/airflow/example_dags/example_task_group.py
[2025-09-16T15:13:42.400+0000] {processor.py:830} INFO - Processing file /home/airflow/.local/lib/python3.12/site-packages/airflow/example_dags/example_task_group.py for tasks to queue
[2025-09-16T15:13:42.403+0000] {logging_mixin.py:188} INFO - [2025-09-16T15:13:42.403+0000] {dagbag.py:545} INFO - Filling up the DagBag from /home/airflow/.local/lib/python3.12/site-packages/airflow/example_dags/example_task_group.py
[2025-09-16T15:13:42.411+0000] {processor.py:840} INFO - DAG(s) 'example_task_group' retrieved from /home/airflow/.local/lib/python3.12/site-packages/airflow/example_dags/example_task_group.py
[2025-09-16T15:13:42.441+0000] {logging_mixin.py:188} INFO - [2025-09-16T15:13:42.440+0000] {dag.py:3096} INFO - Sync 1 DAGs
[2025-09-16T15:13:42.473+0000] {logging_mixin.py:188} INFO - [2025-09-16T15:13:42.473+0000] {dag.py:3954} INFO - Setting next_dagrun for example_task_group to 2025-09-15 00:00:00+00:00, run_after=2025-09-16 00:00:00+00:00
[2025-09-16T15:13:42.503+0000] {processor.py:183} INFO - Processing /home/airflow/.local/lib/python3.12/site-packages/airflow/example_dags/example_task_group.py took 0.111 seconds
