[2025-09-16T14:07:57.813+0000] {processor.py:161} INFO - Started process (PID=155) to work on /home/airflow/.local/lib/python3.12/site-packages/airflow/example_dags/example_trigger_controller_dag.py
[2025-09-16T14:07:57.831+0000] {processor.py:830} INFO - Processing file /home/airflow/.local/lib/python3.12/site-packages/airflow/example_dags/example_trigger_controller_dag.py for tasks to queue
[2025-09-16T14:07:57.882+0000] {logging_mixin.py:188} INFO - [2025-09-16T14:07:57.881+0000] {dagbag.py:545} INFO - Filling up the DagBag from /home/airflow/.local/lib/python3.12/site-packages/airflow/example_dags/example_trigger_controller_dag.py
[2025-09-16T14:07:57.956+0000] {processor.py:840} INFO - DAG(s) 'example_trigger_controller_dag' retrieved from /home/airflow/.local/lib/python3.12/site-packages/airflow/example_dags/example_trigger_controller_dag.py
[2025-09-16T14:07:58.079+0000] {logging_mixin.py:188} INFO - [2025-09-16T14:07:58.079+0000] {dag.py:3096} INFO - Sync 1 DAGs
[2025-09-16T14:07:58.186+0000] {logging_mixin.py:188} INFO - [2025-09-16T14:07:58.186+0000] {dag.py:3954} INFO - Setting next_dagrun for example_trigger_controller_dag to 2021-01-01 00:00:00+00:00, run_after=2021-01-01 00:00:00+00:00
[2025-09-16T14:07:58.248+0000] {processor.py:183} INFO - Processing /home/airflow/.local/lib/python3.12/site-packages/airflow/example_dags/example_trigger_controller_dag.py took 0.500 seconds
[2025-09-16T14:08:28.554+0000] {processor.py:161} INFO - Started process (PID=215) to work on /home/airflow/.local/lib/python3.12/site-packages/airflow/example_dags/example_trigger_controller_dag.py
[2025-09-16T14:08:28.558+0000] {processor.py:830} INFO - Processing file /home/airflow/.local/lib/python3.12/site-packages/airflow/example_dags/example_trigger_controller_dag.py for tasks to queue
[2025-09-16T14:08:28.563+0000] {logging_mixin.py:188} INFO - [2025-09-16T14:08:28.562+0000] {dagbag.py:545} INFO - Filling up the DagBag from /home/airflow/.local/lib/python3.12/site-packages/airflow/example_dags/example_trigger_controller_dag.py
[2025-09-16T14:08:28.577+0000] {processor.py:840} INFO - DAG(s) 'example_trigger_controller_dag' retrieved from /home/airflow/.local/lib/python3.12/site-packages/airflow/example_dags/example_trigger_controller_dag.py
[2025-09-16T14:08:28.785+0000] {logging_mixin.py:188} INFO - [2025-09-16T14:08:28.785+0000] {dag.py:3096} INFO - Sync 1 DAGs
[2025-09-16T14:08:28.816+0000] {logging_mixin.py:188} INFO - [2025-09-16T14:08:28.816+0000] {dag.py:3954} INFO - Setting next_dagrun for example_trigger_controller_dag to 2021-01-01 00:00:00+00:00, run_after=2021-01-01 00:00:00+00:00
[2025-09-16T14:08:28.870+0000] {processor.py:183} INFO - Processing /home/airflow/.local/lib/python3.12/site-packages/airflow/example_dags/example_trigger_controller_dag.py took 0.330 seconds
[2025-09-16T14:08:59.073+0000] {processor.py:161} INFO - Started process (PID=275) to work on /home/airflow/.local/lib/python3.12/site-packages/airflow/example_dags/example_trigger_controller_dag.py
[2025-09-16T14:08:59.074+0000] {processor.py:830} INFO - Processing file /home/airflow/.local/lib/python3.12/site-packages/airflow/example_dags/example_trigger_controller_dag.py for tasks to queue
[2025-09-16T14:08:59.077+0000] {logging_mixin.py:188} INFO - [2025-09-16T14:08:59.076+0000] {dagbag.py:545} INFO - Filling up the DagBag from /home/airflow/.local/lib/python3.12/site-packages/airflow/example_dags/example_trigger_controller_dag.py
[2025-09-16T14:08:59.082+0000] {processor.py:840} INFO - DAG(s) 'example_trigger_controller_dag' retrieved from /home/airflow/.local/lib/python3.12/site-packages/airflow/example_dags/example_trigger_controller_dag.py
[2025-09-16T14:08:59.105+0000] {logging_mixin.py:188} INFO - [2025-09-16T14:08:59.104+0000] {dag.py:3096} INFO - Sync 1 DAGs
[2025-09-16T14:08:59.129+0000] {logging_mixin.py:188} INFO - [2025-09-16T14:08:59.129+0000] {dag.py:3954} INFO - Setting next_dagrun for example_trigger_controller_dag to 2021-01-01 00:00:00+00:00, run_after=2021-01-01 00:00:00+00:00
[2025-09-16T14:08:59.157+0000] {processor.py:183} INFO - Processing /home/airflow/.local/lib/python3.12/site-packages/airflow/example_dags/example_trigger_controller_dag.py took 0.091 seconds
[2025-09-16T14:09:30.212+0000] {processor.py:161} INFO - Started process (PID=335) to work on /home/airflow/.local/lib/python3.12/site-packages/airflow/example_dags/example_trigger_controller_dag.py
[2025-09-16T14:09:30.213+0000] {processor.py:830} INFO - Processing file /home/airflow/.local/lib/python3.12/site-packages/airflow/example_dags/example_trigger_controller_dag.py for tasks to queue
[2025-09-16T14:09:30.217+0000] {logging_mixin.py:188} INFO - [2025-09-16T14:09:30.216+0000] {dagbag.py:545} INFO - Filling up the DagBag from /home/airflow/.local/lib/python3.12/site-packages/airflow/example_dags/example_trigger_controller_dag.py
[2025-09-16T14:09:30.225+0000] {processor.py:840} INFO - DAG(s) 'example_trigger_controller_dag' retrieved from /home/airflow/.local/lib/python3.12/site-packages/airflow/example_dags/example_trigger_controller_dag.py
[2025-09-16T14:09:30.258+0000] {logging_mixin.py:188} INFO - [2025-09-16T14:09:30.258+0000] {dag.py:3096} INFO - Sync 1 DAGs
[2025-09-16T14:09:30.291+0000] {logging_mixin.py:188} INFO - [2025-09-16T14:09:30.290+0000] {dag.py:3954} INFO - Setting next_dagrun for example_trigger_controller_dag to 2021-01-01 00:00:00+00:00, run_after=2021-01-01 00:00:00+00:00
[2025-09-16T14:09:30.321+0000] {processor.py:183} INFO - Processing /home/airflow/.local/lib/python3.12/site-packages/airflow/example_dags/example_trigger_controller_dag.py took 0.118 seconds
[2025-09-16T14:10:00.891+0000] {processor.py:161} INFO - Started process (PID=395) to work on /home/airflow/.local/lib/python3.12/site-packages/airflow/example_dags/example_trigger_controller_dag.py
[2025-09-16T14:10:00.893+0000] {processor.py:830} INFO - Processing file /home/airflow/.local/lib/python3.12/site-packages/airflow/example_dags/example_trigger_controller_dag.py for tasks to queue
[2025-09-16T14:10:00.896+0000] {logging_mixin.py:188} INFO - [2025-09-16T14:10:00.895+0000] {dagbag.py:545} INFO - Filling up the DagBag from /home/airflow/.local/lib/python3.12/site-packages/airflow/example_dags/example_trigger_controller_dag.py
[2025-09-16T14:10:00.904+0000] {processor.py:840} INFO - DAG(s) 'example_trigger_controller_dag' retrieved from /home/airflow/.local/lib/python3.12/site-packages/airflow/example_dags/example_trigger_controller_dag.py
[2025-09-16T14:10:00.934+0000] {logging_mixin.py:188} INFO - [2025-09-16T14:10:00.934+0000] {dag.py:3096} INFO - Sync 1 DAGs
[2025-09-16T14:10:00.967+0000] {logging_mixin.py:188} INFO - [2025-09-16T14:10:00.966+0000] {dag.py:3954} INFO - Setting next_dagrun for example_trigger_controller_dag to 2021-01-01 00:00:00+00:00, run_after=2021-01-01 00:00:00+00:00
[2025-09-16T14:10:01.014+0000] {processor.py:183} INFO - Processing /home/airflow/.local/lib/python3.12/site-packages/airflow/example_dags/example_trigger_controller_dag.py took 0.133 seconds
[2025-09-16T14:10:31.472+0000] {processor.py:161} INFO - Started process (PID=455) to work on /home/airflow/.local/lib/python3.12/site-packages/airflow/example_dags/example_trigger_controller_dag.py
[2025-09-16T14:10:31.474+0000] {processor.py:830} INFO - Processing file /home/airflow/.local/lib/python3.12/site-packages/airflow/example_dags/example_trigger_controller_dag.py for tasks to queue
[2025-09-16T14:10:31.476+0000] {logging_mixin.py:188} INFO - [2025-09-16T14:10:31.476+0000] {dagbag.py:545} INFO - Filling up the DagBag from /home/airflow/.local/lib/python3.12/site-packages/airflow/example_dags/example_trigger_controller_dag.py
[2025-09-16T14:10:31.482+0000] {processor.py:840} INFO - DAG(s) 'example_trigger_controller_dag' retrieved from /home/airflow/.local/lib/python3.12/site-packages/airflow/example_dags/example_trigger_controller_dag.py
[2025-09-16T14:10:31.505+0000] {logging_mixin.py:188} INFO - [2025-09-16T14:10:31.504+0000] {dag.py:3096} INFO - Sync 1 DAGs
[2025-09-16T14:10:31.531+0000] {logging_mixin.py:188} INFO - [2025-09-16T14:10:31.531+0000] {dag.py:3954} INFO - Setting next_dagrun for example_trigger_controller_dag to 2021-01-01 00:00:00+00:00, run_after=2021-01-01 00:00:00+00:00
[2025-09-16T14:10:31.557+0000] {processor.py:183} INFO - Processing /home/airflow/.local/lib/python3.12/site-packages/airflow/example_dags/example_trigger_controller_dag.py took 0.091 seconds
[2025-09-16T14:11:02.257+0000] {processor.py:161} INFO - Started process (PID=515) to work on /home/airflow/.local/lib/python3.12/site-packages/airflow/example_dags/example_trigger_controller_dag.py
[2025-09-16T14:11:02.258+0000] {processor.py:830} INFO - Processing file /home/airflow/.local/lib/python3.12/site-packages/airflow/example_dags/example_trigger_controller_dag.py for tasks to queue
[2025-09-16T14:11:02.261+0000] {logging_mixin.py:188} INFO - [2025-09-16T14:11:02.261+0000] {dagbag.py:545} INFO - Filling up the DagBag from /home/airflow/.local/lib/python3.12/site-packages/airflow/example_dags/example_trigger_controller_dag.py
[2025-09-16T14:11:02.268+0000] {processor.py:840} INFO - DAG(s) 'example_trigger_controller_dag' retrieved from /home/airflow/.local/lib/python3.12/site-packages/airflow/example_dags/example_trigger_controller_dag.py
[2025-09-16T14:11:02.300+0000] {logging_mixin.py:188} INFO - [2025-09-16T14:11:02.300+0000] {dag.py:3096} INFO - Sync 1 DAGs
[2025-09-16T14:11:02.342+0000] {logging_mixin.py:188} INFO - [2025-09-16T14:11:02.342+0000] {dag.py:3954} INFO - Setting next_dagrun for example_trigger_controller_dag to 2021-01-01 00:00:00+00:00, run_after=2021-01-01 00:00:00+00:00
[2025-09-16T14:11:02.379+0000] {processor.py:183} INFO - Processing /home/airflow/.local/lib/python3.12/site-packages/airflow/example_dags/example_trigger_controller_dag.py took 0.131 seconds
[2025-09-16T14:11:32.896+0000] {processor.py:161} INFO - Started process (PID=575) to work on /home/airflow/.local/lib/python3.12/site-packages/airflow/example_dags/example_trigger_controller_dag.py
[2025-09-16T14:11:32.897+0000] {processor.py:830} INFO - Processing file /home/airflow/.local/lib/python3.12/site-packages/airflow/example_dags/example_trigger_controller_dag.py for tasks to queue
[2025-09-16T14:11:32.900+0000] {logging_mixin.py:188} INFO - [2025-09-16T14:11:32.899+0000] {dagbag.py:545} INFO - Filling up the DagBag from /home/airflow/.local/lib/python3.12/site-packages/airflow/example_dags/example_trigger_controller_dag.py
[2025-09-16T14:11:32.906+0000] {processor.py:840} INFO - DAG(s) 'example_trigger_controller_dag' retrieved from /home/airflow/.local/lib/python3.12/site-packages/airflow/example_dags/example_trigger_controller_dag.py
[2025-09-16T14:11:32.932+0000] {logging_mixin.py:188} INFO - [2025-09-16T14:11:32.932+0000] {dag.py:3096} INFO - Sync 1 DAGs
[2025-09-16T14:11:32.961+0000] {logging_mixin.py:188} INFO - [2025-09-16T14:11:32.960+0000] {dag.py:3954} INFO - Setting next_dagrun for example_trigger_controller_dag to 2021-01-01 00:00:00+00:00, run_after=2021-01-01 00:00:00+00:00
[2025-09-16T14:11:32.989+0000] {processor.py:183} INFO - Processing /home/airflow/.local/lib/python3.12/site-packages/airflow/example_dags/example_trigger_controller_dag.py took 0.100 seconds
[2025-09-16T14:12:03.840+0000] {processor.py:161} INFO - Started process (PID=635) to work on /home/airflow/.local/lib/python3.12/site-packages/airflow/example_dags/example_trigger_controller_dag.py
[2025-09-16T14:12:03.842+0000] {processor.py:830} INFO - Processing file /home/airflow/.local/lib/python3.12/site-packages/airflow/example_dags/example_trigger_controller_dag.py for tasks to queue
[2025-09-16T14:12:03.845+0000] {logging_mixin.py:188} INFO - [2025-09-16T14:12:03.845+0000] {dagbag.py:545} INFO - Filling up the DagBag from /home/airflow/.local/lib/python3.12/site-packages/airflow/example_dags/example_trigger_controller_dag.py
[2025-09-16T14:12:03.855+0000] {processor.py:840} INFO - DAG(s) 'example_trigger_controller_dag' retrieved from /home/airflow/.local/lib/python3.12/site-packages/airflow/example_dags/example_trigger_controller_dag.py
[2025-09-16T14:12:03.888+0000] {logging_mixin.py:188} INFO - [2025-09-16T14:12:03.888+0000] {dag.py:3096} INFO - Sync 1 DAGs
[2025-09-16T14:12:03.926+0000] {logging_mixin.py:188} INFO - [2025-09-16T14:12:03.926+0000] {dag.py:3954} INFO - Setting next_dagrun for example_trigger_controller_dag to 2021-01-01 00:00:00+00:00, run_after=2021-01-01 00:00:00+00:00
[2025-09-16T14:12:03.960+0000] {processor.py:183} INFO - Processing /home/airflow/.local/lib/python3.12/site-packages/airflow/example_dags/example_trigger_controller_dag.py took 0.129 seconds
[2025-09-16T14:12:34.329+0000] {processor.py:161} INFO - Started process (PID=695) to work on /home/airflow/.local/lib/python3.12/site-packages/airflow/example_dags/example_trigger_controller_dag.py
[2025-09-16T14:12:34.331+0000] {processor.py:830} INFO - Processing file /home/airflow/.local/lib/python3.12/site-packages/airflow/example_dags/example_trigger_controller_dag.py for tasks to queue
[2025-09-16T14:12:34.334+0000] {logging_mixin.py:188} INFO - [2025-09-16T14:12:34.333+0000] {dagbag.py:545} INFO - Filling up the DagBag from /home/airflow/.local/lib/python3.12/site-packages/airflow/example_dags/example_trigger_controller_dag.py
[2025-09-16T14:12:34.341+0000] {processor.py:840} INFO - DAG(s) 'example_trigger_controller_dag' retrieved from /home/airflow/.local/lib/python3.12/site-packages/airflow/example_dags/example_trigger_controller_dag.py
[2025-09-16T14:12:34.368+0000] {logging_mixin.py:188} INFO - [2025-09-16T14:12:34.368+0000] {dag.py:3096} INFO - Sync 1 DAGs
[2025-09-16T14:12:34.400+0000] {logging_mixin.py:188} INFO - [2025-09-16T14:12:34.400+0000] {dag.py:3954} INFO - Setting next_dagrun for example_trigger_controller_dag to 2021-01-01 00:00:00+00:00, run_after=2021-01-01 00:00:00+00:00
[2025-09-16T14:12:34.428+0000] {processor.py:183} INFO - Processing /home/airflow/.local/lib/python3.12/site-packages/airflow/example_dags/example_trigger_controller_dag.py took 0.106 seconds
[2025-09-16T14:13:04.747+0000] {processor.py:161} INFO - Started process (PID=755) to work on /home/airflow/.local/lib/python3.12/site-packages/airflow/example_dags/example_trigger_controller_dag.py
[2025-09-16T14:13:04.749+0000] {processor.py:830} INFO - Processing file /home/airflow/.local/lib/python3.12/site-packages/airflow/example_dags/example_trigger_controller_dag.py for tasks to queue
[2025-09-16T14:13:04.752+0000] {logging_mixin.py:188} INFO - [2025-09-16T14:13:04.751+0000] {dagbag.py:545} INFO - Filling up the DagBag from /home/airflow/.local/lib/python3.12/site-packages/airflow/example_dags/example_trigger_controller_dag.py
[2025-09-16T14:13:04.762+0000] {processor.py:840} INFO - DAG(s) 'example_trigger_controller_dag' retrieved from /home/airflow/.local/lib/python3.12/site-packages/airflow/example_dags/example_trigger_controller_dag.py
[2025-09-16T14:13:04.794+0000] {logging_mixin.py:188} INFO - [2025-09-16T14:13:04.793+0000] {dag.py:3096} INFO - Sync 1 DAGs
[2025-09-16T14:13:04.835+0000] {logging_mixin.py:188} INFO - [2025-09-16T14:13:04.834+0000] {dag.py:3954} INFO - Setting next_dagrun for example_trigger_controller_dag to 2021-01-01 00:00:00+00:00, run_after=2021-01-01 00:00:00+00:00
[2025-09-16T14:13:04.866+0000] {processor.py:183} INFO - Processing /home/airflow/.local/lib/python3.12/site-packages/airflow/example_dags/example_trigger_controller_dag.py took 0.128 seconds
[2025-09-16T14:13:35.128+0000] {processor.py:161} INFO - Started process (PID=813) to work on /home/airflow/.local/lib/python3.12/site-packages/airflow/example_dags/example_trigger_controller_dag.py
[2025-09-16T14:13:35.131+0000] {processor.py:830} INFO - Processing file /home/airflow/.local/lib/python3.12/site-packages/airflow/example_dags/example_trigger_controller_dag.py for tasks to queue
[2025-09-16T14:13:35.134+0000] {logging_mixin.py:188} INFO - [2025-09-16T14:13:35.134+0000] {dagbag.py:545} INFO - Filling up the DagBag from /home/airflow/.local/lib/python3.12/site-packages/airflow/example_dags/example_trigger_controller_dag.py
[2025-09-16T14:13:35.147+0000] {processor.py:840} INFO - DAG(s) 'example_trigger_controller_dag' retrieved from /home/airflow/.local/lib/python3.12/site-packages/airflow/example_dags/example_trigger_controller_dag.py
[2025-09-16T14:13:35.187+0000] {logging_mixin.py:188} INFO - [2025-09-16T14:13:35.187+0000] {dag.py:3096} INFO - Sync 1 DAGs
[2025-09-16T14:13:35.227+0000] {logging_mixin.py:188} INFO - [2025-09-16T14:13:35.226+0000] {dag.py:3954} INFO - Setting next_dagrun for example_trigger_controller_dag to 2021-01-01 00:00:00+00:00, run_after=2021-01-01 00:00:00+00:00
[2025-09-16T14:13:35.270+0000] {processor.py:183} INFO - Processing /home/airflow/.local/lib/python3.12/site-packages/airflow/example_dags/example_trigger_controller_dag.py took 0.151 seconds
[2025-09-16T14:14:05.491+0000] {processor.py:161} INFO - Started process (PID=879) to work on /home/airflow/.local/lib/python3.12/site-packages/airflow/example_dags/example_trigger_controller_dag.py
[2025-09-16T14:14:05.492+0000] {processor.py:830} INFO - Processing file /home/airflow/.local/lib/python3.12/site-packages/airflow/example_dags/example_trigger_controller_dag.py for tasks to queue
[2025-09-16T14:14:05.496+0000] {logging_mixin.py:188} INFO - [2025-09-16T14:14:05.495+0000] {dagbag.py:545} INFO - Filling up the DagBag from /home/airflow/.local/lib/python3.12/site-packages/airflow/example_dags/example_trigger_controller_dag.py
[2025-09-16T14:14:05.503+0000] {processor.py:840} INFO - DAG(s) 'example_trigger_controller_dag' retrieved from /home/airflow/.local/lib/python3.12/site-packages/airflow/example_dags/example_trigger_controller_dag.py
[2025-09-16T14:14:05.528+0000] {logging_mixin.py:188} INFO - [2025-09-16T14:14:05.528+0000] {dag.py:3096} INFO - Sync 1 DAGs
[2025-09-16T14:14:05.556+0000] {logging_mixin.py:188} INFO - [2025-09-16T14:14:05.556+0000] {dag.py:3954} INFO - Setting next_dagrun for example_trigger_controller_dag to 2021-01-01 00:00:00+00:00, run_after=2021-01-01 00:00:00+00:00
[2025-09-16T14:14:05.581+0000] {processor.py:183} INFO - Processing /home/airflow/.local/lib/python3.12/site-packages/airflow/example_dags/example_trigger_controller_dag.py took 0.098 seconds
[2025-09-16T14:14:36.214+0000] {processor.py:161} INFO - Started process (PID=943) to work on /home/airflow/.local/lib/python3.12/site-packages/airflow/example_dags/example_trigger_controller_dag.py
[2025-09-16T14:14:36.216+0000] {processor.py:830} INFO - Processing file /home/airflow/.local/lib/python3.12/site-packages/airflow/example_dags/example_trigger_controller_dag.py for tasks to queue
[2025-09-16T14:14:36.219+0000] {logging_mixin.py:188} INFO - [2025-09-16T14:14:36.218+0000] {dagbag.py:545} INFO - Filling up the DagBag from /home/airflow/.local/lib/python3.12/site-packages/airflow/example_dags/example_trigger_controller_dag.py
[2025-09-16T14:14:36.227+0000] {processor.py:840} INFO - DAG(s) 'example_trigger_controller_dag' retrieved from /home/airflow/.local/lib/python3.12/site-packages/airflow/example_dags/example_trigger_controller_dag.py
[2025-09-16T14:14:36.259+0000] {logging_mixin.py:188} INFO - [2025-09-16T14:14:36.259+0000] {dag.py:3096} INFO - Sync 1 DAGs
[2025-09-16T14:14:36.300+0000] {logging_mixin.py:188} INFO - [2025-09-16T14:14:36.299+0000] {dag.py:3954} INFO - Setting next_dagrun for example_trigger_controller_dag to 2021-01-01 00:00:00+00:00, run_after=2021-01-01 00:00:00+00:00
[2025-09-16T14:14:36.336+0000] {processor.py:183} INFO - Processing /home/airflow/.local/lib/python3.12/site-packages/airflow/example_dags/example_trigger_controller_dag.py took 0.133 seconds
[2025-09-16T14:16:46.678+0000] {processor.py:161} INFO - Started process (PID=108) to work on /home/airflow/.local/lib/python3.12/site-packages/airflow/example_dags/example_trigger_controller_dag.py
[2025-09-16T14:16:46.679+0000] {processor.py:830} INFO - Processing file /home/airflow/.local/lib/python3.12/site-packages/airflow/example_dags/example_trigger_controller_dag.py for tasks to queue
[2025-09-16T14:16:46.682+0000] {logging_mixin.py:188} INFO - [2025-09-16T14:16:46.682+0000] {dagbag.py:545} INFO - Filling up the DagBag from /home/airflow/.local/lib/python3.12/site-packages/airflow/example_dags/example_trigger_controller_dag.py
[2025-09-16T14:16:46.690+0000] {processor.py:840} INFO - DAG(s) 'example_trigger_controller_dag' retrieved from /home/airflow/.local/lib/python3.12/site-packages/airflow/example_dags/example_trigger_controller_dag.py
[2025-09-16T14:16:46.835+0000] {logging_mixin.py:188} INFO - [2025-09-16T14:16:46.835+0000] {dag.py:3096} INFO - Sync 1 DAGs
[2025-09-16T14:16:46.864+0000] {logging_mixin.py:188} INFO - [2025-09-16T14:16:46.863+0000] {dag.py:3954} INFO - Setting next_dagrun for example_trigger_controller_dag to 2021-01-01 00:00:00+00:00, run_after=2021-01-01 00:00:00+00:00
[2025-09-16T14:16:46.906+0000] {processor.py:183} INFO - Processing /home/airflow/.local/lib/python3.12/site-packages/airflow/example_dags/example_trigger_controller_dag.py took 0.238 seconds
[2025-09-16T14:17:17.070+0000] {processor.py:161} INFO - Started process (PID=169) to work on /home/airflow/.local/lib/python3.12/site-packages/airflow/example_dags/example_trigger_controller_dag.py
[2025-09-16T14:17:17.072+0000] {processor.py:830} INFO - Processing file /home/airflow/.local/lib/python3.12/site-packages/airflow/example_dags/example_trigger_controller_dag.py for tasks to queue
[2025-09-16T14:17:17.075+0000] {logging_mixin.py:188} INFO - [2025-09-16T14:17:17.074+0000] {dagbag.py:545} INFO - Filling up the DagBag from /home/airflow/.local/lib/python3.12/site-packages/airflow/example_dags/example_trigger_controller_dag.py
[2025-09-16T14:17:17.081+0000] {processor.py:840} INFO - DAG(s) 'example_trigger_controller_dag' retrieved from /home/airflow/.local/lib/python3.12/site-packages/airflow/example_dags/example_trigger_controller_dag.py
[2025-09-16T14:17:17.111+0000] {logging_mixin.py:188} INFO - [2025-09-16T14:17:17.111+0000] {dag.py:3096} INFO - Sync 1 DAGs
[2025-09-16T14:17:17.150+0000] {logging_mixin.py:188} INFO - [2025-09-16T14:17:17.150+0000] {dag.py:3954} INFO - Setting next_dagrun for example_trigger_controller_dag to 2021-01-01 00:00:00+00:00, run_after=2021-01-01 00:00:00+00:00
[2025-09-16T14:17:17.183+0000] {processor.py:183} INFO - Processing /home/airflow/.local/lib/python3.12/site-packages/airflow/example_dags/example_trigger_controller_dag.py took 0.120 seconds
[2025-09-16T14:17:48.507+0000] {processor.py:161} INFO - Started process (PID=229) to work on /home/airflow/.local/lib/python3.12/site-packages/airflow/example_dags/example_trigger_controller_dag.py
[2025-09-16T14:17:48.509+0000] {processor.py:830} INFO - Processing file /home/airflow/.local/lib/python3.12/site-packages/airflow/example_dags/example_trigger_controller_dag.py for tasks to queue
[2025-09-16T14:17:48.513+0000] {logging_mixin.py:188} INFO - [2025-09-16T14:17:48.512+0000] {dagbag.py:545} INFO - Filling up the DagBag from /home/airflow/.local/lib/python3.12/site-packages/airflow/example_dags/example_trigger_controller_dag.py
[2025-09-16T14:17:48.526+0000] {processor.py:840} INFO - DAG(s) 'example_trigger_controller_dag' retrieved from /home/airflow/.local/lib/python3.12/site-packages/airflow/example_dags/example_trigger_controller_dag.py
[2025-09-16T14:17:48.562+0000] {logging_mixin.py:188} INFO - [2025-09-16T14:17:48.562+0000] {dag.py:3096} INFO - Sync 1 DAGs
[2025-09-16T14:17:48.603+0000] {logging_mixin.py:188} INFO - [2025-09-16T14:17:48.603+0000] {dag.py:3954} INFO - Setting next_dagrun for example_trigger_controller_dag to 2021-01-01 00:00:00+00:00, run_after=2021-01-01 00:00:00+00:00
[2025-09-16T14:17:48.646+0000] {processor.py:183} INFO - Processing /home/airflow/.local/lib/python3.12/site-packages/airflow/example_dags/example_trigger_controller_dag.py took 0.151 seconds
[2025-09-16T14:18:19.431+0000] {processor.py:161} INFO - Started process (PID=289) to work on /home/airflow/.local/lib/python3.12/site-packages/airflow/example_dags/example_trigger_controller_dag.py
[2025-09-16T14:18:19.433+0000] {processor.py:830} INFO - Processing file /home/airflow/.local/lib/python3.12/site-packages/airflow/example_dags/example_trigger_controller_dag.py for tasks to queue
[2025-09-16T14:18:19.436+0000] {logging_mixin.py:188} INFO - [2025-09-16T14:18:19.436+0000] {dagbag.py:545} INFO - Filling up the DagBag from /home/airflow/.local/lib/python3.12/site-packages/airflow/example_dags/example_trigger_controller_dag.py
[2025-09-16T14:18:19.444+0000] {processor.py:840} INFO - DAG(s) 'example_trigger_controller_dag' retrieved from /home/airflow/.local/lib/python3.12/site-packages/airflow/example_dags/example_trigger_controller_dag.py
[2025-09-16T14:18:19.471+0000] {logging_mixin.py:188} INFO - [2025-09-16T14:18:19.471+0000] {dag.py:3096} INFO - Sync 1 DAGs
[2025-09-16T14:18:19.504+0000] {logging_mixin.py:188} INFO - [2025-09-16T14:18:19.503+0000] {dag.py:3954} INFO - Setting next_dagrun for example_trigger_controller_dag to 2021-01-01 00:00:00+00:00, run_after=2021-01-01 00:00:00+00:00
[2025-09-16T14:18:19.534+0000] {processor.py:183} INFO - Processing /home/airflow/.local/lib/python3.12/site-packages/airflow/example_dags/example_trigger_controller_dag.py took 0.111 seconds
[2025-09-16T14:18:49.759+0000] {processor.py:161} INFO - Started process (PID=349) to work on /home/airflow/.local/lib/python3.12/site-packages/airflow/example_dags/example_trigger_controller_dag.py
[2025-09-16T14:18:49.761+0000] {processor.py:830} INFO - Processing file /home/airflow/.local/lib/python3.12/site-packages/airflow/example_dags/example_trigger_controller_dag.py for tasks to queue
[2025-09-16T14:18:49.767+0000] {logging_mixin.py:188} INFO - [2025-09-16T14:18:49.766+0000] {dagbag.py:545} INFO - Filling up the DagBag from /home/airflow/.local/lib/python3.12/site-packages/airflow/example_dags/example_trigger_controller_dag.py
[2025-09-16T14:18:49.779+0000] {processor.py:840} INFO - DAG(s) 'example_trigger_controller_dag' retrieved from /home/airflow/.local/lib/python3.12/site-packages/airflow/example_dags/example_trigger_controller_dag.py
[2025-09-16T14:18:49.805+0000] {logging_mixin.py:188} INFO - [2025-09-16T14:18:49.805+0000] {dag.py:3096} INFO - Sync 1 DAGs
[2025-09-16T14:18:49.832+0000] {logging_mixin.py:188} INFO - [2025-09-16T14:18:49.832+0000] {dag.py:3954} INFO - Setting next_dagrun for example_trigger_controller_dag to 2021-01-01 00:00:00+00:00, run_after=2021-01-01 00:00:00+00:00
[2025-09-16T14:18:49.872+0000] {processor.py:183} INFO - Processing /home/airflow/.local/lib/python3.12/site-packages/airflow/example_dags/example_trigger_controller_dag.py took 0.120 seconds
[2025-09-16T14:19:20.389+0000] {processor.py:161} INFO - Started process (PID=408) to work on /home/airflow/.local/lib/python3.12/site-packages/airflow/example_dags/example_trigger_controller_dag.py
[2025-09-16T14:19:20.391+0000] {processor.py:830} INFO - Processing file /home/airflow/.local/lib/python3.12/site-packages/airflow/example_dags/example_trigger_controller_dag.py for tasks to queue
[2025-09-16T14:19:20.395+0000] {logging_mixin.py:188} INFO - [2025-09-16T14:19:20.395+0000] {dagbag.py:545} INFO - Filling up the DagBag from /home/airflow/.local/lib/python3.12/site-packages/airflow/example_dags/example_trigger_controller_dag.py
[2025-09-16T14:19:20.404+0000] {processor.py:840} INFO - DAG(s) 'example_trigger_controller_dag' retrieved from /home/airflow/.local/lib/python3.12/site-packages/airflow/example_dags/example_trigger_controller_dag.py
[2025-09-16T14:19:20.453+0000] {logging_mixin.py:188} INFO - [2025-09-16T14:19:20.452+0000] {dag.py:3096} INFO - Sync 1 DAGs
[2025-09-16T14:19:20.538+0000] {logging_mixin.py:188} INFO - [2025-09-16T14:19:20.537+0000] {dag.py:3954} INFO - Setting next_dagrun for example_trigger_controller_dag to 2021-01-01 00:00:00+00:00, run_after=2021-01-01 00:00:00+00:00
[2025-09-16T14:19:20.609+0000] {processor.py:183} INFO - Processing /home/airflow/.local/lib/python3.12/site-packages/airflow/example_dags/example_trigger_controller_dag.py took 0.230 seconds
[2025-09-16T14:19:51.269+0000] {processor.py:161} INFO - Started process (PID=468) to work on /home/airflow/.local/lib/python3.12/site-packages/airflow/example_dags/example_trigger_controller_dag.py
[2025-09-16T14:19:51.271+0000] {processor.py:830} INFO - Processing file /home/airflow/.local/lib/python3.12/site-packages/airflow/example_dags/example_trigger_controller_dag.py for tasks to queue
[2025-09-16T14:19:51.274+0000] {logging_mixin.py:188} INFO - [2025-09-16T14:19:51.274+0000] {dagbag.py:545} INFO - Filling up the DagBag from /home/airflow/.local/lib/python3.12/site-packages/airflow/example_dags/example_trigger_controller_dag.py
[2025-09-16T14:19:51.282+0000] {processor.py:840} INFO - DAG(s) 'example_trigger_controller_dag' retrieved from /home/airflow/.local/lib/python3.12/site-packages/airflow/example_dags/example_trigger_controller_dag.py
[2025-09-16T14:19:51.315+0000] {logging_mixin.py:188} INFO - [2025-09-16T14:19:51.315+0000] {dag.py:3096} INFO - Sync 1 DAGs
[2025-09-16T14:19:51.351+0000] {logging_mixin.py:188} INFO - [2025-09-16T14:19:51.351+0000] {dag.py:3954} INFO - Setting next_dagrun for example_trigger_controller_dag to 2021-01-01 00:00:00+00:00, run_after=2021-01-01 00:00:00+00:00
[2025-09-16T14:19:51.385+0000] {processor.py:183} INFO - Processing /home/airflow/.local/lib/python3.12/site-packages/airflow/example_dags/example_trigger_controller_dag.py took 0.127 seconds
[2025-09-16T14:20:21.697+0000] {processor.py:161} INFO - Started process (PID=528) to work on /home/airflow/.local/lib/python3.12/site-packages/airflow/example_dags/example_trigger_controller_dag.py
[2025-09-16T14:20:21.699+0000] {processor.py:830} INFO - Processing file /home/airflow/.local/lib/python3.12/site-packages/airflow/example_dags/example_trigger_controller_dag.py for tasks to queue
[2025-09-16T14:20:21.703+0000] {logging_mixin.py:188} INFO - [2025-09-16T14:20:21.702+0000] {dagbag.py:545} INFO - Filling up the DagBag from /home/airflow/.local/lib/python3.12/site-packages/airflow/example_dags/example_trigger_controller_dag.py
[2025-09-16T14:20:21.711+0000] {processor.py:840} INFO - DAG(s) 'example_trigger_controller_dag' retrieved from /home/airflow/.local/lib/python3.12/site-packages/airflow/example_dags/example_trigger_controller_dag.py
[2025-09-16T14:20:21.743+0000] {logging_mixin.py:188} INFO - [2025-09-16T14:20:21.743+0000] {dag.py:3096} INFO - Sync 1 DAGs
[2025-09-16T14:20:21.778+0000] {logging_mixin.py:188} INFO - [2025-09-16T14:20:21.777+0000] {dag.py:3954} INFO - Setting next_dagrun for example_trigger_controller_dag to 2021-01-01 00:00:00+00:00, run_after=2021-01-01 00:00:00+00:00
[2025-09-16T14:20:21.838+0000] {processor.py:183} INFO - Processing /home/airflow/.local/lib/python3.12/site-packages/airflow/example_dags/example_trigger_controller_dag.py took 0.150 seconds
[2025-09-16T14:20:53.288+0000] {processor.py:161} INFO - Started process (PID=590) to work on /home/airflow/.local/lib/python3.12/site-packages/airflow/example_dags/example_trigger_controller_dag.py
[2025-09-16T14:20:53.289+0000] {processor.py:830} INFO - Processing file /home/airflow/.local/lib/python3.12/site-packages/airflow/example_dags/example_trigger_controller_dag.py for tasks to queue
[2025-09-16T14:20:53.292+0000] {logging_mixin.py:188} INFO - [2025-09-16T14:20:53.292+0000] {dagbag.py:545} INFO - Filling up the DagBag from /home/airflow/.local/lib/python3.12/site-packages/airflow/example_dags/example_trigger_controller_dag.py
[2025-09-16T14:20:53.301+0000] {processor.py:840} INFO - DAG(s) 'example_trigger_controller_dag' retrieved from /home/airflow/.local/lib/python3.12/site-packages/airflow/example_dags/example_trigger_controller_dag.py
[2025-09-16T14:20:53.335+0000] {logging_mixin.py:188} INFO - [2025-09-16T14:20:53.334+0000] {dag.py:3096} INFO - Sync 1 DAGs
[2025-09-16T14:20:53.377+0000] {logging_mixin.py:188} INFO - [2025-09-16T14:20:53.376+0000] {dag.py:3954} INFO - Setting next_dagrun for example_trigger_controller_dag to 2021-01-01 00:00:00+00:00, run_after=2021-01-01 00:00:00+00:00
[2025-09-16T14:20:53.433+0000] {processor.py:183} INFO - Processing /home/airflow/.local/lib/python3.12/site-packages/airflow/example_dags/example_trigger_controller_dag.py took 0.153 seconds
[2025-09-16T14:54:12.646+0000] {processor.py:161} INFO - Started process (PID=107) to work on /home/airflow/.local/lib/python3.12/site-packages/airflow/example_dags/example_trigger_controller_dag.py
[2025-09-16T14:54:12.648+0000] {processor.py:830} INFO - Processing file /home/airflow/.local/lib/python3.12/site-packages/airflow/example_dags/example_trigger_controller_dag.py for tasks to queue
[2025-09-16T14:54:12.653+0000] {logging_mixin.py:188} INFO - [2025-09-16T14:54:12.652+0000] {dagbag.py:545} INFO - Filling up the DagBag from /home/airflow/.local/lib/python3.12/site-packages/airflow/example_dags/example_trigger_controller_dag.py
[2025-09-16T14:54:12.666+0000] {processor.py:840} INFO - DAG(s) 'example_trigger_controller_dag' retrieved from /home/airflow/.local/lib/python3.12/site-packages/airflow/example_dags/example_trigger_controller_dag.py
[2025-09-16T14:54:12.837+0000] {logging_mixin.py:188} INFO - [2025-09-16T14:54:12.836+0000] {dag.py:3096} INFO - Sync 1 DAGs
[2025-09-16T14:54:12.881+0000] {logging_mixin.py:188} INFO - [2025-09-16T14:54:12.881+0000] {dag.py:3954} INFO - Setting next_dagrun for example_trigger_controller_dag to 2021-01-01 00:00:00+00:00, run_after=2021-01-01 00:00:00+00:00
[2025-09-16T14:54:12.920+0000] {processor.py:183} INFO - Processing /home/airflow/.local/lib/python3.12/site-packages/airflow/example_dags/example_trigger_controller_dag.py took 0.281 seconds
[2025-09-16T14:54:43.802+0000] {processor.py:161} INFO - Started process (PID=167) to work on /home/airflow/.local/lib/python3.12/site-packages/airflow/example_dags/example_trigger_controller_dag.py
[2025-09-16T14:54:43.804+0000] {processor.py:830} INFO - Processing file /home/airflow/.local/lib/python3.12/site-packages/airflow/example_dags/example_trigger_controller_dag.py for tasks to queue
[2025-09-16T14:54:43.808+0000] {logging_mixin.py:188} INFO - [2025-09-16T14:54:43.807+0000] {dagbag.py:545} INFO - Filling up the DagBag from /home/airflow/.local/lib/python3.12/site-packages/airflow/example_dags/example_trigger_controller_dag.py
[2025-09-16T14:54:43.819+0000] {processor.py:840} INFO - DAG(s) 'example_trigger_controller_dag' retrieved from /home/airflow/.local/lib/python3.12/site-packages/airflow/example_dags/example_trigger_controller_dag.py
[2025-09-16T14:54:43.874+0000] {logging_mixin.py:188} INFO - [2025-09-16T14:54:43.874+0000] {dag.py:3096} INFO - Sync 1 DAGs
[2025-09-16T14:54:43.932+0000] {logging_mixin.py:188} INFO - [2025-09-16T14:54:43.931+0000] {dag.py:3954} INFO - Setting next_dagrun for example_trigger_controller_dag to 2021-01-01 00:00:00+00:00, run_after=2021-01-01 00:00:00+00:00
[2025-09-16T14:54:43.975+0000] {processor.py:183} INFO - Processing /home/airflow/.local/lib/python3.12/site-packages/airflow/example_dags/example_trigger_controller_dag.py took 0.184 seconds
[2025-09-16T14:55:14.839+0000] {processor.py:161} INFO - Started process (PID=228) to work on /home/airflow/.local/lib/python3.12/site-packages/airflow/example_dags/example_trigger_controller_dag.py
[2025-09-16T14:55:14.842+0000] {processor.py:830} INFO - Processing file /home/airflow/.local/lib/python3.12/site-packages/airflow/example_dags/example_trigger_controller_dag.py for tasks to queue
[2025-09-16T14:55:14.846+0000] {logging_mixin.py:188} INFO - [2025-09-16T14:55:14.845+0000] {dagbag.py:545} INFO - Filling up the DagBag from /home/airflow/.local/lib/python3.12/site-packages/airflow/example_dags/example_trigger_controller_dag.py
[2025-09-16T14:55:14.854+0000] {processor.py:840} INFO - DAG(s) 'example_trigger_controller_dag' retrieved from /home/airflow/.local/lib/python3.12/site-packages/airflow/example_dags/example_trigger_controller_dag.py
[2025-09-16T14:55:14.885+0000] {logging_mixin.py:188} INFO - [2025-09-16T14:55:14.885+0000] {dag.py:3096} INFO - Sync 1 DAGs
[2025-09-16T14:55:14.916+0000] {logging_mixin.py:188} INFO - [2025-09-16T14:55:14.916+0000] {dag.py:3954} INFO - Setting next_dagrun for example_trigger_controller_dag to 2021-01-01 00:00:00+00:00, run_after=2021-01-01 00:00:00+00:00
[2025-09-16T14:55:14.952+0000] {processor.py:183} INFO - Processing /home/airflow/.local/lib/python3.12/site-packages/airflow/example_dags/example_trigger_controller_dag.py took 0.124 seconds
[2025-09-16T14:55:45.598+0000] {processor.py:161} INFO - Started process (PID=288) to work on /home/airflow/.local/lib/python3.12/site-packages/airflow/example_dags/example_trigger_controller_dag.py
[2025-09-16T14:55:45.600+0000] {processor.py:830} INFO - Processing file /home/airflow/.local/lib/python3.12/site-packages/airflow/example_dags/example_trigger_controller_dag.py for tasks to queue
[2025-09-16T14:55:45.602+0000] {logging_mixin.py:188} INFO - [2025-09-16T14:55:45.602+0000] {dagbag.py:545} INFO - Filling up the DagBag from /home/airflow/.local/lib/python3.12/site-packages/airflow/example_dags/example_trigger_controller_dag.py
[2025-09-16T14:55:45.608+0000] {processor.py:840} INFO - DAG(s) 'example_trigger_controller_dag' retrieved from /home/airflow/.local/lib/python3.12/site-packages/airflow/example_dags/example_trigger_controller_dag.py
[2025-09-16T14:55:45.631+0000] {logging_mixin.py:188} INFO - [2025-09-16T14:55:45.631+0000] {dag.py:3096} INFO - Sync 1 DAGs
[2025-09-16T14:55:45.657+0000] {logging_mixin.py:188} INFO - [2025-09-16T14:55:45.656+0000] {dag.py:3954} INFO - Setting next_dagrun for example_trigger_controller_dag to 2021-01-01 00:00:00+00:00, run_after=2021-01-01 00:00:00+00:00
[2025-09-16T14:55:45.696+0000] {processor.py:183} INFO - Processing /home/airflow/.local/lib/python3.12/site-packages/airflow/example_dags/example_trigger_controller_dag.py took 0.103 seconds
[2025-09-16T14:56:15.794+0000] {processor.py:161} INFO - Started process (PID=348) to work on /home/airflow/.local/lib/python3.12/site-packages/airflow/example_dags/example_trigger_controller_dag.py
[2025-09-16T14:56:15.795+0000] {processor.py:830} INFO - Processing file /home/airflow/.local/lib/python3.12/site-packages/airflow/example_dags/example_trigger_controller_dag.py for tasks to queue
[2025-09-16T14:56:15.797+0000] {logging_mixin.py:188} INFO - [2025-09-16T14:56:15.797+0000] {dagbag.py:545} INFO - Filling up the DagBag from /home/airflow/.local/lib/python3.12/site-packages/airflow/example_dags/example_trigger_controller_dag.py
[2025-09-16T14:56:15.803+0000] {processor.py:840} INFO - DAG(s) 'example_trigger_controller_dag' retrieved from /home/airflow/.local/lib/python3.12/site-packages/airflow/example_dags/example_trigger_controller_dag.py
[2025-09-16T14:56:15.827+0000] {logging_mixin.py:188} INFO - [2025-09-16T14:56:15.826+0000] {dag.py:3096} INFO - Sync 1 DAGs
[2025-09-16T14:56:15.857+0000] {logging_mixin.py:188} INFO - [2025-09-16T14:56:15.857+0000] {dag.py:3954} INFO - Setting next_dagrun for example_trigger_controller_dag to 2021-01-01 00:00:00+00:00, run_after=2021-01-01 00:00:00+00:00
[2025-09-16T14:56:15.908+0000] {processor.py:183} INFO - Processing /home/airflow/.local/lib/python3.12/site-packages/airflow/example_dags/example_trigger_controller_dag.py took 0.121 seconds
[2025-09-16T14:56:46.004+0000] {processor.py:161} INFO - Started process (PID=408) to work on /home/airflow/.local/lib/python3.12/site-packages/airflow/example_dags/example_trigger_controller_dag.py
[2025-09-16T14:56:46.006+0000] {processor.py:830} INFO - Processing file /home/airflow/.local/lib/python3.12/site-packages/airflow/example_dags/example_trigger_controller_dag.py for tasks to queue
[2025-09-16T14:56:46.009+0000] {logging_mixin.py:188} INFO - [2025-09-16T14:56:46.008+0000] {dagbag.py:545} INFO - Filling up the DagBag from /home/airflow/.local/lib/python3.12/site-packages/airflow/example_dags/example_trigger_controller_dag.py
[2025-09-16T14:56:46.017+0000] {processor.py:840} INFO - DAG(s) 'example_trigger_controller_dag' retrieved from /home/airflow/.local/lib/python3.12/site-packages/airflow/example_dags/example_trigger_controller_dag.py
[2025-09-16T14:56:46.056+0000] {logging_mixin.py:188} INFO - [2025-09-16T14:56:46.055+0000] {dag.py:3096} INFO - Sync 1 DAGs
[2025-09-16T14:56:46.096+0000] {logging_mixin.py:188} INFO - [2025-09-16T14:56:46.096+0000] {dag.py:3954} INFO - Setting next_dagrun for example_trigger_controller_dag to 2021-01-01 00:00:00+00:00, run_after=2021-01-01 00:00:00+00:00
[2025-09-16T14:56:46.135+0000] {processor.py:183} INFO - Processing /home/airflow/.local/lib/python3.12/site-packages/airflow/example_dags/example_trigger_controller_dag.py took 0.140 seconds
[2025-09-16T14:57:16.741+0000] {processor.py:161} INFO - Started process (PID=468) to work on /home/airflow/.local/lib/python3.12/site-packages/airflow/example_dags/example_trigger_controller_dag.py
[2025-09-16T14:57:16.743+0000] {processor.py:830} INFO - Processing file /home/airflow/.local/lib/python3.12/site-packages/airflow/example_dags/example_trigger_controller_dag.py for tasks to queue
[2025-09-16T14:57:16.746+0000] {logging_mixin.py:188} INFO - [2025-09-16T14:57:16.746+0000] {dagbag.py:545} INFO - Filling up the DagBag from /home/airflow/.local/lib/python3.12/site-packages/airflow/example_dags/example_trigger_controller_dag.py
[2025-09-16T14:57:16.755+0000] {processor.py:840} INFO - DAG(s) 'example_trigger_controller_dag' retrieved from /home/airflow/.local/lib/python3.12/site-packages/airflow/example_dags/example_trigger_controller_dag.py
[2025-09-16T14:57:16.786+0000] {logging_mixin.py:188} INFO - [2025-09-16T14:57:16.786+0000] {dag.py:3096} INFO - Sync 1 DAGs
[2025-09-16T14:57:16.823+0000] {logging_mixin.py:188} INFO - [2025-09-16T14:57:16.822+0000] {dag.py:3954} INFO - Setting next_dagrun for example_trigger_controller_dag to 2021-01-01 00:00:00+00:00, run_after=2021-01-01 00:00:00+00:00
[2025-09-16T14:57:16.863+0000] {processor.py:183} INFO - Processing /home/airflow/.local/lib/python3.12/site-packages/airflow/example_dags/example_trigger_controller_dag.py took 0.131 seconds
[2025-09-16T14:57:48.015+0000] {processor.py:161} INFO - Started process (PID=528) to work on /home/airflow/.local/lib/python3.12/site-packages/airflow/example_dags/example_trigger_controller_dag.py
[2025-09-16T14:57:48.017+0000] {processor.py:830} INFO - Processing file /home/airflow/.local/lib/python3.12/site-packages/airflow/example_dags/example_trigger_controller_dag.py for tasks to queue
[2025-09-16T14:57:48.021+0000] {logging_mixin.py:188} INFO - [2025-09-16T14:57:48.020+0000] {dagbag.py:545} INFO - Filling up the DagBag from /home/airflow/.local/lib/python3.12/site-packages/airflow/example_dags/example_trigger_controller_dag.py
[2025-09-16T14:57:48.031+0000] {processor.py:840} INFO - DAG(s) 'example_trigger_controller_dag' retrieved from /home/airflow/.local/lib/python3.12/site-packages/airflow/example_dags/example_trigger_controller_dag.py
[2025-09-16T14:57:48.070+0000] {logging_mixin.py:188} INFO - [2025-09-16T14:57:48.070+0000] {dag.py:3096} INFO - Sync 1 DAGs
[2025-09-16T14:57:48.110+0000] {logging_mixin.py:188} INFO - [2025-09-16T14:57:48.110+0000] {dag.py:3954} INFO - Setting next_dagrun for example_trigger_controller_dag to 2021-01-01 00:00:00+00:00, run_after=2021-01-01 00:00:00+00:00
[2025-09-16T14:57:48.142+0000] {processor.py:183} INFO - Processing /home/airflow/.local/lib/python3.12/site-packages/airflow/example_dags/example_trigger_controller_dag.py took 0.137 seconds
[2025-09-16T14:58:18.540+0000] {processor.py:161} INFO - Started process (PID=588) to work on /home/airflow/.local/lib/python3.12/site-packages/airflow/example_dags/example_trigger_controller_dag.py
[2025-09-16T14:58:18.542+0000] {processor.py:830} INFO - Processing file /home/airflow/.local/lib/python3.12/site-packages/airflow/example_dags/example_trigger_controller_dag.py for tasks to queue
[2025-09-16T14:58:18.545+0000] {logging_mixin.py:188} INFO - [2025-09-16T14:58:18.544+0000] {dagbag.py:545} INFO - Filling up the DagBag from /home/airflow/.local/lib/python3.12/site-packages/airflow/example_dags/example_trigger_controller_dag.py
[2025-09-16T14:58:18.550+0000] {processor.py:840} INFO - DAG(s) 'example_trigger_controller_dag' retrieved from /home/airflow/.local/lib/python3.12/site-packages/airflow/example_dags/example_trigger_controller_dag.py
[2025-09-16T14:58:18.571+0000] {logging_mixin.py:188} INFO - [2025-09-16T14:58:18.571+0000] {dag.py:3096} INFO - Sync 1 DAGs
[2025-09-16T14:58:18.594+0000] {logging_mixin.py:188} INFO - [2025-09-16T14:58:18.593+0000] {dag.py:3954} INFO - Setting next_dagrun for example_trigger_controller_dag to 2021-01-01 00:00:00+00:00, run_after=2021-01-01 00:00:00+00:00
[2025-09-16T14:58:18.619+0000] {processor.py:183} INFO - Processing /home/airflow/.local/lib/python3.12/site-packages/airflow/example_dags/example_trigger_controller_dag.py took 0.084 seconds
[2025-09-16T14:58:49.447+0000] {processor.py:161} INFO - Started process (PID=647) to work on /home/airflow/.local/lib/python3.12/site-packages/airflow/example_dags/example_trigger_controller_dag.py
[2025-09-16T14:58:49.448+0000] {processor.py:830} INFO - Processing file /home/airflow/.local/lib/python3.12/site-packages/airflow/example_dags/example_trigger_controller_dag.py for tasks to queue
[2025-09-16T14:58:49.451+0000] {logging_mixin.py:188} INFO - [2025-09-16T14:58:49.451+0000] {dagbag.py:545} INFO - Filling up the DagBag from /home/airflow/.local/lib/python3.12/site-packages/airflow/example_dags/example_trigger_controller_dag.py
[2025-09-16T14:58:49.457+0000] {processor.py:840} INFO - DAG(s) 'example_trigger_controller_dag' retrieved from /home/airflow/.local/lib/python3.12/site-packages/airflow/example_dags/example_trigger_controller_dag.py
[2025-09-16T14:58:49.483+0000] {logging_mixin.py:188} INFO - [2025-09-16T14:58:49.483+0000] {dag.py:3096} INFO - Sync 1 DAGs
[2025-09-16T14:58:49.513+0000] {logging_mixin.py:188} INFO - [2025-09-16T14:58:49.513+0000] {dag.py:3954} INFO - Setting next_dagrun for example_trigger_controller_dag to 2021-01-01 00:00:00+00:00, run_after=2021-01-01 00:00:00+00:00
[2025-09-16T14:58:49.544+0000] {processor.py:183} INFO - Processing /home/airflow/.local/lib/python3.12/site-packages/airflow/example_dags/example_trigger_controller_dag.py took 0.104 seconds
[2025-09-16T14:59:19.910+0000] {processor.py:161} INFO - Started process (PID=707) to work on /home/airflow/.local/lib/python3.12/site-packages/airflow/example_dags/example_trigger_controller_dag.py
[2025-09-16T14:59:19.912+0000] {processor.py:830} INFO - Processing file /home/airflow/.local/lib/python3.12/site-packages/airflow/example_dags/example_trigger_controller_dag.py for tasks to queue
[2025-09-16T14:59:19.916+0000] {logging_mixin.py:188} INFO - [2025-09-16T14:59:19.915+0000] {dagbag.py:545} INFO - Filling up the DagBag from /home/airflow/.local/lib/python3.12/site-packages/airflow/example_dags/example_trigger_controller_dag.py
[2025-09-16T14:59:19.923+0000] {processor.py:840} INFO - DAG(s) 'example_trigger_controller_dag' retrieved from /home/airflow/.local/lib/python3.12/site-packages/airflow/example_dags/example_trigger_controller_dag.py
[2025-09-16T14:59:19.955+0000] {logging_mixin.py:188} INFO - [2025-09-16T14:59:19.955+0000] {dag.py:3096} INFO - Sync 1 DAGs
[2025-09-16T14:59:19.994+0000] {logging_mixin.py:188} INFO - [2025-09-16T14:59:19.993+0000] {dag.py:3954} INFO - Setting next_dagrun for example_trigger_controller_dag to 2021-01-01 00:00:00+00:00, run_after=2021-01-01 00:00:00+00:00
[2025-09-16T14:59:20.024+0000] {processor.py:183} INFO - Processing /home/airflow/.local/lib/python3.12/site-packages/airflow/example_dags/example_trigger_controller_dag.py took 0.123 seconds
[2025-09-16T14:59:50.133+0000] {processor.py:161} INFO - Started process (PID=767) to work on /home/airflow/.local/lib/python3.12/site-packages/airflow/example_dags/example_trigger_controller_dag.py
[2025-09-16T14:59:50.135+0000] {processor.py:830} INFO - Processing file /home/airflow/.local/lib/python3.12/site-packages/airflow/example_dags/example_trigger_controller_dag.py for tasks to queue
[2025-09-16T14:59:50.137+0000] {logging_mixin.py:188} INFO - [2025-09-16T14:59:50.137+0000] {dagbag.py:545} INFO - Filling up the DagBag from /home/airflow/.local/lib/python3.12/site-packages/airflow/example_dags/example_trigger_controller_dag.py
[2025-09-16T14:59:50.143+0000] {processor.py:840} INFO - DAG(s) 'example_trigger_controller_dag' retrieved from /home/airflow/.local/lib/python3.12/site-packages/airflow/example_dags/example_trigger_controller_dag.py
[2025-09-16T14:59:50.171+0000] {logging_mixin.py:188} INFO - [2025-09-16T14:59:50.171+0000] {dag.py:3096} INFO - Sync 1 DAGs
[2025-09-16T14:59:50.200+0000] {logging_mixin.py:188} INFO - [2025-09-16T14:59:50.200+0000] {dag.py:3954} INFO - Setting next_dagrun for example_trigger_controller_dag to 2021-01-01 00:00:00+00:00, run_after=2021-01-01 00:00:00+00:00
[2025-09-16T14:59:50.225+0000] {processor.py:183} INFO - Processing /home/airflow/.local/lib/python3.12/site-packages/airflow/example_dags/example_trigger_controller_dag.py took 0.101 seconds
[2025-09-16T15:00:20.424+0000] {processor.py:161} INFO - Started process (PID=827) to work on /home/airflow/.local/lib/python3.12/site-packages/airflow/example_dags/example_trigger_controller_dag.py
[2025-09-16T15:00:20.426+0000] {processor.py:830} INFO - Processing file /home/airflow/.local/lib/python3.12/site-packages/airflow/example_dags/example_trigger_controller_dag.py for tasks to queue
[2025-09-16T15:00:20.429+0000] {logging_mixin.py:188} INFO - [2025-09-16T15:00:20.428+0000] {dagbag.py:545} INFO - Filling up the DagBag from /home/airflow/.local/lib/python3.12/site-packages/airflow/example_dags/example_trigger_controller_dag.py
[2025-09-16T15:00:20.436+0000] {processor.py:840} INFO - DAG(s) 'example_trigger_controller_dag' retrieved from /home/airflow/.local/lib/python3.12/site-packages/airflow/example_dags/example_trigger_controller_dag.py
[2025-09-16T15:00:20.465+0000] {logging_mixin.py:188} INFO - [2025-09-16T15:00:20.465+0000] {dag.py:3096} INFO - Sync 1 DAGs
[2025-09-16T15:00:20.497+0000] {logging_mixin.py:188} INFO - [2025-09-16T15:00:20.497+0000] {dag.py:3954} INFO - Setting next_dagrun for example_trigger_controller_dag to 2021-01-01 00:00:00+00:00, run_after=2021-01-01 00:00:00+00:00
[2025-09-16T15:00:20.526+0000] {processor.py:183} INFO - Processing /home/airflow/.local/lib/python3.12/site-packages/airflow/example_dags/example_trigger_controller_dag.py took 0.111 seconds
[2025-09-16T15:01:55.409+0000] {processor.py:161} INFO - Started process (PID=108) to work on /home/airflow/.local/lib/python3.12/site-packages/airflow/example_dags/example_trigger_controller_dag.py
[2025-09-16T15:01:55.410+0000] {processor.py:830} INFO - Processing file /home/airflow/.local/lib/python3.12/site-packages/airflow/example_dags/example_trigger_controller_dag.py for tasks to queue
[2025-09-16T15:01:55.413+0000] {logging_mixin.py:188} INFO - [2025-09-16T15:01:55.413+0000] {dagbag.py:545} INFO - Filling up the DagBag from /home/airflow/.local/lib/python3.12/site-packages/airflow/example_dags/example_trigger_controller_dag.py
[2025-09-16T15:01:55.420+0000] {processor.py:840} INFO - DAG(s) 'example_trigger_controller_dag' retrieved from /home/airflow/.local/lib/python3.12/site-packages/airflow/example_dags/example_trigger_controller_dag.py
[2025-09-16T15:01:55.576+0000] {logging_mixin.py:188} INFO - [2025-09-16T15:01:55.576+0000] {dag.py:3096} INFO - Sync 1 DAGs
[2025-09-16T15:01:55.605+0000] {logging_mixin.py:188} INFO - [2025-09-16T15:01:55.605+0000] {dag.py:3954} INFO - Setting next_dagrun for example_trigger_controller_dag to 2021-01-01 00:00:00+00:00, run_after=2021-01-01 00:00:00+00:00
[2025-09-16T15:01:55.636+0000] {processor.py:183} INFO - Processing /home/airflow/.local/lib/python3.12/site-packages/airflow/example_dags/example_trigger_controller_dag.py took 0.236 seconds
[2025-09-16T15:02:26.056+0000] {processor.py:161} INFO - Started process (PID=168) to work on /home/airflow/.local/lib/python3.12/site-packages/airflow/example_dags/example_trigger_controller_dag.py
[2025-09-16T15:02:26.057+0000] {processor.py:830} INFO - Processing file /home/airflow/.local/lib/python3.12/site-packages/airflow/example_dags/example_trigger_controller_dag.py for tasks to queue
[2025-09-16T15:02:26.060+0000] {logging_mixin.py:188} INFO - [2025-09-16T15:02:26.059+0000] {dagbag.py:545} INFO - Filling up the DagBag from /home/airflow/.local/lib/python3.12/site-packages/airflow/example_dags/example_trigger_controller_dag.py
[2025-09-16T15:02:26.066+0000] {processor.py:840} INFO - DAG(s) 'example_trigger_controller_dag' retrieved from /home/airflow/.local/lib/python3.12/site-packages/airflow/example_dags/example_trigger_controller_dag.py
[2025-09-16T15:02:26.085+0000] {logging_mixin.py:188} INFO - [2025-09-16T15:02:26.085+0000] {dag.py:3096} INFO - Sync 1 DAGs
[2025-09-16T15:02:26.126+0000] {logging_mixin.py:188} INFO - [2025-09-16T15:02:26.125+0000] {dag.py:3954} INFO - Setting next_dagrun for example_trigger_controller_dag to 2021-01-01 00:00:00+00:00, run_after=2021-01-01 00:00:00+00:00
[2025-09-16T15:02:26.157+0000] {processor.py:183} INFO - Processing /home/airflow/.local/lib/python3.12/site-packages/airflow/example_dags/example_trigger_controller_dag.py took 0.108 seconds
[2025-09-16T15:02:57.106+0000] {processor.py:161} INFO - Started process (PID=228) to work on /home/airflow/.local/lib/python3.12/site-packages/airflow/example_dags/example_trigger_controller_dag.py
[2025-09-16T15:02:57.108+0000] {processor.py:830} INFO - Processing file /home/airflow/.local/lib/python3.12/site-packages/airflow/example_dags/example_trigger_controller_dag.py for tasks to queue
[2025-09-16T15:02:57.110+0000] {logging_mixin.py:188} INFO - [2025-09-16T15:02:57.110+0000] {dagbag.py:545} INFO - Filling up the DagBag from /home/airflow/.local/lib/python3.12/site-packages/airflow/example_dags/example_trigger_controller_dag.py
[2025-09-16T15:02:57.116+0000] {processor.py:840} INFO - DAG(s) 'example_trigger_controller_dag' retrieved from /home/airflow/.local/lib/python3.12/site-packages/airflow/example_dags/example_trigger_controller_dag.py
[2025-09-16T15:02:57.286+0000] {logging_mixin.py:188} INFO - [2025-09-16T15:02:57.286+0000] {dag.py:3096} INFO - Sync 1 DAGs
[2025-09-16T15:02:57.324+0000] {logging_mixin.py:188} INFO - [2025-09-16T15:02:57.323+0000] {dag.py:3954} INFO - Setting next_dagrun for example_trigger_controller_dag to 2021-01-01 00:00:00+00:00, run_after=2021-01-01 00:00:00+00:00
[2025-09-16T15:02:57.357+0000] {processor.py:183} INFO - Processing /home/airflow/.local/lib/python3.12/site-packages/airflow/example_dags/example_trigger_controller_dag.py took 0.258 seconds
[2025-09-16T15:03:28.243+0000] {processor.py:161} INFO - Started process (PID=288) to work on /home/airflow/.local/lib/python3.12/site-packages/airflow/example_dags/example_trigger_controller_dag.py
[2025-09-16T15:03:28.244+0000] {processor.py:830} INFO - Processing file /home/airflow/.local/lib/python3.12/site-packages/airflow/example_dags/example_trigger_controller_dag.py for tasks to queue
[2025-09-16T15:03:28.247+0000] {logging_mixin.py:188} INFO - [2025-09-16T15:03:28.247+0000] {dagbag.py:545} INFO - Filling up the DagBag from /home/airflow/.local/lib/python3.12/site-packages/airflow/example_dags/example_trigger_controller_dag.py
[2025-09-16T15:03:28.254+0000] {processor.py:840} INFO - DAG(s) 'example_trigger_controller_dag' retrieved from /home/airflow/.local/lib/python3.12/site-packages/airflow/example_dags/example_trigger_controller_dag.py
[2025-09-16T15:03:28.281+0000] {logging_mixin.py:188} INFO - [2025-09-16T15:03:28.281+0000] {dag.py:3096} INFO - Sync 1 DAGs
[2025-09-16T15:03:28.313+0000] {logging_mixin.py:188} INFO - [2025-09-16T15:03:28.313+0000] {dag.py:3954} INFO - Setting next_dagrun for example_trigger_controller_dag to 2021-01-01 00:00:00+00:00, run_after=2021-01-01 00:00:00+00:00
[2025-09-16T15:03:28.345+0000] {processor.py:183} INFO - Processing /home/airflow/.local/lib/python3.12/site-packages/airflow/example_dags/example_trigger_controller_dag.py took 0.111 seconds
[2025-09-16T15:03:58.466+0000] {processor.py:161} INFO - Started process (PID=348) to work on /home/airflow/.local/lib/python3.12/site-packages/airflow/example_dags/example_trigger_controller_dag.py
[2025-09-16T15:03:58.468+0000] {processor.py:830} INFO - Processing file /home/airflow/.local/lib/python3.12/site-packages/airflow/example_dags/example_trigger_controller_dag.py for tasks to queue
[2025-09-16T15:03:58.470+0000] {logging_mixin.py:188} INFO - [2025-09-16T15:03:58.470+0000] {dagbag.py:545} INFO - Filling up the DagBag from /home/airflow/.local/lib/python3.12/site-packages/airflow/example_dags/example_trigger_controller_dag.py
[2025-09-16T15:03:58.476+0000] {processor.py:840} INFO - DAG(s) 'example_trigger_controller_dag' retrieved from /home/airflow/.local/lib/python3.12/site-packages/airflow/example_dags/example_trigger_controller_dag.py
[2025-09-16T15:03:58.499+0000] {logging_mixin.py:188} INFO - [2025-09-16T15:03:58.499+0000] {dag.py:3096} INFO - Sync 1 DAGs
[2025-09-16T15:03:58.524+0000] {logging_mixin.py:188} INFO - [2025-09-16T15:03:58.524+0000] {dag.py:3954} INFO - Setting next_dagrun for example_trigger_controller_dag to 2021-01-01 00:00:00+00:00, run_after=2021-01-01 00:00:00+00:00
[2025-09-16T15:03:58.553+0000] {processor.py:183} INFO - Processing /home/airflow/.local/lib/python3.12/site-packages/airflow/example_dags/example_trigger_controller_dag.py took 0.094 seconds
[2025-09-16T15:04:29.406+0000] {processor.py:161} INFO - Started process (PID=408) to work on /home/airflow/.local/lib/python3.12/site-packages/airflow/example_dags/example_trigger_controller_dag.py
[2025-09-16T15:04:29.408+0000] {processor.py:830} INFO - Processing file /home/airflow/.local/lib/python3.12/site-packages/airflow/example_dags/example_trigger_controller_dag.py for tasks to queue
[2025-09-16T15:04:29.411+0000] {logging_mixin.py:188} INFO - [2025-09-16T15:04:29.410+0000] {dagbag.py:545} INFO - Filling up the DagBag from /home/airflow/.local/lib/python3.12/site-packages/airflow/example_dags/example_trigger_controller_dag.py
[2025-09-16T15:04:29.418+0000] {processor.py:840} INFO - DAG(s) 'example_trigger_controller_dag' retrieved from /home/airflow/.local/lib/python3.12/site-packages/airflow/example_dags/example_trigger_controller_dag.py
[2025-09-16T15:04:29.446+0000] {logging_mixin.py:188} INFO - [2025-09-16T15:04:29.446+0000] {dag.py:3096} INFO - Sync 1 DAGs
[2025-09-16T15:04:29.477+0000] {logging_mixin.py:188} INFO - [2025-09-16T15:04:29.477+0000] {dag.py:3954} INFO - Setting next_dagrun for example_trigger_controller_dag to 2021-01-01 00:00:00+00:00, run_after=2021-01-01 00:00:00+00:00
[2025-09-16T15:04:29.510+0000] {processor.py:183} INFO - Processing /home/airflow/.local/lib/python3.12/site-packages/airflow/example_dags/example_trigger_controller_dag.py took 0.112 seconds
[2025-09-16T15:05:00.329+0000] {processor.py:161} INFO - Started process (PID=468) to work on /home/airflow/.local/lib/python3.12/site-packages/airflow/example_dags/example_trigger_controller_dag.py
[2025-09-16T15:05:00.330+0000] {processor.py:830} INFO - Processing file /home/airflow/.local/lib/python3.12/site-packages/airflow/example_dags/example_trigger_controller_dag.py for tasks to queue
[2025-09-16T15:05:00.333+0000] {logging_mixin.py:188} INFO - [2025-09-16T15:05:00.333+0000] {dagbag.py:545} INFO - Filling up the DagBag from /home/airflow/.local/lib/python3.12/site-packages/airflow/example_dags/example_trigger_controller_dag.py
[2025-09-16T15:05:00.339+0000] {processor.py:840} INFO - DAG(s) 'example_trigger_controller_dag' retrieved from /home/airflow/.local/lib/python3.12/site-packages/airflow/example_dags/example_trigger_controller_dag.py
[2025-09-16T15:05:00.364+0000] {logging_mixin.py:188} INFO - [2025-09-16T15:05:00.364+0000] {dag.py:3096} INFO - Sync 1 DAGs
[2025-09-16T15:05:00.394+0000] {logging_mixin.py:188} INFO - [2025-09-16T15:05:00.393+0000] {dag.py:3954} INFO - Setting next_dagrun for example_trigger_controller_dag to 2021-01-01 00:00:00+00:00, run_after=2021-01-01 00:00:00+00:00
[2025-09-16T15:05:00.438+0000] {processor.py:183} INFO - Processing /home/airflow/.local/lib/python3.12/site-packages/airflow/example_dags/example_trigger_controller_dag.py took 0.117 seconds
[2025-09-16T15:05:30.951+0000] {processor.py:161} INFO - Started process (PID=527) to work on /home/airflow/.local/lib/python3.12/site-packages/airflow/example_dags/example_trigger_controller_dag.py
[2025-09-16T15:05:30.953+0000] {processor.py:830} INFO - Processing file /home/airflow/.local/lib/python3.12/site-packages/airflow/example_dags/example_trigger_controller_dag.py for tasks to queue
[2025-09-16T15:05:30.959+0000] {logging_mixin.py:188} INFO - [2025-09-16T15:05:30.957+0000] {dagbag.py:545} INFO - Filling up the DagBag from /home/airflow/.local/lib/python3.12/site-packages/airflow/example_dags/example_trigger_controller_dag.py
[2025-09-16T15:05:30.969+0000] {processor.py:840} INFO - DAG(s) 'example_trigger_controller_dag' retrieved from /home/airflow/.local/lib/python3.12/site-packages/airflow/example_dags/example_trigger_controller_dag.py
[2025-09-16T15:05:31.003+0000] {logging_mixin.py:188} INFO - [2025-09-16T15:05:31.002+0000] {dag.py:3096} INFO - Sync 1 DAGs
[2025-09-16T15:05:31.043+0000] {logging_mixin.py:188} INFO - [2025-09-16T15:05:31.043+0000] {dag.py:3954} INFO - Setting next_dagrun for example_trigger_controller_dag to 2021-01-01 00:00:00+00:00, run_after=2021-01-01 00:00:00+00:00
[2025-09-16T15:05:31.077+0000] {processor.py:183} INFO - Processing /home/airflow/.local/lib/python3.12/site-packages/airflow/example_dags/example_trigger_controller_dag.py took 0.136 seconds
[2025-09-16T15:06:01.535+0000] {processor.py:161} INFO - Started process (PID=587) to work on /home/airflow/.local/lib/python3.12/site-packages/airflow/example_dags/example_trigger_controller_dag.py
[2025-09-16T15:06:01.537+0000] {processor.py:830} INFO - Processing file /home/airflow/.local/lib/python3.12/site-packages/airflow/example_dags/example_trigger_controller_dag.py for tasks to queue
[2025-09-16T15:06:01.541+0000] {logging_mixin.py:188} INFO - [2025-09-16T15:06:01.540+0000] {dagbag.py:545} INFO - Filling up the DagBag from /home/airflow/.local/lib/python3.12/site-packages/airflow/example_dags/example_trigger_controller_dag.py
[2025-09-16T15:06:01.547+0000] {processor.py:840} INFO - DAG(s) 'example_trigger_controller_dag' retrieved from /home/airflow/.local/lib/python3.12/site-packages/airflow/example_dags/example_trigger_controller_dag.py
[2025-09-16T15:06:01.574+0000] {logging_mixin.py:188} INFO - [2025-09-16T15:06:01.574+0000] {dag.py:3096} INFO - Sync 1 DAGs
[2025-09-16T15:06:01.602+0000] {logging_mixin.py:188} INFO - [2025-09-16T15:06:01.602+0000] {dag.py:3954} INFO - Setting next_dagrun for example_trigger_controller_dag to 2021-01-01 00:00:00+00:00, run_after=2021-01-01 00:00:00+00:00
[2025-09-16T15:06:01.630+0000] {processor.py:183} INFO - Processing /home/airflow/.local/lib/python3.12/site-packages/airflow/example_dags/example_trigger_controller_dag.py took 0.102 seconds
[2025-09-16T15:06:32.170+0000] {processor.py:161} INFO - Started process (PID=647) to work on /home/airflow/.local/lib/python3.12/site-packages/airflow/example_dags/example_trigger_controller_dag.py
[2025-09-16T15:06:32.172+0000] {processor.py:830} INFO - Processing file /home/airflow/.local/lib/python3.12/site-packages/airflow/example_dags/example_trigger_controller_dag.py for tasks to queue
[2025-09-16T15:06:32.175+0000] {logging_mixin.py:188} INFO - [2025-09-16T15:06:32.174+0000] {dagbag.py:545} INFO - Filling up the DagBag from /home/airflow/.local/lib/python3.12/site-packages/airflow/example_dags/example_trigger_controller_dag.py
[2025-09-16T15:06:32.182+0000] {processor.py:840} INFO - DAG(s) 'example_trigger_controller_dag' retrieved from /home/airflow/.local/lib/python3.12/site-packages/airflow/example_dags/example_trigger_controller_dag.py
[2025-09-16T15:06:32.204+0000] {logging_mixin.py:188} INFO - [2025-09-16T15:06:32.204+0000] {dag.py:3096} INFO - Sync 1 DAGs
[2025-09-16T15:06:32.232+0000] {logging_mixin.py:188} INFO - [2025-09-16T15:06:32.232+0000] {dag.py:3954} INFO - Setting next_dagrun for example_trigger_controller_dag to 2021-01-01 00:00:00+00:00, run_after=2021-01-01 00:00:00+00:00
[2025-09-16T15:06:32.259+0000] {processor.py:183} INFO - Processing /home/airflow/.local/lib/python3.12/site-packages/airflow/example_dags/example_trigger_controller_dag.py took 0.096 seconds
[2025-09-16T15:07:02.611+0000] {processor.py:161} INFO - Started process (PID=707) to work on /home/airflow/.local/lib/python3.12/site-packages/airflow/example_dags/example_trigger_controller_dag.py
[2025-09-16T15:07:02.612+0000] {processor.py:830} INFO - Processing file /home/airflow/.local/lib/python3.12/site-packages/airflow/example_dags/example_trigger_controller_dag.py for tasks to queue
[2025-09-16T15:07:02.617+0000] {logging_mixin.py:188} INFO - [2025-09-16T15:07:02.616+0000] {dagbag.py:545} INFO - Filling up the DagBag from /home/airflow/.local/lib/python3.12/site-packages/airflow/example_dags/example_trigger_controller_dag.py
[2025-09-16T15:07:02.624+0000] {processor.py:840} INFO - DAG(s) 'example_trigger_controller_dag' retrieved from /home/airflow/.local/lib/python3.12/site-packages/airflow/example_dags/example_trigger_controller_dag.py
[2025-09-16T15:07:02.656+0000] {logging_mixin.py:188} INFO - [2025-09-16T15:07:02.655+0000] {dag.py:3096} INFO - Sync 1 DAGs
[2025-09-16T15:07:02.686+0000] {logging_mixin.py:188} INFO - [2025-09-16T15:07:02.686+0000] {dag.py:3954} INFO - Setting next_dagrun for example_trigger_controller_dag to 2021-01-01 00:00:00+00:00, run_after=2021-01-01 00:00:00+00:00
[2025-09-16T15:07:02.713+0000] {processor.py:183} INFO - Processing /home/airflow/.local/lib/python3.12/site-packages/airflow/example_dags/example_trigger_controller_dag.py took 0.112 seconds
[2025-09-16T15:07:33.086+0000] {processor.py:161} INFO - Started process (PID=767) to work on /home/airflow/.local/lib/python3.12/site-packages/airflow/example_dags/example_trigger_controller_dag.py
[2025-09-16T15:07:33.088+0000] {processor.py:830} INFO - Processing file /home/airflow/.local/lib/python3.12/site-packages/airflow/example_dags/example_trigger_controller_dag.py for tasks to queue
[2025-09-16T15:07:33.091+0000] {logging_mixin.py:188} INFO - [2025-09-16T15:07:33.090+0000] {dagbag.py:545} INFO - Filling up the DagBag from /home/airflow/.local/lib/python3.12/site-packages/airflow/example_dags/example_trigger_controller_dag.py
[2025-09-16T15:07:33.096+0000] {processor.py:840} INFO - DAG(s) 'example_trigger_controller_dag' retrieved from /home/airflow/.local/lib/python3.12/site-packages/airflow/example_dags/example_trigger_controller_dag.py
[2025-09-16T15:07:33.118+0000] {logging_mixin.py:188} INFO - [2025-09-16T15:07:33.118+0000] {dag.py:3096} INFO - Sync 1 DAGs
[2025-09-16T15:07:33.141+0000] {logging_mixin.py:188} INFO - [2025-09-16T15:07:33.141+0000] {dag.py:3954} INFO - Setting next_dagrun for example_trigger_controller_dag to 2021-01-01 00:00:00+00:00, run_after=2021-01-01 00:00:00+00:00
[2025-09-16T15:07:33.163+0000] {processor.py:183} INFO - Processing /home/airflow/.local/lib/python3.12/site-packages/airflow/example_dags/example_trigger_controller_dag.py took 0.084 seconds
[2025-09-16T15:08:03.698+0000] {processor.py:161} INFO - Started process (PID=827) to work on /home/airflow/.local/lib/python3.12/site-packages/airflow/example_dags/example_trigger_controller_dag.py
[2025-09-16T15:08:03.700+0000] {processor.py:830} INFO - Processing file /home/airflow/.local/lib/python3.12/site-packages/airflow/example_dags/example_trigger_controller_dag.py for tasks to queue
[2025-09-16T15:08:03.703+0000] {logging_mixin.py:188} INFO - [2025-09-16T15:08:03.703+0000] {dagbag.py:545} INFO - Filling up the DagBag from /home/airflow/.local/lib/python3.12/site-packages/airflow/example_dags/example_trigger_controller_dag.py
[2025-09-16T15:08:03.712+0000] {processor.py:840} INFO - DAG(s) 'example_trigger_controller_dag' retrieved from /home/airflow/.local/lib/python3.12/site-packages/airflow/example_dags/example_trigger_controller_dag.py
[2025-09-16T15:08:03.741+0000] {logging_mixin.py:188} INFO - [2025-09-16T15:08:03.741+0000] {dag.py:3096} INFO - Sync 1 DAGs
[2025-09-16T15:08:03.779+0000] {logging_mixin.py:188} INFO - [2025-09-16T15:08:03.778+0000] {dag.py:3954} INFO - Setting next_dagrun for example_trigger_controller_dag to 2021-01-01 00:00:00+00:00, run_after=2021-01-01 00:00:00+00:00
[2025-09-16T15:08:03.815+0000] {processor.py:183} INFO - Processing /home/airflow/.local/lib/python3.12/site-packages/airflow/example_dags/example_trigger_controller_dag.py took 0.124 seconds
[2025-09-16T15:08:33.945+0000] {processor.py:161} INFO - Started process (PID=887) to work on /home/airflow/.local/lib/python3.12/site-packages/airflow/example_dags/example_trigger_controller_dag.py
[2025-09-16T15:08:33.947+0000] {processor.py:830} INFO - Processing file /home/airflow/.local/lib/python3.12/site-packages/airflow/example_dags/example_trigger_controller_dag.py for tasks to queue
[2025-09-16T15:08:33.950+0000] {logging_mixin.py:188} INFO - [2025-09-16T15:08:33.949+0000] {dagbag.py:545} INFO - Filling up the DagBag from /home/airflow/.local/lib/python3.12/site-packages/airflow/example_dags/example_trigger_controller_dag.py
[2025-09-16T15:08:33.960+0000] {processor.py:840} INFO - DAG(s) 'example_trigger_controller_dag' retrieved from /home/airflow/.local/lib/python3.12/site-packages/airflow/example_dags/example_trigger_controller_dag.py
[2025-09-16T15:08:33.997+0000] {logging_mixin.py:188} INFO - [2025-09-16T15:08:33.997+0000] {dag.py:3096} INFO - Sync 1 DAGs
[2025-09-16T15:08:34.048+0000] {logging_mixin.py:188} INFO - [2025-09-16T15:08:34.047+0000] {dag.py:3954} INFO - Setting next_dagrun for example_trigger_controller_dag to 2021-01-01 00:00:00+00:00, run_after=2021-01-01 00:00:00+00:00
[2025-09-16T15:08:34.098+0000] {processor.py:183} INFO - Processing /home/airflow/.local/lib/python3.12/site-packages/airflow/example_dags/example_trigger_controller_dag.py took 0.161 seconds
[2025-09-16T15:09:04.540+0000] {processor.py:161} INFO - Started process (PID=947) to work on /home/airflow/.local/lib/python3.12/site-packages/airflow/example_dags/example_trigger_controller_dag.py
[2025-09-16T15:09:04.541+0000] {processor.py:830} INFO - Processing file /home/airflow/.local/lib/python3.12/site-packages/airflow/example_dags/example_trigger_controller_dag.py for tasks to queue
[2025-09-16T15:09:04.544+0000] {logging_mixin.py:188} INFO - [2025-09-16T15:09:04.544+0000] {dagbag.py:545} INFO - Filling up the DagBag from /home/airflow/.local/lib/python3.12/site-packages/airflow/example_dags/example_trigger_controller_dag.py
[2025-09-16T15:09:04.551+0000] {processor.py:840} INFO - DAG(s) 'example_trigger_controller_dag' retrieved from /home/airflow/.local/lib/python3.12/site-packages/airflow/example_dags/example_trigger_controller_dag.py
[2025-09-16T15:09:04.576+0000] {logging_mixin.py:188} INFO - [2025-09-16T15:09:04.576+0000] {dag.py:3096} INFO - Sync 1 DAGs
[2025-09-16T15:09:04.605+0000] {logging_mixin.py:188} INFO - [2025-09-16T15:09:04.605+0000] {dag.py:3954} INFO - Setting next_dagrun for example_trigger_controller_dag to 2021-01-01 00:00:00+00:00, run_after=2021-01-01 00:00:00+00:00
[2025-09-16T15:09:04.632+0000] {processor.py:183} INFO - Processing /home/airflow/.local/lib/python3.12/site-packages/airflow/example_dags/example_trigger_controller_dag.py took 0.100 seconds
[2025-09-16T15:09:35.291+0000] {processor.py:161} INFO - Started process (PID=1007) to work on /home/airflow/.local/lib/python3.12/site-packages/airflow/example_dags/example_trigger_controller_dag.py
[2025-09-16T15:09:35.293+0000] {processor.py:830} INFO - Processing file /home/airflow/.local/lib/python3.12/site-packages/airflow/example_dags/example_trigger_controller_dag.py for tasks to queue
[2025-09-16T15:09:35.297+0000] {logging_mixin.py:188} INFO - [2025-09-16T15:09:35.296+0000] {dagbag.py:545} INFO - Filling up the DagBag from /home/airflow/.local/lib/python3.12/site-packages/airflow/example_dags/example_trigger_controller_dag.py
[2025-09-16T15:09:35.305+0000] {processor.py:840} INFO - DAG(s) 'example_trigger_controller_dag' retrieved from /home/airflow/.local/lib/python3.12/site-packages/airflow/example_dags/example_trigger_controller_dag.py
[2025-09-16T15:09:35.338+0000] {logging_mixin.py:188} INFO - [2025-09-16T15:09:35.337+0000] {dag.py:3096} INFO - Sync 1 DAGs
[2025-09-16T15:09:35.372+0000] {logging_mixin.py:188} INFO - [2025-09-16T15:09:35.372+0000] {dag.py:3954} INFO - Setting next_dagrun for example_trigger_controller_dag to 2021-01-01 00:00:00+00:00, run_after=2021-01-01 00:00:00+00:00
[2025-09-16T15:09:35.403+0000] {processor.py:183} INFO - Processing /home/airflow/.local/lib/python3.12/site-packages/airflow/example_dags/example_trigger_controller_dag.py took 0.123 seconds
[2025-09-16T15:10:06.343+0000] {processor.py:161} INFO - Started process (PID=1067) to work on /home/airflow/.local/lib/python3.12/site-packages/airflow/example_dags/example_trigger_controller_dag.py
[2025-09-16T15:10:06.345+0000] {processor.py:830} INFO - Processing file /home/airflow/.local/lib/python3.12/site-packages/airflow/example_dags/example_trigger_controller_dag.py for tasks to queue
[2025-09-16T15:10:06.349+0000] {logging_mixin.py:188} INFO - [2025-09-16T15:10:06.348+0000] {dagbag.py:545} INFO - Filling up the DagBag from /home/airflow/.local/lib/python3.12/site-packages/airflow/example_dags/example_trigger_controller_dag.py
[2025-09-16T15:10:06.356+0000] {processor.py:840} INFO - DAG(s) 'example_trigger_controller_dag' retrieved from /home/airflow/.local/lib/python3.12/site-packages/airflow/example_dags/example_trigger_controller_dag.py
[2025-09-16T15:10:06.395+0000] {logging_mixin.py:188} INFO - [2025-09-16T15:10:06.395+0000] {dag.py:3096} INFO - Sync 1 DAGs
[2025-09-16T15:10:06.443+0000] {logging_mixin.py:188} INFO - [2025-09-16T15:10:06.442+0000] {dag.py:3954} INFO - Setting next_dagrun for example_trigger_controller_dag to 2021-01-01 00:00:00+00:00, run_after=2021-01-01 00:00:00+00:00
[2025-09-16T15:10:06.480+0000] {processor.py:183} INFO - Processing /home/airflow/.local/lib/python3.12/site-packages/airflow/example_dags/example_trigger_controller_dag.py took 0.145 seconds
[2025-09-16T15:10:36.661+0000] {processor.py:161} INFO - Started process (PID=1125) to work on /home/airflow/.local/lib/python3.12/site-packages/airflow/example_dags/example_trigger_controller_dag.py
[2025-09-16T15:10:36.663+0000] {processor.py:830} INFO - Processing file /home/airflow/.local/lib/python3.12/site-packages/airflow/example_dags/example_trigger_controller_dag.py for tasks to queue
[2025-09-16T15:10:36.665+0000] {logging_mixin.py:188} INFO - [2025-09-16T15:10:36.664+0000] {dagbag.py:545} INFO - Filling up the DagBag from /home/airflow/.local/lib/python3.12/site-packages/airflow/example_dags/example_trigger_controller_dag.py
[2025-09-16T15:10:36.671+0000] {processor.py:840} INFO - DAG(s) 'example_trigger_controller_dag' retrieved from /home/airflow/.local/lib/python3.12/site-packages/airflow/example_dags/example_trigger_controller_dag.py
[2025-09-16T15:10:36.700+0000] {logging_mixin.py:188} INFO - [2025-09-16T15:10:36.700+0000] {dag.py:3096} INFO - Sync 1 DAGs
[2025-09-16T15:10:36.734+0000] {logging_mixin.py:188} INFO - [2025-09-16T15:10:36.734+0000] {dag.py:3954} INFO - Setting next_dagrun for example_trigger_controller_dag to 2021-01-01 00:00:00+00:00, run_after=2021-01-01 00:00:00+00:00
[2025-09-16T15:10:36.766+0000] {processor.py:183} INFO - Processing /home/airflow/.local/lib/python3.12/site-packages/airflow/example_dags/example_trigger_controller_dag.py took 0.110 seconds
[2025-09-16T15:11:07.098+0000] {processor.py:161} INFO - Started process (PID=1185) to work on /home/airflow/.local/lib/python3.12/site-packages/airflow/example_dags/example_trigger_controller_dag.py
[2025-09-16T15:11:07.100+0000] {processor.py:830} INFO - Processing file /home/airflow/.local/lib/python3.12/site-packages/airflow/example_dags/example_trigger_controller_dag.py for tasks to queue
[2025-09-16T15:11:07.103+0000] {logging_mixin.py:188} INFO - [2025-09-16T15:11:07.103+0000] {dagbag.py:545} INFO - Filling up the DagBag from /home/airflow/.local/lib/python3.12/site-packages/airflow/example_dags/example_trigger_controller_dag.py
[2025-09-16T15:11:07.111+0000] {processor.py:840} INFO - DAG(s) 'example_trigger_controller_dag' retrieved from /home/airflow/.local/lib/python3.12/site-packages/airflow/example_dags/example_trigger_controller_dag.py
[2025-09-16T15:11:07.141+0000] {logging_mixin.py:188} INFO - [2025-09-16T15:11:07.140+0000] {dag.py:3096} INFO - Sync 1 DAGs
[2025-09-16T15:11:07.170+0000] {logging_mixin.py:188} INFO - [2025-09-16T15:11:07.170+0000] {dag.py:3954} INFO - Setting next_dagrun for example_trigger_controller_dag to 2021-01-01 00:00:00+00:00, run_after=2021-01-01 00:00:00+00:00
[2025-09-16T15:11:07.195+0000] {processor.py:183} INFO - Processing /home/airflow/.local/lib/python3.12/site-packages/airflow/example_dags/example_trigger_controller_dag.py took 0.105 seconds
[2025-09-16T15:11:37.730+0000] {processor.py:161} INFO - Started process (PID=1245) to work on /home/airflow/.local/lib/python3.12/site-packages/airflow/example_dags/example_trigger_controller_dag.py
[2025-09-16T15:11:37.732+0000] {processor.py:830} INFO - Processing file /home/airflow/.local/lib/python3.12/site-packages/airflow/example_dags/example_trigger_controller_dag.py for tasks to queue
[2025-09-16T15:11:37.735+0000] {logging_mixin.py:188} INFO - [2025-09-16T15:11:37.735+0000] {dagbag.py:545} INFO - Filling up the DagBag from /home/airflow/.local/lib/python3.12/site-packages/airflow/example_dags/example_trigger_controller_dag.py
[2025-09-16T15:11:37.743+0000] {processor.py:840} INFO - DAG(s) 'example_trigger_controller_dag' retrieved from /home/airflow/.local/lib/python3.12/site-packages/airflow/example_dags/example_trigger_controller_dag.py
[2025-09-16T15:11:37.776+0000] {logging_mixin.py:188} INFO - [2025-09-16T15:11:37.775+0000] {dag.py:3096} INFO - Sync 1 DAGs
[2025-09-16T15:11:37.811+0000] {logging_mixin.py:188} INFO - [2025-09-16T15:11:37.811+0000] {dag.py:3954} INFO - Setting next_dagrun for example_trigger_controller_dag to 2021-01-01 00:00:00+00:00, run_after=2021-01-01 00:00:00+00:00
[2025-09-16T15:11:37.843+0000] {processor.py:183} INFO - Processing /home/airflow/.local/lib/python3.12/site-packages/airflow/example_dags/example_trigger_controller_dag.py took 0.122 seconds
[2025-09-16T15:12:08.133+0000] {processor.py:161} INFO - Started process (PID=1305) to work on /home/airflow/.local/lib/python3.12/site-packages/airflow/example_dags/example_trigger_controller_dag.py
[2025-09-16T15:12:08.135+0000] {processor.py:830} INFO - Processing file /home/airflow/.local/lib/python3.12/site-packages/airflow/example_dags/example_trigger_controller_dag.py for tasks to queue
[2025-09-16T15:12:08.139+0000] {logging_mixin.py:188} INFO - [2025-09-16T15:12:08.138+0000] {dagbag.py:545} INFO - Filling up the DagBag from /home/airflow/.local/lib/python3.12/site-packages/airflow/example_dags/example_trigger_controller_dag.py
[2025-09-16T15:12:08.146+0000] {processor.py:840} INFO - DAG(s) 'example_trigger_controller_dag' retrieved from /home/airflow/.local/lib/python3.12/site-packages/airflow/example_dags/example_trigger_controller_dag.py
[2025-09-16T15:12:08.174+0000] {logging_mixin.py:188} INFO - [2025-09-16T15:12:08.174+0000] {dag.py:3096} INFO - Sync 1 DAGs
[2025-09-16T15:12:08.206+0000] {logging_mixin.py:188} INFO - [2025-09-16T15:12:08.206+0000] {dag.py:3954} INFO - Setting next_dagrun for example_trigger_controller_dag to 2021-01-01 00:00:00+00:00, run_after=2021-01-01 00:00:00+00:00
[2025-09-16T15:12:08.234+0000] {processor.py:183} INFO - Processing /home/airflow/.local/lib/python3.12/site-packages/airflow/example_dags/example_trigger_controller_dag.py took 0.109 seconds
[2025-09-16T15:12:38.445+0000] {processor.py:161} INFO - Started process (PID=1365) to work on /home/airflow/.local/lib/python3.12/site-packages/airflow/example_dags/example_trigger_controller_dag.py
[2025-09-16T15:12:38.446+0000] {processor.py:830} INFO - Processing file /home/airflow/.local/lib/python3.12/site-packages/airflow/example_dags/example_trigger_controller_dag.py for tasks to queue
[2025-09-16T15:12:38.449+0000] {logging_mixin.py:188} INFO - [2025-09-16T15:12:38.448+0000] {dagbag.py:545} INFO - Filling up the DagBag from /home/airflow/.local/lib/python3.12/site-packages/airflow/example_dags/example_trigger_controller_dag.py
[2025-09-16T15:12:38.457+0000] {processor.py:840} INFO - DAG(s) 'example_trigger_controller_dag' retrieved from /home/airflow/.local/lib/python3.12/site-packages/airflow/example_dags/example_trigger_controller_dag.py
[2025-09-16T15:12:38.490+0000] {logging_mixin.py:188} INFO - [2025-09-16T15:12:38.489+0000] {dag.py:3096} INFO - Sync 1 DAGs
[2025-09-16T15:12:38.535+0000] {logging_mixin.py:188} INFO - [2025-09-16T15:12:38.535+0000] {dag.py:3954} INFO - Setting next_dagrun for example_trigger_controller_dag to 2021-01-01 00:00:00+00:00, run_after=2021-01-01 00:00:00+00:00
[2025-09-16T15:12:38.584+0000] {processor.py:183} INFO - Processing /home/airflow/.local/lib/python3.12/site-packages/airflow/example_dags/example_trigger_controller_dag.py took 0.147 seconds
[2025-09-16T15:13:08.991+0000] {processor.py:161} INFO - Started process (PID=1425) to work on /home/airflow/.local/lib/python3.12/site-packages/airflow/example_dags/example_trigger_controller_dag.py
[2025-09-16T15:13:08.993+0000] {processor.py:830} INFO - Processing file /home/airflow/.local/lib/python3.12/site-packages/airflow/example_dags/example_trigger_controller_dag.py for tasks to queue
[2025-09-16T15:13:08.996+0000] {logging_mixin.py:188} INFO - [2025-09-16T15:13:08.995+0000] {dagbag.py:545} INFO - Filling up the DagBag from /home/airflow/.local/lib/python3.12/site-packages/airflow/example_dags/example_trigger_controller_dag.py
[2025-09-16T15:13:09.002+0000] {processor.py:840} INFO - DAG(s) 'example_trigger_controller_dag' retrieved from /home/airflow/.local/lib/python3.12/site-packages/airflow/example_dags/example_trigger_controller_dag.py
[2025-09-16T15:13:09.026+0000] {logging_mixin.py:188} INFO - [2025-09-16T15:13:09.026+0000] {dag.py:3096} INFO - Sync 1 DAGs
[2025-09-16T15:13:09.052+0000] {logging_mixin.py:188} INFO - [2025-09-16T15:13:09.052+0000] {dag.py:3954} INFO - Setting next_dagrun for example_trigger_controller_dag to 2021-01-01 00:00:00+00:00, run_after=2021-01-01 00:00:00+00:00
[2025-09-16T15:13:09.084+0000] {processor.py:183} INFO - Processing /home/airflow/.local/lib/python3.12/site-packages/airflow/example_dags/example_trigger_controller_dag.py took 0.100 seconds
[2025-09-16T15:13:39.386+0000] {processor.py:161} INFO - Started process (PID=1485) to work on /home/airflow/.local/lib/python3.12/site-packages/airflow/example_dags/example_trigger_controller_dag.py
[2025-09-16T15:13:39.387+0000] {processor.py:830} INFO - Processing file /home/airflow/.local/lib/python3.12/site-packages/airflow/example_dags/example_trigger_controller_dag.py for tasks to queue
[2025-09-16T15:13:39.390+0000] {logging_mixin.py:188} INFO - [2025-09-16T15:13:39.390+0000] {dagbag.py:545} INFO - Filling up the DagBag from /home/airflow/.local/lib/python3.12/site-packages/airflow/example_dags/example_trigger_controller_dag.py
[2025-09-16T15:13:39.396+0000] {processor.py:840} INFO - DAG(s) 'example_trigger_controller_dag' retrieved from /home/airflow/.local/lib/python3.12/site-packages/airflow/example_dags/example_trigger_controller_dag.py
[2025-09-16T15:13:39.419+0000] {logging_mixin.py:188} INFO - [2025-09-16T15:13:39.419+0000] {dag.py:3096} INFO - Sync 1 DAGs
[2025-09-16T15:13:39.446+0000] {logging_mixin.py:188} INFO - [2025-09-16T15:13:39.445+0000] {dag.py:3954} INFO - Setting next_dagrun for example_trigger_controller_dag to 2021-01-01 00:00:00+00:00, run_after=2021-01-01 00:00:00+00:00
[2025-09-16T15:13:39.471+0000] {processor.py:183} INFO - Processing /home/airflow/.local/lib/python3.12/site-packages/airflow/example_dags/example_trigger_controller_dag.py took 0.091 seconds
