[2025-09-16T14:07:59.459+0000] {processor.py:161} INFO - Started process (PID=161) to work on /home/airflow/.local/lib/python3.12/site-packages/airflow/example_dags/example_branch_python_dop_operator_3.py
[2025-09-16T14:07:59.462+0000] {processor.py:830} INFO - Processing file /home/airflow/.local/lib/python3.12/site-packages/airflow/example_dags/example_branch_python_dop_operator_3.py for tasks to queue
[2025-09-16T14:07:59.466+0000] {logging_mixin.py:188} INFO - [2025-09-16T14:07:59.465+0000] {dagbag.py:545} INFO - Filling up the DagBag from /home/airflow/.local/lib/python3.12/site-packages/airflow/example_dags/example_branch_python_dop_operator_3.py
[2025-09-16T14:07:59.488+0000] {processor.py:840} INFO - DAG(s) 'example_branch_dop_operator_v3' retrieved from /home/airflow/.local/lib/python3.12/site-packages/airflow/example_dags/example_branch_python_dop_operator_3.py
[2025-09-16T14:07:59.517+0000] {logging_mixin.py:188} INFO - [2025-09-16T14:07:59.516+0000] {dag.py:3096} INFO - Sync 1 DAGs
[2025-09-16T14:07:59.569+0000] {logging_mixin.py:188} INFO - [2025-09-16T14:07:59.568+0000] {dag.py:3954} INFO - Setting next_dagrun for example_branch_dop_operator_v3 to 2025-09-16 14:06:00+00:00, run_after=2025-09-16 14:07:00+00:00
[2025-09-16T14:07:59.634+0000] {processor.py:183} INFO - Processing /home/airflow/.local/lib/python3.12/site-packages/airflow/example_dags/example_branch_python_dop_operator_3.py took 0.187 seconds
[2025-09-16T14:08:30.393+0000] {processor.py:161} INFO - Started process (PID=221) to work on /home/airflow/.local/lib/python3.12/site-packages/airflow/example_dags/example_branch_python_dop_operator_3.py
[2025-09-16T14:08:30.397+0000] {processor.py:830} INFO - Processing file /home/airflow/.local/lib/python3.12/site-packages/airflow/example_dags/example_branch_python_dop_operator_3.py for tasks to queue
[2025-09-16T14:08:30.401+0000] {logging_mixin.py:188} INFO - [2025-09-16T14:08:30.400+0000] {dagbag.py:545} INFO - Filling up the DagBag from /home/airflow/.local/lib/python3.12/site-packages/airflow/example_dags/example_branch_python_dop_operator_3.py
[2025-09-16T14:08:30.414+0000] {processor.py:840} INFO - DAG(s) 'example_branch_dop_operator_v3' retrieved from /home/airflow/.local/lib/python3.12/site-packages/airflow/example_dags/example_branch_python_dop_operator_3.py
[2025-09-16T14:08:30.571+0000] {logging_mixin.py:188} INFO - [2025-09-16T14:08:30.571+0000] {dag.py:3096} INFO - Sync 1 DAGs
[2025-09-16T14:08:30.607+0000] {logging_mixin.py:188} INFO - [2025-09-16T14:08:30.606+0000] {dag.py:3954} INFO - Setting next_dagrun for example_branch_dop_operator_v3 to 2025-09-16 14:07:00+00:00, run_after=2025-09-16 14:08:00+00:00
[2025-09-16T14:08:30.639+0000] {processor.py:183} INFO - Processing /home/airflow/.local/lib/python3.12/site-packages/airflow/example_dags/example_branch_python_dop_operator_3.py took 0.256 seconds
[2025-09-16T14:09:01.664+0000] {processor.py:161} INFO - Started process (PID=281) to work on /home/airflow/.local/lib/python3.12/site-packages/airflow/example_dags/example_branch_python_dop_operator_3.py
[2025-09-16T14:09:01.666+0000] {processor.py:830} INFO - Processing file /home/airflow/.local/lib/python3.12/site-packages/airflow/example_dags/example_branch_python_dop_operator_3.py for tasks to queue
[2025-09-16T14:09:01.669+0000] {logging_mixin.py:188} INFO - [2025-09-16T14:09:01.668+0000] {dagbag.py:545} INFO - Filling up the DagBag from /home/airflow/.local/lib/python3.12/site-packages/airflow/example_dags/example_branch_python_dop_operator_3.py
[2025-09-16T14:09:01.681+0000] {processor.py:840} INFO - DAG(s) 'example_branch_dop_operator_v3' retrieved from /home/airflow/.local/lib/python3.12/site-packages/airflow/example_dags/example_branch_python_dop_operator_3.py
[2025-09-16T14:09:01.715+0000] {logging_mixin.py:188} INFO - [2025-09-16T14:09:01.714+0000] {dag.py:3096} INFO - Sync 1 DAGs
[2025-09-16T14:09:01.776+0000] {logging_mixin.py:188} INFO - [2025-09-16T14:09:01.776+0000] {dag.py:3954} INFO - Setting next_dagrun for example_branch_dop_operator_v3 to 2025-09-16 14:08:00+00:00, run_after=2025-09-16 14:09:00+00:00
[2025-09-16T14:09:01.811+0000] {processor.py:183} INFO - Processing /home/airflow/.local/lib/python3.12/site-packages/airflow/example_dags/example_branch_python_dop_operator_3.py took 0.156 seconds
[2025-09-16T14:09:32.605+0000] {processor.py:161} INFO - Started process (PID=341) to work on /home/airflow/.local/lib/python3.12/site-packages/airflow/example_dags/example_branch_python_dop_operator_3.py
[2025-09-16T14:09:32.606+0000] {processor.py:830} INFO - Processing file /home/airflow/.local/lib/python3.12/site-packages/airflow/example_dags/example_branch_python_dop_operator_3.py for tasks to queue
[2025-09-16T14:09:32.609+0000] {logging_mixin.py:188} INFO - [2025-09-16T14:09:32.608+0000] {dagbag.py:545} INFO - Filling up the DagBag from /home/airflow/.local/lib/python3.12/site-packages/airflow/example_dags/example_branch_python_dop_operator_3.py
[2025-09-16T14:09:32.619+0000] {processor.py:840} INFO - DAG(s) 'example_branch_dop_operator_v3' retrieved from /home/airflow/.local/lib/python3.12/site-packages/airflow/example_dags/example_branch_python_dop_operator_3.py
[2025-09-16T14:09:32.646+0000] {logging_mixin.py:188} INFO - [2025-09-16T14:09:32.645+0000] {dag.py:3096} INFO - Sync 1 DAGs
[2025-09-16T14:09:32.681+0000] {logging_mixin.py:188} INFO - [2025-09-16T14:09:32.681+0000] {dag.py:3954} INFO - Setting next_dagrun for example_branch_dop_operator_v3 to 2025-09-16 14:08:00+00:00, run_after=2025-09-16 14:09:00+00:00
[2025-09-16T14:09:32.762+0000] {processor.py:183} INFO - Processing /home/airflow/.local/lib/python3.12/site-packages/airflow/example_dags/example_branch_python_dop_operator_3.py took 0.163 seconds
[2025-09-16T14:10:03.534+0000] {processor.py:161} INFO - Started process (PID=401) to work on /home/airflow/.local/lib/python3.12/site-packages/airflow/example_dags/example_branch_python_dop_operator_3.py
[2025-09-16T14:10:03.536+0000] {processor.py:830} INFO - Processing file /home/airflow/.local/lib/python3.12/site-packages/airflow/example_dags/example_branch_python_dop_operator_3.py for tasks to queue
[2025-09-16T14:10:03.540+0000] {logging_mixin.py:188} INFO - [2025-09-16T14:10:03.540+0000] {dagbag.py:545} INFO - Filling up the DagBag from /home/airflow/.local/lib/python3.12/site-packages/airflow/example_dags/example_branch_python_dop_operator_3.py
[2025-09-16T14:10:03.561+0000] {processor.py:840} INFO - DAG(s) 'example_branch_dop_operator_v3' retrieved from /home/airflow/.local/lib/python3.12/site-packages/airflow/example_dags/example_branch_python_dop_operator_3.py
[2025-09-16T14:10:03.605+0000] {logging_mixin.py:188} INFO - [2025-09-16T14:10:03.604+0000] {dag.py:3096} INFO - Sync 1 DAGs
[2025-09-16T14:10:03.646+0000] {logging_mixin.py:188} INFO - [2025-09-16T14:10:03.646+0000] {dag.py:3954} INFO - Setting next_dagrun for example_branch_dop_operator_v3 to 2025-09-16 14:09:00+00:00, run_after=2025-09-16 14:10:00+00:00
[2025-09-16T14:10:03.720+0000] {processor.py:183} INFO - Processing /home/airflow/.local/lib/python3.12/site-packages/airflow/example_dags/example_branch_python_dop_operator_3.py took 0.197 seconds
[2025-09-16T14:10:33.999+0000] {processor.py:161} INFO - Started process (PID=461) to work on /home/airflow/.local/lib/python3.12/site-packages/airflow/example_dags/example_branch_python_dop_operator_3.py
[2025-09-16T14:10:34.000+0000] {processor.py:830} INFO - Processing file /home/airflow/.local/lib/python3.12/site-packages/airflow/example_dags/example_branch_python_dop_operator_3.py for tasks to queue
[2025-09-16T14:10:34.003+0000] {logging_mixin.py:188} INFO - [2025-09-16T14:10:34.002+0000] {dagbag.py:545} INFO - Filling up the DagBag from /home/airflow/.local/lib/python3.12/site-packages/airflow/example_dags/example_branch_python_dop_operator_3.py
[2025-09-16T14:10:34.016+0000] {processor.py:840} INFO - DAG(s) 'example_branch_dop_operator_v3' retrieved from /home/airflow/.local/lib/python3.12/site-packages/airflow/example_dags/example_branch_python_dop_operator_3.py
[2025-09-16T14:10:34.049+0000] {logging_mixin.py:188} INFO - [2025-09-16T14:10:34.048+0000] {dag.py:3096} INFO - Sync 1 DAGs
[2025-09-16T14:10:34.090+0000] {logging_mixin.py:188} INFO - [2025-09-16T14:10:34.089+0000] {dag.py:3954} INFO - Setting next_dagrun for example_branch_dop_operator_v3 to 2025-09-16 14:09:00+00:00, run_after=2025-09-16 14:10:00+00:00
[2025-09-16T14:10:34.129+0000] {processor.py:183} INFO - Processing /home/airflow/.local/lib/python3.12/site-packages/airflow/example_dags/example_branch_python_dop_operator_3.py took 0.138 seconds
[2025-09-16T14:11:04.952+0000] {processor.py:161} INFO - Started process (PID=521) to work on /home/airflow/.local/lib/python3.12/site-packages/airflow/example_dags/example_branch_python_dop_operator_3.py
[2025-09-16T14:11:04.954+0000] {processor.py:830} INFO - Processing file /home/airflow/.local/lib/python3.12/site-packages/airflow/example_dags/example_branch_python_dop_operator_3.py for tasks to queue
[2025-09-16T14:11:04.958+0000] {logging_mixin.py:188} INFO - [2025-09-16T14:11:04.958+0000] {dagbag.py:545} INFO - Filling up the DagBag from /home/airflow/.local/lib/python3.12/site-packages/airflow/example_dags/example_branch_python_dop_operator_3.py
[2025-09-16T14:11:04.970+0000] {processor.py:840} INFO - DAG(s) 'example_branch_dop_operator_v3' retrieved from /home/airflow/.local/lib/python3.12/site-packages/airflow/example_dags/example_branch_python_dop_operator_3.py
[2025-09-16T14:11:05.003+0000] {logging_mixin.py:188} INFO - [2025-09-16T14:11:05.003+0000] {dag.py:3096} INFO - Sync 1 DAGs
[2025-09-16T14:11:05.044+0000] {logging_mixin.py:188} INFO - [2025-09-16T14:11:05.044+0000] {dag.py:3954} INFO - Setting next_dagrun for example_branch_dop_operator_v3 to 2025-09-16 14:10:00+00:00, run_after=2025-09-16 14:11:00+00:00
[2025-09-16T14:11:05.080+0000] {processor.py:183} INFO - Processing /home/airflow/.local/lib/python3.12/site-packages/airflow/example_dags/example_branch_python_dop_operator_3.py took 0.135 seconds
[2025-09-16T14:11:35.398+0000] {processor.py:161} INFO - Started process (PID=581) to work on /home/airflow/.local/lib/python3.12/site-packages/airflow/example_dags/example_branch_python_dop_operator_3.py
[2025-09-16T14:11:35.400+0000] {processor.py:830} INFO - Processing file /home/airflow/.local/lib/python3.12/site-packages/airflow/example_dags/example_branch_python_dop_operator_3.py for tasks to queue
[2025-09-16T14:11:35.405+0000] {logging_mixin.py:188} INFO - [2025-09-16T14:11:35.404+0000] {dagbag.py:545} INFO - Filling up the DagBag from /home/airflow/.local/lib/python3.12/site-packages/airflow/example_dags/example_branch_python_dop_operator_3.py
[2025-09-16T14:11:35.416+0000] {processor.py:840} INFO - DAG(s) 'example_branch_dop_operator_v3' retrieved from /home/airflow/.local/lib/python3.12/site-packages/airflow/example_dags/example_branch_python_dop_operator_3.py
[2025-09-16T14:11:35.447+0000] {logging_mixin.py:188} INFO - [2025-09-16T14:11:35.446+0000] {dag.py:3096} INFO - Sync 1 DAGs
[2025-09-16T14:11:35.482+0000] {logging_mixin.py:188} INFO - [2025-09-16T14:11:35.482+0000] {dag.py:3954} INFO - Setting next_dagrun for example_branch_dop_operator_v3 to 2025-09-16 14:10:00+00:00, run_after=2025-09-16 14:11:00+00:00
[2025-09-16T14:11:35.533+0000] {processor.py:183} INFO - Processing /home/airflow/.local/lib/python3.12/site-packages/airflow/example_dags/example_branch_python_dop_operator_3.py took 0.142 seconds
[2025-09-16T14:12:06.266+0000] {processor.py:161} INFO - Started process (PID=641) to work on /home/airflow/.local/lib/python3.12/site-packages/airflow/example_dags/example_branch_python_dop_operator_3.py
[2025-09-16T14:12:06.268+0000] {processor.py:830} INFO - Processing file /home/airflow/.local/lib/python3.12/site-packages/airflow/example_dags/example_branch_python_dop_operator_3.py for tasks to queue
[2025-09-16T14:12:06.271+0000] {logging_mixin.py:188} INFO - [2025-09-16T14:12:06.270+0000] {dagbag.py:545} INFO - Filling up the DagBag from /home/airflow/.local/lib/python3.12/site-packages/airflow/example_dags/example_branch_python_dop_operator_3.py
[2025-09-16T14:12:06.281+0000] {processor.py:840} INFO - DAG(s) 'example_branch_dop_operator_v3' retrieved from /home/airflow/.local/lib/python3.12/site-packages/airflow/example_dags/example_branch_python_dop_operator_3.py
[2025-09-16T14:12:06.309+0000] {logging_mixin.py:188} INFO - [2025-09-16T14:12:06.309+0000] {dag.py:3096} INFO - Sync 1 DAGs
[2025-09-16T14:12:06.347+0000] {logging_mixin.py:188} INFO - [2025-09-16T14:12:06.347+0000] {dag.py:3954} INFO - Setting next_dagrun for example_branch_dop_operator_v3 to 2025-09-16 14:11:00+00:00, run_after=2025-09-16 14:12:00+00:00
[2025-09-16T14:12:06.386+0000] {processor.py:183} INFO - Processing /home/airflow/.local/lib/python3.12/site-packages/airflow/example_dags/example_branch_python_dop_operator_3.py took 0.126 seconds
[2025-09-16T14:12:36.792+0000] {processor.py:161} INFO - Started process (PID=701) to work on /home/airflow/.local/lib/python3.12/site-packages/airflow/example_dags/example_branch_python_dop_operator_3.py
[2025-09-16T14:12:36.794+0000] {processor.py:830} INFO - Processing file /home/airflow/.local/lib/python3.12/site-packages/airflow/example_dags/example_branch_python_dop_operator_3.py for tasks to queue
[2025-09-16T14:12:36.797+0000] {logging_mixin.py:188} INFO - [2025-09-16T14:12:36.796+0000] {dagbag.py:545} INFO - Filling up the DagBag from /home/airflow/.local/lib/python3.12/site-packages/airflow/example_dags/example_branch_python_dop_operator_3.py
[2025-09-16T14:12:36.809+0000] {processor.py:840} INFO - DAG(s) 'example_branch_dop_operator_v3' retrieved from /home/airflow/.local/lib/python3.12/site-packages/airflow/example_dags/example_branch_python_dop_operator_3.py
[2025-09-16T14:12:36.840+0000] {logging_mixin.py:188} INFO - [2025-09-16T14:12:36.840+0000] {dag.py:3096} INFO - Sync 1 DAGs
[2025-09-16T14:12:36.874+0000] {logging_mixin.py:188} INFO - [2025-09-16T14:12:36.874+0000] {dag.py:3954} INFO - Setting next_dagrun for example_branch_dop_operator_v3 to 2025-09-16 14:11:00+00:00, run_after=2025-09-16 14:12:00+00:00
[2025-09-16T14:12:36.914+0000] {processor.py:183} INFO - Processing /home/airflow/.local/lib/python3.12/site-packages/airflow/example_dags/example_branch_python_dop_operator_3.py took 0.131 seconds
[2025-09-16T14:13:07.479+0000] {processor.py:161} INFO - Started process (PID=761) to work on /home/airflow/.local/lib/python3.12/site-packages/airflow/example_dags/example_branch_python_dop_operator_3.py
[2025-09-16T14:13:07.481+0000] {processor.py:830} INFO - Processing file /home/airflow/.local/lib/python3.12/site-packages/airflow/example_dags/example_branch_python_dop_operator_3.py for tasks to queue
[2025-09-16T14:13:07.485+0000] {logging_mixin.py:188} INFO - [2025-09-16T14:13:07.484+0000] {dagbag.py:545} INFO - Filling up the DagBag from /home/airflow/.local/lib/python3.12/site-packages/airflow/example_dags/example_branch_python_dop_operator_3.py
[2025-09-16T14:13:07.499+0000] {processor.py:840} INFO - DAG(s) 'example_branch_dop_operator_v3' retrieved from /home/airflow/.local/lib/python3.12/site-packages/airflow/example_dags/example_branch_python_dop_operator_3.py
[2025-09-16T14:13:07.534+0000] {logging_mixin.py:188} INFO - [2025-09-16T14:13:07.534+0000] {dag.py:3096} INFO - Sync 1 DAGs
[2025-09-16T14:13:07.573+0000] {logging_mixin.py:188} INFO - [2025-09-16T14:13:07.573+0000] {dag.py:3954} INFO - Setting next_dagrun for example_branch_dop_operator_v3 to 2025-09-16 14:12:00+00:00, run_after=2025-09-16 14:13:00+00:00
[2025-09-16T14:13:07.603+0000] {processor.py:183} INFO - Processing /home/airflow/.local/lib/python3.12/site-packages/airflow/example_dags/example_branch_python_dop_operator_3.py took 0.134 seconds
[2025-09-16T14:13:37.966+0000] {processor.py:161} INFO - Started process (PID=821) to work on /home/airflow/.local/lib/python3.12/site-packages/airflow/example_dags/example_branch_python_dop_operator_3.py
[2025-09-16T14:13:37.967+0000] {processor.py:830} INFO - Processing file /home/airflow/.local/lib/python3.12/site-packages/airflow/example_dags/example_branch_python_dop_operator_3.py for tasks to queue
[2025-09-16T14:13:37.971+0000] {logging_mixin.py:188} INFO - [2025-09-16T14:13:37.970+0000] {dagbag.py:545} INFO - Filling up the DagBag from /home/airflow/.local/lib/python3.12/site-packages/airflow/example_dags/example_branch_python_dop_operator_3.py
[2025-09-16T14:13:37.982+0000] {processor.py:840} INFO - DAG(s) 'example_branch_dop_operator_v3' retrieved from /home/airflow/.local/lib/python3.12/site-packages/airflow/example_dags/example_branch_python_dop_operator_3.py
[2025-09-16T14:13:38.013+0000] {logging_mixin.py:188} INFO - [2025-09-16T14:13:38.013+0000] {dag.py:3096} INFO - Sync 1 DAGs
[2025-09-16T14:13:38.055+0000] {logging_mixin.py:188} INFO - [2025-09-16T14:13:38.054+0000] {dag.py:3954} INFO - Setting next_dagrun for example_branch_dop_operator_v3 to 2025-09-16 14:12:00+00:00, run_after=2025-09-16 14:13:00+00:00
[2025-09-16T14:13:38.091+0000] {processor.py:183} INFO - Processing /home/airflow/.local/lib/python3.12/site-packages/airflow/example_dags/example_branch_python_dop_operator_3.py took 0.134 seconds
[2025-09-16T14:14:09.283+0000] {processor.py:161} INFO - Started process (PID=887) to work on /home/airflow/.local/lib/python3.12/site-packages/airflow/example_dags/example_branch_python_dop_operator_3.py
[2025-09-16T14:14:09.285+0000] {processor.py:830} INFO - Processing file /home/airflow/.local/lib/python3.12/site-packages/airflow/example_dags/example_branch_python_dop_operator_3.py for tasks to queue
[2025-09-16T14:14:09.289+0000] {logging_mixin.py:188} INFO - [2025-09-16T14:14:09.288+0000] {dagbag.py:545} INFO - Filling up the DagBag from /home/airflow/.local/lib/python3.12/site-packages/airflow/example_dags/example_branch_python_dop_operator_3.py
[2025-09-16T14:14:09.301+0000] {processor.py:840} INFO - DAG(s) 'example_branch_dop_operator_v3' retrieved from /home/airflow/.local/lib/python3.12/site-packages/airflow/example_dags/example_branch_python_dop_operator_3.py
[2025-09-16T14:14:09.329+0000] {logging_mixin.py:188} INFO - [2025-09-16T14:14:09.329+0000] {dag.py:3096} INFO - Sync 1 DAGs
[2025-09-16T14:14:09.364+0000] {logging_mixin.py:188} INFO - [2025-09-16T14:14:09.363+0000] {dag.py:3954} INFO - Setting next_dagrun for example_branch_dop_operator_v3 to 2025-09-16 14:13:00+00:00, run_after=2025-09-16 14:14:00+00:00
[2025-09-16T14:14:09.408+0000] {processor.py:183} INFO - Processing /home/airflow/.local/lib/python3.12/site-packages/airflow/example_dags/example_branch_python_dop_operator_3.py took 0.134 seconds
[2025-09-16T14:14:39.684+0000] {processor.py:161} INFO - Started process (PID=949) to work on /home/airflow/.local/lib/python3.12/site-packages/airflow/example_dags/example_branch_python_dop_operator_3.py
[2025-09-16T14:14:39.688+0000] {processor.py:830} INFO - Processing file /home/airflow/.local/lib/python3.12/site-packages/airflow/example_dags/example_branch_python_dop_operator_3.py for tasks to queue
[2025-09-16T14:14:39.693+0000] {logging_mixin.py:188} INFO - [2025-09-16T14:14:39.692+0000] {dagbag.py:545} INFO - Filling up the DagBag from /home/airflow/.local/lib/python3.12/site-packages/airflow/example_dags/example_branch_python_dop_operator_3.py
[2025-09-16T14:14:39.723+0000] {processor.py:840} INFO - DAG(s) 'example_branch_dop_operator_v3' retrieved from /home/airflow/.local/lib/python3.12/site-packages/airflow/example_dags/example_branch_python_dop_operator_3.py
[2025-09-16T14:14:39.786+0000] {logging_mixin.py:188} INFO - [2025-09-16T14:14:39.785+0000] {dag.py:3096} INFO - Sync 1 DAGs
[2025-09-16T14:14:39.849+0000] {logging_mixin.py:188} INFO - [2025-09-16T14:14:39.849+0000] {dag.py:3954} INFO - Setting next_dagrun for example_branch_dop_operator_v3 to 2025-09-16 14:13:00+00:00, run_after=2025-09-16 14:14:00+00:00
[2025-09-16T14:14:39.904+0000] {processor.py:183} INFO - Processing /home/airflow/.local/lib/python3.12/site-packages/airflow/example_dags/example_branch_python_dop_operator_3.py took 0.237 seconds
[2025-09-16T14:16:47.610+0000] {processor.py:161} INFO - Started process (PID=114) to work on /home/airflow/.local/lib/python3.12/site-packages/airflow/example_dags/example_branch_python_dop_operator_3.py
[2025-09-16T14:16:47.612+0000] {processor.py:830} INFO - Processing file /home/airflow/.local/lib/python3.12/site-packages/airflow/example_dags/example_branch_python_dop_operator_3.py for tasks to queue
[2025-09-16T14:16:47.617+0000] {logging_mixin.py:188} INFO - [2025-09-16T14:16:47.616+0000] {dagbag.py:545} INFO - Filling up the DagBag from /home/airflow/.local/lib/python3.12/site-packages/airflow/example_dags/example_branch_python_dop_operator_3.py
[2025-09-16T14:16:47.637+0000] {processor.py:840} INFO - DAG(s) 'example_branch_dop_operator_v3' retrieved from /home/airflow/.local/lib/python3.12/site-packages/airflow/example_dags/example_branch_python_dop_operator_3.py
[2025-09-16T14:16:47.821+0000] {logging_mixin.py:188} INFO - [2025-09-16T14:16:47.821+0000] {dag.py:3096} INFO - Sync 1 DAGs
[2025-09-16T14:16:47.855+0000] {logging_mixin.py:188} INFO - [2025-09-16T14:16:47.854+0000] {dag.py:3954} INFO - Setting next_dagrun for example_branch_dop_operator_v3 to 2025-09-16 14:15:00+00:00, run_after=2025-09-16 14:16:00+00:00
[2025-09-16T14:16:47.886+0000] {processor.py:183} INFO - Processing /home/airflow/.local/lib/python3.12/site-packages/airflow/example_dags/example_branch_python_dop_operator_3.py took 0.287 seconds
[2025-09-16T14:17:18.793+0000] {processor.py:161} INFO - Started process (PID=175) to work on /home/airflow/.local/lib/python3.12/site-packages/airflow/example_dags/example_branch_python_dop_operator_3.py
[2025-09-16T14:17:18.795+0000] {processor.py:830} INFO - Processing file /home/airflow/.local/lib/python3.12/site-packages/airflow/example_dags/example_branch_python_dop_operator_3.py for tasks to queue
[2025-09-16T14:17:18.797+0000] {logging_mixin.py:188} INFO - [2025-09-16T14:17:18.797+0000] {dagbag.py:545} INFO - Filling up the DagBag from /home/airflow/.local/lib/python3.12/site-packages/airflow/example_dags/example_branch_python_dop_operator_3.py
[2025-09-16T14:17:18.809+0000] {processor.py:840} INFO - DAG(s) 'example_branch_dop_operator_v3' retrieved from /home/airflow/.local/lib/python3.12/site-packages/airflow/example_dags/example_branch_python_dop_operator_3.py
[2025-09-16T14:17:18.843+0000] {logging_mixin.py:188} INFO - [2025-09-16T14:17:18.843+0000] {dag.py:3096} INFO - Sync 1 DAGs
[2025-09-16T14:17:18.882+0000] {logging_mixin.py:188} INFO - [2025-09-16T14:17:18.881+0000] {dag.py:3954} INFO - Setting next_dagrun for example_branch_dop_operator_v3 to 2025-09-16 14:16:00+00:00, run_after=2025-09-16 14:17:00+00:00
[2025-09-16T14:17:18.908+0000] {processor.py:183} INFO - Processing /home/airflow/.local/lib/python3.12/site-packages/airflow/example_dags/example_branch_python_dop_operator_3.py took 0.126 seconds
[2025-09-16T14:17:49.184+0000] {processor.py:161} INFO - Started process (PID=235) to work on /home/airflow/.local/lib/python3.12/site-packages/airflow/example_dags/example_branch_python_dop_operator_3.py
[2025-09-16T14:17:49.187+0000] {processor.py:830} INFO - Processing file /home/airflow/.local/lib/python3.12/site-packages/airflow/example_dags/example_branch_python_dop_operator_3.py for tasks to queue
[2025-09-16T14:17:49.191+0000] {logging_mixin.py:188} INFO - [2025-09-16T14:17:49.190+0000] {dagbag.py:545} INFO - Filling up the DagBag from /home/airflow/.local/lib/python3.12/site-packages/airflow/example_dags/example_branch_python_dop_operator_3.py
[2025-09-16T14:17:49.207+0000] {processor.py:840} INFO - DAG(s) 'example_branch_dop_operator_v3' retrieved from /home/airflow/.local/lib/python3.12/site-packages/airflow/example_dags/example_branch_python_dop_operator_3.py
[2025-09-16T14:17:49.243+0000] {logging_mixin.py:188} INFO - [2025-09-16T14:17:49.243+0000] {dag.py:3096} INFO - Sync 1 DAGs
[2025-09-16T14:17:49.307+0000] {logging_mixin.py:188} INFO - [2025-09-16T14:17:49.306+0000] {dag.py:3954} INFO - Setting next_dagrun for example_branch_dop_operator_v3 to 2025-09-16 14:16:00+00:00, run_after=2025-09-16 14:17:00+00:00
[2025-09-16T14:17:49.350+0000] {processor.py:183} INFO - Processing /home/airflow/.local/lib/python3.12/site-packages/airflow/example_dags/example_branch_python_dop_operator_3.py took 0.176 seconds
[2025-09-16T14:18:19.997+0000] {processor.py:161} INFO - Started process (PID=295) to work on /home/airflow/.local/lib/python3.12/site-packages/airflow/example_dags/example_branch_python_dop_operator_3.py
[2025-09-16T14:18:19.999+0000] {processor.py:830} INFO - Processing file /home/airflow/.local/lib/python3.12/site-packages/airflow/example_dags/example_branch_python_dop_operator_3.py for tasks to queue
[2025-09-16T14:18:20.002+0000] {logging_mixin.py:188} INFO - [2025-09-16T14:18:20.001+0000] {dagbag.py:545} INFO - Filling up the DagBag from /home/airflow/.local/lib/python3.12/site-packages/airflow/example_dags/example_branch_python_dop_operator_3.py
[2025-09-16T14:18:20.015+0000] {processor.py:840} INFO - DAG(s) 'example_branch_dop_operator_v3' retrieved from /home/airflow/.local/lib/python3.12/site-packages/airflow/example_dags/example_branch_python_dop_operator_3.py
[2025-09-16T14:18:20.045+0000] {logging_mixin.py:188} INFO - [2025-09-16T14:18:20.045+0000] {dag.py:3096} INFO - Sync 1 DAGs
[2025-09-16T14:18:20.085+0000] {logging_mixin.py:188} INFO - [2025-09-16T14:18:20.085+0000] {dag.py:3954} INFO - Setting next_dagrun for example_branch_dop_operator_v3 to 2025-09-16 14:17:00+00:00, run_after=2025-09-16 14:18:00+00:00
[2025-09-16T14:18:20.116+0000] {processor.py:183} INFO - Processing /home/airflow/.local/lib/python3.12/site-packages/airflow/example_dags/example_branch_python_dop_operator_3.py took 0.127 seconds
[2025-09-16T14:18:50.532+0000] {processor.py:161} INFO - Started process (PID=355) to work on /home/airflow/.local/lib/python3.12/site-packages/airflow/example_dags/example_branch_python_dop_operator_3.py
[2025-09-16T14:18:50.535+0000] {processor.py:830} INFO - Processing file /home/airflow/.local/lib/python3.12/site-packages/airflow/example_dags/example_branch_python_dop_operator_3.py for tasks to queue
[2025-09-16T14:18:50.538+0000] {logging_mixin.py:188} INFO - [2025-09-16T14:18:50.538+0000] {dagbag.py:545} INFO - Filling up the DagBag from /home/airflow/.local/lib/python3.12/site-packages/airflow/example_dags/example_branch_python_dop_operator_3.py
[2025-09-16T14:18:50.550+0000] {processor.py:840} INFO - DAG(s) 'example_branch_dop_operator_v3' retrieved from /home/airflow/.local/lib/python3.12/site-packages/airflow/example_dags/example_branch_python_dop_operator_3.py
[2025-09-16T14:18:50.578+0000] {logging_mixin.py:188} INFO - [2025-09-16T14:18:50.577+0000] {dag.py:3096} INFO - Sync 1 DAGs
[2025-09-16T14:18:50.609+0000] {logging_mixin.py:188} INFO - [2025-09-16T14:18:50.609+0000] {dag.py:3954} INFO - Setting next_dagrun for example_branch_dop_operator_v3 to 2025-09-16 14:17:00+00:00, run_after=2025-09-16 14:18:00+00:00
[2025-09-16T14:18:50.639+0000] {processor.py:183} INFO - Processing /home/airflow/.local/lib/python3.12/site-packages/airflow/example_dags/example_branch_python_dop_operator_3.py took 0.116 seconds
[2025-09-16T14:19:21.403+0000] {processor.py:161} INFO - Started process (PID=414) to work on /home/airflow/.local/lib/python3.12/site-packages/airflow/example_dags/example_branch_python_dop_operator_3.py
[2025-09-16T14:19:21.405+0000] {processor.py:830} INFO - Processing file /home/airflow/.local/lib/python3.12/site-packages/airflow/example_dags/example_branch_python_dop_operator_3.py for tasks to queue
[2025-09-16T14:19:21.409+0000] {logging_mixin.py:188} INFO - [2025-09-16T14:19:21.408+0000] {dagbag.py:545} INFO - Filling up the DagBag from /home/airflow/.local/lib/python3.12/site-packages/airflow/example_dags/example_branch_python_dop_operator_3.py
[2025-09-16T14:19:21.425+0000] {processor.py:840} INFO - DAG(s) 'example_branch_dop_operator_v3' retrieved from /home/airflow/.local/lib/python3.12/site-packages/airflow/example_dags/example_branch_python_dop_operator_3.py
[2025-09-16T14:19:21.460+0000] {logging_mixin.py:188} INFO - [2025-09-16T14:19:21.459+0000] {dag.py:3096} INFO - Sync 1 DAGs
[2025-09-16T14:19:21.511+0000] {logging_mixin.py:188} INFO - [2025-09-16T14:19:21.510+0000] {dag.py:3954} INFO - Setting next_dagrun for example_branch_dop_operator_v3 to 2025-09-16 14:18:00+00:00, run_after=2025-09-16 14:19:00+00:00
[2025-09-16T14:19:21.549+0000] {processor.py:183} INFO - Processing /home/airflow/.local/lib/python3.12/site-packages/airflow/example_dags/example_branch_python_dop_operator_3.py took 0.157 seconds
[2025-09-16T14:19:51.823+0000] {processor.py:161} INFO - Started process (PID=474) to work on /home/airflow/.local/lib/python3.12/site-packages/airflow/example_dags/example_branch_python_dop_operator_3.py
[2025-09-16T14:19:51.825+0000] {processor.py:830} INFO - Processing file /home/airflow/.local/lib/python3.12/site-packages/airflow/example_dags/example_branch_python_dop_operator_3.py for tasks to queue
[2025-09-16T14:19:51.828+0000] {logging_mixin.py:188} INFO - [2025-09-16T14:19:51.827+0000] {dagbag.py:545} INFO - Filling up the DagBag from /home/airflow/.local/lib/python3.12/site-packages/airflow/example_dags/example_branch_python_dop_operator_3.py
[2025-09-16T14:19:51.841+0000] {processor.py:840} INFO - DAG(s) 'example_branch_dop_operator_v3' retrieved from /home/airflow/.local/lib/python3.12/site-packages/airflow/example_dags/example_branch_python_dop_operator_3.py
[2025-09-16T14:19:51.875+0000] {logging_mixin.py:188} INFO - [2025-09-16T14:19:51.875+0000] {dag.py:3096} INFO - Sync 1 DAGs
[2025-09-16T14:19:51.916+0000] {logging_mixin.py:188} INFO - [2025-09-16T14:19:51.915+0000] {dag.py:3954} INFO - Setting next_dagrun for example_branch_dop_operator_v3 to 2025-09-16 14:18:00+00:00, run_after=2025-09-16 14:19:00+00:00
[2025-09-16T14:19:51.956+0000] {processor.py:183} INFO - Processing /home/airflow/.local/lib/python3.12/site-packages/airflow/example_dags/example_branch_python_dop_operator_3.py took 0.142 seconds
[2025-09-16T14:20:22.469+0000] {processor.py:161} INFO - Started process (PID=534) to work on /home/airflow/.local/lib/python3.12/site-packages/airflow/example_dags/example_branch_python_dop_operator_3.py
[2025-09-16T14:20:22.470+0000] {processor.py:830} INFO - Processing file /home/airflow/.local/lib/python3.12/site-packages/airflow/example_dags/example_branch_python_dop_operator_3.py for tasks to queue
[2025-09-16T14:20:22.473+0000] {logging_mixin.py:188} INFO - [2025-09-16T14:20:22.472+0000] {dagbag.py:545} INFO - Filling up the DagBag from /home/airflow/.local/lib/python3.12/site-packages/airflow/example_dags/example_branch_python_dop_operator_3.py
[2025-09-16T14:20:22.484+0000] {processor.py:840} INFO - DAG(s) 'example_branch_dop_operator_v3' retrieved from /home/airflow/.local/lib/python3.12/site-packages/airflow/example_dags/example_branch_python_dop_operator_3.py
[2025-09-16T14:20:22.510+0000] {logging_mixin.py:188} INFO - [2025-09-16T14:20:22.510+0000] {dag.py:3096} INFO - Sync 1 DAGs
[2025-09-16T14:20:22.545+0000] {logging_mixin.py:188} INFO - [2025-09-16T14:20:22.544+0000] {dag.py:3954} INFO - Setting next_dagrun for example_branch_dop_operator_v3 to 2025-09-16 14:19:00+00:00, run_after=2025-09-16 14:20:00+00:00
[2025-09-16T14:20:22.599+0000] {processor.py:183} INFO - Processing /home/airflow/.local/lib/python3.12/site-packages/airflow/example_dags/example_branch_python_dop_operator_3.py took 0.138 seconds
[2025-09-16T14:20:54.171+0000] {processor.py:161} INFO - Started process (PID=596) to work on /home/airflow/.local/lib/python3.12/site-packages/airflow/example_dags/example_branch_python_dop_operator_3.py
[2025-09-16T14:20:54.173+0000] {processor.py:830} INFO - Processing file /home/airflow/.local/lib/python3.12/site-packages/airflow/example_dags/example_branch_python_dop_operator_3.py for tasks to queue
[2025-09-16T14:20:54.176+0000] {logging_mixin.py:188} INFO - [2025-09-16T14:20:54.175+0000] {dagbag.py:545} INFO - Filling up the DagBag from /home/airflow/.local/lib/python3.12/site-packages/airflow/example_dags/example_branch_python_dop_operator_3.py
[2025-09-16T14:20:54.188+0000] {processor.py:840} INFO - DAG(s) 'example_branch_dop_operator_v3' retrieved from /home/airflow/.local/lib/python3.12/site-packages/airflow/example_dags/example_branch_python_dop_operator_3.py
[2025-09-16T14:20:54.219+0000] {logging_mixin.py:188} INFO - [2025-09-16T14:20:54.218+0000] {dag.py:3096} INFO - Sync 1 DAGs
[2025-09-16T14:20:54.257+0000] {logging_mixin.py:188} INFO - [2025-09-16T14:20:54.256+0000] {dag.py:3954} INFO - Setting next_dagrun for example_branch_dop_operator_v3 to 2025-09-16 14:19:00+00:00, run_after=2025-09-16 14:20:00+00:00
[2025-09-16T14:20:54.293+0000] {processor.py:183} INFO - Processing /home/airflow/.local/lib/python3.12/site-packages/airflow/example_dags/example_branch_python_dop_operator_3.py took 0.130 seconds
[2025-09-16T14:54:13.546+0000] {processor.py:161} INFO - Started process (PID=113) to work on /home/airflow/.local/lib/python3.12/site-packages/airflow/example_dags/example_branch_python_dop_operator_3.py
[2025-09-16T14:54:13.549+0000] {processor.py:830} INFO - Processing file /home/airflow/.local/lib/python3.12/site-packages/airflow/example_dags/example_branch_python_dop_operator_3.py for tasks to queue
[2025-09-16T14:54:13.552+0000] {logging_mixin.py:188} INFO - [2025-09-16T14:54:13.552+0000] {dagbag.py:545} INFO - Filling up the DagBag from /home/airflow/.local/lib/python3.12/site-packages/airflow/example_dags/example_branch_python_dop_operator_3.py
[2025-09-16T14:54:13.565+0000] {processor.py:840} INFO - DAG(s) 'example_branch_dop_operator_v3' retrieved from /home/airflow/.local/lib/python3.12/site-packages/airflow/example_dags/example_branch_python_dop_operator_3.py
[2025-09-16T14:54:13.748+0000] {logging_mixin.py:188} INFO - [2025-09-16T14:54:13.748+0000] {dag.py:3096} INFO - Sync 1 DAGs
[2025-09-16T14:54:13.802+0000] {logging_mixin.py:188} INFO - [2025-09-16T14:54:13.802+0000] {dag.py:3954} INFO - Setting next_dagrun for example_branch_dop_operator_v3 to 2025-09-16 14:53:00+00:00, run_after=2025-09-16 14:54:00+00:00
[2025-09-16T14:54:13.885+0000] {processor.py:183} INFO - Processing /home/airflow/.local/lib/python3.12/site-packages/airflow/example_dags/example_branch_python_dop_operator_3.py took 0.346 seconds
[2025-09-16T14:54:44.591+0000] {processor.py:161} INFO - Started process (PID=173) to work on /home/airflow/.local/lib/python3.12/site-packages/airflow/example_dags/example_branch_python_dop_operator_3.py
[2025-09-16T14:54:44.593+0000] {processor.py:830} INFO - Processing file /home/airflow/.local/lib/python3.12/site-packages/airflow/example_dags/example_branch_python_dop_operator_3.py for tasks to queue
[2025-09-16T14:54:44.596+0000] {logging_mixin.py:188} INFO - [2025-09-16T14:54:44.595+0000] {dagbag.py:545} INFO - Filling up the DagBag from /home/airflow/.local/lib/python3.12/site-packages/airflow/example_dags/example_branch_python_dop_operator_3.py
[2025-09-16T14:54:44.614+0000] {processor.py:840} INFO - DAG(s) 'example_branch_dop_operator_v3' retrieved from /home/airflow/.local/lib/python3.12/site-packages/airflow/example_dags/example_branch_python_dop_operator_3.py
[2025-09-16T14:54:44.720+0000] {logging_mixin.py:188} INFO - [2025-09-16T14:54:44.719+0000] {dag.py:3096} INFO - Sync 1 DAGs
[2025-09-16T14:54:44.768+0000] {logging_mixin.py:188} INFO - [2025-09-16T14:54:44.767+0000] {dag.py:3954} INFO - Setting next_dagrun for example_branch_dop_operator_v3 to 2025-09-16 14:53:00+00:00, run_after=2025-09-16 14:54:00+00:00
[2025-09-16T14:54:44.804+0000] {processor.py:183} INFO - Processing /home/airflow/.local/lib/python3.12/site-packages/airflow/example_dags/example_branch_python_dop_operator_3.py took 0.222 seconds
[2025-09-16T14:55:15.517+0000] {processor.py:161} INFO - Started process (PID=234) to work on /home/airflow/.local/lib/python3.12/site-packages/airflow/example_dags/example_branch_python_dop_operator_3.py
[2025-09-16T14:55:15.519+0000] {processor.py:830} INFO - Processing file /home/airflow/.local/lib/python3.12/site-packages/airflow/example_dags/example_branch_python_dop_operator_3.py for tasks to queue
[2025-09-16T14:55:15.521+0000] {logging_mixin.py:188} INFO - [2025-09-16T14:55:15.521+0000] {dagbag.py:545} INFO - Filling up the DagBag from /home/airflow/.local/lib/python3.12/site-packages/airflow/example_dags/example_branch_python_dop_operator_3.py
[2025-09-16T14:55:15.533+0000] {processor.py:840} INFO - DAG(s) 'example_branch_dop_operator_v3' retrieved from /home/airflow/.local/lib/python3.12/site-packages/airflow/example_dags/example_branch_python_dop_operator_3.py
[2025-09-16T14:55:15.562+0000] {logging_mixin.py:188} INFO - [2025-09-16T14:55:15.561+0000] {dag.py:3096} INFO - Sync 1 DAGs
[2025-09-16T14:55:15.597+0000] {logging_mixin.py:188} INFO - [2025-09-16T14:55:15.596+0000] {dag.py:3954} INFO - Setting next_dagrun for example_branch_dop_operator_v3 to 2025-09-16 14:54:00+00:00, run_after=2025-09-16 14:55:00+00:00
[2025-09-16T14:55:15.627+0000] {processor.py:183} INFO - Processing /home/airflow/.local/lib/python3.12/site-packages/airflow/example_dags/example_branch_python_dop_operator_3.py took 0.118 seconds
[2025-09-16T14:55:46.106+0000] {processor.py:161} INFO - Started process (PID=294) to work on /home/airflow/.local/lib/python3.12/site-packages/airflow/example_dags/example_branch_python_dop_operator_3.py
[2025-09-16T14:55:46.108+0000] {processor.py:830} INFO - Processing file /home/airflow/.local/lib/python3.12/site-packages/airflow/example_dags/example_branch_python_dop_operator_3.py for tasks to queue
[2025-09-16T14:55:46.110+0000] {logging_mixin.py:188} INFO - [2025-09-16T14:55:46.110+0000] {dagbag.py:545} INFO - Filling up the DagBag from /home/airflow/.local/lib/python3.12/site-packages/airflow/example_dags/example_branch_python_dop_operator_3.py
[2025-09-16T14:55:46.121+0000] {processor.py:840} INFO - DAG(s) 'example_branch_dop_operator_v3' retrieved from /home/airflow/.local/lib/python3.12/site-packages/airflow/example_dags/example_branch_python_dop_operator_3.py
[2025-09-16T14:55:46.148+0000] {logging_mixin.py:188} INFO - [2025-09-16T14:55:46.147+0000] {dag.py:3096} INFO - Sync 1 DAGs
[2025-09-16T14:55:46.180+0000] {logging_mixin.py:188} INFO - [2025-09-16T14:55:46.180+0000] {dag.py:3954} INFO - Setting next_dagrun for example_branch_dop_operator_v3 to 2025-09-16 14:54:00+00:00, run_after=2025-09-16 14:55:00+00:00
[2025-09-16T14:55:46.203+0000] {processor.py:183} INFO - Processing /home/airflow/.local/lib/python3.12/site-packages/airflow/example_dags/example_branch_python_dop_operator_3.py took 0.104 seconds
[2025-09-16T14:56:17.180+0000] {processor.py:161} INFO - Started process (PID=354) to work on /home/airflow/.local/lib/python3.12/site-packages/airflow/example_dags/example_branch_python_dop_operator_3.py
[2025-09-16T14:56:17.182+0000] {processor.py:830} INFO - Processing file /home/airflow/.local/lib/python3.12/site-packages/airflow/example_dags/example_branch_python_dop_operator_3.py for tasks to queue
[2025-09-16T14:56:17.185+0000] {logging_mixin.py:188} INFO - [2025-09-16T14:56:17.184+0000] {dagbag.py:545} INFO - Filling up the DagBag from /home/airflow/.local/lib/python3.12/site-packages/airflow/example_dags/example_branch_python_dop_operator_3.py
[2025-09-16T14:56:17.197+0000] {processor.py:840} INFO - DAG(s) 'example_branch_dop_operator_v3' retrieved from /home/airflow/.local/lib/python3.12/site-packages/airflow/example_dags/example_branch_python_dop_operator_3.py
[2025-09-16T14:56:17.226+0000] {logging_mixin.py:188} INFO - [2025-09-16T14:56:17.226+0000] {dag.py:3096} INFO - Sync 1 DAGs
[2025-09-16T14:56:17.263+0000] {logging_mixin.py:188} INFO - [2025-09-16T14:56:17.262+0000] {dag.py:3954} INFO - Setting next_dagrun for example_branch_dop_operator_v3 to 2025-09-16 14:55:00+00:00, run_after=2025-09-16 14:56:00+00:00
[2025-09-16T14:56:17.295+0000] {processor.py:183} INFO - Processing /home/airflow/.local/lib/python3.12/site-packages/airflow/example_dags/example_branch_python_dop_operator_3.py took 0.124 seconds
[2025-09-16T14:56:47.381+0000] {processor.py:161} INFO - Started process (PID=413) to work on /home/airflow/.local/lib/python3.12/site-packages/airflow/example_dags/example_branch_python_dop_operator_3.py
[2025-09-16T14:56:47.383+0000] {processor.py:830} INFO - Processing file /home/airflow/.local/lib/python3.12/site-packages/airflow/example_dags/example_branch_python_dop_operator_3.py for tasks to queue
[2025-09-16T14:56:47.386+0000] {logging_mixin.py:188} INFO - [2025-09-16T14:56:47.385+0000] {dagbag.py:545} INFO - Filling up the DagBag from /home/airflow/.local/lib/python3.12/site-packages/airflow/example_dags/example_branch_python_dop_operator_3.py
[2025-09-16T14:56:47.400+0000] {processor.py:840} INFO - DAG(s) 'example_branch_dop_operator_v3' retrieved from /home/airflow/.local/lib/python3.12/site-packages/airflow/example_dags/example_branch_python_dop_operator_3.py
[2025-09-16T14:56:47.434+0000] {logging_mixin.py:188} INFO - [2025-09-16T14:56:47.434+0000] {dag.py:3096} INFO - Sync 1 DAGs
[2025-09-16T14:56:47.476+0000] {logging_mixin.py:188} INFO - [2025-09-16T14:56:47.476+0000] {dag.py:3954} INFO - Setting next_dagrun for example_branch_dop_operator_v3 to 2025-09-16 14:55:00+00:00, run_after=2025-09-16 14:56:00+00:00
[2025-09-16T14:56:47.515+0000] {processor.py:183} INFO - Processing /home/airflow/.local/lib/python3.12/site-packages/airflow/example_dags/example_branch_python_dop_operator_3.py took 0.145 seconds
[2025-09-16T14:57:18.115+0000] {processor.py:161} INFO - Started process (PID=473) to work on /home/airflow/.local/lib/python3.12/site-packages/airflow/example_dags/example_branch_python_dop_operator_3.py
[2025-09-16T14:57:18.117+0000] {processor.py:830} INFO - Processing file /home/airflow/.local/lib/python3.12/site-packages/airflow/example_dags/example_branch_python_dop_operator_3.py for tasks to queue
[2025-09-16T14:57:18.120+0000] {logging_mixin.py:188} INFO - [2025-09-16T14:57:18.120+0000] {dagbag.py:545} INFO - Filling up the DagBag from /home/airflow/.local/lib/python3.12/site-packages/airflow/example_dags/example_branch_python_dop_operator_3.py
[2025-09-16T14:57:18.134+0000] {processor.py:840} INFO - DAG(s) 'example_branch_dop_operator_v3' retrieved from /home/airflow/.local/lib/python3.12/site-packages/airflow/example_dags/example_branch_python_dop_operator_3.py
[2025-09-16T14:57:18.166+0000] {logging_mixin.py:188} INFO - [2025-09-16T14:57:18.166+0000] {dag.py:3096} INFO - Sync 1 DAGs
[2025-09-16T14:57:18.205+0000] {logging_mixin.py:188} INFO - [2025-09-16T14:57:18.205+0000] {dag.py:3954} INFO - Setting next_dagrun for example_branch_dop_operator_v3 to 2025-09-16 14:56:00+00:00, run_after=2025-09-16 14:57:00+00:00
[2025-09-16T14:57:18.239+0000] {processor.py:183} INFO - Processing /home/airflow/.local/lib/python3.12/site-packages/airflow/example_dags/example_branch_python_dop_operator_3.py took 0.133 seconds
[2025-09-16T14:57:48.493+0000] {processor.py:161} INFO - Started process (PID=533) to work on /home/airflow/.local/lib/python3.12/site-packages/airflow/example_dags/example_branch_python_dop_operator_3.py
[2025-09-16T14:57:48.495+0000] {processor.py:830} INFO - Processing file /home/airflow/.local/lib/python3.12/site-packages/airflow/example_dags/example_branch_python_dop_operator_3.py for tasks to queue
[2025-09-16T14:57:48.498+0000] {logging_mixin.py:188} INFO - [2025-09-16T14:57:48.497+0000] {dagbag.py:545} INFO - Filling up the DagBag from /home/airflow/.local/lib/python3.12/site-packages/airflow/example_dags/example_branch_python_dop_operator_3.py
[2025-09-16T14:57:48.508+0000] {processor.py:840} INFO - DAG(s) 'example_branch_dop_operator_v3' retrieved from /home/airflow/.local/lib/python3.12/site-packages/airflow/example_dags/example_branch_python_dop_operator_3.py
[2025-09-16T14:57:48.531+0000] {logging_mixin.py:188} INFO - [2025-09-16T14:57:48.531+0000] {dag.py:3096} INFO - Sync 1 DAGs
[2025-09-16T14:57:48.563+0000] {logging_mixin.py:188} INFO - [2025-09-16T14:57:48.562+0000] {dag.py:3954} INFO - Setting next_dagrun for example_branch_dop_operator_v3 to 2025-09-16 14:56:00+00:00, run_after=2025-09-16 14:57:00+00:00
[2025-09-16T14:57:48.588+0000] {processor.py:183} INFO - Processing /home/airflow/.local/lib/python3.12/site-packages/airflow/example_dags/example_branch_python_dop_operator_3.py took 0.103 seconds
[2025-09-16T14:58:19.037+0000] {processor.py:161} INFO - Started process (PID=593) to work on /home/airflow/.local/lib/python3.12/site-packages/airflow/example_dags/example_branch_python_dop_operator_3.py
[2025-09-16T14:58:19.039+0000] {processor.py:830} INFO - Processing file /home/airflow/.local/lib/python3.12/site-packages/airflow/example_dags/example_branch_python_dop_operator_3.py for tasks to queue
[2025-09-16T14:58:19.043+0000] {logging_mixin.py:188} INFO - [2025-09-16T14:58:19.042+0000] {dagbag.py:545} INFO - Filling up the DagBag from /home/airflow/.local/lib/python3.12/site-packages/airflow/example_dags/example_branch_python_dop_operator_3.py
[2025-09-16T14:58:19.057+0000] {processor.py:840} INFO - DAG(s) 'example_branch_dop_operator_v3' retrieved from /home/airflow/.local/lib/python3.12/site-packages/airflow/example_dags/example_branch_python_dop_operator_3.py
[2025-09-16T14:58:19.091+0000] {logging_mixin.py:188} INFO - [2025-09-16T14:58:19.090+0000] {dag.py:3096} INFO - Sync 1 DAGs
[2025-09-16T14:58:19.136+0000] {logging_mixin.py:188} INFO - [2025-09-16T14:58:19.135+0000] {dag.py:3954} INFO - Setting next_dagrun for example_branch_dop_operator_v3 to 2025-09-16 14:57:00+00:00, run_after=2025-09-16 14:58:00+00:00
[2025-09-16T14:58:19.167+0000] {processor.py:183} INFO - Processing /home/airflow/.local/lib/python3.12/site-packages/airflow/example_dags/example_branch_python_dop_operator_3.py took 0.141 seconds
[2025-09-16T14:58:50.226+0000] {processor.py:161} INFO - Started process (PID=653) to work on /home/airflow/.local/lib/python3.12/site-packages/airflow/example_dags/example_branch_python_dop_operator_3.py
[2025-09-16T14:58:50.227+0000] {processor.py:830} INFO - Processing file /home/airflow/.local/lib/python3.12/site-packages/airflow/example_dags/example_branch_python_dop_operator_3.py for tasks to queue
[2025-09-16T14:58:50.230+0000] {logging_mixin.py:188} INFO - [2025-09-16T14:58:50.230+0000] {dagbag.py:545} INFO - Filling up the DagBag from /home/airflow/.local/lib/python3.12/site-packages/airflow/example_dags/example_branch_python_dop_operator_3.py
[2025-09-16T14:58:50.243+0000] {processor.py:840} INFO - DAG(s) 'example_branch_dop_operator_v3' retrieved from /home/airflow/.local/lib/python3.12/site-packages/airflow/example_dags/example_branch_python_dop_operator_3.py
[2025-09-16T14:58:50.275+0000] {logging_mixin.py:188} INFO - [2025-09-16T14:58:50.274+0000] {dag.py:3096} INFO - Sync 1 DAGs
[2025-09-16T14:58:50.316+0000] {logging_mixin.py:188} INFO - [2025-09-16T14:58:50.315+0000] {dag.py:3954} INFO - Setting next_dagrun for example_branch_dop_operator_v3 to 2025-09-16 14:57:00+00:00, run_after=2025-09-16 14:58:00+00:00
[2025-09-16T14:58:50.349+0000] {processor.py:183} INFO - Processing /home/airflow/.local/lib/python3.12/site-packages/airflow/example_dags/example_branch_python_dop_operator_3.py took 0.132 seconds
[2025-09-16T14:59:20.545+0000] {processor.py:161} INFO - Started process (PID=713) to work on /home/airflow/.local/lib/python3.12/site-packages/airflow/example_dags/example_branch_python_dop_operator_3.py
[2025-09-16T14:59:20.546+0000] {processor.py:830} INFO - Processing file /home/airflow/.local/lib/python3.12/site-packages/airflow/example_dags/example_branch_python_dop_operator_3.py for tasks to queue
[2025-09-16T14:59:20.549+0000] {logging_mixin.py:188} INFO - [2025-09-16T14:59:20.549+0000] {dagbag.py:545} INFO - Filling up the DagBag from /home/airflow/.local/lib/python3.12/site-packages/airflow/example_dags/example_branch_python_dop_operator_3.py
[2025-09-16T14:59:20.561+0000] {processor.py:840} INFO - DAG(s) 'example_branch_dop_operator_v3' retrieved from /home/airflow/.local/lib/python3.12/site-packages/airflow/example_dags/example_branch_python_dop_operator_3.py
[2025-09-16T14:59:20.587+0000] {logging_mixin.py:188} INFO - [2025-09-16T14:59:20.586+0000] {dag.py:3096} INFO - Sync 1 DAGs
[2025-09-16T14:59:20.621+0000] {logging_mixin.py:188} INFO - [2025-09-16T14:59:20.620+0000] {dag.py:3954} INFO - Setting next_dagrun for example_branch_dop_operator_v3 to 2025-09-16 14:58:00+00:00, run_after=2025-09-16 14:59:00+00:00
[2025-09-16T14:59:20.643+0000] {processor.py:183} INFO - Processing /home/airflow/.local/lib/python3.12/site-packages/airflow/example_dags/example_branch_python_dop_operator_3.py took 0.107 seconds
[2025-09-16T14:59:50.795+0000] {processor.py:161} INFO - Started process (PID=773) to work on /home/airflow/.local/lib/python3.12/site-packages/airflow/example_dags/example_branch_python_dop_operator_3.py
[2025-09-16T14:59:50.796+0000] {processor.py:830} INFO - Processing file /home/airflow/.local/lib/python3.12/site-packages/airflow/example_dags/example_branch_python_dop_operator_3.py for tasks to queue
[2025-09-16T14:59:50.799+0000] {logging_mixin.py:188} INFO - [2025-09-16T14:59:50.798+0000] {dagbag.py:545} INFO - Filling up the DagBag from /home/airflow/.local/lib/python3.12/site-packages/airflow/example_dags/example_branch_python_dop_operator_3.py
[2025-09-16T14:59:50.809+0000] {processor.py:840} INFO - DAG(s) 'example_branch_dop_operator_v3' retrieved from /home/airflow/.local/lib/python3.12/site-packages/airflow/example_dags/example_branch_python_dop_operator_3.py
[2025-09-16T14:59:50.836+0000] {logging_mixin.py:188} INFO - [2025-09-16T14:59:50.836+0000] {dag.py:3096} INFO - Sync 1 DAGs
[2025-09-16T14:59:50.870+0000] {logging_mixin.py:188} INFO - [2025-09-16T14:59:50.870+0000] {dag.py:3954} INFO - Setting next_dagrun for example_branch_dop_operator_v3 to 2025-09-16 14:58:00+00:00, run_after=2025-09-16 14:59:00+00:00
[2025-09-16T14:59:50.902+0000] {processor.py:183} INFO - Processing /home/airflow/.local/lib/python3.12/site-packages/airflow/example_dags/example_branch_python_dop_operator_3.py took 0.115 seconds
[2025-09-16T15:00:21.071+0000] {processor.py:161} INFO - Started process (PID=832) to work on /home/airflow/.local/lib/python3.12/site-packages/airflow/example_dags/example_branch_python_dop_operator_3.py
[2025-09-16T15:00:21.073+0000] {processor.py:830} INFO - Processing file /home/airflow/.local/lib/python3.12/site-packages/airflow/example_dags/example_branch_python_dop_operator_3.py for tasks to queue
[2025-09-16T15:00:21.076+0000] {logging_mixin.py:188} INFO - [2025-09-16T15:00:21.075+0000] {dagbag.py:545} INFO - Filling up the DagBag from /home/airflow/.local/lib/python3.12/site-packages/airflow/example_dags/example_branch_python_dop_operator_3.py
[2025-09-16T15:00:21.086+0000] {processor.py:840} INFO - DAG(s) 'example_branch_dop_operator_v3' retrieved from /home/airflow/.local/lib/python3.12/site-packages/airflow/example_dags/example_branch_python_dop_operator_3.py
[2025-09-16T15:00:21.110+0000] {logging_mixin.py:188} INFO - [2025-09-16T15:00:21.110+0000] {dag.py:3096} INFO - Sync 1 DAGs
[2025-09-16T15:00:21.140+0000] {logging_mixin.py:188} INFO - [2025-09-16T15:00:21.140+0000] {dag.py:3954} INFO - Setting next_dagrun for example_branch_dop_operator_v3 to 2025-09-16 14:59:00+00:00, run_after=2025-09-16 15:00:00+00:00
[2025-09-16T15:00:21.166+0000] {processor.py:183} INFO - Processing /home/airflow/.local/lib/python3.12/site-packages/airflow/example_dags/example_branch_python_dop_operator_3.py took 0.105 seconds
[2025-09-16T15:01:56.296+0000] {processor.py:161} INFO - Started process (PID=114) to work on /home/airflow/.local/lib/python3.12/site-packages/airflow/example_dags/example_branch_python_dop_operator_3.py
[2025-09-16T15:01:56.299+0000] {processor.py:830} INFO - Processing file /home/airflow/.local/lib/python3.12/site-packages/airflow/example_dags/example_branch_python_dop_operator_3.py for tasks to queue
[2025-09-16T15:01:56.303+0000] {logging_mixin.py:188} INFO - [2025-09-16T15:01:56.302+0000] {dagbag.py:545} INFO - Filling up the DagBag from /home/airflow/.local/lib/python3.12/site-packages/airflow/example_dags/example_branch_python_dop_operator_3.py
[2025-09-16T15:01:56.319+0000] {processor.py:840} INFO - DAG(s) 'example_branch_dop_operator_v3' retrieved from /home/airflow/.local/lib/python3.12/site-packages/airflow/example_dags/example_branch_python_dop_operator_3.py
[2025-09-16T15:01:56.462+0000] {logging_mixin.py:188} INFO - [2025-09-16T15:01:56.461+0000] {dag.py:3096} INFO - Sync 1 DAGs
[2025-09-16T15:01:56.495+0000] {logging_mixin.py:188} INFO - [2025-09-16T15:01:56.494+0000] {dag.py:3954} INFO - Setting next_dagrun for example_branch_dop_operator_v3 to 2025-09-16 15:00:00+00:00, run_after=2025-09-16 15:01:00+00:00
[2025-09-16T15:01:56.525+0000] {processor.py:183} INFO - Processing /home/airflow/.local/lib/python3.12/site-packages/airflow/example_dags/example_branch_python_dop_operator_3.py took 0.238 seconds
[2025-09-16T15:02:26.694+0000] {processor.py:161} INFO - Started process (PID=174) to work on /home/airflow/.local/lib/python3.12/site-packages/airflow/example_dags/example_branch_python_dop_operator_3.py
[2025-09-16T15:02:26.695+0000] {processor.py:830} INFO - Processing file /home/airflow/.local/lib/python3.12/site-packages/airflow/example_dags/example_branch_python_dop_operator_3.py for tasks to queue
[2025-09-16T15:02:26.698+0000] {logging_mixin.py:188} INFO - [2025-09-16T15:02:26.698+0000] {dagbag.py:545} INFO - Filling up the DagBag from /home/airflow/.local/lib/python3.12/site-packages/airflow/example_dags/example_branch_python_dop_operator_3.py
[2025-09-16T15:02:26.709+0000] {processor.py:840} INFO - DAG(s) 'example_branch_dop_operator_v3' retrieved from /home/airflow/.local/lib/python3.12/site-packages/airflow/example_dags/example_branch_python_dop_operator_3.py
[2025-09-16T15:02:26.726+0000] {logging_mixin.py:188} INFO - [2025-09-16T15:02:26.726+0000] {dag.py:3096} INFO - Sync 1 DAGs
[2025-09-16T15:02:26.766+0000] {logging_mixin.py:188} INFO - [2025-09-16T15:02:26.766+0000] {dag.py:3954} INFO - Setting next_dagrun for example_branch_dop_operator_v3 to 2025-09-16 15:01:00+00:00, run_after=2025-09-16 15:02:00+00:00
[2025-09-16T15:02:26.796+0000] {processor.py:183} INFO - Processing /home/airflow/.local/lib/python3.12/site-packages/airflow/example_dags/example_branch_python_dop_operator_3.py took 0.110 seconds
[2025-09-16T15:02:58.242+0000] {processor.py:161} INFO - Started process (PID=234) to work on /home/airflow/.local/lib/python3.12/site-packages/airflow/example_dags/example_branch_python_dop_operator_3.py
[2025-09-16T15:02:58.244+0000] {processor.py:830} INFO - Processing file /home/airflow/.local/lib/python3.12/site-packages/airflow/example_dags/example_branch_python_dop_operator_3.py for tasks to queue
[2025-09-16T15:02:58.246+0000] {logging_mixin.py:188} INFO - [2025-09-16T15:02:58.246+0000] {dagbag.py:545} INFO - Filling up the DagBag from /home/airflow/.local/lib/python3.12/site-packages/airflow/example_dags/example_branch_python_dop_operator_3.py
[2025-09-16T15:02:58.258+0000] {processor.py:840} INFO - DAG(s) 'example_branch_dop_operator_v3' retrieved from /home/airflow/.local/lib/python3.12/site-packages/airflow/example_dags/example_branch_python_dop_operator_3.py
[2025-09-16T15:02:58.412+0000] {logging_mixin.py:188} INFO - [2025-09-16T15:02:58.412+0000] {dag.py:3096} INFO - Sync 1 DAGs
[2025-09-16T15:02:58.443+0000] {logging_mixin.py:188} INFO - [2025-09-16T15:02:58.443+0000] {dag.py:3954} INFO - Setting next_dagrun for example_branch_dop_operator_v3 to 2025-09-16 15:01:00+00:00, run_after=2025-09-16 15:02:00+00:00
[2025-09-16T15:02:58.476+0000] {processor.py:183} INFO - Processing /home/airflow/.local/lib/python3.12/site-packages/airflow/example_dags/example_branch_python_dop_operator_3.py took 0.241 seconds
[2025-09-16T15:03:28.745+0000] {processor.py:161} INFO - Started process (PID=294) to work on /home/airflow/.local/lib/python3.12/site-packages/airflow/example_dags/example_branch_python_dop_operator_3.py
[2025-09-16T15:03:28.747+0000] {processor.py:830} INFO - Processing file /home/airflow/.local/lib/python3.12/site-packages/airflow/example_dags/example_branch_python_dop_operator_3.py for tasks to queue
[2025-09-16T15:03:28.750+0000] {logging_mixin.py:188} INFO - [2025-09-16T15:03:28.749+0000] {dagbag.py:545} INFO - Filling up the DagBag from /home/airflow/.local/lib/python3.12/site-packages/airflow/example_dags/example_branch_python_dop_operator_3.py
[2025-09-16T15:03:28.762+0000] {processor.py:840} INFO - DAG(s) 'example_branch_dop_operator_v3' retrieved from /home/airflow/.local/lib/python3.12/site-packages/airflow/example_dags/example_branch_python_dop_operator_3.py
[2025-09-16T15:03:28.789+0000] {logging_mixin.py:188} INFO - [2025-09-16T15:03:28.789+0000] {dag.py:3096} INFO - Sync 1 DAGs
[2025-09-16T15:03:28.822+0000] {logging_mixin.py:188} INFO - [2025-09-16T15:03:28.822+0000] {dag.py:3954} INFO - Setting next_dagrun for example_branch_dop_operator_v3 to 2025-09-16 15:02:00+00:00, run_after=2025-09-16 15:03:00+00:00
[2025-09-16T15:03:28.848+0000] {processor.py:183} INFO - Processing /home/airflow/.local/lib/python3.12/site-packages/airflow/example_dags/example_branch_python_dop_operator_3.py took 0.111 seconds
[2025-09-16T15:03:59.083+0000] {processor.py:161} INFO - Started process (PID=353) to work on /home/airflow/.local/lib/python3.12/site-packages/airflow/example_dags/example_branch_python_dop_operator_3.py
[2025-09-16T15:03:59.085+0000] {processor.py:830} INFO - Processing file /home/airflow/.local/lib/python3.12/site-packages/airflow/example_dags/example_branch_python_dop_operator_3.py for tasks to queue
[2025-09-16T15:03:59.088+0000] {logging_mixin.py:188} INFO - [2025-09-16T15:03:59.088+0000] {dagbag.py:545} INFO - Filling up the DagBag from /home/airflow/.local/lib/python3.12/site-packages/airflow/example_dags/example_branch_python_dop_operator_3.py
[2025-09-16T15:03:59.107+0000] {processor.py:840} INFO - DAG(s) 'example_branch_dop_operator_v3' retrieved from /home/airflow/.local/lib/python3.12/site-packages/airflow/example_dags/example_branch_python_dop_operator_3.py
[2025-09-16T15:03:59.139+0000] {logging_mixin.py:188} INFO - [2025-09-16T15:03:59.139+0000] {dag.py:3096} INFO - Sync 1 DAGs
[2025-09-16T15:03:59.172+0000] {logging_mixin.py:188} INFO - [2025-09-16T15:03:59.172+0000] {dag.py:3954} INFO - Setting next_dagrun for example_branch_dop_operator_v3 to 2025-09-16 15:02:00+00:00, run_after=2025-09-16 15:03:00+00:00
[2025-09-16T15:03:59.203+0000] {processor.py:183} INFO - Processing /home/airflow/.local/lib/python3.12/site-packages/airflow/example_dags/example_branch_python_dop_operator_3.py took 0.127 seconds
[2025-09-16T15:04:30.158+0000] {processor.py:161} INFO - Started process (PID=414) to work on /home/airflow/.local/lib/python3.12/site-packages/airflow/example_dags/example_branch_python_dop_operator_3.py
[2025-09-16T15:04:30.161+0000] {processor.py:830} INFO - Processing file /home/airflow/.local/lib/python3.12/site-packages/airflow/example_dags/example_branch_python_dop_operator_3.py for tasks to queue
[2025-09-16T15:04:30.168+0000] {logging_mixin.py:188} INFO - [2025-09-16T15:04:30.167+0000] {dagbag.py:545} INFO - Filling up the DagBag from /home/airflow/.local/lib/python3.12/site-packages/airflow/example_dags/example_branch_python_dop_operator_3.py
[2025-09-16T15:04:30.192+0000] {processor.py:840} INFO - DAG(s) 'example_branch_dop_operator_v3' retrieved from /home/airflow/.local/lib/python3.12/site-packages/airflow/example_dags/example_branch_python_dop_operator_3.py
[2025-09-16T15:04:30.250+0000] {logging_mixin.py:188} INFO - [2025-09-16T15:04:30.249+0000] {dag.py:3096} INFO - Sync 1 DAGs
[2025-09-16T15:04:30.318+0000] {logging_mixin.py:188} INFO - [2025-09-16T15:04:30.317+0000] {dag.py:3954} INFO - Setting next_dagrun for example_branch_dop_operator_v3 to 2025-09-16 15:03:00+00:00, run_after=2025-09-16 15:04:00+00:00
[2025-09-16T15:04:30.362+0000] {processor.py:183} INFO - Processing /home/airflow/.local/lib/python3.12/site-packages/airflow/example_dags/example_branch_python_dop_operator_3.py took 0.218 seconds
[2025-09-16T15:05:00.926+0000] {processor.py:161} INFO - Started process (PID=474) to work on /home/airflow/.local/lib/python3.12/site-packages/airflow/example_dags/example_branch_python_dop_operator_3.py
[2025-09-16T15:05:00.928+0000] {processor.py:830} INFO - Processing file /home/airflow/.local/lib/python3.12/site-packages/airflow/example_dags/example_branch_python_dop_operator_3.py for tasks to queue
[2025-09-16T15:05:00.930+0000] {logging_mixin.py:188} INFO - [2025-09-16T15:05:00.930+0000] {dagbag.py:545} INFO - Filling up the DagBag from /home/airflow/.local/lib/python3.12/site-packages/airflow/example_dags/example_branch_python_dop_operator_3.py
[2025-09-16T15:05:00.942+0000] {processor.py:840} INFO - DAG(s) 'example_branch_dop_operator_v3' retrieved from /home/airflow/.local/lib/python3.12/site-packages/airflow/example_dags/example_branch_python_dop_operator_3.py
[2025-09-16T15:05:00.987+0000] {logging_mixin.py:188} INFO - [2025-09-16T15:05:00.986+0000] {dag.py:3096} INFO - Sync 1 DAGs
[2025-09-16T15:05:01.041+0000] {logging_mixin.py:188} INFO - [2025-09-16T15:05:01.040+0000] {dag.py:3954} INFO - Setting next_dagrun for example_branch_dop_operator_v3 to 2025-09-16 15:04:00+00:00, run_after=2025-09-16 15:05:00+00:00
[2025-09-16T15:05:01.079+0000] {processor.py:183} INFO - Processing /home/airflow/.local/lib/python3.12/site-packages/airflow/example_dags/example_branch_python_dop_operator_3.py took 0.161 seconds
[2025-09-16T15:05:31.452+0000] {processor.py:161} INFO - Started process (PID=533) to work on /home/airflow/.local/lib/python3.12/site-packages/airflow/example_dags/example_branch_python_dop_operator_3.py
[2025-09-16T15:05:31.454+0000] {processor.py:830} INFO - Processing file /home/airflow/.local/lib/python3.12/site-packages/airflow/example_dags/example_branch_python_dop_operator_3.py for tasks to queue
[2025-09-16T15:05:31.456+0000] {logging_mixin.py:188} INFO - [2025-09-16T15:05:31.456+0000] {dagbag.py:545} INFO - Filling up the DagBag from /home/airflow/.local/lib/python3.12/site-packages/airflow/example_dags/example_branch_python_dop_operator_3.py
[2025-09-16T15:05:31.467+0000] {processor.py:840} INFO - DAG(s) 'example_branch_dop_operator_v3' retrieved from /home/airflow/.local/lib/python3.12/site-packages/airflow/example_dags/example_branch_python_dop_operator_3.py
[2025-09-16T15:05:31.493+0000] {logging_mixin.py:188} INFO - [2025-09-16T15:05:31.492+0000] {dag.py:3096} INFO - Sync 1 DAGs
[2025-09-16T15:05:31.524+0000] {logging_mixin.py:188} INFO - [2025-09-16T15:05:31.523+0000] {dag.py:3954} INFO - Setting next_dagrun for example_branch_dop_operator_v3 to 2025-09-16 15:04:00+00:00, run_after=2025-09-16 15:05:00+00:00
[2025-09-16T15:05:31.552+0000] {processor.py:183} INFO - Processing /home/airflow/.local/lib/python3.12/site-packages/airflow/example_dags/example_branch_python_dop_operator_3.py took 0.108 seconds
[2025-09-16T15:06:01.974+0000] {processor.py:161} INFO - Started process (PID=592) to work on /home/airflow/.local/lib/python3.12/site-packages/airflow/example_dags/example_branch_python_dop_operator_3.py
[2025-09-16T15:06:01.975+0000] {processor.py:830} INFO - Processing file /home/airflow/.local/lib/python3.12/site-packages/airflow/example_dags/example_branch_python_dop_operator_3.py for tasks to queue
[2025-09-16T15:06:01.977+0000] {logging_mixin.py:188} INFO - [2025-09-16T15:06:01.977+0000] {dagbag.py:545} INFO - Filling up the DagBag from /home/airflow/.local/lib/python3.12/site-packages/airflow/example_dags/example_branch_python_dop_operator_3.py
[2025-09-16T15:06:01.988+0000] {processor.py:840} INFO - DAG(s) 'example_branch_dop_operator_v3' retrieved from /home/airflow/.local/lib/python3.12/site-packages/airflow/example_dags/example_branch_python_dop_operator_3.py
[2025-09-16T15:06:02.015+0000] {logging_mixin.py:188} INFO - [2025-09-16T15:06:02.015+0000] {dag.py:3096} INFO - Sync 1 DAGs
[2025-09-16T15:06:02.048+0000] {logging_mixin.py:188} INFO - [2025-09-16T15:06:02.048+0000] {dag.py:3954} INFO - Setting next_dagrun for example_branch_dop_operator_v3 to 2025-09-16 15:05:00+00:00, run_after=2025-09-16 15:06:00+00:00
[2025-09-16T15:06:02.079+0000] {processor.py:183} INFO - Processing /home/airflow/.local/lib/python3.12/site-packages/airflow/example_dags/example_branch_python_dop_operator_3.py took 0.112 seconds
[2025-09-16T15:06:32.632+0000] {processor.py:161} INFO - Started process (PID=652) to work on /home/airflow/.local/lib/python3.12/site-packages/airflow/example_dags/example_branch_python_dop_operator_3.py
[2025-09-16T15:06:32.634+0000] {processor.py:830} INFO - Processing file /home/airflow/.local/lib/python3.12/site-packages/airflow/example_dags/example_branch_python_dop_operator_3.py for tasks to queue
[2025-09-16T15:06:32.637+0000] {logging_mixin.py:188} INFO - [2025-09-16T15:06:32.636+0000] {dagbag.py:545} INFO - Filling up the DagBag from /home/airflow/.local/lib/python3.12/site-packages/airflow/example_dags/example_branch_python_dop_operator_3.py
[2025-09-16T15:06:32.648+0000] {processor.py:840} INFO - DAG(s) 'example_branch_dop_operator_v3' retrieved from /home/airflow/.local/lib/python3.12/site-packages/airflow/example_dags/example_branch_python_dop_operator_3.py
[2025-09-16T15:06:32.675+0000] {logging_mixin.py:188} INFO - [2025-09-16T15:06:32.674+0000] {dag.py:3096} INFO - Sync 1 DAGs
[2025-09-16T15:06:32.710+0000] {logging_mixin.py:188} INFO - [2025-09-16T15:06:32.709+0000] {dag.py:3954} INFO - Setting next_dagrun for example_branch_dop_operator_v3 to 2025-09-16 15:05:00+00:00, run_after=2025-09-16 15:06:00+00:00
[2025-09-16T15:06:32.737+0000] {processor.py:183} INFO - Processing /home/airflow/.local/lib/python3.12/site-packages/airflow/example_dags/example_branch_python_dop_operator_3.py took 0.114 seconds
[2025-09-16T15:07:03.236+0000] {processor.py:161} INFO - Started process (PID=713) to work on /home/airflow/.local/lib/python3.12/site-packages/airflow/example_dags/example_branch_python_dop_operator_3.py
[2025-09-16T15:07:03.238+0000] {processor.py:830} INFO - Processing file /home/airflow/.local/lib/python3.12/site-packages/airflow/example_dags/example_branch_python_dop_operator_3.py for tasks to queue
[2025-09-16T15:07:03.241+0000] {logging_mixin.py:188} INFO - [2025-09-16T15:07:03.240+0000] {dagbag.py:545} INFO - Filling up the DagBag from /home/airflow/.local/lib/python3.12/site-packages/airflow/example_dags/example_branch_python_dop_operator_3.py
[2025-09-16T15:07:03.251+0000] {processor.py:840} INFO - DAG(s) 'example_branch_dop_operator_v3' retrieved from /home/airflow/.local/lib/python3.12/site-packages/airflow/example_dags/example_branch_python_dop_operator_3.py
[2025-09-16T15:07:03.274+0000] {logging_mixin.py:188} INFO - [2025-09-16T15:07:03.274+0000] {dag.py:3096} INFO - Sync 1 DAGs
[2025-09-16T15:07:03.304+0000] {logging_mixin.py:188} INFO - [2025-09-16T15:07:03.304+0000] {dag.py:3954} INFO - Setting next_dagrun for example_branch_dop_operator_v3 to 2025-09-16 15:06:00+00:00, run_after=2025-09-16 15:07:00+00:00
[2025-09-16T15:07:03.327+0000] {processor.py:183} INFO - Processing /home/airflow/.local/lib/python3.12/site-packages/airflow/example_dags/example_branch_python_dop_operator_3.py took 0.098 seconds
[2025-09-16T15:07:33.550+0000] {processor.py:161} INFO - Started process (PID=773) to work on /home/airflow/.local/lib/python3.12/site-packages/airflow/example_dags/example_branch_python_dop_operator_3.py
[2025-09-16T15:07:33.551+0000] {processor.py:830} INFO - Processing file /home/airflow/.local/lib/python3.12/site-packages/airflow/example_dags/example_branch_python_dop_operator_3.py for tasks to queue
[2025-09-16T15:07:33.554+0000] {logging_mixin.py:188} INFO - [2025-09-16T15:07:33.554+0000] {dagbag.py:545} INFO - Filling up the DagBag from /home/airflow/.local/lib/python3.12/site-packages/airflow/example_dags/example_branch_python_dop_operator_3.py
[2025-09-16T15:07:33.565+0000] {processor.py:840} INFO - DAG(s) 'example_branch_dop_operator_v3' retrieved from /home/airflow/.local/lib/python3.12/site-packages/airflow/example_dags/example_branch_python_dop_operator_3.py
[2025-09-16T15:07:33.589+0000] {logging_mixin.py:188} INFO - [2025-09-16T15:07:33.589+0000] {dag.py:3096} INFO - Sync 1 DAGs
[2025-09-16T15:07:33.618+0000] {logging_mixin.py:188} INFO - [2025-09-16T15:07:33.618+0000] {dag.py:3954} INFO - Setting next_dagrun for example_branch_dop_operator_v3 to 2025-09-16 15:06:00+00:00, run_after=2025-09-16 15:07:00+00:00
[2025-09-16T15:07:33.641+0000] {processor.py:183} INFO - Processing /home/airflow/.local/lib/python3.12/site-packages/airflow/example_dags/example_branch_python_dop_operator_3.py took 0.098 seconds
[2025-09-16T15:08:04.308+0000] {processor.py:161} INFO - Started process (PID=832) to work on /home/airflow/.local/lib/python3.12/site-packages/airflow/example_dags/example_branch_python_dop_operator_3.py
[2025-09-16T15:08:04.309+0000] {processor.py:830} INFO - Processing file /home/airflow/.local/lib/python3.12/site-packages/airflow/example_dags/example_branch_python_dop_operator_3.py for tasks to queue
[2025-09-16T15:08:04.312+0000] {logging_mixin.py:188} INFO - [2025-09-16T15:08:04.311+0000] {dagbag.py:545} INFO - Filling up the DagBag from /home/airflow/.local/lib/python3.12/site-packages/airflow/example_dags/example_branch_python_dop_operator_3.py
[2025-09-16T15:08:04.322+0000] {processor.py:840} INFO - DAG(s) 'example_branch_dop_operator_v3' retrieved from /home/airflow/.local/lib/python3.12/site-packages/airflow/example_dags/example_branch_python_dop_operator_3.py
[2025-09-16T15:08:04.346+0000] {logging_mixin.py:188} INFO - [2025-09-16T15:08:04.346+0000] {dag.py:3096} INFO - Sync 1 DAGs
[2025-09-16T15:08:04.375+0000] {logging_mixin.py:188} INFO - [2025-09-16T15:08:04.375+0000] {dag.py:3954} INFO - Setting next_dagrun for example_branch_dop_operator_v3 to 2025-09-16 15:07:00+00:00, run_after=2025-09-16 15:08:00+00:00
[2025-09-16T15:08:04.403+0000] {processor.py:183} INFO - Processing /home/airflow/.local/lib/python3.12/site-packages/airflow/example_dags/example_branch_python_dop_operator_3.py took 0.102 seconds
[2025-09-16T15:08:34.481+0000] {processor.py:161} INFO - Started process (PID=892) to work on /home/airflow/.local/lib/python3.12/site-packages/airflow/example_dags/example_branch_python_dop_operator_3.py
[2025-09-16T15:08:34.483+0000] {processor.py:830} INFO - Processing file /home/airflow/.local/lib/python3.12/site-packages/airflow/example_dags/example_branch_python_dop_operator_3.py for tasks to queue
[2025-09-16T15:08:34.486+0000] {logging_mixin.py:188} INFO - [2025-09-16T15:08:34.486+0000] {dagbag.py:545} INFO - Filling up the DagBag from /home/airflow/.local/lib/python3.12/site-packages/airflow/example_dags/example_branch_python_dop_operator_3.py
[2025-09-16T15:08:34.498+0000] {processor.py:840} INFO - DAG(s) 'example_branch_dop_operator_v3' retrieved from /home/airflow/.local/lib/python3.12/site-packages/airflow/example_dags/example_branch_python_dop_operator_3.py
[2025-09-16T15:08:34.527+0000] {logging_mixin.py:188} INFO - [2025-09-16T15:08:34.527+0000] {dag.py:3096} INFO - Sync 1 DAGs
[2025-09-16T15:08:34.560+0000] {logging_mixin.py:188} INFO - [2025-09-16T15:08:34.560+0000] {dag.py:3954} INFO - Setting next_dagrun for example_branch_dop_operator_v3 to 2025-09-16 15:07:00+00:00, run_after=2025-09-16 15:08:00+00:00
[2025-09-16T15:08:34.584+0000] {processor.py:183} INFO - Processing /home/airflow/.local/lib/python3.12/site-packages/airflow/example_dags/example_branch_python_dop_operator_3.py took 0.113 seconds
[2025-09-16T15:09:05.267+0000] {processor.py:161} INFO - Started process (PID=952) to work on /home/airflow/.local/lib/python3.12/site-packages/airflow/example_dags/example_branch_python_dop_operator_3.py
[2025-09-16T15:09:05.268+0000] {processor.py:830} INFO - Processing file /home/airflow/.local/lib/python3.12/site-packages/airflow/example_dags/example_branch_python_dop_operator_3.py for tasks to queue
[2025-09-16T15:09:05.272+0000] {logging_mixin.py:188} INFO - [2025-09-16T15:09:05.271+0000] {dagbag.py:545} INFO - Filling up the DagBag from /home/airflow/.local/lib/python3.12/site-packages/airflow/example_dags/example_branch_python_dop_operator_3.py
[2025-09-16T15:09:05.283+0000] {processor.py:840} INFO - DAG(s) 'example_branch_dop_operator_v3' retrieved from /home/airflow/.local/lib/python3.12/site-packages/airflow/example_dags/example_branch_python_dop_operator_3.py
[2025-09-16T15:09:05.312+0000] {logging_mixin.py:188} INFO - [2025-09-16T15:09:05.311+0000] {dag.py:3096} INFO - Sync 1 DAGs
[2025-09-16T15:09:05.345+0000] {logging_mixin.py:188} INFO - [2025-09-16T15:09:05.344+0000] {dag.py:3954} INFO - Setting next_dagrun for example_branch_dop_operator_v3 to 2025-09-16 15:08:00+00:00, run_after=2025-09-16 15:09:00+00:00
[2025-09-16T15:09:05.369+0000] {processor.py:183} INFO - Processing /home/airflow/.local/lib/python3.12/site-packages/airflow/example_dags/example_branch_python_dop_operator_3.py took 0.110 seconds
[2025-09-16T15:09:35.720+0000] {processor.py:161} INFO - Started process (PID=1012) to work on /home/airflow/.local/lib/python3.12/site-packages/airflow/example_dags/example_branch_python_dop_operator_3.py
[2025-09-16T15:09:35.722+0000] {processor.py:830} INFO - Processing file /home/airflow/.local/lib/python3.12/site-packages/airflow/example_dags/example_branch_python_dop_operator_3.py for tasks to queue
[2025-09-16T15:09:35.725+0000] {logging_mixin.py:188} INFO - [2025-09-16T15:09:35.725+0000] {dagbag.py:545} INFO - Filling up the DagBag from /home/airflow/.local/lib/python3.12/site-packages/airflow/example_dags/example_branch_python_dop_operator_3.py
[2025-09-16T15:09:35.737+0000] {processor.py:840} INFO - DAG(s) 'example_branch_dop_operator_v3' retrieved from /home/airflow/.local/lib/python3.12/site-packages/airflow/example_dags/example_branch_python_dop_operator_3.py
[2025-09-16T15:09:35.768+0000] {logging_mixin.py:188} INFO - [2025-09-16T15:09:35.768+0000] {dag.py:3096} INFO - Sync 1 DAGs
[2025-09-16T15:09:35.805+0000] {logging_mixin.py:188} INFO - [2025-09-16T15:09:35.805+0000] {dag.py:3954} INFO - Setting next_dagrun for example_branch_dop_operator_v3 to 2025-09-16 15:08:00+00:00, run_after=2025-09-16 15:09:00+00:00
[2025-09-16T15:09:35.833+0000] {processor.py:183} INFO - Processing /home/airflow/.local/lib/python3.12/site-packages/airflow/example_dags/example_branch_python_dop_operator_3.py took 0.121 seconds
[2025-09-16T15:10:07.023+0000] {processor.py:161} INFO - Started process (PID=1072) to work on /home/airflow/.local/lib/python3.12/site-packages/airflow/example_dags/example_branch_python_dop_operator_3.py
[2025-09-16T15:10:07.025+0000] {processor.py:830} INFO - Processing file /home/airflow/.local/lib/python3.12/site-packages/airflow/example_dags/example_branch_python_dop_operator_3.py for tasks to queue
[2025-09-16T15:10:07.028+0000] {logging_mixin.py:188} INFO - [2025-09-16T15:10:07.028+0000] {dagbag.py:545} INFO - Filling up the DagBag from /home/airflow/.local/lib/python3.12/site-packages/airflow/example_dags/example_branch_python_dop_operator_3.py
[2025-09-16T15:10:07.042+0000] {processor.py:840} INFO - DAG(s) 'example_branch_dop_operator_v3' retrieved from /home/airflow/.local/lib/python3.12/site-packages/airflow/example_dags/example_branch_python_dop_operator_3.py
[2025-09-16T15:10:07.070+0000] {logging_mixin.py:188} INFO - [2025-09-16T15:10:07.070+0000] {dag.py:3096} INFO - Sync 1 DAGs
[2025-09-16T15:10:07.107+0000] {logging_mixin.py:188} INFO - [2025-09-16T15:10:07.106+0000] {dag.py:3954} INFO - Setting next_dagrun for example_branch_dop_operator_v3 to 2025-09-16 15:09:00+00:00, run_after=2025-09-16 15:10:00+00:00
[2025-09-16T15:10:07.137+0000] {processor.py:183} INFO - Processing /home/airflow/.local/lib/python3.12/site-packages/airflow/example_dags/example_branch_python_dop_operator_3.py took 0.124 seconds
[2025-09-16T15:10:37.667+0000] {processor.py:161} INFO - Started process (PID=1132) to work on /home/airflow/.local/lib/python3.12/site-packages/airflow/example_dags/example_branch_python_dop_operator_3.py
[2025-09-16T15:10:37.668+0000] {processor.py:830} INFO - Processing file /home/airflow/.local/lib/python3.12/site-packages/airflow/example_dags/example_branch_python_dop_operator_3.py for tasks to queue
[2025-09-16T15:10:37.671+0000] {logging_mixin.py:188} INFO - [2025-09-16T15:10:37.671+0000] {dagbag.py:545} INFO - Filling up the DagBag from /home/airflow/.local/lib/python3.12/site-packages/airflow/example_dags/example_branch_python_dop_operator_3.py
[2025-09-16T15:10:37.685+0000] {processor.py:840} INFO - DAG(s) 'example_branch_dop_operator_v3' retrieved from /home/airflow/.local/lib/python3.12/site-packages/airflow/example_dags/example_branch_python_dop_operator_3.py
[2025-09-16T15:10:37.712+0000] {logging_mixin.py:188} INFO - [2025-09-16T15:10:37.712+0000] {dag.py:3096} INFO - Sync 1 DAGs
[2025-09-16T15:10:37.750+0000] {logging_mixin.py:188} INFO - [2025-09-16T15:10:37.750+0000] {dag.py:3954} INFO - Setting next_dagrun for example_branch_dop_operator_v3 to 2025-09-16 15:09:00+00:00, run_after=2025-09-16 15:10:00+00:00
[2025-09-16T15:10:37.783+0000] {processor.py:183} INFO - Processing /home/airflow/.local/lib/python3.12/site-packages/airflow/example_dags/example_branch_python_dop_operator_3.py took 0.124 seconds
[2025-09-16T15:11:07.930+0000] {processor.py:161} INFO - Started process (PID=1191) to work on /home/airflow/.local/lib/python3.12/site-packages/airflow/example_dags/example_branch_python_dop_operator_3.py
[2025-09-16T15:11:07.931+0000] {processor.py:830} INFO - Processing file /home/airflow/.local/lib/python3.12/site-packages/airflow/example_dags/example_branch_python_dop_operator_3.py for tasks to queue
[2025-09-16T15:11:07.934+0000] {logging_mixin.py:188} INFO - [2025-09-16T15:11:07.934+0000] {dagbag.py:545} INFO - Filling up the DagBag from /home/airflow/.local/lib/python3.12/site-packages/airflow/example_dags/example_branch_python_dop_operator_3.py
[2025-09-16T15:11:07.946+0000] {processor.py:840} INFO - DAG(s) 'example_branch_dop_operator_v3' retrieved from /home/airflow/.local/lib/python3.12/site-packages/airflow/example_dags/example_branch_python_dop_operator_3.py
[2025-09-16T15:11:07.976+0000] {logging_mixin.py:188} INFO - [2025-09-16T15:11:07.975+0000] {dag.py:3096} INFO - Sync 1 DAGs
[2025-09-16T15:11:08.010+0000] {logging_mixin.py:188} INFO - [2025-09-16T15:11:08.009+0000] {dag.py:3954} INFO - Setting next_dagrun for example_branch_dop_operator_v3 to 2025-09-16 15:10:00+00:00, run_after=2025-09-16 15:11:00+00:00
[2025-09-16T15:11:08.045+0000] {processor.py:183} INFO - Processing /home/airflow/.local/lib/python3.12/site-packages/airflow/example_dags/example_branch_python_dop_operator_3.py took 0.122 seconds
[2025-09-16T15:11:38.400+0000] {processor.py:161} INFO - Started process (PID=1250) to work on /home/airflow/.local/lib/python3.12/site-packages/airflow/example_dags/example_branch_python_dop_operator_3.py
[2025-09-16T15:11:38.401+0000] {processor.py:830} INFO - Processing file /home/airflow/.local/lib/python3.12/site-packages/airflow/example_dags/example_branch_python_dop_operator_3.py for tasks to queue
[2025-09-16T15:11:38.404+0000] {logging_mixin.py:188} INFO - [2025-09-16T15:11:38.404+0000] {dagbag.py:545} INFO - Filling up the DagBag from /home/airflow/.local/lib/python3.12/site-packages/airflow/example_dags/example_branch_python_dop_operator_3.py
[2025-09-16T15:11:38.416+0000] {processor.py:840} INFO - DAG(s) 'example_branch_dop_operator_v3' retrieved from /home/airflow/.local/lib/python3.12/site-packages/airflow/example_dags/example_branch_python_dop_operator_3.py
[2025-09-16T15:11:38.445+0000] {logging_mixin.py:188} INFO - [2025-09-16T15:11:38.445+0000] {dag.py:3096} INFO - Sync 1 DAGs
[2025-09-16T15:11:38.481+0000] {logging_mixin.py:188} INFO - [2025-09-16T15:11:38.481+0000] {dag.py:3954} INFO - Setting next_dagrun for example_branch_dop_operator_v3 to 2025-09-16 15:10:00+00:00, run_after=2025-09-16 15:11:00+00:00
[2025-09-16T15:11:38.527+0000] {processor.py:183} INFO - Processing /home/airflow/.local/lib/python3.12/site-packages/airflow/example_dags/example_branch_python_dop_operator_3.py took 0.137 seconds
[2025-09-16T15:12:08.857+0000] {processor.py:161} INFO - Started process (PID=1310) to work on /home/airflow/.local/lib/python3.12/site-packages/airflow/example_dags/example_branch_python_dop_operator_3.py
[2025-09-16T15:12:08.858+0000] {processor.py:830} INFO - Processing file /home/airflow/.local/lib/python3.12/site-packages/airflow/example_dags/example_branch_python_dop_operator_3.py for tasks to queue
[2025-09-16T15:12:08.861+0000] {logging_mixin.py:188} INFO - [2025-09-16T15:12:08.860+0000] {dagbag.py:545} INFO - Filling up the DagBag from /home/airflow/.local/lib/python3.12/site-packages/airflow/example_dags/example_branch_python_dop_operator_3.py
[2025-09-16T15:12:08.872+0000] {processor.py:840} INFO - DAG(s) 'example_branch_dop_operator_v3' retrieved from /home/airflow/.local/lib/python3.12/site-packages/airflow/example_dags/example_branch_python_dop_operator_3.py
[2025-09-16T15:12:08.901+0000] {logging_mixin.py:188} INFO - [2025-09-16T15:12:08.900+0000] {dag.py:3096} INFO - Sync 1 DAGs
[2025-09-16T15:12:08.957+0000] {logging_mixin.py:188} INFO - [2025-09-16T15:12:08.956+0000] {dag.py:3954} INFO - Setting next_dagrun for example_branch_dop_operator_v3 to 2025-09-16 15:11:00+00:00, run_after=2025-09-16 15:12:00+00:00
[2025-09-16T15:12:08.987+0000] {processor.py:183} INFO - Processing /home/airflow/.local/lib/python3.12/site-packages/airflow/example_dags/example_branch_python_dop_operator_3.py took 0.138 seconds
[2025-09-16T15:12:39.182+0000] {processor.py:161} INFO - Started process (PID=1370) to work on /home/airflow/.local/lib/python3.12/site-packages/airflow/example_dags/example_branch_python_dop_operator_3.py
[2025-09-16T15:12:39.184+0000] {processor.py:830} INFO - Processing file /home/airflow/.local/lib/python3.12/site-packages/airflow/example_dags/example_branch_python_dop_operator_3.py for tasks to queue
[2025-09-16T15:12:39.187+0000] {logging_mixin.py:188} INFO - [2025-09-16T15:12:39.186+0000] {dagbag.py:545} INFO - Filling up the DagBag from /home/airflow/.local/lib/python3.12/site-packages/airflow/example_dags/example_branch_python_dop_operator_3.py
[2025-09-16T15:12:39.197+0000] {processor.py:840} INFO - DAG(s) 'example_branch_dop_operator_v3' retrieved from /home/airflow/.local/lib/python3.12/site-packages/airflow/example_dags/example_branch_python_dop_operator_3.py
[2025-09-16T15:12:39.223+0000] {logging_mixin.py:188} INFO - [2025-09-16T15:12:39.222+0000] {dag.py:3096} INFO - Sync 1 DAGs
[2025-09-16T15:12:39.258+0000] {logging_mixin.py:188} INFO - [2025-09-16T15:12:39.257+0000] {dag.py:3954} INFO - Setting next_dagrun for example_branch_dop_operator_v3 to 2025-09-16 15:11:00+00:00, run_after=2025-09-16 15:12:00+00:00
[2025-09-16T15:12:39.294+0000] {processor.py:183} INFO - Processing /home/airflow/.local/lib/python3.12/site-packages/airflow/example_dags/example_branch_python_dop_operator_3.py took 0.120 seconds
[2025-09-16T15:13:09.614+0000] {processor.py:161} INFO - Started process (PID=1430) to work on /home/airflow/.local/lib/python3.12/site-packages/airflow/example_dags/example_branch_python_dop_operator_3.py
[2025-09-16T15:13:09.616+0000] {processor.py:830} INFO - Processing file /home/airflow/.local/lib/python3.12/site-packages/airflow/example_dags/example_branch_python_dop_operator_3.py for tasks to queue
[2025-09-16T15:13:09.619+0000] {logging_mixin.py:188} INFO - [2025-09-16T15:13:09.618+0000] {dagbag.py:545} INFO - Filling up the DagBag from /home/airflow/.local/lib/python3.12/site-packages/airflow/example_dags/example_branch_python_dop_operator_3.py
[2025-09-16T15:13:09.631+0000] {processor.py:840} INFO - DAG(s) 'example_branch_dop_operator_v3' retrieved from /home/airflow/.local/lib/python3.12/site-packages/airflow/example_dags/example_branch_python_dop_operator_3.py
[2025-09-16T15:13:09.656+0000] {logging_mixin.py:188} INFO - [2025-09-16T15:13:09.656+0000] {dag.py:3096} INFO - Sync 1 DAGs
[2025-09-16T15:13:09.688+0000] {logging_mixin.py:188} INFO - [2025-09-16T15:13:09.688+0000] {dag.py:3954} INFO - Setting next_dagrun for example_branch_dop_operator_v3 to 2025-09-16 15:12:00+00:00, run_after=2025-09-16 15:13:00+00:00
[2025-09-16T15:13:09.717+0000] {processor.py:183} INFO - Processing /home/airflow/.local/lib/python3.12/site-packages/airflow/example_dags/example_branch_python_dop_operator_3.py took 0.110 seconds
[2025-09-16T15:13:39.838+0000] {processor.py:161} INFO - Started process (PID=1490) to work on /home/airflow/.local/lib/python3.12/site-packages/airflow/example_dags/example_branch_python_dop_operator_3.py
[2025-09-16T15:13:39.839+0000] {processor.py:830} INFO - Processing file /home/airflow/.local/lib/python3.12/site-packages/airflow/example_dags/example_branch_python_dop_operator_3.py for tasks to queue
[2025-09-16T15:13:39.842+0000] {logging_mixin.py:188} INFO - [2025-09-16T15:13:39.841+0000] {dagbag.py:545} INFO - Filling up the DagBag from /home/airflow/.local/lib/python3.12/site-packages/airflow/example_dags/example_branch_python_dop_operator_3.py
[2025-09-16T15:13:39.852+0000] {processor.py:840} INFO - DAG(s) 'example_branch_dop_operator_v3' retrieved from /home/airflow/.local/lib/python3.12/site-packages/airflow/example_dags/example_branch_python_dop_operator_3.py
[2025-09-16T15:13:39.879+0000] {logging_mixin.py:188} INFO - [2025-09-16T15:13:39.879+0000] {dag.py:3096} INFO - Sync 1 DAGs
[2025-09-16T15:13:39.917+0000] {logging_mixin.py:188} INFO - [2025-09-16T15:13:39.917+0000] {dag.py:3954} INFO - Setting next_dagrun for example_branch_dop_operator_v3 to 2025-09-16 15:12:00+00:00, run_after=2025-09-16 15:13:00+00:00
[2025-09-16T15:13:39.946+0000] {processor.py:183} INFO - Processing /home/airflow/.local/lib/python3.12/site-packages/airflow/example_dags/example_branch_python_dop_operator_3.py took 0.116 seconds
