[2025-09-16T14:07:53.309+0000] {processor.py:161} INFO - Started process (PID=139) to work on /home/airflow/.local/lib/python3.12/site-packages/airflow/example_dags/example_latest_only.py
[2025-09-16T14:07:53.321+0000] {processor.py:830} INFO - Processing file /home/airflow/.local/lib/python3.12/site-packages/airflow/example_dags/example_latest_only.py for tasks to queue
[2025-09-16T14:07:53.329+0000] {logging_mixin.py:188} INFO - [2025-09-16T14:07:53.326+0000] {dagbag.py:545} INFO - Filling up the DagBag from /home/airflow/.local/lib/python3.12/site-packages/airflow/example_dags/example_latest_only.py
[2025-09-16T14:07:53.445+0000] {processor.py:840} INFO - DAG(s) 'latest_only' retrieved from /home/airflow/.local/lib/python3.12/site-packages/airflow/example_dags/example_latest_only.py
[2025-09-16T14:07:53.498+0000] {logging_mixin.py:188} INFO - [2025-09-16T14:07:53.498+0000] {dag.py:3096} INFO - Sync 1 DAGs
[2025-09-16T14:07:53.565+0000] {logging_mixin.py:188} INFO - [2025-09-16T14:07:53.564+0000] {dag.py:3954} INFO - Setting next_dagrun for latest_only to 2025-09-16 08:00:00+00:00, run_after=2025-09-16 12:00:00+00:00
[2025-09-16T14:07:53.608+0000] {processor.py:183} INFO - Processing /home/airflow/.local/lib/python3.12/site-packages/airflow/example_dags/example_latest_only.py took 0.335 seconds
[2025-09-16T14:08:23.990+0000] {processor.py:161} INFO - Started process (PID=199) to work on /home/airflow/.local/lib/python3.12/site-packages/airflow/example_dags/example_latest_only.py
[2025-09-16T14:08:23.992+0000] {processor.py:830} INFO - Processing file /home/airflow/.local/lib/python3.12/site-packages/airflow/example_dags/example_latest_only.py for tasks to queue
[2025-09-16T14:08:23.996+0000] {logging_mixin.py:188} INFO - [2025-09-16T14:08:23.995+0000] {dagbag.py:545} INFO - Filling up the DagBag from /home/airflow/.local/lib/python3.12/site-packages/airflow/example_dags/example_latest_only.py
[2025-09-16T14:08:24.003+0000] {processor.py:840} INFO - DAG(s) 'latest_only' retrieved from /home/airflow/.local/lib/python3.12/site-packages/airflow/example_dags/example_latest_only.py
[2025-09-16T14:08:24.149+0000] {logging_mixin.py:188} INFO - [2025-09-16T14:08:24.148+0000] {dag.py:3096} INFO - Sync 1 DAGs
[2025-09-16T14:08:24.173+0000] {logging_mixin.py:188} INFO - [2025-09-16T14:08:24.173+0000] {dag.py:3954} INFO - Setting next_dagrun for latest_only to 2025-09-16 08:00:00+00:00, run_after=2025-09-16 12:00:00+00:00
[2025-09-16T14:08:24.199+0000] {processor.py:183} INFO - Processing /home/airflow/.local/lib/python3.12/site-packages/airflow/example_dags/example_latest_only.py took 0.220 seconds
[2025-09-16T14:08:55.178+0000] {processor.py:161} INFO - Started process (PID=259) to work on /home/airflow/.local/lib/python3.12/site-packages/airflow/example_dags/example_latest_only.py
[2025-09-16T14:08:55.181+0000] {processor.py:830} INFO - Processing file /home/airflow/.local/lib/python3.12/site-packages/airflow/example_dags/example_latest_only.py for tasks to queue
[2025-09-16T14:08:55.186+0000] {logging_mixin.py:188} INFO - [2025-09-16T14:08:55.185+0000] {dagbag.py:545} INFO - Filling up the DagBag from /home/airflow/.local/lib/python3.12/site-packages/airflow/example_dags/example_latest_only.py
[2025-09-16T14:08:55.194+0000] {processor.py:840} INFO - DAG(s) 'latest_only' retrieved from /home/airflow/.local/lib/python3.12/site-packages/airflow/example_dags/example_latest_only.py
[2025-09-16T14:08:55.235+0000] {logging_mixin.py:188} INFO - [2025-09-16T14:08:55.235+0000] {dag.py:3096} INFO - Sync 1 DAGs
[2025-09-16T14:08:55.284+0000] {logging_mixin.py:188} INFO - [2025-09-16T14:08:55.284+0000] {dag.py:3954} INFO - Setting next_dagrun for latest_only to 2025-09-16 08:00:00+00:00, run_after=2025-09-16 12:00:00+00:00
[2025-09-16T14:08:55.323+0000] {processor.py:183} INFO - Processing /home/airflow/.local/lib/python3.12/site-packages/airflow/example_dags/example_latest_only.py took 0.157 seconds
[2025-09-16T14:09:26.114+0000] {processor.py:161} INFO - Started process (PID=319) to work on /home/airflow/.local/lib/python3.12/site-packages/airflow/example_dags/example_latest_only.py
[2025-09-16T14:09:26.115+0000] {processor.py:830} INFO - Processing file /home/airflow/.local/lib/python3.12/site-packages/airflow/example_dags/example_latest_only.py for tasks to queue
[2025-09-16T14:09:26.120+0000] {logging_mixin.py:188} INFO - [2025-09-16T14:09:26.118+0000] {dagbag.py:545} INFO - Filling up the DagBag from /home/airflow/.local/lib/python3.12/site-packages/airflow/example_dags/example_latest_only.py
[2025-09-16T14:09:26.130+0000] {processor.py:840} INFO - DAG(s) 'latest_only' retrieved from /home/airflow/.local/lib/python3.12/site-packages/airflow/example_dags/example_latest_only.py
[2025-09-16T14:09:26.175+0000] {logging_mixin.py:188} INFO - [2025-09-16T14:09:26.175+0000] {dag.py:3096} INFO - Sync 1 DAGs
[2025-09-16T14:09:26.221+0000] {logging_mixin.py:188} INFO - [2025-09-16T14:09:26.220+0000] {dag.py:3954} INFO - Setting next_dagrun for latest_only to 2025-09-16 08:00:00+00:00, run_after=2025-09-16 12:00:00+00:00
[2025-09-16T14:09:26.276+0000] {processor.py:183} INFO - Processing /home/airflow/.local/lib/python3.12/site-packages/airflow/example_dags/example_latest_only.py took 0.172 seconds
[2025-09-16T14:09:56.569+0000] {processor.py:161} INFO - Started process (PID=377) to work on /home/airflow/.local/lib/python3.12/site-packages/airflow/example_dags/example_latest_only.py
[2025-09-16T14:09:56.571+0000] {processor.py:830} INFO - Processing file /home/airflow/.local/lib/python3.12/site-packages/airflow/example_dags/example_latest_only.py for tasks to queue
[2025-09-16T14:09:56.574+0000] {logging_mixin.py:188} INFO - [2025-09-16T14:09:56.574+0000] {dagbag.py:545} INFO - Filling up the DagBag from /home/airflow/.local/lib/python3.12/site-packages/airflow/example_dags/example_latest_only.py
[2025-09-16T14:09:56.580+0000] {processor.py:840} INFO - DAG(s) 'latest_only' retrieved from /home/airflow/.local/lib/python3.12/site-packages/airflow/example_dags/example_latest_only.py
[2025-09-16T14:09:56.605+0000] {logging_mixin.py:188} INFO - [2025-09-16T14:09:56.605+0000] {dag.py:3096} INFO - Sync 1 DAGs
[2025-09-16T14:09:56.631+0000] {logging_mixin.py:188} INFO - [2025-09-16T14:09:56.631+0000] {dag.py:3954} INFO - Setting next_dagrun for latest_only to 2025-09-16 08:00:00+00:00, run_after=2025-09-16 12:00:00+00:00
[2025-09-16T14:09:56.663+0000] {processor.py:183} INFO - Processing /home/airflow/.local/lib/python3.12/site-packages/airflow/example_dags/example_latest_only.py took 0.101 seconds
[2025-09-16T14:10:27.044+0000] {processor.py:161} INFO - Started process (PID=437) to work on /home/airflow/.local/lib/python3.12/site-packages/airflow/example_dags/example_latest_only.py
[2025-09-16T14:10:27.046+0000] {processor.py:830} INFO - Processing file /home/airflow/.local/lib/python3.12/site-packages/airflow/example_dags/example_latest_only.py for tasks to queue
[2025-09-16T14:10:27.048+0000] {logging_mixin.py:188} INFO - [2025-09-16T14:10:27.048+0000] {dagbag.py:545} INFO - Filling up the DagBag from /home/airflow/.local/lib/python3.12/site-packages/airflow/example_dags/example_latest_only.py
[2025-09-16T14:10:27.058+0000] {processor.py:840} INFO - DAG(s) 'latest_only' retrieved from /home/airflow/.local/lib/python3.12/site-packages/airflow/example_dags/example_latest_only.py
[2025-09-16T14:10:27.085+0000] {logging_mixin.py:188} INFO - [2025-09-16T14:10:27.084+0000] {dag.py:3096} INFO - Sync 1 DAGs
[2025-09-16T14:10:27.116+0000] {logging_mixin.py:188} INFO - [2025-09-16T14:10:27.116+0000] {dag.py:3954} INFO - Setting next_dagrun for latest_only to 2025-09-16 08:00:00+00:00, run_after=2025-09-16 12:00:00+00:00
[2025-09-16T14:10:27.159+0000] {processor.py:183} INFO - Processing /home/airflow/.local/lib/python3.12/site-packages/airflow/example_dags/example_latest_only.py took 0.122 seconds
[2025-09-16T14:10:57.597+0000] {processor.py:161} INFO - Started process (PID=497) to work on /home/airflow/.local/lib/python3.12/site-packages/airflow/example_dags/example_latest_only.py
[2025-09-16T14:10:57.599+0000] {processor.py:830} INFO - Processing file /home/airflow/.local/lib/python3.12/site-packages/airflow/example_dags/example_latest_only.py for tasks to queue
[2025-09-16T14:10:57.602+0000] {logging_mixin.py:188} INFO - [2025-09-16T14:10:57.601+0000] {dagbag.py:545} INFO - Filling up the DagBag from /home/airflow/.local/lib/python3.12/site-packages/airflow/example_dags/example_latest_only.py
[2025-09-16T14:10:57.609+0000] {processor.py:840} INFO - DAG(s) 'latest_only' retrieved from /home/airflow/.local/lib/python3.12/site-packages/airflow/example_dags/example_latest_only.py
[2025-09-16T14:10:57.635+0000] {logging_mixin.py:188} INFO - [2025-09-16T14:10:57.635+0000] {dag.py:3096} INFO - Sync 1 DAGs
[2025-09-16T14:10:57.665+0000] {logging_mixin.py:188} INFO - [2025-09-16T14:10:57.664+0000] {dag.py:3954} INFO - Setting next_dagrun for latest_only to 2025-09-16 08:00:00+00:00, run_after=2025-09-16 12:00:00+00:00
[2025-09-16T14:10:57.688+0000] {processor.py:183} INFO - Processing /home/airflow/.local/lib/python3.12/site-packages/airflow/example_dags/example_latest_only.py took 0.099 seconds
[2025-09-16T14:11:28.112+0000] {processor.py:161} INFO - Started process (PID=557) to work on /home/airflow/.local/lib/python3.12/site-packages/airflow/example_dags/example_latest_only.py
[2025-09-16T14:11:28.114+0000] {processor.py:830} INFO - Processing file /home/airflow/.local/lib/python3.12/site-packages/airflow/example_dags/example_latest_only.py for tasks to queue
[2025-09-16T14:11:28.118+0000] {logging_mixin.py:188} INFO - [2025-09-16T14:11:28.117+0000] {dagbag.py:545} INFO - Filling up the DagBag from /home/airflow/.local/lib/python3.12/site-packages/airflow/example_dags/example_latest_only.py
[2025-09-16T14:11:28.126+0000] {processor.py:840} INFO - DAG(s) 'latest_only' retrieved from /home/airflow/.local/lib/python3.12/site-packages/airflow/example_dags/example_latest_only.py
[2025-09-16T14:11:28.157+0000] {logging_mixin.py:188} INFO - [2025-09-16T14:11:28.157+0000] {dag.py:3096} INFO - Sync 1 DAGs
[2025-09-16T14:11:28.194+0000] {logging_mixin.py:188} INFO - [2025-09-16T14:11:28.193+0000] {dag.py:3954} INFO - Setting next_dagrun for latest_only to 2025-09-16 08:00:00+00:00, run_after=2025-09-16 12:00:00+00:00
[2025-09-16T14:11:28.235+0000] {processor.py:183} INFO - Processing /home/airflow/.local/lib/python3.12/site-packages/airflow/example_dags/example_latest_only.py took 0.131 seconds
[2025-09-16T14:11:58.911+0000] {processor.py:161} INFO - Started process (PID=617) to work on /home/airflow/.local/lib/python3.12/site-packages/airflow/example_dags/example_latest_only.py
[2025-09-16T14:11:58.913+0000] {processor.py:830} INFO - Processing file /home/airflow/.local/lib/python3.12/site-packages/airflow/example_dags/example_latest_only.py for tasks to queue
[2025-09-16T14:11:58.917+0000] {logging_mixin.py:188} INFO - [2025-09-16T14:11:58.916+0000] {dagbag.py:545} INFO - Filling up the DagBag from /home/airflow/.local/lib/python3.12/site-packages/airflow/example_dags/example_latest_only.py
[2025-09-16T14:11:58.925+0000] {processor.py:840} INFO - DAG(s) 'latest_only' retrieved from /home/airflow/.local/lib/python3.12/site-packages/airflow/example_dags/example_latest_only.py
[2025-09-16T14:11:58.955+0000] {logging_mixin.py:188} INFO - [2025-09-16T14:11:58.955+0000] {dag.py:3096} INFO - Sync 1 DAGs
[2025-09-16T14:11:58.992+0000] {logging_mixin.py:188} INFO - [2025-09-16T14:11:58.992+0000] {dag.py:3954} INFO - Setting next_dagrun for latest_only to 2025-09-16 08:00:00+00:00, run_after=2025-09-16 12:00:00+00:00
[2025-09-16T14:11:59.037+0000] {processor.py:183} INFO - Processing /home/airflow/.local/lib/python3.12/site-packages/airflow/example_dags/example_latest_only.py took 0.138 seconds
[2025-09-16T14:12:29.719+0000] {processor.py:161} INFO - Started process (PID=677) to work on /home/airflow/.local/lib/python3.12/site-packages/airflow/example_dags/example_latest_only.py
[2025-09-16T14:12:29.721+0000] {processor.py:830} INFO - Processing file /home/airflow/.local/lib/python3.12/site-packages/airflow/example_dags/example_latest_only.py for tasks to queue
[2025-09-16T14:12:29.724+0000] {logging_mixin.py:188} INFO - [2025-09-16T14:12:29.723+0000] {dagbag.py:545} INFO - Filling up the DagBag from /home/airflow/.local/lib/python3.12/site-packages/airflow/example_dags/example_latest_only.py
[2025-09-16T14:12:29.731+0000] {processor.py:840} INFO - DAG(s) 'latest_only' retrieved from /home/airflow/.local/lib/python3.12/site-packages/airflow/example_dags/example_latest_only.py
[2025-09-16T14:12:29.760+0000] {logging_mixin.py:188} INFO - [2025-09-16T14:12:29.759+0000] {dag.py:3096} INFO - Sync 1 DAGs
[2025-09-16T14:12:29.797+0000] {logging_mixin.py:188} INFO - [2025-09-16T14:12:29.797+0000] {dag.py:3954} INFO - Setting next_dagrun for latest_only to 2025-09-16 08:00:00+00:00, run_after=2025-09-16 12:00:00+00:00
[2025-09-16T14:12:29.846+0000] {processor.py:183} INFO - Processing /home/airflow/.local/lib/python3.12/site-packages/airflow/example_dags/example_latest_only.py took 0.136 seconds
[2025-09-16T14:13:00.106+0000] {processor.py:161} INFO - Started process (PID=737) to work on /home/airflow/.local/lib/python3.12/site-packages/airflow/example_dags/example_latest_only.py
[2025-09-16T14:13:00.107+0000] {processor.py:830} INFO - Processing file /home/airflow/.local/lib/python3.12/site-packages/airflow/example_dags/example_latest_only.py for tasks to queue
[2025-09-16T14:13:00.110+0000] {logging_mixin.py:188} INFO - [2025-09-16T14:13:00.110+0000] {dagbag.py:545} INFO - Filling up the DagBag from /home/airflow/.local/lib/python3.12/site-packages/airflow/example_dags/example_latest_only.py
[2025-09-16T14:13:00.117+0000] {processor.py:840} INFO - DAG(s) 'latest_only' retrieved from /home/airflow/.local/lib/python3.12/site-packages/airflow/example_dags/example_latest_only.py
[2025-09-16T14:13:00.144+0000] {logging_mixin.py:188} INFO - [2025-09-16T14:13:00.144+0000] {dag.py:3096} INFO - Sync 1 DAGs
[2025-09-16T14:13:00.179+0000] {logging_mixin.py:188} INFO - [2025-09-16T14:13:00.179+0000] {dag.py:3954} INFO - Setting next_dagrun for latest_only to 2025-09-16 08:00:00+00:00, run_after=2025-09-16 12:00:00+00:00
[2025-09-16T14:13:00.212+0000] {processor.py:183} INFO - Processing /home/airflow/.local/lib/python3.12/site-packages/airflow/example_dags/example_latest_only.py took 0.115 seconds
[2025-09-16T14:13:30.602+0000] {processor.py:161} INFO - Started process (PID=797) to work on /home/airflow/.local/lib/python3.12/site-packages/airflow/example_dags/example_latest_only.py
[2025-09-16T14:13:30.604+0000] {processor.py:830} INFO - Processing file /home/airflow/.local/lib/python3.12/site-packages/airflow/example_dags/example_latest_only.py for tasks to queue
[2025-09-16T14:13:30.606+0000] {logging_mixin.py:188} INFO - [2025-09-16T14:13:30.606+0000] {dagbag.py:545} INFO - Filling up the DagBag from /home/airflow/.local/lib/python3.12/site-packages/airflow/example_dags/example_latest_only.py
[2025-09-16T14:13:30.615+0000] {processor.py:840} INFO - DAG(s) 'latest_only' retrieved from /home/airflow/.local/lib/python3.12/site-packages/airflow/example_dags/example_latest_only.py
[2025-09-16T14:13:30.646+0000] {logging_mixin.py:188} INFO - [2025-09-16T14:13:30.645+0000] {dag.py:3096} INFO - Sync 1 DAGs
[2025-09-16T14:13:30.679+0000] {logging_mixin.py:188} INFO - [2025-09-16T14:13:30.679+0000] {dag.py:3954} INFO - Setting next_dagrun for latest_only to 2025-09-16 08:00:00+00:00, run_after=2025-09-16 12:00:00+00:00
[2025-09-16T14:13:30.710+0000] {processor.py:183} INFO - Processing /home/airflow/.local/lib/python3.12/site-packages/airflow/example_dags/example_latest_only.py took 0.118 seconds
[2025-09-16T14:14:00.953+0000] {processor.py:161} INFO - Started process (PID=863) to work on /home/airflow/.local/lib/python3.12/site-packages/airflow/example_dags/example_latest_only.py
[2025-09-16T14:14:00.955+0000] {processor.py:830} INFO - Processing file /home/airflow/.local/lib/python3.12/site-packages/airflow/example_dags/example_latest_only.py for tasks to queue
[2025-09-16T14:14:00.960+0000] {logging_mixin.py:188} INFO - [2025-09-16T14:14:00.960+0000] {dagbag.py:545} INFO - Filling up the DagBag from /home/airflow/.local/lib/python3.12/site-packages/airflow/example_dags/example_latest_only.py
[2025-09-16T14:14:00.981+0000] {processor.py:840} INFO - DAG(s) 'latest_only' retrieved from /home/airflow/.local/lib/python3.12/site-packages/airflow/example_dags/example_latest_only.py
[2025-09-16T14:14:01.042+0000] {logging_mixin.py:188} INFO - [2025-09-16T14:14:01.041+0000] {dag.py:3096} INFO - Sync 1 DAGs
[2025-09-16T14:14:01.128+0000] {logging_mixin.py:188} INFO - [2025-09-16T14:14:01.127+0000] {dag.py:3954} INFO - Setting next_dagrun for latest_only to 2025-09-16 08:00:00+00:00, run_after=2025-09-16 12:00:00+00:00
[2025-09-16T14:14:01.223+0000] {processor.py:183} INFO - Processing /home/airflow/.local/lib/python3.12/site-packages/airflow/example_dags/example_latest_only.py took 0.282 seconds
[2025-09-16T14:14:31.360+0000] {processor.py:161} INFO - Started process (PID=926) to work on /home/airflow/.local/lib/python3.12/site-packages/airflow/example_dags/example_latest_only.py
[2025-09-16T14:14:31.362+0000] {processor.py:830} INFO - Processing file /home/airflow/.local/lib/python3.12/site-packages/airflow/example_dags/example_latest_only.py for tasks to queue
[2025-09-16T14:14:31.367+0000] {logging_mixin.py:188} INFO - [2025-09-16T14:14:31.366+0000] {dagbag.py:545} INFO - Filling up the DagBag from /home/airflow/.local/lib/python3.12/site-packages/airflow/example_dags/example_latest_only.py
[2025-09-16T14:14:31.384+0000] {processor.py:840} INFO - DAG(s) 'latest_only' retrieved from /home/airflow/.local/lib/python3.12/site-packages/airflow/example_dags/example_latest_only.py
[2025-09-16T14:14:31.452+0000] {logging_mixin.py:188} INFO - [2025-09-16T14:14:31.451+0000] {dag.py:3096} INFO - Sync 1 DAGs
[2025-09-16T14:14:31.535+0000] {logging_mixin.py:188} INFO - [2025-09-16T14:14:31.533+0000] {dag.py:3954} INFO - Setting next_dagrun for latest_only to 2025-09-16 08:00:00+00:00, run_after=2025-09-16 12:00:00+00:00
[2025-09-16T14:14:31.612+0000] {processor.py:183} INFO - Processing /home/airflow/.local/lib/python3.12/site-packages/airflow/example_dags/example_latest_only.py took 0.262 seconds
[2025-09-16T14:15:02.047+0000] {processor.py:161} INFO - Started process (PID=986) to work on /home/airflow/.local/lib/python3.12/site-packages/airflow/example_dags/example_latest_only.py
[2025-09-16T14:15:02.053+0000] {processor.py:830} INFO - Processing file /home/airflow/.local/lib/python3.12/site-packages/airflow/example_dags/example_latest_only.py for tasks to queue
[2025-09-16T14:15:02.062+0000] {logging_mixin.py:188} INFO - [2025-09-16T14:15:02.061+0000] {dagbag.py:545} INFO - Filling up the DagBag from /home/airflow/.local/lib/python3.12/site-packages/airflow/example_dags/example_latest_only.py
[2025-09-16T14:15:02.087+0000] {processor.py:840} INFO - DAG(s) 'latest_only' retrieved from /home/airflow/.local/lib/python3.12/site-packages/airflow/example_dags/example_latest_only.py
[2025-09-16T14:15:02.265+0000] {logging_mixin.py:188} INFO - [2025-09-16T14:15:02.262+0000] {dag.py:3096} INFO - Sync 1 DAGs
[2025-09-16T14:15:03.278+0000] {logging_mixin.py:188} INFO - [2025-09-16T14:15:03.277+0000] {process_utils.py:263} INFO - Waiting up to 5 seconds for processes to exit...
[2025-09-16T14:16:43.972+0000] {processor.py:161} INFO - Started process (PID=92) to work on /home/airflow/.local/lib/python3.12/site-packages/airflow/example_dags/example_latest_only.py
[2025-09-16T14:16:43.975+0000] {processor.py:830} INFO - Processing file /home/airflow/.local/lib/python3.12/site-packages/airflow/example_dags/example_latest_only.py for tasks to queue
[2025-09-16T14:16:43.979+0000] {logging_mixin.py:188} INFO - [2025-09-16T14:16:43.978+0000] {dagbag.py:545} INFO - Filling up the DagBag from /home/airflow/.local/lib/python3.12/site-packages/airflow/example_dags/example_latest_only.py
[2025-09-16T14:16:43.992+0000] {processor.py:840} INFO - DAG(s) 'latest_only' retrieved from /home/airflow/.local/lib/python3.12/site-packages/airflow/example_dags/example_latest_only.py
[2025-09-16T14:16:44.201+0000] {logging_mixin.py:188} INFO - [2025-09-16T14:16:44.201+0000] {dag.py:3096} INFO - Sync 1 DAGs
[2025-09-16T14:16:44.241+0000] {logging_mixin.py:188} INFO - [2025-09-16T14:16:44.240+0000] {dag.py:3954} INFO - Setting next_dagrun for latest_only to 2025-09-16 08:00:00+00:00, run_after=2025-09-16 12:00:00+00:00
[2025-09-16T14:16:44.290+0000] {processor.py:183} INFO - Processing /home/airflow/.local/lib/python3.12/site-packages/airflow/example_dags/example_latest_only.py took 0.328 seconds
[2025-09-16T14:17:15.144+0000] {processor.py:161} INFO - Started process (PID=153) to work on /home/airflow/.local/lib/python3.12/site-packages/airflow/example_dags/example_latest_only.py
[2025-09-16T14:17:15.146+0000] {processor.py:830} INFO - Processing file /home/airflow/.local/lib/python3.12/site-packages/airflow/example_dags/example_latest_only.py for tasks to queue
[2025-09-16T14:17:15.148+0000] {logging_mixin.py:188} INFO - [2025-09-16T14:17:15.148+0000] {dagbag.py:545} INFO - Filling up the DagBag from /home/airflow/.local/lib/python3.12/site-packages/airflow/example_dags/example_latest_only.py
[2025-09-16T14:17:15.155+0000] {processor.py:840} INFO - DAG(s) 'latest_only' retrieved from /home/airflow/.local/lib/python3.12/site-packages/airflow/example_dags/example_latest_only.py
[2025-09-16T14:17:15.181+0000] {logging_mixin.py:188} INFO - [2025-09-16T14:17:15.181+0000] {dag.py:3096} INFO - Sync 1 DAGs
[2025-09-16T14:17:15.211+0000] {logging_mixin.py:188} INFO - [2025-09-16T14:17:15.211+0000] {dag.py:3954} INFO - Setting next_dagrun for latest_only to 2025-09-16 08:00:00+00:00, run_after=2025-09-16 12:00:00+00:00
[2025-09-16T14:17:15.242+0000] {processor.py:183} INFO - Processing /home/airflow/.local/lib/python3.12/site-packages/airflow/example_dags/example_latest_only.py took 0.105 seconds
[2025-09-16T14:17:46.317+0000] {processor.py:161} INFO - Started process (PID=213) to work on /home/airflow/.local/lib/python3.12/site-packages/airflow/example_dags/example_latest_only.py
[2025-09-16T14:17:46.320+0000] {processor.py:830} INFO - Processing file /home/airflow/.local/lib/python3.12/site-packages/airflow/example_dags/example_latest_only.py for tasks to queue
[2025-09-16T14:17:46.326+0000] {logging_mixin.py:188} INFO - [2025-09-16T14:17:46.325+0000] {dagbag.py:545} INFO - Filling up the DagBag from /home/airflow/.local/lib/python3.12/site-packages/airflow/example_dags/example_latest_only.py
[2025-09-16T14:17:46.339+0000] {processor.py:840} INFO - DAG(s) 'latest_only' retrieved from /home/airflow/.local/lib/python3.12/site-packages/airflow/example_dags/example_latest_only.py
[2025-09-16T14:17:46.380+0000] {logging_mixin.py:188} INFO - [2025-09-16T14:17:46.380+0000] {dag.py:3096} INFO - Sync 1 DAGs
[2025-09-16T14:17:46.425+0000] {logging_mixin.py:188} INFO - [2025-09-16T14:17:46.424+0000] {dag.py:3954} INFO - Setting next_dagrun for latest_only to 2025-09-16 08:00:00+00:00, run_after=2025-09-16 12:00:00+00:00
[2025-09-16T14:17:46.468+0000] {processor.py:183} INFO - Processing /home/airflow/.local/lib/python3.12/site-packages/airflow/example_dags/example_latest_only.py took 0.166 seconds
[2025-09-16T14:18:17.068+0000] {processor.py:161} INFO - Started process (PID=273) to work on /home/airflow/.local/lib/python3.12/site-packages/airflow/example_dags/example_latest_only.py
[2025-09-16T14:18:17.070+0000] {processor.py:830} INFO - Processing file /home/airflow/.local/lib/python3.12/site-packages/airflow/example_dags/example_latest_only.py for tasks to queue
[2025-09-16T14:18:17.072+0000] {logging_mixin.py:188} INFO - [2025-09-16T14:18:17.072+0000] {dagbag.py:545} INFO - Filling up the DagBag from /home/airflow/.local/lib/python3.12/site-packages/airflow/example_dags/example_latest_only.py
[2025-09-16T14:18:17.079+0000] {processor.py:840} INFO - DAG(s) 'latest_only' retrieved from /home/airflow/.local/lib/python3.12/site-packages/airflow/example_dags/example_latest_only.py
[2025-09-16T14:18:17.104+0000] {logging_mixin.py:188} INFO - [2025-09-16T14:18:17.104+0000] {dag.py:3096} INFO - Sync 1 DAGs
[2025-09-16T14:18:17.139+0000] {logging_mixin.py:188} INFO - [2025-09-16T14:18:17.139+0000] {dag.py:3954} INFO - Setting next_dagrun for latest_only to 2025-09-16 08:00:00+00:00, run_after=2025-09-16 12:00:00+00:00
[2025-09-16T14:18:17.168+0000] {processor.py:183} INFO - Processing /home/airflow/.local/lib/python3.12/site-packages/airflow/example_dags/example_latest_only.py took 0.108 seconds
[2025-09-16T14:18:47.953+0000] {processor.py:161} INFO - Started process (PID=333) to work on /home/airflow/.local/lib/python3.12/site-packages/airflow/example_dags/example_latest_only.py
[2025-09-16T14:18:47.954+0000] {processor.py:830} INFO - Processing file /home/airflow/.local/lib/python3.12/site-packages/airflow/example_dags/example_latest_only.py for tasks to queue
[2025-09-16T14:18:47.956+0000] {logging_mixin.py:188} INFO - [2025-09-16T14:18:47.956+0000] {dagbag.py:545} INFO - Filling up the DagBag from /home/airflow/.local/lib/python3.12/site-packages/airflow/example_dags/example_latest_only.py
[2025-09-16T14:18:47.962+0000] {processor.py:840} INFO - DAG(s) 'latest_only' retrieved from /home/airflow/.local/lib/python3.12/site-packages/airflow/example_dags/example_latest_only.py
[2025-09-16T14:18:47.985+0000] {logging_mixin.py:188} INFO - [2025-09-16T14:18:47.985+0000] {dag.py:3096} INFO - Sync 1 DAGs
[2025-09-16T14:18:48.011+0000] {logging_mixin.py:188} INFO - [2025-09-16T14:18:48.011+0000] {dag.py:3954} INFO - Setting next_dagrun for latest_only to 2025-09-16 08:00:00+00:00, run_after=2025-09-16 12:00:00+00:00
[2025-09-16T14:18:48.037+0000] {processor.py:183} INFO - Processing /home/airflow/.local/lib/python3.12/site-packages/airflow/example_dags/example_latest_only.py took 0.091 seconds
[2025-09-16T14:19:18.151+0000] {processor.py:161} INFO - Started process (PID=392) to work on /home/airflow/.local/lib/python3.12/site-packages/airflow/example_dags/example_latest_only.py
[2025-09-16T14:19:18.153+0000] {processor.py:830} INFO - Processing file /home/airflow/.local/lib/python3.12/site-packages/airflow/example_dags/example_latest_only.py for tasks to queue
[2025-09-16T14:19:18.156+0000] {logging_mixin.py:188} INFO - [2025-09-16T14:19:18.155+0000] {dagbag.py:545} INFO - Filling up the DagBag from /home/airflow/.local/lib/python3.12/site-packages/airflow/example_dags/example_latest_only.py
[2025-09-16T14:19:18.162+0000] {processor.py:840} INFO - DAG(s) 'latest_only' retrieved from /home/airflow/.local/lib/python3.12/site-packages/airflow/example_dags/example_latest_only.py
[2025-09-16T14:19:18.190+0000] {logging_mixin.py:188} INFO - [2025-09-16T14:19:18.190+0000] {dag.py:3096} INFO - Sync 1 DAGs
[2025-09-16T14:19:18.222+0000] {logging_mixin.py:188} INFO - [2025-09-16T14:19:18.221+0000] {dag.py:3954} INFO - Setting next_dagrun for latest_only to 2025-09-16 08:00:00+00:00, run_after=2025-09-16 12:00:00+00:00
[2025-09-16T14:19:18.249+0000] {processor.py:183} INFO - Processing /home/airflow/.local/lib/python3.12/site-packages/airflow/example_dags/example_latest_only.py took 0.106 seconds
[2025-09-16T14:19:48.332+0000] {processor.py:161} INFO - Started process (PID=452) to work on /home/airflow/.local/lib/python3.12/site-packages/airflow/example_dags/example_latest_only.py
[2025-09-16T14:19:48.334+0000] {processor.py:830} INFO - Processing file /home/airflow/.local/lib/python3.12/site-packages/airflow/example_dags/example_latest_only.py for tasks to queue
[2025-09-16T14:19:48.337+0000] {logging_mixin.py:188} INFO - [2025-09-16T14:19:48.336+0000] {dagbag.py:545} INFO - Filling up the DagBag from /home/airflow/.local/lib/python3.12/site-packages/airflow/example_dags/example_latest_only.py
[2025-09-16T14:19:48.343+0000] {processor.py:840} INFO - DAG(s) 'latest_only' retrieved from /home/airflow/.local/lib/python3.12/site-packages/airflow/example_dags/example_latest_only.py
[2025-09-16T14:19:48.366+0000] {logging_mixin.py:188} INFO - [2025-09-16T14:19:48.365+0000] {dag.py:3096} INFO - Sync 1 DAGs
[2025-09-16T14:19:48.393+0000] {logging_mixin.py:188} INFO - [2025-09-16T14:19:48.393+0000] {dag.py:3954} INFO - Setting next_dagrun for latest_only to 2025-09-16 08:00:00+00:00, run_after=2025-09-16 12:00:00+00:00
[2025-09-16T14:19:48.439+0000] {processor.py:183} INFO - Processing /home/airflow/.local/lib/python3.12/site-packages/airflow/example_dags/example_latest_only.py took 0.114 seconds
[2025-09-16T14:20:19.332+0000] {processor.py:161} INFO - Started process (PID=512) to work on /home/airflow/.local/lib/python3.12/site-packages/airflow/example_dags/example_latest_only.py
[2025-09-16T14:20:19.334+0000] {processor.py:830} INFO - Processing file /home/airflow/.local/lib/python3.12/site-packages/airflow/example_dags/example_latest_only.py for tasks to queue
[2025-09-16T14:20:19.337+0000] {logging_mixin.py:188} INFO - [2025-09-16T14:20:19.337+0000] {dagbag.py:545} INFO - Filling up the DagBag from /home/airflow/.local/lib/python3.12/site-packages/airflow/example_dags/example_latest_only.py
[2025-09-16T14:20:19.345+0000] {processor.py:840} INFO - DAG(s) 'latest_only' retrieved from /home/airflow/.local/lib/python3.12/site-packages/airflow/example_dags/example_latest_only.py
[2025-09-16T14:20:19.372+0000] {logging_mixin.py:188} INFO - [2025-09-16T14:20:19.372+0000] {dag.py:3096} INFO - Sync 1 DAGs
[2025-09-16T14:20:19.407+0000] {logging_mixin.py:188} INFO - [2025-09-16T14:20:19.407+0000] {dag.py:3954} INFO - Setting next_dagrun for latest_only to 2025-09-16 08:00:00+00:00, run_after=2025-09-16 12:00:00+00:00
[2025-09-16T14:20:19.436+0000] {processor.py:183} INFO - Processing /home/airflow/.local/lib/python3.12/site-packages/airflow/example_dags/example_latest_only.py took 0.114 seconds
[2025-09-16T14:20:49.935+0000] {processor.py:161} INFO - Started process (PID=572) to work on /home/airflow/.local/lib/python3.12/site-packages/airflow/example_dags/example_latest_only.py
[2025-09-16T14:20:49.937+0000] {processor.py:830} INFO - Processing file /home/airflow/.local/lib/python3.12/site-packages/airflow/example_dags/example_latest_only.py for tasks to queue
[2025-09-16T14:20:49.940+0000] {logging_mixin.py:188} INFO - [2025-09-16T14:20:49.940+0000] {dagbag.py:545} INFO - Filling up the DagBag from /home/airflow/.local/lib/python3.12/site-packages/airflow/example_dags/example_latest_only.py
[2025-09-16T14:20:49.949+0000] {processor.py:840} INFO - DAG(s) 'latest_only' retrieved from /home/airflow/.local/lib/python3.12/site-packages/airflow/example_dags/example_latest_only.py
[2025-09-16T14:20:49.990+0000] {logging_mixin.py:188} INFO - [2025-09-16T14:20:49.990+0000] {dag.py:3096} INFO - Sync 1 DAGs
[2025-09-16T14:20:50.028+0000] {logging_mixin.py:188} INFO - [2025-09-16T14:20:50.028+0000] {dag.py:3954} INFO - Setting next_dagrun for latest_only to 2025-09-16 08:00:00+00:00, run_after=2025-09-16 12:00:00+00:00
[2025-09-16T14:20:50.087+0000] {processor.py:183} INFO - Processing /home/airflow/.local/lib/python3.12/site-packages/airflow/example_dags/example_latest_only.py took 0.163 seconds
[2025-09-16T14:54:09.596+0000] {processor.py:161} INFO - Started process (PID=91) to work on /home/airflow/.local/lib/python3.12/site-packages/airflow/example_dags/example_latest_only.py
[2025-09-16T14:54:09.605+0000] {processor.py:830} INFO - Processing file /home/airflow/.local/lib/python3.12/site-packages/airflow/example_dags/example_latest_only.py for tasks to queue
[2025-09-16T14:54:09.611+0000] {logging_mixin.py:188} INFO - [2025-09-16T14:54:09.610+0000] {dagbag.py:545} INFO - Filling up the DagBag from /home/airflow/.local/lib/python3.12/site-packages/airflow/example_dags/example_latest_only.py
[2025-09-16T14:54:09.632+0000] {processor.py:840} INFO - DAG(s) 'latest_only' retrieved from /home/airflow/.local/lib/python3.12/site-packages/airflow/example_dags/example_latest_only.py
[2025-09-16T14:54:09.835+0000] {logging_mixin.py:188} INFO - [2025-09-16T14:54:09.835+0000] {dag.py:3096} INFO - Sync 1 DAGs
[2025-09-16T14:54:09.873+0000] {logging_mixin.py:188} INFO - [2025-09-16T14:54:09.872+0000] {dag.py:3954} INFO - Setting next_dagrun for latest_only to 2025-09-16 08:00:00+00:00, run_after=2025-09-16 12:00:00+00:00
[2025-09-16T14:54:09.910+0000] {processor.py:183} INFO - Processing /home/airflow/.local/lib/python3.12/site-packages/airflow/example_dags/example_latest_only.py took 0.325 seconds
[2025-09-16T14:54:39.998+0000] {processor.py:161} INFO - Started process (PID=151) to work on /home/airflow/.local/lib/python3.12/site-packages/airflow/example_dags/example_latest_only.py
[2025-09-16T14:54:40.001+0000] {processor.py:830} INFO - Processing file /home/airflow/.local/lib/python3.12/site-packages/airflow/example_dags/example_latest_only.py for tasks to queue
[2025-09-16T14:54:40.006+0000] {logging_mixin.py:188} INFO - [2025-09-16T14:54:40.005+0000] {dagbag.py:545} INFO - Filling up the DagBag from /home/airflow/.local/lib/python3.12/site-packages/airflow/example_dags/example_latest_only.py
[2025-09-16T14:54:40.017+0000] {processor.py:840} INFO - DAG(s) 'latest_only' retrieved from /home/airflow/.local/lib/python3.12/site-packages/airflow/example_dags/example_latest_only.py
[2025-09-16T14:54:40.065+0000] {logging_mixin.py:188} INFO - [2025-09-16T14:54:40.065+0000] {dag.py:3096} INFO - Sync 1 DAGs
[2025-09-16T14:54:40.107+0000] {logging_mixin.py:188} INFO - [2025-09-16T14:54:40.107+0000] {dag.py:3954} INFO - Setting next_dagrun for latest_only to 2025-09-16 08:00:00+00:00, run_after=2025-09-16 12:00:00+00:00
[2025-09-16T14:54:40.183+0000] {processor.py:183} INFO - Processing /home/airflow/.local/lib/python3.12/site-packages/airflow/example_dags/example_latest_only.py took 0.198 seconds
[2025-09-16T14:55:11.269+0000] {processor.py:161} INFO - Started process (PID=212) to work on /home/airflow/.local/lib/python3.12/site-packages/airflow/example_dags/example_latest_only.py
[2025-09-16T14:55:11.271+0000] {processor.py:830} INFO - Processing file /home/airflow/.local/lib/python3.12/site-packages/airflow/example_dags/example_latest_only.py for tasks to queue
[2025-09-16T14:55:11.275+0000] {logging_mixin.py:188} INFO - [2025-09-16T14:55:11.274+0000] {dagbag.py:545} INFO - Filling up the DagBag from /home/airflow/.local/lib/python3.12/site-packages/airflow/example_dags/example_latest_only.py
[2025-09-16T14:55:11.284+0000] {processor.py:840} INFO - DAG(s) 'latest_only' retrieved from /home/airflow/.local/lib/python3.12/site-packages/airflow/example_dags/example_latest_only.py
[2025-09-16T14:55:11.317+0000] {logging_mixin.py:188} INFO - [2025-09-16T14:55:11.316+0000] {dag.py:3096} INFO - Sync 1 DAGs
[2025-09-16T14:55:11.354+0000] {logging_mixin.py:188} INFO - [2025-09-16T14:55:11.354+0000] {dag.py:3954} INFO - Setting next_dagrun for latest_only to 2025-09-16 08:00:00+00:00, run_after=2025-09-16 12:00:00+00:00
[2025-09-16T14:55:11.400+0000] {processor.py:183} INFO - Processing /home/airflow/.local/lib/python3.12/site-packages/airflow/example_dags/example_latest_only.py took 0.139 seconds
[2025-09-16T14:55:42.327+0000] {processor.py:161} INFO - Started process (PID=272) to work on /home/airflow/.local/lib/python3.12/site-packages/airflow/example_dags/example_latest_only.py
[2025-09-16T14:55:42.328+0000] {processor.py:830} INFO - Processing file /home/airflow/.local/lib/python3.12/site-packages/airflow/example_dags/example_latest_only.py for tasks to queue
[2025-09-16T14:55:42.331+0000] {logging_mixin.py:188} INFO - [2025-09-16T14:55:42.331+0000] {dagbag.py:545} INFO - Filling up the DagBag from /home/airflow/.local/lib/python3.12/site-packages/airflow/example_dags/example_latest_only.py
[2025-09-16T14:55:42.337+0000] {processor.py:840} INFO - DAG(s) 'latest_only' retrieved from /home/airflow/.local/lib/python3.12/site-packages/airflow/example_dags/example_latest_only.py
[2025-09-16T14:55:42.361+0000] {logging_mixin.py:188} INFO - [2025-09-16T14:55:42.360+0000] {dag.py:3096} INFO - Sync 1 DAGs
[2025-09-16T14:55:42.388+0000] {logging_mixin.py:188} INFO - [2025-09-16T14:55:42.388+0000] {dag.py:3954} INFO - Setting next_dagrun for latest_only to 2025-09-16 08:00:00+00:00, run_after=2025-09-16 12:00:00+00:00
[2025-09-16T14:55:42.422+0000] {processor.py:183} INFO - Processing /home/airflow/.local/lib/python3.12/site-packages/airflow/example_dags/example_latest_only.py took 0.103 seconds
[2025-09-16T14:56:13.450+0000] {processor.py:161} INFO - Started process (PID=332) to work on /home/airflow/.local/lib/python3.12/site-packages/airflow/example_dags/example_latest_only.py
[2025-09-16T14:56:13.452+0000] {processor.py:830} INFO - Processing file /home/airflow/.local/lib/python3.12/site-packages/airflow/example_dags/example_latest_only.py for tasks to queue
[2025-09-16T14:56:13.456+0000] {logging_mixin.py:188} INFO - [2025-09-16T14:56:13.455+0000] {dagbag.py:545} INFO - Filling up the DagBag from /home/airflow/.local/lib/python3.12/site-packages/airflow/example_dags/example_latest_only.py
[2025-09-16T14:56:13.462+0000] {processor.py:840} INFO - DAG(s) 'latest_only' retrieved from /home/airflow/.local/lib/python3.12/site-packages/airflow/example_dags/example_latest_only.py
[2025-09-16T14:56:13.489+0000] {logging_mixin.py:188} INFO - [2025-09-16T14:56:13.489+0000] {dag.py:3096} INFO - Sync 1 DAGs
[2025-09-16T14:56:13.522+0000] {logging_mixin.py:188} INFO - [2025-09-16T14:56:13.521+0000] {dag.py:3954} INFO - Setting next_dagrun for latest_only to 2025-09-16 08:00:00+00:00, run_after=2025-09-16 12:00:00+00:00
[2025-09-16T14:56:13.548+0000] {processor.py:183} INFO - Processing /home/airflow/.local/lib/python3.12/site-packages/airflow/example_dags/example_latest_only.py took 0.107 seconds
[2025-09-16T14:56:43.787+0000] {processor.py:161} INFO - Started process (PID=392) to work on /home/airflow/.local/lib/python3.12/site-packages/airflow/example_dags/example_latest_only.py
[2025-09-16T14:56:43.789+0000] {processor.py:830} INFO - Processing file /home/airflow/.local/lib/python3.12/site-packages/airflow/example_dags/example_latest_only.py for tasks to queue
[2025-09-16T14:56:43.792+0000] {logging_mixin.py:188} INFO - [2025-09-16T14:56:43.792+0000] {dagbag.py:545} INFO - Filling up the DagBag from /home/airflow/.local/lib/python3.12/site-packages/airflow/example_dags/example_latest_only.py
[2025-09-16T14:56:43.802+0000] {processor.py:840} INFO - DAG(s) 'latest_only' retrieved from /home/airflow/.local/lib/python3.12/site-packages/airflow/example_dags/example_latest_only.py
[2025-09-16T14:56:43.845+0000] {logging_mixin.py:188} INFO - [2025-09-16T14:56:43.845+0000] {dag.py:3096} INFO - Sync 1 DAGs
[2025-09-16T14:56:43.892+0000] {logging_mixin.py:188} INFO - [2025-09-16T14:56:43.892+0000] {dag.py:3954} INFO - Setting next_dagrun for latest_only to 2025-09-16 08:00:00+00:00, run_after=2025-09-16 12:00:00+00:00
[2025-09-16T14:56:43.930+0000] {processor.py:183} INFO - Processing /home/airflow/.local/lib/python3.12/site-packages/airflow/example_dags/example_latest_only.py took 0.154 seconds
[2025-09-16T14:57:14.060+0000] {processor.py:161} INFO - Started process (PID=450) to work on /home/airflow/.local/lib/python3.12/site-packages/airflow/example_dags/example_latest_only.py
[2025-09-16T14:57:14.062+0000] {processor.py:830} INFO - Processing file /home/airflow/.local/lib/python3.12/site-packages/airflow/example_dags/example_latest_only.py for tasks to queue
[2025-09-16T14:57:14.065+0000] {logging_mixin.py:188} INFO - [2025-09-16T14:57:14.064+0000] {dagbag.py:545} INFO - Filling up the DagBag from /home/airflow/.local/lib/python3.12/site-packages/airflow/example_dags/example_latest_only.py
[2025-09-16T14:57:14.072+0000] {processor.py:840} INFO - DAG(s) 'latest_only' retrieved from /home/airflow/.local/lib/python3.12/site-packages/airflow/example_dags/example_latest_only.py
[2025-09-16T14:57:14.105+0000] {logging_mixin.py:188} INFO - [2025-09-16T14:57:14.104+0000] {dag.py:3096} INFO - Sync 1 DAGs
[2025-09-16T14:57:14.139+0000] {logging_mixin.py:188} INFO - [2025-09-16T14:57:14.138+0000] {dag.py:3954} INFO - Setting next_dagrun for latest_only to 2025-09-16 08:00:00+00:00, run_after=2025-09-16 12:00:00+00:00
[2025-09-16T14:57:14.166+0000] {processor.py:183} INFO - Processing /home/airflow/.local/lib/python3.12/site-packages/airflow/example_dags/example_latest_only.py took 0.113 seconds
[2025-09-16T14:57:44.366+0000] {processor.py:161} INFO - Started process (PID=510) to work on /home/airflow/.local/lib/python3.12/site-packages/airflow/example_dags/example_latest_only.py
[2025-09-16T14:57:44.367+0000] {processor.py:830} INFO - Processing file /home/airflow/.local/lib/python3.12/site-packages/airflow/example_dags/example_latest_only.py for tasks to queue
[2025-09-16T14:57:44.370+0000] {logging_mixin.py:188} INFO - [2025-09-16T14:57:44.370+0000] {dagbag.py:545} INFO - Filling up the DagBag from /home/airflow/.local/lib/python3.12/site-packages/airflow/example_dags/example_latest_only.py
[2025-09-16T14:57:44.377+0000] {processor.py:840} INFO - DAG(s) 'latest_only' retrieved from /home/airflow/.local/lib/python3.12/site-packages/airflow/example_dags/example_latest_only.py
[2025-09-16T14:57:44.400+0000] {logging_mixin.py:188} INFO - [2025-09-16T14:57:44.400+0000] {dag.py:3096} INFO - Sync 1 DAGs
[2025-09-16T14:57:44.426+0000] {logging_mixin.py:188} INFO - [2025-09-16T14:57:44.426+0000] {dag.py:3954} INFO - Setting next_dagrun for latest_only to 2025-09-16 08:00:00+00:00, run_after=2025-09-16 12:00:00+00:00
[2025-09-16T14:57:44.449+0000] {processor.py:183} INFO - Processing /home/airflow/.local/lib/python3.12/site-packages/airflow/example_dags/example_latest_only.py took 0.091 seconds
[2025-09-16T14:58:15.005+0000] {processor.py:161} INFO - Started process (PID=572) to work on /home/airflow/.local/lib/python3.12/site-packages/airflow/example_dags/example_latest_only.py
[2025-09-16T14:58:15.007+0000] {processor.py:830} INFO - Processing file /home/airflow/.local/lib/python3.12/site-packages/airflow/example_dags/example_latest_only.py for tasks to queue
[2025-09-16T14:58:15.010+0000] {logging_mixin.py:188} INFO - [2025-09-16T14:58:15.009+0000] {dagbag.py:545} INFO - Filling up the DagBag from /home/airflow/.local/lib/python3.12/site-packages/airflow/example_dags/example_latest_only.py
[2025-09-16T14:58:15.017+0000] {processor.py:840} INFO - DAG(s) 'latest_only' retrieved from /home/airflow/.local/lib/python3.12/site-packages/airflow/example_dags/example_latest_only.py
[2025-09-16T14:58:15.047+0000] {logging_mixin.py:188} INFO - [2025-09-16T14:58:15.047+0000] {dag.py:3096} INFO - Sync 1 DAGs
[2025-09-16T14:58:15.079+0000] {logging_mixin.py:188} INFO - [2025-09-16T14:58:15.078+0000] {dag.py:3954} INFO - Setting next_dagrun for latest_only to 2025-09-16 08:00:00+00:00, run_after=2025-09-16 12:00:00+00:00
[2025-09-16T14:58:15.104+0000] {processor.py:183} INFO - Processing /home/airflow/.local/lib/python3.12/site-packages/airflow/example_dags/example_latest_only.py took 0.107 seconds
[2025-09-16T14:58:45.272+0000] {processor.py:161} INFO - Started process (PID=631) to work on /home/airflow/.local/lib/python3.12/site-packages/airflow/example_dags/example_latest_only.py
[2025-09-16T14:58:45.274+0000] {processor.py:830} INFO - Processing file /home/airflow/.local/lib/python3.12/site-packages/airflow/example_dags/example_latest_only.py for tasks to queue
[2025-09-16T14:58:45.277+0000] {logging_mixin.py:188} INFO - [2025-09-16T14:58:45.276+0000] {dagbag.py:545} INFO - Filling up the DagBag from /home/airflow/.local/lib/python3.12/site-packages/airflow/example_dags/example_latest_only.py
[2025-09-16T14:58:45.283+0000] {processor.py:840} INFO - DAG(s) 'latest_only' retrieved from /home/airflow/.local/lib/python3.12/site-packages/airflow/example_dags/example_latest_only.py
[2025-09-16T14:58:45.306+0000] {logging_mixin.py:188} INFO - [2025-09-16T14:58:45.306+0000] {dag.py:3096} INFO - Sync 1 DAGs
[2025-09-16T14:58:45.333+0000] {logging_mixin.py:188} INFO - [2025-09-16T14:58:45.333+0000] {dag.py:3954} INFO - Setting next_dagrun for latest_only to 2025-09-16 08:00:00+00:00, run_after=2025-09-16 12:00:00+00:00
[2025-09-16T14:58:45.359+0000] {processor.py:183} INFO - Processing /home/airflow/.local/lib/python3.12/site-packages/airflow/example_dags/example_latest_only.py took 0.095 seconds
[2025-09-16T14:59:15.693+0000] {processor.py:161} INFO - Started process (PID=691) to work on /home/airflow/.local/lib/python3.12/site-packages/airflow/example_dags/example_latest_only.py
[2025-09-16T14:59:15.695+0000] {processor.py:830} INFO - Processing file /home/airflow/.local/lib/python3.12/site-packages/airflow/example_dags/example_latest_only.py for tasks to queue
[2025-09-16T14:59:15.697+0000] {logging_mixin.py:188} INFO - [2025-09-16T14:59:15.697+0000] {dagbag.py:545} INFO - Filling up the DagBag from /home/airflow/.local/lib/python3.12/site-packages/airflow/example_dags/example_latest_only.py
[2025-09-16T14:59:15.704+0000] {processor.py:840} INFO - DAG(s) 'latest_only' retrieved from /home/airflow/.local/lib/python3.12/site-packages/airflow/example_dags/example_latest_only.py
[2025-09-16T14:59:15.729+0000] {logging_mixin.py:188} INFO - [2025-09-16T14:59:15.729+0000] {dag.py:3096} INFO - Sync 1 DAGs
[2025-09-16T14:59:15.756+0000] {logging_mixin.py:188} INFO - [2025-09-16T14:59:15.756+0000] {dag.py:3954} INFO - Setting next_dagrun for latest_only to 2025-09-16 08:00:00+00:00, run_after=2025-09-16 12:00:00+00:00
[2025-09-16T14:59:15.778+0000] {processor.py:183} INFO - Processing /home/airflow/.local/lib/python3.12/site-packages/airflow/example_dags/example_latest_only.py took 0.092 seconds
[2025-09-16T14:59:46.705+0000] {processor.py:161} INFO - Started process (PID=751) to work on /home/airflow/.local/lib/python3.12/site-packages/airflow/example_dags/example_latest_only.py
[2025-09-16T14:59:46.707+0000] {processor.py:830} INFO - Processing file /home/airflow/.local/lib/python3.12/site-packages/airflow/example_dags/example_latest_only.py for tasks to queue
[2025-09-16T14:59:46.709+0000] {logging_mixin.py:188} INFO - [2025-09-16T14:59:46.709+0000] {dagbag.py:545} INFO - Filling up the DagBag from /home/airflow/.local/lib/python3.12/site-packages/airflow/example_dags/example_latest_only.py
[2025-09-16T14:59:46.714+0000] {processor.py:840} INFO - DAG(s) 'latest_only' retrieved from /home/airflow/.local/lib/python3.12/site-packages/airflow/example_dags/example_latest_only.py
[2025-09-16T14:59:46.738+0000] {logging_mixin.py:188} INFO - [2025-09-16T14:59:46.737+0000] {dag.py:3096} INFO - Sync 1 DAGs
[2025-09-16T14:59:46.764+0000] {logging_mixin.py:188} INFO - [2025-09-16T14:59:46.764+0000] {dag.py:3954} INFO - Setting next_dagrun for latest_only to 2025-09-16 08:00:00+00:00, run_after=2025-09-16 12:00:00+00:00
[2025-09-16T14:59:46.791+0000] {processor.py:183} INFO - Processing /home/airflow/.local/lib/python3.12/site-packages/airflow/example_dags/example_latest_only.py took 0.092 seconds
[2025-09-16T15:00:17.900+0000] {processor.py:161} INFO - Started process (PID=811) to work on /home/airflow/.local/lib/python3.12/site-packages/airflow/example_dags/example_latest_only.py
[2025-09-16T15:00:17.902+0000] {processor.py:830} INFO - Processing file /home/airflow/.local/lib/python3.12/site-packages/airflow/example_dags/example_latest_only.py for tasks to queue
[2025-09-16T15:00:17.904+0000] {logging_mixin.py:188} INFO - [2025-09-16T15:00:17.904+0000] {dagbag.py:545} INFO - Filling up the DagBag from /home/airflow/.local/lib/python3.12/site-packages/airflow/example_dags/example_latest_only.py
[2025-09-16T15:00:17.909+0000] {processor.py:840} INFO - DAG(s) 'latest_only' retrieved from /home/airflow/.local/lib/python3.12/site-packages/airflow/example_dags/example_latest_only.py
[2025-09-16T15:00:17.932+0000] {logging_mixin.py:188} INFO - [2025-09-16T15:00:17.932+0000] {dag.py:3096} INFO - Sync 1 DAGs
[2025-09-16T15:00:17.959+0000] {logging_mixin.py:188} INFO - [2025-09-16T15:00:17.959+0000] {dag.py:3954} INFO - Setting next_dagrun for latest_only to 2025-09-16 08:00:00+00:00, run_after=2025-09-16 12:00:00+00:00
[2025-09-16T15:00:17.983+0000] {processor.py:183} INFO - Processing /home/airflow/.local/lib/python3.12/site-packages/airflow/example_dags/example_latest_only.py took 0.089 seconds
[2025-09-16T15:01:51.619+0000] {processor.py:161} INFO - Started process (PID=92) to work on /home/airflow/.local/lib/python3.12/site-packages/airflow/example_dags/example_latest_only.py
[2025-09-16T15:01:51.622+0000] {processor.py:830} INFO - Processing file /home/airflow/.local/lib/python3.12/site-packages/airflow/example_dags/example_latest_only.py for tasks to queue
[2025-09-16T15:01:51.627+0000] {logging_mixin.py:188} INFO - [2025-09-16T15:01:51.626+0000] {dagbag.py:545} INFO - Filling up the DagBag from /home/airflow/.local/lib/python3.12/site-packages/airflow/example_dags/example_latest_only.py
[2025-09-16T15:01:51.645+0000] {processor.py:840} INFO - DAG(s) 'latest_only' retrieved from /home/airflow/.local/lib/python3.12/site-packages/airflow/example_dags/example_latest_only.py
[2025-09-16T15:01:51.963+0000] {logging_mixin.py:188} INFO - [2025-09-16T15:01:51.963+0000] {dag.py:3096} INFO - Sync 1 DAGs
[2025-09-16T15:01:52.015+0000] {logging_mixin.py:188} INFO - [2025-09-16T15:01:52.015+0000] {dag.py:3954} INFO - Setting next_dagrun for latest_only to 2025-09-16 08:00:00+00:00, run_after=2025-09-16 12:00:00+00:00
[2025-09-16T15:01:52.063+0000] {processor.py:183} INFO - Processing /home/airflow/.local/lib/python3.12/site-packages/airflow/example_dags/example_latest_only.py took 0.458 seconds
[2025-09-16T15:02:22.586+0000] {processor.py:161} INFO - Started process (PID=152) to work on /home/airflow/.local/lib/python3.12/site-packages/airflow/example_dags/example_latest_only.py
[2025-09-16T15:02:22.587+0000] {processor.py:830} INFO - Processing file /home/airflow/.local/lib/python3.12/site-packages/airflow/example_dags/example_latest_only.py for tasks to queue
[2025-09-16T15:02:22.591+0000] {logging_mixin.py:188} INFO - [2025-09-16T15:02:22.591+0000] {dagbag.py:545} INFO - Filling up the DagBag from /home/airflow/.local/lib/python3.12/site-packages/airflow/example_dags/example_latest_only.py
[2025-09-16T15:02:22.600+0000] {processor.py:840} INFO - DAG(s) 'latest_only' retrieved from /home/airflow/.local/lib/python3.12/site-packages/airflow/example_dags/example_latest_only.py
[2025-09-16T15:02:22.620+0000] {logging_mixin.py:188} INFO - [2025-09-16T15:02:22.620+0000] {dag.py:3096} INFO - Sync 1 DAGs
[2025-09-16T15:02:22.658+0000] {logging_mixin.py:188} INFO - [2025-09-16T15:02:22.658+0000] {dag.py:3954} INFO - Setting next_dagrun for latest_only to 2025-09-16 08:00:00+00:00, run_after=2025-09-16 12:00:00+00:00
[2025-09-16T15:02:22.704+0000] {processor.py:183} INFO - Processing /home/airflow/.local/lib/python3.12/site-packages/airflow/example_dags/example_latest_only.py took 0.128 seconds
[2025-09-16T15:02:53.311+0000] {processor.py:161} INFO - Started process (PID=212) to work on /home/airflow/.local/lib/python3.12/site-packages/airflow/example_dags/example_latest_only.py
[2025-09-16T15:02:53.313+0000] {processor.py:830} INFO - Processing file /home/airflow/.local/lib/python3.12/site-packages/airflow/example_dags/example_latest_only.py for tasks to queue
[2025-09-16T15:02:53.315+0000] {logging_mixin.py:188} INFO - [2025-09-16T15:02:53.315+0000] {dagbag.py:545} INFO - Filling up the DagBag from /home/airflow/.local/lib/python3.12/site-packages/airflow/example_dags/example_latest_only.py
[2025-09-16T15:02:53.324+0000] {processor.py:840} INFO - DAG(s) 'latest_only' retrieved from /home/airflow/.local/lib/python3.12/site-packages/airflow/example_dags/example_latest_only.py
[2025-09-16T15:02:53.466+0000] {logging_mixin.py:188} INFO - [2025-09-16T15:02:53.465+0000] {dag.py:3096} INFO - Sync 1 DAGs
[2025-09-16T15:02:53.498+0000] {logging_mixin.py:188} INFO - [2025-09-16T15:02:53.498+0000] {dag.py:3954} INFO - Setting next_dagrun for latest_only to 2025-09-16 08:00:00+00:00, run_after=2025-09-16 12:00:00+00:00
[2025-09-16T15:02:53.526+0000] {processor.py:183} INFO - Processing /home/airflow/.local/lib/python3.12/site-packages/airflow/example_dags/example_latest_only.py took 0.222 seconds
[2025-09-16T15:03:23.651+0000] {processor.py:161} INFO - Started process (PID=272) to work on /home/airflow/.local/lib/python3.12/site-packages/airflow/example_dags/example_latest_only.py
[2025-09-16T15:03:23.653+0000] {processor.py:830} INFO - Processing file /home/airflow/.local/lib/python3.12/site-packages/airflow/example_dags/example_latest_only.py for tasks to queue
[2025-09-16T15:03:23.657+0000] {logging_mixin.py:188} INFO - [2025-09-16T15:03:23.656+0000] {dagbag.py:545} INFO - Filling up the DagBag from /home/airflow/.local/lib/python3.12/site-packages/airflow/example_dags/example_latest_only.py
[2025-09-16T15:03:23.664+0000] {processor.py:840} INFO - DAG(s) 'latest_only' retrieved from /home/airflow/.local/lib/python3.12/site-packages/airflow/example_dags/example_latest_only.py
[2025-09-16T15:03:23.708+0000] {logging_mixin.py:188} INFO - [2025-09-16T15:03:23.707+0000] {dag.py:3096} INFO - Sync 1 DAGs
[2025-09-16T15:03:23.752+0000] {logging_mixin.py:188} INFO - [2025-09-16T15:03:23.751+0000] {dag.py:3954} INFO - Setting next_dagrun for latest_only to 2025-09-16 08:00:00+00:00, run_after=2025-09-16 12:00:00+00:00
[2025-09-16T15:03:23.807+0000] {processor.py:183} INFO - Processing /home/airflow/.local/lib/python3.12/site-packages/airflow/example_dags/example_latest_only.py took 0.165 seconds
[2025-09-16T15:03:54.903+0000] {processor.py:161} INFO - Started process (PID=332) to work on /home/airflow/.local/lib/python3.12/site-packages/airflow/example_dags/example_latest_only.py
[2025-09-16T15:03:54.904+0000] {processor.py:830} INFO - Processing file /home/airflow/.local/lib/python3.12/site-packages/airflow/example_dags/example_latest_only.py for tasks to queue
[2025-09-16T15:03:54.908+0000] {logging_mixin.py:188} INFO - [2025-09-16T15:03:54.907+0000] {dagbag.py:545} INFO - Filling up the DagBag from /home/airflow/.local/lib/python3.12/site-packages/airflow/example_dags/example_latest_only.py
[2025-09-16T15:03:54.916+0000] {processor.py:840} INFO - DAG(s) 'latest_only' retrieved from /home/airflow/.local/lib/python3.12/site-packages/airflow/example_dags/example_latest_only.py
[2025-09-16T15:03:54.956+0000] {logging_mixin.py:188} INFO - [2025-09-16T15:03:54.955+0000] {dag.py:3096} INFO - Sync 1 DAGs
[2025-09-16T15:03:55.006+0000] {logging_mixin.py:188} INFO - [2025-09-16T15:03:55.006+0000] {dag.py:3954} INFO - Setting next_dagrun for latest_only to 2025-09-16 08:00:00+00:00, run_after=2025-09-16 12:00:00+00:00
[2025-09-16T15:03:55.045+0000] {processor.py:183} INFO - Processing /home/airflow/.local/lib/python3.12/site-packages/airflow/example_dags/example_latest_only.py took 0.151 seconds
[2025-09-16T15:04:25.921+0000] {processor.py:161} INFO - Started process (PID=392) to work on /home/airflow/.local/lib/python3.12/site-packages/airflow/example_dags/example_latest_only.py
[2025-09-16T15:04:25.923+0000] {processor.py:830} INFO - Processing file /home/airflow/.local/lib/python3.12/site-packages/airflow/example_dags/example_latest_only.py for tasks to queue
[2025-09-16T15:04:25.929+0000] {logging_mixin.py:188} INFO - [2025-09-16T15:04:25.929+0000] {dagbag.py:545} INFO - Filling up the DagBag from /home/airflow/.local/lib/python3.12/site-packages/airflow/example_dags/example_latest_only.py
[2025-09-16T15:04:25.939+0000] {processor.py:840} INFO - DAG(s) 'latest_only' retrieved from /home/airflow/.local/lib/python3.12/site-packages/airflow/example_dags/example_latest_only.py
[2025-09-16T15:04:25.971+0000] {logging_mixin.py:188} INFO - [2025-09-16T15:04:25.971+0000] {dag.py:3096} INFO - Sync 1 DAGs
[2025-09-16T15:04:26.007+0000] {logging_mixin.py:188} INFO - [2025-09-16T15:04:26.007+0000] {dag.py:3954} INFO - Setting next_dagrun for latest_only to 2025-09-16 08:00:00+00:00, run_after=2025-09-16 12:00:00+00:00
[2025-09-16T15:04:26.042+0000] {processor.py:183} INFO - Processing /home/airflow/.local/lib/python3.12/site-packages/airflow/example_dags/example_latest_only.py took 0.130 seconds
[2025-09-16T15:04:56.887+0000] {processor.py:161} INFO - Started process (PID=452) to work on /home/airflow/.local/lib/python3.12/site-packages/airflow/example_dags/example_latest_only.py
[2025-09-16T15:04:56.888+0000] {processor.py:830} INFO - Processing file /home/airflow/.local/lib/python3.12/site-packages/airflow/example_dags/example_latest_only.py for tasks to queue
[2025-09-16T15:04:56.891+0000] {logging_mixin.py:188} INFO - [2025-09-16T15:04:56.891+0000] {dagbag.py:545} INFO - Filling up the DagBag from /home/airflow/.local/lib/python3.12/site-packages/airflow/example_dags/example_latest_only.py
[2025-09-16T15:04:56.899+0000] {processor.py:840} INFO - DAG(s) 'latest_only' retrieved from /home/airflow/.local/lib/python3.12/site-packages/airflow/example_dags/example_latest_only.py
[2025-09-16T15:04:56.930+0000] {logging_mixin.py:188} INFO - [2025-09-16T15:04:56.929+0000] {dag.py:3096} INFO - Sync 1 DAGs
[2025-09-16T15:04:56.970+0000] {logging_mixin.py:188} INFO - [2025-09-16T15:04:56.969+0000] {dag.py:3954} INFO - Setting next_dagrun for latest_only to 2025-09-16 08:00:00+00:00, run_after=2025-09-16 12:00:00+00:00
[2025-09-16T15:04:57.014+0000] {processor.py:183} INFO - Processing /home/airflow/.local/lib/python3.12/site-packages/airflow/example_dags/example_latest_only.py took 0.134 seconds
[2025-09-16T15:05:27.296+0000] {processor.py:161} INFO - Started process (PID=511) to work on /home/airflow/.local/lib/python3.12/site-packages/airflow/example_dags/example_latest_only.py
[2025-09-16T15:05:27.297+0000] {processor.py:830} INFO - Processing file /home/airflow/.local/lib/python3.12/site-packages/airflow/example_dags/example_latest_only.py for tasks to queue
[2025-09-16T15:05:27.300+0000] {logging_mixin.py:188} INFO - [2025-09-16T15:05:27.300+0000] {dagbag.py:545} INFO - Filling up the DagBag from /home/airflow/.local/lib/python3.12/site-packages/airflow/example_dags/example_latest_only.py
[2025-09-16T15:05:27.307+0000] {processor.py:840} INFO - DAG(s) 'latest_only' retrieved from /home/airflow/.local/lib/python3.12/site-packages/airflow/example_dags/example_latest_only.py
[2025-09-16T15:05:27.335+0000] {logging_mixin.py:188} INFO - [2025-09-16T15:05:27.334+0000] {dag.py:3096} INFO - Sync 1 DAGs
[2025-09-16T15:05:27.365+0000] {logging_mixin.py:188} INFO - [2025-09-16T15:05:27.365+0000] {dag.py:3954} INFO - Setting next_dagrun for latest_only to 2025-09-16 08:00:00+00:00, run_after=2025-09-16 12:00:00+00:00
[2025-09-16T15:05:27.395+0000] {processor.py:183} INFO - Processing /home/airflow/.local/lib/python3.12/site-packages/airflow/example_dags/example_latest_only.py took 0.106 seconds
[2025-09-16T15:05:57.649+0000] {processor.py:161} INFO - Started process (PID=569) to work on /home/airflow/.local/lib/python3.12/site-packages/airflow/example_dags/example_latest_only.py
[2025-09-16T15:05:57.650+0000] {processor.py:830} INFO - Processing file /home/airflow/.local/lib/python3.12/site-packages/airflow/example_dags/example_latest_only.py for tasks to queue
[2025-09-16T15:05:57.652+0000] {logging_mixin.py:188} INFO - [2025-09-16T15:05:57.652+0000] {dagbag.py:545} INFO - Filling up the DagBag from /home/airflow/.local/lib/python3.12/site-packages/airflow/example_dags/example_latest_only.py
[2025-09-16T15:05:57.657+0000] {processor.py:840} INFO - DAG(s) 'latest_only' retrieved from /home/airflow/.local/lib/python3.12/site-packages/airflow/example_dags/example_latest_only.py
[2025-09-16T15:05:57.678+0000] {logging_mixin.py:188} INFO - [2025-09-16T15:05:57.677+0000] {dag.py:3096} INFO - Sync 1 DAGs
[2025-09-16T15:05:57.705+0000] {logging_mixin.py:188} INFO - [2025-09-16T15:05:57.705+0000] {dag.py:3954} INFO - Setting next_dagrun for latest_only to 2025-09-16 08:00:00+00:00, run_after=2025-09-16 12:00:00+00:00
[2025-09-16T15:05:57.727+0000] {processor.py:183} INFO - Processing /home/airflow/.local/lib/python3.12/site-packages/airflow/example_dags/example_latest_only.py took 0.083 seconds
[2025-09-16T15:06:28.373+0000] {processor.py:161} INFO - Started process (PID=629) to work on /home/airflow/.local/lib/python3.12/site-packages/airflow/example_dags/example_latest_only.py
[2025-09-16T15:06:28.374+0000] {processor.py:830} INFO - Processing file /home/airflow/.local/lib/python3.12/site-packages/airflow/example_dags/example_latest_only.py for tasks to queue
[2025-09-16T15:06:28.377+0000] {logging_mixin.py:188} INFO - [2025-09-16T15:06:28.376+0000] {dagbag.py:545} INFO - Filling up the DagBag from /home/airflow/.local/lib/python3.12/site-packages/airflow/example_dags/example_latest_only.py
[2025-09-16T15:06:28.383+0000] {processor.py:840} INFO - DAG(s) 'latest_only' retrieved from /home/airflow/.local/lib/python3.12/site-packages/airflow/example_dags/example_latest_only.py
[2025-09-16T15:06:28.408+0000] {logging_mixin.py:188} INFO - [2025-09-16T15:06:28.408+0000] {dag.py:3096} INFO - Sync 1 DAGs
[2025-09-16T15:06:28.436+0000] {logging_mixin.py:188} INFO - [2025-09-16T15:06:28.436+0000] {dag.py:3954} INFO - Setting next_dagrun for latest_only to 2025-09-16 08:00:00+00:00, run_after=2025-09-16 12:00:00+00:00
[2025-09-16T15:06:28.460+0000] {processor.py:183} INFO - Processing /home/airflow/.local/lib/python3.12/site-packages/airflow/example_dags/example_latest_only.py took 0.094 seconds
[2025-09-16T15:06:58.857+0000] {processor.py:161} INFO - Started process (PID=689) to work on /home/airflow/.local/lib/python3.12/site-packages/airflow/example_dags/example_latest_only.py
[2025-09-16T15:06:58.859+0000] {processor.py:830} INFO - Processing file /home/airflow/.local/lib/python3.12/site-packages/airflow/example_dags/example_latest_only.py for tasks to queue
[2025-09-16T15:06:58.861+0000] {logging_mixin.py:188} INFO - [2025-09-16T15:06:58.861+0000] {dagbag.py:545} INFO - Filling up the DagBag from /home/airflow/.local/lib/python3.12/site-packages/airflow/example_dags/example_latest_only.py
[2025-09-16T15:06:58.867+0000] {processor.py:840} INFO - DAG(s) 'latest_only' retrieved from /home/airflow/.local/lib/python3.12/site-packages/airflow/example_dags/example_latest_only.py
[2025-09-16T15:06:58.890+0000] {logging_mixin.py:188} INFO - [2025-09-16T15:06:58.889+0000] {dag.py:3096} INFO - Sync 1 DAGs
[2025-09-16T15:06:58.915+0000] {logging_mixin.py:188} INFO - [2025-09-16T15:06:58.914+0000] {dag.py:3954} INFO - Setting next_dagrun for latest_only to 2025-09-16 08:00:00+00:00, run_after=2025-09-16 12:00:00+00:00
[2025-09-16T15:06:58.942+0000] {processor.py:183} INFO - Processing /home/airflow/.local/lib/python3.12/site-packages/airflow/example_dags/example_latest_only.py took 0.092 seconds
[2025-09-16T15:07:29.247+0000] {processor.py:161} INFO - Started process (PID=749) to work on /home/airflow/.local/lib/python3.12/site-packages/airflow/example_dags/example_latest_only.py
[2025-09-16T15:07:29.249+0000] {processor.py:830} INFO - Processing file /home/airflow/.local/lib/python3.12/site-packages/airflow/example_dags/example_latest_only.py for tasks to queue
[2025-09-16T15:07:29.251+0000] {logging_mixin.py:188} INFO - [2025-09-16T15:07:29.251+0000] {dagbag.py:545} INFO - Filling up the DagBag from /home/airflow/.local/lib/python3.12/site-packages/airflow/example_dags/example_latest_only.py
[2025-09-16T15:07:29.257+0000] {processor.py:840} INFO - DAG(s) 'latest_only' retrieved from /home/airflow/.local/lib/python3.12/site-packages/airflow/example_dags/example_latest_only.py
[2025-09-16T15:07:29.281+0000] {logging_mixin.py:188} INFO - [2025-09-16T15:07:29.281+0000] {dag.py:3096} INFO - Sync 1 DAGs
[2025-09-16T15:07:29.308+0000] {logging_mixin.py:188} INFO - [2025-09-16T15:07:29.308+0000] {dag.py:3954} INFO - Setting next_dagrun for latest_only to 2025-09-16 08:00:00+00:00, run_after=2025-09-16 12:00:00+00:00
[2025-09-16T15:07:29.330+0000] {processor.py:183} INFO - Processing /home/airflow/.local/lib/python3.12/site-packages/airflow/example_dags/example_latest_only.py took 0.089 seconds
[2025-09-16T15:07:59.496+0000] {processor.py:161} INFO - Started process (PID=809) to work on /home/airflow/.local/lib/python3.12/site-packages/airflow/example_dags/example_latest_only.py
[2025-09-16T15:07:59.498+0000] {processor.py:830} INFO - Processing file /home/airflow/.local/lib/python3.12/site-packages/airflow/example_dags/example_latest_only.py for tasks to queue
[2025-09-16T15:07:59.501+0000] {logging_mixin.py:188} INFO - [2025-09-16T15:07:59.500+0000] {dagbag.py:545} INFO - Filling up the DagBag from /home/airflow/.local/lib/python3.12/site-packages/airflow/example_dags/example_latest_only.py
[2025-09-16T15:07:59.508+0000] {processor.py:840} INFO - DAG(s) 'latest_only' retrieved from /home/airflow/.local/lib/python3.12/site-packages/airflow/example_dags/example_latest_only.py
[2025-09-16T15:07:59.533+0000] {logging_mixin.py:188} INFO - [2025-09-16T15:07:59.533+0000] {dag.py:3096} INFO - Sync 1 DAGs
[2025-09-16T15:07:59.567+0000] {logging_mixin.py:188} INFO - [2025-09-16T15:07:59.566+0000] {dag.py:3954} INFO - Setting next_dagrun for latest_only to 2025-09-16 08:00:00+00:00, run_after=2025-09-16 12:00:00+00:00
[2025-09-16T15:07:59.612+0000] {processor.py:183} INFO - Processing /home/airflow/.local/lib/python3.12/site-packages/airflow/example_dags/example_latest_only.py took 0.124 seconds
[2025-09-16T15:08:29.952+0000] {processor.py:161} INFO - Started process (PID=869) to work on /home/airflow/.local/lib/python3.12/site-packages/airflow/example_dags/example_latest_only.py
[2025-09-16T15:08:29.954+0000] {processor.py:830} INFO - Processing file /home/airflow/.local/lib/python3.12/site-packages/airflow/example_dags/example_latest_only.py for tasks to queue
[2025-09-16T15:08:29.958+0000] {logging_mixin.py:188} INFO - [2025-09-16T15:08:29.958+0000] {dagbag.py:545} INFO - Filling up the DagBag from /home/airflow/.local/lib/python3.12/site-packages/airflow/example_dags/example_latest_only.py
[2025-09-16T15:08:29.966+0000] {processor.py:840} INFO - DAG(s) 'latest_only' retrieved from /home/airflow/.local/lib/python3.12/site-packages/airflow/example_dags/example_latest_only.py
[2025-09-16T15:08:29.997+0000] {logging_mixin.py:188} INFO - [2025-09-16T15:08:29.996+0000] {dag.py:3096} INFO - Sync 1 DAGs
[2025-09-16T15:08:30.030+0000] {logging_mixin.py:188} INFO - [2025-09-16T15:08:30.030+0000] {dag.py:3954} INFO - Setting next_dagrun for latest_only to 2025-09-16 08:00:00+00:00, run_after=2025-09-16 12:00:00+00:00
[2025-09-16T15:08:30.067+0000] {processor.py:183} INFO - Processing /home/airflow/.local/lib/python3.12/site-packages/airflow/example_dags/example_latest_only.py took 0.124 seconds
[2025-09-16T15:09:00.384+0000] {processor.py:161} INFO - Started process (PID=929) to work on /home/airflow/.local/lib/python3.12/site-packages/airflow/example_dags/example_latest_only.py
[2025-09-16T15:09:00.386+0000] {processor.py:830} INFO - Processing file /home/airflow/.local/lib/python3.12/site-packages/airflow/example_dags/example_latest_only.py for tasks to queue
[2025-09-16T15:09:00.389+0000] {logging_mixin.py:188} INFO - [2025-09-16T15:09:00.389+0000] {dagbag.py:545} INFO - Filling up the DagBag from /home/airflow/.local/lib/python3.12/site-packages/airflow/example_dags/example_latest_only.py
[2025-09-16T15:09:00.397+0000] {processor.py:840} INFO - DAG(s) 'latest_only' retrieved from /home/airflow/.local/lib/python3.12/site-packages/airflow/example_dags/example_latest_only.py
[2025-09-16T15:09:00.429+0000] {logging_mixin.py:188} INFO - [2025-09-16T15:09:00.429+0000] {dag.py:3096} INFO - Sync 1 DAGs
[2025-09-16T15:09:00.465+0000] {logging_mixin.py:188} INFO - [2025-09-16T15:09:00.464+0000] {dag.py:3954} INFO - Setting next_dagrun for latest_only to 2025-09-16 08:00:00+00:00, run_after=2025-09-16 12:00:00+00:00
[2025-09-16T15:09:00.498+0000] {processor.py:183} INFO - Processing /home/airflow/.local/lib/python3.12/site-packages/airflow/example_dags/example_latest_only.py took 0.122 seconds
[2025-09-16T15:09:31.299+0000] {processor.py:161} INFO - Started process (PID=989) to work on /home/airflow/.local/lib/python3.12/site-packages/airflow/example_dags/example_latest_only.py
[2025-09-16T15:09:31.301+0000] {processor.py:830} INFO - Processing file /home/airflow/.local/lib/python3.12/site-packages/airflow/example_dags/example_latest_only.py for tasks to queue
[2025-09-16T15:09:31.303+0000] {logging_mixin.py:188} INFO - [2025-09-16T15:09:31.303+0000] {dagbag.py:545} INFO - Filling up the DagBag from /home/airflow/.local/lib/python3.12/site-packages/airflow/example_dags/example_latest_only.py
[2025-09-16T15:09:31.309+0000] {processor.py:840} INFO - DAG(s) 'latest_only' retrieved from /home/airflow/.local/lib/python3.12/site-packages/airflow/example_dags/example_latest_only.py
[2025-09-16T15:09:31.337+0000] {logging_mixin.py:188} INFO - [2025-09-16T15:09:31.336+0000] {dag.py:3096} INFO - Sync 1 DAGs
[2025-09-16T15:09:31.366+0000] {logging_mixin.py:188} INFO - [2025-09-16T15:09:31.366+0000] {dag.py:3954} INFO - Setting next_dagrun for latest_only to 2025-09-16 08:00:00+00:00, run_after=2025-09-16 12:00:00+00:00
[2025-09-16T15:09:31.411+0000] {processor.py:183} INFO - Processing /home/airflow/.local/lib/python3.12/site-packages/airflow/example_dags/example_latest_only.py took 0.120 seconds
[2025-09-16T15:10:01.473+0000] {processor.py:161} INFO - Started process (PID=1048) to work on /home/airflow/.local/lib/python3.12/site-packages/airflow/example_dags/example_latest_only.py
[2025-09-16T15:10:01.475+0000] {processor.py:830} INFO - Processing file /home/airflow/.local/lib/python3.12/site-packages/airflow/example_dags/example_latest_only.py for tasks to queue
[2025-09-16T15:10:01.477+0000] {logging_mixin.py:188} INFO - [2025-09-16T15:10:01.477+0000] {dagbag.py:545} INFO - Filling up the DagBag from /home/airflow/.local/lib/python3.12/site-packages/airflow/example_dags/example_latest_only.py
[2025-09-16T15:10:01.483+0000] {processor.py:840} INFO - DAG(s) 'latest_only' retrieved from /home/airflow/.local/lib/python3.12/site-packages/airflow/example_dags/example_latest_only.py
[2025-09-16T15:10:01.507+0000] {logging_mixin.py:188} INFO - [2025-09-16T15:10:01.506+0000] {dag.py:3096} INFO - Sync 1 DAGs
[2025-09-16T15:10:01.534+0000] {logging_mixin.py:188} INFO - [2025-09-16T15:10:01.534+0000] {dag.py:3954} INFO - Setting next_dagrun for latest_only to 2025-09-16 08:00:00+00:00, run_after=2025-09-16 12:00:00+00:00
[2025-09-16T15:10:01.559+0000] {processor.py:183} INFO - Processing /home/airflow/.local/lib/python3.12/site-packages/airflow/example_dags/example_latest_only.py took 0.093 seconds
[2025-09-16T15:10:31.989+0000] {processor.py:161} INFO - Started process (PID=1108) to work on /home/airflow/.local/lib/python3.12/site-packages/airflow/example_dags/example_latest_only.py
[2025-09-16T15:10:31.991+0000] {processor.py:830} INFO - Processing file /home/airflow/.local/lib/python3.12/site-packages/airflow/example_dags/example_latest_only.py for tasks to queue
[2025-09-16T15:10:31.994+0000] {logging_mixin.py:188} INFO - [2025-09-16T15:10:31.993+0000] {dagbag.py:545} INFO - Filling up the DagBag from /home/airflow/.local/lib/python3.12/site-packages/airflow/example_dags/example_latest_only.py
[2025-09-16T15:10:32.002+0000] {processor.py:840} INFO - DAG(s) 'latest_only' retrieved from /home/airflow/.local/lib/python3.12/site-packages/airflow/example_dags/example_latest_only.py
[2025-09-16T15:10:32.027+0000] {logging_mixin.py:188} INFO - [2025-09-16T15:10:32.027+0000] {dag.py:3096} INFO - Sync 1 DAGs
[2025-09-16T15:10:32.058+0000] {logging_mixin.py:188} INFO - [2025-09-16T15:10:32.057+0000] {dag.py:3954} INFO - Setting next_dagrun for latest_only to 2025-09-16 08:00:00+00:00, run_after=2025-09-16 12:00:00+00:00
[2025-09-16T15:10:32.082+0000] {processor.py:183} INFO - Processing /home/airflow/.local/lib/python3.12/site-packages/airflow/example_dags/example_latest_only.py took 0.100 seconds
[2025-09-16T15:11:02.588+0000] {processor.py:161} INFO - Started process (PID=1168) to work on /home/airflow/.local/lib/python3.12/site-packages/airflow/example_dags/example_latest_only.py
[2025-09-16T15:11:02.589+0000] {processor.py:830} INFO - Processing file /home/airflow/.local/lib/python3.12/site-packages/airflow/example_dags/example_latest_only.py for tasks to queue
[2025-09-16T15:11:02.592+0000] {logging_mixin.py:188} INFO - [2025-09-16T15:11:02.592+0000] {dagbag.py:545} INFO - Filling up the DagBag from /home/airflow/.local/lib/python3.12/site-packages/airflow/example_dags/example_latest_only.py
[2025-09-16T15:11:02.599+0000] {processor.py:840} INFO - DAG(s) 'latest_only' retrieved from /home/airflow/.local/lib/python3.12/site-packages/airflow/example_dags/example_latest_only.py
[2025-09-16T15:11:02.623+0000] {logging_mixin.py:188} INFO - [2025-09-16T15:11:02.623+0000] {dag.py:3096} INFO - Sync 1 DAGs
[2025-09-16T15:11:02.651+0000] {logging_mixin.py:188} INFO - [2025-09-16T15:11:02.651+0000] {dag.py:3954} INFO - Setting next_dagrun for latest_only to 2025-09-16 08:00:00+00:00, run_after=2025-09-16 12:00:00+00:00
[2025-09-16T15:11:02.677+0000] {processor.py:183} INFO - Processing /home/airflow/.local/lib/python3.12/site-packages/airflow/example_dags/example_latest_only.py took 0.097 seconds
[2025-09-16T15:11:33.231+0000] {processor.py:161} INFO - Started process (PID=1228) to work on /home/airflow/.local/lib/python3.12/site-packages/airflow/example_dags/example_latest_only.py
[2025-09-16T15:11:33.233+0000] {processor.py:830} INFO - Processing file /home/airflow/.local/lib/python3.12/site-packages/airflow/example_dags/example_latest_only.py for tasks to queue
[2025-09-16T15:11:33.236+0000] {logging_mixin.py:188} INFO - [2025-09-16T15:11:33.236+0000] {dagbag.py:545} INFO - Filling up the DagBag from /home/airflow/.local/lib/python3.12/site-packages/airflow/example_dags/example_latest_only.py
[2025-09-16T15:11:33.242+0000] {processor.py:840} INFO - DAG(s) 'latest_only' retrieved from /home/airflow/.local/lib/python3.12/site-packages/airflow/example_dags/example_latest_only.py
[2025-09-16T15:11:33.267+0000] {logging_mixin.py:188} INFO - [2025-09-16T15:11:33.267+0000] {dag.py:3096} INFO - Sync 1 DAGs
[2025-09-16T15:11:33.297+0000] {logging_mixin.py:188} INFO - [2025-09-16T15:11:33.296+0000] {dag.py:3954} INFO - Setting next_dagrun for latest_only to 2025-09-16 08:00:00+00:00, run_after=2025-09-16 12:00:00+00:00
[2025-09-16T15:11:33.339+0000] {processor.py:183} INFO - Processing /home/airflow/.local/lib/python3.12/site-packages/airflow/example_dags/example_latest_only.py took 0.115 seconds
[2025-09-16T15:12:03.675+0000] {processor.py:161} INFO - Started process (PID=1288) to work on /home/airflow/.local/lib/python3.12/site-packages/airflow/example_dags/example_latest_only.py
[2025-09-16T15:12:03.677+0000] {processor.py:830} INFO - Processing file /home/airflow/.local/lib/python3.12/site-packages/airflow/example_dags/example_latest_only.py for tasks to queue
[2025-09-16T15:12:03.680+0000] {logging_mixin.py:188} INFO - [2025-09-16T15:12:03.679+0000] {dagbag.py:545} INFO - Filling up the DagBag from /home/airflow/.local/lib/python3.12/site-packages/airflow/example_dags/example_latest_only.py
[2025-09-16T15:12:03.687+0000] {processor.py:840} INFO - DAG(s) 'latest_only' retrieved from /home/airflow/.local/lib/python3.12/site-packages/airflow/example_dags/example_latest_only.py
[2025-09-16T15:12:03.708+0000] {logging_mixin.py:188} INFO - [2025-09-16T15:12:03.708+0000] {dag.py:3096} INFO - Sync 1 DAGs
[2025-09-16T15:12:03.734+0000] {logging_mixin.py:188} INFO - [2025-09-16T15:12:03.734+0000] {dag.py:3954} INFO - Setting next_dagrun for latest_only to 2025-09-16 08:00:00+00:00, run_after=2025-09-16 12:00:00+00:00
[2025-09-16T15:12:03.771+0000] {processor.py:183} INFO - Processing /home/airflow/.local/lib/python3.12/site-packages/airflow/example_dags/example_latest_only.py took 0.103 seconds
[2025-09-16T15:12:34.443+0000] {processor.py:161} INFO - Started process (PID=1348) to work on /home/airflow/.local/lib/python3.12/site-packages/airflow/example_dags/example_latest_only.py
[2025-09-16T15:12:34.447+0000] {processor.py:830} INFO - Processing file /home/airflow/.local/lib/python3.12/site-packages/airflow/example_dags/example_latest_only.py for tasks to queue
[2025-09-16T15:12:34.452+0000] {logging_mixin.py:188} INFO - [2025-09-16T15:12:34.451+0000] {dagbag.py:545} INFO - Filling up the DagBag from /home/airflow/.local/lib/python3.12/site-packages/airflow/example_dags/example_latest_only.py
[2025-09-16T15:12:34.470+0000] {processor.py:840} INFO - DAG(s) 'latest_only' retrieved from /home/airflow/.local/lib/python3.12/site-packages/airflow/example_dags/example_latest_only.py
[2025-09-16T15:12:34.518+0000] {logging_mixin.py:188} INFO - [2025-09-16T15:12:34.518+0000] {dag.py:3096} INFO - Sync 1 DAGs
[2025-09-16T15:12:34.560+0000] {logging_mixin.py:188} INFO - [2025-09-16T15:12:34.559+0000] {dag.py:3954} INFO - Setting next_dagrun for latest_only to 2025-09-16 08:00:00+00:00, run_after=2025-09-16 12:00:00+00:00
[2025-09-16T15:12:34.599+0000] {processor.py:183} INFO - Processing /home/airflow/.local/lib/python3.12/site-packages/airflow/example_dags/example_latest_only.py took 0.171 seconds
[2025-09-16T15:13:05.136+0000] {processor.py:161} INFO - Started process (PID=1408) to work on /home/airflow/.local/lib/python3.12/site-packages/airflow/example_dags/example_latest_only.py
[2025-09-16T15:13:05.137+0000] {processor.py:830} INFO - Processing file /home/airflow/.local/lib/python3.12/site-packages/airflow/example_dags/example_latest_only.py for tasks to queue
[2025-09-16T15:13:05.140+0000] {logging_mixin.py:188} INFO - [2025-09-16T15:13:05.139+0000] {dagbag.py:545} INFO - Filling up the DagBag from /home/airflow/.local/lib/python3.12/site-packages/airflow/example_dags/example_latest_only.py
[2025-09-16T15:13:05.148+0000] {processor.py:840} INFO - DAG(s) 'latest_only' retrieved from /home/airflow/.local/lib/python3.12/site-packages/airflow/example_dags/example_latest_only.py
[2025-09-16T15:13:05.179+0000] {logging_mixin.py:188} INFO - [2025-09-16T15:13:05.178+0000] {dag.py:3096} INFO - Sync 1 DAGs
[2025-09-16T15:13:05.211+0000] {logging_mixin.py:188} INFO - [2025-09-16T15:13:05.211+0000] {dag.py:3954} INFO - Setting next_dagrun for latest_only to 2025-09-16 08:00:00+00:00, run_after=2025-09-16 12:00:00+00:00
[2025-09-16T15:13:05.253+0000] {processor.py:183} INFO - Processing /home/airflow/.local/lib/python3.12/site-packages/airflow/example_dags/example_latest_only.py took 0.126 seconds
[2025-09-16T15:13:35.549+0000] {processor.py:161} INFO - Started process (PID=1468) to work on /home/airflow/.local/lib/python3.12/site-packages/airflow/example_dags/example_latest_only.py
[2025-09-16T15:13:35.551+0000] {processor.py:830} INFO - Processing file /home/airflow/.local/lib/python3.12/site-packages/airflow/example_dags/example_latest_only.py for tasks to queue
[2025-09-16T15:13:35.554+0000] {logging_mixin.py:188} INFO - [2025-09-16T15:13:35.553+0000] {dagbag.py:545} INFO - Filling up the DagBag from /home/airflow/.local/lib/python3.12/site-packages/airflow/example_dags/example_latest_only.py
[2025-09-16T15:13:35.562+0000] {processor.py:840} INFO - DAG(s) 'latest_only' retrieved from /home/airflow/.local/lib/python3.12/site-packages/airflow/example_dags/example_latest_only.py
[2025-09-16T15:13:35.600+0000] {logging_mixin.py:188} INFO - [2025-09-16T15:13:35.599+0000] {dag.py:3096} INFO - Sync 1 DAGs
[2025-09-16T15:13:35.646+0000] {logging_mixin.py:188} INFO - [2025-09-16T15:13:35.645+0000] {dag.py:3954} INFO - Setting next_dagrun for latest_only to 2025-09-16 08:00:00+00:00, run_after=2025-09-16 12:00:00+00:00
[2025-09-16T15:13:35.685+0000] {processor.py:183} INFO - Processing /home/airflow/.local/lib/python3.12/site-packages/airflow/example_dags/example_latest_only.py took 0.145 seconds
