[2025-09-16T14:07:55.738+0000] {processor.py:161} INFO - Started process (PID=149) to work on /home/airflow/.local/lib/python3.12/site-packages/airflow/example_dags/example_skip_dag.py
[2025-09-16T14:07:55.754+0000] {processor.py:830} INFO - Processing file /home/airflow/.local/lib/python3.12/site-packages/airflow/example_dags/example_skip_dag.py for tasks to queue
[2025-09-16T14:07:55.771+0000] {logging_mixin.py:188} INFO - [2025-09-16T14:07:55.770+0000] {dagbag.py:545} INFO - Filling up the DagBag from /home/airflow/.local/lib/python3.12/site-packages/airflow/example_dags/example_skip_dag.py
[2025-09-16T14:07:55.852+0000] {processor.py:840} INFO - DAG(s) 'example_skip_dag' retrieved from /home/airflow/.local/lib/python3.12/site-packages/airflow/example_dags/example_skip_dag.py
[2025-09-16T14:07:55.921+0000] {logging_mixin.py:188} INFO - [2025-09-16T14:07:55.921+0000] {dag.py:3096} INFO - Sync 1 DAGs
[2025-09-16T14:07:56.034+0000] {logging_mixin.py:188} INFO - [2025-09-16T14:07:56.033+0000] {dag.py:3954} INFO - Setting next_dagrun for example_skip_dag to 2025-09-15 00:00:00+00:00, run_after=2025-09-16 00:00:00+00:00
[2025-09-16T14:07:56.119+0000] {processor.py:183} INFO - Processing /home/airflow/.local/lib/python3.12/site-packages/airflow/example_dags/example_skip_dag.py took 0.419 seconds
[2025-09-16T14:08:27.119+0000] {processor.py:161} INFO - Started process (PID=209) to work on /home/airflow/.local/lib/python3.12/site-packages/airflow/example_dags/example_skip_dag.py
[2025-09-16T14:08:27.121+0000] {processor.py:830} INFO - Processing file /home/airflow/.local/lib/python3.12/site-packages/airflow/example_dags/example_skip_dag.py for tasks to queue
[2025-09-16T14:08:27.124+0000] {logging_mixin.py:188} INFO - [2025-09-16T14:08:27.124+0000] {dagbag.py:545} INFO - Filling up the DagBag from /home/airflow/.local/lib/python3.12/site-packages/airflow/example_dags/example_skip_dag.py
[2025-09-16T14:08:27.134+0000] {processor.py:840} INFO - DAG(s) 'example_skip_dag' retrieved from /home/airflow/.local/lib/python3.12/site-packages/airflow/example_dags/example_skip_dag.py
[2025-09-16T14:08:27.292+0000] {logging_mixin.py:188} INFO - [2025-09-16T14:08:27.291+0000] {dag.py:3096} INFO - Sync 1 DAGs
[2025-09-16T14:08:27.323+0000] {logging_mixin.py:188} INFO - [2025-09-16T14:08:27.322+0000] {dag.py:3954} INFO - Setting next_dagrun for example_skip_dag to 2025-09-15 00:00:00+00:00, run_after=2025-09-16 00:00:00+00:00
[2025-09-16T14:08:27.357+0000] {processor.py:183} INFO - Processing /home/airflow/.local/lib/python3.12/site-packages/airflow/example_dags/example_skip_dag.py took 0.245 seconds
[2025-09-16T14:08:57.507+0000] {processor.py:161} INFO - Started process (PID=269) to work on /home/airflow/.local/lib/python3.12/site-packages/airflow/example_dags/example_skip_dag.py
[2025-09-16T14:08:57.511+0000] {processor.py:830} INFO - Processing file /home/airflow/.local/lib/python3.12/site-packages/airflow/example_dags/example_skip_dag.py for tasks to queue
[2025-09-16T14:08:57.518+0000] {logging_mixin.py:188} INFO - [2025-09-16T14:08:57.516+0000] {dagbag.py:545} INFO - Filling up the DagBag from /home/airflow/.local/lib/python3.12/site-packages/airflow/example_dags/example_skip_dag.py
[2025-09-16T14:08:57.535+0000] {processor.py:840} INFO - DAG(s) 'example_skip_dag' retrieved from /home/airflow/.local/lib/python3.12/site-packages/airflow/example_dags/example_skip_dag.py
[2025-09-16T14:08:57.591+0000] {logging_mixin.py:188} INFO - [2025-09-16T14:08:57.590+0000] {dag.py:3096} INFO - Sync 1 DAGs
[2025-09-16T14:08:57.649+0000] {logging_mixin.py:188} INFO - [2025-09-16T14:08:57.649+0000] {dag.py:3954} INFO - Setting next_dagrun for example_skip_dag to 2025-09-15 00:00:00+00:00, run_after=2025-09-16 00:00:00+00:00
[2025-09-16T14:08:57.689+0000] {processor.py:183} INFO - Processing /home/airflow/.local/lib/python3.12/site-packages/airflow/example_dags/example_skip_dag.py took 0.195 seconds
[2025-09-16T14:09:28.581+0000] {processor.py:161} INFO - Started process (PID=329) to work on /home/airflow/.local/lib/python3.12/site-packages/airflow/example_dags/example_skip_dag.py
[2025-09-16T14:09:28.583+0000] {processor.py:830} INFO - Processing file /home/airflow/.local/lib/python3.12/site-packages/airflow/example_dags/example_skip_dag.py for tasks to queue
[2025-09-16T14:09:28.588+0000] {logging_mixin.py:188} INFO - [2025-09-16T14:09:28.587+0000] {dagbag.py:545} INFO - Filling up the DagBag from /home/airflow/.local/lib/python3.12/site-packages/airflow/example_dags/example_skip_dag.py
[2025-09-16T14:09:28.605+0000] {processor.py:840} INFO - DAG(s) 'example_skip_dag' retrieved from /home/airflow/.local/lib/python3.12/site-packages/airflow/example_dags/example_skip_dag.py
[2025-09-16T14:09:28.666+0000] {logging_mixin.py:188} INFO - [2025-09-16T14:09:28.665+0000] {dag.py:3096} INFO - Sync 1 DAGs
[2025-09-16T14:09:28.712+0000] {logging_mixin.py:188} INFO - [2025-09-16T14:09:28.712+0000] {dag.py:3954} INFO - Setting next_dagrun for example_skip_dag to 2025-09-15 00:00:00+00:00, run_after=2025-09-16 00:00:00+00:00
[2025-09-16T14:09:28.759+0000] {processor.py:183} INFO - Processing /home/airflow/.local/lib/python3.12/site-packages/airflow/example_dags/example_skip_dag.py took 0.190 seconds
[2025-09-16T14:09:59.260+0000] {processor.py:161} INFO - Started process (PID=389) to work on /home/airflow/.local/lib/python3.12/site-packages/airflow/example_dags/example_skip_dag.py
[2025-09-16T14:09:59.262+0000] {processor.py:830} INFO - Processing file /home/airflow/.local/lib/python3.12/site-packages/airflow/example_dags/example_skip_dag.py for tasks to queue
[2025-09-16T14:09:59.265+0000] {logging_mixin.py:188} INFO - [2025-09-16T14:09:59.265+0000] {dagbag.py:545} INFO - Filling up the DagBag from /home/airflow/.local/lib/python3.12/site-packages/airflow/example_dags/example_skip_dag.py
[2025-09-16T14:09:59.274+0000] {processor.py:840} INFO - DAG(s) 'example_skip_dag' retrieved from /home/airflow/.local/lib/python3.12/site-packages/airflow/example_dags/example_skip_dag.py
[2025-09-16T14:09:59.302+0000] {logging_mixin.py:188} INFO - [2025-09-16T14:09:59.302+0000] {dag.py:3096} INFO - Sync 1 DAGs
[2025-09-16T14:09:59.332+0000] {logging_mixin.py:188} INFO - [2025-09-16T14:09:59.331+0000] {dag.py:3954} INFO - Setting next_dagrun for example_skip_dag to 2025-09-15 00:00:00+00:00, run_after=2025-09-16 00:00:00+00:00
[2025-09-16T14:09:59.375+0000] {processor.py:183} INFO - Processing /home/airflow/.local/lib/python3.12/site-packages/airflow/example_dags/example_skip_dag.py took 0.124 seconds
[2025-09-16T14:10:29.945+0000] {processor.py:161} INFO - Started process (PID=449) to work on /home/airflow/.local/lib/python3.12/site-packages/airflow/example_dags/example_skip_dag.py
[2025-09-16T14:10:29.947+0000] {processor.py:830} INFO - Processing file /home/airflow/.local/lib/python3.12/site-packages/airflow/example_dags/example_skip_dag.py for tasks to queue
[2025-09-16T14:10:29.950+0000] {logging_mixin.py:188} INFO - [2025-09-16T14:10:29.949+0000] {dagbag.py:545} INFO - Filling up the DagBag from /home/airflow/.local/lib/python3.12/site-packages/airflow/example_dags/example_skip_dag.py
[2025-09-16T14:10:29.962+0000] {processor.py:840} INFO - DAG(s) 'example_skip_dag' retrieved from /home/airflow/.local/lib/python3.12/site-packages/airflow/example_dags/example_skip_dag.py
[2025-09-16T14:10:29.999+0000] {logging_mixin.py:188} INFO - [2025-09-16T14:10:29.999+0000] {dag.py:3096} INFO - Sync 1 DAGs
[2025-09-16T14:10:30.032+0000] {logging_mixin.py:188} INFO - [2025-09-16T14:10:30.032+0000] {dag.py:3954} INFO - Setting next_dagrun for example_skip_dag to 2025-09-15 00:00:00+00:00, run_after=2025-09-16 00:00:00+00:00
[2025-09-16T14:10:30.090+0000] {processor.py:183} INFO - Processing /home/airflow/.local/lib/python3.12/site-packages/airflow/example_dags/example_skip_dag.py took 0.154 seconds
[2025-09-16T14:11:00.867+0000] {processor.py:161} INFO - Started process (PID=509) to work on /home/airflow/.local/lib/python3.12/site-packages/airflow/example_dags/example_skip_dag.py
[2025-09-16T14:11:00.868+0000] {processor.py:830} INFO - Processing file /home/airflow/.local/lib/python3.12/site-packages/airflow/example_dags/example_skip_dag.py for tasks to queue
[2025-09-16T14:11:00.871+0000] {logging_mixin.py:188} INFO - [2025-09-16T14:11:00.870+0000] {dagbag.py:545} INFO - Filling up the DagBag from /home/airflow/.local/lib/python3.12/site-packages/airflow/example_dags/example_skip_dag.py
[2025-09-16T14:11:00.881+0000] {processor.py:840} INFO - DAG(s) 'example_skip_dag' retrieved from /home/airflow/.local/lib/python3.12/site-packages/airflow/example_dags/example_skip_dag.py
[2025-09-16T14:11:00.909+0000] {logging_mixin.py:188} INFO - [2025-09-16T14:11:00.909+0000] {dag.py:3096} INFO - Sync 1 DAGs
[2025-09-16T14:11:00.938+0000] {logging_mixin.py:188} INFO - [2025-09-16T14:11:00.937+0000] {dag.py:3954} INFO - Setting next_dagrun for example_skip_dag to 2025-09-15 00:00:00+00:00, run_after=2025-09-16 00:00:00+00:00
[2025-09-16T14:11:01.034+0000] {processor.py:183} INFO - Processing /home/airflow/.local/lib/python3.12/site-packages/airflow/example_dags/example_skip_dag.py took 0.175 seconds
[2025-09-16T14:11:31.177+0000] {processor.py:161} INFO - Started process (PID=569) to work on /home/airflow/.local/lib/python3.12/site-packages/airflow/example_dags/example_skip_dag.py
[2025-09-16T14:11:31.179+0000] {processor.py:830} INFO - Processing file /home/airflow/.local/lib/python3.12/site-packages/airflow/example_dags/example_skip_dag.py for tasks to queue
[2025-09-16T14:11:31.182+0000] {logging_mixin.py:188} INFO - [2025-09-16T14:11:31.181+0000] {dagbag.py:545} INFO - Filling up the DagBag from /home/airflow/.local/lib/python3.12/site-packages/airflow/example_dags/example_skip_dag.py
[2025-09-16T14:11:31.192+0000] {processor.py:840} INFO - DAG(s) 'example_skip_dag' retrieved from /home/airflow/.local/lib/python3.12/site-packages/airflow/example_dags/example_skip_dag.py
[2025-09-16T14:11:31.222+0000] {logging_mixin.py:188} INFO - [2025-09-16T14:11:31.221+0000] {dag.py:3096} INFO - Sync 1 DAGs
[2025-09-16T14:11:31.251+0000] {logging_mixin.py:188} INFO - [2025-09-16T14:11:31.250+0000] {dag.py:3954} INFO - Setting next_dagrun for example_skip_dag to 2025-09-15 00:00:00+00:00, run_after=2025-09-16 00:00:00+00:00
[2025-09-16T14:11:31.289+0000] {processor.py:183} INFO - Processing /home/airflow/.local/lib/python3.12/site-packages/airflow/example_dags/example_skip_dag.py took 0.121 seconds
[2025-09-16T14:12:02.012+0000] {processor.py:161} INFO - Started process (PID=627) to work on /home/airflow/.local/lib/python3.12/site-packages/airflow/example_dags/example_skip_dag.py
[2025-09-16T14:12:02.014+0000] {processor.py:830} INFO - Processing file /home/airflow/.local/lib/python3.12/site-packages/airflow/example_dags/example_skip_dag.py for tasks to queue
[2025-09-16T14:12:02.016+0000] {logging_mixin.py:188} INFO - [2025-09-16T14:12:02.016+0000] {dagbag.py:545} INFO - Filling up the DagBag from /home/airflow/.local/lib/python3.12/site-packages/airflow/example_dags/example_skip_dag.py
[2025-09-16T14:12:02.027+0000] {processor.py:840} INFO - DAG(s) 'example_skip_dag' retrieved from /home/airflow/.local/lib/python3.12/site-packages/airflow/example_dags/example_skip_dag.py
[2025-09-16T14:12:02.072+0000] {logging_mixin.py:188} INFO - [2025-09-16T14:12:02.072+0000] {dag.py:3096} INFO - Sync 1 DAGs
[2025-09-16T14:12:02.113+0000] {logging_mixin.py:188} INFO - [2025-09-16T14:12:02.113+0000] {dag.py:3954} INFO - Setting next_dagrun for example_skip_dag to 2025-09-15 00:00:00+00:00, run_after=2025-09-16 00:00:00+00:00
[2025-09-16T14:12:02.146+0000] {processor.py:183} INFO - Processing /home/airflow/.local/lib/python3.12/site-packages/airflow/example_dags/example_skip_dag.py took 0.141 seconds
[2025-09-16T14:12:32.517+0000] {processor.py:161} INFO - Started process (PID=687) to work on /home/airflow/.local/lib/python3.12/site-packages/airflow/example_dags/example_skip_dag.py
[2025-09-16T14:12:32.521+0000] {processor.py:830} INFO - Processing file /home/airflow/.local/lib/python3.12/site-packages/airflow/example_dags/example_skip_dag.py for tasks to queue
[2025-09-16T14:12:32.526+0000] {logging_mixin.py:188} INFO - [2025-09-16T14:12:32.525+0000] {dagbag.py:545} INFO - Filling up the DagBag from /home/airflow/.local/lib/python3.12/site-packages/airflow/example_dags/example_skip_dag.py
[2025-09-16T14:12:32.538+0000] {processor.py:840} INFO - DAG(s) 'example_skip_dag' retrieved from /home/airflow/.local/lib/python3.12/site-packages/airflow/example_dags/example_skip_dag.py
[2025-09-16T14:12:32.573+0000] {logging_mixin.py:188} INFO - [2025-09-16T14:12:32.573+0000] {dag.py:3096} INFO - Sync 1 DAGs
[2025-09-16T14:12:32.608+0000] {logging_mixin.py:188} INFO - [2025-09-16T14:12:32.608+0000] {dag.py:3954} INFO - Setting next_dagrun for example_skip_dag to 2025-09-15 00:00:00+00:00, run_after=2025-09-16 00:00:00+00:00
[2025-09-16T14:12:32.636+0000] {processor.py:183} INFO - Processing /home/airflow/.local/lib/python3.12/site-packages/airflow/example_dags/example_skip_dag.py took 0.130 seconds
[2025-09-16T14:13:03.050+0000] {processor.py:161} INFO - Started process (PID=747) to work on /home/airflow/.local/lib/python3.12/site-packages/airflow/example_dags/example_skip_dag.py
[2025-09-16T14:13:03.052+0000] {processor.py:830} INFO - Processing file /home/airflow/.local/lib/python3.12/site-packages/airflow/example_dags/example_skip_dag.py for tasks to queue
[2025-09-16T14:13:03.055+0000] {logging_mixin.py:188} INFO - [2025-09-16T14:13:03.055+0000] {dagbag.py:545} INFO - Filling up the DagBag from /home/airflow/.local/lib/python3.12/site-packages/airflow/example_dags/example_skip_dag.py
[2025-09-16T14:13:03.065+0000] {processor.py:840} INFO - DAG(s) 'example_skip_dag' retrieved from /home/airflow/.local/lib/python3.12/site-packages/airflow/example_dags/example_skip_dag.py
[2025-09-16T14:13:03.095+0000] {logging_mixin.py:188} INFO - [2025-09-16T14:13:03.095+0000] {dag.py:3096} INFO - Sync 1 DAGs
[2025-09-16T14:13:03.127+0000] {logging_mixin.py:188} INFO - [2025-09-16T14:13:03.126+0000] {dag.py:3954} INFO - Setting next_dagrun for example_skip_dag to 2025-09-15 00:00:00+00:00, run_after=2025-09-16 00:00:00+00:00
[2025-09-16T14:13:03.164+0000] {processor.py:183} INFO - Processing /home/airflow/.local/lib/python3.12/site-packages/airflow/example_dags/example_skip_dag.py took 0.122 seconds
[2025-09-16T14:13:33.556+0000] {processor.py:161} INFO - Started process (PID=807) to work on /home/airflow/.local/lib/python3.12/site-packages/airflow/example_dags/example_skip_dag.py
[2025-09-16T14:13:33.557+0000] {processor.py:830} INFO - Processing file /home/airflow/.local/lib/python3.12/site-packages/airflow/example_dags/example_skip_dag.py for tasks to queue
[2025-09-16T14:13:33.560+0000] {logging_mixin.py:188} INFO - [2025-09-16T14:13:33.560+0000] {dagbag.py:545} INFO - Filling up the DagBag from /home/airflow/.local/lib/python3.12/site-packages/airflow/example_dags/example_skip_dag.py
[2025-09-16T14:13:33.572+0000] {processor.py:840} INFO - DAG(s) 'example_skip_dag' retrieved from /home/airflow/.local/lib/python3.12/site-packages/airflow/example_dags/example_skip_dag.py
[2025-09-16T14:13:33.609+0000] {logging_mixin.py:188} INFO - [2025-09-16T14:13:33.608+0000] {dag.py:3096} INFO - Sync 1 DAGs
[2025-09-16T14:13:33.641+0000] {logging_mixin.py:188} INFO - [2025-09-16T14:13:33.641+0000] {dag.py:3954} INFO - Setting next_dagrun for example_skip_dag to 2025-09-15 00:00:00+00:00, run_after=2025-09-16 00:00:00+00:00
[2025-09-16T14:13:33.672+0000] {processor.py:183} INFO - Processing /home/airflow/.local/lib/python3.12/site-packages/airflow/example_dags/example_skip_dag.py took 0.125 seconds
[2025-09-16T14:14:04.041+0000] {processor.py:161} INFO - Started process (PID=873) to work on /home/airflow/.local/lib/python3.12/site-packages/airflow/example_dags/example_skip_dag.py
[2025-09-16T14:14:04.042+0000] {processor.py:830} INFO - Processing file /home/airflow/.local/lib/python3.12/site-packages/airflow/example_dags/example_skip_dag.py for tasks to queue
[2025-09-16T14:14:04.045+0000] {logging_mixin.py:188} INFO - [2025-09-16T14:14:04.044+0000] {dagbag.py:545} INFO - Filling up the DagBag from /home/airflow/.local/lib/python3.12/site-packages/airflow/example_dags/example_skip_dag.py
[2025-09-16T14:14:04.054+0000] {processor.py:840} INFO - DAG(s) 'example_skip_dag' retrieved from /home/airflow/.local/lib/python3.12/site-packages/airflow/example_dags/example_skip_dag.py
[2025-09-16T14:14:04.081+0000] {logging_mixin.py:188} INFO - [2025-09-16T14:14:04.081+0000] {dag.py:3096} INFO - Sync 1 DAGs
[2025-09-16T14:14:04.111+0000] {logging_mixin.py:188} INFO - [2025-09-16T14:14:04.110+0000] {dag.py:3954} INFO - Setting next_dagrun for example_skip_dag to 2025-09-15 00:00:00+00:00, run_after=2025-09-16 00:00:00+00:00
[2025-09-16T14:14:04.138+0000] {processor.py:183} INFO - Processing /home/airflow/.local/lib/python3.12/site-packages/airflow/example_dags/example_skip_dag.py took 0.104 seconds
[2025-09-16T14:14:34.570+0000] {processor.py:161} INFO - Started process (PID=937) to work on /home/airflow/.local/lib/python3.12/site-packages/airflow/example_dags/example_skip_dag.py
[2025-09-16T14:14:34.572+0000] {processor.py:830} INFO - Processing file /home/airflow/.local/lib/python3.12/site-packages/airflow/example_dags/example_skip_dag.py for tasks to queue
[2025-09-16T14:14:34.576+0000] {logging_mixin.py:188} INFO - [2025-09-16T14:14:34.575+0000] {dagbag.py:545} INFO - Filling up the DagBag from /home/airflow/.local/lib/python3.12/site-packages/airflow/example_dags/example_skip_dag.py
[2025-09-16T14:14:34.590+0000] {processor.py:840} INFO - DAG(s) 'example_skip_dag' retrieved from /home/airflow/.local/lib/python3.12/site-packages/airflow/example_dags/example_skip_dag.py
[2025-09-16T14:14:34.631+0000] {logging_mixin.py:188} INFO - [2025-09-16T14:14:34.631+0000] {dag.py:3096} INFO - Sync 1 DAGs
[2025-09-16T14:14:34.672+0000] {logging_mixin.py:188} INFO - [2025-09-16T14:14:34.671+0000] {dag.py:3954} INFO - Setting next_dagrun for example_skip_dag to 2025-09-15 00:00:00+00:00, run_after=2025-09-16 00:00:00+00:00
[2025-09-16T14:14:34.709+0000] {processor.py:183} INFO - Processing /home/airflow/.local/lib/python3.12/site-packages/airflow/example_dags/example_skip_dag.py took 0.152 seconds
[2025-09-16T14:16:45.725+0000] {processor.py:161} INFO - Started process (PID=102) to work on /home/airflow/.local/lib/python3.12/site-packages/airflow/example_dags/example_skip_dag.py
[2025-09-16T14:16:45.727+0000] {processor.py:830} INFO - Processing file /home/airflow/.local/lib/python3.12/site-packages/airflow/example_dags/example_skip_dag.py for tasks to queue
[2025-09-16T14:16:45.730+0000] {logging_mixin.py:188} INFO - [2025-09-16T14:16:45.730+0000] {dagbag.py:545} INFO - Filling up the DagBag from /home/airflow/.local/lib/python3.12/site-packages/airflow/example_dags/example_skip_dag.py
[2025-09-16T14:16:45.744+0000] {processor.py:840} INFO - DAG(s) 'example_skip_dag' retrieved from /home/airflow/.local/lib/python3.12/site-packages/airflow/example_dags/example_skip_dag.py
[2025-09-16T14:16:45.897+0000] {logging_mixin.py:188} INFO - [2025-09-16T14:16:45.897+0000] {dag.py:3096} INFO - Sync 1 DAGs
[2025-09-16T14:16:45.932+0000] {logging_mixin.py:188} INFO - [2025-09-16T14:16:45.932+0000] {dag.py:3954} INFO - Setting next_dagrun for example_skip_dag to 2025-09-15 00:00:00+00:00, run_after=2025-09-16 00:00:00+00:00
[2025-09-16T14:16:45.982+0000] {processor.py:183} INFO - Processing /home/airflow/.local/lib/python3.12/site-packages/airflow/example_dags/example_skip_dag.py took 0.267 seconds
[2025-09-16T14:17:16.231+0000] {processor.py:161} INFO - Started process (PID=163) to work on /home/airflow/.local/lib/python3.12/site-packages/airflow/example_dags/example_skip_dag.py
[2025-09-16T14:17:16.232+0000] {processor.py:830} INFO - Processing file /home/airflow/.local/lib/python3.12/site-packages/airflow/example_dags/example_skip_dag.py for tasks to queue
[2025-09-16T14:17:16.235+0000] {logging_mixin.py:188} INFO - [2025-09-16T14:17:16.234+0000] {dagbag.py:545} INFO - Filling up the DagBag from /home/airflow/.local/lib/python3.12/site-packages/airflow/example_dags/example_skip_dag.py
[2025-09-16T14:17:16.244+0000] {processor.py:840} INFO - DAG(s) 'example_skip_dag' retrieved from /home/airflow/.local/lib/python3.12/site-packages/airflow/example_dags/example_skip_dag.py
[2025-09-16T14:17:16.281+0000] {logging_mixin.py:188} INFO - [2025-09-16T14:17:16.281+0000] {dag.py:3096} INFO - Sync 1 DAGs
[2025-09-16T14:17:16.316+0000] {logging_mixin.py:188} INFO - [2025-09-16T14:17:16.316+0000] {dag.py:3954} INFO - Setting next_dagrun for example_skip_dag to 2025-09-15 00:00:00+00:00, run_after=2025-09-16 00:00:00+00:00
[2025-09-16T14:17:16.344+0000] {processor.py:183} INFO - Processing /home/airflow/.local/lib/python3.12/site-packages/airflow/example_dags/example_skip_dag.py took 0.120 seconds
[2025-09-16T14:17:47.909+0000] {processor.py:161} INFO - Started process (PID=223) to work on /home/airflow/.local/lib/python3.12/site-packages/airflow/example_dags/example_skip_dag.py
[2025-09-16T14:17:47.912+0000] {processor.py:830} INFO - Processing file /home/airflow/.local/lib/python3.12/site-packages/airflow/example_dags/example_skip_dag.py for tasks to queue
[2025-09-16T14:17:47.916+0000] {logging_mixin.py:188} INFO - [2025-09-16T14:17:47.915+0000] {dagbag.py:545} INFO - Filling up the DagBag from /home/airflow/.local/lib/python3.12/site-packages/airflow/example_dags/example_skip_dag.py
[2025-09-16T14:17:47.932+0000] {processor.py:840} INFO - DAG(s) 'example_skip_dag' retrieved from /home/airflow/.local/lib/python3.12/site-packages/airflow/example_dags/example_skip_dag.py
[2025-09-16T14:17:47.987+0000] {logging_mixin.py:188} INFO - [2025-09-16T14:17:47.986+0000] {dag.py:3096} INFO - Sync 1 DAGs
[2025-09-16T14:17:48.064+0000] {logging_mixin.py:188} INFO - [2025-09-16T14:17:48.064+0000] {dag.py:3954} INFO - Setting next_dagrun for example_skip_dag to 2025-09-15 00:00:00+00:00, run_after=2025-09-16 00:00:00+00:00
[2025-09-16T14:17:48.116+0000] {processor.py:183} INFO - Processing /home/airflow/.local/lib/python3.12/site-packages/airflow/example_dags/example_skip_dag.py took 0.221 seconds
[2025-09-16T14:18:18.556+0000] {processor.py:161} INFO - Started process (PID=283) to work on /home/airflow/.local/lib/python3.12/site-packages/airflow/example_dags/example_skip_dag.py
[2025-09-16T14:18:18.558+0000] {processor.py:830} INFO - Processing file /home/airflow/.local/lib/python3.12/site-packages/airflow/example_dags/example_skip_dag.py for tasks to queue
[2025-09-16T14:18:18.562+0000] {logging_mixin.py:188} INFO - [2025-09-16T14:18:18.561+0000] {dagbag.py:545} INFO - Filling up the DagBag from /home/airflow/.local/lib/python3.12/site-packages/airflow/example_dags/example_skip_dag.py
[2025-09-16T14:18:18.576+0000] {processor.py:840} INFO - DAG(s) 'example_skip_dag' retrieved from /home/airflow/.local/lib/python3.12/site-packages/airflow/example_dags/example_skip_dag.py
[2025-09-16T14:18:18.626+0000] {logging_mixin.py:188} INFO - [2025-09-16T14:18:18.625+0000] {dag.py:3096} INFO - Sync 1 DAGs
[2025-09-16T14:18:18.676+0000] {logging_mixin.py:188} INFO - [2025-09-16T14:18:18.675+0000] {dag.py:3954} INFO - Setting next_dagrun for example_skip_dag to 2025-09-15 00:00:00+00:00, run_after=2025-09-16 00:00:00+00:00
[2025-09-16T14:18:18.731+0000] {processor.py:183} INFO - Processing /home/airflow/.local/lib/python3.12/site-packages/airflow/example_dags/example_skip_dag.py took 0.189 seconds
[2025-09-16T14:18:48.869+0000] {processor.py:161} INFO - Started process (PID=343) to work on /home/airflow/.local/lib/python3.12/site-packages/airflow/example_dags/example_skip_dag.py
[2025-09-16T14:18:48.870+0000] {processor.py:830} INFO - Processing file /home/airflow/.local/lib/python3.12/site-packages/airflow/example_dags/example_skip_dag.py for tasks to queue
[2025-09-16T14:18:48.873+0000] {logging_mixin.py:188} INFO - [2025-09-16T14:18:48.873+0000] {dagbag.py:545} INFO - Filling up the DagBag from /home/airflow/.local/lib/python3.12/site-packages/airflow/example_dags/example_skip_dag.py
[2025-09-16T14:18:48.882+0000] {processor.py:840} INFO - DAG(s) 'example_skip_dag' retrieved from /home/airflow/.local/lib/python3.12/site-packages/airflow/example_dags/example_skip_dag.py
[2025-09-16T14:18:48.910+0000] {logging_mixin.py:188} INFO - [2025-09-16T14:18:48.910+0000] {dag.py:3096} INFO - Sync 1 DAGs
[2025-09-16T14:18:48.940+0000] {logging_mixin.py:188} INFO - [2025-09-16T14:18:48.940+0000] {dag.py:3954} INFO - Setting next_dagrun for example_skip_dag to 2025-09-15 00:00:00+00:00, run_after=2025-09-16 00:00:00+00:00
[2025-09-16T14:18:48.999+0000] {processor.py:183} INFO - Processing /home/airflow/.local/lib/python3.12/site-packages/airflow/example_dags/example_skip_dag.py took 0.138 seconds
[2025-09-16T14:19:19.498+0000] {processor.py:161} INFO - Started process (PID=402) to work on /home/airflow/.local/lib/python3.12/site-packages/airflow/example_dags/example_skip_dag.py
[2025-09-16T14:19:19.500+0000] {processor.py:830} INFO - Processing file /home/airflow/.local/lib/python3.12/site-packages/airflow/example_dags/example_skip_dag.py for tasks to queue
[2025-09-16T14:19:19.503+0000] {logging_mixin.py:188} INFO - [2025-09-16T14:19:19.503+0000] {dagbag.py:545} INFO - Filling up the DagBag from /home/airflow/.local/lib/python3.12/site-packages/airflow/example_dags/example_skip_dag.py
[2025-09-16T14:19:19.514+0000] {processor.py:840} INFO - DAG(s) 'example_skip_dag' retrieved from /home/airflow/.local/lib/python3.12/site-packages/airflow/example_dags/example_skip_dag.py
[2025-09-16T14:19:19.549+0000] {logging_mixin.py:188} INFO - [2025-09-16T14:19:19.548+0000] {dag.py:3096} INFO - Sync 1 DAGs
[2025-09-16T14:19:19.581+0000] {logging_mixin.py:188} INFO - [2025-09-16T14:19:19.580+0000] {dag.py:3954} INFO - Setting next_dagrun for example_skip_dag to 2025-09-15 00:00:00+00:00, run_after=2025-09-16 00:00:00+00:00
[2025-09-16T14:19:19.610+0000] {processor.py:183} INFO - Processing /home/airflow/.local/lib/python3.12/site-packages/airflow/example_dags/example_skip_dag.py took 0.121 seconds
[2025-09-16T14:19:49.734+0000] {processor.py:161} INFO - Started process (PID=462) to work on /home/airflow/.local/lib/python3.12/site-packages/airflow/example_dags/example_skip_dag.py
[2025-09-16T14:19:49.735+0000] {processor.py:830} INFO - Processing file /home/airflow/.local/lib/python3.12/site-packages/airflow/example_dags/example_skip_dag.py for tasks to queue
[2025-09-16T14:19:49.738+0000] {logging_mixin.py:188} INFO - [2025-09-16T14:19:49.737+0000] {dagbag.py:545} INFO - Filling up the DagBag from /home/airflow/.local/lib/python3.12/site-packages/airflow/example_dags/example_skip_dag.py
[2025-09-16T14:19:49.746+0000] {processor.py:840} INFO - DAG(s) 'example_skip_dag' retrieved from /home/airflow/.local/lib/python3.12/site-packages/airflow/example_dags/example_skip_dag.py
[2025-09-16T14:19:49.773+0000] {logging_mixin.py:188} INFO - [2025-09-16T14:19:49.773+0000] {dag.py:3096} INFO - Sync 1 DAGs
[2025-09-16T14:19:49.804+0000] {logging_mixin.py:188} INFO - [2025-09-16T14:19:49.804+0000] {dag.py:3954} INFO - Setting next_dagrun for example_skip_dag to 2025-09-15 00:00:00+00:00, run_after=2025-09-16 00:00:00+00:00
[2025-09-16T14:19:49.835+0000] {processor.py:183} INFO - Processing /home/airflow/.local/lib/python3.12/site-packages/airflow/example_dags/example_skip_dag.py took 0.109 seconds
[2025-09-16T14:20:20.204+0000] {processor.py:161} INFO - Started process (PID=522) to work on /home/airflow/.local/lib/python3.12/site-packages/airflow/example_dags/example_skip_dag.py
[2025-09-16T14:20:20.205+0000] {processor.py:830} INFO - Processing file /home/airflow/.local/lib/python3.12/site-packages/airflow/example_dags/example_skip_dag.py for tasks to queue
[2025-09-16T14:20:20.208+0000] {logging_mixin.py:188} INFO - [2025-09-16T14:20:20.208+0000] {dagbag.py:545} INFO - Filling up the DagBag from /home/airflow/.local/lib/python3.12/site-packages/airflow/example_dags/example_skip_dag.py
[2025-09-16T14:20:20.217+0000] {processor.py:840} INFO - DAG(s) 'example_skip_dag' retrieved from /home/airflow/.local/lib/python3.12/site-packages/airflow/example_dags/example_skip_dag.py
[2025-09-16T14:20:20.246+0000] {logging_mixin.py:188} INFO - [2025-09-16T14:20:20.245+0000] {dag.py:3096} INFO - Sync 1 DAGs
[2025-09-16T14:20:20.274+0000] {logging_mixin.py:188} INFO - [2025-09-16T14:20:20.274+0000] {dag.py:3954} INFO - Setting next_dagrun for example_skip_dag to 2025-09-15 00:00:00+00:00, run_after=2025-09-16 00:00:00+00:00
[2025-09-16T14:20:20.300+0000] {processor.py:183} INFO - Processing /home/airflow/.local/lib/python3.12/site-packages/airflow/example_dags/example_skip_dag.py took 0.105 seconds
[2025-09-16T14:20:50.993+0000] {processor.py:161} INFO - Started process (PID=582) to work on /home/airflow/.local/lib/python3.12/site-packages/airflow/example_dags/example_skip_dag.py
[2025-09-16T14:20:50.996+0000] {processor.py:830} INFO - Processing file /home/airflow/.local/lib/python3.12/site-packages/airflow/example_dags/example_skip_dag.py for tasks to queue
[2025-09-16T14:20:51.000+0000] {logging_mixin.py:188} INFO - [2025-09-16T14:20:50.999+0000] {dagbag.py:545} INFO - Filling up the DagBag from /home/airflow/.local/lib/python3.12/site-packages/airflow/example_dags/example_skip_dag.py
[2025-09-16T14:20:51.009+0000] {processor.py:840} INFO - DAG(s) 'example_skip_dag' retrieved from /home/airflow/.local/lib/python3.12/site-packages/airflow/example_dags/example_skip_dag.py
[2025-09-16T14:20:51.038+0000] {logging_mixin.py:188} INFO - [2025-09-16T14:20:51.038+0000] {dag.py:3096} INFO - Sync 1 DAGs
[2025-09-16T14:20:51.070+0000] {logging_mixin.py:188} INFO - [2025-09-16T14:20:51.069+0000] {dag.py:3954} INFO - Setting next_dagrun for example_skip_dag to 2025-09-15 00:00:00+00:00, run_after=2025-09-16 00:00:00+00:00
[2025-09-16T14:20:51.131+0000] {processor.py:183} INFO - Processing /home/airflow/.local/lib/python3.12/site-packages/airflow/example_dags/example_skip_dag.py took 0.146 seconds
[2025-09-16T14:54:11.351+0000] {processor.py:161} INFO - Started process (PID=101) to work on /home/airflow/.local/lib/python3.12/site-packages/airflow/example_dags/example_skip_dag.py
[2025-09-16T14:54:11.397+0000] {processor.py:830} INFO - Processing file /home/airflow/.local/lib/python3.12/site-packages/airflow/example_dags/example_skip_dag.py for tasks to queue
[2025-09-16T14:54:11.400+0000] {logging_mixin.py:188} INFO - [2025-09-16T14:54:11.399+0000] {dagbag.py:545} INFO - Filling up the DagBag from /home/airflow/.local/lib/python3.12/site-packages/airflow/example_dags/example_skip_dag.py
[2025-09-16T14:54:11.412+0000] {processor.py:840} INFO - DAG(s) 'example_skip_dag' retrieved from /home/airflow/.local/lib/python3.12/site-packages/airflow/example_dags/example_skip_dag.py
[2025-09-16T14:54:11.594+0000] {logging_mixin.py:188} INFO - [2025-09-16T14:54:11.593+0000] {dag.py:3096} INFO - Sync 1 DAGs
[2025-09-16T14:54:11.636+0000] {logging_mixin.py:188} INFO - [2025-09-16T14:54:11.636+0000] {dag.py:3954} INFO - Setting next_dagrun for example_skip_dag to 2025-09-15 00:00:00+00:00, run_after=2025-09-16 00:00:00+00:00
[2025-09-16T14:54:11.687+0000] {processor.py:183} INFO - Processing /home/airflow/.local/lib/python3.12/site-packages/airflow/example_dags/example_skip_dag.py took 0.343 seconds
[2025-09-16T14:54:41.997+0000] {processor.py:161} INFO - Started process (PID=161) to work on /home/airflow/.local/lib/python3.12/site-packages/airflow/example_dags/example_skip_dag.py
[2025-09-16T14:54:41.999+0000] {processor.py:830} INFO - Processing file /home/airflow/.local/lib/python3.12/site-packages/airflow/example_dags/example_skip_dag.py for tasks to queue
[2025-09-16T14:54:42.001+0000] {logging_mixin.py:188} INFO - [2025-09-16T14:54:42.001+0000] {dagbag.py:545} INFO - Filling up the DagBag from /home/airflow/.local/lib/python3.12/site-packages/airflow/example_dags/example_skip_dag.py
[2025-09-16T14:54:42.009+0000] {processor.py:840} INFO - DAG(s) 'example_skip_dag' retrieved from /home/airflow/.local/lib/python3.12/site-packages/airflow/example_dags/example_skip_dag.py
[2025-09-16T14:54:42.038+0000] {logging_mixin.py:188} INFO - [2025-09-16T14:54:42.038+0000] {dag.py:3096} INFO - Sync 1 DAGs
[2025-09-16T14:54:42.070+0000] {logging_mixin.py:188} INFO - [2025-09-16T14:54:42.069+0000] {dag.py:3954} INFO - Setting next_dagrun for example_skip_dag to 2025-09-15 00:00:00+00:00, run_after=2025-09-16 00:00:00+00:00
[2025-09-16T14:54:42.101+0000] {processor.py:183} INFO - Processing /home/airflow/.local/lib/python3.12/site-packages/airflow/example_dags/example_skip_dag.py took 0.111 seconds
[2025-09-16T14:55:12.422+0000] {processor.py:161} INFO - Started process (PID=222) to work on /home/airflow/.local/lib/python3.12/site-packages/airflow/example_dags/example_skip_dag.py
[2025-09-16T14:55:12.424+0000] {processor.py:830} INFO - Processing file /home/airflow/.local/lib/python3.12/site-packages/airflow/example_dags/example_skip_dag.py for tasks to queue
[2025-09-16T14:55:12.427+0000] {logging_mixin.py:188} INFO - [2025-09-16T14:55:12.426+0000] {dagbag.py:545} INFO - Filling up the DagBag from /home/airflow/.local/lib/python3.12/site-packages/airflow/example_dags/example_skip_dag.py
[2025-09-16T14:55:12.434+0000] {processor.py:840} INFO - DAG(s) 'example_skip_dag' retrieved from /home/airflow/.local/lib/python3.12/site-packages/airflow/example_dags/example_skip_dag.py
[2025-09-16T14:55:12.459+0000] {logging_mixin.py:188} INFO - [2025-09-16T14:55:12.459+0000] {dag.py:3096} INFO - Sync 1 DAGs
[2025-09-16T14:55:12.484+0000] {logging_mixin.py:188} INFO - [2025-09-16T14:55:12.484+0000] {dag.py:3954} INFO - Setting next_dagrun for example_skip_dag to 2025-09-15 00:00:00+00:00, run_after=2025-09-16 00:00:00+00:00
[2025-09-16T14:55:12.542+0000] {processor.py:183} INFO - Processing /home/airflow/.local/lib/python3.12/site-packages/airflow/example_dags/example_skip_dag.py took 0.127 seconds
[2025-09-16T14:55:43.293+0000] {processor.py:161} INFO - Started process (PID=282) to work on /home/airflow/.local/lib/python3.12/site-packages/airflow/example_dags/example_skip_dag.py
[2025-09-16T14:55:43.295+0000] {processor.py:830} INFO - Processing file /home/airflow/.local/lib/python3.12/site-packages/airflow/example_dags/example_skip_dag.py for tasks to queue
[2025-09-16T14:55:43.297+0000] {logging_mixin.py:188} INFO - [2025-09-16T14:55:43.296+0000] {dagbag.py:545} INFO - Filling up the DagBag from /home/airflow/.local/lib/python3.12/site-packages/airflow/example_dags/example_skip_dag.py
[2025-09-16T14:55:43.305+0000] {processor.py:840} INFO - DAG(s) 'example_skip_dag' retrieved from /home/airflow/.local/lib/python3.12/site-packages/airflow/example_dags/example_skip_dag.py
[2025-09-16T14:55:43.327+0000] {logging_mixin.py:188} INFO - [2025-09-16T14:55:43.327+0000] {dag.py:3096} INFO - Sync 1 DAGs
[2025-09-16T14:55:43.360+0000] {logging_mixin.py:188} INFO - [2025-09-16T14:55:43.360+0000] {dag.py:3954} INFO - Setting next_dagrun for example_skip_dag to 2025-09-15 00:00:00+00:00, run_after=2025-09-16 00:00:00+00:00
[2025-09-16T14:55:43.393+0000] {processor.py:183} INFO - Processing /home/airflow/.local/lib/python3.12/site-packages/airflow/example_dags/example_skip_dag.py took 0.106 seconds
[2025-09-16T14:56:14.332+0000] {processor.py:161} INFO - Started process (PID=342) to work on /home/airflow/.local/lib/python3.12/site-packages/airflow/example_dags/example_skip_dag.py
[2025-09-16T14:56:14.334+0000] {processor.py:830} INFO - Processing file /home/airflow/.local/lib/python3.12/site-packages/airflow/example_dags/example_skip_dag.py for tasks to queue
[2025-09-16T14:56:14.336+0000] {logging_mixin.py:188} INFO - [2025-09-16T14:56:14.335+0000] {dagbag.py:545} INFO - Filling up the DagBag from /home/airflow/.local/lib/python3.12/site-packages/airflow/example_dags/example_skip_dag.py
[2025-09-16T14:56:14.344+0000] {processor.py:840} INFO - DAG(s) 'example_skip_dag' retrieved from /home/airflow/.local/lib/python3.12/site-packages/airflow/example_dags/example_skip_dag.py
[2025-09-16T14:56:14.370+0000] {logging_mixin.py:188} INFO - [2025-09-16T14:56:14.370+0000] {dag.py:3096} INFO - Sync 1 DAGs
[2025-09-16T14:56:14.399+0000] {logging_mixin.py:188} INFO - [2025-09-16T14:56:14.399+0000] {dag.py:3954} INFO - Setting next_dagrun for example_skip_dag to 2025-09-15 00:00:00+00:00, run_after=2025-09-16 00:00:00+00:00
[2025-09-16T14:56:14.424+0000] {processor.py:183} INFO - Processing /home/airflow/.local/lib/python3.12/site-packages/airflow/example_dags/example_skip_dag.py took 0.100 seconds
[2025-09-16T14:56:45.481+0000] {processor.py:161} INFO - Started process (PID=402) to work on /home/airflow/.local/lib/python3.12/site-packages/airflow/example_dags/example_skip_dag.py
[2025-09-16T14:56:45.484+0000] {processor.py:830} INFO - Processing file /home/airflow/.local/lib/python3.12/site-packages/airflow/example_dags/example_skip_dag.py for tasks to queue
[2025-09-16T14:56:45.487+0000] {logging_mixin.py:188} INFO - [2025-09-16T14:56:45.487+0000] {dagbag.py:545} INFO - Filling up the DagBag from /home/airflow/.local/lib/python3.12/site-packages/airflow/example_dags/example_skip_dag.py
[2025-09-16T14:56:45.498+0000] {processor.py:840} INFO - DAG(s) 'example_skip_dag' retrieved from /home/airflow/.local/lib/python3.12/site-packages/airflow/example_dags/example_skip_dag.py
[2025-09-16T14:56:45.532+0000] {logging_mixin.py:188} INFO - [2025-09-16T14:56:45.532+0000] {dag.py:3096} INFO - Sync 1 DAGs
[2025-09-16T14:56:45.579+0000] {logging_mixin.py:188} INFO - [2025-09-16T14:56:45.579+0000] {dag.py:3954} INFO - Setting next_dagrun for example_skip_dag to 2025-09-15 00:00:00+00:00, run_after=2025-09-16 00:00:00+00:00
[2025-09-16T14:56:45.616+0000] {processor.py:183} INFO - Processing /home/airflow/.local/lib/python3.12/site-packages/airflow/example_dags/example_skip_dag.py took 0.145 seconds
[2025-09-16T14:57:16.291+0000] {processor.py:161} INFO - Started process (PID=462) to work on /home/airflow/.local/lib/python3.12/site-packages/airflow/example_dags/example_skip_dag.py
[2025-09-16T14:57:16.292+0000] {processor.py:830} INFO - Processing file /home/airflow/.local/lib/python3.12/site-packages/airflow/example_dags/example_skip_dag.py for tasks to queue
[2025-09-16T14:57:16.296+0000] {logging_mixin.py:188} INFO - [2025-09-16T14:57:16.295+0000] {dagbag.py:545} INFO - Filling up the DagBag from /home/airflow/.local/lib/python3.12/site-packages/airflow/example_dags/example_skip_dag.py
[2025-09-16T14:57:16.307+0000] {processor.py:840} INFO - DAG(s) 'example_skip_dag' retrieved from /home/airflow/.local/lib/python3.12/site-packages/airflow/example_dags/example_skip_dag.py
[2025-09-16T14:57:16.342+0000] {logging_mixin.py:188} INFO - [2025-09-16T14:57:16.342+0000] {dag.py:3096} INFO - Sync 1 DAGs
[2025-09-16T14:57:16.379+0000] {logging_mixin.py:188} INFO - [2025-09-16T14:57:16.379+0000] {dag.py:3954} INFO - Setting next_dagrun for example_skip_dag to 2025-09-15 00:00:00+00:00, run_after=2025-09-16 00:00:00+00:00
[2025-09-16T14:57:16.408+0000] {processor.py:183} INFO - Processing /home/airflow/.local/lib/python3.12/site-packages/airflow/example_dags/example_skip_dag.py took 0.128 seconds
[2025-09-16T14:57:47.603+0000] {processor.py:161} INFO - Started process (PID=522) to work on /home/airflow/.local/lib/python3.12/site-packages/airflow/example_dags/example_skip_dag.py
[2025-09-16T14:57:47.605+0000] {processor.py:830} INFO - Processing file /home/airflow/.local/lib/python3.12/site-packages/airflow/example_dags/example_skip_dag.py for tasks to queue
[2025-09-16T14:57:47.608+0000] {logging_mixin.py:188} INFO - [2025-09-16T14:57:47.607+0000] {dagbag.py:545} INFO - Filling up the DagBag from /home/airflow/.local/lib/python3.12/site-packages/airflow/example_dags/example_skip_dag.py
[2025-09-16T14:57:47.617+0000] {processor.py:840} INFO - DAG(s) 'example_skip_dag' retrieved from /home/airflow/.local/lib/python3.12/site-packages/airflow/example_dags/example_skip_dag.py
[2025-09-16T14:57:47.647+0000] {logging_mixin.py:188} INFO - [2025-09-16T14:57:47.647+0000] {dag.py:3096} INFO - Sync 1 DAGs
[2025-09-16T14:57:47.678+0000] {logging_mixin.py:188} INFO - [2025-09-16T14:57:47.678+0000] {dag.py:3954} INFO - Setting next_dagrun for example_skip_dag to 2025-09-15 00:00:00+00:00, run_after=2025-09-16 00:00:00+00:00
[2025-09-16T14:57:47.705+0000] {processor.py:183} INFO - Processing /home/airflow/.local/lib/python3.12/site-packages/airflow/example_dags/example_skip_dag.py took 0.110 seconds
[2025-09-16T14:58:17.761+0000] {processor.py:161} INFO - Started process (PID=582) to work on /home/airflow/.local/lib/python3.12/site-packages/airflow/example_dags/example_skip_dag.py
[2025-09-16T14:58:17.762+0000] {processor.py:830} INFO - Processing file /home/airflow/.local/lib/python3.12/site-packages/airflow/example_dags/example_skip_dag.py for tasks to queue
[2025-09-16T14:58:17.765+0000] {logging_mixin.py:188} INFO - [2025-09-16T14:58:17.764+0000] {dagbag.py:545} INFO - Filling up the DagBag from /home/airflow/.local/lib/python3.12/site-packages/airflow/example_dags/example_skip_dag.py
[2025-09-16T14:58:17.773+0000] {processor.py:840} INFO - DAG(s) 'example_skip_dag' retrieved from /home/airflow/.local/lib/python3.12/site-packages/airflow/example_dags/example_skip_dag.py
[2025-09-16T14:58:17.800+0000] {logging_mixin.py:188} INFO - [2025-09-16T14:58:17.799+0000] {dag.py:3096} INFO - Sync 1 DAGs
[2025-09-16T14:58:17.827+0000] {logging_mixin.py:188} INFO - [2025-09-16T14:58:17.827+0000] {dag.py:3954} INFO - Setting next_dagrun for example_skip_dag to 2025-09-15 00:00:00+00:00, run_after=2025-09-16 00:00:00+00:00
[2025-09-16T14:58:17.851+0000] {processor.py:183} INFO - Processing /home/airflow/.local/lib/python3.12/site-packages/airflow/example_dags/example_skip_dag.py took 0.098 seconds
[2025-09-16T14:58:47.993+0000] {processor.py:161} INFO - Started process (PID=641) to work on /home/airflow/.local/lib/python3.12/site-packages/airflow/example_dags/example_skip_dag.py
[2025-09-16T14:58:47.994+0000] {processor.py:830} INFO - Processing file /home/airflow/.local/lib/python3.12/site-packages/airflow/example_dags/example_skip_dag.py for tasks to queue
[2025-09-16T14:58:47.997+0000] {logging_mixin.py:188} INFO - [2025-09-16T14:58:47.996+0000] {dagbag.py:545} INFO - Filling up the DagBag from /home/airflow/.local/lib/python3.12/site-packages/airflow/example_dags/example_skip_dag.py
[2025-09-16T14:58:48.005+0000] {processor.py:840} INFO - DAG(s) 'example_skip_dag' retrieved from /home/airflow/.local/lib/python3.12/site-packages/airflow/example_dags/example_skip_dag.py
[2025-09-16T14:58:48.035+0000] {logging_mixin.py:188} INFO - [2025-09-16T14:58:48.034+0000] {dag.py:3096} INFO - Sync 1 DAGs
[2025-09-16T14:58:48.063+0000] {logging_mixin.py:188} INFO - [2025-09-16T14:58:48.062+0000] {dag.py:3954} INFO - Setting next_dagrun for example_skip_dag to 2025-09-15 00:00:00+00:00, run_after=2025-09-16 00:00:00+00:00
[2025-09-16T14:58:48.087+0000] {processor.py:183} INFO - Processing /home/airflow/.local/lib/python3.12/site-packages/airflow/example_dags/example_skip_dag.py took 0.103 seconds
[2025-09-16T14:59:18.407+0000] {processor.py:161} INFO - Started process (PID=701) to work on /home/airflow/.local/lib/python3.12/site-packages/airflow/example_dags/example_skip_dag.py
[2025-09-16T14:59:18.409+0000] {processor.py:830} INFO - Processing file /home/airflow/.local/lib/python3.12/site-packages/airflow/example_dags/example_skip_dag.py for tasks to queue
[2025-09-16T14:59:18.411+0000] {logging_mixin.py:188} INFO - [2025-09-16T14:59:18.411+0000] {dagbag.py:545} INFO - Filling up the DagBag from /home/airflow/.local/lib/python3.12/site-packages/airflow/example_dags/example_skip_dag.py
[2025-09-16T14:59:18.420+0000] {processor.py:840} INFO - DAG(s) 'example_skip_dag' retrieved from /home/airflow/.local/lib/python3.12/site-packages/airflow/example_dags/example_skip_dag.py
[2025-09-16T14:59:18.447+0000] {logging_mixin.py:188} INFO - [2025-09-16T14:59:18.446+0000] {dag.py:3096} INFO - Sync 1 DAGs
[2025-09-16T14:59:18.473+0000] {logging_mixin.py:188} INFO - [2025-09-16T14:59:18.473+0000] {dag.py:3954} INFO - Setting next_dagrun for example_skip_dag to 2025-09-15 00:00:00+00:00, run_after=2025-09-16 00:00:00+00:00
[2025-09-16T14:59:18.497+0000] {processor.py:183} INFO - Processing /home/airflow/.local/lib/python3.12/site-packages/airflow/example_dags/example_skip_dag.py took 0.097 seconds
[2025-09-16T14:59:49.540+0000] {processor.py:161} INFO - Started process (PID=761) to work on /home/airflow/.local/lib/python3.12/site-packages/airflow/example_dags/example_skip_dag.py
[2025-09-16T14:59:49.542+0000] {processor.py:830} INFO - Processing file /home/airflow/.local/lib/python3.12/site-packages/airflow/example_dags/example_skip_dag.py for tasks to queue
[2025-09-16T14:59:49.544+0000] {logging_mixin.py:188} INFO - [2025-09-16T14:59:49.544+0000] {dagbag.py:545} INFO - Filling up the DagBag from /home/airflow/.local/lib/python3.12/site-packages/airflow/example_dags/example_skip_dag.py
[2025-09-16T14:59:49.552+0000] {processor.py:840} INFO - DAG(s) 'example_skip_dag' retrieved from /home/airflow/.local/lib/python3.12/site-packages/airflow/example_dags/example_skip_dag.py
[2025-09-16T14:59:49.586+0000] {logging_mixin.py:188} INFO - [2025-09-16T14:59:49.586+0000] {dag.py:3096} INFO - Sync 1 DAGs
[2025-09-16T14:59:49.629+0000] {logging_mixin.py:188} INFO - [2025-09-16T14:59:49.629+0000] {dag.py:3954} INFO - Setting next_dagrun for example_skip_dag to 2025-09-15 00:00:00+00:00, run_after=2025-09-16 00:00:00+00:00
[2025-09-16T14:59:49.660+0000] {processor.py:183} INFO - Processing /home/airflow/.local/lib/python3.12/site-packages/airflow/example_dags/example_skip_dag.py took 0.129 seconds
[2025-09-16T15:00:19.916+0000] {processor.py:161} INFO - Started process (PID=821) to work on /home/airflow/.local/lib/python3.12/site-packages/airflow/example_dags/example_skip_dag.py
[2025-09-16T15:00:19.918+0000] {processor.py:830} INFO - Processing file /home/airflow/.local/lib/python3.12/site-packages/airflow/example_dags/example_skip_dag.py for tasks to queue
[2025-09-16T15:00:19.922+0000] {logging_mixin.py:188} INFO - [2025-09-16T15:00:19.921+0000] {dagbag.py:545} INFO - Filling up the DagBag from /home/airflow/.local/lib/python3.12/site-packages/airflow/example_dags/example_skip_dag.py
[2025-09-16T15:00:19.933+0000] {processor.py:840} INFO - DAG(s) 'example_skip_dag' retrieved from /home/airflow/.local/lib/python3.12/site-packages/airflow/example_dags/example_skip_dag.py
[2025-09-16T15:00:19.971+0000] {logging_mixin.py:188} INFO - [2025-09-16T15:00:19.971+0000] {dag.py:3096} INFO - Sync 1 DAGs
[2025-09-16T15:00:20.021+0000] {logging_mixin.py:188} INFO - [2025-09-16T15:00:20.020+0000] {dag.py:3954} INFO - Setting next_dagrun for example_skip_dag to 2025-09-15 00:00:00+00:00, run_after=2025-09-16 00:00:00+00:00
[2025-09-16T15:00:20.068+0000] {processor.py:183} INFO - Processing /home/airflow/.local/lib/python3.12/site-packages/airflow/example_dags/example_skip_dag.py took 0.162 seconds
[2025-09-16T15:01:54.535+0000] {processor.py:161} INFO - Started process (PID=102) to work on /home/airflow/.local/lib/python3.12/site-packages/airflow/example_dags/example_skip_dag.py
[2025-09-16T15:01:54.537+0000] {processor.py:830} INFO - Processing file /home/airflow/.local/lib/python3.12/site-packages/airflow/example_dags/example_skip_dag.py for tasks to queue
[2025-09-16T15:01:54.541+0000] {logging_mixin.py:188} INFO - [2025-09-16T15:01:54.541+0000] {dagbag.py:545} INFO - Filling up the DagBag from /home/airflow/.local/lib/python3.12/site-packages/airflow/example_dags/example_skip_dag.py
[2025-09-16T15:01:54.553+0000] {processor.py:840} INFO - DAG(s) 'example_skip_dag' retrieved from /home/airflow/.local/lib/python3.12/site-packages/airflow/example_dags/example_skip_dag.py
[2025-09-16T15:01:54.736+0000] {logging_mixin.py:188} INFO - [2025-09-16T15:01:54.735+0000] {dag.py:3096} INFO - Sync 1 DAGs
[2025-09-16T15:01:54.765+0000] {logging_mixin.py:188} INFO - [2025-09-16T15:01:54.765+0000] {dag.py:3954} INFO - Setting next_dagrun for example_skip_dag to 2025-09-15 00:00:00+00:00, run_after=2025-09-16 00:00:00+00:00
[2025-09-16T15:01:54.803+0000] {processor.py:183} INFO - Processing /home/airflow/.local/lib/python3.12/site-packages/airflow/example_dags/example_skip_dag.py took 0.279 seconds
[2025-09-16T15:02:25.440+0000] {processor.py:161} INFO - Started process (PID=162) to work on /home/airflow/.local/lib/python3.12/site-packages/airflow/example_dags/example_skip_dag.py
[2025-09-16T15:02:25.441+0000] {processor.py:830} INFO - Processing file /home/airflow/.local/lib/python3.12/site-packages/airflow/example_dags/example_skip_dag.py for tasks to queue
[2025-09-16T15:02:25.443+0000] {logging_mixin.py:188} INFO - [2025-09-16T15:02:25.443+0000] {dagbag.py:545} INFO - Filling up the DagBag from /home/airflow/.local/lib/python3.12/site-packages/airflow/example_dags/example_skip_dag.py
[2025-09-16T15:02:25.453+0000] {processor.py:840} INFO - DAG(s) 'example_skip_dag' retrieved from /home/airflow/.local/lib/python3.12/site-packages/airflow/example_dags/example_skip_dag.py
[2025-09-16T15:02:25.467+0000] {logging_mixin.py:188} INFO - [2025-09-16T15:02:25.466+0000] {dag.py:3096} INFO - Sync 1 DAGs
[2025-09-16T15:02:25.499+0000] {logging_mixin.py:188} INFO - [2025-09-16T15:02:25.499+0000] {dag.py:3954} INFO - Setting next_dagrun for example_skip_dag to 2025-09-15 00:00:00+00:00, run_after=2025-09-16 00:00:00+00:00
[2025-09-16T15:02:25.551+0000] {processor.py:183} INFO - Processing /home/airflow/.local/lib/python3.12/site-packages/airflow/example_dags/example_skip_dag.py took 0.119 seconds
[2025-09-16T15:02:56.054+0000] {processor.py:161} INFO - Started process (PID=222) to work on /home/airflow/.local/lib/python3.12/site-packages/airflow/example_dags/example_skip_dag.py
[2025-09-16T15:02:56.056+0000] {processor.py:830} INFO - Processing file /home/airflow/.local/lib/python3.12/site-packages/airflow/example_dags/example_skip_dag.py for tasks to queue
[2025-09-16T15:02:56.059+0000] {logging_mixin.py:188} INFO - [2025-09-16T15:02:56.059+0000] {dagbag.py:545} INFO - Filling up the DagBag from /home/airflow/.local/lib/python3.12/site-packages/airflow/example_dags/example_skip_dag.py
[2025-09-16T15:02:56.069+0000] {processor.py:840} INFO - DAG(s) 'example_skip_dag' retrieved from /home/airflow/.local/lib/python3.12/site-packages/airflow/example_dags/example_skip_dag.py
[2025-09-16T15:02:56.215+0000] {logging_mixin.py:188} INFO - [2025-09-16T15:02:56.215+0000] {dag.py:3096} INFO - Sync 1 DAGs
[2025-09-16T15:02:56.245+0000] {logging_mixin.py:188} INFO - [2025-09-16T15:02:56.245+0000] {dag.py:3954} INFO - Setting next_dagrun for example_skip_dag to 2025-09-15 00:00:00+00:00, run_after=2025-09-16 00:00:00+00:00
[2025-09-16T15:02:56.275+0000] {processor.py:183} INFO - Processing /home/airflow/.local/lib/python3.12/site-packages/airflow/example_dags/example_skip_dag.py took 0.229 seconds
[2025-09-16T15:03:26.718+0000] {processor.py:161} INFO - Started process (PID=282) to work on /home/airflow/.local/lib/python3.12/site-packages/airflow/example_dags/example_skip_dag.py
[2025-09-16T15:03:26.719+0000] {processor.py:830} INFO - Processing file /home/airflow/.local/lib/python3.12/site-packages/airflow/example_dags/example_skip_dag.py for tasks to queue
[2025-09-16T15:03:26.722+0000] {logging_mixin.py:188} INFO - [2025-09-16T15:03:26.722+0000] {dagbag.py:545} INFO - Filling up the DagBag from /home/airflow/.local/lib/python3.12/site-packages/airflow/example_dags/example_skip_dag.py
[2025-09-16T15:03:26.730+0000] {processor.py:840} INFO - DAG(s) 'example_skip_dag' retrieved from /home/airflow/.local/lib/python3.12/site-packages/airflow/example_dags/example_skip_dag.py
[2025-09-16T15:03:26.757+0000] {logging_mixin.py:188} INFO - [2025-09-16T15:03:26.757+0000] {dag.py:3096} INFO - Sync 1 DAGs
[2025-09-16T15:03:26.785+0000] {logging_mixin.py:188} INFO - [2025-09-16T15:03:26.784+0000] {dag.py:3954} INFO - Setting next_dagrun for example_skip_dag to 2025-09-15 00:00:00+00:00, run_after=2025-09-16 00:00:00+00:00
[2025-09-16T15:03:26.812+0000] {processor.py:183} INFO - Processing /home/airflow/.local/lib/python3.12/site-packages/airflow/example_dags/example_skip_dag.py took 0.100 seconds
[2025-09-16T15:03:57.817+0000] {processor.py:161} INFO - Started process (PID=342) to work on /home/airflow/.local/lib/python3.12/site-packages/airflow/example_dags/example_skip_dag.py
[2025-09-16T15:03:57.818+0000] {processor.py:830} INFO - Processing file /home/airflow/.local/lib/python3.12/site-packages/airflow/example_dags/example_skip_dag.py for tasks to queue
[2025-09-16T15:03:57.822+0000] {logging_mixin.py:188} INFO - [2025-09-16T15:03:57.821+0000] {dagbag.py:545} INFO - Filling up the DagBag from /home/airflow/.local/lib/python3.12/site-packages/airflow/example_dags/example_skip_dag.py
[2025-09-16T15:03:57.832+0000] {processor.py:840} INFO - DAG(s) 'example_skip_dag' retrieved from /home/airflow/.local/lib/python3.12/site-packages/airflow/example_dags/example_skip_dag.py
[2025-09-16T15:03:57.864+0000] {logging_mixin.py:188} INFO - [2025-09-16T15:03:57.863+0000] {dag.py:3096} INFO - Sync 1 DAGs
[2025-09-16T15:03:57.893+0000] {logging_mixin.py:188} INFO - [2025-09-16T15:03:57.893+0000] {dag.py:3954} INFO - Setting next_dagrun for example_skip_dag to 2025-09-15 00:00:00+00:00, run_after=2025-09-16 00:00:00+00:00
[2025-09-16T15:03:57.920+0000] {processor.py:183} INFO - Processing /home/airflow/.local/lib/python3.12/site-packages/airflow/example_dags/example_skip_dag.py took 0.112 seconds
[2025-09-16T15:04:28.750+0000] {processor.py:161} INFO - Started process (PID=402) to work on /home/airflow/.local/lib/python3.12/site-packages/airflow/example_dags/example_skip_dag.py
[2025-09-16T15:04:28.752+0000] {processor.py:830} INFO - Processing file /home/airflow/.local/lib/python3.12/site-packages/airflow/example_dags/example_skip_dag.py for tasks to queue
[2025-09-16T15:04:28.754+0000] {logging_mixin.py:188} INFO - [2025-09-16T15:04:28.754+0000] {dagbag.py:545} INFO - Filling up the DagBag from /home/airflow/.local/lib/python3.12/site-packages/airflow/example_dags/example_skip_dag.py
[2025-09-16T15:04:28.761+0000] {processor.py:840} INFO - DAG(s) 'example_skip_dag' retrieved from /home/airflow/.local/lib/python3.12/site-packages/airflow/example_dags/example_skip_dag.py
[2025-09-16T15:04:28.785+0000] {logging_mixin.py:188} INFO - [2025-09-16T15:04:28.785+0000] {dag.py:3096} INFO - Sync 1 DAGs
[2025-09-16T15:04:28.813+0000] {logging_mixin.py:188} INFO - [2025-09-16T15:04:28.813+0000] {dag.py:3954} INFO - Setting next_dagrun for example_skip_dag to 2025-09-15 00:00:00+00:00, run_after=2025-09-16 00:00:00+00:00
[2025-09-16T15:04:28.838+0000] {processor.py:183} INFO - Processing /home/airflow/.local/lib/python3.12/site-packages/airflow/example_dags/example_skip_dag.py took 0.094 seconds
[2025-09-16T15:04:59.697+0000] {processor.py:161} INFO - Started process (PID=462) to work on /home/airflow/.local/lib/python3.12/site-packages/airflow/example_dags/example_skip_dag.py
[2025-09-16T15:04:59.699+0000] {processor.py:830} INFO - Processing file /home/airflow/.local/lib/python3.12/site-packages/airflow/example_dags/example_skip_dag.py for tasks to queue
[2025-09-16T15:04:59.702+0000] {logging_mixin.py:188} INFO - [2025-09-16T15:04:59.701+0000] {dagbag.py:545} INFO - Filling up the DagBag from /home/airflow/.local/lib/python3.12/site-packages/airflow/example_dags/example_skip_dag.py
[2025-09-16T15:04:59.710+0000] {processor.py:840} INFO - DAG(s) 'example_skip_dag' retrieved from /home/airflow/.local/lib/python3.12/site-packages/airflow/example_dags/example_skip_dag.py
[2025-09-16T15:04:59.746+0000] {logging_mixin.py:188} INFO - [2025-09-16T15:04:59.746+0000] {dag.py:3096} INFO - Sync 1 DAGs
[2025-09-16T15:04:59.779+0000] {logging_mixin.py:188} INFO - [2025-09-16T15:04:59.779+0000] {dag.py:3954} INFO - Setting next_dagrun for example_skip_dag to 2025-09-15 00:00:00+00:00, run_after=2025-09-16 00:00:00+00:00
[2025-09-16T15:04:59.813+0000] {processor.py:183} INFO - Processing /home/airflow/.local/lib/python3.12/site-packages/airflow/example_dags/example_skip_dag.py took 0.124 seconds
[2025-09-16T15:05:30.400+0000] {processor.py:161} INFO - Started process (PID=521) to work on /home/airflow/.local/lib/python3.12/site-packages/airflow/example_dags/example_skip_dag.py
[2025-09-16T15:05:30.402+0000] {processor.py:830} INFO - Processing file /home/airflow/.local/lib/python3.12/site-packages/airflow/example_dags/example_skip_dag.py for tasks to queue
[2025-09-16T15:05:30.405+0000] {logging_mixin.py:188} INFO - [2025-09-16T15:05:30.404+0000] {dagbag.py:545} INFO - Filling up the DagBag from /home/airflow/.local/lib/python3.12/site-packages/airflow/example_dags/example_skip_dag.py
[2025-09-16T15:05:30.413+0000] {processor.py:840} INFO - DAG(s) 'example_skip_dag' retrieved from /home/airflow/.local/lib/python3.12/site-packages/airflow/example_dags/example_skip_dag.py
[2025-09-16T15:05:30.439+0000] {logging_mixin.py:188} INFO - [2025-09-16T15:05:30.438+0000] {dag.py:3096} INFO - Sync 1 DAGs
[2025-09-16T15:05:30.464+0000] {logging_mixin.py:188} INFO - [2025-09-16T15:05:30.464+0000] {dag.py:3954} INFO - Setting next_dagrun for example_skip_dag to 2025-09-15 00:00:00+00:00, run_after=2025-09-16 00:00:00+00:00
[2025-09-16T15:05:30.491+0000] {processor.py:183} INFO - Processing /home/airflow/.local/lib/python3.12/site-packages/airflow/example_dags/example_skip_dag.py took 0.097 seconds
[2025-09-16T15:06:00.845+0000] {processor.py:161} INFO - Started process (PID=581) to work on /home/airflow/.local/lib/python3.12/site-packages/airflow/example_dags/example_skip_dag.py
[2025-09-16T15:06:00.847+0000] {processor.py:830} INFO - Processing file /home/airflow/.local/lib/python3.12/site-packages/airflow/example_dags/example_skip_dag.py for tasks to queue
[2025-09-16T15:06:00.850+0000] {logging_mixin.py:188} INFO - [2025-09-16T15:06:00.849+0000] {dagbag.py:545} INFO - Filling up the DagBag from /home/airflow/.local/lib/python3.12/site-packages/airflow/example_dags/example_skip_dag.py
[2025-09-16T15:06:00.861+0000] {processor.py:840} INFO - DAG(s) 'example_skip_dag' retrieved from /home/airflow/.local/lib/python3.12/site-packages/airflow/example_dags/example_skip_dag.py
[2025-09-16T15:06:00.900+0000] {logging_mixin.py:188} INFO - [2025-09-16T15:06:00.900+0000] {dag.py:3096} INFO - Sync 1 DAGs
[2025-09-16T15:06:00.936+0000] {logging_mixin.py:188} INFO - [2025-09-16T15:06:00.936+0000] {dag.py:3954} INFO - Setting next_dagrun for example_skip_dag to 2025-09-15 00:00:00+00:00, run_after=2025-09-16 00:00:00+00:00
[2025-09-16T15:06:00.969+0000] {processor.py:183} INFO - Processing /home/airflow/.local/lib/python3.12/site-packages/airflow/example_dags/example_skip_dag.py took 0.132 seconds
[2025-09-16T15:06:31.577+0000] {processor.py:161} INFO - Started process (PID=641) to work on /home/airflow/.local/lib/python3.12/site-packages/airflow/example_dags/example_skip_dag.py
[2025-09-16T15:06:31.578+0000] {processor.py:830} INFO - Processing file /home/airflow/.local/lib/python3.12/site-packages/airflow/example_dags/example_skip_dag.py for tasks to queue
[2025-09-16T15:06:31.582+0000] {logging_mixin.py:188} INFO - [2025-09-16T15:06:31.581+0000] {dagbag.py:545} INFO - Filling up the DagBag from /home/airflow/.local/lib/python3.12/site-packages/airflow/example_dags/example_skip_dag.py
[2025-09-16T15:06:31.590+0000] {processor.py:840} INFO - DAG(s) 'example_skip_dag' retrieved from /home/airflow/.local/lib/python3.12/site-packages/airflow/example_dags/example_skip_dag.py
[2025-09-16T15:06:31.614+0000] {logging_mixin.py:188} INFO - [2025-09-16T15:06:31.614+0000] {dag.py:3096} INFO - Sync 1 DAGs
[2025-09-16T15:06:31.641+0000] {logging_mixin.py:188} INFO - [2025-09-16T15:06:31.641+0000] {dag.py:3954} INFO - Setting next_dagrun for example_skip_dag to 2025-09-15 00:00:00+00:00, run_after=2025-09-16 00:00:00+00:00
[2025-09-16T15:06:31.668+0000] {processor.py:183} INFO - Processing /home/airflow/.local/lib/python3.12/site-packages/airflow/example_dags/example_skip_dag.py took 0.098 seconds
[2025-09-16T15:07:01.990+0000] {processor.py:161} INFO - Started process (PID=701) to work on /home/airflow/.local/lib/python3.12/site-packages/airflow/example_dags/example_skip_dag.py
[2025-09-16T15:07:01.991+0000] {processor.py:830} INFO - Processing file /home/airflow/.local/lib/python3.12/site-packages/airflow/example_dags/example_skip_dag.py for tasks to queue
[2025-09-16T15:07:01.993+0000] {logging_mixin.py:188} INFO - [2025-09-16T15:07:01.993+0000] {dagbag.py:545} INFO - Filling up the DagBag from /home/airflow/.local/lib/python3.12/site-packages/airflow/example_dags/example_skip_dag.py
[2025-09-16T15:07:02.000+0000] {processor.py:840} INFO - DAG(s) 'example_skip_dag' retrieved from /home/airflow/.local/lib/python3.12/site-packages/airflow/example_dags/example_skip_dag.py
[2025-09-16T15:07:02.022+0000] {logging_mixin.py:188} INFO - [2025-09-16T15:07:02.022+0000] {dag.py:3096} INFO - Sync 1 DAGs
[2025-09-16T15:07:02.045+0000] {logging_mixin.py:188} INFO - [2025-09-16T15:07:02.045+0000] {dag.py:3954} INFO - Setting next_dagrun for example_skip_dag to 2025-09-15 00:00:00+00:00, run_after=2025-09-16 00:00:00+00:00
[2025-09-16T15:07:02.066+0000] {processor.py:183} INFO - Processing /home/airflow/.local/lib/python3.12/site-packages/airflow/example_dags/example_skip_dag.py took 0.082 seconds
[2025-09-16T15:07:32.520+0000] {processor.py:161} INFO - Started process (PID=761) to work on /home/airflow/.local/lib/python3.12/site-packages/airflow/example_dags/example_skip_dag.py
[2025-09-16T15:07:32.521+0000] {processor.py:830} INFO - Processing file /home/airflow/.local/lib/python3.12/site-packages/airflow/example_dags/example_skip_dag.py for tasks to queue
[2025-09-16T15:07:32.523+0000] {logging_mixin.py:188} INFO - [2025-09-16T15:07:32.523+0000] {dagbag.py:545} INFO - Filling up the DagBag from /home/airflow/.local/lib/python3.12/site-packages/airflow/example_dags/example_skip_dag.py
[2025-09-16T15:07:32.531+0000] {processor.py:840} INFO - DAG(s) 'example_skip_dag' retrieved from /home/airflow/.local/lib/python3.12/site-packages/airflow/example_dags/example_skip_dag.py
[2025-09-16T15:07:32.557+0000] {logging_mixin.py:188} INFO - [2025-09-16T15:07:32.557+0000] {dag.py:3096} INFO - Sync 1 DAGs
[2025-09-16T15:07:32.582+0000] {logging_mixin.py:188} INFO - [2025-09-16T15:07:32.582+0000] {dag.py:3954} INFO - Setting next_dagrun for example_skip_dag to 2025-09-15 00:00:00+00:00, run_after=2025-09-16 00:00:00+00:00
[2025-09-16T15:07:32.606+0000] {processor.py:183} INFO - Processing /home/airflow/.local/lib/python3.12/site-packages/airflow/example_dags/example_skip_dag.py took 0.094 seconds
[2025-09-16T15:08:02.881+0000] {processor.py:161} INFO - Started process (PID=821) to work on /home/airflow/.local/lib/python3.12/site-packages/airflow/example_dags/example_skip_dag.py
[2025-09-16T15:08:02.883+0000] {processor.py:830} INFO - Processing file /home/airflow/.local/lib/python3.12/site-packages/airflow/example_dags/example_skip_dag.py for tasks to queue
[2025-09-16T15:08:02.886+0000] {logging_mixin.py:188} INFO - [2025-09-16T15:08:02.885+0000] {dagbag.py:545} INFO - Filling up the DagBag from /home/airflow/.local/lib/python3.12/site-packages/airflow/example_dags/example_skip_dag.py
[2025-09-16T15:08:02.894+0000] {processor.py:840} INFO - DAG(s) 'example_skip_dag' retrieved from /home/airflow/.local/lib/python3.12/site-packages/airflow/example_dags/example_skip_dag.py
[2025-09-16T15:08:02.921+0000] {logging_mixin.py:188} INFO - [2025-09-16T15:08:02.921+0000] {dag.py:3096} INFO - Sync 1 DAGs
[2025-09-16T15:08:02.958+0000] {logging_mixin.py:188} INFO - [2025-09-16T15:08:02.957+0000] {dag.py:3954} INFO - Setting next_dagrun for example_skip_dag to 2025-09-15 00:00:00+00:00, run_after=2025-09-16 00:00:00+00:00
[2025-09-16T15:08:02.988+0000] {processor.py:183} INFO - Processing /home/airflow/.local/lib/python3.12/site-packages/airflow/example_dags/example_skip_dag.py took 0.114 seconds
[2025-09-16T15:08:33.288+0000] {processor.py:161} INFO - Started process (PID=881) to work on /home/airflow/.local/lib/python3.12/site-packages/airflow/example_dags/example_skip_dag.py
[2025-09-16T15:08:33.290+0000] {processor.py:830} INFO - Processing file /home/airflow/.local/lib/python3.12/site-packages/airflow/example_dags/example_skip_dag.py for tasks to queue
[2025-09-16T15:08:33.294+0000] {logging_mixin.py:188} INFO - [2025-09-16T15:08:33.294+0000] {dagbag.py:545} INFO - Filling up the DagBag from /home/airflow/.local/lib/python3.12/site-packages/airflow/example_dags/example_skip_dag.py
[2025-09-16T15:08:33.304+0000] {processor.py:840} INFO - DAG(s) 'example_skip_dag' retrieved from /home/airflow/.local/lib/python3.12/site-packages/airflow/example_dags/example_skip_dag.py
[2025-09-16T15:08:33.338+0000] {logging_mixin.py:188} INFO - [2025-09-16T15:08:33.337+0000] {dag.py:3096} INFO - Sync 1 DAGs
[2025-09-16T15:08:33.373+0000] {logging_mixin.py:188} INFO - [2025-09-16T15:08:33.373+0000] {dag.py:3954} INFO - Setting next_dagrun for example_skip_dag to 2025-09-15 00:00:00+00:00, run_after=2025-09-16 00:00:00+00:00
[2025-09-16T15:08:33.403+0000] {processor.py:183} INFO - Processing /home/airflow/.local/lib/python3.12/site-packages/airflow/example_dags/example_skip_dag.py took 0.123 seconds
[2025-09-16T15:09:03.597+0000] {processor.py:161} INFO - Started process (PID=940) to work on /home/airflow/.local/lib/python3.12/site-packages/airflow/example_dags/example_skip_dag.py
[2025-09-16T15:09:03.599+0000] {processor.py:830} INFO - Processing file /home/airflow/.local/lib/python3.12/site-packages/airflow/example_dags/example_skip_dag.py for tasks to queue
[2025-09-16T15:09:03.603+0000] {logging_mixin.py:188} INFO - [2025-09-16T15:09:03.602+0000] {dagbag.py:545} INFO - Filling up the DagBag from /home/airflow/.local/lib/python3.12/site-packages/airflow/example_dags/example_skip_dag.py
[2025-09-16T15:09:03.615+0000] {processor.py:840} INFO - DAG(s) 'example_skip_dag' retrieved from /home/airflow/.local/lib/python3.12/site-packages/airflow/example_dags/example_skip_dag.py
[2025-09-16T15:09:03.654+0000] {logging_mixin.py:188} INFO - [2025-09-16T15:09:03.654+0000] {dag.py:3096} INFO - Sync 1 DAGs
[2025-09-16T15:09:03.691+0000] {logging_mixin.py:188} INFO - [2025-09-16T15:09:03.691+0000] {dag.py:3954} INFO - Setting next_dagrun for example_skip_dag to 2025-09-15 00:00:00+00:00, run_after=2025-09-16 00:00:00+00:00
[2025-09-16T15:09:03.723+0000] {processor.py:183} INFO - Processing /home/airflow/.local/lib/python3.12/site-packages/airflow/example_dags/example_skip_dag.py took 0.133 seconds
[2025-09-16T15:09:34.269+0000] {processor.py:161} INFO - Started process (PID=999) to work on /home/airflow/.local/lib/python3.12/site-packages/airflow/example_dags/example_skip_dag.py
[2025-09-16T15:09:34.270+0000] {processor.py:830} INFO - Processing file /home/airflow/.local/lib/python3.12/site-packages/airflow/example_dags/example_skip_dag.py for tasks to queue
[2025-09-16T15:09:34.273+0000] {logging_mixin.py:188} INFO - [2025-09-16T15:09:34.272+0000] {dagbag.py:545} INFO - Filling up the DagBag from /home/airflow/.local/lib/python3.12/site-packages/airflow/example_dags/example_skip_dag.py
[2025-09-16T15:09:34.283+0000] {processor.py:840} INFO - DAG(s) 'example_skip_dag' retrieved from /home/airflow/.local/lib/python3.12/site-packages/airflow/example_dags/example_skip_dag.py
[2025-09-16T15:09:34.314+0000] {logging_mixin.py:188} INFO - [2025-09-16T15:09:34.313+0000] {dag.py:3096} INFO - Sync 1 DAGs
[2025-09-16T15:09:34.344+0000] {logging_mixin.py:188} INFO - [2025-09-16T15:09:34.344+0000] {dag.py:3954} INFO - Setting next_dagrun for example_skip_dag to 2025-09-15 00:00:00+00:00, run_after=2025-09-16 00:00:00+00:00
[2025-09-16T15:09:34.374+0000] {processor.py:183} INFO - Processing /home/airflow/.local/lib/python3.12/site-packages/airflow/example_dags/example_skip_dag.py took 0.113 seconds
[2025-09-16T15:10:04.709+0000] {processor.py:161} INFO - Started process (PID=1059) to work on /home/airflow/.local/lib/python3.12/site-packages/airflow/example_dags/example_skip_dag.py
[2025-09-16T15:10:04.710+0000] {processor.py:830} INFO - Processing file /home/airflow/.local/lib/python3.12/site-packages/airflow/example_dags/example_skip_dag.py for tasks to queue
[2025-09-16T15:10:04.713+0000] {logging_mixin.py:188} INFO - [2025-09-16T15:10:04.712+0000] {dagbag.py:545} INFO - Filling up the DagBag from /home/airflow/.local/lib/python3.12/site-packages/airflow/example_dags/example_skip_dag.py
[2025-09-16T15:10:04.721+0000] {processor.py:840} INFO - DAG(s) 'example_skip_dag' retrieved from /home/airflow/.local/lib/python3.12/site-packages/airflow/example_dags/example_skip_dag.py
[2025-09-16T15:10:04.748+0000] {logging_mixin.py:188} INFO - [2025-09-16T15:10:04.747+0000] {dag.py:3096} INFO - Sync 1 DAGs
[2025-09-16T15:10:04.775+0000] {logging_mixin.py:188} INFO - [2025-09-16T15:10:04.775+0000] {dag.py:3954} INFO - Setting next_dagrun for example_skip_dag to 2025-09-15 00:00:00+00:00, run_after=2025-09-16 00:00:00+00:00
[2025-09-16T15:10:04.796+0000] {processor.py:183} INFO - Processing /home/airflow/.local/lib/python3.12/site-packages/airflow/example_dags/example_skip_dag.py took 0.096 seconds
[2025-09-16T15:10:35.182+0000] {processor.py:161} INFO - Started process (PID=1119) to work on /home/airflow/.local/lib/python3.12/site-packages/airflow/example_dags/example_skip_dag.py
[2025-09-16T15:10:35.184+0000] {processor.py:830} INFO - Processing file /home/airflow/.local/lib/python3.12/site-packages/airflow/example_dags/example_skip_dag.py for tasks to queue
[2025-09-16T15:10:35.187+0000] {logging_mixin.py:188} INFO - [2025-09-16T15:10:35.186+0000] {dagbag.py:545} INFO - Filling up the DagBag from /home/airflow/.local/lib/python3.12/site-packages/airflow/example_dags/example_skip_dag.py
[2025-09-16T15:10:35.196+0000] {processor.py:840} INFO - DAG(s) 'example_skip_dag' retrieved from /home/airflow/.local/lib/python3.12/site-packages/airflow/example_dags/example_skip_dag.py
[2025-09-16T15:10:35.223+0000] {logging_mixin.py:188} INFO - [2025-09-16T15:10:35.223+0000] {dag.py:3096} INFO - Sync 1 DAGs
[2025-09-16T15:10:35.249+0000] {logging_mixin.py:188} INFO - [2025-09-16T15:10:35.249+0000] {dag.py:3954} INFO - Setting next_dagrun for example_skip_dag to 2025-09-15 00:00:00+00:00, run_after=2025-09-16 00:00:00+00:00
[2025-09-16T15:10:35.273+0000] {processor.py:183} INFO - Processing /home/airflow/.local/lib/python3.12/site-packages/airflow/example_dags/example_skip_dag.py took 0.097 seconds
[2025-09-16T15:11:05.634+0000] {processor.py:161} INFO - Started process (PID=1179) to work on /home/airflow/.local/lib/python3.12/site-packages/airflow/example_dags/example_skip_dag.py
[2025-09-16T15:11:05.635+0000] {processor.py:830} INFO - Processing file /home/airflow/.local/lib/python3.12/site-packages/airflow/example_dags/example_skip_dag.py for tasks to queue
[2025-09-16T15:11:05.638+0000] {logging_mixin.py:188} INFO - [2025-09-16T15:11:05.638+0000] {dagbag.py:545} INFO - Filling up the DagBag from /home/airflow/.local/lib/python3.12/site-packages/airflow/example_dags/example_skip_dag.py
[2025-09-16T15:11:05.646+0000] {processor.py:840} INFO - DAG(s) 'example_skip_dag' retrieved from /home/airflow/.local/lib/python3.12/site-packages/airflow/example_dags/example_skip_dag.py
[2025-09-16T15:11:05.670+0000] {logging_mixin.py:188} INFO - [2025-09-16T15:11:05.669+0000] {dag.py:3096} INFO - Sync 1 DAGs
[2025-09-16T15:11:05.699+0000] {logging_mixin.py:188} INFO - [2025-09-16T15:11:05.699+0000] {dag.py:3954} INFO - Setting next_dagrun for example_skip_dag to 2025-09-15 00:00:00+00:00, run_after=2025-09-16 00:00:00+00:00
[2025-09-16T15:11:05.727+0000] {processor.py:183} INFO - Processing /home/airflow/.local/lib/python3.12/site-packages/airflow/example_dags/example_skip_dag.py took 0.099 seconds
[2025-09-16T15:11:36.231+0000] {processor.py:161} INFO - Started process (PID=1239) to work on /home/airflow/.local/lib/python3.12/site-packages/airflow/example_dags/example_skip_dag.py
[2025-09-16T15:11:36.232+0000] {processor.py:830} INFO - Processing file /home/airflow/.local/lib/python3.12/site-packages/airflow/example_dags/example_skip_dag.py for tasks to queue
[2025-09-16T15:11:36.235+0000] {logging_mixin.py:188} INFO - [2025-09-16T15:11:36.235+0000] {dagbag.py:545} INFO - Filling up the DagBag from /home/airflow/.local/lib/python3.12/site-packages/airflow/example_dags/example_skip_dag.py
[2025-09-16T15:11:36.244+0000] {processor.py:840} INFO - DAG(s) 'example_skip_dag' retrieved from /home/airflow/.local/lib/python3.12/site-packages/airflow/example_dags/example_skip_dag.py
[2025-09-16T15:11:36.275+0000] {logging_mixin.py:188} INFO - [2025-09-16T15:11:36.275+0000] {dag.py:3096} INFO - Sync 1 DAGs
[2025-09-16T15:11:36.306+0000] {logging_mixin.py:188} INFO - [2025-09-16T15:11:36.306+0000] {dag.py:3954} INFO - Setting next_dagrun for example_skip_dag to 2025-09-15 00:00:00+00:00, run_after=2025-09-16 00:00:00+00:00
[2025-09-16T15:11:36.333+0000] {processor.py:183} INFO - Processing /home/airflow/.local/lib/python3.12/site-packages/airflow/example_dags/example_skip_dag.py took 0.115 seconds
[2025-09-16T15:12:06.667+0000] {processor.py:161} INFO - Started process (PID=1299) to work on /home/airflow/.local/lib/python3.12/site-packages/airflow/example_dags/example_skip_dag.py
[2025-09-16T15:12:06.669+0000] {processor.py:830} INFO - Processing file /home/airflow/.local/lib/python3.12/site-packages/airflow/example_dags/example_skip_dag.py for tasks to queue
[2025-09-16T15:12:06.671+0000] {logging_mixin.py:188} INFO - [2025-09-16T15:12:06.671+0000] {dagbag.py:545} INFO - Filling up the DagBag from /home/airflow/.local/lib/python3.12/site-packages/airflow/example_dags/example_skip_dag.py
[2025-09-16T15:12:06.679+0000] {processor.py:840} INFO - DAG(s) 'example_skip_dag' retrieved from /home/airflow/.local/lib/python3.12/site-packages/airflow/example_dags/example_skip_dag.py
[2025-09-16T15:12:06.705+0000] {logging_mixin.py:188} INFO - [2025-09-16T15:12:06.705+0000] {dag.py:3096} INFO - Sync 1 DAGs
[2025-09-16T15:12:06.730+0000] {logging_mixin.py:188} INFO - [2025-09-16T15:12:06.730+0000] {dag.py:3954} INFO - Setting next_dagrun for example_skip_dag to 2025-09-15 00:00:00+00:00, run_after=2025-09-16 00:00:00+00:00
[2025-09-16T15:12:06.753+0000] {processor.py:183} INFO - Processing /home/airflow/.local/lib/python3.12/site-packages/airflow/example_dags/example_skip_dag.py took 0.092 seconds
[2025-09-16T15:12:36.931+0000] {processor.py:161} INFO - Started process (PID=1359) to work on /home/airflow/.local/lib/python3.12/site-packages/airflow/example_dags/example_skip_dag.py
[2025-09-16T15:12:36.933+0000] {processor.py:830} INFO - Processing file /home/airflow/.local/lib/python3.12/site-packages/airflow/example_dags/example_skip_dag.py for tasks to queue
[2025-09-16T15:12:36.937+0000] {logging_mixin.py:188} INFO - [2025-09-16T15:12:36.936+0000] {dagbag.py:545} INFO - Filling up the DagBag from /home/airflow/.local/lib/python3.12/site-packages/airflow/example_dags/example_skip_dag.py
[2025-09-16T15:12:36.947+0000] {processor.py:840} INFO - DAG(s) 'example_skip_dag' retrieved from /home/airflow/.local/lib/python3.12/site-packages/airflow/example_dags/example_skip_dag.py
[2025-09-16T15:12:36.979+0000] {logging_mixin.py:188} INFO - [2025-09-16T15:12:36.979+0000] {dag.py:3096} INFO - Sync 1 DAGs
[2025-09-16T15:12:37.010+0000] {logging_mixin.py:188} INFO - [2025-09-16T15:12:37.010+0000] {dag.py:3954} INFO - Setting next_dagrun for example_skip_dag to 2025-09-15 00:00:00+00:00, run_after=2025-09-16 00:00:00+00:00
[2025-09-16T15:12:37.041+0000] {processor.py:183} INFO - Processing /home/airflow/.local/lib/python3.12/site-packages/airflow/example_dags/example_skip_dag.py took 0.128 seconds
[2025-09-16T15:13:07.672+0000] {processor.py:161} INFO - Started process (PID=1419) to work on /home/airflow/.local/lib/python3.12/site-packages/airflow/example_dags/example_skip_dag.py
[2025-09-16T15:13:07.673+0000] {processor.py:830} INFO - Processing file /home/airflow/.local/lib/python3.12/site-packages/airflow/example_dags/example_skip_dag.py for tasks to queue
[2025-09-16T15:13:07.676+0000] {logging_mixin.py:188} INFO - [2025-09-16T15:13:07.676+0000] {dagbag.py:545} INFO - Filling up the DagBag from /home/airflow/.local/lib/python3.12/site-packages/airflow/example_dags/example_skip_dag.py
[2025-09-16T15:13:07.686+0000] {processor.py:840} INFO - DAG(s) 'example_skip_dag' retrieved from /home/airflow/.local/lib/python3.12/site-packages/airflow/example_dags/example_skip_dag.py
[2025-09-16T15:13:07.714+0000] {logging_mixin.py:188} INFO - [2025-09-16T15:13:07.714+0000] {dag.py:3096} INFO - Sync 1 DAGs
[2025-09-16T15:13:07.743+0000] {logging_mixin.py:188} INFO - [2025-09-16T15:13:07.742+0000] {dag.py:3954} INFO - Setting next_dagrun for example_skip_dag to 2025-09-15 00:00:00+00:00, run_after=2025-09-16 00:00:00+00:00
[2025-09-16T15:13:07.768+0000] {processor.py:183} INFO - Processing /home/airflow/.local/lib/python3.12/site-packages/airflow/example_dags/example_skip_dag.py took 0.105 seconds
[2025-09-16T15:13:38.766+0000] {processor.py:161} INFO - Started process (PID=1479) to work on /home/airflow/.local/lib/python3.12/site-packages/airflow/example_dags/example_skip_dag.py
[2025-09-16T15:13:38.767+0000] {processor.py:830} INFO - Processing file /home/airflow/.local/lib/python3.12/site-packages/airflow/example_dags/example_skip_dag.py for tasks to queue
[2025-09-16T15:13:38.771+0000] {logging_mixin.py:188} INFO - [2025-09-16T15:13:38.770+0000] {dagbag.py:545} INFO - Filling up the DagBag from /home/airflow/.local/lib/python3.12/site-packages/airflow/example_dags/example_skip_dag.py
[2025-09-16T15:13:38.780+0000] {processor.py:840} INFO - DAG(s) 'example_skip_dag' retrieved from /home/airflow/.local/lib/python3.12/site-packages/airflow/example_dags/example_skip_dag.py
[2025-09-16T15:13:38.811+0000] {logging_mixin.py:188} INFO - [2025-09-16T15:13:38.810+0000] {dag.py:3096} INFO - Sync 1 DAGs
[2025-09-16T15:13:38.843+0000] {logging_mixin.py:188} INFO - [2025-09-16T15:13:38.843+0000] {dag.py:3954} INFO - Setting next_dagrun for example_skip_dag to 2025-09-15 00:00:00+00:00, run_after=2025-09-16 00:00:00+00:00
[2025-09-16T15:13:38.870+0000] {processor.py:183} INFO - Processing /home/airflow/.local/lib/python3.12/site-packages/airflow/example_dags/example_skip_dag.py took 0.114 seconds
