[2025-09-16T14:07:54.550+0000] {processor.py:161} INFO - Started process (PID=145) to work on /home/airflow/.local/lib/python3.12/site-packages/airflow/example_dags/example_branch_operator.py
[2025-09-16T14:07:54.552+0000] {processor.py:830} INFO - Processing file /home/airflow/.local/lib/python3.12/site-packages/airflow/example_dags/example_branch_operator.py for tasks to queue
[2025-09-16T14:07:54.556+0000] {logging_mixin.py:188} INFO - [2025-09-16T14:07:54.555+0000] {dagbag.py:545} INFO - Filling up the DagBag from /home/airflow/.local/lib/python3.12/site-packages/airflow/example_dags/example_branch_operator.py
[2025-09-16T14:07:54.591+0000] {processor.py:840} INFO - DAG(s) 'example_branch_operator' retrieved from /home/airflow/.local/lib/python3.12/site-packages/airflow/example_dags/example_branch_operator.py
[2025-09-16T14:07:54.617+0000] {logging_mixin.py:188} INFO - [2025-09-16T14:07:54.616+0000] {dag.py:3096} INFO - Sync 1 DAGs
[2025-09-16T14:07:54.678+0000] {logging_mixin.py:188} INFO - [2025-09-16T14:07:54.677+0000] {dag.py:3954} INFO - Setting next_dagrun for example_branch_operator to 2025-09-15 00:00:00+00:00, run_after=2025-09-16 00:00:00+00:00
[2025-09-16T14:07:54.722+0000] {processor.py:183} INFO - Processing /home/airflow/.local/lib/python3.12/site-packages/airflow/example_dags/example_branch_operator.py took 0.183 seconds
[2025-09-16T14:08:25.552+0000] {processor.py:161} INFO - Started process (PID=205) to work on /home/airflow/.local/lib/python3.12/site-packages/airflow/example_dags/example_branch_operator.py
[2025-09-16T14:08:25.554+0000] {processor.py:830} INFO - Processing file /home/airflow/.local/lib/python3.12/site-packages/airflow/example_dags/example_branch_operator.py for tasks to queue
[2025-09-16T14:08:25.557+0000] {logging_mixin.py:188} INFO - [2025-09-16T14:08:25.556+0000] {dagbag.py:545} INFO - Filling up the DagBag from /home/airflow/.local/lib/python3.12/site-packages/airflow/example_dags/example_branch_operator.py
[2025-09-16T14:08:25.579+0000] {processor.py:840} INFO - DAG(s) 'example_branch_operator' retrieved from /home/airflow/.local/lib/python3.12/site-packages/airflow/example_dags/example_branch_operator.py
[2025-09-16T14:08:25.736+0000] {logging_mixin.py:188} INFO - [2025-09-16T14:08:25.736+0000] {dag.py:3096} INFO - Sync 1 DAGs
[2025-09-16T14:08:25.768+0000] {logging_mixin.py:188} INFO - [2025-09-16T14:08:25.767+0000] {dag.py:3954} INFO - Setting next_dagrun for example_branch_operator to 2025-09-15 00:00:00+00:00, run_after=2025-09-16 00:00:00+00:00
[2025-09-16T14:08:25.798+0000] {processor.py:183} INFO - Processing /home/airflow/.local/lib/python3.12/site-packages/airflow/example_dags/example_branch_operator.py took 0.252 seconds
[2025-09-16T14:08:56.005+0000] {processor.py:161} INFO - Started process (PID=265) to work on /home/airflow/.local/lib/python3.12/site-packages/airflow/example_dags/example_branch_operator.py
[2025-09-16T14:08:56.006+0000] {processor.py:830} INFO - Processing file /home/airflow/.local/lib/python3.12/site-packages/airflow/example_dags/example_branch_operator.py for tasks to queue
[2025-09-16T14:08:56.009+0000] {logging_mixin.py:188} INFO - [2025-09-16T14:08:56.009+0000] {dagbag.py:545} INFO - Filling up the DagBag from /home/airflow/.local/lib/python3.12/site-packages/airflow/example_dags/example_branch_operator.py
[2025-09-16T14:08:56.030+0000] {processor.py:840} INFO - DAG(s) 'example_branch_operator' retrieved from /home/airflow/.local/lib/python3.12/site-packages/airflow/example_dags/example_branch_operator.py
[2025-09-16T14:08:56.071+0000] {logging_mixin.py:188} INFO - [2025-09-16T14:08:56.070+0000] {dag.py:3096} INFO - Sync 1 DAGs
[2025-09-16T14:08:56.104+0000] {logging_mixin.py:188} INFO - [2025-09-16T14:08:56.104+0000] {dag.py:3954} INFO - Setting next_dagrun for example_branch_operator to 2025-09-15 00:00:00+00:00, run_after=2025-09-16 00:00:00+00:00
[2025-09-16T14:08:56.174+0000] {processor.py:183} INFO - Processing /home/airflow/.local/lib/python3.12/site-packages/airflow/example_dags/example_branch_operator.py took 0.177 seconds
[2025-09-16T14:09:27.132+0000] {processor.py:161} INFO - Started process (PID=325) to work on /home/airflow/.local/lib/python3.12/site-packages/airflow/example_dags/example_branch_operator.py
[2025-09-16T14:09:27.133+0000] {processor.py:830} INFO - Processing file /home/airflow/.local/lib/python3.12/site-packages/airflow/example_dags/example_branch_operator.py for tasks to queue
[2025-09-16T14:09:27.136+0000] {logging_mixin.py:188} INFO - [2025-09-16T14:09:27.136+0000] {dagbag.py:545} INFO - Filling up the DagBag from /home/airflow/.local/lib/python3.12/site-packages/airflow/example_dags/example_branch_operator.py
[2025-09-16T14:09:27.167+0000] {processor.py:840} INFO - DAG(s) 'example_branch_operator' retrieved from /home/airflow/.local/lib/python3.12/site-packages/airflow/example_dags/example_branch_operator.py
[2025-09-16T14:09:27.211+0000] {logging_mixin.py:188} INFO - [2025-09-16T14:09:27.211+0000] {dag.py:3096} INFO - Sync 1 DAGs
[2025-09-16T14:09:27.248+0000] {logging_mixin.py:188} INFO - [2025-09-16T14:09:27.248+0000] {dag.py:3954} INFO - Setting next_dagrun for example_branch_operator to 2025-09-15 00:00:00+00:00, run_after=2025-09-16 00:00:00+00:00
[2025-09-16T14:09:27.286+0000] {processor.py:183} INFO - Processing /home/airflow/.local/lib/python3.12/site-packages/airflow/example_dags/example_branch_operator.py took 0.162 seconds
[2025-09-16T14:09:58.812+0000] {processor.py:161} INFO - Started process (PID=385) to work on /home/airflow/.local/lib/python3.12/site-packages/airflow/example_dags/example_branch_operator.py
[2025-09-16T14:09:58.814+0000] {processor.py:830} INFO - Processing file /home/airflow/.local/lib/python3.12/site-packages/airflow/example_dags/example_branch_operator.py for tasks to queue
[2025-09-16T14:09:58.819+0000] {logging_mixin.py:188} INFO - [2025-09-16T14:09:58.818+0000] {dagbag.py:545} INFO - Filling up the DagBag from /home/airflow/.local/lib/python3.12/site-packages/airflow/example_dags/example_branch_operator.py
[2025-09-16T14:09:58.858+0000] {processor.py:840} INFO - DAG(s) 'example_branch_operator' retrieved from /home/airflow/.local/lib/python3.12/site-packages/airflow/example_dags/example_branch_operator.py
[2025-09-16T14:09:58.916+0000] {logging_mixin.py:188} INFO - [2025-09-16T14:09:58.915+0000] {dag.py:3096} INFO - Sync 1 DAGs
[2025-09-16T14:09:58.972+0000] {logging_mixin.py:188} INFO - [2025-09-16T14:09:58.971+0000] {dag.py:3954} INFO - Setting next_dagrun for example_branch_operator to 2025-09-15 00:00:00+00:00, run_after=2025-09-16 00:00:00+00:00
[2025-09-16T14:09:59.023+0000] {processor.py:183} INFO - Processing /home/airflow/.local/lib/python3.12/site-packages/airflow/example_dags/example_branch_operator.py took 0.227 seconds
[2025-09-16T14:10:29.258+0000] {processor.py:161} INFO - Started process (PID=445) to work on /home/airflow/.local/lib/python3.12/site-packages/airflow/example_dags/example_branch_operator.py
[2025-09-16T14:10:29.261+0000] {processor.py:830} INFO - Processing file /home/airflow/.local/lib/python3.12/site-packages/airflow/example_dags/example_branch_operator.py for tasks to queue
[2025-09-16T14:10:29.264+0000] {logging_mixin.py:188} INFO - [2025-09-16T14:10:29.264+0000] {dagbag.py:545} INFO - Filling up the DagBag from /home/airflow/.local/lib/python3.12/site-packages/airflow/example_dags/example_branch_operator.py
[2025-09-16T14:10:29.299+0000] {processor.py:840} INFO - DAG(s) 'example_branch_operator' retrieved from /home/airflow/.local/lib/python3.12/site-packages/airflow/example_dags/example_branch_operator.py
[2025-09-16T14:10:29.355+0000] {logging_mixin.py:188} INFO - [2025-09-16T14:10:29.354+0000] {dag.py:3096} INFO - Sync 1 DAGs
[2025-09-16T14:10:29.397+0000] {logging_mixin.py:188} INFO - [2025-09-16T14:10:29.397+0000] {dag.py:3954} INFO - Setting next_dagrun for example_branch_operator to 2025-09-15 00:00:00+00:00, run_after=2025-09-16 00:00:00+00:00
[2025-09-16T14:10:29.446+0000] {processor.py:183} INFO - Processing /home/airflow/.local/lib/python3.12/site-packages/airflow/example_dags/example_branch_operator.py took 0.201 seconds
[2025-09-16T14:11:00.171+0000] {processor.py:161} INFO - Started process (PID=505) to work on /home/airflow/.local/lib/python3.12/site-packages/airflow/example_dags/example_branch_operator.py
[2025-09-16T14:11:00.173+0000] {processor.py:830} INFO - Processing file /home/airflow/.local/lib/python3.12/site-packages/airflow/example_dags/example_branch_operator.py for tasks to queue
[2025-09-16T14:11:00.177+0000] {logging_mixin.py:188} INFO - [2025-09-16T14:11:00.176+0000] {dagbag.py:545} INFO - Filling up the DagBag from /home/airflow/.local/lib/python3.12/site-packages/airflow/example_dags/example_branch_operator.py
[2025-09-16T14:11:00.213+0000] {processor.py:840} INFO - DAG(s) 'example_branch_operator' retrieved from /home/airflow/.local/lib/python3.12/site-packages/airflow/example_dags/example_branch_operator.py
[2025-09-16T14:11:00.282+0000] {logging_mixin.py:188} INFO - [2025-09-16T14:11:00.281+0000] {dag.py:3096} INFO - Sync 1 DAGs
[2025-09-16T14:11:00.340+0000] {logging_mixin.py:188} INFO - [2025-09-16T14:11:00.339+0000] {dag.py:3954} INFO - Setting next_dagrun for example_branch_operator to 2025-09-15 00:00:00+00:00, run_after=2025-09-16 00:00:00+00:00
[2025-09-16T14:11:00.374+0000] {processor.py:183} INFO - Processing /home/airflow/.local/lib/python3.12/site-packages/airflow/example_dags/example_branch_operator.py took 0.212 seconds
[2025-09-16T14:11:30.618+0000] {processor.py:161} INFO - Started process (PID=563) to work on /home/airflow/.local/lib/python3.12/site-packages/airflow/example_dags/example_branch_operator.py
[2025-09-16T14:11:30.620+0000] {processor.py:830} INFO - Processing file /home/airflow/.local/lib/python3.12/site-packages/airflow/example_dags/example_branch_operator.py for tasks to queue
[2025-09-16T14:11:30.625+0000] {logging_mixin.py:188} INFO - [2025-09-16T14:11:30.624+0000] {dagbag.py:545} INFO - Filling up the DagBag from /home/airflow/.local/lib/python3.12/site-packages/airflow/example_dags/example_branch_operator.py
[2025-09-16T14:11:30.645+0000] {processor.py:840} INFO - DAG(s) 'example_branch_operator' retrieved from /home/airflow/.local/lib/python3.12/site-packages/airflow/example_dags/example_branch_operator.py
[2025-09-16T14:11:30.687+0000] {logging_mixin.py:188} INFO - [2025-09-16T14:11:30.687+0000] {dag.py:3096} INFO - Sync 1 DAGs
[2025-09-16T14:11:30.721+0000] {logging_mixin.py:188} INFO - [2025-09-16T14:11:30.721+0000] {dag.py:3954} INFO - Setting next_dagrun for example_branch_operator to 2025-09-15 00:00:00+00:00, run_after=2025-09-16 00:00:00+00:00
[2025-09-16T14:11:30.752+0000] {processor.py:183} INFO - Processing /home/airflow/.local/lib/python3.12/site-packages/airflow/example_dags/example_branch_operator.py took 0.140 seconds
[2025-09-16T14:12:01.596+0000] {processor.py:161} INFO - Started process (PID=623) to work on /home/airflow/.local/lib/python3.12/site-packages/airflow/example_dags/example_branch_operator.py
[2025-09-16T14:12:01.599+0000] {processor.py:830} INFO - Processing file /home/airflow/.local/lib/python3.12/site-packages/airflow/example_dags/example_branch_operator.py for tasks to queue
[2025-09-16T14:12:01.605+0000] {logging_mixin.py:188} INFO - [2025-09-16T14:12:01.604+0000] {dagbag.py:545} INFO - Filling up the DagBag from /home/airflow/.local/lib/python3.12/site-packages/airflow/example_dags/example_branch_operator.py
[2025-09-16T14:12:01.633+0000] {processor.py:840} INFO - DAG(s) 'example_branch_operator' retrieved from /home/airflow/.local/lib/python3.12/site-packages/airflow/example_dags/example_branch_operator.py
[2025-09-16T14:12:01.692+0000] {logging_mixin.py:188} INFO - [2025-09-16T14:12:01.692+0000] {dag.py:3096} INFO - Sync 1 DAGs
[2025-09-16T14:12:01.744+0000] {logging_mixin.py:188} INFO - [2025-09-16T14:12:01.743+0000] {dag.py:3954} INFO - Setting next_dagrun for example_branch_operator to 2025-09-15 00:00:00+00:00, run_after=2025-09-16 00:00:00+00:00
[2025-09-16T14:12:01.781+0000] {processor.py:183} INFO - Processing /home/airflow/.local/lib/python3.12/site-packages/airflow/example_dags/example_branch_operator.py took 0.208 seconds
[2025-09-16T14:12:32.157+0000] {processor.py:161} INFO - Started process (PID=683) to work on /home/airflow/.local/lib/python3.12/site-packages/airflow/example_dags/example_branch_operator.py
[2025-09-16T14:12:32.159+0000] {processor.py:830} INFO - Processing file /home/airflow/.local/lib/python3.12/site-packages/airflow/example_dags/example_branch_operator.py for tasks to queue
[2025-09-16T14:12:32.165+0000] {logging_mixin.py:188} INFO - [2025-09-16T14:12:32.164+0000] {dagbag.py:545} INFO - Filling up the DagBag from /home/airflow/.local/lib/python3.12/site-packages/airflow/example_dags/example_branch_operator.py
[2025-09-16T14:12:32.191+0000] {processor.py:840} INFO - DAG(s) 'example_branch_operator' retrieved from /home/airflow/.local/lib/python3.12/site-packages/airflow/example_dags/example_branch_operator.py
[2025-09-16T14:12:32.234+0000] {logging_mixin.py:188} INFO - [2025-09-16T14:12:32.234+0000] {dag.py:3096} INFO - Sync 1 DAGs
[2025-09-16T14:12:32.268+0000] {logging_mixin.py:188} INFO - [2025-09-16T14:12:32.268+0000] {dag.py:3954} INFO - Setting next_dagrun for example_branch_operator to 2025-09-15 00:00:00+00:00, run_after=2025-09-16 00:00:00+00:00
[2025-09-16T14:12:32.300+0000] {processor.py:183} INFO - Processing /home/airflow/.local/lib/python3.12/site-packages/airflow/example_dags/example_branch_operator.py took 0.155 seconds
[2025-09-16T14:13:02.572+0000] {processor.py:161} INFO - Started process (PID=743) to work on /home/airflow/.local/lib/python3.12/site-packages/airflow/example_dags/example_branch_operator.py
[2025-09-16T14:13:02.575+0000] {processor.py:830} INFO - Processing file /home/airflow/.local/lib/python3.12/site-packages/airflow/example_dags/example_branch_operator.py for tasks to queue
[2025-09-16T14:13:02.580+0000] {logging_mixin.py:188} INFO - [2025-09-16T14:13:02.579+0000] {dagbag.py:545} INFO - Filling up the DagBag from /home/airflow/.local/lib/python3.12/site-packages/airflow/example_dags/example_branch_operator.py
[2025-09-16T14:13:02.640+0000] {processor.py:840} INFO - DAG(s) 'example_branch_operator' retrieved from /home/airflow/.local/lib/python3.12/site-packages/airflow/example_dags/example_branch_operator.py
[2025-09-16T14:13:02.720+0000] {logging_mixin.py:188} INFO - [2025-09-16T14:13:02.719+0000] {dag.py:3096} INFO - Sync 1 DAGs
[2025-09-16T14:13:02.776+0000] {logging_mixin.py:188} INFO - [2025-09-16T14:13:02.776+0000] {dag.py:3954} INFO - Setting next_dagrun for example_branch_operator to 2025-09-15 00:00:00+00:00, run_after=2025-09-16 00:00:00+00:00
[2025-09-16T14:13:02.826+0000] {processor.py:183} INFO - Processing /home/airflow/.local/lib/python3.12/site-packages/airflow/example_dags/example_branch_operator.py took 0.266 seconds
[2025-09-16T14:13:33.145+0000] {processor.py:161} INFO - Started process (PID=803) to work on /home/airflow/.local/lib/python3.12/site-packages/airflow/example_dags/example_branch_operator.py
[2025-09-16T14:13:33.148+0000] {processor.py:830} INFO - Processing file /home/airflow/.local/lib/python3.12/site-packages/airflow/example_dags/example_branch_operator.py for tasks to queue
[2025-09-16T14:13:33.157+0000] {logging_mixin.py:188} INFO - [2025-09-16T14:13:33.155+0000] {dagbag.py:545} INFO - Filling up the DagBag from /home/airflow/.local/lib/python3.12/site-packages/airflow/example_dags/example_branch_operator.py
[2025-09-16T14:13:33.192+0000] {processor.py:840} INFO - DAG(s) 'example_branch_operator' retrieved from /home/airflow/.local/lib/python3.12/site-packages/airflow/example_dags/example_branch_operator.py
[2025-09-16T14:13:33.241+0000] {logging_mixin.py:188} INFO - [2025-09-16T14:13:33.240+0000] {dag.py:3096} INFO - Sync 1 DAGs
[2025-09-16T14:13:33.281+0000] {logging_mixin.py:188} INFO - [2025-09-16T14:13:33.280+0000] {dag.py:3954} INFO - Setting next_dagrun for example_branch_operator to 2025-09-15 00:00:00+00:00, run_after=2025-09-16 00:00:00+00:00
[2025-09-16T14:13:33.328+0000] {processor.py:183} INFO - Processing /home/airflow/.local/lib/python3.12/site-packages/airflow/example_dags/example_branch_operator.py took 0.196 seconds
[2025-09-16T14:14:03.695+0000] {processor.py:161} INFO - Started process (PID=869) to work on /home/airflow/.local/lib/python3.12/site-packages/airflow/example_dags/example_branch_operator.py
[2025-09-16T14:14:03.697+0000] {processor.py:830} INFO - Processing file /home/airflow/.local/lib/python3.12/site-packages/airflow/example_dags/example_branch_operator.py for tasks to queue
[2025-09-16T14:14:03.700+0000] {logging_mixin.py:188} INFO - [2025-09-16T14:14:03.699+0000] {dagbag.py:545} INFO - Filling up the DagBag from /home/airflow/.local/lib/python3.12/site-packages/airflow/example_dags/example_branch_operator.py
[2025-09-16T14:14:03.728+0000] {processor.py:840} INFO - DAG(s) 'example_branch_operator' retrieved from /home/airflow/.local/lib/python3.12/site-packages/airflow/example_dags/example_branch_operator.py
[2025-09-16T14:14:03.781+0000] {logging_mixin.py:188} INFO - [2025-09-16T14:14:03.781+0000] {dag.py:3096} INFO - Sync 1 DAGs
[2025-09-16T14:14:03.815+0000] {logging_mixin.py:188} INFO - [2025-09-16T14:14:03.814+0000] {dag.py:3954} INFO - Setting next_dagrun for example_branch_operator to 2025-09-15 00:00:00+00:00, run_after=2025-09-16 00:00:00+00:00
[2025-09-16T14:14:03.843+0000] {processor.py:183} INFO - Processing /home/airflow/.local/lib/python3.12/site-packages/airflow/example_dags/example_branch_operator.py took 0.157 seconds
[2025-09-16T14:14:34.119+0000] {processor.py:161} INFO - Started process (PID=933) to work on /home/airflow/.local/lib/python3.12/site-packages/airflow/example_dags/example_branch_operator.py
[2025-09-16T14:14:34.122+0000] {processor.py:830} INFO - Processing file /home/airflow/.local/lib/python3.12/site-packages/airflow/example_dags/example_branch_operator.py for tasks to queue
[2025-09-16T14:14:34.125+0000] {logging_mixin.py:188} INFO - [2025-09-16T14:14:34.125+0000] {dagbag.py:545} INFO - Filling up the DagBag from /home/airflow/.local/lib/python3.12/site-packages/airflow/example_dags/example_branch_operator.py
[2025-09-16T14:14:34.154+0000] {processor.py:840} INFO - DAG(s) 'example_branch_operator' retrieved from /home/airflow/.local/lib/python3.12/site-packages/airflow/example_dags/example_branch_operator.py
[2025-09-16T14:14:34.202+0000] {logging_mixin.py:188} INFO - [2025-09-16T14:14:34.201+0000] {dag.py:3096} INFO - Sync 1 DAGs
[2025-09-16T14:14:34.241+0000] {logging_mixin.py:188} INFO - [2025-09-16T14:14:34.241+0000] {dag.py:3954} INFO - Setting next_dagrun for example_branch_operator to 2025-09-15 00:00:00+00:00, run_after=2025-09-16 00:00:00+00:00
[2025-09-16T14:14:34.284+0000] {processor.py:183} INFO - Processing /home/airflow/.local/lib/python3.12/site-packages/airflow/example_dags/example_branch_operator.py took 0.176 seconds
[2025-09-16T14:16:45.031+0000] {processor.py:161} INFO - Started process (PID=98) to work on /home/airflow/.local/lib/python3.12/site-packages/airflow/example_dags/example_branch_operator.py
[2025-09-16T14:16:45.033+0000] {processor.py:830} INFO - Processing file /home/airflow/.local/lib/python3.12/site-packages/airflow/example_dags/example_branch_operator.py for tasks to queue
[2025-09-16T14:16:45.037+0000] {logging_mixin.py:188} INFO - [2025-09-16T14:16:45.036+0000] {dagbag.py:545} INFO - Filling up the DagBag from /home/airflow/.local/lib/python3.12/site-packages/airflow/example_dags/example_branch_operator.py
[2025-09-16T14:16:45.065+0000] {processor.py:840} INFO - DAG(s) 'example_branch_operator' retrieved from /home/airflow/.local/lib/python3.12/site-packages/airflow/example_dags/example_branch_operator.py
[2025-09-16T14:16:45.245+0000] {logging_mixin.py:188} INFO - [2025-09-16T14:16:45.245+0000] {dag.py:3096} INFO - Sync 1 DAGs
[2025-09-16T14:16:45.277+0000] {logging_mixin.py:188} INFO - [2025-09-16T14:16:45.277+0000] {dag.py:3954} INFO - Setting next_dagrun for example_branch_operator to 2025-09-15 00:00:00+00:00, run_after=2025-09-16 00:00:00+00:00
[2025-09-16T14:16:45.309+0000] {processor.py:183} INFO - Processing /home/airflow/.local/lib/python3.12/site-packages/airflow/example_dags/example_branch_operator.py took 0.288 seconds
[2025-09-16T14:17:15.649+0000] {processor.py:161} INFO - Started process (PID=159) to work on /home/airflow/.local/lib/python3.12/site-packages/airflow/example_dags/example_branch_operator.py
[2025-09-16T14:17:15.651+0000] {processor.py:830} INFO - Processing file /home/airflow/.local/lib/python3.12/site-packages/airflow/example_dags/example_branch_operator.py for tasks to queue
[2025-09-16T14:17:15.654+0000] {logging_mixin.py:188} INFO - [2025-09-16T14:17:15.653+0000] {dagbag.py:545} INFO - Filling up the DagBag from /home/airflow/.local/lib/python3.12/site-packages/airflow/example_dags/example_branch_operator.py
[2025-09-16T14:17:15.676+0000] {processor.py:840} INFO - DAG(s) 'example_branch_operator' retrieved from /home/airflow/.local/lib/python3.12/site-packages/airflow/example_dags/example_branch_operator.py
[2025-09-16T14:17:15.725+0000] {logging_mixin.py:188} INFO - [2025-09-16T14:17:15.725+0000] {dag.py:3096} INFO - Sync 1 DAGs
[2025-09-16T14:17:15.774+0000] {logging_mixin.py:188} INFO - [2025-09-16T14:17:15.774+0000] {dag.py:3954} INFO - Setting next_dagrun for example_branch_operator to 2025-09-15 00:00:00+00:00, run_after=2025-09-16 00:00:00+00:00
[2025-09-16T14:17:15.816+0000] {processor.py:183} INFO - Processing /home/airflow/.local/lib/python3.12/site-packages/airflow/example_dags/example_branch_operator.py took 0.174 seconds
[2025-09-16T14:17:47.046+0000] {processor.py:161} INFO - Started process (PID=219) to work on /home/airflow/.local/lib/python3.12/site-packages/airflow/example_dags/example_branch_operator.py
[2025-09-16T14:17:47.048+0000] {processor.py:830} INFO - Processing file /home/airflow/.local/lib/python3.12/site-packages/airflow/example_dags/example_branch_operator.py for tasks to queue
[2025-09-16T14:17:47.053+0000] {logging_mixin.py:188} INFO - [2025-09-16T14:17:47.051+0000] {dagbag.py:545} INFO - Filling up the DagBag from /home/airflow/.local/lib/python3.12/site-packages/airflow/example_dags/example_branch_operator.py
[2025-09-16T14:17:47.091+0000] {processor.py:840} INFO - DAG(s) 'example_branch_operator' retrieved from /home/airflow/.local/lib/python3.12/site-packages/airflow/example_dags/example_branch_operator.py
[2025-09-16T14:17:47.172+0000] {logging_mixin.py:188} INFO - [2025-09-16T14:17:47.171+0000] {dag.py:3096} INFO - Sync 1 DAGs
[2025-09-16T14:17:47.230+0000] {logging_mixin.py:188} INFO - [2025-09-16T14:17:47.229+0000] {dag.py:3954} INFO - Setting next_dagrun for example_branch_operator to 2025-09-15 00:00:00+00:00, run_after=2025-09-16 00:00:00+00:00
[2025-09-16T14:17:47.278+0000] {processor.py:183} INFO - Processing /home/airflow/.local/lib/python3.12/site-packages/airflow/example_dags/example_branch_operator.py took 0.245 seconds
[2025-09-16T14:18:17.788+0000] {processor.py:161} INFO - Started process (PID=279) to work on /home/airflow/.local/lib/python3.12/site-packages/airflow/example_dags/example_branch_operator.py
[2025-09-16T14:18:17.790+0000] {processor.py:830} INFO - Processing file /home/airflow/.local/lib/python3.12/site-packages/airflow/example_dags/example_branch_operator.py for tasks to queue
[2025-09-16T14:18:17.792+0000] {logging_mixin.py:188} INFO - [2025-09-16T14:18:17.792+0000] {dagbag.py:545} INFO - Filling up the DagBag from /home/airflow/.local/lib/python3.12/site-packages/airflow/example_dags/example_branch_operator.py
[2025-09-16T14:18:17.810+0000] {processor.py:840} INFO - DAG(s) 'example_branch_operator' retrieved from /home/airflow/.local/lib/python3.12/site-packages/airflow/example_dags/example_branch_operator.py
[2025-09-16T14:18:17.844+0000] {logging_mixin.py:188} INFO - [2025-09-16T14:18:17.844+0000] {dag.py:3096} INFO - Sync 1 DAGs
[2025-09-16T14:18:17.874+0000] {logging_mixin.py:188} INFO - [2025-09-16T14:18:17.874+0000] {dag.py:3954} INFO - Setting next_dagrun for example_branch_operator to 2025-09-15 00:00:00+00:00, run_after=2025-09-16 00:00:00+00:00
[2025-09-16T14:18:17.901+0000] {processor.py:183} INFO - Processing /home/airflow/.local/lib/python3.12/site-packages/airflow/example_dags/example_branch_operator.py took 0.118 seconds
[2025-09-16T14:18:48.424+0000] {processor.py:161} INFO - Started process (PID=339) to work on /home/airflow/.local/lib/python3.12/site-packages/airflow/example_dags/example_branch_operator.py
[2025-09-16T14:18:48.426+0000] {processor.py:830} INFO - Processing file /home/airflow/.local/lib/python3.12/site-packages/airflow/example_dags/example_branch_operator.py for tasks to queue
[2025-09-16T14:18:48.429+0000] {logging_mixin.py:188} INFO - [2025-09-16T14:18:48.429+0000] {dagbag.py:545} INFO - Filling up the DagBag from /home/airflow/.local/lib/python3.12/site-packages/airflow/example_dags/example_branch_operator.py
[2025-09-16T14:18:48.452+0000] {processor.py:840} INFO - DAG(s) 'example_branch_operator' retrieved from /home/airflow/.local/lib/python3.12/site-packages/airflow/example_dags/example_branch_operator.py
[2025-09-16T14:18:48.499+0000] {logging_mixin.py:188} INFO - [2025-09-16T14:18:48.499+0000] {dag.py:3096} INFO - Sync 1 DAGs
[2025-09-16T14:18:48.533+0000] {logging_mixin.py:188} INFO - [2025-09-16T14:18:48.532+0000] {dag.py:3954} INFO - Setting next_dagrun for example_branch_operator to 2025-09-15 00:00:00+00:00, run_after=2025-09-16 00:00:00+00:00
[2025-09-16T14:18:48.612+0000] {processor.py:183} INFO - Processing /home/airflow/.local/lib/python3.12/site-packages/airflow/example_dags/example_branch_operator.py took 0.198 seconds
[2025-09-16T14:19:18.904+0000] {processor.py:161} INFO - Started process (PID=398) to work on /home/airflow/.local/lib/python3.12/site-packages/airflow/example_dags/example_branch_operator.py
[2025-09-16T14:19:18.906+0000] {processor.py:830} INFO - Processing file /home/airflow/.local/lib/python3.12/site-packages/airflow/example_dags/example_branch_operator.py for tasks to queue
[2025-09-16T14:19:18.910+0000] {logging_mixin.py:188} INFO - [2025-09-16T14:19:18.909+0000] {dagbag.py:545} INFO - Filling up the DagBag from /home/airflow/.local/lib/python3.12/site-packages/airflow/example_dags/example_branch_operator.py
[2025-09-16T14:19:18.936+0000] {processor.py:840} INFO - DAG(s) 'example_branch_operator' retrieved from /home/airflow/.local/lib/python3.12/site-packages/airflow/example_dags/example_branch_operator.py
[2025-09-16T14:19:18.982+0000] {logging_mixin.py:188} INFO - [2025-09-16T14:19:18.982+0000] {dag.py:3096} INFO - Sync 1 DAGs
[2025-09-16T14:19:19.016+0000] {logging_mixin.py:188} INFO - [2025-09-16T14:19:19.016+0000] {dag.py:3954} INFO - Setting next_dagrun for example_branch_operator to 2025-09-15 00:00:00+00:00, run_after=2025-09-16 00:00:00+00:00
[2025-09-16T14:19:19.046+0000] {processor.py:183} INFO - Processing /home/airflow/.local/lib/python3.12/site-packages/airflow/example_dags/example_branch_operator.py took 0.151 seconds
[2025-09-16T14:19:49.225+0000] {processor.py:161} INFO - Started process (PID=458) to work on /home/airflow/.local/lib/python3.12/site-packages/airflow/example_dags/example_branch_operator.py
[2025-09-16T14:19:49.227+0000] {processor.py:830} INFO - Processing file /home/airflow/.local/lib/python3.12/site-packages/airflow/example_dags/example_branch_operator.py for tasks to queue
[2025-09-16T14:19:49.229+0000] {logging_mixin.py:188} INFO - [2025-09-16T14:19:49.229+0000] {dagbag.py:545} INFO - Filling up the DagBag from /home/airflow/.local/lib/python3.12/site-packages/airflow/example_dags/example_branch_operator.py
[2025-09-16T14:19:49.252+0000] {processor.py:840} INFO - DAG(s) 'example_branch_operator' retrieved from /home/airflow/.local/lib/python3.12/site-packages/airflow/example_dags/example_branch_operator.py
[2025-09-16T14:19:49.293+0000] {logging_mixin.py:188} INFO - [2025-09-16T14:19:49.293+0000] {dag.py:3096} INFO - Sync 1 DAGs
[2025-09-16T14:19:49.325+0000] {logging_mixin.py:188} INFO - [2025-09-16T14:19:49.324+0000] {dag.py:3954} INFO - Setting next_dagrun for example_branch_operator to 2025-09-15 00:00:00+00:00, run_after=2025-09-16 00:00:00+00:00
[2025-09-16T14:19:49.353+0000] {processor.py:183} INFO - Processing /home/airflow/.local/lib/python3.12/site-packages/airflow/example_dags/example_branch_operator.py took 0.136 seconds
[2025-09-16T14:20:19.824+0000] {processor.py:161} INFO - Started process (PID=518) to work on /home/airflow/.local/lib/python3.12/site-packages/airflow/example_dags/example_branch_operator.py
[2025-09-16T14:20:19.826+0000] {processor.py:830} INFO - Processing file /home/airflow/.local/lib/python3.12/site-packages/airflow/example_dags/example_branch_operator.py for tasks to queue
[2025-09-16T14:20:19.829+0000] {logging_mixin.py:188} INFO - [2025-09-16T14:20:19.829+0000] {dagbag.py:545} INFO - Filling up the DagBag from /home/airflow/.local/lib/python3.12/site-packages/airflow/example_dags/example_branch_operator.py
[2025-09-16T14:20:19.859+0000] {processor.py:840} INFO - DAG(s) 'example_branch_operator' retrieved from /home/airflow/.local/lib/python3.12/site-packages/airflow/example_dags/example_branch_operator.py
[2025-09-16T14:20:19.901+0000] {logging_mixin.py:188} INFO - [2025-09-16T14:20:19.901+0000] {dag.py:3096} INFO - Sync 1 DAGs
[2025-09-16T14:20:19.936+0000] {logging_mixin.py:188} INFO - [2025-09-16T14:20:19.935+0000] {dag.py:3954} INFO - Setting next_dagrun for example_branch_operator to 2025-09-15 00:00:00+00:00, run_after=2025-09-16 00:00:00+00:00
[2025-09-16T14:20:19.986+0000] {processor.py:183} INFO - Processing /home/airflow/.local/lib/python3.12/site-packages/airflow/example_dags/example_branch_operator.py took 0.171 seconds
[2025-09-16T14:20:50.551+0000] {processor.py:161} INFO - Started process (PID=578) to work on /home/airflow/.local/lib/python3.12/site-packages/airflow/example_dags/example_branch_operator.py
[2025-09-16T14:20:50.553+0000] {processor.py:830} INFO - Processing file /home/airflow/.local/lib/python3.12/site-packages/airflow/example_dags/example_branch_operator.py for tasks to queue
[2025-09-16T14:20:50.557+0000] {logging_mixin.py:188} INFO - [2025-09-16T14:20:50.556+0000] {dagbag.py:545} INFO - Filling up the DagBag from /home/airflow/.local/lib/python3.12/site-packages/airflow/example_dags/example_branch_operator.py
[2025-09-16T14:20:50.586+0000] {processor.py:840} INFO - DAG(s) 'example_branch_operator' retrieved from /home/airflow/.local/lib/python3.12/site-packages/airflow/example_dags/example_branch_operator.py
[2025-09-16T14:20:50.638+0000] {logging_mixin.py:188} INFO - [2025-09-16T14:20:50.637+0000] {dag.py:3096} INFO - Sync 1 DAGs
[2025-09-16T14:20:50.685+0000] {logging_mixin.py:188} INFO - [2025-09-16T14:20:50.684+0000] {dag.py:3954} INFO - Setting next_dagrun for example_branch_operator to 2025-09-15 00:00:00+00:00, run_after=2025-09-16 00:00:00+00:00
[2025-09-16T14:20:50.730+0000] {processor.py:183} INFO - Processing /home/airflow/.local/lib/python3.12/site-packages/airflow/example_dags/example_branch_operator.py took 0.191 seconds
[2025-09-16T14:54:10.655+0000] {processor.py:161} INFO - Started process (PID=97) to work on /home/airflow/.local/lib/python3.12/site-packages/airflow/example_dags/example_branch_operator.py
[2025-09-16T14:54:10.657+0000] {processor.py:830} INFO - Processing file /home/airflow/.local/lib/python3.12/site-packages/airflow/example_dags/example_branch_operator.py for tasks to queue
[2025-09-16T14:54:10.661+0000] {logging_mixin.py:188} INFO - [2025-09-16T14:54:10.660+0000] {dagbag.py:545} INFO - Filling up the DagBag from /home/airflow/.local/lib/python3.12/site-packages/airflow/example_dags/example_branch_operator.py
[2025-09-16T14:54:10.693+0000] {processor.py:840} INFO - DAG(s) 'example_branch_operator' retrieved from /home/airflow/.local/lib/python3.12/site-packages/airflow/example_dags/example_branch_operator.py
[2025-09-16T14:54:10.875+0000] {logging_mixin.py:188} INFO - [2025-09-16T14:54:10.874+0000] {dag.py:3096} INFO - Sync 1 DAGs
[2025-09-16T14:54:10.914+0000] {logging_mixin.py:188} INFO - [2025-09-16T14:54:10.913+0000] {dag.py:3954} INFO - Setting next_dagrun for example_branch_operator to 2025-09-15 00:00:00+00:00, run_after=2025-09-16 00:00:00+00:00
[2025-09-16T14:54:10.943+0000] {processor.py:183} INFO - Processing /home/airflow/.local/lib/python3.12/site-packages/airflow/example_dags/example_branch_operator.py took 0.298 seconds
[2025-09-16T14:54:41.654+0000] {processor.py:161} INFO - Started process (PID=157) to work on /home/airflow/.local/lib/python3.12/site-packages/airflow/example_dags/example_branch_operator.py
[2025-09-16T14:54:41.656+0000] {processor.py:830} INFO - Processing file /home/airflow/.local/lib/python3.12/site-packages/airflow/example_dags/example_branch_operator.py for tasks to queue
[2025-09-16T14:54:41.658+0000] {logging_mixin.py:188} INFO - [2025-09-16T14:54:41.658+0000] {dagbag.py:545} INFO - Filling up the DagBag from /home/airflow/.local/lib/python3.12/site-packages/airflow/example_dags/example_branch_operator.py
[2025-09-16T14:54:41.679+0000] {processor.py:840} INFO - DAG(s) 'example_branch_operator' retrieved from /home/airflow/.local/lib/python3.12/site-packages/airflow/example_dags/example_branch_operator.py
[2025-09-16T14:54:41.718+0000] {logging_mixin.py:188} INFO - [2025-09-16T14:54:41.718+0000] {dag.py:3096} INFO - Sync 1 DAGs
[2025-09-16T14:54:41.749+0000] {logging_mixin.py:188} INFO - [2025-09-16T14:54:41.748+0000] {dag.py:3954} INFO - Setting next_dagrun for example_branch_operator to 2025-09-15 00:00:00+00:00, run_after=2025-09-16 00:00:00+00:00
[2025-09-16T14:54:41.774+0000] {processor.py:183} INFO - Processing /home/airflow/.local/lib/python3.12/site-packages/airflow/example_dags/example_branch_operator.py took 0.128 seconds
[2025-09-16T14:55:11.894+0000] {processor.py:161} INFO - Started process (PID=218) to work on /home/airflow/.local/lib/python3.12/site-packages/airflow/example_dags/example_branch_operator.py
[2025-09-16T14:55:11.896+0000] {processor.py:830} INFO - Processing file /home/airflow/.local/lib/python3.12/site-packages/airflow/example_dags/example_branch_operator.py for tasks to queue
[2025-09-16T14:55:11.899+0000] {logging_mixin.py:188} INFO - [2025-09-16T14:55:11.898+0000] {dagbag.py:545} INFO - Filling up the DagBag from /home/airflow/.local/lib/python3.12/site-packages/airflow/example_dags/example_branch_operator.py
[2025-09-16T14:55:11.921+0000] {processor.py:840} INFO - DAG(s) 'example_branch_operator' retrieved from /home/airflow/.local/lib/python3.12/site-packages/airflow/example_dags/example_branch_operator.py
[2025-09-16T14:55:11.963+0000] {logging_mixin.py:188} INFO - [2025-09-16T14:55:11.963+0000] {dag.py:3096} INFO - Sync 1 DAGs
[2025-09-16T14:55:11.994+0000] {logging_mixin.py:188} INFO - [2025-09-16T14:55:11.994+0000] {dag.py:3954} INFO - Setting next_dagrun for example_branch_operator to 2025-09-15 00:00:00+00:00, run_after=2025-09-16 00:00:00+00:00
[2025-09-16T14:55:12.037+0000] {processor.py:183} INFO - Processing /home/airflow/.local/lib/python3.12/site-packages/airflow/example_dags/example_branch_operator.py took 0.153 seconds
[2025-09-16T14:55:42.943+0000] {processor.py:161} INFO - Started process (PID=278) to work on /home/airflow/.local/lib/python3.12/site-packages/airflow/example_dags/example_branch_operator.py
[2025-09-16T14:55:42.945+0000] {processor.py:830} INFO - Processing file /home/airflow/.local/lib/python3.12/site-packages/airflow/example_dags/example_branch_operator.py for tasks to queue
[2025-09-16T14:55:42.947+0000] {logging_mixin.py:188} INFO - [2025-09-16T14:55:42.947+0000] {dagbag.py:545} INFO - Filling up the DagBag from /home/airflow/.local/lib/python3.12/site-packages/airflow/example_dags/example_branch_operator.py
[2025-09-16T14:55:42.966+0000] {processor.py:840} INFO - DAG(s) 'example_branch_operator' retrieved from /home/airflow/.local/lib/python3.12/site-packages/airflow/example_dags/example_branch_operator.py
[2025-09-16T14:55:43.013+0000] {logging_mixin.py:188} INFO - [2025-09-16T14:55:43.012+0000] {dag.py:3096} INFO - Sync 1 DAGs
[2025-09-16T14:55:43.043+0000] {logging_mixin.py:188} INFO - [2025-09-16T14:55:43.043+0000] {dag.py:3954} INFO - Setting next_dagrun for example_branch_operator to 2025-09-15 00:00:00+00:00, run_after=2025-09-16 00:00:00+00:00
[2025-09-16T14:55:43.090+0000] {processor.py:183} INFO - Processing /home/airflow/.local/lib/python3.12/site-packages/airflow/example_dags/example_branch_operator.py took 0.153 seconds
[2025-09-16T14:56:13.940+0000] {processor.py:161} INFO - Started process (PID=338) to work on /home/airflow/.local/lib/python3.12/site-packages/airflow/example_dags/example_branch_operator.py
[2025-09-16T14:56:13.942+0000] {processor.py:830} INFO - Processing file /home/airflow/.local/lib/python3.12/site-packages/airflow/example_dags/example_branch_operator.py for tasks to queue
[2025-09-16T14:56:13.945+0000] {logging_mixin.py:188} INFO - [2025-09-16T14:56:13.944+0000] {dagbag.py:545} INFO - Filling up the DagBag from /home/airflow/.local/lib/python3.12/site-packages/airflow/example_dags/example_branch_operator.py
[2025-09-16T14:56:13.966+0000] {processor.py:840} INFO - DAG(s) 'example_branch_operator' retrieved from /home/airflow/.local/lib/python3.12/site-packages/airflow/example_dags/example_branch_operator.py
[2025-09-16T14:56:14.004+0000] {logging_mixin.py:188} INFO - [2025-09-16T14:56:14.004+0000] {dag.py:3096} INFO - Sync 1 DAGs
[2025-09-16T14:56:14.036+0000] {logging_mixin.py:188} INFO - [2025-09-16T14:56:14.036+0000] {dag.py:3954} INFO - Setting next_dagrun for example_branch_operator to 2025-09-15 00:00:00+00:00, run_after=2025-09-16 00:00:00+00:00
[2025-09-16T14:56:14.079+0000] {processor.py:183} INFO - Processing /home/airflow/.local/lib/python3.12/site-packages/airflow/example_dags/example_branch_operator.py took 0.146 seconds
[2025-09-16T14:56:44.816+0000] {processor.py:161} INFO - Started process (PID=398) to work on /home/airflow/.local/lib/python3.12/site-packages/airflow/example_dags/example_branch_operator.py
[2025-09-16T14:56:44.818+0000] {processor.py:830} INFO - Processing file /home/airflow/.local/lib/python3.12/site-packages/airflow/example_dags/example_branch_operator.py for tasks to queue
[2025-09-16T14:56:44.822+0000] {logging_mixin.py:188} INFO - [2025-09-16T14:56:44.821+0000] {dagbag.py:545} INFO - Filling up the DagBag from /home/airflow/.local/lib/python3.12/site-packages/airflow/example_dags/example_branch_operator.py
[2025-09-16T14:56:44.851+0000] {processor.py:840} INFO - DAG(s) 'example_branch_operator' retrieved from /home/airflow/.local/lib/python3.12/site-packages/airflow/example_dags/example_branch_operator.py
[2025-09-16T14:56:44.906+0000] {logging_mixin.py:188} INFO - [2025-09-16T14:56:44.905+0000] {dag.py:3096} INFO - Sync 1 DAGs
[2025-09-16T14:56:44.948+0000] {logging_mixin.py:188} INFO - [2025-09-16T14:56:44.948+0000] {dag.py:3954} INFO - Setting next_dagrun for example_branch_operator to 2025-09-15 00:00:00+00:00, run_after=2025-09-16 00:00:00+00:00
[2025-09-16T14:56:44.991+0000] {processor.py:183} INFO - Processing /home/airflow/.local/lib/python3.12/site-packages/airflow/example_dags/example_branch_operator.py took 0.185 seconds
[2025-09-16T14:57:15.949+0000] {processor.py:161} INFO - Started process (PID=458) to work on /home/airflow/.local/lib/python3.12/site-packages/airflow/example_dags/example_branch_operator.py
[2025-09-16T14:57:15.951+0000] {processor.py:830} INFO - Processing file /home/airflow/.local/lib/python3.12/site-packages/airflow/example_dags/example_branch_operator.py for tasks to queue
[2025-09-16T14:57:15.954+0000] {logging_mixin.py:188} INFO - [2025-09-16T14:57:15.953+0000] {dagbag.py:545} INFO - Filling up the DagBag from /home/airflow/.local/lib/python3.12/site-packages/airflow/example_dags/example_branch_operator.py
[2025-09-16T14:57:15.977+0000] {processor.py:840} INFO - DAG(s) 'example_branch_operator' retrieved from /home/airflow/.local/lib/python3.12/site-packages/airflow/example_dags/example_branch_operator.py
[2025-09-16T14:57:16.018+0000] {logging_mixin.py:188} INFO - [2025-09-16T14:57:16.018+0000] {dag.py:3096} INFO - Sync 1 DAGs
[2025-09-16T14:57:16.051+0000] {logging_mixin.py:188} INFO - [2025-09-16T14:57:16.051+0000] {dag.py:3954} INFO - Setting next_dagrun for example_branch_operator to 2025-09-15 00:00:00+00:00, run_after=2025-09-16 00:00:00+00:00
[2025-09-16T14:57:16.080+0000] {processor.py:183} INFO - Processing /home/airflow/.local/lib/python3.12/site-packages/airflow/example_dags/example_branch_operator.py took 0.139 seconds
[2025-09-16T14:57:47.127+0000] {processor.py:161} INFO - Started process (PID=518) to work on /home/airflow/.local/lib/python3.12/site-packages/airflow/example_dags/example_branch_operator.py
[2025-09-16T14:57:47.129+0000] {processor.py:830} INFO - Processing file /home/airflow/.local/lib/python3.12/site-packages/airflow/example_dags/example_branch_operator.py for tasks to queue
[2025-09-16T14:57:47.132+0000] {logging_mixin.py:188} INFO - [2025-09-16T14:57:47.131+0000] {dagbag.py:545} INFO - Filling up the DagBag from /home/airflow/.local/lib/python3.12/site-packages/airflow/example_dags/example_branch_operator.py
[2025-09-16T14:57:47.161+0000] {processor.py:840} INFO - DAG(s) 'example_branch_operator' retrieved from /home/airflow/.local/lib/python3.12/site-packages/airflow/example_dags/example_branch_operator.py
[2025-09-16T14:57:47.212+0000] {logging_mixin.py:188} INFO - [2025-09-16T14:57:47.211+0000] {dag.py:3096} INFO - Sync 1 DAGs
[2025-09-16T14:57:47.250+0000] {logging_mixin.py:188} INFO - [2025-09-16T14:57:47.250+0000] {dag.py:3954} INFO - Setting next_dagrun for example_branch_operator to 2025-09-15 00:00:00+00:00, run_after=2025-09-16 00:00:00+00:00
[2025-09-16T14:57:47.297+0000] {processor.py:183} INFO - Processing /home/airflow/.local/lib/python3.12/site-packages/airflow/example_dags/example_branch_operator.py took 0.178 seconds
[2025-09-16T14:58:17.433+0000] {processor.py:161} INFO - Started process (PID=578) to work on /home/airflow/.local/lib/python3.12/site-packages/airflow/example_dags/example_branch_operator.py
[2025-09-16T14:58:17.434+0000] {processor.py:830} INFO - Processing file /home/airflow/.local/lib/python3.12/site-packages/airflow/example_dags/example_branch_operator.py for tasks to queue
[2025-09-16T14:58:17.437+0000] {logging_mixin.py:188} INFO - [2025-09-16T14:58:17.436+0000] {dagbag.py:545} INFO - Filling up the DagBag from /home/airflow/.local/lib/python3.12/site-packages/airflow/example_dags/example_branch_operator.py
[2025-09-16T14:58:17.460+0000] {processor.py:840} INFO - DAG(s) 'example_branch_operator' retrieved from /home/airflow/.local/lib/python3.12/site-packages/airflow/example_dags/example_branch_operator.py
[2025-09-16T14:58:17.500+0000] {logging_mixin.py:188} INFO - [2025-09-16T14:58:17.499+0000] {dag.py:3096} INFO - Sync 1 DAGs
[2025-09-16T14:58:17.530+0000] {logging_mixin.py:188} INFO - [2025-09-16T14:58:17.530+0000] {dag.py:3954} INFO - Setting next_dagrun for example_branch_operator to 2025-09-15 00:00:00+00:00, run_after=2025-09-16 00:00:00+00:00
[2025-09-16T14:58:17.557+0000] {processor.py:183} INFO - Processing /home/airflow/.local/lib/python3.12/site-packages/airflow/example_dags/example_branch_operator.py took 0.132 seconds
[2025-09-16T14:58:47.682+0000] {processor.py:161} INFO - Started process (PID=637) to work on /home/airflow/.local/lib/python3.12/site-packages/airflow/example_dags/example_branch_operator.py
[2025-09-16T14:58:47.683+0000] {processor.py:830} INFO - Processing file /home/airflow/.local/lib/python3.12/site-packages/airflow/example_dags/example_branch_operator.py for tasks to queue
[2025-09-16T14:58:47.686+0000] {logging_mixin.py:188} INFO - [2025-09-16T14:58:47.685+0000] {dagbag.py:545} INFO - Filling up the DagBag from /home/airflow/.local/lib/python3.12/site-packages/airflow/example_dags/example_branch_operator.py
[2025-09-16T14:58:47.706+0000] {processor.py:840} INFO - DAG(s) 'example_branch_operator' retrieved from /home/airflow/.local/lib/python3.12/site-packages/airflow/example_dags/example_branch_operator.py
[2025-09-16T14:58:47.743+0000] {logging_mixin.py:188} INFO - [2025-09-16T14:58:47.743+0000] {dag.py:3096} INFO - Sync 1 DAGs
[2025-09-16T14:58:47.774+0000] {logging_mixin.py:188} INFO - [2025-09-16T14:58:47.774+0000] {dag.py:3954} INFO - Setting next_dagrun for example_branch_operator to 2025-09-15 00:00:00+00:00, run_after=2025-09-16 00:00:00+00:00
[2025-09-16T14:58:47.804+0000] {processor.py:183} INFO - Processing /home/airflow/.local/lib/python3.12/site-packages/airflow/example_dags/example_branch_operator.py took 0.129 seconds
[2025-09-16T14:59:18.106+0000] {processor.py:161} INFO - Started process (PID=697) to work on /home/airflow/.local/lib/python3.12/site-packages/airflow/example_dags/example_branch_operator.py
[2025-09-16T14:59:18.107+0000] {processor.py:830} INFO - Processing file /home/airflow/.local/lib/python3.12/site-packages/airflow/example_dags/example_branch_operator.py for tasks to queue
[2025-09-16T14:59:18.110+0000] {logging_mixin.py:188} INFO - [2025-09-16T14:59:18.109+0000] {dagbag.py:545} INFO - Filling up the DagBag from /home/airflow/.local/lib/python3.12/site-packages/airflow/example_dags/example_branch_operator.py
[2025-09-16T14:59:18.130+0000] {processor.py:840} INFO - DAG(s) 'example_branch_operator' retrieved from /home/airflow/.local/lib/python3.12/site-packages/airflow/example_dags/example_branch_operator.py
[2025-09-16T14:59:18.167+0000] {logging_mixin.py:188} INFO - [2025-09-16T14:59:18.167+0000] {dag.py:3096} INFO - Sync 1 DAGs
[2025-09-16T14:59:18.196+0000] {logging_mixin.py:188} INFO - [2025-09-16T14:59:18.196+0000] {dag.py:3954} INFO - Setting next_dagrun for example_branch_operator to 2025-09-15 00:00:00+00:00, run_after=2025-09-16 00:00:00+00:00
[2025-09-16T14:59:18.221+0000] {processor.py:183} INFO - Processing /home/airflow/.local/lib/python3.12/site-packages/airflow/example_dags/example_branch_operator.py took 0.123 seconds
[2025-09-16T14:59:49.246+0000] {processor.py:161} INFO - Started process (PID=757) to work on /home/airflow/.local/lib/python3.12/site-packages/airflow/example_dags/example_branch_operator.py
[2025-09-16T14:59:49.248+0000] {processor.py:830} INFO - Processing file /home/airflow/.local/lib/python3.12/site-packages/airflow/example_dags/example_branch_operator.py for tasks to queue
[2025-09-16T14:59:49.251+0000] {logging_mixin.py:188} INFO - [2025-09-16T14:59:49.250+0000] {dagbag.py:545} INFO - Filling up the DagBag from /home/airflow/.local/lib/python3.12/site-packages/airflow/example_dags/example_branch_operator.py
[2025-09-16T14:59:49.273+0000] {processor.py:840} INFO - DAG(s) 'example_branch_operator' retrieved from /home/airflow/.local/lib/python3.12/site-packages/airflow/example_dags/example_branch_operator.py
[2025-09-16T14:59:49.312+0000] {logging_mixin.py:188} INFO - [2025-09-16T14:59:49.311+0000] {dag.py:3096} INFO - Sync 1 DAGs
[2025-09-16T14:59:49.341+0000] {logging_mixin.py:188} INFO - [2025-09-16T14:59:49.341+0000] {dag.py:3954} INFO - Setting next_dagrun for example_branch_operator to 2025-09-15 00:00:00+00:00, run_after=2025-09-16 00:00:00+00:00
[2025-09-16T14:59:49.368+0000] {processor.py:183} INFO - Processing /home/airflow/.local/lib/python3.12/site-packages/airflow/example_dags/example_branch_operator.py took 0.129 seconds
[2025-09-16T15:00:19.546+0000] {processor.py:161} INFO - Started process (PID=817) to work on /home/airflow/.local/lib/python3.12/site-packages/airflow/example_dags/example_branch_operator.py
[2025-09-16T15:00:19.547+0000] {processor.py:830} INFO - Processing file /home/airflow/.local/lib/python3.12/site-packages/airflow/example_dags/example_branch_operator.py for tasks to queue
[2025-09-16T15:00:19.550+0000] {logging_mixin.py:188} INFO - [2025-09-16T15:00:19.550+0000] {dagbag.py:545} INFO - Filling up the DagBag from /home/airflow/.local/lib/python3.12/site-packages/airflow/example_dags/example_branch_operator.py
[2025-09-16T15:00:19.575+0000] {processor.py:840} INFO - DAG(s) 'example_branch_operator' retrieved from /home/airflow/.local/lib/python3.12/site-packages/airflow/example_dags/example_branch_operator.py
[2025-09-16T15:00:19.620+0000] {logging_mixin.py:188} INFO - [2025-09-16T15:00:19.619+0000] {dag.py:3096} INFO - Sync 1 DAGs
[2025-09-16T15:00:19.654+0000] {logging_mixin.py:188} INFO - [2025-09-16T15:00:19.654+0000] {dag.py:3954} INFO - Setting next_dagrun for example_branch_operator to 2025-09-15 00:00:00+00:00, run_after=2025-09-16 00:00:00+00:00
[2025-09-16T15:00:19.687+0000] {processor.py:183} INFO - Processing /home/airflow/.local/lib/python3.12/site-packages/airflow/example_dags/example_branch_operator.py took 0.148 seconds
[2025-09-16T15:01:53.280+0000] {processor.py:161} INFO - Started process (PID=98) to work on /home/airflow/.local/lib/python3.12/site-packages/airflow/example_dags/example_branch_operator.py
[2025-09-16T15:01:53.282+0000] {processor.py:830} INFO - Processing file /home/airflow/.local/lib/python3.12/site-packages/airflow/example_dags/example_branch_operator.py for tasks to queue
[2025-09-16T15:01:53.288+0000] {logging_mixin.py:188} INFO - [2025-09-16T15:01:53.287+0000] {dagbag.py:545} INFO - Filling up the DagBag from /home/airflow/.local/lib/python3.12/site-packages/airflow/example_dags/example_branch_operator.py
[2025-09-16T15:01:53.330+0000] {processor.py:840} INFO - DAG(s) 'example_branch_operator' retrieved from /home/airflow/.local/lib/python3.12/site-packages/airflow/example_dags/example_branch_operator.py
[2025-09-16T15:01:53.860+0000] {logging_mixin.py:188} INFO - [2025-09-16T15:01:53.853+0000] {dag.py:3096} INFO - Sync 1 DAGs
[2025-09-16T15:01:53.963+0000] {logging_mixin.py:188} INFO - [2025-09-16T15:01:53.962+0000] {dag.py:3954} INFO - Setting next_dagrun for example_branch_operator to 2025-09-15 00:00:00+00:00, run_after=2025-09-16 00:00:00+00:00
[2025-09-16T15:01:54.039+0000] {processor.py:183} INFO - Processing /home/airflow/.local/lib/python3.12/site-packages/airflow/example_dags/example_branch_operator.py took 0.774 seconds
[2025-09-16T15:02:24.144+0000] {processor.py:161} INFO - Started process (PID=159) to work on /home/airflow/.local/lib/python3.12/site-packages/airflow/example_dags/example_branch_operator.py
[2025-09-16T15:02:24.146+0000] {processor.py:830} INFO - Processing file /home/airflow/.local/lib/python3.12/site-packages/airflow/example_dags/example_branch_operator.py for tasks to queue
[2025-09-16T15:02:24.149+0000] {logging_mixin.py:188} INFO - [2025-09-16T15:02:24.148+0000] {dagbag.py:545} INFO - Filling up the DagBag from /home/airflow/.local/lib/python3.12/site-packages/airflow/example_dags/example_branch_operator.py
[2025-09-16T15:02:24.184+0000] {processor.py:840} INFO - DAG(s) 'example_branch_operator' retrieved from /home/airflow/.local/lib/python3.12/site-packages/airflow/example_dags/example_branch_operator.py
[2025-09-16T15:02:24.202+0000] {logging_mixin.py:188} INFO - [2025-09-16T15:02:24.202+0000] {dag.py:3096} INFO - Sync 1 DAGs
[2025-09-16T15:02:24.241+0000] {logging_mixin.py:188} INFO - [2025-09-16T15:02:24.241+0000] {dag.py:3954} INFO - Setting next_dagrun for example_branch_operator to 2025-09-15 00:00:00+00:00, run_after=2025-09-16 00:00:00+00:00
[2025-09-16T15:02:24.271+0000] {processor.py:183} INFO - Processing /home/airflow/.local/lib/python3.12/site-packages/airflow/example_dags/example_branch_operator.py took 0.137 seconds
[2025-09-16T15:02:54.442+0000] {processor.py:161} INFO - Started process (PID=218) to work on /home/airflow/.local/lib/python3.12/site-packages/airflow/example_dags/example_branch_operator.py
[2025-09-16T15:02:54.444+0000] {processor.py:830} INFO - Processing file /home/airflow/.local/lib/python3.12/site-packages/airflow/example_dags/example_branch_operator.py for tasks to queue
[2025-09-16T15:02:54.447+0000] {logging_mixin.py:188} INFO - [2025-09-16T15:02:54.447+0000] {dagbag.py:545} INFO - Filling up the DagBag from /home/airflow/.local/lib/python3.12/site-packages/airflow/example_dags/example_branch_operator.py
[2025-09-16T15:02:54.471+0000] {processor.py:840} INFO - DAG(s) 'example_branch_operator' retrieved from /home/airflow/.local/lib/python3.12/site-packages/airflow/example_dags/example_branch_operator.py
[2025-09-16T15:02:54.630+0000] {logging_mixin.py:188} INFO - [2025-09-16T15:02:54.630+0000] {dag.py:3096} INFO - Sync 1 DAGs
[2025-09-16T15:02:54.658+0000] {logging_mixin.py:188} INFO - [2025-09-16T15:02:54.658+0000] {dag.py:3954} INFO - Setting next_dagrun for example_branch_operator to 2025-09-15 00:00:00+00:00, run_after=2025-09-16 00:00:00+00:00
[2025-09-16T15:02:54.690+0000] {processor.py:183} INFO - Processing /home/airflow/.local/lib/python3.12/site-packages/airflow/example_dags/example_branch_operator.py took 0.256 seconds
[2025-09-16T15:03:25.377+0000] {processor.py:161} INFO - Started process (PID=278) to work on /home/airflow/.local/lib/python3.12/site-packages/airflow/example_dags/example_branch_operator.py
[2025-09-16T15:03:25.380+0000] {processor.py:830} INFO - Processing file /home/airflow/.local/lib/python3.12/site-packages/airflow/example_dags/example_branch_operator.py for tasks to queue
[2025-09-16T15:03:25.383+0000] {logging_mixin.py:188} INFO - [2025-09-16T15:03:25.382+0000] {dagbag.py:545} INFO - Filling up the DagBag from /home/airflow/.local/lib/python3.12/site-packages/airflow/example_dags/example_branch_operator.py
[2025-09-16T15:03:25.406+0000] {processor.py:840} INFO - DAG(s) 'example_branch_operator' retrieved from /home/airflow/.local/lib/python3.12/site-packages/airflow/example_dags/example_branch_operator.py
[2025-09-16T15:03:25.443+0000] {logging_mixin.py:188} INFO - [2025-09-16T15:03:25.443+0000] {dag.py:3096} INFO - Sync 1 DAGs
[2025-09-16T15:03:25.473+0000] {logging_mixin.py:188} INFO - [2025-09-16T15:03:25.473+0000] {dag.py:3954} INFO - Setting next_dagrun for example_branch_operator to 2025-09-15 00:00:00+00:00, run_after=2025-09-16 00:00:00+00:00
[2025-09-16T15:03:25.499+0000] {processor.py:183} INFO - Processing /home/airflow/.local/lib/python3.12/site-packages/airflow/example_dags/example_branch_operator.py took 0.130 seconds
[2025-09-16T15:03:56.427+0000] {processor.py:161} INFO - Started process (PID=338) to work on /home/airflow/.local/lib/python3.12/site-packages/airflow/example_dags/example_branch_operator.py
[2025-09-16T15:03:56.428+0000] {processor.py:830} INFO - Processing file /home/airflow/.local/lib/python3.12/site-packages/airflow/example_dags/example_branch_operator.py for tasks to queue
[2025-09-16T15:03:56.432+0000] {logging_mixin.py:188} INFO - [2025-09-16T15:03:56.431+0000] {dagbag.py:545} INFO - Filling up the DagBag from /home/airflow/.local/lib/python3.12/site-packages/airflow/example_dags/example_branch_operator.py
[2025-09-16T15:03:56.456+0000] {processor.py:840} INFO - DAG(s) 'example_branch_operator' retrieved from /home/airflow/.local/lib/python3.12/site-packages/airflow/example_dags/example_branch_operator.py
[2025-09-16T15:03:56.499+0000] {logging_mixin.py:188} INFO - [2025-09-16T15:03:56.498+0000] {dag.py:3096} INFO - Sync 1 DAGs
[2025-09-16T15:03:56.535+0000] {logging_mixin.py:188} INFO - [2025-09-16T15:03:56.534+0000] {dag.py:3954} INFO - Setting next_dagrun for example_branch_operator to 2025-09-15 00:00:00+00:00, run_after=2025-09-16 00:00:00+00:00
[2025-09-16T15:03:56.565+0000] {processor.py:183} INFO - Processing /home/airflow/.local/lib/python3.12/site-packages/airflow/example_dags/example_branch_operator.py took 0.146 seconds
[2025-09-16T15:04:27.400+0000] {processor.py:161} INFO - Started process (PID=398) to work on /home/airflow/.local/lib/python3.12/site-packages/airflow/example_dags/example_branch_operator.py
[2025-09-16T15:04:27.402+0000] {processor.py:830} INFO - Processing file /home/airflow/.local/lib/python3.12/site-packages/airflow/example_dags/example_branch_operator.py for tasks to queue
[2025-09-16T15:04:27.405+0000] {logging_mixin.py:188} INFO - [2025-09-16T15:04:27.404+0000] {dagbag.py:545} INFO - Filling up the DagBag from /home/airflow/.local/lib/python3.12/site-packages/airflow/example_dags/example_branch_operator.py
[2025-09-16T15:04:27.426+0000] {processor.py:840} INFO - DAG(s) 'example_branch_operator' retrieved from /home/airflow/.local/lib/python3.12/site-packages/airflow/example_dags/example_branch_operator.py
[2025-09-16T15:04:27.461+0000] {logging_mixin.py:188} INFO - [2025-09-16T15:04:27.461+0000] {dag.py:3096} INFO - Sync 1 DAGs
[2025-09-16T15:04:27.492+0000] {logging_mixin.py:188} INFO - [2025-09-16T15:04:27.492+0000] {dag.py:3954} INFO - Setting next_dagrun for example_branch_operator to 2025-09-15 00:00:00+00:00, run_after=2025-09-16 00:00:00+00:00
[2025-09-16T15:04:27.519+0000] {processor.py:183} INFO - Processing /home/airflow/.local/lib/python3.12/site-packages/airflow/example_dags/example_branch_operator.py took 0.126 seconds
[2025-09-16T15:04:58.385+0000] {processor.py:161} INFO - Started process (PID=458) to work on /home/airflow/.local/lib/python3.12/site-packages/airflow/example_dags/example_branch_operator.py
[2025-09-16T15:04:58.386+0000] {processor.py:830} INFO - Processing file /home/airflow/.local/lib/python3.12/site-packages/airflow/example_dags/example_branch_operator.py for tasks to queue
[2025-09-16T15:04:58.389+0000] {logging_mixin.py:188} INFO - [2025-09-16T15:04:58.388+0000] {dagbag.py:545} INFO - Filling up the DagBag from /home/airflow/.local/lib/python3.12/site-packages/airflow/example_dags/example_branch_operator.py
[2025-09-16T15:04:58.408+0000] {processor.py:840} INFO - DAG(s) 'example_branch_operator' retrieved from /home/airflow/.local/lib/python3.12/site-packages/airflow/example_dags/example_branch_operator.py
[2025-09-16T15:04:58.443+0000] {logging_mixin.py:188} INFO - [2025-09-16T15:04:58.443+0000] {dag.py:3096} INFO - Sync 1 DAGs
[2025-09-16T15:04:58.470+0000] {logging_mixin.py:188} INFO - [2025-09-16T15:04:58.470+0000] {dag.py:3954} INFO - Setting next_dagrun for example_branch_operator to 2025-09-15 00:00:00+00:00, run_after=2025-09-16 00:00:00+00:00
[2025-09-16T15:04:58.496+0000] {processor.py:183} INFO - Processing /home/airflow/.local/lib/python3.12/site-packages/airflow/example_dags/example_branch_operator.py took 0.118 seconds
[2025-09-16T15:05:29.056+0000] {processor.py:161} INFO - Started process (PID=517) to work on /home/airflow/.local/lib/python3.12/site-packages/airflow/example_dags/example_branch_operator.py
[2025-09-16T15:05:29.058+0000] {processor.py:830} INFO - Processing file /home/airflow/.local/lib/python3.12/site-packages/airflow/example_dags/example_branch_operator.py for tasks to queue
[2025-09-16T15:05:29.061+0000] {logging_mixin.py:188} INFO - [2025-09-16T15:05:29.060+0000] {dagbag.py:545} INFO - Filling up the DagBag from /home/airflow/.local/lib/python3.12/site-packages/airflow/example_dags/example_branch_operator.py
[2025-09-16T15:05:29.084+0000] {processor.py:840} INFO - DAG(s) 'example_branch_operator' retrieved from /home/airflow/.local/lib/python3.12/site-packages/airflow/example_dags/example_branch_operator.py
[2025-09-16T15:05:29.124+0000] {logging_mixin.py:188} INFO - [2025-09-16T15:05:29.123+0000] {dag.py:3096} INFO - Sync 1 DAGs
[2025-09-16T15:05:29.158+0000] {logging_mixin.py:188} INFO - [2025-09-16T15:05:29.157+0000] {dag.py:3954} INFO - Setting next_dagrun for example_branch_operator to 2025-09-15 00:00:00+00:00, run_after=2025-09-16 00:00:00+00:00
[2025-09-16T15:05:29.185+0000] {processor.py:183} INFO - Processing /home/airflow/.local/lib/python3.12/site-packages/airflow/example_dags/example_branch_operator.py took 0.137 seconds
[2025-09-16T15:05:59.511+0000] {processor.py:161} INFO - Started process (PID=577) to work on /home/airflow/.local/lib/python3.12/site-packages/airflow/example_dags/example_branch_operator.py
[2025-09-16T15:05:59.513+0000] {processor.py:830} INFO - Processing file /home/airflow/.local/lib/python3.12/site-packages/airflow/example_dags/example_branch_operator.py for tasks to queue
[2025-09-16T15:05:59.515+0000] {logging_mixin.py:188} INFO - [2025-09-16T15:05:59.515+0000] {dagbag.py:545} INFO - Filling up the DagBag from /home/airflow/.local/lib/python3.12/site-packages/airflow/example_dags/example_branch_operator.py
[2025-09-16T15:05:59.535+0000] {processor.py:840} INFO - DAG(s) 'example_branch_operator' retrieved from /home/airflow/.local/lib/python3.12/site-packages/airflow/example_dags/example_branch_operator.py
[2025-09-16T15:05:59.572+0000] {logging_mixin.py:188} INFO - [2025-09-16T15:05:59.571+0000] {dag.py:3096} INFO - Sync 1 DAGs
[2025-09-16T15:05:59.601+0000] {logging_mixin.py:188} INFO - [2025-09-16T15:05:59.601+0000] {dag.py:3954} INFO - Setting next_dagrun for example_branch_operator to 2025-09-15 00:00:00+00:00, run_after=2025-09-16 00:00:00+00:00
[2025-09-16T15:05:59.627+0000] {processor.py:183} INFO - Processing /home/airflow/.local/lib/python3.12/site-packages/airflow/example_dags/example_branch_operator.py took 0.123 seconds
[2025-09-16T15:06:30.189+0000] {processor.py:161} INFO - Started process (PID=637) to work on /home/airflow/.local/lib/python3.12/site-packages/airflow/example_dags/example_branch_operator.py
[2025-09-16T15:06:30.191+0000] {processor.py:830} INFO - Processing file /home/airflow/.local/lib/python3.12/site-packages/airflow/example_dags/example_branch_operator.py for tasks to queue
[2025-09-16T15:06:30.194+0000] {logging_mixin.py:188} INFO - [2025-09-16T15:06:30.193+0000] {dagbag.py:545} INFO - Filling up the DagBag from /home/airflow/.local/lib/python3.12/site-packages/airflow/example_dags/example_branch_operator.py
[2025-09-16T15:06:30.217+0000] {processor.py:840} INFO - DAG(s) 'example_branch_operator' retrieved from /home/airflow/.local/lib/python3.12/site-packages/airflow/example_dags/example_branch_operator.py
[2025-09-16T15:06:30.255+0000] {logging_mixin.py:188} INFO - [2025-09-16T15:06:30.254+0000] {dag.py:3096} INFO - Sync 1 DAGs
[2025-09-16T15:06:30.293+0000] {logging_mixin.py:188} INFO - [2025-09-16T15:06:30.293+0000] {dag.py:3954} INFO - Setting next_dagrun for example_branch_operator to 2025-09-15 00:00:00+00:00, run_after=2025-09-16 00:00:00+00:00
[2025-09-16T15:06:30.328+0000] {processor.py:183} INFO - Processing /home/airflow/.local/lib/python3.12/site-packages/airflow/example_dags/example_branch_operator.py took 0.146 seconds
[2025-09-16T15:07:00.628+0000] {processor.py:161} INFO - Started process (PID=697) to work on /home/airflow/.local/lib/python3.12/site-packages/airflow/example_dags/example_branch_operator.py
[2025-09-16T15:07:00.629+0000] {processor.py:830} INFO - Processing file /home/airflow/.local/lib/python3.12/site-packages/airflow/example_dags/example_branch_operator.py for tasks to queue
[2025-09-16T15:07:00.632+0000] {logging_mixin.py:188} INFO - [2025-09-16T15:07:00.632+0000] {dagbag.py:545} INFO - Filling up the DagBag from /home/airflow/.local/lib/python3.12/site-packages/airflow/example_dags/example_branch_operator.py
[2025-09-16T15:07:00.650+0000] {processor.py:840} INFO - DAG(s) 'example_branch_operator' retrieved from /home/airflow/.local/lib/python3.12/site-packages/airflow/example_dags/example_branch_operator.py
[2025-09-16T15:07:00.684+0000] {logging_mixin.py:188} INFO - [2025-09-16T15:07:00.684+0000] {dag.py:3096} INFO - Sync 1 DAGs
[2025-09-16T15:07:00.710+0000] {logging_mixin.py:188} INFO - [2025-09-16T15:07:00.710+0000] {dag.py:3954} INFO - Setting next_dagrun for example_branch_operator to 2025-09-15 00:00:00+00:00, run_after=2025-09-16 00:00:00+00:00
[2025-09-16T15:07:00.737+0000] {processor.py:183} INFO - Processing /home/airflow/.local/lib/python3.12/site-packages/airflow/example_dags/example_branch_operator.py took 0.116 seconds
[2025-09-16T15:07:31.057+0000] {processor.py:161} INFO - Started process (PID=757) to work on /home/airflow/.local/lib/python3.12/site-packages/airflow/example_dags/example_branch_operator.py
[2025-09-16T15:07:31.059+0000] {processor.py:830} INFO - Processing file /home/airflow/.local/lib/python3.12/site-packages/airflow/example_dags/example_branch_operator.py for tasks to queue
[2025-09-16T15:07:31.061+0000] {logging_mixin.py:188} INFO - [2025-09-16T15:07:31.061+0000] {dagbag.py:545} INFO - Filling up the DagBag from /home/airflow/.local/lib/python3.12/site-packages/airflow/example_dags/example_branch_operator.py
[2025-09-16T15:07:31.079+0000] {processor.py:840} INFO - DAG(s) 'example_branch_operator' retrieved from /home/airflow/.local/lib/python3.12/site-packages/airflow/example_dags/example_branch_operator.py
[2025-09-16T15:07:31.119+0000] {logging_mixin.py:188} INFO - [2025-09-16T15:07:31.119+0000] {dag.py:3096} INFO - Sync 1 DAGs
[2025-09-16T15:07:31.154+0000] {logging_mixin.py:188} INFO - [2025-09-16T15:07:31.154+0000] {dag.py:3954} INFO - Setting next_dagrun for example_branch_operator to 2025-09-15 00:00:00+00:00, run_after=2025-09-16 00:00:00+00:00
[2025-09-16T15:07:31.183+0000] {processor.py:183} INFO - Processing /home/airflow/.local/lib/python3.12/site-packages/airflow/example_dags/example_branch_operator.py took 0.132 seconds
[2025-09-16T15:08:01.324+0000] {processor.py:161} INFO - Started process (PID=815) to work on /home/airflow/.local/lib/python3.12/site-packages/airflow/example_dags/example_branch_operator.py
[2025-09-16T15:08:01.326+0000] {processor.py:830} INFO - Processing file /home/airflow/.local/lib/python3.12/site-packages/airflow/example_dags/example_branch_operator.py for tasks to queue
[2025-09-16T15:08:01.329+0000] {logging_mixin.py:188} INFO - [2025-09-16T15:08:01.328+0000] {dagbag.py:545} INFO - Filling up the DagBag from /home/airflow/.local/lib/python3.12/site-packages/airflow/example_dags/example_branch_operator.py
[2025-09-16T15:08:01.348+0000] {processor.py:840} INFO - DAG(s) 'example_branch_operator' retrieved from /home/airflow/.local/lib/python3.12/site-packages/airflow/example_dags/example_branch_operator.py
[2025-09-16T15:08:01.381+0000] {logging_mixin.py:188} INFO - [2025-09-16T15:08:01.381+0000] {dag.py:3096} INFO - Sync 1 DAGs
[2025-09-16T15:08:01.407+0000] {logging_mixin.py:188} INFO - [2025-09-16T15:08:01.407+0000] {dag.py:3954} INFO - Setting next_dagrun for example_branch_operator to 2025-09-15 00:00:00+00:00, run_after=2025-09-16 00:00:00+00:00
[2025-09-16T15:08:01.431+0000] {processor.py:183} INFO - Processing /home/airflow/.local/lib/python3.12/site-packages/airflow/example_dags/example_branch_operator.py took 0.114 seconds
[2025-09-16T15:08:31.533+0000] {processor.py:161} INFO - Started process (PID=875) to work on /home/airflow/.local/lib/python3.12/site-packages/airflow/example_dags/example_branch_operator.py
[2025-09-16T15:08:31.536+0000] {processor.py:830} INFO - Processing file /home/airflow/.local/lib/python3.12/site-packages/airflow/example_dags/example_branch_operator.py for tasks to queue
[2025-09-16T15:08:31.539+0000] {logging_mixin.py:188} INFO - [2025-09-16T15:08:31.538+0000] {dagbag.py:545} INFO - Filling up the DagBag from /home/airflow/.local/lib/python3.12/site-packages/airflow/example_dags/example_branch_operator.py
[2025-09-16T15:08:31.569+0000] {processor.py:840} INFO - DAG(s) 'example_branch_operator' retrieved from /home/airflow/.local/lib/python3.12/site-packages/airflow/example_dags/example_branch_operator.py
[2025-09-16T15:08:31.614+0000] {logging_mixin.py:188} INFO - [2025-09-16T15:08:31.614+0000] {dag.py:3096} INFO - Sync 1 DAGs
[2025-09-16T15:08:31.647+0000] {logging_mixin.py:188} INFO - [2025-09-16T15:08:31.647+0000] {dag.py:3954} INFO - Setting next_dagrun for example_branch_operator to 2025-09-15 00:00:00+00:00, run_after=2025-09-16 00:00:00+00:00
[2025-09-16T15:08:31.685+0000] {processor.py:183} INFO - Processing /home/airflow/.local/lib/python3.12/site-packages/airflow/example_dags/example_branch_operator.py took 0.160 seconds
[2025-09-16T15:09:01.875+0000] {processor.py:161} INFO - Started process (PID=935) to work on /home/airflow/.local/lib/python3.12/site-packages/airflow/example_dags/example_branch_operator.py
[2025-09-16T15:09:01.877+0000] {processor.py:830} INFO - Processing file /home/airflow/.local/lib/python3.12/site-packages/airflow/example_dags/example_branch_operator.py for tasks to queue
[2025-09-16T15:09:01.880+0000] {logging_mixin.py:188} INFO - [2025-09-16T15:09:01.880+0000] {dagbag.py:545} INFO - Filling up the DagBag from /home/airflow/.local/lib/python3.12/site-packages/airflow/example_dags/example_branch_operator.py
[2025-09-16T15:09:01.902+0000] {processor.py:840} INFO - DAG(s) 'example_branch_operator' retrieved from /home/airflow/.local/lib/python3.12/site-packages/airflow/example_dags/example_branch_operator.py
[2025-09-16T15:09:01.940+0000] {logging_mixin.py:188} INFO - [2025-09-16T15:09:01.940+0000] {dag.py:3096} INFO - Sync 1 DAGs
[2025-09-16T15:09:01.969+0000] {logging_mixin.py:188} INFO - [2025-09-16T15:09:01.968+0000] {dag.py:3954} INFO - Setting next_dagrun for example_branch_operator to 2025-09-15 00:00:00+00:00, run_after=2025-09-16 00:00:00+00:00
[2025-09-16T15:09:01.994+0000] {processor.py:183} INFO - Processing /home/airflow/.local/lib/python3.12/site-packages/airflow/example_dags/example_branch_operator.py took 0.126 seconds
[2025-09-16T15:09:32.802+0000] {processor.py:161} INFO - Started process (PID=995) to work on /home/airflow/.local/lib/python3.12/site-packages/airflow/example_dags/example_branch_operator.py
[2025-09-16T15:09:32.804+0000] {processor.py:830} INFO - Processing file /home/airflow/.local/lib/python3.12/site-packages/airflow/example_dags/example_branch_operator.py for tasks to queue
[2025-09-16T15:09:32.808+0000] {logging_mixin.py:188} INFO - [2025-09-16T15:09:32.807+0000] {dagbag.py:545} INFO - Filling up the DagBag from /home/airflow/.local/lib/python3.12/site-packages/airflow/example_dags/example_branch_operator.py
[2025-09-16T15:09:32.849+0000] {processor.py:840} INFO - DAG(s) 'example_branch_operator' retrieved from /home/airflow/.local/lib/python3.12/site-packages/airflow/example_dags/example_branch_operator.py
[2025-09-16T15:09:32.907+0000] {logging_mixin.py:188} INFO - [2025-09-16T15:09:32.906+0000] {dag.py:3096} INFO - Sync 1 DAGs
[2025-09-16T15:09:32.954+0000] {logging_mixin.py:188} INFO - [2025-09-16T15:09:32.954+0000] {dag.py:3954} INFO - Setting next_dagrun for example_branch_operator to 2025-09-15 00:00:00+00:00, run_after=2025-09-16 00:00:00+00:00
[2025-09-16T15:09:32.991+0000] {processor.py:183} INFO - Processing /home/airflow/.local/lib/python3.12/site-packages/airflow/example_dags/example_branch_operator.py took 0.200 seconds
[2025-09-16T15:10:03.365+0000] {processor.py:161} INFO - Started process (PID=1055) to work on /home/airflow/.local/lib/python3.12/site-packages/airflow/example_dags/example_branch_operator.py
[2025-09-16T15:10:03.366+0000] {processor.py:830} INFO - Processing file /home/airflow/.local/lib/python3.12/site-packages/airflow/example_dags/example_branch_operator.py for tasks to queue
[2025-09-16T15:10:03.369+0000] {logging_mixin.py:188} INFO - [2025-09-16T15:10:03.368+0000] {dagbag.py:545} INFO - Filling up the DagBag from /home/airflow/.local/lib/python3.12/site-packages/airflow/example_dags/example_branch_operator.py
[2025-09-16T15:10:03.391+0000] {processor.py:840} INFO - DAG(s) 'example_branch_operator' retrieved from /home/airflow/.local/lib/python3.12/site-packages/airflow/example_dags/example_branch_operator.py
[2025-09-16T15:10:03.427+0000] {logging_mixin.py:188} INFO - [2025-09-16T15:10:03.427+0000] {dag.py:3096} INFO - Sync 1 DAGs
[2025-09-16T15:10:03.456+0000] {logging_mixin.py:188} INFO - [2025-09-16T15:10:03.455+0000] {dag.py:3954} INFO - Setting next_dagrun for example_branch_operator to 2025-09-15 00:00:00+00:00, run_after=2025-09-16 00:00:00+00:00
[2025-09-16T15:10:03.495+0000] {processor.py:183} INFO - Processing /home/airflow/.local/lib/python3.12/site-packages/airflow/example_dags/example_branch_operator.py took 0.137 seconds
[2025-09-16T15:10:33.826+0000] {processor.py:161} INFO - Started process (PID=1115) to work on /home/airflow/.local/lib/python3.12/site-packages/airflow/example_dags/example_branch_operator.py
[2025-09-16T15:10:33.827+0000] {processor.py:830} INFO - Processing file /home/airflow/.local/lib/python3.12/site-packages/airflow/example_dags/example_branch_operator.py for tasks to queue
[2025-09-16T15:10:33.830+0000] {logging_mixin.py:188} INFO - [2025-09-16T15:10:33.829+0000] {dagbag.py:545} INFO - Filling up the DagBag from /home/airflow/.local/lib/python3.12/site-packages/airflow/example_dags/example_branch_operator.py
[2025-09-16T15:10:33.849+0000] {processor.py:840} INFO - DAG(s) 'example_branch_operator' retrieved from /home/airflow/.local/lib/python3.12/site-packages/airflow/example_dags/example_branch_operator.py
[2025-09-16T15:10:33.885+0000] {logging_mixin.py:188} INFO - [2025-09-16T15:10:33.885+0000] {dag.py:3096} INFO - Sync 1 DAGs
[2025-09-16T15:10:33.914+0000] {logging_mixin.py:188} INFO - [2025-09-16T15:10:33.914+0000] {dag.py:3954} INFO - Setting next_dagrun for example_branch_operator to 2025-09-15 00:00:00+00:00, run_after=2025-09-16 00:00:00+00:00
[2025-09-16T15:10:33.940+0000] {processor.py:183} INFO - Processing /home/airflow/.local/lib/python3.12/site-packages/airflow/example_dags/example_branch_operator.py took 0.122 seconds
[2025-09-16T15:11:04.315+0000] {processor.py:161} INFO - Started process (PID=1175) to work on /home/airflow/.local/lib/python3.12/site-packages/airflow/example_dags/example_branch_operator.py
[2025-09-16T15:11:04.317+0000] {processor.py:830} INFO - Processing file /home/airflow/.local/lib/python3.12/site-packages/airflow/example_dags/example_branch_operator.py for tasks to queue
[2025-09-16T15:11:04.319+0000] {logging_mixin.py:188} INFO - [2025-09-16T15:11:04.319+0000] {dagbag.py:545} INFO - Filling up the DagBag from /home/airflow/.local/lib/python3.12/site-packages/airflow/example_dags/example_branch_operator.py
[2025-09-16T15:11:04.341+0000] {processor.py:840} INFO - DAG(s) 'example_branch_operator' retrieved from /home/airflow/.local/lib/python3.12/site-packages/airflow/example_dags/example_branch_operator.py
[2025-09-16T15:11:04.377+0000] {logging_mixin.py:188} INFO - [2025-09-16T15:11:04.376+0000] {dag.py:3096} INFO - Sync 1 DAGs
[2025-09-16T15:11:04.405+0000] {logging_mixin.py:188} INFO - [2025-09-16T15:11:04.405+0000] {dag.py:3954} INFO - Setting next_dagrun for example_branch_operator to 2025-09-15 00:00:00+00:00, run_after=2025-09-16 00:00:00+00:00
[2025-09-16T15:11:04.430+0000] {processor.py:183} INFO - Processing /home/airflow/.local/lib/python3.12/site-packages/airflow/example_dags/example_branch_operator.py took 0.123 seconds
[2025-09-16T15:11:34.884+0000] {processor.py:161} INFO - Started process (PID=1235) to work on /home/airflow/.local/lib/python3.12/site-packages/airflow/example_dags/example_branch_operator.py
[2025-09-16T15:11:34.886+0000] {processor.py:830} INFO - Processing file /home/airflow/.local/lib/python3.12/site-packages/airflow/example_dags/example_branch_operator.py for tasks to queue
[2025-09-16T15:11:34.889+0000] {logging_mixin.py:188} INFO - [2025-09-16T15:11:34.888+0000] {dagbag.py:545} INFO - Filling up the DagBag from /home/airflow/.local/lib/python3.12/site-packages/airflow/example_dags/example_branch_operator.py
[2025-09-16T15:11:34.906+0000] {processor.py:840} INFO - DAG(s) 'example_branch_operator' retrieved from /home/airflow/.local/lib/python3.12/site-packages/airflow/example_dags/example_branch_operator.py
[2025-09-16T15:11:34.945+0000] {logging_mixin.py:188} INFO - [2025-09-16T15:11:34.945+0000] {dag.py:3096} INFO - Sync 1 DAGs
[2025-09-16T15:11:34.972+0000] {logging_mixin.py:188} INFO - [2025-09-16T15:11:34.972+0000] {dag.py:3954} INFO - Setting next_dagrun for example_branch_operator to 2025-09-15 00:00:00+00:00, run_after=2025-09-16 00:00:00+00:00
[2025-09-16T15:11:34.998+0000] {processor.py:183} INFO - Processing /home/airflow/.local/lib/python3.12/site-packages/airflow/example_dags/example_branch_operator.py took 0.121 seconds
[2025-09-16T15:12:05.334+0000] {processor.py:161} INFO - Started process (PID=1295) to work on /home/airflow/.local/lib/python3.12/site-packages/airflow/example_dags/example_branch_operator.py
[2025-09-16T15:12:05.338+0000] {processor.py:830} INFO - Processing file /home/airflow/.local/lib/python3.12/site-packages/airflow/example_dags/example_branch_operator.py for tasks to queue
[2025-09-16T15:12:05.345+0000] {logging_mixin.py:188} INFO - [2025-09-16T15:12:05.344+0000] {dagbag.py:545} INFO - Filling up the DagBag from /home/airflow/.local/lib/python3.12/site-packages/airflow/example_dags/example_branch_operator.py
[2025-09-16T15:12:05.377+0000] {processor.py:840} INFO - DAG(s) 'example_branch_operator' retrieved from /home/airflow/.local/lib/python3.12/site-packages/airflow/example_dags/example_branch_operator.py
[2025-09-16T15:12:05.418+0000] {logging_mixin.py:188} INFO - [2025-09-16T15:12:05.418+0000] {dag.py:3096} INFO - Sync 1 DAGs
[2025-09-16T15:12:05.448+0000] {logging_mixin.py:188} INFO - [2025-09-16T15:12:05.448+0000] {dag.py:3954} INFO - Setting next_dagrun for example_branch_operator to 2025-09-15 00:00:00+00:00, run_after=2025-09-16 00:00:00+00:00
[2025-09-16T15:12:05.472+0000] {processor.py:183} INFO - Processing /home/airflow/.local/lib/python3.12/site-packages/airflow/example_dags/example_branch_operator.py took 0.148 seconds
[2025-09-16T15:12:35.574+0000] {processor.py:161} INFO - Started process (PID=1355) to work on /home/airflow/.local/lib/python3.12/site-packages/airflow/example_dags/example_branch_operator.py
[2025-09-16T15:12:35.575+0000] {processor.py:830} INFO - Processing file /home/airflow/.local/lib/python3.12/site-packages/airflow/example_dags/example_branch_operator.py for tasks to queue
[2025-09-16T15:12:35.578+0000] {logging_mixin.py:188} INFO - [2025-09-16T15:12:35.578+0000] {dagbag.py:545} INFO - Filling up the DagBag from /home/airflow/.local/lib/python3.12/site-packages/airflow/example_dags/example_branch_operator.py
[2025-09-16T15:12:35.609+0000] {processor.py:840} INFO - DAG(s) 'example_branch_operator' retrieved from /home/airflow/.local/lib/python3.12/site-packages/airflow/example_dags/example_branch_operator.py
[2025-09-16T15:12:35.652+0000] {logging_mixin.py:188} INFO - [2025-09-16T15:12:35.652+0000] {dag.py:3096} INFO - Sync 1 DAGs
[2025-09-16T15:12:35.684+0000] {logging_mixin.py:188} INFO - [2025-09-16T15:12:35.684+0000] {dag.py:3954} INFO - Setting next_dagrun for example_branch_operator to 2025-09-15 00:00:00+00:00, run_after=2025-09-16 00:00:00+00:00
[2025-09-16T15:12:35.711+0000] {processor.py:183} INFO - Processing /home/airflow/.local/lib/python3.12/site-packages/airflow/example_dags/example_branch_operator.py took 0.146 seconds
[2025-09-16T15:13:06.270+0000] {processor.py:161} INFO - Started process (PID=1415) to work on /home/airflow/.local/lib/python3.12/site-packages/airflow/example_dags/example_branch_operator.py
[2025-09-16T15:13:06.272+0000] {processor.py:830} INFO - Processing file /home/airflow/.local/lib/python3.12/site-packages/airflow/example_dags/example_branch_operator.py for tasks to queue
[2025-09-16T15:13:06.277+0000] {logging_mixin.py:188} INFO - [2025-09-16T15:13:06.276+0000] {dagbag.py:545} INFO - Filling up the DagBag from /home/airflow/.local/lib/python3.12/site-packages/airflow/example_dags/example_branch_operator.py
[2025-09-16T15:13:06.305+0000] {processor.py:840} INFO - DAG(s) 'example_branch_operator' retrieved from /home/airflow/.local/lib/python3.12/site-packages/airflow/example_dags/example_branch_operator.py
[2025-09-16T15:13:06.353+0000] {logging_mixin.py:188} INFO - [2025-09-16T15:13:06.353+0000] {dag.py:3096} INFO - Sync 1 DAGs
[2025-09-16T15:13:06.392+0000] {logging_mixin.py:188} INFO - [2025-09-16T15:13:06.392+0000] {dag.py:3954} INFO - Setting next_dagrun for example_branch_operator to 2025-09-15 00:00:00+00:00, run_after=2025-09-16 00:00:00+00:00
[2025-09-16T15:13:06.423+0000] {processor.py:183} INFO - Processing /home/airflow/.local/lib/python3.12/site-packages/airflow/example_dags/example_branch_operator.py took 0.162 seconds
[2025-09-16T15:13:37.293+0000] {processor.py:161} INFO - Started process (PID=1475) to work on /home/airflow/.local/lib/python3.12/site-packages/airflow/example_dags/example_branch_operator.py
[2025-09-16T15:13:37.295+0000] {processor.py:830} INFO - Processing file /home/airflow/.local/lib/python3.12/site-packages/airflow/example_dags/example_branch_operator.py for tasks to queue
[2025-09-16T15:13:37.298+0000] {logging_mixin.py:188} INFO - [2025-09-16T15:13:37.298+0000] {dagbag.py:545} INFO - Filling up the DagBag from /home/airflow/.local/lib/python3.12/site-packages/airflow/example_dags/example_branch_operator.py
[2025-09-16T15:13:37.322+0000] {processor.py:840} INFO - DAG(s) 'example_branch_operator' retrieved from /home/airflow/.local/lib/python3.12/site-packages/airflow/example_dags/example_branch_operator.py
[2025-09-16T15:13:37.388+0000] {logging_mixin.py:188} INFO - [2025-09-16T15:13:37.387+0000] {dag.py:3096} INFO - Sync 1 DAGs
[2025-09-16T15:13:37.440+0000] {logging_mixin.py:188} INFO - [2025-09-16T15:13:37.440+0000] {dag.py:3954} INFO - Setting next_dagrun for example_branch_operator to 2025-09-15 00:00:00+00:00, run_after=2025-09-16 00:00:00+00:00
[2025-09-16T15:13:37.479+0000] {processor.py:183} INFO - Processing /home/airflow/.local/lib/python3.12/site-packages/airflow/example_dags/example_branch_operator.py took 0.194 seconds
