[2025-09-16T14:07:52.822+0000] {processor.py:161} INFO - Started process (PID=136) to work on /home/airflow/.local/lib/python3.12/site-packages/airflow/example_dags/example_sensors.py
[2025-09-16T14:07:52.832+0000] {processor.py:830} INFO - Processing file /home/airflow/.local/lib/python3.12/site-packages/airflow/example_dags/example_sensors.py for tasks to queue
[2025-09-16T14:07:52.846+0000] {logging_mixin.py:188} INFO - [2025-09-16T14:07:52.844+0000] {dagbag.py:545} INFO - Filling up the DagBag from /home/airflow/.local/lib/python3.12/site-packages/airflow/example_dags/example_sensors.py
[2025-09-16T14:07:52.927+0000] {processor.py:840} INFO - DAG(s) 'example_sensors' retrieved from /home/airflow/.local/lib/python3.12/site-packages/airflow/example_dags/example_sensors.py
[2025-09-16T14:07:52.951+0000] {logging_mixin.py:188} INFO - [2025-09-16T14:07:52.950+0000] {dag.py:3096} INFO - Sync 1 DAGs
[2025-09-16T14:07:52.979+0000] {logging_mixin.py:188} INFO - [2025-09-16T14:07:52.978+0000] {dag.py:3954} INFO - Setting next_dagrun for example_sensors to None, run_after=None
[2025-09-16T14:07:53.023+0000] {processor.py:183} INFO - Processing /home/airflow/.local/lib/python3.12/site-packages/airflow/example_dags/example_sensors.py took 0.260 seconds
[2025-09-16T14:08:23.137+0000] {processor.py:161} INFO - Started process (PID=196) to work on /home/airflow/.local/lib/python3.12/site-packages/airflow/example_dags/example_sensors.py
[2025-09-16T14:08:23.138+0000] {processor.py:830} INFO - Processing file /home/airflow/.local/lib/python3.12/site-packages/airflow/example_dags/example_sensors.py for tasks to queue
[2025-09-16T14:08:23.142+0000] {logging_mixin.py:188} INFO - [2025-09-16T14:08:23.141+0000] {dagbag.py:545} INFO - Filling up the DagBag from /home/airflow/.local/lib/python3.12/site-packages/airflow/example_dags/example_sensors.py
[2025-09-16T14:08:23.162+0000] {processor.py:840} INFO - DAG(s) 'example_sensors' retrieved from /home/airflow/.local/lib/python3.12/site-packages/airflow/example_dags/example_sensors.py
[2025-09-16T14:08:23.395+0000] {logging_mixin.py:188} INFO - [2025-09-16T14:08:23.394+0000] {dag.py:3096} INFO - Sync 1 DAGs
[2025-09-16T14:08:23.417+0000] {logging_mixin.py:188} INFO - [2025-09-16T14:08:23.416+0000] {dag.py:3954} INFO - Setting next_dagrun for example_sensors to None, run_after=None
[2025-09-16T14:08:23.457+0000] {processor.py:183} INFO - Processing /home/airflow/.local/lib/python3.12/site-packages/airflow/example_dags/example_sensors.py took 0.329 seconds
[2025-09-16T14:08:53.550+0000] {processor.py:161} INFO - Started process (PID=254) to work on /home/airflow/.local/lib/python3.12/site-packages/airflow/example_dags/example_sensors.py
[2025-09-16T14:08:53.554+0000] {processor.py:830} INFO - Processing file /home/airflow/.local/lib/python3.12/site-packages/airflow/example_dags/example_sensors.py for tasks to queue
[2025-09-16T14:08:53.560+0000] {logging_mixin.py:188} INFO - [2025-09-16T14:08:53.558+0000] {dagbag.py:545} INFO - Filling up the DagBag from /home/airflow/.local/lib/python3.12/site-packages/airflow/example_dags/example_sensors.py
[2025-09-16T14:08:53.582+0000] {processor.py:840} INFO - DAG(s) 'example_sensors' retrieved from /home/airflow/.local/lib/python3.12/site-packages/airflow/example_dags/example_sensors.py
[2025-09-16T14:08:53.648+0000] {logging_mixin.py:188} INFO - [2025-09-16T14:08:53.647+0000] {dag.py:3096} INFO - Sync 1 DAGs
[2025-09-16T14:08:53.670+0000] {logging_mixin.py:188} INFO - [2025-09-16T14:08:53.670+0000] {dag.py:3954} INFO - Setting next_dagrun for example_sensors to None, run_after=None
[2025-09-16T14:08:53.716+0000] {processor.py:183} INFO - Processing /home/airflow/.local/lib/python3.12/site-packages/airflow/example_dags/example_sensors.py took 0.179 seconds
[2025-09-16T14:09:24.584+0000] {processor.py:161} INFO - Started process (PID=314) to work on /home/airflow/.local/lib/python3.12/site-packages/airflow/example_dags/example_sensors.py
[2025-09-16T14:09:24.587+0000] {processor.py:830} INFO - Processing file /home/airflow/.local/lib/python3.12/site-packages/airflow/example_dags/example_sensors.py for tasks to queue
[2025-09-16T14:09:24.590+0000] {logging_mixin.py:188} INFO - [2025-09-16T14:09:24.590+0000] {dagbag.py:545} INFO - Filling up the DagBag from /home/airflow/.local/lib/python3.12/site-packages/airflow/example_dags/example_sensors.py
[2025-09-16T14:09:24.603+0000] {processor.py:840} INFO - DAG(s) 'example_sensors' retrieved from /home/airflow/.local/lib/python3.12/site-packages/airflow/example_dags/example_sensors.py
[2025-09-16T14:09:24.639+0000] {logging_mixin.py:188} INFO - [2025-09-16T14:09:24.639+0000] {dag.py:3096} INFO - Sync 1 DAGs
[2025-09-16T14:09:24.660+0000] {logging_mixin.py:188} INFO - [2025-09-16T14:09:24.660+0000] {dag.py:3954} INFO - Setting next_dagrun for example_sensors to None, run_after=None
[2025-09-16T14:09:24.691+0000] {processor.py:183} INFO - Processing /home/airflow/.local/lib/python3.12/site-packages/airflow/example_dags/example_sensors.py took 0.115 seconds
[2025-09-16T14:09:55.414+0000] {processor.py:161} INFO - Started process (PID=374) to work on /home/airflow/.local/lib/python3.12/site-packages/airflow/example_dags/example_sensors.py
[2025-09-16T14:09:55.415+0000] {processor.py:830} INFO - Processing file /home/airflow/.local/lib/python3.12/site-packages/airflow/example_dags/example_sensors.py for tasks to queue
[2025-09-16T14:09:55.418+0000] {logging_mixin.py:188} INFO - [2025-09-16T14:09:55.418+0000] {dagbag.py:545} INFO - Filling up the DagBag from /home/airflow/.local/lib/python3.12/site-packages/airflow/example_dags/example_sensors.py
[2025-09-16T14:09:55.431+0000] {processor.py:840} INFO - DAG(s) 'example_sensors' retrieved from /home/airflow/.local/lib/python3.12/site-packages/airflow/example_dags/example_sensors.py
[2025-09-16T14:09:55.467+0000] {logging_mixin.py:188} INFO - [2025-09-16T14:09:55.467+0000] {dag.py:3096} INFO - Sync 1 DAGs
[2025-09-16T14:09:55.485+0000] {logging_mixin.py:188} INFO - [2025-09-16T14:09:55.484+0000] {dag.py:3954} INFO - Setting next_dagrun for example_sensors to None, run_after=None
[2025-09-16T14:09:55.523+0000] {processor.py:183} INFO - Processing /home/airflow/.local/lib/python3.12/site-packages/airflow/example_dags/example_sensors.py took 0.115 seconds
[2025-09-16T14:10:25.841+0000] {processor.py:161} INFO - Started process (PID=434) to work on /home/airflow/.local/lib/python3.12/site-packages/airflow/example_dags/example_sensors.py
[2025-09-16T14:10:25.843+0000] {processor.py:830} INFO - Processing file /home/airflow/.local/lib/python3.12/site-packages/airflow/example_dags/example_sensors.py for tasks to queue
[2025-09-16T14:10:25.846+0000] {logging_mixin.py:188} INFO - [2025-09-16T14:10:25.846+0000] {dagbag.py:545} INFO - Filling up the DagBag from /home/airflow/.local/lib/python3.12/site-packages/airflow/example_dags/example_sensors.py
[2025-09-16T14:10:25.859+0000] {processor.py:840} INFO - DAG(s) 'example_sensors' retrieved from /home/airflow/.local/lib/python3.12/site-packages/airflow/example_dags/example_sensors.py
[2025-09-16T14:10:25.893+0000] {logging_mixin.py:188} INFO - [2025-09-16T14:10:25.892+0000] {dag.py:3096} INFO - Sync 1 DAGs
[2025-09-16T14:10:25.910+0000] {logging_mixin.py:188} INFO - [2025-09-16T14:10:25.910+0000] {dag.py:3954} INFO - Setting next_dagrun for example_sensors to None, run_after=None
[2025-09-16T14:10:25.981+0000] {processor.py:183} INFO - Processing /home/airflow/.local/lib/python3.12/site-packages/airflow/example_dags/example_sensors.py took 0.148 seconds
[2025-09-16T14:10:56.449+0000] {processor.py:161} INFO - Started process (PID=494) to work on /home/airflow/.local/lib/python3.12/site-packages/airflow/example_dags/example_sensors.py
[2025-09-16T14:10:56.450+0000] {processor.py:830} INFO - Processing file /home/airflow/.local/lib/python3.12/site-packages/airflow/example_dags/example_sensors.py for tasks to queue
[2025-09-16T14:10:56.454+0000] {logging_mixin.py:188} INFO - [2025-09-16T14:10:56.453+0000] {dagbag.py:545} INFO - Filling up the DagBag from /home/airflow/.local/lib/python3.12/site-packages/airflow/example_dags/example_sensors.py
[2025-09-16T14:10:56.464+0000] {processor.py:840} INFO - DAG(s) 'example_sensors' retrieved from /home/airflow/.local/lib/python3.12/site-packages/airflow/example_dags/example_sensors.py
[2025-09-16T14:10:56.494+0000] {logging_mixin.py:188} INFO - [2025-09-16T14:10:56.494+0000] {dag.py:3096} INFO - Sync 1 DAGs
[2025-09-16T14:10:56.509+0000] {logging_mixin.py:188} INFO - [2025-09-16T14:10:56.509+0000] {dag.py:3954} INFO - Setting next_dagrun for example_sensors to None, run_after=None
[2025-09-16T14:10:56.543+0000] {processor.py:183} INFO - Processing /home/airflow/.local/lib/python3.12/site-packages/airflow/example_dags/example_sensors.py took 0.100 seconds
[2025-09-16T14:11:26.874+0000] {processor.py:161} INFO - Started process (PID=554) to work on /home/airflow/.local/lib/python3.12/site-packages/airflow/example_dags/example_sensors.py
[2025-09-16T14:11:26.875+0000] {processor.py:830} INFO - Processing file /home/airflow/.local/lib/python3.12/site-packages/airflow/example_dags/example_sensors.py for tasks to queue
[2025-09-16T14:11:26.879+0000] {logging_mixin.py:188} INFO - [2025-09-16T14:11:26.878+0000] {dagbag.py:545} INFO - Filling up the DagBag from /home/airflow/.local/lib/python3.12/site-packages/airflow/example_dags/example_sensors.py
[2025-09-16T14:11:26.895+0000] {processor.py:840} INFO - DAG(s) 'example_sensors' retrieved from /home/airflow/.local/lib/python3.12/site-packages/airflow/example_dags/example_sensors.py
[2025-09-16T14:11:26.938+0000] {logging_mixin.py:188} INFO - [2025-09-16T14:11:26.937+0000] {dag.py:3096} INFO - Sync 1 DAGs
[2025-09-16T14:11:26.963+0000] {logging_mixin.py:188} INFO - [2025-09-16T14:11:26.962+0000] {dag.py:3954} INFO - Setting next_dagrun for example_sensors to None, run_after=None
[2025-09-16T14:11:26.997+0000] {processor.py:183} INFO - Processing /home/airflow/.local/lib/python3.12/site-packages/airflow/example_dags/example_sensors.py took 0.134 seconds
[2025-09-16T14:11:57.728+0000] {processor.py:161} INFO - Started process (PID=614) to work on /home/airflow/.local/lib/python3.12/site-packages/airflow/example_dags/example_sensors.py
[2025-09-16T14:11:57.730+0000] {processor.py:830} INFO - Processing file /home/airflow/.local/lib/python3.12/site-packages/airflow/example_dags/example_sensors.py for tasks to queue
[2025-09-16T14:11:57.734+0000] {logging_mixin.py:188} INFO - [2025-09-16T14:11:57.733+0000] {dagbag.py:545} INFO - Filling up the DagBag from /home/airflow/.local/lib/python3.12/site-packages/airflow/example_dags/example_sensors.py
[2025-09-16T14:11:57.747+0000] {processor.py:840} INFO - DAG(s) 'example_sensors' retrieved from /home/airflow/.local/lib/python3.12/site-packages/airflow/example_dags/example_sensors.py
[2025-09-16T14:11:57.787+0000] {logging_mixin.py:188} INFO - [2025-09-16T14:11:57.787+0000] {dag.py:3096} INFO - Sync 1 DAGs
[2025-09-16T14:11:57.807+0000] {logging_mixin.py:188} INFO - [2025-09-16T14:11:57.807+0000] {dag.py:3954} INFO - Setting next_dagrun for example_sensors to None, run_after=None
[2025-09-16T14:11:57.839+0000] {processor.py:183} INFO - Processing /home/airflow/.local/lib/python3.12/site-packages/airflow/example_dags/example_sensors.py took 0.119 seconds
[2025-09-16T14:12:28.351+0000] {processor.py:161} INFO - Started process (PID=674) to work on /home/airflow/.local/lib/python3.12/site-packages/airflow/example_dags/example_sensors.py
[2025-09-16T14:12:28.354+0000] {processor.py:830} INFO - Processing file /home/airflow/.local/lib/python3.12/site-packages/airflow/example_dags/example_sensors.py for tasks to queue
[2025-09-16T14:12:28.357+0000] {logging_mixin.py:188} INFO - [2025-09-16T14:12:28.357+0000] {dagbag.py:545} INFO - Filling up the DagBag from /home/airflow/.local/lib/python3.12/site-packages/airflow/example_dags/example_sensors.py
[2025-09-16T14:12:28.373+0000] {processor.py:840} INFO - DAG(s) 'example_sensors' retrieved from /home/airflow/.local/lib/python3.12/site-packages/airflow/example_dags/example_sensors.py
[2025-09-16T14:12:28.423+0000] {logging_mixin.py:188} INFO - [2025-09-16T14:12:28.422+0000] {dag.py:3096} INFO - Sync 1 DAGs
[2025-09-16T14:12:28.447+0000] {logging_mixin.py:188} INFO - [2025-09-16T14:12:28.446+0000] {dag.py:3954} INFO - Setting next_dagrun for example_sensors to None, run_after=None
[2025-09-16T14:12:28.499+0000] {processor.py:183} INFO - Processing /home/airflow/.local/lib/python3.12/site-packages/airflow/example_dags/example_sensors.py took 0.156 seconds
[2025-09-16T14:12:58.765+0000] {processor.py:161} INFO - Started process (PID=733) to work on /home/airflow/.local/lib/python3.12/site-packages/airflow/example_dags/example_sensors.py
[2025-09-16T14:12:58.767+0000] {processor.py:830} INFO - Processing file /home/airflow/.local/lib/python3.12/site-packages/airflow/example_dags/example_sensors.py for tasks to queue
[2025-09-16T14:12:58.770+0000] {logging_mixin.py:188} INFO - [2025-09-16T14:12:58.770+0000] {dagbag.py:545} INFO - Filling up the DagBag from /home/airflow/.local/lib/python3.12/site-packages/airflow/example_dags/example_sensors.py
[2025-09-16T14:12:58.785+0000] {processor.py:840} INFO - DAG(s) 'example_sensors' retrieved from /home/airflow/.local/lib/python3.12/site-packages/airflow/example_dags/example_sensors.py
[2025-09-16T14:12:58.828+0000] {logging_mixin.py:188} INFO - [2025-09-16T14:12:58.827+0000] {dag.py:3096} INFO - Sync 1 DAGs
[2025-09-16T14:12:58.848+0000] {logging_mixin.py:188} INFO - [2025-09-16T14:12:58.848+0000] {dag.py:3954} INFO - Setting next_dagrun for example_sensors to None, run_after=None
[2025-09-16T14:12:58.879+0000] {processor.py:183} INFO - Processing /home/airflow/.local/lib/python3.12/site-packages/airflow/example_dags/example_sensors.py took 0.124 seconds
[2025-09-16T14:13:29.127+0000] {processor.py:161} INFO - Started process (PID=793) to work on /home/airflow/.local/lib/python3.12/site-packages/airflow/example_dags/example_sensors.py
[2025-09-16T14:13:29.129+0000] {processor.py:830} INFO - Processing file /home/airflow/.local/lib/python3.12/site-packages/airflow/example_dags/example_sensors.py for tasks to queue
[2025-09-16T14:13:29.133+0000] {logging_mixin.py:188} INFO - [2025-09-16T14:13:29.132+0000] {dagbag.py:545} INFO - Filling up the DagBag from /home/airflow/.local/lib/python3.12/site-packages/airflow/example_dags/example_sensors.py
[2025-09-16T14:13:29.149+0000] {processor.py:840} INFO - DAG(s) 'example_sensors' retrieved from /home/airflow/.local/lib/python3.12/site-packages/airflow/example_dags/example_sensors.py
[2025-09-16T14:13:29.193+0000] {logging_mixin.py:188} INFO - [2025-09-16T14:13:29.192+0000] {dag.py:3096} INFO - Sync 1 DAGs
[2025-09-16T14:13:29.212+0000] {logging_mixin.py:188} INFO - [2025-09-16T14:13:29.212+0000] {dag.py:3954} INFO - Setting next_dagrun for example_sensors to None, run_after=None
[2025-09-16T14:13:29.242+0000] {processor.py:183} INFO - Processing /home/airflow/.local/lib/python3.12/site-packages/airflow/example_dags/example_sensors.py took 0.125 seconds
[2025-09-16T14:13:59.668+0000] {processor.py:161} INFO - Started process (PID=859) to work on /home/airflow/.local/lib/python3.12/site-packages/airflow/example_dags/example_sensors.py
[2025-09-16T14:13:59.670+0000] {processor.py:830} INFO - Processing file /home/airflow/.local/lib/python3.12/site-packages/airflow/example_dags/example_sensors.py for tasks to queue
[2025-09-16T14:13:59.674+0000] {logging_mixin.py:188} INFO - [2025-09-16T14:13:59.672+0000] {dagbag.py:545} INFO - Filling up the DagBag from /home/airflow/.local/lib/python3.12/site-packages/airflow/example_dags/example_sensors.py
[2025-09-16T14:13:59.688+0000] {processor.py:840} INFO - DAG(s) 'example_sensors' retrieved from /home/airflow/.local/lib/python3.12/site-packages/airflow/example_dags/example_sensors.py
[2025-09-16T14:13:59.732+0000] {logging_mixin.py:188} INFO - [2025-09-16T14:13:59.731+0000] {dag.py:3096} INFO - Sync 1 DAGs
[2025-09-16T14:13:59.756+0000] {logging_mixin.py:188} INFO - [2025-09-16T14:13:59.756+0000] {dag.py:3954} INFO - Setting next_dagrun for example_sensors to None, run_after=None
[2025-09-16T14:13:59.825+0000] {processor.py:183} INFO - Processing /home/airflow/.local/lib/python3.12/site-packages/airflow/example_dags/example_sensors.py took 0.166 seconds
[2025-09-16T14:14:30.150+0000] {processor.py:161} INFO - Started process (PID=923) to work on /home/airflow/.local/lib/python3.12/site-packages/airflow/example_dags/example_sensors.py
[2025-09-16T14:14:30.153+0000] {processor.py:830} INFO - Processing file /home/airflow/.local/lib/python3.12/site-packages/airflow/example_dags/example_sensors.py for tasks to queue
[2025-09-16T14:14:30.156+0000] {logging_mixin.py:188} INFO - [2025-09-16T14:14:30.155+0000] {dagbag.py:545} INFO - Filling up the DagBag from /home/airflow/.local/lib/python3.12/site-packages/airflow/example_dags/example_sensors.py
[2025-09-16T14:14:30.170+0000] {processor.py:840} INFO - DAG(s) 'example_sensors' retrieved from /home/airflow/.local/lib/python3.12/site-packages/airflow/example_dags/example_sensors.py
[2025-09-16T14:14:30.215+0000] {logging_mixin.py:188} INFO - [2025-09-16T14:14:30.214+0000] {dag.py:3096} INFO - Sync 1 DAGs
[2025-09-16T14:14:30.241+0000] {logging_mixin.py:188} INFO - [2025-09-16T14:14:30.240+0000] {dag.py:3954} INFO - Setting next_dagrun for example_sensors to None, run_after=None
[2025-09-16T14:14:30.316+0000] {processor.py:183} INFO - Processing /home/airflow/.local/lib/python3.12/site-packages/airflow/example_dags/example_sensors.py took 0.173 seconds
[2025-09-16T14:15:00.483+0000] {processor.py:161} INFO - Started process (PID=983) to work on /home/airflow/.local/lib/python3.12/site-packages/airflow/example_dags/example_sensors.py
[2025-09-16T14:15:00.486+0000] {processor.py:830} INFO - Processing file /home/airflow/.local/lib/python3.12/site-packages/airflow/example_dags/example_sensors.py for tasks to queue
[2025-09-16T14:15:00.491+0000] {logging_mixin.py:188} INFO - [2025-09-16T14:15:00.490+0000] {dagbag.py:545} INFO - Filling up the DagBag from /home/airflow/.local/lib/python3.12/site-packages/airflow/example_dags/example_sensors.py
[2025-09-16T14:15:00.508+0000] {processor.py:840} INFO - DAG(s) 'example_sensors' retrieved from /home/airflow/.local/lib/python3.12/site-packages/airflow/example_dags/example_sensors.py
[2025-09-16T14:15:00.553+0000] {logging_mixin.py:188} INFO - [2025-09-16T14:15:00.553+0000] {dag.py:3096} INFO - Sync 1 DAGs
[2025-09-16T14:15:00.574+0000] {logging_mixin.py:188} INFO - [2025-09-16T14:15:00.574+0000] {dag.py:3954} INFO - Setting next_dagrun for example_sensors to None, run_after=None
[2025-09-16T14:15:00.618+0000] {processor.py:183} INFO - Processing /home/airflow/.local/lib/python3.12/site-packages/airflow/example_dags/example_sensors.py took 0.151 seconds
[2025-09-16T14:16:43.280+0000] {processor.py:161} INFO - Started process (PID=89) to work on /home/airflow/.local/lib/python3.12/site-packages/airflow/example_dags/example_sensors.py
[2025-09-16T14:16:43.286+0000] {processor.py:830} INFO - Processing file /home/airflow/.local/lib/python3.12/site-packages/airflow/example_dags/example_sensors.py for tasks to queue
[2025-09-16T14:16:43.292+0000] {logging_mixin.py:188} INFO - [2025-09-16T14:16:43.291+0000] {dagbag.py:545} INFO - Filling up the DagBag from /home/airflow/.local/lib/python3.12/site-packages/airflow/example_dags/example_sensors.py
[2025-09-16T14:16:43.335+0000] {processor.py:840} INFO - DAG(s) 'example_sensors' retrieved from /home/airflow/.local/lib/python3.12/site-packages/airflow/example_dags/example_sensors.py
[2025-09-16T14:16:43.622+0000] {logging_mixin.py:188} INFO - [2025-09-16T14:16:43.622+0000] {dag.py:3096} INFO - Sync 1 DAGs
[2025-09-16T14:16:43.647+0000] {logging_mixin.py:188} INFO - [2025-09-16T14:16:43.647+0000] {dag.py:3954} INFO - Setting next_dagrun for example_sensors to None, run_after=None
[2025-09-16T14:16:43.686+0000] {processor.py:183} INFO - Processing /home/airflow/.local/lib/python3.12/site-packages/airflow/example_dags/example_sensors.py took 0.422 seconds
[2025-09-16T14:17:13.955+0000] {processor.py:161} INFO - Started process (PID=150) to work on /home/airflow/.local/lib/python3.12/site-packages/airflow/example_dags/example_sensors.py
[2025-09-16T14:17:13.957+0000] {processor.py:830} INFO - Processing file /home/airflow/.local/lib/python3.12/site-packages/airflow/example_dags/example_sensors.py for tasks to queue
[2025-09-16T14:17:13.960+0000] {logging_mixin.py:188} INFO - [2025-09-16T14:17:13.959+0000] {dagbag.py:545} INFO - Filling up the DagBag from /home/airflow/.local/lib/python3.12/site-packages/airflow/example_dags/example_sensors.py
[2025-09-16T14:17:13.974+0000] {processor.py:840} INFO - DAG(s) 'example_sensors' retrieved from /home/airflow/.local/lib/python3.12/site-packages/airflow/example_dags/example_sensors.py
[2025-09-16T14:17:14.013+0000] {logging_mixin.py:188} INFO - [2025-09-16T14:17:14.013+0000] {dag.py:3096} INFO - Sync 1 DAGs
[2025-09-16T14:17:14.035+0000] {logging_mixin.py:188} INFO - [2025-09-16T14:17:14.035+0000] {dag.py:3954} INFO - Setting next_dagrun for example_sensors to None, run_after=None
[2025-09-16T14:17:14.065+0000] {processor.py:183} INFO - Processing /home/airflow/.local/lib/python3.12/site-packages/airflow/example_dags/example_sensors.py took 0.119 seconds
[2025-09-16T14:17:45.879+0000] {processor.py:161} INFO - Started process (PID=210) to work on /home/airflow/.local/lib/python3.12/site-packages/airflow/example_dags/example_sensors.py
[2025-09-16T14:17:45.881+0000] {processor.py:830} INFO - Processing file /home/airflow/.local/lib/python3.12/site-packages/airflow/example_dags/example_sensors.py for tasks to queue
[2025-09-16T14:17:45.884+0000] {logging_mixin.py:188} INFO - [2025-09-16T14:17:45.884+0000] {dagbag.py:545} INFO - Filling up the DagBag from /home/airflow/.local/lib/python3.12/site-packages/airflow/example_dags/example_sensors.py
[2025-09-16T14:17:45.899+0000] {processor.py:840} INFO - DAG(s) 'example_sensors' retrieved from /home/airflow/.local/lib/python3.12/site-packages/airflow/example_dags/example_sensors.py
[2025-09-16T14:17:45.949+0000] {logging_mixin.py:188} INFO - [2025-09-16T14:17:45.949+0000] {dag.py:3096} INFO - Sync 1 DAGs
[2025-09-16T14:17:45.971+0000] {logging_mixin.py:188} INFO - [2025-09-16T14:17:45.971+0000] {dag.py:3954} INFO - Setting next_dagrun for example_sensors to None, run_after=None
[2025-09-16T14:17:46.023+0000] {processor.py:183} INFO - Processing /home/airflow/.local/lib/python3.12/site-packages/airflow/example_dags/example_sensors.py took 0.155 seconds
[2025-09-16T14:18:16.716+0000] {processor.py:161} INFO - Started process (PID=270) to work on /home/airflow/.local/lib/python3.12/site-packages/airflow/example_dags/example_sensors.py
[2025-09-16T14:18:16.717+0000] {processor.py:830} INFO - Processing file /home/airflow/.local/lib/python3.12/site-packages/airflow/example_dags/example_sensors.py for tasks to queue
[2025-09-16T14:18:16.720+0000] {logging_mixin.py:188} INFO - [2025-09-16T14:18:16.720+0000] {dagbag.py:545} INFO - Filling up the DagBag from /home/airflow/.local/lib/python3.12/site-packages/airflow/example_dags/example_sensors.py
[2025-09-16T14:18:16.732+0000] {processor.py:840} INFO - DAG(s) 'example_sensors' retrieved from /home/airflow/.local/lib/python3.12/site-packages/airflow/example_dags/example_sensors.py
[2025-09-16T14:18:16.770+0000] {logging_mixin.py:188} INFO - [2025-09-16T14:18:16.770+0000] {dag.py:3096} INFO - Sync 1 DAGs
[2025-09-16T14:18:16.790+0000] {logging_mixin.py:188} INFO - [2025-09-16T14:18:16.790+0000] {dag.py:3954} INFO - Setting next_dagrun for example_sensors to None, run_after=None
[2025-09-16T14:18:16.821+0000] {processor.py:183} INFO - Processing /home/airflow/.local/lib/python3.12/site-packages/airflow/example_dags/example_sensors.py took 0.113 seconds
[2025-09-16T14:18:47.453+0000] {processor.py:161} INFO - Started process (PID=330) to work on /home/airflow/.local/lib/python3.12/site-packages/airflow/example_dags/example_sensors.py
[2025-09-16T14:18:47.454+0000] {processor.py:830} INFO - Processing file /home/airflow/.local/lib/python3.12/site-packages/airflow/example_dags/example_sensors.py for tasks to queue
[2025-09-16T14:18:47.457+0000] {logging_mixin.py:188} INFO - [2025-09-16T14:18:47.457+0000] {dagbag.py:545} INFO - Filling up the DagBag from /home/airflow/.local/lib/python3.12/site-packages/airflow/example_dags/example_sensors.py
[2025-09-16T14:18:47.469+0000] {processor.py:840} INFO - DAG(s) 'example_sensors' retrieved from /home/airflow/.local/lib/python3.12/site-packages/airflow/example_dags/example_sensors.py
[2025-09-16T14:18:47.507+0000] {logging_mixin.py:188} INFO - [2025-09-16T14:18:47.506+0000] {dag.py:3096} INFO - Sync 1 DAGs
[2025-09-16T14:18:47.526+0000] {logging_mixin.py:188} INFO - [2025-09-16T14:18:47.525+0000] {dag.py:3954} INFO - Setting next_dagrun for example_sensors to None, run_after=None
[2025-09-16T14:18:47.553+0000] {processor.py:183} INFO - Processing /home/airflow/.local/lib/python3.12/site-packages/airflow/example_dags/example_sensors.py took 0.108 seconds
[2025-09-16T14:19:17.694+0000] {processor.py:161} INFO - Started process (PID=389) to work on /home/airflow/.local/lib/python3.12/site-packages/airflow/example_dags/example_sensors.py
[2025-09-16T14:19:17.696+0000] {processor.py:830} INFO - Processing file /home/airflow/.local/lib/python3.12/site-packages/airflow/example_dags/example_sensors.py for tasks to queue
[2025-09-16T14:19:17.699+0000] {logging_mixin.py:188} INFO - [2025-09-16T14:19:17.699+0000] {dagbag.py:545} INFO - Filling up the DagBag from /home/airflow/.local/lib/python3.12/site-packages/airflow/example_dags/example_sensors.py
[2025-09-16T14:19:17.711+0000] {processor.py:840} INFO - DAG(s) 'example_sensors' retrieved from /home/airflow/.local/lib/python3.12/site-packages/airflow/example_dags/example_sensors.py
[2025-09-16T14:19:17.746+0000] {logging_mixin.py:188} INFO - [2025-09-16T14:19:17.746+0000] {dag.py:3096} INFO - Sync 1 DAGs
[2025-09-16T14:19:17.767+0000] {logging_mixin.py:188} INFO - [2025-09-16T14:19:17.766+0000] {dag.py:3954} INFO - Setting next_dagrun for example_sensors to None, run_after=None
[2025-09-16T14:19:17.859+0000] {processor.py:183} INFO - Processing /home/airflow/.local/lib/python3.12/site-packages/airflow/example_dags/example_sensors.py took 0.173 seconds
[2025-09-16T14:19:47.955+0000] {processor.py:161} INFO - Started process (PID=449) to work on /home/airflow/.local/lib/python3.12/site-packages/airflow/example_dags/example_sensors.py
[2025-09-16T14:19:47.957+0000] {processor.py:830} INFO - Processing file /home/airflow/.local/lib/python3.12/site-packages/airflow/example_dags/example_sensors.py for tasks to queue
[2025-09-16T14:19:47.960+0000] {logging_mixin.py:188} INFO - [2025-09-16T14:19:47.959+0000] {dagbag.py:545} INFO - Filling up the DagBag from /home/airflow/.local/lib/python3.12/site-packages/airflow/example_dags/example_sensors.py
[2025-09-16T14:19:47.973+0000] {processor.py:840} INFO - DAG(s) 'example_sensors' retrieved from /home/airflow/.local/lib/python3.12/site-packages/airflow/example_dags/example_sensors.py
[2025-09-16T14:19:48.014+0000] {logging_mixin.py:188} INFO - [2025-09-16T14:19:48.014+0000] {dag.py:3096} INFO - Sync 1 DAGs
[2025-09-16T14:19:48.032+0000] {logging_mixin.py:188} INFO - [2025-09-16T14:19:48.031+0000] {dag.py:3954} INFO - Setting next_dagrun for example_sensors to None, run_after=None
[2025-09-16T14:19:48.059+0000] {processor.py:183} INFO - Processing /home/airflow/.local/lib/python3.12/site-packages/airflow/example_dags/example_sensors.py took 0.112 seconds
[2025-09-16T14:20:18.954+0000] {processor.py:161} INFO - Started process (PID=509) to work on /home/airflow/.local/lib/python3.12/site-packages/airflow/example_dags/example_sensors.py
[2025-09-16T14:20:18.956+0000] {processor.py:830} INFO - Processing file /home/airflow/.local/lib/python3.12/site-packages/airflow/example_dags/example_sensors.py for tasks to queue
[2025-09-16T14:20:18.959+0000] {logging_mixin.py:188} INFO - [2025-09-16T14:20:18.958+0000] {dagbag.py:545} INFO - Filling up the DagBag from /home/airflow/.local/lib/python3.12/site-packages/airflow/example_dags/example_sensors.py
[2025-09-16T14:20:18.974+0000] {processor.py:840} INFO - DAG(s) 'example_sensors' retrieved from /home/airflow/.local/lib/python3.12/site-packages/airflow/example_dags/example_sensors.py
[2025-09-16T14:20:19.015+0000] {logging_mixin.py:188} INFO - [2025-09-16T14:20:19.015+0000] {dag.py:3096} INFO - Sync 1 DAGs
[2025-09-16T14:20:19.034+0000] {logging_mixin.py:188} INFO - [2025-09-16T14:20:19.034+0000] {dag.py:3954} INFO - Setting next_dagrun for example_sensors to None, run_after=None
[2025-09-16T14:20:19.076+0000] {processor.py:183} INFO - Processing /home/airflow/.local/lib/python3.12/site-packages/airflow/example_dags/example_sensors.py took 0.132 seconds
[2025-09-16T14:20:49.447+0000] {processor.py:161} INFO - Started process (PID=569) to work on /home/airflow/.local/lib/python3.12/site-packages/airflow/example_dags/example_sensors.py
[2025-09-16T14:20:49.450+0000] {processor.py:830} INFO - Processing file /home/airflow/.local/lib/python3.12/site-packages/airflow/example_dags/example_sensors.py for tasks to queue
[2025-09-16T14:20:49.454+0000] {logging_mixin.py:188} INFO - [2025-09-16T14:20:49.453+0000] {dagbag.py:545} INFO - Filling up the DagBag from /home/airflow/.local/lib/python3.12/site-packages/airflow/example_dags/example_sensors.py
[2025-09-16T14:20:49.472+0000] {processor.py:840} INFO - DAG(s) 'example_sensors' retrieved from /home/airflow/.local/lib/python3.12/site-packages/airflow/example_dags/example_sensors.py
[2025-09-16T14:20:49.526+0000] {logging_mixin.py:188} INFO - [2025-09-16T14:20:49.525+0000] {dag.py:3096} INFO - Sync 1 DAGs
[2025-09-16T14:20:49.549+0000] {logging_mixin.py:188} INFO - [2025-09-16T14:20:49.549+0000] {dag.py:3954} INFO - Setting next_dagrun for example_sensors to None, run_after=None
[2025-09-16T14:20:49.603+0000] {processor.py:183} INFO - Processing /home/airflow/.local/lib/python3.12/site-packages/airflow/example_dags/example_sensors.py took 0.171 seconds
[2025-09-16T14:54:08.833+0000] {processor.py:161} INFO - Started process (PID=88) to work on /home/airflow/.local/lib/python3.12/site-packages/airflow/example_dags/example_sensors.py
[2025-09-16T14:54:08.836+0000] {processor.py:830} INFO - Processing file /home/airflow/.local/lib/python3.12/site-packages/airflow/example_dags/example_sensors.py for tasks to queue
[2025-09-16T14:54:08.841+0000] {logging_mixin.py:188} INFO - [2025-09-16T14:54:08.840+0000] {dagbag.py:545} INFO - Filling up the DagBag from /home/airflow/.local/lib/python3.12/site-packages/airflow/example_dags/example_sensors.py
[2025-09-16T14:54:08.878+0000] {processor.py:840} INFO - DAG(s) 'example_sensors' retrieved from /home/airflow/.local/lib/python3.12/site-packages/airflow/example_dags/example_sensors.py
[2025-09-16T14:54:09.133+0000] {logging_mixin.py:188} INFO - [2025-09-16T14:54:09.132+0000] {dag.py:3096} INFO - Sync 1 DAGs
[2025-09-16T14:54:09.150+0000] {logging_mixin.py:188} INFO - [2025-09-16T14:54:09.150+0000] {dag.py:3954} INFO - Setting next_dagrun for example_sensors to None, run_after=None
[2025-09-16T14:54:09.185+0000] {processor.py:183} INFO - Processing /home/airflow/.local/lib/python3.12/site-packages/airflow/example_dags/example_sensors.py took 0.370 seconds
[2025-09-16T14:54:39.618+0000] {processor.py:161} INFO - Started process (PID=148) to work on /home/airflow/.local/lib/python3.12/site-packages/airflow/example_dags/example_sensors.py
[2025-09-16T14:54:39.620+0000] {processor.py:830} INFO - Processing file /home/airflow/.local/lib/python3.12/site-packages/airflow/example_dags/example_sensors.py for tasks to queue
[2025-09-16T14:54:39.624+0000] {logging_mixin.py:188} INFO - [2025-09-16T14:54:39.624+0000] {dagbag.py:545} INFO - Filling up the DagBag from /home/airflow/.local/lib/python3.12/site-packages/airflow/example_dags/example_sensors.py
[2025-09-16T14:54:39.639+0000] {processor.py:840} INFO - DAG(s) 'example_sensors' retrieved from /home/airflow/.local/lib/python3.12/site-packages/airflow/example_dags/example_sensors.py
[2025-09-16T14:54:39.680+0000] {logging_mixin.py:188} INFO - [2025-09-16T14:54:39.680+0000] {dag.py:3096} INFO - Sync 1 DAGs
[2025-09-16T14:54:39.700+0000] {logging_mixin.py:188} INFO - [2025-09-16T14:54:39.700+0000] {dag.py:3954} INFO - Setting next_dagrun for example_sensors to None, run_after=None
[2025-09-16T14:54:39.733+0000] {processor.py:183} INFO - Processing /home/airflow/.local/lib/python3.12/site-packages/airflow/example_dags/example_sensors.py took 0.123 seconds
[2025-09-16T14:55:10.874+0000] {processor.py:161} INFO - Started process (PID=209) to work on /home/airflow/.local/lib/python3.12/site-packages/airflow/example_dags/example_sensors.py
[2025-09-16T14:55:10.876+0000] {processor.py:830} INFO - Processing file /home/airflow/.local/lib/python3.12/site-packages/airflow/example_dags/example_sensors.py for tasks to queue
[2025-09-16T14:55:10.879+0000] {logging_mixin.py:188} INFO - [2025-09-16T14:55:10.879+0000] {dagbag.py:545} INFO - Filling up the DagBag from /home/airflow/.local/lib/python3.12/site-packages/airflow/example_dags/example_sensors.py
[2025-09-16T14:55:10.893+0000] {processor.py:840} INFO - DAG(s) 'example_sensors' retrieved from /home/airflow/.local/lib/python3.12/site-packages/airflow/example_dags/example_sensors.py
[2025-09-16T14:55:10.929+0000] {logging_mixin.py:188} INFO - [2025-09-16T14:55:10.929+0000] {dag.py:3096} INFO - Sync 1 DAGs
[2025-09-16T14:55:10.949+0000] {logging_mixin.py:188} INFO - [2025-09-16T14:55:10.949+0000] {dag.py:3954} INFO - Setting next_dagrun for example_sensors to None, run_after=None
[2025-09-16T14:55:10.992+0000] {processor.py:183} INFO - Processing /home/airflow/.local/lib/python3.12/site-packages/airflow/example_dags/example_sensors.py took 0.127 seconds
[2025-09-16T14:55:41.997+0000] {processor.py:161} INFO - Started process (PID=269) to work on /home/airflow/.local/lib/python3.12/site-packages/airflow/example_dags/example_sensors.py
[2025-09-16T14:55:41.998+0000] {processor.py:830} INFO - Processing file /home/airflow/.local/lib/python3.12/site-packages/airflow/example_dags/example_sensors.py for tasks to queue
[2025-09-16T14:55:42.000+0000] {logging_mixin.py:188} INFO - [2025-09-16T14:55:42.000+0000] {dagbag.py:545} INFO - Filling up the DagBag from /home/airflow/.local/lib/python3.12/site-packages/airflow/example_dags/example_sensors.py
[2025-09-16T14:55:42.013+0000] {processor.py:840} INFO - DAG(s) 'example_sensors' retrieved from /home/airflow/.local/lib/python3.12/site-packages/airflow/example_dags/example_sensors.py
[2025-09-16T14:55:42.042+0000] {logging_mixin.py:188} INFO - [2025-09-16T14:55:42.042+0000] {dag.py:3096} INFO - Sync 1 DAGs
[2025-09-16T14:55:42.059+0000] {logging_mixin.py:188} INFO - [2025-09-16T14:55:42.059+0000] {dag.py:3954} INFO - Setting next_dagrun for example_sensors to None, run_after=None
[2025-09-16T14:55:42.085+0000] {processor.py:183} INFO - Processing /home/airflow/.local/lib/python3.12/site-packages/airflow/example_dags/example_sensors.py took 0.094 seconds
[2025-09-16T14:56:12.885+0000] {processor.py:161} INFO - Started process (PID=329) to work on /home/airflow/.local/lib/python3.12/site-packages/airflow/example_dags/example_sensors.py
[2025-09-16T14:56:12.886+0000] {processor.py:830} INFO - Processing file /home/airflow/.local/lib/python3.12/site-packages/airflow/example_dags/example_sensors.py for tasks to queue
[2025-09-16T14:56:12.889+0000] {logging_mixin.py:188} INFO - [2025-09-16T14:56:12.889+0000] {dagbag.py:545} INFO - Filling up the DagBag from /home/airflow/.local/lib/python3.12/site-packages/airflow/example_dags/example_sensors.py
[2025-09-16T14:56:12.903+0000] {processor.py:840} INFO - DAG(s) 'example_sensors' retrieved from /home/airflow/.local/lib/python3.12/site-packages/airflow/example_dags/example_sensors.py
[2025-09-16T14:56:12.938+0000] {logging_mixin.py:188} INFO - [2025-09-16T14:56:12.938+0000] {dag.py:3096} INFO - Sync 1 DAGs
[2025-09-16T14:56:12.957+0000] {logging_mixin.py:188} INFO - [2025-09-16T14:56:12.956+0000] {dag.py:3954} INFO - Setting next_dagrun for example_sensors to None, run_after=None
[2025-09-16T14:56:12.994+0000] {processor.py:183} INFO - Processing /home/airflow/.local/lib/python3.12/site-packages/airflow/example_dags/example_sensors.py took 0.117 seconds
[2025-09-16T14:56:43.197+0000] {processor.py:161} INFO - Started process (PID=387) to work on /home/airflow/.local/lib/python3.12/site-packages/airflow/example_dags/example_sensors.py
[2025-09-16T14:56:43.199+0000] {processor.py:830} INFO - Processing file /home/airflow/.local/lib/python3.12/site-packages/airflow/example_dags/example_sensors.py for tasks to queue
[2025-09-16T14:56:43.203+0000] {logging_mixin.py:188} INFO - [2025-09-16T14:56:43.202+0000] {dagbag.py:545} INFO - Filling up the DagBag from /home/airflow/.local/lib/python3.12/site-packages/airflow/example_dags/example_sensors.py
[2025-09-16T14:56:43.223+0000] {processor.py:840} INFO - DAG(s) 'example_sensors' retrieved from /home/airflow/.local/lib/python3.12/site-packages/airflow/example_dags/example_sensors.py
[2025-09-16T14:56:43.268+0000] {logging_mixin.py:188} INFO - [2025-09-16T14:56:43.268+0000] {dag.py:3096} INFO - Sync 1 DAGs
[2025-09-16T14:56:43.293+0000] {logging_mixin.py:188} INFO - [2025-09-16T14:56:43.292+0000] {dag.py:3954} INFO - Setting next_dagrun for example_sensors to None, run_after=None
[2025-09-16T14:56:43.329+0000] {processor.py:183} INFO - Processing /home/airflow/.local/lib/python3.12/site-packages/airflow/example_dags/example_sensors.py took 0.145 seconds
[2025-09-16T14:57:13.726+0000] {processor.py:161} INFO - Started process (PID=447) to work on /home/airflow/.local/lib/python3.12/site-packages/airflow/example_dags/example_sensors.py
[2025-09-16T14:57:13.728+0000] {processor.py:830} INFO - Processing file /home/airflow/.local/lib/python3.12/site-packages/airflow/example_dags/example_sensors.py for tasks to queue
[2025-09-16T14:57:13.732+0000] {logging_mixin.py:188} INFO - [2025-09-16T14:57:13.731+0000] {dagbag.py:545} INFO - Filling up the DagBag from /home/airflow/.local/lib/python3.12/site-packages/airflow/example_dags/example_sensors.py
[2025-09-16T14:57:13.748+0000] {processor.py:840} INFO - DAG(s) 'example_sensors' retrieved from /home/airflow/.local/lib/python3.12/site-packages/airflow/example_dags/example_sensors.py
[2025-09-16T14:57:13.788+0000] {logging_mixin.py:188} INFO - [2025-09-16T14:57:13.788+0000] {dag.py:3096} INFO - Sync 1 DAGs
[2025-09-16T14:57:13.808+0000] {logging_mixin.py:188} INFO - [2025-09-16T14:57:13.808+0000] {dag.py:3954} INFO - Setting next_dagrun for example_sensors to None, run_after=None
[2025-09-16T14:57:13.836+0000] {processor.py:183} INFO - Processing /home/airflow/.local/lib/python3.12/site-packages/airflow/example_dags/example_sensors.py took 0.119 seconds
[2025-09-16T14:57:43.954+0000] {processor.py:161} INFO - Started process (PID=506) to work on /home/airflow/.local/lib/python3.12/site-packages/airflow/example_dags/example_sensors.py
[2025-09-16T14:57:43.957+0000] {processor.py:830} INFO - Processing file /home/airflow/.local/lib/python3.12/site-packages/airflow/example_dags/example_sensors.py for tasks to queue
[2025-09-16T14:57:43.959+0000] {logging_mixin.py:188} INFO - [2025-09-16T14:57:43.959+0000] {dagbag.py:545} INFO - Filling up the DagBag from /home/airflow/.local/lib/python3.12/site-packages/airflow/example_dags/example_sensors.py
[2025-09-16T14:57:43.972+0000] {processor.py:840} INFO - DAG(s) 'example_sensors' retrieved from /home/airflow/.local/lib/python3.12/site-packages/airflow/example_dags/example_sensors.py
[2025-09-16T14:57:44.011+0000] {logging_mixin.py:188} INFO - [2025-09-16T14:57:44.011+0000] {dag.py:3096} INFO - Sync 1 DAGs
[2025-09-16T14:57:44.032+0000] {logging_mixin.py:188} INFO - [2025-09-16T14:57:44.032+0000] {dag.py:3954} INFO - Setting next_dagrun for example_sensors to None, run_after=None
[2025-09-16T14:57:44.061+0000] {processor.py:183} INFO - Processing /home/airflow/.local/lib/python3.12/site-packages/airflow/example_dags/example_sensors.py took 0.114 seconds
[2025-09-16T14:58:14.679+0000] {processor.py:161} INFO - Started process (PID=569) to work on /home/airflow/.local/lib/python3.12/site-packages/airflow/example_dags/example_sensors.py
[2025-09-16T14:58:14.680+0000] {processor.py:830} INFO - Processing file /home/airflow/.local/lib/python3.12/site-packages/airflow/example_dags/example_sensors.py for tasks to queue
[2025-09-16T14:58:14.684+0000] {logging_mixin.py:188} INFO - [2025-09-16T14:58:14.684+0000] {dagbag.py:545} INFO - Filling up the DagBag from /home/airflow/.local/lib/python3.12/site-packages/airflow/example_dags/example_sensors.py
[2025-09-16T14:58:14.697+0000] {processor.py:840} INFO - DAG(s) 'example_sensors' retrieved from /home/airflow/.local/lib/python3.12/site-packages/airflow/example_dags/example_sensors.py
[2025-09-16T14:58:14.731+0000] {logging_mixin.py:188} INFO - [2025-09-16T14:58:14.730+0000] {dag.py:3096} INFO - Sync 1 DAGs
[2025-09-16T14:58:14.749+0000] {logging_mixin.py:188} INFO - [2025-09-16T14:58:14.748+0000] {dag.py:3954} INFO - Setting next_dagrun for example_sensors to None, run_after=None
[2025-09-16T14:58:14.776+0000] {processor.py:183} INFO - Processing /home/airflow/.local/lib/python3.12/site-packages/airflow/example_dags/example_sensors.py took 0.105 seconds
[2025-09-16T14:58:44.958+0000] {processor.py:161} INFO - Started process (PID=628) to work on /home/airflow/.local/lib/python3.12/site-packages/airflow/example_dags/example_sensors.py
[2025-09-16T14:58:44.960+0000] {processor.py:830} INFO - Processing file /home/airflow/.local/lib/python3.12/site-packages/airflow/example_dags/example_sensors.py for tasks to queue
[2025-09-16T14:58:44.963+0000] {logging_mixin.py:188} INFO - [2025-09-16T14:58:44.963+0000] {dagbag.py:545} INFO - Filling up the DagBag from /home/airflow/.local/lib/python3.12/site-packages/airflow/example_dags/example_sensors.py
[2025-09-16T14:58:44.977+0000] {processor.py:840} INFO - DAG(s) 'example_sensors' retrieved from /home/airflow/.local/lib/python3.12/site-packages/airflow/example_dags/example_sensors.py
[2025-09-16T14:58:45.017+0000] {logging_mixin.py:188} INFO - [2025-09-16T14:58:45.017+0000] {dag.py:3096} INFO - Sync 1 DAGs
[2025-09-16T14:58:45.034+0000] {logging_mixin.py:188} INFO - [2025-09-16T14:58:45.034+0000] {dag.py:3954} INFO - Setting next_dagrun for example_sensors to None, run_after=None
[2025-09-16T14:58:45.061+0000] {processor.py:183} INFO - Processing /home/airflow/.local/lib/python3.12/site-packages/airflow/example_dags/example_sensors.py took 0.109 seconds
[2025-09-16T14:59:15.369+0000] {processor.py:161} INFO - Started process (PID=688) to work on /home/airflow/.local/lib/python3.12/site-packages/airflow/example_dags/example_sensors.py
[2025-09-16T14:59:15.371+0000] {processor.py:830} INFO - Processing file /home/airflow/.local/lib/python3.12/site-packages/airflow/example_dags/example_sensors.py for tasks to queue
[2025-09-16T14:59:15.374+0000] {logging_mixin.py:188} INFO - [2025-09-16T14:59:15.373+0000] {dagbag.py:545} INFO - Filling up the DagBag from /home/airflow/.local/lib/python3.12/site-packages/airflow/example_dags/example_sensors.py
[2025-09-16T14:59:15.386+0000] {processor.py:840} INFO - DAG(s) 'example_sensors' retrieved from /home/airflow/.local/lib/python3.12/site-packages/airflow/example_dags/example_sensors.py
[2025-09-16T14:59:15.421+0000] {logging_mixin.py:188} INFO - [2025-09-16T14:59:15.420+0000] {dag.py:3096} INFO - Sync 1 DAGs
[2025-09-16T14:59:15.438+0000] {logging_mixin.py:188} INFO - [2025-09-16T14:59:15.438+0000] {dag.py:3954} INFO - Setting next_dagrun for example_sensors to None, run_after=None
[2025-09-16T14:59:15.471+0000] {processor.py:183} INFO - Processing /home/airflow/.local/lib/python3.12/site-packages/airflow/example_dags/example_sensors.py took 0.110 seconds
[2025-09-16T14:59:46.352+0000] {processor.py:161} INFO - Started process (PID=748) to work on /home/airflow/.local/lib/python3.12/site-packages/airflow/example_dags/example_sensors.py
[2025-09-16T14:59:46.353+0000] {processor.py:830} INFO - Processing file /home/airflow/.local/lib/python3.12/site-packages/airflow/example_dags/example_sensors.py for tasks to queue
[2025-09-16T14:59:46.356+0000] {logging_mixin.py:188} INFO - [2025-09-16T14:59:46.356+0000] {dagbag.py:545} INFO - Filling up the DagBag from /home/airflow/.local/lib/python3.12/site-packages/airflow/example_dags/example_sensors.py
[2025-09-16T14:59:46.368+0000] {processor.py:840} INFO - DAG(s) 'example_sensors' retrieved from /home/airflow/.local/lib/python3.12/site-packages/airflow/example_dags/example_sensors.py
[2025-09-16T14:59:46.405+0000] {logging_mixin.py:188} INFO - [2025-09-16T14:59:46.404+0000] {dag.py:3096} INFO - Sync 1 DAGs
[2025-09-16T14:59:46.432+0000] {logging_mixin.py:188} INFO - [2025-09-16T14:59:46.431+0000] {dag.py:3954} INFO - Setting next_dagrun for example_sensors to None, run_after=None
[2025-09-16T14:59:46.465+0000] {processor.py:183} INFO - Processing /home/airflow/.local/lib/python3.12/site-packages/airflow/example_dags/example_sensors.py took 0.121 seconds
[2025-09-16T15:00:17.571+0000] {processor.py:161} INFO - Started process (PID=808) to work on /home/airflow/.local/lib/python3.12/site-packages/airflow/example_dags/example_sensors.py
[2025-09-16T15:00:17.572+0000] {processor.py:830} INFO - Processing file /home/airflow/.local/lib/python3.12/site-packages/airflow/example_dags/example_sensors.py for tasks to queue
[2025-09-16T15:00:17.575+0000] {logging_mixin.py:188} INFO - [2025-09-16T15:00:17.575+0000] {dagbag.py:545} INFO - Filling up the DagBag from /home/airflow/.local/lib/python3.12/site-packages/airflow/example_dags/example_sensors.py
[2025-09-16T15:00:17.588+0000] {processor.py:840} INFO - DAG(s) 'example_sensors' retrieved from /home/airflow/.local/lib/python3.12/site-packages/airflow/example_dags/example_sensors.py
[2025-09-16T15:00:17.625+0000] {logging_mixin.py:188} INFO - [2025-09-16T15:00:17.625+0000] {dag.py:3096} INFO - Sync 1 DAGs
[2025-09-16T15:00:17.646+0000] {logging_mixin.py:188} INFO - [2025-09-16T15:00:17.646+0000] {dag.py:3954} INFO - Setting next_dagrun for example_sensors to None, run_after=None
[2025-09-16T15:00:17.675+0000] {processor.py:183} INFO - Processing /home/airflow/.local/lib/python3.12/site-packages/airflow/example_dags/example_sensors.py took 0.113 seconds
[2025-09-16T15:01:50.567+0000] {processor.py:161} INFO - Started process (PID=89) to work on /home/airflow/.local/lib/python3.12/site-packages/airflow/example_dags/example_sensors.py
[2025-09-16T15:01:50.569+0000] {processor.py:830} INFO - Processing file /home/airflow/.local/lib/python3.12/site-packages/airflow/example_dags/example_sensors.py for tasks to queue
[2025-09-16T15:01:50.575+0000] {logging_mixin.py:188} INFO - [2025-09-16T15:01:50.574+0000] {dagbag.py:545} INFO - Filling up the DagBag from /home/airflow/.local/lib/python3.12/site-packages/airflow/example_dags/example_sensors.py
[2025-09-16T15:01:50.601+0000] {processor.py:840} INFO - DAG(s) 'example_sensors' retrieved from /home/airflow/.local/lib/python3.12/site-packages/airflow/example_dags/example_sensors.py
[2025-09-16T15:01:50.960+0000] {logging_mixin.py:188} INFO - [2025-09-16T15:01:50.958+0000] {dag.py:3096} INFO - Sync 1 DAGs
[2025-09-16T15:01:51.026+0000] {logging_mixin.py:188} INFO - [2025-09-16T15:01:51.025+0000] {dag.py:3954} INFO - Setting next_dagrun for example_sensors to None, run_after=None
[2025-09-16T15:01:51.127+0000] {processor.py:183} INFO - Processing /home/airflow/.local/lib/python3.12/site-packages/airflow/example_dags/example_sensors.py took 0.573 seconds
[2025-09-16T15:02:21.367+0000] {processor.py:161} INFO - Started process (PID=149) to work on /home/airflow/.local/lib/python3.12/site-packages/airflow/example_dags/example_sensors.py
[2025-09-16T15:02:21.369+0000] {processor.py:830} INFO - Processing file /home/airflow/.local/lib/python3.12/site-packages/airflow/example_dags/example_sensors.py for tasks to queue
[2025-09-16T15:02:21.372+0000] {logging_mixin.py:188} INFO - [2025-09-16T15:02:21.371+0000] {dagbag.py:545} INFO - Filling up the DagBag from /home/airflow/.local/lib/python3.12/site-packages/airflow/example_dags/example_sensors.py
[2025-09-16T15:02:21.386+0000] {processor.py:840} INFO - DAG(s) 'example_sensors' retrieved from /home/airflow/.local/lib/python3.12/site-packages/airflow/example_dags/example_sensors.py
[2025-09-16T15:02:21.404+0000] {logging_mixin.py:188} INFO - [2025-09-16T15:02:21.404+0000] {dag.py:3096} INFO - Sync 1 DAGs
[2025-09-16T15:02:21.425+0000] {logging_mixin.py:188} INFO - [2025-09-16T15:02:21.424+0000] {dag.py:3954} INFO - Setting next_dagrun for example_sensors to None, run_after=None
[2025-09-16T15:02:21.455+0000] {processor.py:183} INFO - Processing /home/airflow/.local/lib/python3.12/site-packages/airflow/example_dags/example_sensors.py took 0.097 seconds
[2025-09-16T15:02:51.993+0000] {processor.py:161} INFO - Started process (PID=209) to work on /home/airflow/.local/lib/python3.12/site-packages/airflow/example_dags/example_sensors.py
[2025-09-16T15:02:51.995+0000] {processor.py:830} INFO - Processing file /home/airflow/.local/lib/python3.12/site-packages/airflow/example_dags/example_sensors.py for tasks to queue
[2025-09-16T15:02:51.998+0000] {logging_mixin.py:188} INFO - [2025-09-16T15:02:51.997+0000] {dagbag.py:545} INFO - Filling up the DagBag from /home/airflow/.local/lib/python3.12/site-packages/airflow/example_dags/example_sensors.py
[2025-09-16T15:02:52.009+0000] {processor.py:840} INFO - DAG(s) 'example_sensors' retrieved from /home/airflow/.local/lib/python3.12/site-packages/airflow/example_dags/example_sensors.py
[2025-09-16T15:02:52.143+0000] {logging_mixin.py:188} INFO - [2025-09-16T15:02:52.142+0000] {dag.py:3096} INFO - Sync 1 DAGs
[2025-09-16T15:02:52.155+0000] {logging_mixin.py:188} INFO - [2025-09-16T15:02:52.154+0000] {dag.py:3954} INFO - Setting next_dagrun for example_sensors to None, run_after=None
[2025-09-16T15:02:52.179+0000] {processor.py:183} INFO - Processing /home/airflow/.local/lib/python3.12/site-packages/airflow/example_dags/example_sensors.py took 0.194 seconds
[2025-09-16T15:03:23.417+0000] {processor.py:161} INFO - Started process (PID=269) to work on /home/airflow/.local/lib/python3.12/site-packages/airflow/example_dags/example_sensors.py
[2025-09-16T15:03:23.419+0000] {processor.py:830} INFO - Processing file /home/airflow/.local/lib/python3.12/site-packages/airflow/example_dags/example_sensors.py for tasks to queue
[2025-09-16T15:03:23.422+0000] {logging_mixin.py:188} INFO - [2025-09-16T15:03:23.421+0000] {dagbag.py:545} INFO - Filling up the DagBag from /home/airflow/.local/lib/python3.12/site-packages/airflow/example_dags/example_sensors.py
[2025-09-16T15:03:23.435+0000] {processor.py:840} INFO - DAG(s) 'example_sensors' retrieved from /home/airflow/.local/lib/python3.12/site-packages/airflow/example_dags/example_sensors.py
[2025-09-16T15:03:23.476+0000] {logging_mixin.py:188} INFO - [2025-09-16T15:03:23.476+0000] {dag.py:3096} INFO - Sync 1 DAGs
[2025-09-16T15:03:23.496+0000] {logging_mixin.py:188} INFO - [2025-09-16T15:03:23.496+0000] {dag.py:3954} INFO - Setting next_dagrun for example_sensors to None, run_after=None
[2025-09-16T15:03:23.528+0000] {processor.py:183} INFO - Processing /home/airflow/.local/lib/python3.12/site-packages/airflow/example_dags/example_sensors.py took 0.121 seconds
[2025-09-16T15:03:54.650+0000] {processor.py:161} INFO - Started process (PID=329) to work on /home/airflow/.local/lib/python3.12/site-packages/airflow/example_dags/example_sensors.py
[2025-09-16T15:03:54.652+0000] {processor.py:830} INFO - Processing file /home/airflow/.local/lib/python3.12/site-packages/airflow/example_dags/example_sensors.py for tasks to queue
[2025-09-16T15:03:54.655+0000] {logging_mixin.py:188} INFO - [2025-09-16T15:03:54.655+0000] {dagbag.py:545} INFO - Filling up the DagBag from /home/airflow/.local/lib/python3.12/site-packages/airflow/example_dags/example_sensors.py
[2025-09-16T15:03:54.670+0000] {processor.py:840} INFO - DAG(s) 'example_sensors' retrieved from /home/airflow/.local/lib/python3.12/site-packages/airflow/example_dags/example_sensors.py
[2025-09-16T15:03:54.708+0000] {logging_mixin.py:188} INFO - [2025-09-16T15:03:54.708+0000] {dag.py:3096} INFO - Sync 1 DAGs
[2025-09-16T15:03:54.727+0000] {logging_mixin.py:188} INFO - [2025-09-16T15:03:54.727+0000] {dag.py:3954} INFO - Setting next_dagrun for example_sensors to None, run_after=None
[2025-09-16T15:03:54.756+0000] {processor.py:183} INFO - Processing /home/airflow/.local/lib/python3.12/site-packages/airflow/example_dags/example_sensors.py took 0.115 seconds
[2025-09-16T15:04:25.719+0000] {processor.py:161} INFO - Started process (PID=389) to work on /home/airflow/.local/lib/python3.12/site-packages/airflow/example_dags/example_sensors.py
[2025-09-16T15:04:25.721+0000] {processor.py:830} INFO - Processing file /home/airflow/.local/lib/python3.12/site-packages/airflow/example_dags/example_sensors.py for tasks to queue
[2025-09-16T15:04:25.723+0000] {logging_mixin.py:188} INFO - [2025-09-16T15:04:25.723+0000] {dagbag.py:545} INFO - Filling up the DagBag from /home/airflow/.local/lib/python3.12/site-packages/airflow/example_dags/example_sensors.py
[2025-09-16T15:04:25.734+0000] {processor.py:840} INFO - DAG(s) 'example_sensors' retrieved from /home/airflow/.local/lib/python3.12/site-packages/airflow/example_dags/example_sensors.py
[2025-09-16T15:04:25.770+0000] {logging_mixin.py:188} INFO - [2025-09-16T15:04:25.769+0000] {dag.py:3096} INFO - Sync 1 DAGs
[2025-09-16T15:04:25.797+0000] {logging_mixin.py:188} INFO - [2025-09-16T15:04:25.797+0000] {dag.py:3954} INFO - Setting next_dagrun for example_sensors to None, run_after=None
[2025-09-16T15:04:25.842+0000] {processor.py:183} INFO - Processing /home/airflow/.local/lib/python3.12/site-packages/airflow/example_dags/example_sensors.py took 0.131 seconds
[2025-09-16T15:04:56.405+0000] {processor.py:161} INFO - Started process (PID=449) to work on /home/airflow/.local/lib/python3.12/site-packages/airflow/example_dags/example_sensors.py
[2025-09-16T15:04:56.406+0000] {processor.py:830} INFO - Processing file /home/airflow/.local/lib/python3.12/site-packages/airflow/example_dags/example_sensors.py for tasks to queue
[2025-09-16T15:04:56.409+0000] {logging_mixin.py:188} INFO - [2025-09-16T15:04:56.409+0000] {dagbag.py:545} INFO - Filling up the DagBag from /home/airflow/.local/lib/python3.12/site-packages/airflow/example_dags/example_sensors.py
[2025-09-16T15:04:56.421+0000] {processor.py:840} INFO - DAG(s) 'example_sensors' retrieved from /home/airflow/.local/lib/python3.12/site-packages/airflow/example_dags/example_sensors.py
[2025-09-16T15:04:56.454+0000] {logging_mixin.py:188} INFO - [2025-09-16T15:04:56.454+0000] {dag.py:3096} INFO - Sync 1 DAGs
[2025-09-16T15:04:56.470+0000] {logging_mixin.py:188} INFO - [2025-09-16T15:04:56.470+0000] {dag.py:3954} INFO - Setting next_dagrun for example_sensors to None, run_after=None
[2025-09-16T15:04:56.500+0000] {processor.py:183} INFO - Processing /home/airflow/.local/lib/python3.12/site-packages/airflow/example_dags/example_sensors.py took 0.103 seconds
[2025-09-16T15:05:26.782+0000] {processor.py:161} INFO - Started process (PID=506) to work on /home/airflow/.local/lib/python3.12/site-packages/airflow/example_dags/example_sensors.py
[2025-09-16T15:05:26.783+0000] {processor.py:830} INFO - Processing file /home/airflow/.local/lib/python3.12/site-packages/airflow/example_dags/example_sensors.py for tasks to queue
[2025-09-16T15:05:26.786+0000] {logging_mixin.py:188} INFO - [2025-09-16T15:05:26.786+0000] {dagbag.py:545} INFO - Filling up the DagBag from /home/airflow/.local/lib/python3.12/site-packages/airflow/example_dags/example_sensors.py
[2025-09-16T15:05:26.798+0000] {processor.py:840} INFO - DAG(s) 'example_sensors' retrieved from /home/airflow/.local/lib/python3.12/site-packages/airflow/example_dags/example_sensors.py
[2025-09-16T15:05:26.840+0000] {logging_mixin.py:188} INFO - [2025-09-16T15:05:26.840+0000] {dag.py:3096} INFO - Sync 1 DAGs
[2025-09-16T15:05:26.864+0000] {logging_mixin.py:188} INFO - [2025-09-16T15:05:26.864+0000] {dag.py:3954} INFO - Setting next_dagrun for example_sensors to None, run_after=None
[2025-09-16T15:05:26.897+0000] {processor.py:183} INFO - Processing /home/airflow/.local/lib/python3.12/site-packages/airflow/example_dags/example_sensors.py took 0.120 seconds
[2025-09-16T15:05:57.325+0000] {processor.py:161} INFO - Started process (PID=566) to work on /home/airflow/.local/lib/python3.12/site-packages/airflow/example_dags/example_sensors.py
[2025-09-16T15:05:57.326+0000] {processor.py:830} INFO - Processing file /home/airflow/.local/lib/python3.12/site-packages/airflow/example_dags/example_sensors.py for tasks to queue
[2025-09-16T15:05:57.329+0000] {logging_mixin.py:188} INFO - [2025-09-16T15:05:57.328+0000] {dagbag.py:545} INFO - Filling up the DagBag from /home/airflow/.local/lib/python3.12/site-packages/airflow/example_dags/example_sensors.py
[2025-09-16T15:05:57.339+0000] {processor.py:840} INFO - DAG(s) 'example_sensors' retrieved from /home/airflow/.local/lib/python3.12/site-packages/airflow/example_dags/example_sensors.py
[2025-09-16T15:05:57.373+0000] {logging_mixin.py:188} INFO - [2025-09-16T15:05:57.373+0000] {dag.py:3096} INFO - Sync 1 DAGs
[2025-09-16T15:05:57.391+0000] {logging_mixin.py:188} INFO - [2025-09-16T15:05:57.391+0000] {dag.py:3954} INFO - Setting next_dagrun for example_sensors to None, run_after=None
[2025-09-16T15:05:57.420+0000] {processor.py:183} INFO - Processing /home/airflow/.local/lib/python3.12/site-packages/airflow/example_dags/example_sensors.py took 0.102 seconds
[2025-09-16T15:06:28.037+0000] {processor.py:161} INFO - Started process (PID=626) to work on /home/airflow/.local/lib/python3.12/site-packages/airflow/example_dags/example_sensors.py
[2025-09-16T15:06:28.039+0000] {processor.py:830} INFO - Processing file /home/airflow/.local/lib/python3.12/site-packages/airflow/example_dags/example_sensors.py for tasks to queue
[2025-09-16T15:06:28.041+0000] {logging_mixin.py:188} INFO - [2025-09-16T15:06:28.041+0000] {dagbag.py:545} INFO - Filling up the DagBag from /home/airflow/.local/lib/python3.12/site-packages/airflow/example_dags/example_sensors.py
[2025-09-16T15:06:28.052+0000] {processor.py:840} INFO - DAG(s) 'example_sensors' retrieved from /home/airflow/.local/lib/python3.12/site-packages/airflow/example_dags/example_sensors.py
[2025-09-16T15:06:28.094+0000] {logging_mixin.py:188} INFO - [2025-09-16T15:06:28.093+0000] {dag.py:3096} INFO - Sync 1 DAGs
[2025-09-16T15:06:28.111+0000] {logging_mixin.py:188} INFO - [2025-09-16T15:06:28.111+0000] {dag.py:3954} INFO - Setting next_dagrun for example_sensors to None, run_after=None
[2025-09-16T15:06:28.141+0000] {processor.py:183} INFO - Processing /home/airflow/.local/lib/python3.12/site-packages/airflow/example_dags/example_sensors.py took 0.110 seconds
[2025-09-16T15:06:58.537+0000] {processor.py:161} INFO - Started process (PID=686) to work on /home/airflow/.local/lib/python3.12/site-packages/airflow/example_dags/example_sensors.py
[2025-09-16T15:06:58.538+0000] {processor.py:830} INFO - Processing file /home/airflow/.local/lib/python3.12/site-packages/airflow/example_dags/example_sensors.py for tasks to queue
[2025-09-16T15:06:58.541+0000] {logging_mixin.py:188} INFO - [2025-09-16T15:06:58.540+0000] {dagbag.py:545} INFO - Filling up the DagBag from /home/airflow/.local/lib/python3.12/site-packages/airflow/example_dags/example_sensors.py
[2025-09-16T15:06:58.551+0000] {processor.py:840} INFO - DAG(s) 'example_sensors' retrieved from /home/airflow/.local/lib/python3.12/site-packages/airflow/example_dags/example_sensors.py
[2025-09-16T15:06:58.583+0000] {logging_mixin.py:188} INFO - [2025-09-16T15:06:58.583+0000] {dag.py:3096} INFO - Sync 1 DAGs
[2025-09-16T15:06:58.601+0000] {logging_mixin.py:188} INFO - [2025-09-16T15:06:58.601+0000] {dag.py:3954} INFO - Setting next_dagrun for example_sensors to None, run_after=None
[2025-09-16T15:06:58.628+0000] {processor.py:183} INFO - Processing /home/airflow/.local/lib/python3.12/site-packages/airflow/example_dags/example_sensors.py took 0.097 seconds
[2025-09-16T15:07:28.951+0000] {processor.py:161} INFO - Started process (PID=746) to work on /home/airflow/.local/lib/python3.12/site-packages/airflow/example_dags/example_sensors.py
[2025-09-16T15:07:28.953+0000] {processor.py:830} INFO - Processing file /home/airflow/.local/lib/python3.12/site-packages/airflow/example_dags/example_sensors.py for tasks to queue
[2025-09-16T15:07:28.956+0000] {logging_mixin.py:188} INFO - [2025-09-16T15:07:28.955+0000] {dagbag.py:545} INFO - Filling up the DagBag from /home/airflow/.local/lib/python3.12/site-packages/airflow/example_dags/example_sensors.py
[2025-09-16T15:07:28.968+0000] {processor.py:840} INFO - DAG(s) 'example_sensors' retrieved from /home/airflow/.local/lib/python3.12/site-packages/airflow/example_dags/example_sensors.py
[2025-09-16T15:07:29.002+0000] {logging_mixin.py:188} INFO - [2025-09-16T15:07:29.002+0000] {dag.py:3096} INFO - Sync 1 DAGs
[2025-09-16T15:07:29.020+0000] {logging_mixin.py:188} INFO - [2025-09-16T15:07:29.020+0000] {dag.py:3954} INFO - Setting next_dagrun for example_sensors to None, run_after=None
[2025-09-16T15:07:29.050+0000] {processor.py:183} INFO - Processing /home/airflow/.local/lib/python3.12/site-packages/airflow/example_dags/example_sensors.py took 0.108 seconds
[2025-09-16T15:07:59.207+0000] {processor.py:161} INFO - Started process (PID=806) to work on /home/airflow/.local/lib/python3.12/site-packages/airflow/example_dags/example_sensors.py
[2025-09-16T15:07:59.209+0000] {processor.py:830} INFO - Processing file /home/airflow/.local/lib/python3.12/site-packages/airflow/example_dags/example_sensors.py for tasks to queue
[2025-09-16T15:07:59.212+0000] {logging_mixin.py:188} INFO - [2025-09-16T15:07:59.211+0000] {dagbag.py:545} INFO - Filling up the DagBag from /home/airflow/.local/lib/python3.12/site-packages/airflow/example_dags/example_sensors.py
[2025-09-16T15:07:59.222+0000] {processor.py:840} INFO - DAG(s) 'example_sensors' retrieved from /home/airflow/.local/lib/python3.12/site-packages/airflow/example_dags/example_sensors.py
[2025-09-16T15:07:59.257+0000] {logging_mixin.py:188} INFO - [2025-09-16T15:07:59.256+0000] {dag.py:3096} INFO - Sync 1 DAGs
[2025-09-16T15:07:59.276+0000] {logging_mixin.py:188} INFO - [2025-09-16T15:07:59.276+0000] {dag.py:3954} INFO - Setting next_dagrun for example_sensors to None, run_after=None
[2025-09-16T15:07:59.315+0000] {processor.py:183} INFO - Processing /home/airflow/.local/lib/python3.12/site-packages/airflow/example_dags/example_sensors.py took 0.115 seconds
[2025-09-16T15:08:29.584+0000] {processor.py:161} INFO - Started process (PID=866) to work on /home/airflow/.local/lib/python3.12/site-packages/airflow/example_dags/example_sensors.py
[2025-09-16T15:08:29.586+0000] {processor.py:830} INFO - Processing file /home/airflow/.local/lib/python3.12/site-packages/airflow/example_dags/example_sensors.py for tasks to queue
[2025-09-16T15:08:29.591+0000] {logging_mixin.py:188} INFO - [2025-09-16T15:08:29.590+0000] {dagbag.py:545} INFO - Filling up the DagBag from /home/airflow/.local/lib/python3.12/site-packages/airflow/example_dags/example_sensors.py
[2025-09-16T15:08:29.606+0000] {processor.py:840} INFO - DAG(s) 'example_sensors' retrieved from /home/airflow/.local/lib/python3.12/site-packages/airflow/example_dags/example_sensors.py
[2025-09-16T15:08:29.646+0000] {logging_mixin.py:188} INFO - [2025-09-16T15:08:29.646+0000] {dag.py:3096} INFO - Sync 1 DAGs
[2025-09-16T15:08:29.667+0000] {logging_mixin.py:188} INFO - [2025-09-16T15:08:29.667+0000] {dag.py:3954} INFO - Setting next_dagrun for example_sensors to None, run_after=None
[2025-09-16T15:08:29.698+0000] {processor.py:183} INFO - Processing /home/airflow/.local/lib/python3.12/site-packages/airflow/example_dags/example_sensors.py took 0.122 seconds
[2025-09-16T15:08:59.798+0000] {processor.py:161} INFO - Started process (PID=926) to work on /home/airflow/.local/lib/python3.12/site-packages/airflow/example_dags/example_sensors.py
[2025-09-16T15:08:59.801+0000] {processor.py:830} INFO - Processing file /home/airflow/.local/lib/python3.12/site-packages/airflow/example_dags/example_sensors.py for tasks to queue
[2025-09-16T15:08:59.803+0000] {logging_mixin.py:188} INFO - [2025-09-16T15:08:59.803+0000] {dagbag.py:545} INFO - Filling up the DagBag from /home/airflow/.local/lib/python3.12/site-packages/airflow/example_dags/example_sensors.py
[2025-09-16T15:08:59.817+0000] {processor.py:840} INFO - DAG(s) 'example_sensors' retrieved from /home/airflow/.local/lib/python3.12/site-packages/airflow/example_dags/example_sensors.py
[2025-09-16T15:08:59.861+0000] {logging_mixin.py:188} INFO - [2025-09-16T15:08:59.860+0000] {dag.py:3096} INFO - Sync 1 DAGs
[2025-09-16T15:08:59.888+0000] {logging_mixin.py:188} INFO - [2025-09-16T15:08:59.887+0000] {dag.py:3954} INFO - Setting next_dagrun for example_sensors to None, run_after=None
[2025-09-16T15:08:59.925+0000] {processor.py:183} INFO - Processing /home/airflow/.local/lib/python3.12/site-packages/airflow/example_dags/example_sensors.py took 0.135 seconds
[2025-09-16T15:09:30.009+0000] {processor.py:161} INFO - Started process (PID=985) to work on /home/airflow/.local/lib/python3.12/site-packages/airflow/example_dags/example_sensors.py
[2025-09-16T15:09:30.010+0000] {processor.py:830} INFO - Processing file /home/airflow/.local/lib/python3.12/site-packages/airflow/example_dags/example_sensors.py for tasks to queue
[2025-09-16T15:09:30.013+0000] {logging_mixin.py:188} INFO - [2025-09-16T15:09:30.012+0000] {dagbag.py:545} INFO - Filling up the DagBag from /home/airflow/.local/lib/python3.12/site-packages/airflow/example_dags/example_sensors.py
[2025-09-16T15:09:30.024+0000] {processor.py:840} INFO - DAG(s) 'example_sensors' retrieved from /home/airflow/.local/lib/python3.12/site-packages/airflow/example_dags/example_sensors.py
[2025-09-16T15:09:30.060+0000] {logging_mixin.py:188} INFO - [2025-09-16T15:09:30.060+0000] {dag.py:3096} INFO - Sync 1 DAGs
[2025-09-16T15:09:30.079+0000] {logging_mixin.py:188} INFO - [2025-09-16T15:09:30.078+0000] {dag.py:3954} INFO - Setting next_dagrun for example_sensors to None, run_after=None
[2025-09-16T15:09:30.107+0000] {processor.py:183} INFO - Processing /home/airflow/.local/lib/python3.12/site-packages/airflow/example_dags/example_sensors.py took 0.107 seconds
[2025-09-16T15:10:00.271+0000] {processor.py:161} INFO - Started process (PID=1045) to work on /home/airflow/.local/lib/python3.12/site-packages/airflow/example_dags/example_sensors.py
[2025-09-16T15:10:00.273+0000] {processor.py:830} INFO - Processing file /home/airflow/.local/lib/python3.12/site-packages/airflow/example_dags/example_sensors.py for tasks to queue
[2025-09-16T15:10:00.275+0000] {logging_mixin.py:188} INFO - [2025-09-16T15:10:00.275+0000] {dagbag.py:545} INFO - Filling up the DagBag from /home/airflow/.local/lib/python3.12/site-packages/airflow/example_dags/example_sensors.py
[2025-09-16T15:10:00.286+0000] {processor.py:840} INFO - DAG(s) 'example_sensors' retrieved from /home/airflow/.local/lib/python3.12/site-packages/airflow/example_dags/example_sensors.py
[2025-09-16T15:10:00.318+0000] {logging_mixin.py:188} INFO - [2025-09-16T15:10:00.317+0000] {dag.py:3096} INFO - Sync 1 DAGs
[2025-09-16T15:10:00.335+0000] {logging_mixin.py:188} INFO - [2025-09-16T15:10:00.334+0000] {dag.py:3954} INFO - Setting next_dagrun for example_sensors to None, run_after=None
[2025-09-16T15:10:00.359+0000] {processor.py:183} INFO - Processing /home/airflow/.local/lib/python3.12/site-packages/airflow/example_dags/example_sensors.py took 0.095 seconds
[2025-09-16T15:10:30.680+0000] {processor.py:161} INFO - Started process (PID=1105) to work on /home/airflow/.local/lib/python3.12/site-packages/airflow/example_dags/example_sensors.py
[2025-09-16T15:10:30.682+0000] {processor.py:830} INFO - Processing file /home/airflow/.local/lib/python3.12/site-packages/airflow/example_dags/example_sensors.py for tasks to queue
[2025-09-16T15:10:30.684+0000] {logging_mixin.py:188} INFO - [2025-09-16T15:10:30.684+0000] {dagbag.py:545} INFO - Filling up the DagBag from /home/airflow/.local/lib/python3.12/site-packages/airflow/example_dags/example_sensors.py
[2025-09-16T15:10:30.694+0000] {processor.py:840} INFO - DAG(s) 'example_sensors' retrieved from /home/airflow/.local/lib/python3.12/site-packages/airflow/example_dags/example_sensors.py
[2025-09-16T15:10:30.732+0000] {logging_mixin.py:188} INFO - [2025-09-16T15:10:30.732+0000] {dag.py:3096} INFO - Sync 1 DAGs
[2025-09-16T15:10:30.752+0000] {logging_mixin.py:188} INFO - [2025-09-16T15:10:30.751+0000] {dag.py:3954} INFO - Setting next_dagrun for example_sensors to None, run_after=None
[2025-09-16T15:10:30.779+0000] {processor.py:183} INFO - Processing /home/airflow/.local/lib/python3.12/site-packages/airflow/example_dags/example_sensors.py took 0.107 seconds
[2025-09-16T15:11:01.426+0000] {processor.py:161} INFO - Started process (PID=1165) to work on /home/airflow/.local/lib/python3.12/site-packages/airflow/example_dags/example_sensors.py
[2025-09-16T15:11:01.429+0000] {processor.py:830} INFO - Processing file /home/airflow/.local/lib/python3.12/site-packages/airflow/example_dags/example_sensors.py for tasks to queue
[2025-09-16T15:11:01.433+0000] {logging_mixin.py:188} INFO - [2025-09-16T15:11:01.433+0000] {dagbag.py:545} INFO - Filling up the DagBag from /home/airflow/.local/lib/python3.12/site-packages/airflow/example_dags/example_sensors.py
[2025-09-16T15:11:01.443+0000] {processor.py:840} INFO - DAG(s) 'example_sensors' retrieved from /home/airflow/.local/lib/python3.12/site-packages/airflow/example_dags/example_sensors.py
[2025-09-16T15:11:01.475+0000] {logging_mixin.py:188} INFO - [2025-09-16T15:11:01.475+0000] {dag.py:3096} INFO - Sync 1 DAGs
[2025-09-16T15:11:01.493+0000] {logging_mixin.py:188} INFO - [2025-09-16T15:11:01.493+0000] {dag.py:3954} INFO - Setting next_dagrun for example_sensors to None, run_after=None
[2025-09-16T15:11:01.517+0000] {processor.py:183} INFO - Processing /home/airflow/.local/lib/python3.12/site-packages/airflow/example_dags/example_sensors.py took 0.096 seconds
[2025-09-16T15:11:31.980+0000] {processor.py:161} INFO - Started process (PID=1225) to work on /home/airflow/.local/lib/python3.12/site-packages/airflow/example_dags/example_sensors.py
[2025-09-16T15:11:31.982+0000] {processor.py:830} INFO - Processing file /home/airflow/.local/lib/python3.12/site-packages/airflow/example_dags/example_sensors.py for tasks to queue
[2025-09-16T15:11:31.986+0000] {logging_mixin.py:188} INFO - [2025-09-16T15:11:31.986+0000] {dagbag.py:545} INFO - Filling up the DagBag from /home/airflow/.local/lib/python3.12/site-packages/airflow/example_dags/example_sensors.py
[2025-09-16T15:11:31.996+0000] {processor.py:840} INFO - DAG(s) 'example_sensors' retrieved from /home/airflow/.local/lib/python3.12/site-packages/airflow/example_dags/example_sensors.py
[2025-09-16T15:11:32.027+0000] {logging_mixin.py:188} INFO - [2025-09-16T15:11:32.027+0000] {dag.py:3096} INFO - Sync 1 DAGs
[2025-09-16T15:11:32.044+0000] {logging_mixin.py:188} INFO - [2025-09-16T15:11:32.044+0000] {dag.py:3954} INFO - Setting next_dagrun for example_sensors to None, run_after=None
[2025-09-16T15:11:32.068+0000] {processor.py:183} INFO - Processing /home/airflow/.local/lib/python3.12/site-packages/airflow/example_dags/example_sensors.py took 0.093 seconds
[2025-09-16T15:12:02.516+0000] {processor.py:161} INFO - Started process (PID=1285) to work on /home/airflow/.local/lib/python3.12/site-packages/airflow/example_dags/example_sensors.py
[2025-09-16T15:12:02.518+0000] {processor.py:830} INFO - Processing file /home/airflow/.local/lib/python3.12/site-packages/airflow/example_dags/example_sensors.py for tasks to queue
[2025-09-16T15:12:02.522+0000] {logging_mixin.py:188} INFO - [2025-09-16T15:12:02.521+0000] {dagbag.py:545} INFO - Filling up the DagBag from /home/airflow/.local/lib/python3.12/site-packages/airflow/example_dags/example_sensors.py
[2025-09-16T15:12:02.532+0000] {processor.py:840} INFO - DAG(s) 'example_sensors' retrieved from /home/airflow/.local/lib/python3.12/site-packages/airflow/example_dags/example_sensors.py
[2025-09-16T15:12:02.563+0000] {logging_mixin.py:188} INFO - [2025-09-16T15:12:02.563+0000] {dag.py:3096} INFO - Sync 1 DAGs
[2025-09-16T15:12:02.584+0000] {logging_mixin.py:188} INFO - [2025-09-16T15:12:02.584+0000] {dag.py:3954} INFO - Setting next_dagrun for example_sensors to None, run_after=None
[2025-09-16T15:12:02.611+0000] {processor.py:183} INFO - Processing /home/airflow/.local/lib/python3.12/site-packages/airflow/example_dags/example_sensors.py took 0.101 seconds
[2025-09-16T15:12:33.135+0000] {processor.py:161} INFO - Started process (PID=1345) to work on /home/airflow/.local/lib/python3.12/site-packages/airflow/example_dags/example_sensors.py
[2025-09-16T15:12:33.136+0000] {processor.py:830} INFO - Processing file /home/airflow/.local/lib/python3.12/site-packages/airflow/example_dags/example_sensors.py for tasks to queue
[2025-09-16T15:12:33.139+0000] {logging_mixin.py:188} INFO - [2025-09-16T15:12:33.139+0000] {dagbag.py:545} INFO - Filling up the DagBag from /home/airflow/.local/lib/python3.12/site-packages/airflow/example_dags/example_sensors.py
[2025-09-16T15:12:33.150+0000] {processor.py:840} INFO - DAG(s) 'example_sensors' retrieved from /home/airflow/.local/lib/python3.12/site-packages/airflow/example_dags/example_sensors.py
[2025-09-16T15:12:33.187+0000] {logging_mixin.py:188} INFO - [2025-09-16T15:12:33.187+0000] {dag.py:3096} INFO - Sync 1 DAGs
[2025-09-16T15:12:33.206+0000] {logging_mixin.py:188} INFO - [2025-09-16T15:12:33.206+0000] {dag.py:3954} INFO - Setting next_dagrun for example_sensors to None, run_after=None
[2025-09-16T15:12:33.252+0000] {processor.py:183} INFO - Processing /home/airflow/.local/lib/python3.12/site-packages/airflow/example_dags/example_sensors.py took 0.124 seconds
[2025-09-16T15:13:03.728+0000] {processor.py:161} INFO - Started process (PID=1405) to work on /home/airflow/.local/lib/python3.12/site-packages/airflow/example_dags/example_sensors.py
[2025-09-16T15:13:03.730+0000] {processor.py:830} INFO - Processing file /home/airflow/.local/lib/python3.12/site-packages/airflow/example_dags/example_sensors.py for tasks to queue
[2025-09-16T15:13:03.733+0000] {logging_mixin.py:188} INFO - [2025-09-16T15:13:03.733+0000] {dagbag.py:545} INFO - Filling up the DagBag from /home/airflow/.local/lib/python3.12/site-packages/airflow/example_dags/example_sensors.py
[2025-09-16T15:13:03.746+0000] {processor.py:840} INFO - DAG(s) 'example_sensors' retrieved from /home/airflow/.local/lib/python3.12/site-packages/airflow/example_dags/example_sensors.py
[2025-09-16T15:13:03.792+0000] {logging_mixin.py:188} INFO - [2025-09-16T15:13:03.792+0000] {dag.py:3096} INFO - Sync 1 DAGs
[2025-09-16T15:13:03.820+0000] {logging_mixin.py:188} INFO - [2025-09-16T15:13:03.820+0000] {dag.py:3954} INFO - Setting next_dagrun for example_sensors to None, run_after=None
[2025-09-16T15:13:03.857+0000] {processor.py:183} INFO - Processing /home/airflow/.local/lib/python3.12/site-packages/airflow/example_dags/example_sensors.py took 0.136 seconds
[2025-09-16T15:13:34.175+0000] {processor.py:161} INFO - Started process (PID=1465) to work on /home/airflow/.local/lib/python3.12/site-packages/airflow/example_dags/example_sensors.py
[2025-09-16T15:13:34.178+0000] {processor.py:830} INFO - Processing file /home/airflow/.local/lib/python3.12/site-packages/airflow/example_dags/example_sensors.py for tasks to queue
[2025-09-16T15:13:34.184+0000] {logging_mixin.py:188} INFO - [2025-09-16T15:13:34.182+0000] {dagbag.py:545} INFO - Filling up the DagBag from /home/airflow/.local/lib/python3.12/site-packages/airflow/example_dags/example_sensors.py
[2025-09-16T15:13:34.208+0000] {processor.py:840} INFO - DAG(s) 'example_sensors' retrieved from /home/airflow/.local/lib/python3.12/site-packages/airflow/example_dags/example_sensors.py
[2025-09-16T15:13:34.293+0000] {logging_mixin.py:188} INFO - [2025-09-16T15:13:34.292+0000] {dag.py:3096} INFO - Sync 1 DAGs
[2025-09-16T15:13:34.333+0000] {logging_mixin.py:188} INFO - [2025-09-16T15:13:34.333+0000] {dag.py:3954} INFO - Setting next_dagrun for example_sensors to None, run_after=None
[2025-09-16T15:13:34.388+0000] {processor.py:183} INFO - Processing /home/airflow/.local/lib/python3.12/site-packages/airflow/example_dags/example_sensors.py took 0.231 seconds
