[2025-09-16T14:08:00.471+0000] {processor.py:161} INFO - Started process (PID=166) to work on /home/airflow/.local/lib/python3.12/site-packages/airflow/example_dags/example_task_group_decorator.py
[2025-09-16T14:08:00.482+0000] {processor.py:830} INFO - Processing file /home/airflow/.local/lib/python3.12/site-packages/airflow/example_dags/example_task_group_decorator.py for tasks to queue
[2025-09-16T14:08:00.495+0000] {logging_mixin.py:188} INFO - [2025-09-16T14:08:00.494+0000] {dagbag.py:545} INFO - Filling up the DagBag from /home/airflow/.local/lib/python3.12/site-packages/airflow/example_dags/example_task_group_decorator.py
[2025-09-16T14:08:00.548+0000] {processor.py:840} INFO - DAG(s) 'example_task_group_decorator' retrieved from /home/airflow/.local/lib/python3.12/site-packages/airflow/example_dags/example_task_group_decorator.py
[2025-09-16T14:08:00.588+0000] {logging_mixin.py:188} INFO - [2025-09-16T14:08:00.588+0000] {dag.py:3096} INFO - Sync 1 DAGs
[2025-09-16T14:08:00.661+0000] {logging_mixin.py:188} INFO - [2025-09-16T14:08:00.660+0000] {dag.py:3954} INFO - Setting next_dagrun for example_task_group_decorator to 2025-09-15 00:00:00+00:00, run_after=2025-09-16 00:00:00+00:00
[2025-09-16T14:08:00.725+0000] {processor.py:183} INFO - Processing /home/airflow/.local/lib/python3.12/site-packages/airflow/example_dags/example_task_group_decorator.py took 0.307 seconds
[2025-09-16T14:08:31.334+0000] {processor.py:161} INFO - Started process (PID=226) to work on /home/airflow/.local/lib/python3.12/site-packages/airflow/example_dags/example_task_group_decorator.py
[2025-09-16T14:08:31.337+0000] {processor.py:830} INFO - Processing file /home/airflow/.local/lib/python3.12/site-packages/airflow/example_dags/example_task_group_decorator.py for tasks to queue
[2025-09-16T14:08:31.340+0000] {logging_mixin.py:188} INFO - [2025-09-16T14:08:31.340+0000] {dagbag.py:545} INFO - Filling up the DagBag from /home/airflow/.local/lib/python3.12/site-packages/airflow/example_dags/example_task_group_decorator.py
[2025-09-16T14:08:31.364+0000] {processor.py:840} INFO - DAG(s) 'example_task_group_decorator' retrieved from /home/airflow/.local/lib/python3.12/site-packages/airflow/example_dags/example_task_group_decorator.py
[2025-09-16T14:08:31.521+0000] {logging_mixin.py:188} INFO - [2025-09-16T14:08:31.520+0000] {dag.py:3096} INFO - Sync 1 DAGs
[2025-09-16T14:08:31.547+0000] {logging_mixin.py:188} INFO - [2025-09-16T14:08:31.547+0000] {dag.py:3954} INFO - Setting next_dagrun for example_task_group_decorator to 2025-09-15 00:00:00+00:00, run_after=2025-09-16 00:00:00+00:00
[2025-09-16T14:08:31.575+0000] {processor.py:183} INFO - Processing /home/airflow/.local/lib/python3.12/site-packages/airflow/example_dags/example_task_group_decorator.py took 0.250 seconds
[2025-09-16T14:09:02.245+0000] {processor.py:161} INFO - Started process (PID=286) to work on /home/airflow/.local/lib/python3.12/site-packages/airflow/example_dags/example_task_group_decorator.py
[2025-09-16T14:09:02.247+0000] {processor.py:830} INFO - Processing file /home/airflow/.local/lib/python3.12/site-packages/airflow/example_dags/example_task_group_decorator.py for tasks to queue
[2025-09-16T14:09:02.249+0000] {logging_mixin.py:188} INFO - [2025-09-16T14:09:02.249+0000] {dagbag.py:545} INFO - Filling up the DagBag from /home/airflow/.local/lib/python3.12/site-packages/airflow/example_dags/example_task_group_decorator.py
[2025-09-16T14:09:02.272+0000] {processor.py:840} INFO - DAG(s) 'example_task_group_decorator' retrieved from /home/airflow/.local/lib/python3.12/site-packages/airflow/example_dags/example_task_group_decorator.py
[2025-09-16T14:09:02.316+0000] {logging_mixin.py:188} INFO - [2025-09-16T14:09:02.316+0000] {dag.py:3096} INFO - Sync 1 DAGs
[2025-09-16T14:09:02.353+0000] {logging_mixin.py:188} INFO - [2025-09-16T14:09:02.353+0000] {dag.py:3954} INFO - Setting next_dagrun for example_task_group_decorator to 2025-09-15 00:00:00+00:00, run_after=2025-09-16 00:00:00+00:00
[2025-09-16T14:09:02.386+0000] {processor.py:183} INFO - Processing /home/airflow/.local/lib/python3.12/site-packages/airflow/example_dags/example_task_group_decorator.py took 0.148 seconds
[2025-09-16T14:09:33.146+0000] {processor.py:161} INFO - Started process (PID=346) to work on /home/airflow/.local/lib/python3.12/site-packages/airflow/example_dags/example_task_group_decorator.py
[2025-09-16T14:09:33.147+0000] {processor.py:830} INFO - Processing file /home/airflow/.local/lib/python3.12/site-packages/airflow/example_dags/example_task_group_decorator.py for tasks to queue
[2025-09-16T14:09:33.153+0000] {logging_mixin.py:188} INFO - [2025-09-16T14:09:33.152+0000] {dagbag.py:545} INFO - Filling up the DagBag from /home/airflow/.local/lib/python3.12/site-packages/airflow/example_dags/example_task_group_decorator.py
[2025-09-16T14:09:33.177+0000] {processor.py:840} INFO - DAG(s) 'example_task_group_decorator' retrieved from /home/airflow/.local/lib/python3.12/site-packages/airflow/example_dags/example_task_group_decorator.py
[2025-09-16T14:09:33.212+0000] {logging_mixin.py:188} INFO - [2025-09-16T14:09:33.212+0000] {dag.py:3096} INFO - Sync 1 DAGs
[2025-09-16T14:09:33.243+0000] {logging_mixin.py:188} INFO - [2025-09-16T14:09:33.242+0000] {dag.py:3954} INFO - Setting next_dagrun for example_task_group_decorator to 2025-09-15 00:00:00+00:00, run_after=2025-09-16 00:00:00+00:00
[2025-09-16T14:09:33.274+0000] {processor.py:183} INFO - Processing /home/airflow/.local/lib/python3.12/site-packages/airflow/example_dags/example_task_group_decorator.py took 0.135 seconds
[2025-09-16T14:10:04.136+0000] {processor.py:161} INFO - Started process (PID=406) to work on /home/airflow/.local/lib/python3.12/site-packages/airflow/example_dags/example_task_group_decorator.py
[2025-09-16T14:10:04.137+0000] {processor.py:830} INFO - Processing file /home/airflow/.local/lib/python3.12/site-packages/airflow/example_dags/example_task_group_decorator.py for tasks to queue
[2025-09-16T14:10:04.140+0000] {logging_mixin.py:188} INFO - [2025-09-16T14:10:04.140+0000] {dagbag.py:545} INFO - Filling up the DagBag from /home/airflow/.local/lib/python3.12/site-packages/airflow/example_dags/example_task_group_decorator.py
[2025-09-16T14:10:04.161+0000] {processor.py:840} INFO - DAG(s) 'example_task_group_decorator' retrieved from /home/airflow/.local/lib/python3.12/site-packages/airflow/example_dags/example_task_group_decorator.py
[2025-09-16T14:10:04.200+0000] {logging_mixin.py:188} INFO - [2025-09-16T14:10:04.199+0000] {dag.py:3096} INFO - Sync 1 DAGs
[2025-09-16T14:10:04.233+0000] {logging_mixin.py:188} INFO - [2025-09-16T14:10:04.233+0000] {dag.py:3954} INFO - Setting next_dagrun for example_task_group_decorator to 2025-09-15 00:00:00+00:00, run_after=2025-09-16 00:00:00+00:00
[2025-09-16T14:10:04.273+0000] {processor.py:183} INFO - Processing /home/airflow/.local/lib/python3.12/site-packages/airflow/example_dags/example_task_group_decorator.py took 0.145 seconds
[2025-09-16T14:10:34.602+0000] {processor.py:161} INFO - Started process (PID=466) to work on /home/airflow/.local/lib/python3.12/site-packages/airflow/example_dags/example_task_group_decorator.py
[2025-09-16T14:10:34.604+0000] {processor.py:830} INFO - Processing file /home/airflow/.local/lib/python3.12/site-packages/airflow/example_dags/example_task_group_decorator.py for tasks to queue
[2025-09-16T14:10:34.607+0000] {logging_mixin.py:188} INFO - [2025-09-16T14:10:34.607+0000] {dagbag.py:545} INFO - Filling up the DagBag from /home/airflow/.local/lib/python3.12/site-packages/airflow/example_dags/example_task_group_decorator.py
[2025-09-16T14:10:34.629+0000] {processor.py:840} INFO - DAG(s) 'example_task_group_decorator' retrieved from /home/airflow/.local/lib/python3.12/site-packages/airflow/example_dags/example_task_group_decorator.py
[2025-09-16T14:10:34.670+0000] {logging_mixin.py:188} INFO - [2025-09-16T14:10:34.669+0000] {dag.py:3096} INFO - Sync 1 DAGs
[2025-09-16T14:10:34.703+0000] {logging_mixin.py:188} INFO - [2025-09-16T14:10:34.703+0000] {dag.py:3954} INFO - Setting next_dagrun for example_task_group_decorator to 2025-09-15 00:00:00+00:00, run_after=2025-09-16 00:00:00+00:00
[2025-09-16T14:10:34.748+0000] {processor.py:183} INFO - Processing /home/airflow/.local/lib/python3.12/site-packages/airflow/example_dags/example_task_group_decorator.py took 0.155 seconds
[2025-09-16T14:11:05.536+0000] {processor.py:161} INFO - Started process (PID=526) to work on /home/airflow/.local/lib/python3.12/site-packages/airflow/example_dags/example_task_group_decorator.py
[2025-09-16T14:11:05.537+0000] {processor.py:830} INFO - Processing file /home/airflow/.local/lib/python3.12/site-packages/airflow/example_dags/example_task_group_decorator.py for tasks to queue
[2025-09-16T14:11:05.540+0000] {logging_mixin.py:188} INFO - [2025-09-16T14:11:05.540+0000] {dagbag.py:545} INFO - Filling up the DagBag from /home/airflow/.local/lib/python3.12/site-packages/airflow/example_dags/example_task_group_decorator.py
[2025-09-16T14:11:05.562+0000] {processor.py:840} INFO - DAG(s) 'example_task_group_decorator' retrieved from /home/airflow/.local/lib/python3.12/site-packages/airflow/example_dags/example_task_group_decorator.py
[2025-09-16T14:11:05.599+0000] {logging_mixin.py:188} INFO - [2025-09-16T14:11:05.598+0000] {dag.py:3096} INFO - Sync 1 DAGs
[2025-09-16T14:11:05.633+0000] {logging_mixin.py:188} INFO - [2025-09-16T14:11:05.633+0000] {dag.py:3954} INFO - Setting next_dagrun for example_task_group_decorator to 2025-09-15 00:00:00+00:00, run_after=2025-09-16 00:00:00+00:00
[2025-09-16T14:11:05.665+0000] {processor.py:183} INFO - Processing /home/airflow/.local/lib/python3.12/site-packages/airflow/example_dags/example_task_group_decorator.py took 0.137 seconds
[2025-09-16T14:11:35.922+0000] {processor.py:161} INFO - Started process (PID=586) to work on /home/airflow/.local/lib/python3.12/site-packages/airflow/example_dags/example_task_group_decorator.py
[2025-09-16T14:11:35.924+0000] {processor.py:830} INFO - Processing file /home/airflow/.local/lib/python3.12/site-packages/airflow/example_dags/example_task_group_decorator.py for tasks to queue
[2025-09-16T14:11:35.927+0000] {logging_mixin.py:188} INFO - [2025-09-16T14:11:35.926+0000] {dagbag.py:545} INFO - Filling up the DagBag from /home/airflow/.local/lib/python3.12/site-packages/airflow/example_dags/example_task_group_decorator.py
[2025-09-16T14:11:35.945+0000] {processor.py:840} INFO - DAG(s) 'example_task_group_decorator' retrieved from /home/airflow/.local/lib/python3.12/site-packages/airflow/example_dags/example_task_group_decorator.py
[2025-09-16T14:11:35.980+0000] {logging_mixin.py:188} INFO - [2025-09-16T14:11:35.980+0000] {dag.py:3096} INFO - Sync 1 DAGs
[2025-09-16T14:11:36.012+0000] {logging_mixin.py:188} INFO - [2025-09-16T14:11:36.011+0000] {dag.py:3954} INFO - Setting next_dagrun for example_task_group_decorator to 2025-09-15 00:00:00+00:00, run_after=2025-09-16 00:00:00+00:00
[2025-09-16T14:11:36.045+0000] {processor.py:183} INFO - Processing /home/airflow/.local/lib/python3.12/site-packages/airflow/example_dags/example_task_group_decorator.py took 0.131 seconds
[2025-09-16T14:12:06.846+0000] {processor.py:161} INFO - Started process (PID=646) to work on /home/airflow/.local/lib/python3.12/site-packages/airflow/example_dags/example_task_group_decorator.py
[2025-09-16T14:12:06.848+0000] {processor.py:830} INFO - Processing file /home/airflow/.local/lib/python3.12/site-packages/airflow/example_dags/example_task_group_decorator.py for tasks to queue
[2025-09-16T14:12:06.851+0000] {logging_mixin.py:188} INFO - [2025-09-16T14:12:06.851+0000] {dagbag.py:545} INFO - Filling up the DagBag from /home/airflow/.local/lib/python3.12/site-packages/airflow/example_dags/example_task_group_decorator.py
[2025-09-16T14:12:06.873+0000] {processor.py:840} INFO - DAG(s) 'example_task_group_decorator' retrieved from /home/airflow/.local/lib/python3.12/site-packages/airflow/example_dags/example_task_group_decorator.py
[2025-09-16T14:12:06.916+0000] {logging_mixin.py:188} INFO - [2025-09-16T14:12:06.915+0000] {dag.py:3096} INFO - Sync 1 DAGs
[2025-09-16T14:12:06.953+0000] {logging_mixin.py:188} INFO - [2025-09-16T14:12:06.952+0000] {dag.py:3954} INFO - Setting next_dagrun for example_task_group_decorator to 2025-09-15 00:00:00+00:00, run_after=2025-09-16 00:00:00+00:00
[2025-09-16T14:12:06.983+0000] {processor.py:183} INFO - Processing /home/airflow/.local/lib/python3.12/site-packages/airflow/example_dags/example_task_group_decorator.py took 0.146 seconds
[2025-09-16T14:12:37.298+0000] {processor.py:161} INFO - Started process (PID=706) to work on /home/airflow/.local/lib/python3.12/site-packages/airflow/example_dags/example_task_group_decorator.py
[2025-09-16T14:12:37.299+0000] {processor.py:830} INFO - Processing file /home/airflow/.local/lib/python3.12/site-packages/airflow/example_dags/example_task_group_decorator.py for tasks to queue
[2025-09-16T14:12:37.303+0000] {logging_mixin.py:188} INFO - [2025-09-16T14:12:37.302+0000] {dagbag.py:545} INFO - Filling up the DagBag from /home/airflow/.local/lib/python3.12/site-packages/airflow/example_dags/example_task_group_decorator.py
[2025-09-16T14:12:37.324+0000] {processor.py:840} INFO - DAG(s) 'example_task_group_decorator' retrieved from /home/airflow/.local/lib/python3.12/site-packages/airflow/example_dags/example_task_group_decorator.py
[2025-09-16T14:12:37.362+0000] {logging_mixin.py:188} INFO - [2025-09-16T14:12:37.362+0000] {dag.py:3096} INFO - Sync 1 DAGs
[2025-09-16T14:12:37.408+0000] {logging_mixin.py:188} INFO - [2025-09-16T14:12:37.408+0000] {dag.py:3954} INFO - Setting next_dagrun for example_task_group_decorator to 2025-09-15 00:00:00+00:00, run_after=2025-09-16 00:00:00+00:00
[2025-09-16T14:12:37.441+0000] {processor.py:183} INFO - Processing /home/airflow/.local/lib/python3.12/site-packages/airflow/example_dags/example_task_group_decorator.py took 0.151 seconds
[2025-09-16T14:13:07.978+0000] {processor.py:161} INFO - Started process (PID=766) to work on /home/airflow/.local/lib/python3.12/site-packages/airflow/example_dags/example_task_group_decorator.py
[2025-09-16T14:13:07.980+0000] {processor.py:830} INFO - Processing file /home/airflow/.local/lib/python3.12/site-packages/airflow/example_dags/example_task_group_decorator.py for tasks to queue
[2025-09-16T14:13:07.982+0000] {logging_mixin.py:188} INFO - [2025-09-16T14:13:07.982+0000] {dagbag.py:545} INFO - Filling up the DagBag from /home/airflow/.local/lib/python3.12/site-packages/airflow/example_dags/example_task_group_decorator.py
[2025-09-16T14:13:08.002+0000] {processor.py:840} INFO - DAG(s) 'example_task_group_decorator' retrieved from /home/airflow/.local/lib/python3.12/site-packages/airflow/example_dags/example_task_group_decorator.py
[2025-09-16T14:13:08.036+0000] {logging_mixin.py:188} INFO - [2025-09-16T14:13:08.036+0000] {dag.py:3096} INFO - Sync 1 DAGs
[2025-09-16T14:13:08.067+0000] {logging_mixin.py:188} INFO - [2025-09-16T14:13:08.067+0000] {dag.py:3954} INFO - Setting next_dagrun for example_task_group_decorator to 2025-09-15 00:00:00+00:00, run_after=2025-09-16 00:00:00+00:00
[2025-09-16T14:13:08.095+0000] {processor.py:183} INFO - Processing /home/airflow/.local/lib/python3.12/site-packages/airflow/example_dags/example_task_group_decorator.py took 0.125 seconds
[2025-09-16T14:13:38.529+0000] {processor.py:161} INFO - Started process (PID=826) to work on /home/airflow/.local/lib/python3.12/site-packages/airflow/example_dags/example_task_group_decorator.py
[2025-09-16T14:13:38.531+0000] {processor.py:830} INFO - Processing file /home/airflow/.local/lib/python3.12/site-packages/airflow/example_dags/example_task_group_decorator.py for tasks to queue
[2025-09-16T14:13:38.534+0000] {logging_mixin.py:188} INFO - [2025-09-16T14:13:38.534+0000] {dagbag.py:545} INFO - Filling up the DagBag from /home/airflow/.local/lib/python3.12/site-packages/airflow/example_dags/example_task_group_decorator.py
[2025-09-16T14:13:38.559+0000] {processor.py:840} INFO - DAG(s) 'example_task_group_decorator' retrieved from /home/airflow/.local/lib/python3.12/site-packages/airflow/example_dags/example_task_group_decorator.py
[2025-09-16T14:13:38.605+0000] {logging_mixin.py:188} INFO - [2025-09-16T14:13:38.605+0000] {dag.py:3096} INFO - Sync 1 DAGs
[2025-09-16T14:13:38.651+0000] {logging_mixin.py:188} INFO - [2025-09-16T14:13:38.650+0000] {dag.py:3954} INFO - Setting next_dagrun for example_task_group_decorator to 2025-09-15 00:00:00+00:00, run_after=2025-09-16 00:00:00+00:00
[2025-09-16T14:13:38.698+0000] {processor.py:183} INFO - Processing /home/airflow/.local/lib/python3.12/site-packages/airflow/example_dags/example_task_group_decorator.py took 0.181 seconds
[2025-09-16T14:14:09.996+0000] {processor.py:161} INFO - Started process (PID=892) to work on /home/airflow/.local/lib/python3.12/site-packages/airflow/example_dags/example_task_group_decorator.py
[2025-09-16T14:14:09.998+0000] {processor.py:830} INFO - Processing file /home/airflow/.local/lib/python3.12/site-packages/airflow/example_dags/example_task_group_decorator.py for tasks to queue
[2025-09-16T14:14:10.005+0000] {logging_mixin.py:188} INFO - [2025-09-16T14:14:10.003+0000] {dagbag.py:545} INFO - Filling up the DagBag from /home/airflow/.local/lib/python3.12/site-packages/airflow/example_dags/example_task_group_decorator.py
[2025-09-16T14:14:10.052+0000] {processor.py:840} INFO - DAG(s) 'example_task_group_decorator' retrieved from /home/airflow/.local/lib/python3.12/site-packages/airflow/example_dags/example_task_group_decorator.py
[2025-09-16T14:14:10.105+0000] {logging_mixin.py:188} INFO - [2025-09-16T14:14:10.105+0000] {dag.py:3096} INFO - Sync 1 DAGs
[2025-09-16T14:14:10.143+0000] {logging_mixin.py:188} INFO - [2025-09-16T14:14:10.143+0000] {dag.py:3954} INFO - Setting next_dagrun for example_task_group_decorator to 2025-09-15 00:00:00+00:00, run_after=2025-09-16 00:00:00+00:00
[2025-09-16T14:14:10.178+0000] {processor.py:183} INFO - Processing /home/airflow/.local/lib/python3.12/site-packages/airflow/example_dags/example_task_group_decorator.py took 0.205 seconds
[2025-09-16T14:14:40.565+0000] {processor.py:161} INFO - Started process (PID=954) to work on /home/airflow/.local/lib/python3.12/site-packages/airflow/example_dags/example_task_group_decorator.py
[2025-09-16T14:14:40.568+0000] {processor.py:830} INFO - Processing file /home/airflow/.local/lib/python3.12/site-packages/airflow/example_dags/example_task_group_decorator.py for tasks to queue
[2025-09-16T14:14:40.573+0000] {logging_mixin.py:188} INFO - [2025-09-16T14:14:40.572+0000] {dagbag.py:545} INFO - Filling up the DagBag from /home/airflow/.local/lib/python3.12/site-packages/airflow/example_dags/example_task_group_decorator.py
[2025-09-16T14:14:40.601+0000] {processor.py:840} INFO - DAG(s) 'example_task_group_decorator' retrieved from /home/airflow/.local/lib/python3.12/site-packages/airflow/example_dags/example_task_group_decorator.py
[2025-09-16T14:14:40.647+0000] {logging_mixin.py:188} INFO - [2025-09-16T14:14:40.646+0000] {dag.py:3096} INFO - Sync 1 DAGs
[2025-09-16T14:14:40.685+0000] {logging_mixin.py:188} INFO - [2025-09-16T14:14:40.684+0000] {dag.py:3954} INFO - Setting next_dagrun for example_task_group_decorator to 2025-09-15 00:00:00+00:00, run_after=2025-09-16 00:00:00+00:00
[2025-09-16T14:14:40.718+0000] {processor.py:183} INFO - Processing /home/airflow/.local/lib/python3.12/site-packages/airflow/example_dags/example_task_group_decorator.py took 0.166 seconds
[2025-09-16T14:16:48.660+0000] {processor.py:161} INFO - Started process (PID=119) to work on /home/airflow/.local/lib/python3.12/site-packages/airflow/example_dags/example_task_group_decorator.py
[2025-09-16T14:16:48.662+0000] {processor.py:830} INFO - Processing file /home/airflow/.local/lib/python3.12/site-packages/airflow/example_dags/example_task_group_decorator.py for tasks to queue
[2025-09-16T14:16:48.665+0000] {logging_mixin.py:188} INFO - [2025-09-16T14:16:48.664+0000] {dagbag.py:545} INFO - Filling up the DagBag from /home/airflow/.local/lib/python3.12/site-packages/airflow/example_dags/example_task_group_decorator.py
[2025-09-16T14:16:48.690+0000] {processor.py:840} INFO - DAG(s) 'example_task_group_decorator' retrieved from /home/airflow/.local/lib/python3.12/site-packages/airflow/example_dags/example_task_group_decorator.py
[2025-09-16T14:16:48.915+0000] {logging_mixin.py:188} INFO - [2025-09-16T14:16:48.915+0000] {dag.py:3096} INFO - Sync 1 DAGs
[2025-09-16T14:16:48.956+0000] {logging_mixin.py:188} INFO - [2025-09-16T14:16:48.955+0000] {dag.py:3954} INFO - Setting next_dagrun for example_task_group_decorator to 2025-09-15 00:00:00+00:00, run_after=2025-09-16 00:00:00+00:00
[2025-09-16T14:16:48.999+0000] {processor.py:183} INFO - Processing /home/airflow/.local/lib/python3.12/site-packages/airflow/example_dags/example_task_group_decorator.py took 0.350 seconds
[2025-09-16T14:17:19.200+0000] {processor.py:161} INFO - Started process (PID=180) to work on /home/airflow/.local/lib/python3.12/site-packages/airflow/example_dags/example_task_group_decorator.py
[2025-09-16T14:17:19.201+0000] {processor.py:830} INFO - Processing file /home/airflow/.local/lib/python3.12/site-packages/airflow/example_dags/example_task_group_decorator.py for tasks to queue
[2025-09-16T14:17:19.204+0000] {logging_mixin.py:188} INFO - [2025-09-16T14:17:19.204+0000] {dagbag.py:545} INFO - Filling up the DagBag from /home/airflow/.local/lib/python3.12/site-packages/airflow/example_dags/example_task_group_decorator.py
[2025-09-16T14:17:19.228+0000] {processor.py:840} INFO - DAG(s) 'example_task_group_decorator' retrieved from /home/airflow/.local/lib/python3.12/site-packages/airflow/example_dags/example_task_group_decorator.py
[2025-09-16T14:17:19.271+0000] {logging_mixin.py:188} INFO - [2025-09-16T14:17:19.271+0000] {dag.py:3096} INFO - Sync 1 DAGs
[2025-09-16T14:17:19.305+0000] {logging_mixin.py:188} INFO - [2025-09-16T14:17:19.305+0000] {dag.py:3954} INFO - Setting next_dagrun for example_task_group_decorator to 2025-09-15 00:00:00+00:00, run_after=2025-09-16 00:00:00+00:00
[2025-09-16T14:17:19.332+0000] {processor.py:183} INFO - Processing /home/airflow/.local/lib/python3.12/site-packages/airflow/example_dags/example_task_group_decorator.py took 0.141 seconds
[2025-09-16T14:17:49.976+0000] {processor.py:161} INFO - Started process (PID=240) to work on /home/airflow/.local/lib/python3.12/site-packages/airflow/example_dags/example_task_group_decorator.py
[2025-09-16T14:17:49.977+0000] {processor.py:830} INFO - Processing file /home/airflow/.local/lib/python3.12/site-packages/airflow/example_dags/example_task_group_decorator.py for tasks to queue
[2025-09-16T14:17:49.980+0000] {logging_mixin.py:188} INFO - [2025-09-16T14:17:49.979+0000] {dagbag.py:545} INFO - Filling up the DagBag from /home/airflow/.local/lib/python3.12/site-packages/airflow/example_dags/example_task_group_decorator.py
[2025-09-16T14:17:49.998+0000] {processor.py:840} INFO - DAG(s) 'example_task_group_decorator' retrieved from /home/airflow/.local/lib/python3.12/site-packages/airflow/example_dags/example_task_group_decorator.py
[2025-09-16T14:17:50.033+0000] {logging_mixin.py:188} INFO - [2025-09-16T14:17:50.032+0000] {dag.py:3096} INFO - Sync 1 DAGs
[2025-09-16T14:17:50.063+0000] {logging_mixin.py:188} INFO - [2025-09-16T14:17:50.062+0000] {dag.py:3954} INFO - Setting next_dagrun for example_task_group_decorator to 2025-09-15 00:00:00+00:00, run_after=2025-09-16 00:00:00+00:00
[2025-09-16T14:17:50.086+0000] {processor.py:183} INFO - Processing /home/airflow/.local/lib/python3.12/site-packages/airflow/example_dags/example_task_group_decorator.py took 0.119 seconds
[2025-09-16T14:18:20.475+0000] {processor.py:161} INFO - Started process (PID=300) to work on /home/airflow/.local/lib/python3.12/site-packages/airflow/example_dags/example_task_group_decorator.py
[2025-09-16T14:18:20.477+0000] {processor.py:830} INFO - Processing file /home/airflow/.local/lib/python3.12/site-packages/airflow/example_dags/example_task_group_decorator.py for tasks to queue
[2025-09-16T14:18:20.481+0000] {logging_mixin.py:188} INFO - [2025-09-16T14:18:20.481+0000] {dagbag.py:545} INFO - Filling up the DagBag from /home/airflow/.local/lib/python3.12/site-packages/airflow/example_dags/example_task_group_decorator.py
[2025-09-16T14:18:20.509+0000] {processor.py:840} INFO - DAG(s) 'example_task_group_decorator' retrieved from /home/airflow/.local/lib/python3.12/site-packages/airflow/example_dags/example_task_group_decorator.py
[2025-09-16T14:18:20.569+0000] {logging_mixin.py:188} INFO - [2025-09-16T14:18:20.569+0000] {dag.py:3096} INFO - Sync 1 DAGs
[2025-09-16T14:18:20.615+0000] {logging_mixin.py:188} INFO - [2025-09-16T14:18:20.615+0000] {dag.py:3954} INFO - Setting next_dagrun for example_task_group_decorator to 2025-09-15 00:00:00+00:00, run_after=2025-09-16 00:00:00+00:00
[2025-09-16T14:18:20.647+0000] {processor.py:183} INFO - Processing /home/airflow/.local/lib/python3.12/site-packages/airflow/example_dags/example_task_group_decorator.py took 0.185 seconds
[2025-09-16T14:18:50.935+0000] {processor.py:161} INFO - Started process (PID=360) to work on /home/airflow/.local/lib/python3.12/site-packages/airflow/example_dags/example_task_group_decorator.py
[2025-09-16T14:18:50.937+0000] {processor.py:830} INFO - Processing file /home/airflow/.local/lib/python3.12/site-packages/airflow/example_dags/example_task_group_decorator.py for tasks to queue
[2025-09-16T14:18:50.940+0000] {logging_mixin.py:188} INFO - [2025-09-16T14:18:50.939+0000] {dagbag.py:545} INFO - Filling up the DagBag from /home/airflow/.local/lib/python3.12/site-packages/airflow/example_dags/example_task_group_decorator.py
[2025-09-16T14:18:50.960+0000] {processor.py:840} INFO - DAG(s) 'example_task_group_decorator' retrieved from /home/airflow/.local/lib/python3.12/site-packages/airflow/example_dags/example_task_group_decorator.py
[2025-09-16T14:18:50.998+0000] {logging_mixin.py:188} INFO - [2025-09-16T14:18:50.998+0000] {dag.py:3096} INFO - Sync 1 DAGs
[2025-09-16T14:18:51.031+0000] {logging_mixin.py:188} INFO - [2025-09-16T14:18:51.030+0000] {dag.py:3954} INFO - Setting next_dagrun for example_task_group_decorator to 2025-09-15 00:00:00+00:00, run_after=2025-09-16 00:00:00+00:00
[2025-09-16T14:18:51.110+0000] {processor.py:183} INFO - Processing /home/airflow/.local/lib/python3.12/site-packages/airflow/example_dags/example_task_group_decorator.py took 0.183 seconds
[2025-09-16T14:19:21.970+0000] {processor.py:161} INFO - Started process (PID=419) to work on /home/airflow/.local/lib/python3.12/site-packages/airflow/example_dags/example_task_group_decorator.py
[2025-09-16T14:19:21.971+0000] {processor.py:830} INFO - Processing file /home/airflow/.local/lib/python3.12/site-packages/airflow/example_dags/example_task_group_decorator.py for tasks to queue
[2025-09-16T14:19:21.975+0000] {logging_mixin.py:188} INFO - [2025-09-16T14:19:21.974+0000] {dagbag.py:545} INFO - Filling up the DagBag from /home/airflow/.local/lib/python3.12/site-packages/airflow/example_dags/example_task_group_decorator.py
[2025-09-16T14:19:22.001+0000] {processor.py:840} INFO - DAG(s) 'example_task_group_decorator' retrieved from /home/airflow/.local/lib/python3.12/site-packages/airflow/example_dags/example_task_group_decorator.py
[2025-09-16T14:19:22.041+0000] {logging_mixin.py:188} INFO - [2025-09-16T14:19:22.040+0000] {dag.py:3096} INFO - Sync 1 DAGs
[2025-09-16T14:19:22.077+0000] {logging_mixin.py:188} INFO - [2025-09-16T14:19:22.077+0000] {dag.py:3954} INFO - Setting next_dagrun for example_task_group_decorator to 2025-09-15 00:00:00+00:00, run_after=2025-09-16 00:00:00+00:00
[2025-09-16T14:19:22.109+0000] {processor.py:183} INFO - Processing /home/airflow/.local/lib/python3.12/site-packages/airflow/example_dags/example_task_group_decorator.py took 0.148 seconds
[2025-09-16T14:19:52.405+0000] {processor.py:161} INFO - Started process (PID=479) to work on /home/airflow/.local/lib/python3.12/site-packages/airflow/example_dags/example_task_group_decorator.py
[2025-09-16T14:19:52.407+0000] {processor.py:830} INFO - Processing file /home/airflow/.local/lib/python3.12/site-packages/airflow/example_dags/example_task_group_decorator.py for tasks to queue
[2025-09-16T14:19:52.410+0000] {logging_mixin.py:188} INFO - [2025-09-16T14:19:52.410+0000] {dagbag.py:545} INFO - Filling up the DagBag from /home/airflow/.local/lib/python3.12/site-packages/airflow/example_dags/example_task_group_decorator.py
[2025-09-16T14:19:52.432+0000] {processor.py:840} INFO - DAG(s) 'example_task_group_decorator' retrieved from /home/airflow/.local/lib/python3.12/site-packages/airflow/example_dags/example_task_group_decorator.py
[2025-09-16T14:19:52.473+0000] {logging_mixin.py:188} INFO - [2025-09-16T14:19:52.472+0000] {dag.py:3096} INFO - Sync 1 DAGs
[2025-09-16T14:19:52.507+0000] {logging_mixin.py:188} INFO - [2025-09-16T14:19:52.507+0000] {dag.py:3954} INFO - Setting next_dagrun for example_task_group_decorator to 2025-09-15 00:00:00+00:00, run_after=2025-09-16 00:00:00+00:00
[2025-09-16T14:19:52.602+0000] {processor.py:183} INFO - Processing /home/airflow/.local/lib/python3.12/site-packages/airflow/example_dags/example_task_group_decorator.py took 0.206 seconds
[2025-09-16T14:20:22.971+0000] {processor.py:161} INFO - Started process (PID=539) to work on /home/airflow/.local/lib/python3.12/site-packages/airflow/example_dags/example_task_group_decorator.py
[2025-09-16T14:20:22.973+0000] {processor.py:830} INFO - Processing file /home/airflow/.local/lib/python3.12/site-packages/airflow/example_dags/example_task_group_decorator.py for tasks to queue
[2025-09-16T14:20:22.976+0000] {logging_mixin.py:188} INFO - [2025-09-16T14:20:22.975+0000] {dagbag.py:545} INFO - Filling up the DagBag from /home/airflow/.local/lib/python3.12/site-packages/airflow/example_dags/example_task_group_decorator.py
[2025-09-16T14:20:22.996+0000] {processor.py:840} INFO - DAG(s) 'example_task_group_decorator' retrieved from /home/airflow/.local/lib/python3.12/site-packages/airflow/example_dags/example_task_group_decorator.py
[2025-09-16T14:20:23.033+0000] {logging_mixin.py:188} INFO - [2025-09-16T14:20:23.033+0000] {dag.py:3096} INFO - Sync 1 DAGs
[2025-09-16T14:20:23.066+0000] {logging_mixin.py:188} INFO - [2025-09-16T14:20:23.066+0000] {dag.py:3954} INFO - Setting next_dagrun for example_task_group_decorator to 2025-09-15 00:00:00+00:00, run_after=2025-09-16 00:00:00+00:00
[2025-09-16T14:20:23.128+0000] {processor.py:183} INFO - Processing /home/airflow/.local/lib/python3.12/site-packages/airflow/example_dags/example_task_group_decorator.py took 0.166 seconds
[2025-09-16T14:20:54.784+0000] {processor.py:161} INFO - Started process (PID=601) to work on /home/airflow/.local/lib/python3.12/site-packages/airflow/example_dags/example_task_group_decorator.py
[2025-09-16T14:20:54.786+0000] {processor.py:830} INFO - Processing file /home/airflow/.local/lib/python3.12/site-packages/airflow/example_dags/example_task_group_decorator.py for tasks to queue
[2025-09-16T14:20:54.790+0000] {logging_mixin.py:188} INFO - [2025-09-16T14:20:54.789+0000] {dagbag.py:545} INFO - Filling up the DagBag from /home/airflow/.local/lib/python3.12/site-packages/airflow/example_dags/example_task_group_decorator.py
[2025-09-16T14:20:54.819+0000] {processor.py:840} INFO - DAG(s) 'example_task_group_decorator' retrieved from /home/airflow/.local/lib/python3.12/site-packages/airflow/example_dags/example_task_group_decorator.py
[2025-09-16T14:20:54.869+0000] {logging_mixin.py:188} INFO - [2025-09-16T14:20:54.868+0000] {dag.py:3096} INFO - Sync 1 DAGs
[2025-09-16T14:20:54.919+0000] {logging_mixin.py:188} INFO - [2025-09-16T14:20:54.919+0000] {dag.py:3954} INFO - Setting next_dagrun for example_task_group_decorator to 2025-09-15 00:00:00+00:00, run_after=2025-09-16 00:00:00+00:00
[2025-09-16T14:20:54.983+0000] {processor.py:183} INFO - Processing /home/airflow/.local/lib/python3.12/site-packages/airflow/example_dags/example_task_group_decorator.py took 0.213 seconds
[2025-09-16T14:54:14.518+0000] {processor.py:161} INFO - Started process (PID=118) to work on /home/airflow/.local/lib/python3.12/site-packages/airflow/example_dags/example_task_group_decorator.py
[2025-09-16T14:54:14.520+0000] {processor.py:830} INFO - Processing file /home/airflow/.local/lib/python3.12/site-packages/airflow/example_dags/example_task_group_decorator.py for tasks to queue
[2025-09-16T14:54:14.523+0000] {logging_mixin.py:188} INFO - [2025-09-16T14:54:14.522+0000] {dagbag.py:545} INFO - Filling up the DagBag from /home/airflow/.local/lib/python3.12/site-packages/airflow/example_dags/example_task_group_decorator.py
[2025-09-16T14:54:14.543+0000] {processor.py:840} INFO - DAG(s) 'example_task_group_decorator' retrieved from /home/airflow/.local/lib/python3.12/site-packages/airflow/example_dags/example_task_group_decorator.py
[2025-09-16T14:54:14.699+0000] {logging_mixin.py:188} INFO - [2025-09-16T14:54:14.698+0000] {dag.py:3096} INFO - Sync 1 DAGs
[2025-09-16T14:54:14.732+0000] {logging_mixin.py:188} INFO - [2025-09-16T14:54:14.732+0000] {dag.py:3954} INFO - Setting next_dagrun for example_task_group_decorator to 2025-09-15 00:00:00+00:00, run_after=2025-09-16 00:00:00+00:00
[2025-09-16T14:54:14.766+0000] {processor.py:183} INFO - Processing /home/airflow/.local/lib/python3.12/site-packages/airflow/example_dags/example_task_group_decorator.py took 0.256 seconds
[2025-09-16T14:54:45.211+0000] {processor.py:161} INFO - Started process (PID=178) to work on /home/airflow/.local/lib/python3.12/site-packages/airflow/example_dags/example_task_group_decorator.py
[2025-09-16T14:54:45.213+0000] {processor.py:830} INFO - Processing file /home/airflow/.local/lib/python3.12/site-packages/airflow/example_dags/example_task_group_decorator.py for tasks to queue
[2025-09-16T14:54:45.215+0000] {logging_mixin.py:188} INFO - [2025-09-16T14:54:45.215+0000] {dagbag.py:545} INFO - Filling up the DagBag from /home/airflow/.local/lib/python3.12/site-packages/airflow/example_dags/example_task_group_decorator.py
[2025-09-16T14:54:45.232+0000] {processor.py:840} INFO - DAG(s) 'example_task_group_decorator' retrieved from /home/airflow/.local/lib/python3.12/site-packages/airflow/example_dags/example_task_group_decorator.py
[2025-09-16T14:54:45.266+0000] {logging_mixin.py:188} INFO - [2025-09-16T14:54:45.265+0000] {dag.py:3096} INFO - Sync 1 DAGs
[2025-09-16T14:54:45.298+0000] {logging_mixin.py:188} INFO - [2025-09-16T14:54:45.297+0000] {dag.py:3954} INFO - Setting next_dagrun for example_task_group_decorator to 2025-09-15 00:00:00+00:00, run_after=2025-09-16 00:00:00+00:00
[2025-09-16T14:54:45.354+0000] {processor.py:183} INFO - Processing /home/airflow/.local/lib/python3.12/site-packages/airflow/example_dags/example_task_group_decorator.py took 0.151 seconds
[2025-09-16T14:55:15.902+0000] {processor.py:161} INFO - Started process (PID=239) to work on /home/airflow/.local/lib/python3.12/site-packages/airflow/example_dags/example_task_group_decorator.py
[2025-09-16T14:55:15.904+0000] {processor.py:830} INFO - Processing file /home/airflow/.local/lib/python3.12/site-packages/airflow/example_dags/example_task_group_decorator.py for tasks to queue
[2025-09-16T14:55:15.907+0000] {logging_mixin.py:188} INFO - [2025-09-16T14:55:15.906+0000] {dagbag.py:545} INFO - Filling up the DagBag from /home/airflow/.local/lib/python3.12/site-packages/airflow/example_dags/example_task_group_decorator.py
[2025-09-16T14:55:15.927+0000] {processor.py:840} INFO - DAG(s) 'example_task_group_decorator' retrieved from /home/airflow/.local/lib/python3.12/site-packages/airflow/example_dags/example_task_group_decorator.py
[2025-09-16T14:55:15.965+0000] {logging_mixin.py:188} INFO - [2025-09-16T14:55:15.964+0000] {dag.py:3096} INFO - Sync 1 DAGs
[2025-09-16T14:55:15.999+0000] {logging_mixin.py:188} INFO - [2025-09-16T14:55:15.998+0000] {dag.py:3954} INFO - Setting next_dagrun for example_task_group_decorator to 2025-09-15 00:00:00+00:00, run_after=2025-09-16 00:00:00+00:00
[2025-09-16T14:55:16.025+0000] {processor.py:183} INFO - Processing /home/airflow/.local/lib/python3.12/site-packages/airflow/example_dags/example_task_group_decorator.py took 0.131 seconds
[2025-09-16T14:55:46.621+0000] {processor.py:161} INFO - Started process (PID=299) to work on /home/airflow/.local/lib/python3.12/site-packages/airflow/example_dags/example_task_group_decorator.py
[2025-09-16T14:55:46.622+0000] {processor.py:830} INFO - Processing file /home/airflow/.local/lib/python3.12/site-packages/airflow/example_dags/example_task_group_decorator.py for tasks to queue
[2025-09-16T14:55:46.625+0000] {logging_mixin.py:188} INFO - [2025-09-16T14:55:46.625+0000] {dagbag.py:545} INFO - Filling up the DagBag from /home/airflow/.local/lib/python3.12/site-packages/airflow/example_dags/example_task_group_decorator.py
[2025-09-16T14:55:46.645+0000] {processor.py:840} INFO - DAG(s) 'example_task_group_decorator' retrieved from /home/airflow/.local/lib/python3.12/site-packages/airflow/example_dags/example_task_group_decorator.py
[2025-09-16T14:55:46.681+0000] {logging_mixin.py:188} INFO - [2025-09-16T14:55:46.681+0000] {dag.py:3096} INFO - Sync 1 DAGs
[2025-09-16T14:55:46.716+0000] {logging_mixin.py:188} INFO - [2025-09-16T14:55:46.716+0000] {dag.py:3954} INFO - Setting next_dagrun for example_task_group_decorator to 2025-09-15 00:00:00+00:00, run_after=2025-09-16 00:00:00+00:00
[2025-09-16T14:55:46.747+0000] {processor.py:183} INFO - Processing /home/airflow/.local/lib/python3.12/site-packages/airflow/example_dags/example_task_group_decorator.py took 0.134 seconds
[2025-09-16T14:56:17.744+0000] {processor.py:161} INFO - Started process (PID=359) to work on /home/airflow/.local/lib/python3.12/site-packages/airflow/example_dags/example_task_group_decorator.py
[2025-09-16T14:56:17.746+0000] {processor.py:830} INFO - Processing file /home/airflow/.local/lib/python3.12/site-packages/airflow/example_dags/example_task_group_decorator.py for tasks to queue
[2025-09-16T14:56:17.748+0000] {logging_mixin.py:188} INFO - [2025-09-16T14:56:17.748+0000] {dagbag.py:545} INFO - Filling up the DagBag from /home/airflow/.local/lib/python3.12/site-packages/airflow/example_dags/example_task_group_decorator.py
[2025-09-16T14:56:17.768+0000] {processor.py:840} INFO - DAG(s) 'example_task_group_decorator' retrieved from /home/airflow/.local/lib/python3.12/site-packages/airflow/example_dags/example_task_group_decorator.py
[2025-09-16T14:56:17.806+0000] {logging_mixin.py:188} INFO - [2025-09-16T14:56:17.805+0000] {dag.py:3096} INFO - Sync 1 DAGs
[2025-09-16T14:56:17.838+0000] {logging_mixin.py:188} INFO - [2025-09-16T14:56:17.838+0000] {dag.py:3954} INFO - Setting next_dagrun for example_task_group_decorator to 2025-09-15 00:00:00+00:00, run_after=2025-09-16 00:00:00+00:00
[2025-09-16T14:56:17.868+0000] {processor.py:183} INFO - Processing /home/airflow/.local/lib/python3.12/site-packages/airflow/example_dags/example_task_group_decorator.py took 0.134 seconds
[2025-09-16T14:56:48.262+0000] {processor.py:161} INFO - Started process (PID=419) to work on /home/airflow/.local/lib/python3.12/site-packages/airflow/example_dags/example_task_group_decorator.py
[2025-09-16T14:56:48.264+0000] {processor.py:830} INFO - Processing file /home/airflow/.local/lib/python3.12/site-packages/airflow/example_dags/example_task_group_decorator.py for tasks to queue
[2025-09-16T14:56:48.268+0000] {logging_mixin.py:188} INFO - [2025-09-16T14:56:48.268+0000] {dagbag.py:545} INFO - Filling up the DagBag from /home/airflow/.local/lib/python3.12/site-packages/airflow/example_dags/example_task_group_decorator.py
[2025-09-16T14:56:48.294+0000] {processor.py:840} INFO - DAG(s) 'example_task_group_decorator' retrieved from /home/airflow/.local/lib/python3.12/site-packages/airflow/example_dags/example_task_group_decorator.py
[2025-09-16T14:56:48.350+0000] {logging_mixin.py:188} INFO - [2025-09-16T14:56:48.350+0000] {dag.py:3096} INFO - Sync 1 DAGs
[2025-09-16T14:56:48.396+0000] {logging_mixin.py:188} INFO - [2025-09-16T14:56:48.395+0000] {dag.py:3954} INFO - Setting next_dagrun for example_task_group_decorator to 2025-09-15 00:00:00+00:00, run_after=2025-09-16 00:00:00+00:00
[2025-09-16T14:56:48.432+0000] {processor.py:183} INFO - Processing /home/airflow/.local/lib/python3.12/site-packages/airflow/example_dags/example_task_group_decorator.py took 0.179 seconds
[2025-09-16T14:57:19.022+0000] {processor.py:161} INFO - Started process (PID=479) to work on /home/airflow/.local/lib/python3.12/site-packages/airflow/example_dags/example_task_group_decorator.py
[2025-09-16T14:57:19.026+0000] {processor.py:830} INFO - Processing file /home/airflow/.local/lib/python3.12/site-packages/airflow/example_dags/example_task_group_decorator.py for tasks to queue
[2025-09-16T14:57:19.033+0000] {logging_mixin.py:188} INFO - [2025-09-16T14:57:19.032+0000] {dagbag.py:545} INFO - Filling up the DagBag from /home/airflow/.local/lib/python3.12/site-packages/airflow/example_dags/example_task_group_decorator.py
[2025-09-16T14:57:19.072+0000] {processor.py:840} INFO - DAG(s) 'example_task_group_decorator' retrieved from /home/airflow/.local/lib/python3.12/site-packages/airflow/example_dags/example_task_group_decorator.py
[2025-09-16T14:57:19.120+0000] {logging_mixin.py:188} INFO - [2025-09-16T14:57:19.119+0000] {dag.py:3096} INFO - Sync 1 DAGs
[2025-09-16T14:57:19.161+0000] {logging_mixin.py:188} INFO - [2025-09-16T14:57:19.161+0000] {dag.py:3954} INFO - Setting next_dagrun for example_task_group_decorator to 2025-09-15 00:00:00+00:00, run_after=2025-09-16 00:00:00+00:00
[2025-09-16T14:57:19.195+0000] {processor.py:183} INFO - Processing /home/airflow/.local/lib/python3.12/site-packages/airflow/example_dags/example_task_group_decorator.py took 0.193 seconds
[2025-09-16T14:57:50.052+0000] {processor.py:161} INFO - Started process (PID=539) to work on /home/airflow/.local/lib/python3.12/site-packages/airflow/example_dags/example_task_group_decorator.py
[2025-09-16T14:57:50.054+0000] {processor.py:830} INFO - Processing file /home/airflow/.local/lib/python3.12/site-packages/airflow/example_dags/example_task_group_decorator.py for tasks to queue
[2025-09-16T14:57:50.056+0000] {logging_mixin.py:188} INFO - [2025-09-16T14:57:50.056+0000] {dagbag.py:545} INFO - Filling up the DagBag from /home/airflow/.local/lib/python3.12/site-packages/airflow/example_dags/example_task_group_decorator.py
[2025-09-16T14:57:50.073+0000] {processor.py:840} INFO - DAG(s) 'example_task_group_decorator' retrieved from /home/airflow/.local/lib/python3.12/site-packages/airflow/example_dags/example_task_group_decorator.py
[2025-09-16T14:57:50.108+0000] {logging_mixin.py:188} INFO - [2025-09-16T14:57:50.107+0000] {dag.py:3096} INFO - Sync 1 DAGs
[2025-09-16T14:57:50.137+0000] {logging_mixin.py:188} INFO - [2025-09-16T14:57:50.137+0000] {dag.py:3954} INFO - Setting next_dagrun for example_task_group_decorator to 2025-09-15 00:00:00+00:00, run_after=2025-09-16 00:00:00+00:00
[2025-09-16T14:57:50.164+0000] {processor.py:183} INFO - Processing /home/airflow/.local/lib/python3.12/site-packages/airflow/example_dags/example_task_group_decorator.py took 0.118 seconds
[2025-09-16T14:58:20.586+0000] {processor.py:161} INFO - Started process (PID=599) to work on /home/airflow/.local/lib/python3.12/site-packages/airflow/example_dags/example_task_group_decorator.py
[2025-09-16T14:58:20.590+0000] {processor.py:830} INFO - Processing file /home/airflow/.local/lib/python3.12/site-packages/airflow/example_dags/example_task_group_decorator.py for tasks to queue
[2025-09-16T14:58:20.593+0000] {logging_mixin.py:188} INFO - [2025-09-16T14:58:20.593+0000] {dagbag.py:545} INFO - Filling up the DagBag from /home/airflow/.local/lib/python3.12/site-packages/airflow/example_dags/example_task_group_decorator.py
[2025-09-16T14:58:20.611+0000] {processor.py:840} INFO - DAG(s) 'example_task_group_decorator' retrieved from /home/airflow/.local/lib/python3.12/site-packages/airflow/example_dags/example_task_group_decorator.py
[2025-09-16T14:58:20.643+0000] {logging_mixin.py:188} INFO - [2025-09-16T14:58:20.643+0000] {dag.py:3096} INFO - Sync 1 DAGs
[2025-09-16T14:58:20.672+0000] {logging_mixin.py:188} INFO - [2025-09-16T14:58:20.672+0000] {dag.py:3954} INFO - Setting next_dagrun for example_task_group_decorator to 2025-09-15 00:00:00+00:00, run_after=2025-09-16 00:00:00+00:00
[2025-09-16T14:58:20.697+0000] {processor.py:183} INFO - Processing /home/airflow/.local/lib/python3.12/site-packages/airflow/example_dags/example_task_group_decorator.py took 0.117 seconds
[2025-09-16T14:58:51.695+0000] {processor.py:161} INFO - Started process (PID=658) to work on /home/airflow/.local/lib/python3.12/site-packages/airflow/example_dags/example_task_group_decorator.py
[2025-09-16T14:58:51.696+0000] {processor.py:830} INFO - Processing file /home/airflow/.local/lib/python3.12/site-packages/airflow/example_dags/example_task_group_decorator.py for tasks to queue
[2025-09-16T14:58:51.699+0000] {logging_mixin.py:188} INFO - [2025-09-16T14:58:51.698+0000] {dagbag.py:545} INFO - Filling up the DagBag from /home/airflow/.local/lib/python3.12/site-packages/airflow/example_dags/example_task_group_decorator.py
[2025-09-16T14:58:51.716+0000] {processor.py:840} INFO - DAG(s) 'example_task_group_decorator' retrieved from /home/airflow/.local/lib/python3.12/site-packages/airflow/example_dags/example_task_group_decorator.py
[2025-09-16T14:58:51.750+0000] {logging_mixin.py:188} INFO - [2025-09-16T14:58:51.750+0000] {dag.py:3096} INFO - Sync 1 DAGs
[2025-09-16T14:58:51.782+0000] {logging_mixin.py:188} INFO - [2025-09-16T14:58:51.781+0000] {dag.py:3954} INFO - Setting next_dagrun for example_task_group_decorator to 2025-09-15 00:00:00+00:00, run_after=2025-09-16 00:00:00+00:00
[2025-09-16T14:58:51.812+0000] {processor.py:183} INFO - Processing /home/airflow/.local/lib/python3.12/site-packages/airflow/example_dags/example_task_group_decorator.py took 0.124 seconds
[2025-09-16T14:59:21.969+0000] {processor.py:161} INFO - Started process (PID=718) to work on /home/airflow/.local/lib/python3.12/site-packages/airflow/example_dags/example_task_group_decorator.py
[2025-09-16T14:59:21.971+0000] {processor.py:830} INFO - Processing file /home/airflow/.local/lib/python3.12/site-packages/airflow/example_dags/example_task_group_decorator.py for tasks to queue
[2025-09-16T14:59:21.975+0000] {logging_mixin.py:188} INFO - [2025-09-16T14:59:21.974+0000] {dagbag.py:545} INFO - Filling up the DagBag from /home/airflow/.local/lib/python3.12/site-packages/airflow/example_dags/example_task_group_decorator.py
[2025-09-16T14:59:21.999+0000] {processor.py:840} INFO - DAG(s) 'example_task_group_decorator' retrieved from /home/airflow/.local/lib/python3.12/site-packages/airflow/example_dags/example_task_group_decorator.py
[2025-09-16T14:59:22.044+0000] {logging_mixin.py:188} INFO - [2025-09-16T14:59:22.043+0000] {dag.py:3096} INFO - Sync 1 DAGs
[2025-09-16T14:59:22.085+0000] {logging_mixin.py:188} INFO - [2025-09-16T14:59:22.085+0000] {dag.py:3954} INFO - Setting next_dagrun for example_task_group_decorator to 2025-09-15 00:00:00+00:00, run_after=2025-09-16 00:00:00+00:00
[2025-09-16T14:59:22.114+0000] {processor.py:183} INFO - Processing /home/airflow/.local/lib/python3.12/site-packages/airflow/example_dags/example_task_group_decorator.py took 0.154 seconds
[2025-09-16T14:59:52.348+0000] {processor.py:161} INFO - Started process (PID=778) to work on /home/airflow/.local/lib/python3.12/site-packages/airflow/example_dags/example_task_group_decorator.py
[2025-09-16T14:59:52.350+0000] {processor.py:830} INFO - Processing file /home/airflow/.local/lib/python3.12/site-packages/airflow/example_dags/example_task_group_decorator.py for tasks to queue
[2025-09-16T14:59:52.352+0000] {logging_mixin.py:188} INFO - [2025-09-16T14:59:52.352+0000] {dagbag.py:545} INFO - Filling up the DagBag from /home/airflow/.local/lib/python3.12/site-packages/airflow/example_dags/example_task_group_decorator.py
[2025-09-16T14:59:52.368+0000] {processor.py:840} INFO - DAG(s) 'example_task_group_decorator' retrieved from /home/airflow/.local/lib/python3.12/site-packages/airflow/example_dags/example_task_group_decorator.py
[2025-09-16T14:59:52.398+0000] {logging_mixin.py:188} INFO - [2025-09-16T14:59:52.398+0000] {dag.py:3096} INFO - Sync 1 DAGs
[2025-09-16T14:59:52.429+0000] {logging_mixin.py:188} INFO - [2025-09-16T14:59:52.429+0000] {dag.py:3954} INFO - Setting next_dagrun for example_task_group_decorator to 2025-09-15 00:00:00+00:00, run_after=2025-09-16 00:00:00+00:00
[2025-09-16T14:59:52.455+0000] {processor.py:183} INFO - Processing /home/airflow/.local/lib/python3.12/site-packages/airflow/example_dags/example_task_group_decorator.py took 0.113 seconds
[2025-09-16T15:00:22.674+0000] {processor.py:161} INFO - Started process (PID=838) to work on /home/airflow/.local/lib/python3.12/site-packages/airflow/example_dags/example_task_group_decorator.py
[2025-09-16T15:00:22.675+0000] {processor.py:830} INFO - Processing file /home/airflow/.local/lib/python3.12/site-packages/airflow/example_dags/example_task_group_decorator.py for tasks to queue
[2025-09-16T15:00:22.678+0000] {logging_mixin.py:188} INFO - [2025-09-16T15:00:22.678+0000] {dagbag.py:545} INFO - Filling up the DagBag from /home/airflow/.local/lib/python3.12/site-packages/airflow/example_dags/example_task_group_decorator.py
[2025-09-16T15:00:22.696+0000] {processor.py:840} INFO - DAG(s) 'example_task_group_decorator' retrieved from /home/airflow/.local/lib/python3.12/site-packages/airflow/example_dags/example_task_group_decorator.py
[2025-09-16T15:00:22.729+0000] {logging_mixin.py:188} INFO - [2025-09-16T15:00:22.728+0000] {dag.py:3096} INFO - Sync 1 DAGs
[2025-09-16T15:00:22.758+0000] {logging_mixin.py:188} INFO - [2025-09-16T15:00:22.758+0000] {dag.py:3954} INFO - Setting next_dagrun for example_task_group_decorator to 2025-09-15 00:00:00+00:00, run_after=2025-09-16 00:00:00+00:00
[2025-09-16T15:00:22.785+0000] {processor.py:183} INFO - Processing /home/airflow/.local/lib/python3.12/site-packages/airflow/example_dags/example_task_group_decorator.py took 0.116 seconds
[2025-09-16T15:01:57.196+0000] {processor.py:161} INFO - Started process (PID=119) to work on /home/airflow/.local/lib/python3.12/site-packages/airflow/example_dags/example_task_group_decorator.py
[2025-09-16T15:01:57.198+0000] {processor.py:830} INFO - Processing file /home/airflow/.local/lib/python3.12/site-packages/airflow/example_dags/example_task_group_decorator.py for tasks to queue
[2025-09-16T15:01:57.201+0000] {logging_mixin.py:188} INFO - [2025-09-16T15:01:57.200+0000] {dagbag.py:545} INFO - Filling up the DagBag from /home/airflow/.local/lib/python3.12/site-packages/airflow/example_dags/example_task_group_decorator.py
[2025-09-16T15:01:57.221+0000] {processor.py:840} INFO - DAG(s) 'example_task_group_decorator' retrieved from /home/airflow/.local/lib/python3.12/site-packages/airflow/example_dags/example_task_group_decorator.py
[2025-09-16T15:01:57.371+0000] {logging_mixin.py:188} INFO - [2025-09-16T15:01:57.370+0000] {dag.py:3096} INFO - Sync 1 DAGs
[2025-09-16T15:01:57.397+0000] {logging_mixin.py:188} INFO - [2025-09-16T15:01:57.397+0000] {dag.py:3954} INFO - Setting next_dagrun for example_task_group_decorator to 2025-09-15 00:00:00+00:00, run_after=2025-09-16 00:00:00+00:00
[2025-09-16T15:01:57.423+0000] {processor.py:183} INFO - Processing /home/airflow/.local/lib/python3.12/site-packages/airflow/example_dags/example_task_group_decorator.py took 0.236 seconds
[2025-09-16T15:02:28.317+0000] {processor.py:161} INFO - Started process (PID=179) to work on /home/airflow/.local/lib/python3.12/site-packages/airflow/example_dags/example_task_group_decorator.py
[2025-09-16T15:02:28.318+0000] {processor.py:830} INFO - Processing file /home/airflow/.local/lib/python3.12/site-packages/airflow/example_dags/example_task_group_decorator.py for tasks to queue
[2025-09-16T15:02:28.321+0000] {logging_mixin.py:188} INFO - [2025-09-16T15:02:28.321+0000] {dagbag.py:545} INFO - Filling up the DagBag from /home/airflow/.local/lib/python3.12/site-packages/airflow/example_dags/example_task_group_decorator.py
[2025-09-16T15:02:28.337+0000] {processor.py:840} INFO - DAG(s) 'example_task_group_decorator' retrieved from /home/airflow/.local/lib/python3.12/site-packages/airflow/example_dags/example_task_group_decorator.py
[2025-09-16T15:02:28.353+0000] {logging_mixin.py:188} INFO - [2025-09-16T15:02:28.353+0000] {dag.py:3096} INFO - Sync 1 DAGs
[2025-09-16T15:02:28.385+0000] {logging_mixin.py:188} INFO - [2025-09-16T15:02:28.385+0000] {dag.py:3954} INFO - Setting next_dagrun for example_task_group_decorator to 2025-09-15 00:00:00+00:00, run_after=2025-09-16 00:00:00+00:00
[2025-09-16T15:02:28.416+0000] {processor.py:183} INFO - Processing /home/airflow/.local/lib/python3.12/site-packages/airflow/example_dags/example_task_group_decorator.py took 0.104 seconds
[2025-09-16T15:02:59.040+0000] {processor.py:161} INFO - Started process (PID=239) to work on /home/airflow/.local/lib/python3.12/site-packages/airflow/example_dags/example_task_group_decorator.py
[2025-09-16T15:02:59.043+0000] {processor.py:830} INFO - Processing file /home/airflow/.local/lib/python3.12/site-packages/airflow/example_dags/example_task_group_decorator.py for tasks to queue
[2025-09-16T15:02:59.047+0000] {logging_mixin.py:188} INFO - [2025-09-16T15:02:59.046+0000] {dagbag.py:545} INFO - Filling up the DagBag from /home/airflow/.local/lib/python3.12/site-packages/airflow/example_dags/example_task_group_decorator.py
[2025-09-16T15:02:59.079+0000] {processor.py:840} INFO - DAG(s) 'example_task_group_decorator' retrieved from /home/airflow/.local/lib/python3.12/site-packages/airflow/example_dags/example_task_group_decorator.py
[2025-09-16T15:02:59.420+0000] {logging_mixin.py:188} INFO - [2025-09-16T15:02:59.419+0000] {dag.py:3096} INFO - Sync 1 DAGs
[2025-09-16T15:02:59.470+0000] {logging_mixin.py:188} INFO - [2025-09-16T15:02:59.469+0000] {dag.py:3954} INFO - Setting next_dagrun for example_task_group_decorator to 2025-09-15 00:00:00+00:00, run_after=2025-09-16 00:00:00+00:00
[2025-09-16T15:02:59.516+0000] {processor.py:183} INFO - Processing /home/airflow/.local/lib/python3.12/site-packages/airflow/example_dags/example_task_group_decorator.py took 0.487 seconds
[2025-09-16T15:03:30.291+0000] {processor.py:161} INFO - Started process (PID=299) to work on /home/airflow/.local/lib/python3.12/site-packages/airflow/example_dags/example_task_group_decorator.py
[2025-09-16T15:03:30.293+0000] {processor.py:830} INFO - Processing file /home/airflow/.local/lib/python3.12/site-packages/airflow/example_dags/example_task_group_decorator.py for tasks to queue
[2025-09-16T15:03:30.296+0000] {logging_mixin.py:188} INFO - [2025-09-16T15:03:30.295+0000] {dagbag.py:545} INFO - Filling up the DagBag from /home/airflow/.local/lib/python3.12/site-packages/airflow/example_dags/example_task_group_decorator.py
[2025-09-16T15:03:30.329+0000] {processor.py:840} INFO - DAG(s) 'example_task_group_decorator' retrieved from /home/airflow/.local/lib/python3.12/site-packages/airflow/example_dags/example_task_group_decorator.py
[2025-09-16T15:03:30.383+0000] {logging_mixin.py:188} INFO - [2025-09-16T15:03:30.382+0000] {dag.py:3096} INFO - Sync 1 DAGs
[2025-09-16T15:03:30.431+0000] {logging_mixin.py:188} INFO - [2025-09-16T15:03:30.431+0000] {dag.py:3954} INFO - Setting next_dagrun for example_task_group_decorator to 2025-09-15 00:00:00+00:00, run_after=2025-09-16 00:00:00+00:00
[2025-09-16T15:03:30.466+0000] {processor.py:183} INFO - Processing /home/airflow/.local/lib/python3.12/site-packages/airflow/example_dags/example_task_group_decorator.py took 0.186 seconds
[2025-09-16T15:04:00.589+0000] {processor.py:161} INFO - Started process (PID=359) to work on /home/airflow/.local/lib/python3.12/site-packages/airflow/example_dags/example_task_group_decorator.py
[2025-09-16T15:04:00.591+0000] {processor.py:830} INFO - Processing file /home/airflow/.local/lib/python3.12/site-packages/airflow/example_dags/example_task_group_decorator.py for tasks to queue
[2025-09-16T15:04:00.593+0000] {logging_mixin.py:188} INFO - [2025-09-16T15:04:00.593+0000] {dagbag.py:545} INFO - Filling up the DagBag from /home/airflow/.local/lib/python3.12/site-packages/airflow/example_dags/example_task_group_decorator.py
[2025-09-16T15:04:00.609+0000] {processor.py:840} INFO - DAG(s) 'example_task_group_decorator' retrieved from /home/airflow/.local/lib/python3.12/site-packages/airflow/example_dags/example_task_group_decorator.py
[2025-09-16T15:04:00.640+0000] {logging_mixin.py:188} INFO - [2025-09-16T15:04:00.640+0000] {dag.py:3096} INFO - Sync 1 DAGs
[2025-09-16T15:04:00.669+0000] {logging_mixin.py:188} INFO - [2025-09-16T15:04:00.669+0000] {dag.py:3954} INFO - Setting next_dagrun for example_task_group_decorator to 2025-09-15 00:00:00+00:00, run_after=2025-09-16 00:00:00+00:00
[2025-09-16T15:04:00.697+0000] {processor.py:183} INFO - Processing /home/airflow/.local/lib/python3.12/site-packages/airflow/example_dags/example_task_group_decorator.py took 0.114 seconds
[2025-09-16T15:04:30.763+0000] {processor.py:161} INFO - Started process (PID=419) to work on /home/airflow/.local/lib/python3.12/site-packages/airflow/example_dags/example_task_group_decorator.py
[2025-09-16T15:04:30.765+0000] {processor.py:830} INFO - Processing file /home/airflow/.local/lib/python3.12/site-packages/airflow/example_dags/example_task_group_decorator.py for tasks to queue
[2025-09-16T15:04:30.769+0000] {logging_mixin.py:188} INFO - [2025-09-16T15:04:30.768+0000] {dagbag.py:545} INFO - Filling up the DagBag from /home/airflow/.local/lib/python3.12/site-packages/airflow/example_dags/example_task_group_decorator.py
[2025-09-16T15:04:30.790+0000] {processor.py:840} INFO - DAG(s) 'example_task_group_decorator' retrieved from /home/airflow/.local/lib/python3.12/site-packages/airflow/example_dags/example_task_group_decorator.py
[2025-09-16T15:04:30.827+0000] {logging_mixin.py:188} INFO - [2025-09-16T15:04:30.827+0000] {dag.py:3096} INFO - Sync 1 DAGs
[2025-09-16T15:04:30.859+0000] {logging_mixin.py:188} INFO - [2025-09-16T15:04:30.858+0000] {dag.py:3954} INFO - Setting next_dagrun for example_task_group_decorator to 2025-09-15 00:00:00+00:00, run_after=2025-09-16 00:00:00+00:00
[2025-09-16T15:04:30.887+0000] {processor.py:183} INFO - Processing /home/airflow/.local/lib/python3.12/site-packages/airflow/example_dags/example_task_group_decorator.py took 0.133 seconds
[2025-09-16T15:05:01.453+0000] {processor.py:161} INFO - Started process (PID=479) to work on /home/airflow/.local/lib/python3.12/site-packages/airflow/example_dags/example_task_group_decorator.py
[2025-09-16T15:05:01.454+0000] {processor.py:830} INFO - Processing file /home/airflow/.local/lib/python3.12/site-packages/airflow/example_dags/example_task_group_decorator.py for tasks to queue
[2025-09-16T15:05:01.457+0000] {logging_mixin.py:188} INFO - [2025-09-16T15:05:01.456+0000] {dagbag.py:545} INFO - Filling up the DagBag from /home/airflow/.local/lib/python3.12/site-packages/airflow/example_dags/example_task_group_decorator.py
[2025-09-16T15:05:01.478+0000] {processor.py:840} INFO - DAG(s) 'example_task_group_decorator' retrieved from /home/airflow/.local/lib/python3.12/site-packages/airflow/example_dags/example_task_group_decorator.py
[2025-09-16T15:05:01.515+0000] {logging_mixin.py:188} INFO - [2025-09-16T15:05:01.514+0000] {dag.py:3096} INFO - Sync 1 DAGs
[2025-09-16T15:05:01.547+0000] {logging_mixin.py:188} INFO - [2025-09-16T15:05:01.547+0000] {dag.py:3954} INFO - Setting next_dagrun for example_task_group_decorator to 2025-09-15 00:00:00+00:00, run_after=2025-09-16 00:00:00+00:00
[2025-09-16T15:05:01.573+0000] {processor.py:183} INFO - Processing /home/airflow/.local/lib/python3.12/site-packages/airflow/example_dags/example_task_group_decorator.py took 0.128 seconds
[2025-09-16T15:05:31.945+0000] {processor.py:161} INFO - Started process (PID=538) to work on /home/airflow/.local/lib/python3.12/site-packages/airflow/example_dags/example_task_group_decorator.py
[2025-09-16T15:05:31.946+0000] {processor.py:830} INFO - Processing file /home/airflow/.local/lib/python3.12/site-packages/airflow/example_dags/example_task_group_decorator.py for tasks to queue
[2025-09-16T15:05:31.949+0000] {logging_mixin.py:188} INFO - [2025-09-16T15:05:31.949+0000] {dagbag.py:545} INFO - Filling up the DagBag from /home/airflow/.local/lib/python3.12/site-packages/airflow/example_dags/example_task_group_decorator.py
[2025-09-16T15:05:31.968+0000] {processor.py:840} INFO - DAG(s) 'example_task_group_decorator' retrieved from /home/airflow/.local/lib/python3.12/site-packages/airflow/example_dags/example_task_group_decorator.py
[2025-09-16T15:05:32.007+0000] {logging_mixin.py:188} INFO - [2025-09-16T15:05:32.006+0000] {dag.py:3096} INFO - Sync 1 DAGs
[2025-09-16T15:05:32.038+0000] {logging_mixin.py:188} INFO - [2025-09-16T15:05:32.038+0000] {dag.py:3954} INFO - Setting next_dagrun for example_task_group_decorator to 2025-09-15 00:00:00+00:00, run_after=2025-09-16 00:00:00+00:00
[2025-09-16T15:05:32.075+0000] {processor.py:183} INFO - Processing /home/airflow/.local/lib/python3.12/site-packages/airflow/example_dags/example_task_group_decorator.py took 0.139 seconds
[2025-09-16T15:06:02.684+0000] {processor.py:161} INFO - Started process (PID=598) to work on /home/airflow/.local/lib/python3.12/site-packages/airflow/example_dags/example_task_group_decorator.py
[2025-09-16T15:06:02.685+0000] {processor.py:830} INFO - Processing file /home/airflow/.local/lib/python3.12/site-packages/airflow/example_dags/example_task_group_decorator.py for tasks to queue
[2025-09-16T15:06:02.688+0000] {logging_mixin.py:188} INFO - [2025-09-16T15:06:02.688+0000] {dagbag.py:545} INFO - Filling up the DagBag from /home/airflow/.local/lib/python3.12/site-packages/airflow/example_dags/example_task_group_decorator.py
[2025-09-16T15:06:02.706+0000] {processor.py:840} INFO - DAG(s) 'example_task_group_decorator' retrieved from /home/airflow/.local/lib/python3.12/site-packages/airflow/example_dags/example_task_group_decorator.py
[2025-09-16T15:06:02.741+0000] {logging_mixin.py:188} INFO - [2025-09-16T15:06:02.741+0000] {dag.py:3096} INFO - Sync 1 DAGs
[2025-09-16T15:06:02.771+0000] {logging_mixin.py:188} INFO - [2025-09-16T15:06:02.771+0000] {dag.py:3954} INFO - Setting next_dagrun for example_task_group_decorator to 2025-09-15 00:00:00+00:00, run_after=2025-09-16 00:00:00+00:00
[2025-09-16T15:06:02.798+0000] {processor.py:183} INFO - Processing /home/airflow/.local/lib/python3.12/site-packages/airflow/example_dags/example_task_group_decorator.py took 0.123 seconds
[2025-09-16T15:06:33.295+0000] {processor.py:161} INFO - Started process (PID=658) to work on /home/airflow/.local/lib/python3.12/site-packages/airflow/example_dags/example_task_group_decorator.py
[2025-09-16T15:06:33.297+0000] {processor.py:830} INFO - Processing file /home/airflow/.local/lib/python3.12/site-packages/airflow/example_dags/example_task_group_decorator.py for tasks to queue
[2025-09-16T15:06:33.300+0000] {logging_mixin.py:188} INFO - [2025-09-16T15:06:33.299+0000] {dagbag.py:545} INFO - Filling up the DagBag from /home/airflow/.local/lib/python3.12/site-packages/airflow/example_dags/example_task_group_decorator.py
[2025-09-16T15:06:33.319+0000] {processor.py:840} INFO - DAG(s) 'example_task_group_decorator' retrieved from /home/airflow/.local/lib/python3.12/site-packages/airflow/example_dags/example_task_group_decorator.py
[2025-09-16T15:06:33.353+0000] {logging_mixin.py:188} INFO - [2025-09-16T15:06:33.352+0000] {dag.py:3096} INFO - Sync 1 DAGs
[2025-09-16T15:06:33.385+0000] {logging_mixin.py:188} INFO - [2025-09-16T15:06:33.385+0000] {dag.py:3954} INFO - Setting next_dagrun for example_task_group_decorator to 2025-09-15 00:00:00+00:00, run_after=2025-09-16 00:00:00+00:00
[2025-09-16T15:06:33.413+0000] {processor.py:183} INFO - Processing /home/airflow/.local/lib/python3.12/site-packages/airflow/example_dags/example_task_group_decorator.py took 0.126 seconds
[2025-09-16T15:07:03.602+0000] {processor.py:161} INFO - Started process (PID=718) to work on /home/airflow/.local/lib/python3.12/site-packages/airflow/example_dags/example_task_group_decorator.py
[2025-09-16T15:07:03.604+0000] {processor.py:830} INFO - Processing file /home/airflow/.local/lib/python3.12/site-packages/airflow/example_dags/example_task_group_decorator.py for tasks to queue
[2025-09-16T15:07:03.606+0000] {logging_mixin.py:188} INFO - [2025-09-16T15:07:03.606+0000] {dagbag.py:545} INFO - Filling up the DagBag from /home/airflow/.local/lib/python3.12/site-packages/airflow/example_dags/example_task_group_decorator.py
[2025-09-16T15:07:03.623+0000] {processor.py:840} INFO - DAG(s) 'example_task_group_decorator' retrieved from /home/airflow/.local/lib/python3.12/site-packages/airflow/example_dags/example_task_group_decorator.py
[2025-09-16T15:07:03.663+0000] {logging_mixin.py:188} INFO - [2025-09-16T15:07:03.663+0000] {dag.py:3096} INFO - Sync 1 DAGs
[2025-09-16T15:07:03.698+0000] {logging_mixin.py:188} INFO - [2025-09-16T15:07:03.698+0000] {dag.py:3954} INFO - Setting next_dagrun for example_task_group_decorator to 2025-09-15 00:00:00+00:00, run_after=2025-09-16 00:00:00+00:00
[2025-09-16T15:07:03.733+0000] {processor.py:183} INFO - Processing /home/airflow/.local/lib/python3.12/site-packages/airflow/example_dags/example_task_group_decorator.py took 0.138 seconds
[2025-09-16T15:07:34.213+0000] {processor.py:161} INFO - Started process (PID=778) to work on /home/airflow/.local/lib/python3.12/site-packages/airflow/example_dags/example_task_group_decorator.py
[2025-09-16T15:07:34.214+0000] {processor.py:830} INFO - Processing file /home/airflow/.local/lib/python3.12/site-packages/airflow/example_dags/example_task_group_decorator.py for tasks to queue
[2025-09-16T15:07:34.217+0000] {logging_mixin.py:188} INFO - [2025-09-16T15:07:34.216+0000] {dagbag.py:545} INFO - Filling up the DagBag from /home/airflow/.local/lib/python3.12/site-packages/airflow/example_dags/example_task_group_decorator.py
[2025-09-16T15:07:34.231+0000] {processor.py:840} INFO - DAG(s) 'example_task_group_decorator' retrieved from /home/airflow/.local/lib/python3.12/site-packages/airflow/example_dags/example_task_group_decorator.py
[2025-09-16T15:07:34.260+0000] {logging_mixin.py:188} INFO - [2025-09-16T15:07:34.260+0000] {dag.py:3096} INFO - Sync 1 DAGs
[2025-09-16T15:07:34.289+0000] {logging_mixin.py:188} INFO - [2025-09-16T15:07:34.289+0000] {dag.py:3954} INFO - Setting next_dagrun for example_task_group_decorator to 2025-09-15 00:00:00+00:00, run_after=2025-09-16 00:00:00+00:00
[2025-09-16T15:07:34.313+0000] {processor.py:183} INFO - Processing /home/airflow/.local/lib/python3.12/site-packages/airflow/example_dags/example_task_group_decorator.py took 0.106 seconds
[2025-09-16T15:08:04.866+0000] {processor.py:161} INFO - Started process (PID=838) to work on /home/airflow/.local/lib/python3.12/site-packages/airflow/example_dags/example_task_group_decorator.py
[2025-09-16T15:08:04.868+0000] {processor.py:830} INFO - Processing file /home/airflow/.local/lib/python3.12/site-packages/airflow/example_dags/example_task_group_decorator.py for tasks to queue
[2025-09-16T15:08:04.871+0000] {logging_mixin.py:188} INFO - [2025-09-16T15:08:04.870+0000] {dagbag.py:545} INFO - Filling up the DagBag from /home/airflow/.local/lib/python3.12/site-packages/airflow/example_dags/example_task_group_decorator.py
[2025-09-16T15:08:04.888+0000] {processor.py:840} INFO - DAG(s) 'example_task_group_decorator' retrieved from /home/airflow/.local/lib/python3.12/site-packages/airflow/example_dags/example_task_group_decorator.py
[2025-09-16T15:08:04.926+0000] {logging_mixin.py:188} INFO - [2025-09-16T15:08:04.926+0000] {dag.py:3096} INFO - Sync 1 DAGs
[2025-09-16T15:08:04.969+0000] {logging_mixin.py:188} INFO - [2025-09-16T15:08:04.968+0000] {dag.py:3954} INFO - Setting next_dagrun for example_task_group_decorator to 2025-09-15 00:00:00+00:00, run_after=2025-09-16 00:00:00+00:00
[2025-09-16T15:08:05.004+0000] {processor.py:183} INFO - Processing /home/airflow/.local/lib/python3.12/site-packages/airflow/example_dags/example_task_group_decorator.py took 0.146 seconds
[2025-09-16T15:08:36.145+0000] {processor.py:161} INFO - Started process (PID=898) to work on /home/airflow/.local/lib/python3.12/site-packages/airflow/example_dags/example_task_group_decorator.py
[2025-09-16T15:08:36.149+0000] {processor.py:830} INFO - Processing file /home/airflow/.local/lib/python3.12/site-packages/airflow/example_dags/example_task_group_decorator.py for tasks to queue
[2025-09-16T15:08:36.154+0000] {logging_mixin.py:188} INFO - [2025-09-16T15:08:36.153+0000] {dagbag.py:545} INFO - Filling up the DagBag from /home/airflow/.local/lib/python3.12/site-packages/airflow/example_dags/example_task_group_decorator.py
[2025-09-16T15:08:36.172+0000] {processor.py:840} INFO - DAG(s) 'example_task_group_decorator' retrieved from /home/airflow/.local/lib/python3.12/site-packages/airflow/example_dags/example_task_group_decorator.py
[2025-09-16T15:08:36.213+0000] {logging_mixin.py:188} INFO - [2025-09-16T15:08:36.212+0000] {dag.py:3096} INFO - Sync 1 DAGs
[2025-09-16T15:08:36.240+0000] {logging_mixin.py:188} INFO - [2025-09-16T15:08:36.240+0000] {dag.py:3954} INFO - Setting next_dagrun for example_task_group_decorator to 2025-09-15 00:00:00+00:00, run_after=2025-09-16 00:00:00+00:00
[2025-09-16T15:08:36.277+0000] {processor.py:183} INFO - Processing /home/airflow/.local/lib/python3.12/site-packages/airflow/example_dags/example_task_group_decorator.py took 0.138 seconds
[2025-09-16T15:09:06.687+0000] {processor.py:161} INFO - Started process (PID=958) to work on /home/airflow/.local/lib/python3.12/site-packages/airflow/example_dags/example_task_group_decorator.py
[2025-09-16T15:09:06.689+0000] {processor.py:830} INFO - Processing file /home/airflow/.local/lib/python3.12/site-packages/airflow/example_dags/example_task_group_decorator.py for tasks to queue
[2025-09-16T15:09:06.692+0000] {logging_mixin.py:188} INFO - [2025-09-16T15:09:06.692+0000] {dagbag.py:545} INFO - Filling up the DagBag from /home/airflow/.local/lib/python3.12/site-packages/airflow/example_dags/example_task_group_decorator.py
[2025-09-16T15:09:06.714+0000] {processor.py:840} INFO - DAG(s) 'example_task_group_decorator' retrieved from /home/airflow/.local/lib/python3.12/site-packages/airflow/example_dags/example_task_group_decorator.py
[2025-09-16T15:09:06.749+0000] {logging_mixin.py:188} INFO - [2025-09-16T15:09:06.749+0000] {dag.py:3096} INFO - Sync 1 DAGs
[2025-09-16T15:09:06.783+0000] {logging_mixin.py:188} INFO - [2025-09-16T15:09:06.783+0000] {dag.py:3954} INFO - Setting next_dagrun for example_task_group_decorator to 2025-09-15 00:00:00+00:00, run_after=2025-09-16 00:00:00+00:00
[2025-09-16T15:09:06.811+0000] {processor.py:183} INFO - Processing /home/airflow/.local/lib/python3.12/site-packages/airflow/example_dags/example_task_group_decorator.py took 0.131 seconds
[2025-09-16T15:09:37.288+0000] {processor.py:161} INFO - Started process (PID=1018) to work on /home/airflow/.local/lib/python3.12/site-packages/airflow/example_dags/example_task_group_decorator.py
[2025-09-16T15:09:37.290+0000] {processor.py:830} INFO - Processing file /home/airflow/.local/lib/python3.12/site-packages/airflow/example_dags/example_task_group_decorator.py for tasks to queue
[2025-09-16T15:09:37.293+0000] {logging_mixin.py:188} INFO - [2025-09-16T15:09:37.293+0000] {dagbag.py:545} INFO - Filling up the DagBag from /home/airflow/.local/lib/python3.12/site-packages/airflow/example_dags/example_task_group_decorator.py
[2025-09-16T15:09:37.313+0000] {processor.py:840} INFO - DAG(s) 'example_task_group_decorator' retrieved from /home/airflow/.local/lib/python3.12/site-packages/airflow/example_dags/example_task_group_decorator.py
[2025-09-16T15:09:37.351+0000] {logging_mixin.py:188} INFO - [2025-09-16T15:09:37.351+0000] {dag.py:3096} INFO - Sync 1 DAGs
[2025-09-16T15:09:37.382+0000] {logging_mixin.py:188} INFO - [2025-09-16T15:09:37.382+0000] {dag.py:3954} INFO - Setting next_dagrun for example_task_group_decorator to 2025-09-15 00:00:00+00:00, run_after=2025-09-16 00:00:00+00:00
[2025-09-16T15:09:37.416+0000] {processor.py:183} INFO - Processing /home/airflow/.local/lib/python3.12/site-packages/airflow/example_dags/example_task_group_decorator.py took 0.137 seconds
[2025-09-16T15:10:07.570+0000] {processor.py:161} INFO - Started process (PID=1078) to work on /home/airflow/.local/lib/python3.12/site-packages/airflow/example_dags/example_task_group_decorator.py
[2025-09-16T15:10:07.572+0000] {processor.py:830} INFO - Processing file /home/airflow/.local/lib/python3.12/site-packages/airflow/example_dags/example_task_group_decorator.py for tasks to queue
[2025-09-16T15:10:07.574+0000] {logging_mixin.py:188} INFO - [2025-09-16T15:10:07.574+0000] {dagbag.py:545} INFO - Filling up the DagBag from /home/airflow/.local/lib/python3.12/site-packages/airflow/example_dags/example_task_group_decorator.py
[2025-09-16T15:10:07.595+0000] {processor.py:840} INFO - DAG(s) 'example_task_group_decorator' retrieved from /home/airflow/.local/lib/python3.12/site-packages/airflow/example_dags/example_task_group_decorator.py
[2025-09-16T15:10:07.628+0000] {logging_mixin.py:188} INFO - [2025-09-16T15:10:07.628+0000] {dag.py:3096} INFO - Sync 1 DAGs
[2025-09-16T15:10:07.660+0000] {logging_mixin.py:188} INFO - [2025-09-16T15:10:07.659+0000] {dag.py:3954} INFO - Setting next_dagrun for example_task_group_decorator to 2025-09-15 00:00:00+00:00, run_after=2025-09-16 00:00:00+00:00
[2025-09-16T15:10:07.688+0000] {processor.py:183} INFO - Processing /home/airflow/.local/lib/python3.12/site-packages/airflow/example_dags/example_task_group_decorator.py took 0.124 seconds
[2025-09-16T15:10:38.306+0000] {processor.py:161} INFO - Started process (PID=1138) to work on /home/airflow/.local/lib/python3.12/site-packages/airflow/example_dags/example_task_group_decorator.py
[2025-09-16T15:10:38.308+0000] {processor.py:830} INFO - Processing file /home/airflow/.local/lib/python3.12/site-packages/airflow/example_dags/example_task_group_decorator.py for tasks to queue
[2025-09-16T15:10:38.311+0000] {logging_mixin.py:188} INFO - [2025-09-16T15:10:38.311+0000] {dagbag.py:545} INFO - Filling up the DagBag from /home/airflow/.local/lib/python3.12/site-packages/airflow/example_dags/example_task_group_decorator.py
[2025-09-16T15:10:38.333+0000] {processor.py:840} INFO - DAG(s) 'example_task_group_decorator' retrieved from /home/airflow/.local/lib/python3.12/site-packages/airflow/example_dags/example_task_group_decorator.py
[2025-09-16T15:10:38.381+0000] {logging_mixin.py:188} INFO - [2025-09-16T15:10:38.381+0000] {dag.py:3096} INFO - Sync 1 DAGs
[2025-09-16T15:10:38.417+0000] {logging_mixin.py:188} INFO - [2025-09-16T15:10:38.417+0000] {dag.py:3954} INFO - Setting next_dagrun for example_task_group_decorator to 2025-09-15 00:00:00+00:00, run_after=2025-09-16 00:00:00+00:00
[2025-09-16T15:10:38.449+0000] {processor.py:183} INFO - Processing /home/airflow/.local/lib/python3.12/site-packages/airflow/example_dags/example_task_group_decorator.py took 0.154 seconds
[2025-09-16T15:11:08.855+0000] {processor.py:161} INFO - Started process (PID=1198) to work on /home/airflow/.local/lib/python3.12/site-packages/airflow/example_dags/example_task_group_decorator.py
[2025-09-16T15:11:08.857+0000] {processor.py:830} INFO - Processing file /home/airflow/.local/lib/python3.12/site-packages/airflow/example_dags/example_task_group_decorator.py for tasks to queue
[2025-09-16T15:11:08.859+0000] {logging_mixin.py:188} INFO - [2025-09-16T15:11:08.859+0000] {dagbag.py:545} INFO - Filling up the DagBag from /home/airflow/.local/lib/python3.12/site-packages/airflow/example_dags/example_task_group_decorator.py
[2025-09-16T15:11:08.875+0000] {processor.py:840} INFO - DAG(s) 'example_task_group_decorator' retrieved from /home/airflow/.local/lib/python3.12/site-packages/airflow/example_dags/example_task_group_decorator.py
[2025-09-16T15:11:08.906+0000] {logging_mixin.py:188} INFO - [2025-09-16T15:11:08.906+0000] {dag.py:3096} INFO - Sync 1 DAGs
[2025-09-16T15:11:08.941+0000] {logging_mixin.py:188} INFO - [2025-09-16T15:11:08.941+0000] {dag.py:3954} INFO - Setting next_dagrun for example_task_group_decorator to 2025-09-15 00:00:00+00:00, run_after=2025-09-16 00:00:00+00:00
[2025-09-16T15:11:08.968+0000] {processor.py:183} INFO - Processing /home/airflow/.local/lib/python3.12/site-packages/airflow/example_dags/example_task_group_decorator.py took 0.119 seconds
[2025-09-16T15:11:40.453+0000] {processor.py:161} INFO - Started process (PID=1258) to work on /home/airflow/.local/lib/python3.12/site-packages/airflow/example_dags/example_task_group_decorator.py
[2025-09-16T15:11:40.455+0000] {processor.py:830} INFO - Processing file /home/airflow/.local/lib/python3.12/site-packages/airflow/example_dags/example_task_group_decorator.py for tasks to queue
[2025-09-16T15:11:40.458+0000] {logging_mixin.py:188} INFO - [2025-09-16T15:11:40.457+0000] {dagbag.py:545} INFO - Filling up the DagBag from /home/airflow/.local/lib/python3.12/site-packages/airflow/example_dags/example_task_group_decorator.py
[2025-09-16T15:11:40.476+0000] {processor.py:840} INFO - DAG(s) 'example_task_group_decorator' retrieved from /home/airflow/.local/lib/python3.12/site-packages/airflow/example_dags/example_task_group_decorator.py
[2025-09-16T15:11:40.511+0000] {logging_mixin.py:188} INFO - [2025-09-16T15:11:40.511+0000] {dag.py:3096} INFO - Sync 1 DAGs
[2025-09-16T15:11:40.541+0000] {logging_mixin.py:188} INFO - [2025-09-16T15:11:40.540+0000] {dag.py:3954} INFO - Setting next_dagrun for example_task_group_decorator to 2025-09-15 00:00:00+00:00, run_after=2025-09-16 00:00:00+00:00
[2025-09-16T15:11:40.565+0000] {processor.py:183} INFO - Processing /home/airflow/.local/lib/python3.12/site-packages/airflow/example_dags/example_task_group_decorator.py took 0.120 seconds
[2025-09-16T15:12:10.821+0000] {processor.py:161} INFO - Started process (PID=1318) to work on /home/airflow/.local/lib/python3.12/site-packages/airflow/example_dags/example_task_group_decorator.py
[2025-09-16T15:12:10.824+0000] {processor.py:830} INFO - Processing file /home/airflow/.local/lib/python3.12/site-packages/airflow/example_dags/example_task_group_decorator.py for tasks to queue
[2025-09-16T15:12:10.827+0000] {logging_mixin.py:188} INFO - [2025-09-16T15:12:10.826+0000] {dagbag.py:545} INFO - Filling up the DagBag from /home/airflow/.local/lib/python3.12/site-packages/airflow/example_dags/example_task_group_decorator.py
[2025-09-16T15:12:10.853+0000] {processor.py:840} INFO - DAG(s) 'example_task_group_decorator' retrieved from /home/airflow/.local/lib/python3.12/site-packages/airflow/example_dags/example_task_group_decorator.py
[2025-09-16T15:12:10.897+0000] {logging_mixin.py:188} INFO - [2025-09-16T15:12:10.897+0000] {dag.py:3096} INFO - Sync 1 DAGs
[2025-09-16T15:12:10.947+0000] {logging_mixin.py:188} INFO - [2025-09-16T15:12:10.946+0000] {dag.py:3954} INFO - Setting next_dagrun for example_task_group_decorator to 2025-09-15 00:00:00+00:00, run_after=2025-09-16 00:00:00+00:00
[2025-09-16T15:12:10.979+0000] {processor.py:183} INFO - Processing /home/airflow/.local/lib/python3.12/site-packages/airflow/example_dags/example_task_group_decorator.py took 0.170 seconds
[2025-09-16T15:12:41.866+0000] {processor.py:161} INFO - Started process (PID=1378) to work on /home/airflow/.local/lib/python3.12/site-packages/airflow/example_dags/example_task_group_decorator.py
[2025-09-16T15:12:41.868+0000] {processor.py:830} INFO - Processing file /home/airflow/.local/lib/python3.12/site-packages/airflow/example_dags/example_task_group_decorator.py for tasks to queue
[2025-09-16T15:12:41.871+0000] {logging_mixin.py:188} INFO - [2025-09-16T15:12:41.870+0000] {dagbag.py:545} INFO - Filling up the DagBag from /home/airflow/.local/lib/python3.12/site-packages/airflow/example_dags/example_task_group_decorator.py
[2025-09-16T15:12:41.889+0000] {processor.py:840} INFO - DAG(s) 'example_task_group_decorator' retrieved from /home/airflow/.local/lib/python3.12/site-packages/airflow/example_dags/example_task_group_decorator.py
[2025-09-16T15:12:41.928+0000] {logging_mixin.py:188} INFO - [2025-09-16T15:12:41.927+0000] {dag.py:3096} INFO - Sync 1 DAGs
[2025-09-16T15:12:41.958+0000] {logging_mixin.py:188} INFO - [2025-09-16T15:12:41.958+0000] {dag.py:3954} INFO - Setting next_dagrun for example_task_group_decorator to 2025-09-15 00:00:00+00:00, run_after=2025-09-16 00:00:00+00:00
[2025-09-16T15:12:41.992+0000] {processor.py:183} INFO - Processing /home/airflow/.local/lib/python3.12/site-packages/airflow/example_dags/example_task_group_decorator.py took 0.133 seconds
[2025-09-16T15:13:12.087+0000] {processor.py:161} INFO - Started process (PID=1436) to work on /home/airflow/.local/lib/python3.12/site-packages/airflow/example_dags/example_task_group_decorator.py
[2025-09-16T15:13:12.089+0000] {processor.py:830} INFO - Processing file /home/airflow/.local/lib/python3.12/site-packages/airflow/example_dags/example_task_group_decorator.py for tasks to queue
[2025-09-16T15:13:12.091+0000] {logging_mixin.py:188} INFO - [2025-09-16T15:13:12.091+0000] {dagbag.py:545} INFO - Filling up the DagBag from /home/airflow/.local/lib/python3.12/site-packages/airflow/example_dags/example_task_group_decorator.py
[2025-09-16T15:13:12.107+0000] {processor.py:840} INFO - DAG(s) 'example_task_group_decorator' retrieved from /home/airflow/.local/lib/python3.12/site-packages/airflow/example_dags/example_task_group_decorator.py
[2025-09-16T15:13:12.140+0000] {logging_mixin.py:188} INFO - [2025-09-16T15:13:12.139+0000] {dag.py:3096} INFO - Sync 1 DAGs
[2025-09-16T15:13:12.169+0000] {logging_mixin.py:188} INFO - [2025-09-16T15:13:12.168+0000] {dag.py:3954} INFO - Setting next_dagrun for example_task_group_decorator to 2025-09-15 00:00:00+00:00, run_after=2025-09-16 00:00:00+00:00
[2025-09-16T15:13:12.194+0000] {processor.py:183} INFO - Processing /home/airflow/.local/lib/python3.12/site-packages/airflow/example_dags/example_task_group_decorator.py took 0.112 seconds
[2025-09-16T15:13:42.400+0000] {processor.py:161} INFO - Started process (PID=1496) to work on /home/airflow/.local/lib/python3.12/site-packages/airflow/example_dags/example_task_group_decorator.py
[2025-09-16T15:13:42.401+0000] {processor.py:830} INFO - Processing file /home/airflow/.local/lib/python3.12/site-packages/airflow/example_dags/example_task_group_decorator.py for tasks to queue
[2025-09-16T15:13:42.404+0000] {logging_mixin.py:188} INFO - [2025-09-16T15:13:42.404+0000] {dagbag.py:545} INFO - Filling up the DagBag from /home/airflow/.local/lib/python3.12/site-packages/airflow/example_dags/example_task_group_decorator.py
[2025-09-16T15:13:42.422+0000] {processor.py:840} INFO - DAG(s) 'example_task_group_decorator' retrieved from /home/airflow/.local/lib/python3.12/site-packages/airflow/example_dags/example_task_group_decorator.py
[2025-09-16T15:13:42.459+0000] {logging_mixin.py:188} INFO - [2025-09-16T15:13:42.458+0000] {dag.py:3096} INFO - Sync 1 DAGs
[2025-09-16T15:13:42.490+0000] {logging_mixin.py:188} INFO - [2025-09-16T15:13:42.490+0000] {dag.py:3954} INFO - Setting next_dagrun for example_task_group_decorator to 2025-09-15 00:00:00+00:00, run_after=2025-09-16 00:00:00+00:00
[2025-09-16T15:13:42.516+0000] {processor.py:183} INFO - Processing /home/airflow/.local/lib/python3.12/site-packages/airflow/example_dags/example_task_group_decorator.py took 0.123 seconds
