[2025-09-16T14:08:02.122+0000] {processor.py:161} INFO - Started process (PID=173) to work on /home/airflow/.local/lib/python3.12/site-packages/airflow/example_dags/tutorial.py
[2025-09-16T14:08:02.125+0000] {processor.py:830} INFO - Processing file /home/airflow/.local/lib/python3.12/site-packages/airflow/example_dags/tutorial.py for tasks to queue
[2025-09-16T14:08:02.132+0000] {logging_mixin.py:188} INFO - [2025-09-16T14:08:02.131+0000] {dagbag.py:545} INFO - Filling up the DagBag from /home/airflow/.local/lib/python3.12/site-packages/airflow/example_dags/tutorial.py
[2025-09-16T14:08:02.161+0000] {processor.py:840} INFO - DAG(s) 'tutorial' retrieved from /home/airflow/.local/lib/python3.12/site-packages/airflow/example_dags/tutorial.py
[2025-09-16T14:08:02.226+0000] {logging_mixin.py:188} INFO - [2025-09-16T14:08:02.225+0000] {dag.py:3096} INFO - Sync 1 DAGs
[2025-09-16T14:08:02.350+0000] {logging_mixin.py:188} INFO - [2025-09-16T14:08:02.350+0000] {dag.py:3954} INFO - Setting next_dagrun for tutorial to 2025-09-15 00:00:00+00:00, run_after=2025-09-16 00:00:00+00:00
[2025-09-16T14:08:02.418+0000] {processor.py:183} INFO - Processing /home/airflow/.local/lib/python3.12/site-packages/airflow/example_dags/tutorial.py took 0.306 seconds
[2025-09-16T14:08:33.177+0000] {processor.py:161} INFO - Started process (PID=233) to work on /home/airflow/.local/lib/python3.12/site-packages/airflow/example_dags/tutorial.py
[2025-09-16T14:08:33.179+0000] {processor.py:830} INFO - Processing file /home/airflow/.local/lib/python3.12/site-packages/airflow/example_dags/tutorial.py for tasks to queue
[2025-09-16T14:08:33.181+0000] {logging_mixin.py:188} INFO - [2025-09-16T14:08:33.181+0000] {dagbag.py:545} INFO - Filling up the DagBag from /home/airflow/.local/lib/python3.12/site-packages/airflow/example_dags/tutorial.py
[2025-09-16T14:08:33.189+0000] {processor.py:840} INFO - DAG(s) 'tutorial' retrieved from /home/airflow/.local/lib/python3.12/site-packages/airflow/example_dags/tutorial.py
[2025-09-16T14:08:33.342+0000] {logging_mixin.py:188} INFO - [2025-09-16T14:08:33.341+0000] {dag.py:3096} INFO - Sync 1 DAGs
[2025-09-16T14:08:33.373+0000] {logging_mixin.py:188} INFO - [2025-09-16T14:08:33.372+0000] {dag.py:3954} INFO - Setting next_dagrun for tutorial to 2025-09-15 00:00:00+00:00, run_after=2025-09-16 00:00:00+00:00
[2025-09-16T14:08:33.405+0000] {processor.py:183} INFO - Processing /home/airflow/.local/lib/python3.12/site-packages/airflow/example_dags/tutorial.py took 0.238 seconds
[2025-09-16T14:09:03.797+0000] {processor.py:161} INFO - Started process (PID=293) to work on /home/airflow/.local/lib/python3.12/site-packages/airflow/example_dags/tutorial.py
[2025-09-16T14:09:03.799+0000] {processor.py:830} INFO - Processing file /home/airflow/.local/lib/python3.12/site-packages/airflow/example_dags/tutorial.py for tasks to queue
[2025-09-16T14:09:03.801+0000] {logging_mixin.py:188} INFO - [2025-09-16T14:09:03.801+0000] {dagbag.py:545} INFO - Filling up the DagBag from /home/airflow/.local/lib/python3.12/site-packages/airflow/example_dags/tutorial.py
[2025-09-16T14:09:03.809+0000] {processor.py:840} INFO - DAG(s) 'tutorial' retrieved from /home/airflow/.local/lib/python3.12/site-packages/airflow/example_dags/tutorial.py
[2025-09-16T14:09:03.838+0000] {logging_mixin.py:188} INFO - [2025-09-16T14:09:03.837+0000] {dag.py:3096} INFO - Sync 1 DAGs
[2025-09-16T14:09:03.869+0000] {logging_mixin.py:188} INFO - [2025-09-16T14:09:03.869+0000] {dag.py:3954} INFO - Setting next_dagrun for tutorial to 2025-09-15 00:00:00+00:00, run_after=2025-09-16 00:00:00+00:00
[2025-09-16T14:09:03.902+0000] {processor.py:183} INFO - Processing /home/airflow/.local/lib/python3.12/site-packages/airflow/example_dags/tutorial.py took 0.113 seconds
[2025-09-16T14:09:34.659+0000] {processor.py:161} INFO - Started process (PID=353) to work on /home/airflow/.local/lib/python3.12/site-packages/airflow/example_dags/tutorial.py
[2025-09-16T14:09:34.661+0000] {processor.py:830} INFO - Processing file /home/airflow/.local/lib/python3.12/site-packages/airflow/example_dags/tutorial.py for tasks to queue
[2025-09-16T14:09:34.664+0000] {logging_mixin.py:188} INFO - [2025-09-16T14:09:34.664+0000] {dagbag.py:545} INFO - Filling up the DagBag from /home/airflow/.local/lib/python3.12/site-packages/airflow/example_dags/tutorial.py
[2025-09-16T14:09:34.672+0000] {processor.py:840} INFO - DAG(s) 'tutorial' retrieved from /home/airflow/.local/lib/python3.12/site-packages/airflow/example_dags/tutorial.py
[2025-09-16T14:09:34.701+0000] {logging_mixin.py:188} INFO - [2025-09-16T14:09:34.700+0000] {dag.py:3096} INFO - Sync 1 DAGs
[2025-09-16T14:09:34.733+0000] {logging_mixin.py:188} INFO - [2025-09-16T14:09:34.732+0000] {dag.py:3954} INFO - Setting next_dagrun for tutorial to 2025-09-15 00:00:00+00:00, run_after=2025-09-16 00:00:00+00:00
[2025-09-16T14:09:34.771+0000] {processor.py:183} INFO - Processing /home/airflow/.local/lib/python3.12/site-packages/airflow/example_dags/tutorial.py took 0.121 seconds
[2025-09-16T14:10:05.709+0000] {processor.py:161} INFO - Started process (PID=413) to work on /home/airflow/.local/lib/python3.12/site-packages/airflow/example_dags/tutorial.py
[2025-09-16T14:10:05.712+0000] {processor.py:830} INFO - Processing file /home/airflow/.local/lib/python3.12/site-packages/airflow/example_dags/tutorial.py for tasks to queue
[2025-09-16T14:10:05.715+0000] {logging_mixin.py:188} INFO - [2025-09-16T14:10:05.714+0000] {dagbag.py:545} INFO - Filling up the DagBag from /home/airflow/.local/lib/python3.12/site-packages/airflow/example_dags/tutorial.py
[2025-09-16T14:10:05.722+0000] {processor.py:840} INFO - DAG(s) 'tutorial' retrieved from /home/airflow/.local/lib/python3.12/site-packages/airflow/example_dags/tutorial.py
[2025-09-16T14:10:05.750+0000] {logging_mixin.py:188} INFO - [2025-09-16T14:10:05.749+0000] {dag.py:3096} INFO - Sync 1 DAGs
[2025-09-16T14:10:05.779+0000] {logging_mixin.py:188} INFO - [2025-09-16T14:10:05.778+0000] {dag.py:3954} INFO - Setting next_dagrun for tutorial to 2025-09-15 00:00:00+00:00, run_after=2025-09-16 00:00:00+00:00
[2025-09-16T14:10:05.807+0000] {processor.py:183} INFO - Processing /home/airflow/.local/lib/python3.12/site-packages/airflow/example_dags/tutorial.py took 0.103 seconds
[2025-09-16T14:10:36.182+0000] {processor.py:161} INFO - Started process (PID=473) to work on /home/airflow/.local/lib/python3.12/site-packages/airflow/example_dags/tutorial.py
[2025-09-16T14:10:36.184+0000] {processor.py:830} INFO - Processing file /home/airflow/.local/lib/python3.12/site-packages/airflow/example_dags/tutorial.py for tasks to queue
[2025-09-16T14:10:36.187+0000] {logging_mixin.py:188} INFO - [2025-09-16T14:10:36.187+0000] {dagbag.py:545} INFO - Filling up the DagBag from /home/airflow/.local/lib/python3.12/site-packages/airflow/example_dags/tutorial.py
[2025-09-16T14:10:36.195+0000] {processor.py:840} INFO - DAG(s) 'tutorial' retrieved from /home/airflow/.local/lib/python3.12/site-packages/airflow/example_dags/tutorial.py
[2025-09-16T14:10:36.224+0000] {logging_mixin.py:188} INFO - [2025-09-16T14:10:36.224+0000] {dag.py:3096} INFO - Sync 1 DAGs
[2025-09-16T14:10:36.258+0000] {logging_mixin.py:188} INFO - [2025-09-16T14:10:36.257+0000] {dag.py:3954} INFO - Setting next_dagrun for tutorial to 2025-09-15 00:00:00+00:00, run_after=2025-09-16 00:00:00+00:00
[2025-09-16T14:10:36.291+0000] {processor.py:183} INFO - Processing /home/airflow/.local/lib/python3.12/site-packages/airflow/example_dags/tutorial.py took 0.116 seconds
[2025-09-16T14:11:07.080+0000] {processor.py:161} INFO - Started process (PID=533) to work on /home/airflow/.local/lib/python3.12/site-packages/airflow/example_dags/tutorial.py
[2025-09-16T14:11:07.081+0000] {processor.py:830} INFO - Processing file /home/airflow/.local/lib/python3.12/site-packages/airflow/example_dags/tutorial.py for tasks to queue
[2025-09-16T14:11:07.085+0000] {logging_mixin.py:188} INFO - [2025-09-16T14:11:07.084+0000] {dagbag.py:545} INFO - Filling up the DagBag from /home/airflow/.local/lib/python3.12/site-packages/airflow/example_dags/tutorial.py
[2025-09-16T14:11:07.093+0000] {processor.py:840} INFO - DAG(s) 'tutorial' retrieved from /home/airflow/.local/lib/python3.12/site-packages/airflow/example_dags/tutorial.py
[2025-09-16T14:11:07.124+0000] {logging_mixin.py:188} INFO - [2025-09-16T14:11:07.123+0000] {dag.py:3096} INFO - Sync 1 DAGs
[2025-09-16T14:11:07.159+0000] {logging_mixin.py:188} INFO - [2025-09-16T14:11:07.159+0000] {dag.py:3954} INFO - Setting next_dagrun for tutorial to 2025-09-15 00:00:00+00:00, run_after=2025-09-16 00:00:00+00:00
[2025-09-16T14:11:07.194+0000] {processor.py:183} INFO - Processing /home/airflow/.local/lib/python3.12/site-packages/airflow/example_dags/tutorial.py took 0.121 seconds
[2025-09-16T14:11:37.496+0000] {processor.py:161} INFO - Started process (PID=593) to work on /home/airflow/.local/lib/python3.12/site-packages/airflow/example_dags/tutorial.py
[2025-09-16T14:11:37.497+0000] {processor.py:830} INFO - Processing file /home/airflow/.local/lib/python3.12/site-packages/airflow/example_dags/tutorial.py for tasks to queue
[2025-09-16T14:11:37.499+0000] {logging_mixin.py:188} INFO - [2025-09-16T14:11:37.499+0000] {dagbag.py:545} INFO - Filling up the DagBag from /home/airflow/.local/lib/python3.12/site-packages/airflow/example_dags/tutorial.py
[2025-09-16T14:11:37.507+0000] {processor.py:840} INFO - DAG(s) 'tutorial' retrieved from /home/airflow/.local/lib/python3.12/site-packages/airflow/example_dags/tutorial.py
[2025-09-16T14:11:37.534+0000] {logging_mixin.py:188} INFO - [2025-09-16T14:11:37.534+0000] {dag.py:3096} INFO - Sync 1 DAGs
[2025-09-16T14:11:37.564+0000] {logging_mixin.py:188} INFO - [2025-09-16T14:11:37.563+0000] {dag.py:3954} INFO - Setting next_dagrun for tutorial to 2025-09-15 00:00:00+00:00, run_after=2025-09-16 00:00:00+00:00
[2025-09-16T14:11:37.594+0000] {processor.py:183} INFO - Processing /home/airflow/.local/lib/python3.12/site-packages/airflow/example_dags/tutorial.py took 0.104 seconds
[2025-09-16T14:12:08.414+0000] {processor.py:161} INFO - Started process (PID=653) to work on /home/airflow/.local/lib/python3.12/site-packages/airflow/example_dags/tutorial.py
[2025-09-16T14:12:08.415+0000] {processor.py:830} INFO - Processing file /home/airflow/.local/lib/python3.12/site-packages/airflow/example_dags/tutorial.py for tasks to queue
[2025-09-16T14:12:08.419+0000] {logging_mixin.py:188} INFO - [2025-09-16T14:12:08.418+0000] {dagbag.py:545} INFO - Filling up the DagBag from /home/airflow/.local/lib/python3.12/site-packages/airflow/example_dags/tutorial.py
[2025-09-16T14:12:08.430+0000] {processor.py:840} INFO - DAG(s) 'tutorial' retrieved from /home/airflow/.local/lib/python3.12/site-packages/airflow/example_dags/tutorial.py
[2025-09-16T14:12:08.464+0000] {logging_mixin.py:188} INFO - [2025-09-16T14:12:08.463+0000] {dag.py:3096} INFO - Sync 1 DAGs
[2025-09-16T14:12:08.500+0000] {logging_mixin.py:188} INFO - [2025-09-16T14:12:08.499+0000] {dag.py:3954} INFO - Setting next_dagrun for tutorial to 2025-09-15 00:00:00+00:00, run_after=2025-09-16 00:00:00+00:00
[2025-09-16T14:12:08.536+0000] {processor.py:183} INFO - Processing /home/airflow/.local/lib/python3.12/site-packages/airflow/example_dags/tutorial.py took 0.129 seconds
[2025-09-16T14:12:38.846+0000] {processor.py:161} INFO - Started process (PID=713) to work on /home/airflow/.local/lib/python3.12/site-packages/airflow/example_dags/tutorial.py
[2025-09-16T14:12:38.847+0000] {processor.py:830} INFO - Processing file /home/airflow/.local/lib/python3.12/site-packages/airflow/example_dags/tutorial.py for tasks to queue
[2025-09-16T14:12:38.849+0000] {logging_mixin.py:188} INFO - [2025-09-16T14:12:38.849+0000] {dagbag.py:545} INFO - Filling up the DagBag from /home/airflow/.local/lib/python3.12/site-packages/airflow/example_dags/tutorial.py
[2025-09-16T14:12:38.856+0000] {processor.py:840} INFO - DAG(s) 'tutorial' retrieved from /home/airflow/.local/lib/python3.12/site-packages/airflow/example_dags/tutorial.py
[2025-09-16T14:12:38.881+0000] {logging_mixin.py:188} INFO - [2025-09-16T14:12:38.881+0000] {dag.py:3096} INFO - Sync 1 DAGs
[2025-09-16T14:12:38.920+0000] {logging_mixin.py:188} INFO - [2025-09-16T14:12:38.919+0000] {dag.py:3954} INFO - Setting next_dagrun for tutorial to 2025-09-15 00:00:00+00:00, run_after=2025-09-16 00:00:00+00:00
[2025-09-16T14:12:38.949+0000] {processor.py:183} INFO - Processing /home/airflow/.local/lib/python3.12/site-packages/airflow/example_dags/tutorial.py took 0.109 seconds
[2025-09-16T14:13:09.453+0000] {processor.py:161} INFO - Started process (PID=773) to work on /home/airflow/.local/lib/python3.12/site-packages/airflow/example_dags/tutorial.py
[2025-09-16T14:13:09.455+0000] {processor.py:830} INFO - Processing file /home/airflow/.local/lib/python3.12/site-packages/airflow/example_dags/tutorial.py for tasks to queue
[2025-09-16T14:13:09.458+0000] {logging_mixin.py:188} INFO - [2025-09-16T14:13:09.457+0000] {dagbag.py:545} INFO - Filling up the DagBag from /home/airflow/.local/lib/python3.12/site-packages/airflow/example_dags/tutorial.py
[2025-09-16T14:13:09.467+0000] {processor.py:840} INFO - DAG(s) 'tutorial' retrieved from /home/airflow/.local/lib/python3.12/site-packages/airflow/example_dags/tutorial.py
[2025-09-16T14:13:09.496+0000] {logging_mixin.py:188} INFO - [2025-09-16T14:13:09.495+0000] {dag.py:3096} INFO - Sync 1 DAGs
[2025-09-16T14:13:09.529+0000] {logging_mixin.py:188} INFO - [2025-09-16T14:13:09.529+0000] {dag.py:3954} INFO - Setting next_dagrun for tutorial to 2025-09-15 00:00:00+00:00, run_after=2025-09-16 00:00:00+00:00
[2025-09-16T14:13:09.578+0000] {processor.py:183} INFO - Processing /home/airflow/.local/lib/python3.12/site-packages/airflow/example_dags/tutorial.py took 0.132 seconds
[2025-09-16T14:13:40.129+0000] {processor.py:161} INFO - Started process (PID=833) to work on /home/airflow/.local/lib/python3.12/site-packages/airflow/example_dags/tutorial.py
[2025-09-16T14:13:40.132+0000] {processor.py:830} INFO - Processing file /home/airflow/.local/lib/python3.12/site-packages/airflow/example_dags/tutorial.py for tasks to queue
[2025-09-16T14:13:40.136+0000] {logging_mixin.py:188} INFO - [2025-09-16T14:13:40.135+0000] {dagbag.py:545} INFO - Filling up the DagBag from /home/airflow/.local/lib/python3.12/site-packages/airflow/example_dags/tutorial.py
[2025-09-16T14:13:40.146+0000] {processor.py:840} INFO - DAG(s) 'tutorial' retrieved from /home/airflow/.local/lib/python3.12/site-packages/airflow/example_dags/tutorial.py
[2025-09-16T14:13:40.183+0000] {logging_mixin.py:188} INFO - [2025-09-16T14:13:40.183+0000] {dag.py:3096} INFO - Sync 1 DAGs
[2025-09-16T14:13:40.224+0000] {logging_mixin.py:188} INFO - [2025-09-16T14:13:40.224+0000] {dag.py:3954} INFO - Setting next_dagrun for tutorial to 2025-09-15 00:00:00+00:00, run_after=2025-09-16 00:00:00+00:00
[2025-09-16T14:13:40.277+0000] {processor.py:183} INFO - Processing /home/airflow/.local/lib/python3.12/site-packages/airflow/example_dags/tutorial.py took 0.158 seconds
[2025-09-16T14:14:10.657+0000] {processor.py:161} INFO - Started process (PID=899) to work on /home/airflow/.local/lib/python3.12/site-packages/airflow/example_dags/tutorial.py
[2025-09-16T14:14:10.659+0000] {processor.py:830} INFO - Processing file /home/airflow/.local/lib/python3.12/site-packages/airflow/example_dags/tutorial.py for tasks to queue
[2025-09-16T14:14:10.662+0000] {logging_mixin.py:188} INFO - [2025-09-16T14:14:10.661+0000] {dagbag.py:545} INFO - Filling up the DagBag from /home/airflow/.local/lib/python3.12/site-packages/airflow/example_dags/tutorial.py
[2025-09-16T14:14:10.671+0000] {processor.py:840} INFO - DAG(s) 'tutorial' retrieved from /home/airflow/.local/lib/python3.12/site-packages/airflow/example_dags/tutorial.py
[2025-09-16T14:14:10.702+0000] {logging_mixin.py:188} INFO - [2025-09-16T14:14:10.702+0000] {dag.py:3096} INFO - Sync 1 DAGs
[2025-09-16T14:14:10.738+0000] {logging_mixin.py:188} INFO - [2025-09-16T14:14:10.738+0000] {dag.py:3954} INFO - Setting next_dagrun for tutorial to 2025-09-15 00:00:00+00:00, run_after=2025-09-16 00:00:00+00:00
[2025-09-16T14:14:10.770+0000] {processor.py:183} INFO - Processing /home/airflow/.local/lib/python3.12/site-packages/airflow/example_dags/tutorial.py took 0.124 seconds
[2025-09-16T14:14:41.233+0000] {processor.py:161} INFO - Started process (PID=961) to work on /home/airflow/.local/lib/python3.12/site-packages/airflow/example_dags/tutorial.py
[2025-09-16T14:14:41.235+0000] {processor.py:830} INFO - Processing file /home/airflow/.local/lib/python3.12/site-packages/airflow/example_dags/tutorial.py for tasks to queue
[2025-09-16T14:14:41.240+0000] {logging_mixin.py:188} INFO - [2025-09-16T14:14:41.239+0000] {dagbag.py:545} INFO - Filling up the DagBag from /home/airflow/.local/lib/python3.12/site-packages/airflow/example_dags/tutorial.py
[2025-09-16T14:14:41.256+0000] {processor.py:840} INFO - DAG(s) 'tutorial' retrieved from /home/airflow/.local/lib/python3.12/site-packages/airflow/example_dags/tutorial.py
[2025-09-16T14:14:41.300+0000] {logging_mixin.py:188} INFO - [2025-09-16T14:14:41.300+0000] {dag.py:3096} INFO - Sync 1 DAGs
[2025-09-16T14:14:41.339+0000] {logging_mixin.py:188} INFO - [2025-09-16T14:14:41.339+0000] {dag.py:3954} INFO - Setting next_dagrun for tutorial to 2025-09-15 00:00:00+00:00, run_after=2025-09-16 00:00:00+00:00
[2025-09-16T14:14:41.411+0000] {processor.py:183} INFO - Processing /home/airflow/.local/lib/python3.12/site-packages/airflow/example_dags/tutorial.py took 0.196 seconds
[2025-09-16T14:16:50.228+0000] {processor.py:161} INFO - Started process (PID=126) to work on /home/airflow/.local/lib/python3.12/site-packages/airflow/example_dags/tutorial.py
[2025-09-16T14:16:50.230+0000] {processor.py:830} INFO - Processing file /home/airflow/.local/lib/python3.12/site-packages/airflow/example_dags/tutorial.py for tasks to queue
[2025-09-16T14:16:50.233+0000] {logging_mixin.py:188} INFO - [2025-09-16T14:16:50.233+0000] {dagbag.py:545} INFO - Filling up the DagBag from /home/airflow/.local/lib/python3.12/site-packages/airflow/example_dags/tutorial.py
[2025-09-16T14:16:50.248+0000] {processor.py:840} INFO - DAG(s) 'tutorial' retrieved from /home/airflow/.local/lib/python3.12/site-packages/airflow/example_dags/tutorial.py
[2025-09-16T14:16:50.422+0000] {logging_mixin.py:188} INFO - [2025-09-16T14:16:50.422+0000] {dag.py:3096} INFO - Sync 1 DAGs
[2025-09-16T14:16:50.454+0000] {logging_mixin.py:188} INFO - [2025-09-16T14:16:50.453+0000] {dag.py:3954} INFO - Setting next_dagrun for tutorial to 2025-09-15 00:00:00+00:00, run_after=2025-09-16 00:00:00+00:00
[2025-09-16T14:16:50.484+0000] {processor.py:183} INFO - Processing /home/airflow/.local/lib/python3.12/site-packages/airflow/example_dags/tutorial.py took 0.269 seconds
[2025-09-16T14:17:21.040+0000] {processor.py:161} INFO - Started process (PID=187) to work on /home/airflow/.local/lib/python3.12/site-packages/airflow/example_dags/tutorial.py
[2025-09-16T14:17:21.042+0000] {processor.py:830} INFO - Processing file /home/airflow/.local/lib/python3.12/site-packages/airflow/example_dags/tutorial.py for tasks to queue
[2025-09-16T14:17:21.044+0000] {logging_mixin.py:188} INFO - [2025-09-16T14:17:21.044+0000] {dagbag.py:545} INFO - Filling up the DagBag from /home/airflow/.local/lib/python3.12/site-packages/airflow/example_dags/tutorial.py
[2025-09-16T14:17:21.051+0000] {processor.py:840} INFO - DAG(s) 'tutorial' retrieved from /home/airflow/.local/lib/python3.12/site-packages/airflow/example_dags/tutorial.py
[2025-09-16T14:17:21.081+0000] {logging_mixin.py:188} INFO - [2025-09-16T14:17:21.081+0000] {dag.py:3096} INFO - Sync 1 DAGs
[2025-09-16T14:17:21.111+0000] {logging_mixin.py:188} INFO - [2025-09-16T14:17:21.111+0000] {dag.py:3954} INFO - Setting next_dagrun for tutorial to 2025-09-15 00:00:00+00:00, run_after=2025-09-16 00:00:00+00:00
[2025-09-16T14:17:21.144+0000] {processor.py:183} INFO - Processing /home/airflow/.local/lib/python3.12/site-packages/airflow/example_dags/tutorial.py took 0.111 seconds
[2025-09-16T14:17:51.683+0000] {processor.py:161} INFO - Started process (PID=247) to work on /home/airflow/.local/lib/python3.12/site-packages/airflow/example_dags/tutorial.py
[2025-09-16T14:17:51.687+0000] {processor.py:830} INFO - Processing file /home/airflow/.local/lib/python3.12/site-packages/airflow/example_dags/tutorial.py for tasks to queue
[2025-09-16T14:17:51.692+0000] {logging_mixin.py:188} INFO - [2025-09-16T14:17:51.691+0000] {dagbag.py:545} INFO - Filling up the DagBag from /home/airflow/.local/lib/python3.12/site-packages/airflow/example_dags/tutorial.py
[2025-09-16T14:17:51.705+0000] {processor.py:840} INFO - DAG(s) 'tutorial' retrieved from /home/airflow/.local/lib/python3.12/site-packages/airflow/example_dags/tutorial.py
[2025-09-16T14:17:51.758+0000] {logging_mixin.py:188} INFO - [2025-09-16T14:17:51.756+0000] {dag.py:3096} INFO - Sync 1 DAGs
[2025-09-16T14:17:51.817+0000] {logging_mixin.py:188} INFO - [2025-09-16T14:17:51.816+0000] {dag.py:3954} INFO - Setting next_dagrun for tutorial to 2025-09-15 00:00:00+00:00, run_after=2025-09-16 00:00:00+00:00
[2025-09-16T14:17:51.865+0000] {processor.py:183} INFO - Processing /home/airflow/.local/lib/python3.12/site-packages/airflow/example_dags/tutorial.py took 0.193 seconds
[2025-09-16T14:18:22.346+0000] {processor.py:161} INFO - Started process (PID=308) to work on /home/airflow/.local/lib/python3.12/site-packages/airflow/example_dags/tutorial.py
[2025-09-16T14:18:22.347+0000] {processor.py:830} INFO - Processing file /home/airflow/.local/lib/python3.12/site-packages/airflow/example_dags/tutorial.py for tasks to queue
[2025-09-16T14:18:22.351+0000] {logging_mixin.py:188} INFO - [2025-09-16T14:18:22.350+0000] {dagbag.py:545} INFO - Filling up the DagBag from /home/airflow/.local/lib/python3.12/site-packages/airflow/example_dags/tutorial.py
[2025-09-16T14:18:22.360+0000] {processor.py:840} INFO - DAG(s) 'tutorial' retrieved from /home/airflow/.local/lib/python3.12/site-packages/airflow/example_dags/tutorial.py
[2025-09-16T14:18:22.387+0000] {logging_mixin.py:188} INFO - [2025-09-16T14:18:22.387+0000] {dag.py:3096} INFO - Sync 1 DAGs
[2025-09-16T14:18:22.419+0000] {logging_mixin.py:188} INFO - [2025-09-16T14:18:22.419+0000] {dag.py:3954} INFO - Setting next_dagrun for tutorial to 2025-09-15 00:00:00+00:00, run_after=2025-09-16 00:00:00+00:00
[2025-09-16T14:18:22.447+0000] {processor.py:183} INFO - Processing /home/airflow/.local/lib/python3.12/site-packages/airflow/example_dags/tutorial.py took 0.109 seconds
[2025-09-16T14:18:52.633+0000] {processor.py:161} INFO - Started process (PID=367) to work on /home/airflow/.local/lib/python3.12/site-packages/airflow/example_dags/tutorial.py
[2025-09-16T14:18:52.635+0000] {processor.py:830} INFO - Processing file /home/airflow/.local/lib/python3.12/site-packages/airflow/example_dags/tutorial.py for tasks to queue
[2025-09-16T14:18:52.638+0000] {logging_mixin.py:188} INFO - [2025-09-16T14:18:52.638+0000] {dagbag.py:545} INFO - Filling up the DagBag from /home/airflow/.local/lib/python3.12/site-packages/airflow/example_dags/tutorial.py
[2025-09-16T14:18:52.649+0000] {processor.py:840} INFO - DAG(s) 'tutorial' retrieved from /home/airflow/.local/lib/python3.12/site-packages/airflow/example_dags/tutorial.py
[2025-09-16T14:18:52.682+0000] {logging_mixin.py:188} INFO - [2025-09-16T14:18:52.682+0000] {dag.py:3096} INFO - Sync 1 DAGs
[2025-09-16T14:18:52.719+0000] {logging_mixin.py:188} INFO - [2025-09-16T14:18:52.719+0000] {dag.py:3954} INFO - Setting next_dagrun for tutorial to 2025-09-15 00:00:00+00:00, run_after=2025-09-16 00:00:00+00:00
[2025-09-16T14:18:52.807+0000] {processor.py:183} INFO - Processing /home/airflow/.local/lib/python3.12/site-packages/airflow/example_dags/tutorial.py took 0.188 seconds
[2025-09-16T14:19:23.594+0000] {processor.py:161} INFO - Started process (PID=426) to work on /home/airflow/.local/lib/python3.12/site-packages/airflow/example_dags/tutorial.py
[2025-09-16T14:19:23.596+0000] {processor.py:830} INFO - Processing file /home/airflow/.local/lib/python3.12/site-packages/airflow/example_dags/tutorial.py for tasks to queue
[2025-09-16T14:19:23.599+0000] {logging_mixin.py:188} INFO - [2025-09-16T14:19:23.599+0000] {dagbag.py:545} INFO - Filling up the DagBag from /home/airflow/.local/lib/python3.12/site-packages/airflow/example_dags/tutorial.py
[2025-09-16T14:19:23.610+0000] {processor.py:840} INFO - DAG(s) 'tutorial' retrieved from /home/airflow/.local/lib/python3.12/site-packages/airflow/example_dags/tutorial.py
[2025-09-16T14:19:23.646+0000] {logging_mixin.py:188} INFO - [2025-09-16T14:19:23.646+0000] {dag.py:3096} INFO - Sync 1 DAGs
[2025-09-16T14:19:23.686+0000] {logging_mixin.py:188} INFO - [2025-09-16T14:19:23.686+0000] {dag.py:3954} INFO - Setting next_dagrun for tutorial to 2025-09-15 00:00:00+00:00, run_after=2025-09-16 00:00:00+00:00
[2025-09-16T14:19:23.723+0000] {processor.py:183} INFO - Processing /home/airflow/.local/lib/python3.12/site-packages/airflow/example_dags/tutorial.py took 0.141 seconds
[2025-09-16T14:19:54.296+0000] {processor.py:161} INFO - Started process (PID=486) to work on /home/airflow/.local/lib/python3.12/site-packages/airflow/example_dags/tutorial.py
[2025-09-16T14:19:54.298+0000] {processor.py:830} INFO - Processing file /home/airflow/.local/lib/python3.12/site-packages/airflow/example_dags/tutorial.py for tasks to queue
[2025-09-16T14:19:54.301+0000] {logging_mixin.py:188} INFO - [2025-09-16T14:19:54.300+0000] {dagbag.py:545} INFO - Filling up the DagBag from /home/airflow/.local/lib/python3.12/site-packages/airflow/example_dags/tutorial.py
[2025-09-16T14:19:54.309+0000] {processor.py:840} INFO - DAG(s) 'tutorial' retrieved from /home/airflow/.local/lib/python3.12/site-packages/airflow/example_dags/tutorial.py
[2025-09-16T14:19:54.338+0000] {logging_mixin.py:188} INFO - [2025-09-16T14:19:54.338+0000] {dag.py:3096} INFO - Sync 1 DAGs
[2025-09-16T14:19:54.378+0000] {logging_mixin.py:188} INFO - [2025-09-16T14:19:54.378+0000] {dag.py:3954} INFO - Setting next_dagrun for tutorial to 2025-09-15 00:00:00+00:00, run_after=2025-09-16 00:00:00+00:00
[2025-09-16T14:19:54.452+0000] {processor.py:183} INFO - Processing /home/airflow/.local/lib/python3.12/site-packages/airflow/example_dags/tutorial.py took 0.164 seconds
[2025-09-16T14:20:24.716+0000] {processor.py:161} INFO - Started process (PID=546) to work on /home/airflow/.local/lib/python3.12/site-packages/airflow/example_dags/tutorial.py
[2025-09-16T14:20:24.718+0000] {processor.py:830} INFO - Processing file /home/airflow/.local/lib/python3.12/site-packages/airflow/example_dags/tutorial.py for tasks to queue
[2025-09-16T14:20:24.720+0000] {logging_mixin.py:188} INFO - [2025-09-16T14:20:24.720+0000] {dagbag.py:545} INFO - Filling up the DagBag from /home/airflow/.local/lib/python3.12/site-packages/airflow/example_dags/tutorial.py
[2025-09-16T14:20:24.727+0000] {processor.py:840} INFO - DAG(s) 'tutorial' retrieved from /home/airflow/.local/lib/python3.12/site-packages/airflow/example_dags/tutorial.py
[2025-09-16T14:20:24.754+0000] {logging_mixin.py:188} INFO - [2025-09-16T14:20:24.753+0000] {dag.py:3096} INFO - Sync 1 DAGs
[2025-09-16T14:20:24.786+0000] {logging_mixin.py:188} INFO - [2025-09-16T14:20:24.786+0000] {dag.py:3954} INFO - Setting next_dagrun for tutorial to 2025-09-15 00:00:00+00:00, run_after=2025-09-16 00:00:00+00:00
[2025-09-16T14:20:24.816+0000] {processor.py:183} INFO - Processing /home/airflow/.local/lib/python3.12/site-packages/airflow/example_dags/tutorial.py took 0.106 seconds
[2025-09-16T14:20:55.519+0000] {processor.py:161} INFO - Started process (PID=608) to work on /home/airflow/.local/lib/python3.12/site-packages/airflow/example_dags/tutorial.py
[2025-09-16T14:20:55.521+0000] {processor.py:830} INFO - Processing file /home/airflow/.local/lib/python3.12/site-packages/airflow/example_dags/tutorial.py for tasks to queue
[2025-09-16T14:20:55.523+0000] {logging_mixin.py:188} INFO - [2025-09-16T14:20:55.523+0000] {dagbag.py:545} INFO - Filling up the DagBag from /home/airflow/.local/lib/python3.12/site-packages/airflow/example_dags/tutorial.py
[2025-09-16T14:20:55.532+0000] {processor.py:840} INFO - DAG(s) 'tutorial' retrieved from /home/airflow/.local/lib/python3.12/site-packages/airflow/example_dags/tutorial.py
[2025-09-16T14:20:55.565+0000] {logging_mixin.py:188} INFO - [2025-09-16T14:20:55.565+0000] {dag.py:3096} INFO - Sync 1 DAGs
[2025-09-16T14:20:55.601+0000] {logging_mixin.py:188} INFO - [2025-09-16T14:20:55.601+0000] {dag.py:3954} INFO - Setting next_dagrun for tutorial to 2025-09-15 00:00:00+00:00, run_after=2025-09-16 00:00:00+00:00
[2025-09-16T14:20:55.652+0000] {processor.py:183} INFO - Processing /home/airflow/.local/lib/python3.12/site-packages/airflow/example_dags/tutorial.py took 0.142 seconds
[2025-09-16T14:54:15.635+0000] {processor.py:161} INFO - Started process (PID=125) to work on /home/airflow/.local/lib/python3.12/site-packages/airflow/example_dags/tutorial.py
[2025-09-16T14:54:15.638+0000] {processor.py:830} INFO - Processing file /home/airflow/.local/lib/python3.12/site-packages/airflow/example_dags/tutorial.py for tasks to queue
[2025-09-16T14:54:15.641+0000] {logging_mixin.py:188} INFO - [2025-09-16T14:54:15.640+0000] {dagbag.py:545} INFO - Filling up the DagBag from /home/airflow/.local/lib/python3.12/site-packages/airflow/example_dags/tutorial.py
[2025-09-16T14:54:15.652+0000] {processor.py:840} INFO - DAG(s) 'tutorial' retrieved from /home/airflow/.local/lib/python3.12/site-packages/airflow/example_dags/tutorial.py
[2025-09-16T14:54:15.802+0000] {logging_mixin.py:188} INFO - [2025-09-16T14:54:15.802+0000] {dag.py:3096} INFO - Sync 1 DAGs
[2025-09-16T14:54:15.829+0000] {logging_mixin.py:188} INFO - [2025-09-16T14:54:15.829+0000] {dag.py:3954} INFO - Setting next_dagrun for tutorial to 2025-09-15 00:00:00+00:00, run_after=2025-09-16 00:00:00+00:00
[2025-09-16T14:54:15.856+0000] {processor.py:183} INFO - Processing /home/airflow/.local/lib/python3.12/site-packages/airflow/example_dags/tutorial.py took 0.229 seconds
[2025-09-16T14:54:45.956+0000] {processor.py:161} INFO - Started process (PID=187) to work on /home/airflow/.local/lib/python3.12/site-packages/airflow/example_dags/tutorial.py
[2025-09-16T14:54:45.957+0000] {processor.py:830} INFO - Processing file /home/airflow/.local/lib/python3.12/site-packages/airflow/example_dags/tutorial.py for tasks to queue
[2025-09-16T14:54:45.960+0000] {logging_mixin.py:188} INFO - [2025-09-16T14:54:45.960+0000] {dagbag.py:545} INFO - Filling up the DagBag from /home/airflow/.local/lib/python3.12/site-packages/airflow/example_dags/tutorial.py
[2025-09-16T14:54:45.970+0000] {processor.py:840} INFO - DAG(s) 'tutorial' retrieved from /home/airflow/.local/lib/python3.12/site-packages/airflow/example_dags/tutorial.py
[2025-09-16T14:54:46.000+0000] {logging_mixin.py:188} INFO - [2025-09-16T14:54:45.999+0000] {dag.py:3096} INFO - Sync 1 DAGs
[2025-09-16T14:54:46.034+0000] {logging_mixin.py:188} INFO - [2025-09-16T14:54:46.034+0000] {dag.py:3954} INFO - Setting next_dagrun for tutorial to 2025-09-15 00:00:00+00:00, run_after=2025-09-16 00:00:00+00:00
[2025-09-16T14:54:46.065+0000] {processor.py:183} INFO - Processing /home/airflow/.local/lib/python3.12/site-packages/airflow/example_dags/tutorial.py took 0.118 seconds
[2025-09-16T14:55:16.504+0000] {processor.py:161} INFO - Started process (PID=247) to work on /home/airflow/.local/lib/python3.12/site-packages/airflow/example_dags/tutorial.py
[2025-09-16T14:55:16.506+0000] {processor.py:830} INFO - Processing file /home/airflow/.local/lib/python3.12/site-packages/airflow/example_dags/tutorial.py for tasks to queue
[2025-09-16T14:55:16.509+0000] {logging_mixin.py:188} INFO - [2025-09-16T14:55:16.508+0000] {dagbag.py:545} INFO - Filling up the DagBag from /home/airflow/.local/lib/python3.12/site-packages/airflow/example_dags/tutorial.py
[2025-09-16T14:55:16.519+0000] {processor.py:840} INFO - DAG(s) 'tutorial' retrieved from /home/airflow/.local/lib/python3.12/site-packages/airflow/example_dags/tutorial.py
[2025-09-16T14:55:16.550+0000] {logging_mixin.py:188} INFO - [2025-09-16T14:55:16.550+0000] {dag.py:3096} INFO - Sync 1 DAGs
[2025-09-16T14:55:16.582+0000] {logging_mixin.py:188} INFO - [2025-09-16T14:55:16.582+0000] {dag.py:3954} INFO - Setting next_dagrun for tutorial to 2025-09-15 00:00:00+00:00, run_after=2025-09-16 00:00:00+00:00
[2025-09-16T14:55:16.610+0000] {processor.py:183} INFO - Processing /home/airflow/.local/lib/python3.12/site-packages/airflow/example_dags/tutorial.py took 0.114 seconds
[2025-09-16T14:55:47.437+0000] {processor.py:161} INFO - Started process (PID=306) to work on /home/airflow/.local/lib/python3.12/site-packages/airflow/example_dags/tutorial.py
[2025-09-16T14:55:47.439+0000] {processor.py:830} INFO - Processing file /home/airflow/.local/lib/python3.12/site-packages/airflow/example_dags/tutorial.py for tasks to queue
[2025-09-16T14:55:47.443+0000] {logging_mixin.py:188} INFO - [2025-09-16T14:55:47.443+0000] {dagbag.py:545} INFO - Filling up the DagBag from /home/airflow/.local/lib/python3.12/site-packages/airflow/example_dags/tutorial.py
[2025-09-16T14:55:47.451+0000] {processor.py:840} INFO - DAG(s) 'tutorial' retrieved from /home/airflow/.local/lib/python3.12/site-packages/airflow/example_dags/tutorial.py
[2025-09-16T14:55:47.477+0000] {logging_mixin.py:188} INFO - [2025-09-16T14:55:47.477+0000] {dag.py:3096} INFO - Sync 1 DAGs
[2025-09-16T14:55:47.507+0000] {logging_mixin.py:188} INFO - [2025-09-16T14:55:47.507+0000] {dag.py:3954} INFO - Setting next_dagrun for tutorial to 2025-09-15 00:00:00+00:00, run_after=2025-09-16 00:00:00+00:00
[2025-09-16T14:55:47.541+0000] {processor.py:183} INFO - Processing /home/airflow/.local/lib/python3.12/site-packages/airflow/example_dags/tutorial.py took 0.112 seconds
[2025-09-16T14:56:18.339+0000] {processor.py:161} INFO - Started process (PID=366) to work on /home/airflow/.local/lib/python3.12/site-packages/airflow/example_dags/tutorial.py
[2025-09-16T14:56:18.341+0000] {processor.py:830} INFO - Processing file /home/airflow/.local/lib/python3.12/site-packages/airflow/example_dags/tutorial.py for tasks to queue
[2025-09-16T14:56:18.345+0000] {logging_mixin.py:188} INFO - [2025-09-16T14:56:18.344+0000] {dagbag.py:545} INFO - Filling up the DagBag from /home/airflow/.local/lib/python3.12/site-packages/airflow/example_dags/tutorial.py
[2025-09-16T14:56:18.354+0000] {processor.py:840} INFO - DAG(s) 'tutorial' retrieved from /home/airflow/.local/lib/python3.12/site-packages/airflow/example_dags/tutorial.py
[2025-09-16T14:56:18.380+0000] {logging_mixin.py:188} INFO - [2025-09-16T14:56:18.380+0000] {dag.py:3096} INFO - Sync 1 DAGs
[2025-09-16T14:56:18.409+0000] {logging_mixin.py:188} INFO - [2025-09-16T14:56:18.409+0000] {dag.py:3954} INFO - Setting next_dagrun for tutorial to 2025-09-15 00:00:00+00:00, run_after=2025-09-16 00:00:00+00:00
[2025-09-16T14:56:18.438+0000] {processor.py:183} INFO - Processing /home/airflow/.local/lib/python3.12/site-packages/airflow/example_dags/tutorial.py took 0.107 seconds
[2025-09-16T14:56:49.074+0000] {processor.py:161} INFO - Started process (PID=426) to work on /home/airflow/.local/lib/python3.12/site-packages/airflow/example_dags/tutorial.py
[2025-09-16T14:56:49.075+0000] {processor.py:830} INFO - Processing file /home/airflow/.local/lib/python3.12/site-packages/airflow/example_dags/tutorial.py for tasks to queue
[2025-09-16T14:56:49.079+0000] {logging_mixin.py:188} INFO - [2025-09-16T14:56:49.078+0000] {dagbag.py:545} INFO - Filling up the DagBag from /home/airflow/.local/lib/python3.12/site-packages/airflow/example_dags/tutorial.py
[2025-09-16T14:56:49.089+0000] {processor.py:840} INFO - DAG(s) 'tutorial' retrieved from /home/airflow/.local/lib/python3.12/site-packages/airflow/example_dags/tutorial.py
[2025-09-16T14:56:49.122+0000] {logging_mixin.py:188} INFO - [2025-09-16T14:56:49.122+0000] {dag.py:3096} INFO - Sync 1 DAGs
[2025-09-16T14:56:49.154+0000] {logging_mixin.py:188} INFO - [2025-09-16T14:56:49.154+0000] {dag.py:3954} INFO - Setting next_dagrun for tutorial to 2025-09-15 00:00:00+00:00, run_after=2025-09-16 00:00:00+00:00
[2025-09-16T14:56:49.185+0000] {processor.py:183} INFO - Processing /home/airflow/.local/lib/python3.12/site-packages/airflow/example_dags/tutorial.py took 0.124 seconds
[2025-09-16T14:57:19.901+0000] {processor.py:161} INFO - Started process (PID=486) to work on /home/airflow/.local/lib/python3.12/site-packages/airflow/example_dags/tutorial.py
[2025-09-16T14:57:19.902+0000] {processor.py:830} INFO - Processing file /home/airflow/.local/lib/python3.12/site-packages/airflow/example_dags/tutorial.py for tasks to queue
[2025-09-16T14:57:19.906+0000] {logging_mixin.py:188} INFO - [2025-09-16T14:57:19.906+0000] {dagbag.py:545} INFO - Filling up the DagBag from /home/airflow/.local/lib/python3.12/site-packages/airflow/example_dags/tutorial.py
[2025-09-16T14:57:19.916+0000] {processor.py:840} INFO - DAG(s) 'tutorial' retrieved from /home/airflow/.local/lib/python3.12/site-packages/airflow/example_dags/tutorial.py
[2025-09-16T14:57:19.956+0000] {logging_mixin.py:188} INFO - [2025-09-16T14:57:19.956+0000] {dag.py:3096} INFO - Sync 1 DAGs
[2025-09-16T14:57:20.006+0000] {logging_mixin.py:188} INFO - [2025-09-16T14:57:20.006+0000] {dag.py:3954} INFO - Setting next_dagrun for tutorial to 2025-09-15 00:00:00+00:00, run_after=2025-09-16 00:00:00+00:00
[2025-09-16T14:57:20.050+0000] {processor.py:183} INFO - Processing /home/airflow/.local/lib/python3.12/site-packages/airflow/example_dags/tutorial.py took 0.159 seconds
[2025-09-16T14:57:50.691+0000] {processor.py:161} INFO - Started process (PID=546) to work on /home/airflow/.local/lib/python3.12/site-packages/airflow/example_dags/tutorial.py
[2025-09-16T14:57:50.692+0000] {processor.py:830} INFO - Processing file /home/airflow/.local/lib/python3.12/site-packages/airflow/example_dags/tutorial.py for tasks to queue
[2025-09-16T14:57:50.695+0000] {logging_mixin.py:188} INFO - [2025-09-16T14:57:50.695+0000] {dagbag.py:545} INFO - Filling up the DagBag from /home/airflow/.local/lib/python3.12/site-packages/airflow/example_dags/tutorial.py
[2025-09-16T14:57:50.702+0000] {processor.py:840} INFO - DAG(s) 'tutorial' retrieved from /home/airflow/.local/lib/python3.12/site-packages/airflow/example_dags/tutorial.py
[2025-09-16T14:57:50.726+0000] {logging_mixin.py:188} INFO - [2025-09-16T14:57:50.726+0000] {dag.py:3096} INFO - Sync 1 DAGs
[2025-09-16T14:57:50.753+0000] {logging_mixin.py:188} INFO - [2025-09-16T14:57:50.752+0000] {dag.py:3954} INFO - Setting next_dagrun for tutorial to 2025-09-15 00:00:00+00:00, run_after=2025-09-16 00:00:00+00:00
[2025-09-16T14:57:50.778+0000] {processor.py:183} INFO - Processing /home/airflow/.local/lib/python3.12/site-packages/airflow/example_dags/tutorial.py took 0.094 seconds
[2025-09-16T14:58:21.324+0000] {processor.py:161} INFO - Started process (PID=606) to work on /home/airflow/.local/lib/python3.12/site-packages/airflow/example_dags/tutorial.py
[2025-09-16T14:58:21.326+0000] {processor.py:830} INFO - Processing file /home/airflow/.local/lib/python3.12/site-packages/airflow/example_dags/tutorial.py for tasks to queue
[2025-09-16T14:58:21.329+0000] {logging_mixin.py:188} INFO - [2025-09-16T14:58:21.329+0000] {dagbag.py:545} INFO - Filling up the DagBag from /home/airflow/.local/lib/python3.12/site-packages/airflow/example_dags/tutorial.py
[2025-09-16T14:58:21.338+0000] {processor.py:840} INFO - DAG(s) 'tutorial' retrieved from /home/airflow/.local/lib/python3.12/site-packages/airflow/example_dags/tutorial.py
[2025-09-16T14:58:21.368+0000] {logging_mixin.py:188} INFO - [2025-09-16T14:58:21.367+0000] {dag.py:3096} INFO - Sync 1 DAGs
[2025-09-16T14:58:21.398+0000] {logging_mixin.py:188} INFO - [2025-09-16T14:58:21.398+0000] {dag.py:3954} INFO - Setting next_dagrun for tutorial to 2025-09-15 00:00:00+00:00, run_after=2025-09-16 00:00:00+00:00
[2025-09-16T14:58:21.426+0000] {processor.py:183} INFO - Processing /home/airflow/.local/lib/python3.12/site-packages/airflow/example_dags/tutorial.py took 0.112 seconds
[2025-09-16T14:58:52.366+0000] {processor.py:161} INFO - Started process (PID=665) to work on /home/airflow/.local/lib/python3.12/site-packages/airflow/example_dags/tutorial.py
[2025-09-16T14:58:52.368+0000] {processor.py:830} INFO - Processing file /home/airflow/.local/lib/python3.12/site-packages/airflow/example_dags/tutorial.py for tasks to queue
[2025-09-16T14:58:52.370+0000] {logging_mixin.py:188} INFO - [2025-09-16T14:58:52.370+0000] {dagbag.py:545} INFO - Filling up the DagBag from /home/airflow/.local/lib/python3.12/site-packages/airflow/example_dags/tutorial.py
[2025-09-16T14:58:52.378+0000] {processor.py:840} INFO - DAG(s) 'tutorial' retrieved from /home/airflow/.local/lib/python3.12/site-packages/airflow/example_dags/tutorial.py
[2025-09-16T14:58:52.404+0000] {logging_mixin.py:188} INFO - [2025-09-16T14:58:52.404+0000] {dag.py:3096} INFO - Sync 1 DAGs
[2025-09-16T14:58:52.433+0000] {logging_mixin.py:188} INFO - [2025-09-16T14:58:52.433+0000] {dag.py:3954} INFO - Setting next_dagrun for tutorial to 2025-09-15 00:00:00+00:00, run_after=2025-09-16 00:00:00+00:00
[2025-09-16T14:58:52.463+0000] {processor.py:183} INFO - Processing /home/airflow/.local/lib/python3.12/site-packages/airflow/example_dags/tutorial.py took 0.104 seconds
[2025-09-16T14:59:22.616+0000] {processor.py:161} INFO - Started process (PID=725) to work on /home/airflow/.local/lib/python3.12/site-packages/airflow/example_dags/tutorial.py
[2025-09-16T14:59:22.618+0000] {processor.py:830} INFO - Processing file /home/airflow/.local/lib/python3.12/site-packages/airflow/example_dags/tutorial.py for tasks to queue
[2025-09-16T14:59:22.620+0000] {logging_mixin.py:188} INFO - [2025-09-16T14:59:22.620+0000] {dagbag.py:545} INFO - Filling up the DagBag from /home/airflow/.local/lib/python3.12/site-packages/airflow/example_dags/tutorial.py
[2025-09-16T14:59:22.627+0000] {processor.py:840} INFO - DAG(s) 'tutorial' retrieved from /home/airflow/.local/lib/python3.12/site-packages/airflow/example_dags/tutorial.py
[2025-09-16T14:59:22.653+0000] {logging_mixin.py:188} INFO - [2025-09-16T14:59:22.652+0000] {dag.py:3096} INFO - Sync 1 DAGs
[2025-09-16T14:59:22.680+0000] {logging_mixin.py:188} INFO - [2025-09-16T14:59:22.680+0000] {dag.py:3954} INFO - Setting next_dagrun for tutorial to 2025-09-15 00:00:00+00:00, run_after=2025-09-16 00:00:00+00:00
[2025-09-16T14:59:22.710+0000] {processor.py:183} INFO - Processing /home/airflow/.local/lib/python3.12/site-packages/airflow/example_dags/tutorial.py took 0.100 seconds
[2025-09-16T14:59:52.994+0000] {processor.py:161} INFO - Started process (PID=785) to work on /home/airflow/.local/lib/python3.12/site-packages/airflow/example_dags/tutorial.py
[2025-09-16T14:59:52.995+0000] {processor.py:830} INFO - Processing file /home/airflow/.local/lib/python3.12/site-packages/airflow/example_dags/tutorial.py for tasks to queue
[2025-09-16T14:59:52.998+0000] {logging_mixin.py:188} INFO - [2025-09-16T14:59:52.997+0000] {dagbag.py:545} INFO - Filling up the DagBag from /home/airflow/.local/lib/python3.12/site-packages/airflow/example_dags/tutorial.py
[2025-09-16T14:59:53.006+0000] {processor.py:840} INFO - DAG(s) 'tutorial' retrieved from /home/airflow/.local/lib/python3.12/site-packages/airflow/example_dags/tutorial.py
[2025-09-16T14:59:53.031+0000] {logging_mixin.py:188} INFO - [2025-09-16T14:59:53.031+0000] {dag.py:3096} INFO - Sync 1 DAGs
[2025-09-16T14:59:53.058+0000] {logging_mixin.py:188} INFO - [2025-09-16T14:59:53.058+0000] {dag.py:3954} INFO - Setting next_dagrun for tutorial to 2025-09-15 00:00:00+00:00, run_after=2025-09-16 00:00:00+00:00
[2025-09-16T14:59:53.085+0000] {processor.py:183} INFO - Processing /home/airflow/.local/lib/python3.12/site-packages/airflow/example_dags/tutorial.py took 0.099 seconds
[2025-09-16T15:00:23.301+0000] {processor.py:161} INFO - Started process (PID=845) to work on /home/airflow/.local/lib/python3.12/site-packages/airflow/example_dags/tutorial.py
[2025-09-16T15:00:23.302+0000] {processor.py:830} INFO - Processing file /home/airflow/.local/lib/python3.12/site-packages/airflow/example_dags/tutorial.py for tasks to queue
[2025-09-16T15:00:23.304+0000] {logging_mixin.py:188} INFO - [2025-09-16T15:00:23.304+0000] {dagbag.py:545} INFO - Filling up the DagBag from /home/airflow/.local/lib/python3.12/site-packages/airflow/example_dags/tutorial.py
[2025-09-16T15:00:23.311+0000] {processor.py:840} INFO - DAG(s) 'tutorial' retrieved from /home/airflow/.local/lib/python3.12/site-packages/airflow/example_dags/tutorial.py
[2025-09-16T15:00:23.337+0000] {logging_mixin.py:188} INFO - [2025-09-16T15:00:23.337+0000] {dag.py:3096} INFO - Sync 1 DAGs
[2025-09-16T15:00:23.366+0000] {logging_mixin.py:188} INFO - [2025-09-16T15:00:23.366+0000] {dag.py:3954} INFO - Setting next_dagrun for tutorial to 2025-09-15 00:00:00+00:00, run_after=2025-09-16 00:00:00+00:00
[2025-09-16T15:00:23.392+0000] {processor.py:183} INFO - Processing /home/airflow/.local/lib/python3.12/site-packages/airflow/example_dags/tutorial.py took 0.098 seconds
[2025-09-16T15:01:58.290+0000] {processor.py:161} INFO - Started process (PID=126) to work on /home/airflow/.local/lib/python3.12/site-packages/airflow/example_dags/tutorial.py
[2025-09-16T15:01:58.293+0000] {processor.py:830} INFO - Processing file /home/airflow/.local/lib/python3.12/site-packages/airflow/example_dags/tutorial.py for tasks to queue
[2025-09-16T15:01:58.297+0000] {logging_mixin.py:188} INFO - [2025-09-16T15:01:58.296+0000] {dagbag.py:545} INFO - Filling up the DagBag from /home/airflow/.local/lib/python3.12/site-packages/airflow/example_dags/tutorial.py
[2025-09-16T15:01:58.309+0000] {processor.py:840} INFO - DAG(s) 'tutorial' retrieved from /home/airflow/.local/lib/python3.12/site-packages/airflow/example_dags/tutorial.py
[2025-09-16T15:01:58.560+0000] {logging_mixin.py:188} INFO - [2025-09-16T15:01:58.559+0000] {dag.py:3096} INFO - Sync 1 DAGs
[2025-09-16T15:01:58.621+0000] {logging_mixin.py:188} INFO - [2025-09-16T15:01:58.621+0000] {dag.py:3954} INFO - Setting next_dagrun for tutorial to 2025-09-15 00:00:00+00:00, run_after=2025-09-16 00:00:00+00:00
[2025-09-16T15:01:58.692+0000] {processor.py:183} INFO - Processing /home/airflow/.local/lib/python3.12/site-packages/airflow/example_dags/tutorial.py took 0.413 seconds
[2025-09-16T15:02:29.154+0000] {processor.py:161} INFO - Started process (PID=186) to work on /home/airflow/.local/lib/python3.12/site-packages/airflow/example_dags/tutorial.py
[2025-09-16T15:02:29.156+0000] {processor.py:830} INFO - Processing file /home/airflow/.local/lib/python3.12/site-packages/airflow/example_dags/tutorial.py for tasks to queue
[2025-09-16T15:02:29.159+0000] {logging_mixin.py:188} INFO - [2025-09-16T15:02:29.159+0000] {dagbag.py:545} INFO - Filling up the DagBag from /home/airflow/.local/lib/python3.12/site-packages/airflow/example_dags/tutorial.py
[2025-09-16T15:02:29.168+0000] {processor.py:840} INFO - DAG(s) 'tutorial' retrieved from /home/airflow/.local/lib/python3.12/site-packages/airflow/example_dags/tutorial.py
[2025-09-16T15:02:29.189+0000] {logging_mixin.py:188} INFO - [2025-09-16T15:02:29.188+0000] {dag.py:3096} INFO - Sync 1 DAGs
[2025-09-16T15:02:29.237+0000] {logging_mixin.py:188} INFO - [2025-09-16T15:02:29.237+0000] {dag.py:3954} INFO - Setting next_dagrun for tutorial to 2025-09-15 00:00:00+00:00, run_after=2025-09-16 00:00:00+00:00
[2025-09-16T15:02:29.281+0000] {processor.py:183} INFO - Processing /home/airflow/.local/lib/python3.12/site-packages/airflow/example_dags/tutorial.py took 0.136 seconds
[2025-09-16T15:03:00.403+0000] {processor.py:161} INFO - Started process (PID=246) to work on /home/airflow/.local/lib/python3.12/site-packages/airflow/example_dags/tutorial.py
[2025-09-16T15:03:00.404+0000] {processor.py:830} INFO - Processing file /home/airflow/.local/lib/python3.12/site-packages/airflow/example_dags/tutorial.py for tasks to queue
[2025-09-16T15:03:00.408+0000] {logging_mixin.py:188} INFO - [2025-09-16T15:03:00.407+0000] {dagbag.py:545} INFO - Filling up the DagBag from /home/airflow/.local/lib/python3.12/site-packages/airflow/example_dags/tutorial.py
[2025-09-16T15:03:00.416+0000] {processor.py:840} INFO - DAG(s) 'tutorial' retrieved from /home/airflow/.local/lib/python3.12/site-packages/airflow/example_dags/tutorial.py
[2025-09-16T15:03:00.569+0000] {logging_mixin.py:188} INFO - [2025-09-16T15:03:00.569+0000] {dag.py:3096} INFO - Sync 1 DAGs
[2025-09-16T15:03:00.599+0000] {logging_mixin.py:188} INFO - [2025-09-16T15:03:00.598+0000] {dag.py:3954} INFO - Setting next_dagrun for tutorial to 2025-09-15 00:00:00+00:00, run_after=2025-09-16 00:00:00+00:00
[2025-09-16T15:03:00.629+0000] {processor.py:183} INFO - Processing /home/airflow/.local/lib/python3.12/site-packages/airflow/example_dags/tutorial.py took 0.234 seconds
[2025-09-16T15:03:31.177+0000] {processor.py:161} INFO - Started process (PID=306) to work on /home/airflow/.local/lib/python3.12/site-packages/airflow/example_dags/tutorial.py
[2025-09-16T15:03:31.179+0000] {processor.py:830} INFO - Processing file /home/airflow/.local/lib/python3.12/site-packages/airflow/example_dags/tutorial.py for tasks to queue
[2025-09-16T15:03:31.182+0000] {logging_mixin.py:188} INFO - [2025-09-16T15:03:31.181+0000] {dagbag.py:545} INFO - Filling up the DagBag from /home/airflow/.local/lib/python3.12/site-packages/airflow/example_dags/tutorial.py
[2025-09-16T15:03:31.193+0000] {processor.py:840} INFO - DAG(s) 'tutorial' retrieved from /home/airflow/.local/lib/python3.12/site-packages/airflow/example_dags/tutorial.py
[2025-09-16T15:03:31.224+0000] {logging_mixin.py:188} INFO - [2025-09-16T15:03:31.224+0000] {dag.py:3096} INFO - Sync 1 DAGs
[2025-09-16T15:03:31.255+0000] {logging_mixin.py:188} INFO - [2025-09-16T15:03:31.254+0000] {dag.py:3954} INFO - Setting next_dagrun for tutorial to 2025-09-15 00:00:00+00:00, run_after=2025-09-16 00:00:00+00:00
[2025-09-16T15:03:31.282+0000] {processor.py:183} INFO - Processing /home/airflow/.local/lib/python3.12/site-packages/airflow/example_dags/tutorial.py took 0.115 seconds
[2025-09-16T15:04:01.650+0000] {processor.py:161} INFO - Started process (PID=367) to work on /home/airflow/.local/lib/python3.12/site-packages/airflow/example_dags/tutorial.py
[2025-09-16T15:04:01.652+0000] {processor.py:830} INFO - Processing file /home/airflow/.local/lib/python3.12/site-packages/airflow/example_dags/tutorial.py for tasks to queue
[2025-09-16T15:04:01.655+0000] {logging_mixin.py:188} INFO - [2025-09-16T15:04:01.655+0000] {dagbag.py:545} INFO - Filling up the DagBag from /home/airflow/.local/lib/python3.12/site-packages/airflow/example_dags/tutorial.py
[2025-09-16T15:04:01.664+0000] {processor.py:840} INFO - DAG(s) 'tutorial' retrieved from /home/airflow/.local/lib/python3.12/site-packages/airflow/example_dags/tutorial.py
[2025-09-16T15:04:01.694+0000] {logging_mixin.py:188} INFO - [2025-09-16T15:04:01.693+0000] {dag.py:3096} INFO - Sync 1 DAGs
[2025-09-16T15:04:01.727+0000] {logging_mixin.py:188} INFO - [2025-09-16T15:04:01.727+0000] {dag.py:3954} INFO - Setting next_dagrun for tutorial to 2025-09-15 00:00:00+00:00, run_after=2025-09-16 00:00:00+00:00
[2025-09-16T15:04:01.759+0000] {processor.py:183} INFO - Processing /home/airflow/.local/lib/python3.12/site-packages/airflow/example_dags/tutorial.py took 0.116 seconds
[2025-09-16T15:04:31.865+0000] {processor.py:161} INFO - Started process (PID=428) to work on /home/airflow/.local/lib/python3.12/site-packages/airflow/example_dags/tutorial.py
[2025-09-16T15:04:31.867+0000] {processor.py:830} INFO - Processing file /home/airflow/.local/lib/python3.12/site-packages/airflow/example_dags/tutorial.py for tasks to queue
[2025-09-16T15:04:31.870+0000] {logging_mixin.py:188} INFO - [2025-09-16T15:04:31.869+0000] {dagbag.py:545} INFO - Filling up the DagBag from /home/airflow/.local/lib/python3.12/site-packages/airflow/example_dags/tutorial.py
[2025-09-16T15:04:31.878+0000] {processor.py:840} INFO - DAG(s) 'tutorial' retrieved from /home/airflow/.local/lib/python3.12/site-packages/airflow/example_dags/tutorial.py
[2025-09-16T15:04:31.907+0000] {logging_mixin.py:188} INFO - [2025-09-16T15:04:31.907+0000] {dag.py:3096} INFO - Sync 1 DAGs
[2025-09-16T15:04:31.938+0000] {logging_mixin.py:188} INFO - [2025-09-16T15:04:31.938+0000] {dag.py:3954} INFO - Setting next_dagrun for tutorial to 2025-09-15 00:00:00+00:00, run_after=2025-09-16 00:00:00+00:00
[2025-09-16T15:04:31.968+0000] {processor.py:183} INFO - Processing /home/airflow/.local/lib/python3.12/site-packages/airflow/example_dags/tutorial.py took 0.111 seconds
[2025-09-16T15:05:02.042+0000] {processor.py:161} INFO - Started process (PID=486) to work on /home/airflow/.local/lib/python3.12/site-packages/airflow/example_dags/tutorial.py
[2025-09-16T15:05:02.043+0000] {processor.py:830} INFO - Processing file /home/airflow/.local/lib/python3.12/site-packages/airflow/example_dags/tutorial.py for tasks to queue
[2025-09-16T15:05:02.046+0000] {logging_mixin.py:188} INFO - [2025-09-16T15:05:02.046+0000] {dagbag.py:545} INFO - Filling up the DagBag from /home/airflow/.local/lib/python3.12/site-packages/airflow/example_dags/tutorial.py
[2025-09-16T15:05:02.054+0000] {processor.py:840} INFO - DAG(s) 'tutorial' retrieved from /home/airflow/.local/lib/python3.12/site-packages/airflow/example_dags/tutorial.py
[2025-09-16T15:05:02.081+0000] {logging_mixin.py:188} INFO - [2025-09-16T15:05:02.080+0000] {dag.py:3096} INFO - Sync 1 DAGs
[2025-09-16T15:05:02.108+0000] {logging_mixin.py:188} INFO - [2025-09-16T15:05:02.108+0000] {dag.py:3954} INFO - Setting next_dagrun for tutorial to 2025-09-15 00:00:00+00:00, run_after=2025-09-16 00:00:00+00:00
[2025-09-16T15:05:02.135+0000] {processor.py:183} INFO - Processing /home/airflow/.local/lib/python3.12/site-packages/airflow/example_dags/tutorial.py took 0.101 seconds
[2025-09-16T15:05:32.458+0000] {processor.py:161} INFO - Started process (PID=545) to work on /home/airflow/.local/lib/python3.12/site-packages/airflow/example_dags/tutorial.py
[2025-09-16T15:05:32.460+0000] {processor.py:830} INFO - Processing file /home/airflow/.local/lib/python3.12/site-packages/airflow/example_dags/tutorial.py for tasks to queue
[2025-09-16T15:05:32.467+0000] {logging_mixin.py:188} INFO - [2025-09-16T15:05:32.465+0000] {dagbag.py:545} INFO - Filling up the DagBag from /home/airflow/.local/lib/python3.12/site-packages/airflow/example_dags/tutorial.py
[2025-09-16T15:05:32.476+0000] {processor.py:840} INFO - DAG(s) 'tutorial' retrieved from /home/airflow/.local/lib/python3.12/site-packages/airflow/example_dags/tutorial.py
[2025-09-16T15:05:32.506+0000] {logging_mixin.py:188} INFO - [2025-09-16T15:05:32.506+0000] {dag.py:3096} INFO - Sync 1 DAGs
[2025-09-16T15:05:32.538+0000] {logging_mixin.py:188} INFO - [2025-09-16T15:05:32.537+0000] {dag.py:3954} INFO - Setting next_dagrun for tutorial to 2025-09-15 00:00:00+00:00, run_after=2025-09-16 00:00:00+00:00
[2025-09-16T15:05:32.568+0000] {processor.py:183} INFO - Processing /home/airflow/.local/lib/python3.12/site-packages/airflow/example_dags/tutorial.py took 0.118 seconds
[2025-09-16T15:06:03.218+0000] {processor.py:161} INFO - Started process (PID=605) to work on /home/airflow/.local/lib/python3.12/site-packages/airflow/example_dags/tutorial.py
[2025-09-16T15:06:03.220+0000] {processor.py:830} INFO - Processing file /home/airflow/.local/lib/python3.12/site-packages/airflow/example_dags/tutorial.py for tasks to queue
[2025-09-16T15:06:03.223+0000] {logging_mixin.py:188} INFO - [2025-09-16T15:06:03.223+0000] {dagbag.py:545} INFO - Filling up the DagBag from /home/airflow/.local/lib/python3.12/site-packages/airflow/example_dags/tutorial.py
[2025-09-16T15:06:03.231+0000] {processor.py:840} INFO - DAG(s) 'tutorial' retrieved from /home/airflow/.local/lib/python3.12/site-packages/airflow/example_dags/tutorial.py
[2025-09-16T15:06:03.255+0000] {logging_mixin.py:188} INFO - [2025-09-16T15:06:03.255+0000] {dag.py:3096} INFO - Sync 1 DAGs
[2025-09-16T15:06:03.283+0000] {logging_mixin.py:188} INFO - [2025-09-16T15:06:03.283+0000] {dag.py:3954} INFO - Setting next_dagrun for tutorial to 2025-09-15 00:00:00+00:00, run_after=2025-09-16 00:00:00+00:00
[2025-09-16T15:06:03.308+0000] {processor.py:183} INFO - Processing /home/airflow/.local/lib/python3.12/site-packages/airflow/example_dags/tutorial.py took 0.097 seconds
[2025-09-16T15:06:34.228+0000] {processor.py:161} INFO - Started process (PID=665) to work on /home/airflow/.local/lib/python3.12/site-packages/airflow/example_dags/tutorial.py
[2025-09-16T15:06:34.230+0000] {processor.py:830} INFO - Processing file /home/airflow/.local/lib/python3.12/site-packages/airflow/example_dags/tutorial.py for tasks to queue
[2025-09-16T15:06:34.233+0000] {logging_mixin.py:188} INFO - [2025-09-16T15:06:34.233+0000] {dagbag.py:545} INFO - Filling up the DagBag from /home/airflow/.local/lib/python3.12/site-packages/airflow/example_dags/tutorial.py
[2025-09-16T15:06:34.242+0000] {processor.py:840} INFO - DAG(s) 'tutorial' retrieved from /home/airflow/.local/lib/python3.12/site-packages/airflow/example_dags/tutorial.py
[2025-09-16T15:06:34.272+0000] {logging_mixin.py:188} INFO - [2025-09-16T15:06:34.272+0000] {dag.py:3096} INFO - Sync 1 DAGs
[2025-09-16T15:06:34.314+0000] {logging_mixin.py:188} INFO - [2025-09-16T15:06:34.313+0000] {dag.py:3954} INFO - Setting next_dagrun for tutorial to 2025-09-15 00:00:00+00:00, run_after=2025-09-16 00:00:00+00:00
[2025-09-16T15:06:34.347+0000] {processor.py:183} INFO - Processing /home/airflow/.local/lib/python3.12/site-packages/airflow/example_dags/tutorial.py took 0.128 seconds
[2025-09-16T15:07:05.230+0000] {processor.py:161} INFO - Started process (PID=725) to work on /home/airflow/.local/lib/python3.12/site-packages/airflow/example_dags/tutorial.py
[2025-09-16T15:07:05.231+0000] {processor.py:830} INFO - Processing file /home/airflow/.local/lib/python3.12/site-packages/airflow/example_dags/tutorial.py for tasks to queue
[2025-09-16T15:07:05.233+0000] {logging_mixin.py:188} INFO - [2025-09-16T15:07:05.233+0000] {dagbag.py:545} INFO - Filling up the DagBag from /home/airflow/.local/lib/python3.12/site-packages/airflow/example_dags/tutorial.py
[2025-09-16T15:07:05.241+0000] {processor.py:840} INFO - DAG(s) 'tutorial' retrieved from /home/airflow/.local/lib/python3.12/site-packages/airflow/example_dags/tutorial.py
[2025-09-16T15:07:05.265+0000] {logging_mixin.py:188} INFO - [2025-09-16T15:07:05.264+0000] {dag.py:3096} INFO - Sync 1 DAGs
[2025-09-16T15:07:05.292+0000] {logging_mixin.py:188} INFO - [2025-09-16T15:07:05.291+0000] {dag.py:3954} INFO - Setting next_dagrun for tutorial to 2025-09-15 00:00:00+00:00, run_after=2025-09-16 00:00:00+00:00
[2025-09-16T15:07:05.317+0000] {processor.py:183} INFO - Processing /home/airflow/.local/lib/python3.12/site-packages/airflow/example_dags/tutorial.py took 0.095 seconds
[2025-09-16T15:07:35.876+0000] {processor.py:161} INFO - Started process (PID=785) to work on /home/airflow/.local/lib/python3.12/site-packages/airflow/example_dags/tutorial.py
[2025-09-16T15:07:35.878+0000] {processor.py:830} INFO - Processing file /home/airflow/.local/lib/python3.12/site-packages/airflow/example_dags/tutorial.py for tasks to queue
[2025-09-16T15:07:35.882+0000] {logging_mixin.py:188} INFO - [2025-09-16T15:07:35.881+0000] {dagbag.py:545} INFO - Filling up the DagBag from /home/airflow/.local/lib/python3.12/site-packages/airflow/example_dags/tutorial.py
[2025-09-16T15:07:35.889+0000] {processor.py:840} INFO - DAG(s) 'tutorial' retrieved from /home/airflow/.local/lib/python3.12/site-packages/airflow/example_dags/tutorial.py
[2025-09-16T15:07:35.914+0000] {logging_mixin.py:188} INFO - [2025-09-16T15:07:35.914+0000] {dag.py:3096} INFO - Sync 1 DAGs
[2025-09-16T15:07:35.945+0000] {logging_mixin.py:188} INFO - [2025-09-16T15:07:35.945+0000] {dag.py:3954} INFO - Setting next_dagrun for tutorial to 2025-09-15 00:00:00+00:00, run_after=2025-09-16 00:00:00+00:00
[2025-09-16T15:07:35.975+0000] {processor.py:183} INFO - Processing /home/airflow/.local/lib/python3.12/site-packages/airflow/example_dags/tutorial.py took 0.107 seconds
[2025-09-16T15:08:06.642+0000] {processor.py:161} INFO - Started process (PID=845) to work on /home/airflow/.local/lib/python3.12/site-packages/airflow/example_dags/tutorial.py
[2025-09-16T15:08:06.644+0000] {processor.py:830} INFO - Processing file /home/airflow/.local/lib/python3.12/site-packages/airflow/example_dags/tutorial.py for tasks to queue
[2025-09-16T15:08:06.647+0000] {logging_mixin.py:188} INFO - [2025-09-16T15:08:06.646+0000] {dagbag.py:545} INFO - Filling up the DagBag from /home/airflow/.local/lib/python3.12/site-packages/airflow/example_dags/tutorial.py
[2025-09-16T15:08:06.655+0000] {processor.py:840} INFO - DAG(s) 'tutorial' retrieved from /home/airflow/.local/lib/python3.12/site-packages/airflow/example_dags/tutorial.py
[2025-09-16T15:08:06.680+0000] {logging_mixin.py:188} INFO - [2025-09-16T15:08:06.679+0000] {dag.py:3096} INFO - Sync 1 DAGs
[2025-09-16T15:08:06.706+0000] {logging_mixin.py:188} INFO - [2025-09-16T15:08:06.706+0000] {dag.py:3954} INFO - Setting next_dagrun for tutorial to 2025-09-15 00:00:00+00:00, run_after=2025-09-16 00:00:00+00:00
[2025-09-16T15:08:06.741+0000] {processor.py:183} INFO - Processing /home/airflow/.local/lib/python3.12/site-packages/airflow/example_dags/tutorial.py took 0.107 seconds
[2025-09-16T15:08:37.633+0000] {processor.py:161} INFO - Started process (PID=905) to work on /home/airflow/.local/lib/python3.12/site-packages/airflow/example_dags/tutorial.py
[2025-09-16T15:08:37.635+0000] {processor.py:830} INFO - Processing file /home/airflow/.local/lib/python3.12/site-packages/airflow/example_dags/tutorial.py for tasks to queue
[2025-09-16T15:08:37.637+0000] {logging_mixin.py:188} INFO - [2025-09-16T15:08:37.637+0000] {dagbag.py:545} INFO - Filling up the DagBag from /home/airflow/.local/lib/python3.12/site-packages/airflow/example_dags/tutorial.py
[2025-09-16T15:08:37.644+0000] {processor.py:840} INFO - DAG(s) 'tutorial' retrieved from /home/airflow/.local/lib/python3.12/site-packages/airflow/example_dags/tutorial.py
[2025-09-16T15:08:37.668+0000] {logging_mixin.py:188} INFO - [2025-09-16T15:08:37.667+0000] {dag.py:3096} INFO - Sync 1 DAGs
[2025-09-16T15:08:37.698+0000] {logging_mixin.py:188} INFO - [2025-09-16T15:08:37.698+0000] {dag.py:3954} INFO - Setting next_dagrun for tutorial to 2025-09-15 00:00:00+00:00, run_after=2025-09-16 00:00:00+00:00
[2025-09-16T15:08:37.723+0000] {processor.py:183} INFO - Processing /home/airflow/.local/lib/python3.12/site-packages/airflow/example_dags/tutorial.py took 0.097 seconds
[2025-09-16T15:09:08.297+0000] {processor.py:161} INFO - Started process (PID=965) to work on /home/airflow/.local/lib/python3.12/site-packages/airflow/example_dags/tutorial.py
[2025-09-16T15:09:08.299+0000] {processor.py:830} INFO - Processing file /home/airflow/.local/lib/python3.12/site-packages/airflow/example_dags/tutorial.py for tasks to queue
[2025-09-16T15:09:08.301+0000] {logging_mixin.py:188} INFO - [2025-09-16T15:09:08.301+0000] {dagbag.py:545} INFO - Filling up the DagBag from /home/airflow/.local/lib/python3.12/site-packages/airflow/example_dags/tutorial.py
[2025-09-16T15:09:08.307+0000] {processor.py:840} INFO - DAG(s) 'tutorial' retrieved from /home/airflow/.local/lib/python3.12/site-packages/airflow/example_dags/tutorial.py
[2025-09-16T15:09:08.327+0000] {logging_mixin.py:188} INFO - [2025-09-16T15:09:08.327+0000] {dag.py:3096} INFO - Sync 1 DAGs
[2025-09-16T15:09:08.350+0000] {logging_mixin.py:188} INFO - [2025-09-16T15:09:08.350+0000] {dag.py:3954} INFO - Setting next_dagrun for tutorial to 2025-09-15 00:00:00+00:00, run_after=2025-09-16 00:00:00+00:00
[2025-09-16T15:09:08.372+0000] {processor.py:183} INFO - Processing /home/airflow/.local/lib/python3.12/site-packages/airflow/example_dags/tutorial.py took 0.081 seconds
[2025-09-16T15:09:38.906+0000] {processor.py:161} INFO - Started process (PID=1025) to work on /home/airflow/.local/lib/python3.12/site-packages/airflow/example_dags/tutorial.py
[2025-09-16T15:09:38.908+0000] {processor.py:830} INFO - Processing file /home/airflow/.local/lib/python3.12/site-packages/airflow/example_dags/tutorial.py for tasks to queue
[2025-09-16T15:09:38.911+0000] {logging_mixin.py:188} INFO - [2025-09-16T15:09:38.910+0000] {dagbag.py:545} INFO - Filling up the DagBag from /home/airflow/.local/lib/python3.12/site-packages/airflow/example_dags/tutorial.py
[2025-09-16T15:09:38.920+0000] {processor.py:840} INFO - DAG(s) 'tutorial' retrieved from /home/airflow/.local/lib/python3.12/site-packages/airflow/example_dags/tutorial.py
[2025-09-16T15:09:38.955+0000] {logging_mixin.py:188} INFO - [2025-09-16T15:09:38.955+0000] {dag.py:3096} INFO - Sync 1 DAGs
[2025-09-16T15:09:38.988+0000] {logging_mixin.py:188} INFO - [2025-09-16T15:09:38.987+0000] {dag.py:3954} INFO - Setting next_dagrun for tutorial to 2025-09-15 00:00:00+00:00, run_after=2025-09-16 00:00:00+00:00
[2025-09-16T15:09:39.016+0000] {processor.py:183} INFO - Processing /home/airflow/.local/lib/python3.12/site-packages/airflow/example_dags/tutorial.py took 0.119 seconds
[2025-09-16T15:10:09.291+0000] {processor.py:161} INFO - Started process (PID=1085) to work on /home/airflow/.local/lib/python3.12/site-packages/airflow/example_dags/tutorial.py
[2025-09-16T15:10:09.293+0000] {processor.py:830} INFO - Processing file /home/airflow/.local/lib/python3.12/site-packages/airflow/example_dags/tutorial.py for tasks to queue
[2025-09-16T15:10:09.296+0000] {logging_mixin.py:188} INFO - [2025-09-16T15:10:09.295+0000] {dagbag.py:545} INFO - Filling up the DagBag from /home/airflow/.local/lib/python3.12/site-packages/airflow/example_dags/tutorial.py
[2025-09-16T15:10:09.303+0000] {processor.py:840} INFO - DAG(s) 'tutorial' retrieved from /home/airflow/.local/lib/python3.12/site-packages/airflow/example_dags/tutorial.py
[2025-09-16T15:10:09.328+0000] {logging_mixin.py:188} INFO - [2025-09-16T15:10:09.327+0000] {dag.py:3096} INFO - Sync 1 DAGs
[2025-09-16T15:10:09.357+0000] {logging_mixin.py:188} INFO - [2025-09-16T15:10:09.357+0000] {dag.py:3954} INFO - Setting next_dagrun for tutorial to 2025-09-15 00:00:00+00:00, run_after=2025-09-16 00:00:00+00:00
[2025-09-16T15:10:09.413+0000] {processor.py:183} INFO - Processing /home/airflow/.local/lib/python3.12/site-packages/airflow/example_dags/tutorial.py took 0.130 seconds
[2025-09-16T15:10:39.900+0000] {processor.py:161} INFO - Started process (PID=1145) to work on /home/airflow/.local/lib/python3.12/site-packages/airflow/example_dags/tutorial.py
[2025-09-16T15:10:39.902+0000] {processor.py:830} INFO - Processing file /home/airflow/.local/lib/python3.12/site-packages/airflow/example_dags/tutorial.py for tasks to queue
[2025-09-16T15:10:39.905+0000] {logging_mixin.py:188} INFO - [2025-09-16T15:10:39.904+0000] {dagbag.py:545} INFO - Filling up the DagBag from /home/airflow/.local/lib/python3.12/site-packages/airflow/example_dags/tutorial.py
[2025-09-16T15:10:39.913+0000] {processor.py:840} INFO - DAG(s) 'tutorial' retrieved from /home/airflow/.local/lib/python3.12/site-packages/airflow/example_dags/tutorial.py
[2025-09-16T15:10:39.942+0000] {logging_mixin.py:188} INFO - [2025-09-16T15:10:39.942+0000] {dag.py:3096} INFO - Sync 1 DAGs
[2025-09-16T15:10:39.980+0000] {logging_mixin.py:188} INFO - [2025-09-16T15:10:39.980+0000] {dag.py:3954} INFO - Setting next_dagrun for tutorial to 2025-09-15 00:00:00+00:00, run_after=2025-09-16 00:00:00+00:00
[2025-09-16T15:10:40.034+0000] {processor.py:183} INFO - Processing /home/airflow/.local/lib/python3.12/site-packages/airflow/example_dags/tutorial.py took 0.144 seconds
[2025-09-16T15:11:10.428+0000] {processor.py:161} INFO - Started process (PID=1205) to work on /home/airflow/.local/lib/python3.12/site-packages/airflow/example_dags/tutorial.py
[2025-09-16T15:11:10.430+0000] {processor.py:830} INFO - Processing file /home/airflow/.local/lib/python3.12/site-packages/airflow/example_dags/tutorial.py for tasks to queue
[2025-09-16T15:11:10.432+0000] {logging_mixin.py:188} INFO - [2025-09-16T15:11:10.432+0000] {dagbag.py:545} INFO - Filling up the DagBag from /home/airflow/.local/lib/python3.12/site-packages/airflow/example_dags/tutorial.py
[2025-09-16T15:11:10.441+0000] {processor.py:840} INFO - DAG(s) 'tutorial' retrieved from /home/airflow/.local/lib/python3.12/site-packages/airflow/example_dags/tutorial.py
[2025-09-16T15:11:10.468+0000] {logging_mixin.py:188} INFO - [2025-09-16T15:11:10.468+0000] {dag.py:3096} INFO - Sync 1 DAGs
[2025-09-16T15:11:10.497+0000] {logging_mixin.py:188} INFO - [2025-09-16T15:11:10.497+0000] {dag.py:3954} INFO - Setting next_dagrun for tutorial to 2025-09-15 00:00:00+00:00, run_after=2025-09-16 00:00:00+00:00
[2025-09-16T15:11:10.524+0000] {processor.py:183} INFO - Processing /home/airflow/.local/lib/python3.12/site-packages/airflow/example_dags/tutorial.py took 0.106 seconds
[2025-09-16T15:11:41.071+0000] {processor.py:161} INFO - Started process (PID=1265) to work on /home/airflow/.local/lib/python3.12/site-packages/airflow/example_dags/tutorial.py
[2025-09-16T15:11:41.072+0000] {processor.py:830} INFO - Processing file /home/airflow/.local/lib/python3.12/site-packages/airflow/example_dags/tutorial.py for tasks to queue
[2025-09-16T15:11:41.075+0000] {logging_mixin.py:188} INFO - [2025-09-16T15:11:41.074+0000] {dagbag.py:545} INFO - Filling up the DagBag from /home/airflow/.local/lib/python3.12/site-packages/airflow/example_dags/tutorial.py
[2025-09-16T15:11:41.084+0000] {processor.py:840} INFO - DAG(s) 'tutorial' retrieved from /home/airflow/.local/lib/python3.12/site-packages/airflow/example_dags/tutorial.py
[2025-09-16T15:11:41.111+0000] {logging_mixin.py:188} INFO - [2025-09-16T15:11:41.111+0000] {dag.py:3096} INFO - Sync 1 DAGs
[2025-09-16T15:11:41.143+0000] {logging_mixin.py:188} INFO - [2025-09-16T15:11:41.143+0000] {dag.py:3954} INFO - Setting next_dagrun for tutorial to 2025-09-15 00:00:00+00:00, run_after=2025-09-16 00:00:00+00:00
[2025-09-16T15:11:41.186+0000] {processor.py:183} INFO - Processing /home/airflow/.local/lib/python3.12/site-packages/airflow/example_dags/tutorial.py took 0.123 seconds
[2025-09-16T15:12:11.653+0000] {processor.py:161} INFO - Started process (PID=1325) to work on /home/airflow/.local/lib/python3.12/site-packages/airflow/example_dags/tutorial.py
[2025-09-16T15:12:11.654+0000] {processor.py:830} INFO - Processing file /home/airflow/.local/lib/python3.12/site-packages/airflow/example_dags/tutorial.py for tasks to queue
[2025-09-16T15:12:11.657+0000] {logging_mixin.py:188} INFO - [2025-09-16T15:12:11.657+0000] {dagbag.py:545} INFO - Filling up the DagBag from /home/airflow/.local/lib/python3.12/site-packages/airflow/example_dags/tutorial.py
[2025-09-16T15:12:11.666+0000] {processor.py:840} INFO - DAG(s) 'tutorial' retrieved from /home/airflow/.local/lib/python3.12/site-packages/airflow/example_dags/tutorial.py
[2025-09-16T15:12:11.696+0000] {logging_mixin.py:188} INFO - [2025-09-16T15:12:11.695+0000] {dag.py:3096} INFO - Sync 1 DAGs
[2025-09-16T15:12:11.728+0000] {logging_mixin.py:188} INFO - [2025-09-16T15:12:11.728+0000] {dag.py:3954} INFO - Setting next_dagrun for tutorial to 2025-09-15 00:00:00+00:00, run_after=2025-09-16 00:00:00+00:00
[2025-09-16T15:12:11.763+0000] {processor.py:183} INFO - Processing /home/airflow/.local/lib/python3.12/site-packages/airflow/example_dags/tutorial.py took 0.119 seconds
[2025-09-16T15:12:42.716+0000] {processor.py:161} INFO - Started process (PID=1385) to work on /home/airflow/.local/lib/python3.12/site-packages/airflow/example_dags/tutorial.py
[2025-09-16T15:12:42.717+0000] {processor.py:830} INFO - Processing file /home/airflow/.local/lib/python3.12/site-packages/airflow/example_dags/tutorial.py for tasks to queue
[2025-09-16T15:12:42.720+0000] {logging_mixin.py:188} INFO - [2025-09-16T15:12:42.720+0000] {dagbag.py:545} INFO - Filling up the DagBag from /home/airflow/.local/lib/python3.12/site-packages/airflow/example_dags/tutorial.py
[2025-09-16T15:12:42.728+0000] {processor.py:840} INFO - DAG(s) 'tutorial' retrieved from /home/airflow/.local/lib/python3.12/site-packages/airflow/example_dags/tutorial.py
[2025-09-16T15:12:42.762+0000] {logging_mixin.py:188} INFO - [2025-09-16T15:12:42.761+0000] {dag.py:3096} INFO - Sync 1 DAGs
[2025-09-16T15:12:42.796+0000] {logging_mixin.py:188} INFO - [2025-09-16T15:12:42.796+0000] {dag.py:3954} INFO - Setting next_dagrun for tutorial to 2025-09-15 00:00:00+00:00, run_after=2025-09-16 00:00:00+00:00
[2025-09-16T15:12:42.825+0000] {processor.py:183} INFO - Processing /home/airflow/.local/lib/python3.12/site-packages/airflow/example_dags/tutorial.py took 0.117 seconds
[2025-09-16T15:13:13.600+0000] {processor.py:161} INFO - Started process (PID=1445) to work on /home/airflow/.local/lib/python3.12/site-packages/airflow/example_dags/tutorial.py
[2025-09-16T15:13:13.601+0000] {processor.py:830} INFO - Processing file /home/airflow/.local/lib/python3.12/site-packages/airflow/example_dags/tutorial.py for tasks to queue
[2025-09-16T15:13:13.604+0000] {logging_mixin.py:188} INFO - [2025-09-16T15:13:13.604+0000] {dagbag.py:545} INFO - Filling up the DagBag from /home/airflow/.local/lib/python3.12/site-packages/airflow/example_dags/tutorial.py
[2025-09-16T15:13:13.612+0000] {processor.py:840} INFO - DAG(s) 'tutorial' retrieved from /home/airflow/.local/lib/python3.12/site-packages/airflow/example_dags/tutorial.py
[2025-09-16T15:13:13.639+0000] {logging_mixin.py:188} INFO - [2025-09-16T15:13:13.639+0000] {dag.py:3096} INFO - Sync 1 DAGs
[2025-09-16T15:13:13.669+0000] {logging_mixin.py:188} INFO - [2025-09-16T15:13:13.669+0000] {dag.py:3954} INFO - Setting next_dagrun for tutorial to 2025-09-15 00:00:00+00:00, run_after=2025-09-16 00:00:00+00:00
[2025-09-16T15:13:13.697+0000] {processor.py:183} INFO - Processing /home/airflow/.local/lib/python3.12/site-packages/airflow/example_dags/tutorial.py took 0.107 seconds
[2025-09-16T15:13:44.737+0000] {processor.py:161} INFO - Started process (PID=1505) to work on /home/airflow/.local/lib/python3.12/site-packages/airflow/example_dags/tutorial.py
[2025-09-16T15:13:44.738+0000] {processor.py:830} INFO - Processing file /home/airflow/.local/lib/python3.12/site-packages/airflow/example_dags/tutorial.py for tasks to queue
[2025-09-16T15:13:44.741+0000] {logging_mixin.py:188} INFO - [2025-09-16T15:13:44.741+0000] {dagbag.py:545} INFO - Filling up the DagBag from /home/airflow/.local/lib/python3.12/site-packages/airflow/example_dags/tutorial.py
[2025-09-16T15:13:44.749+0000] {processor.py:840} INFO - DAG(s) 'tutorial' retrieved from /home/airflow/.local/lib/python3.12/site-packages/airflow/example_dags/tutorial.py
[2025-09-16T15:13:44.774+0000] {logging_mixin.py:188} INFO - [2025-09-16T15:13:44.774+0000] {dag.py:3096} INFO - Sync 1 DAGs
[2025-09-16T15:13:44.804+0000] {logging_mixin.py:188} INFO - [2025-09-16T15:13:44.804+0000] {dag.py:3954} INFO - Setting next_dagrun for tutorial to 2025-09-15 00:00:00+00:00, run_after=2025-09-16 00:00:00+00:00
[2025-09-16T15:13:44.843+0000] {processor.py:183} INFO - Processing /home/airflow/.local/lib/python3.12/site-packages/airflow/example_dags/tutorial.py took 0.114 seconds
